Summary of calculations
Site name (A,B,C)... Cs Cd,Ge,Zn I
Base cif file name... ../0.cif
Save file name... Cs_CdGeZn_I.pkl
Fin; combination with repetition...time: 0.0017287731170654297
Start for  14_1_1 [1/105]
Fin;generate all combinations 240 ...time: 0.0006232261657714844
Fin; energy prediction...time: 0.20599055290222168
Egy stat [11.813108, 12.213436, 11.98033, 0.10912299]
Start for  13_2_1 [2/105]
Fin;generate all combinations 1680 ...time: 0.0035147666931152344
Fin; energy prediction...time: 0.3701636791229248
Egy stat [9.919937, 11.20594, 10.398916, 0.21806851]
Start for  13_1_2 [3/105]
Fin;generate all combinations 1680 ...time: 0.003930807113647461
Fin; energy prediction...time: 0.4310152530670166
Egy stat [16.198515, 17.006203, 16.52779, 0.16016579]
Start for  12_3_1 [4/105]
Fin;generate all combinations 7280 ...time: 0.012171030044555664
Fin; energy prediction...time: 1.2230198383331299
Egy stat [8.284945, 9.756355, 8.945118, 0.26044846]
Start for  12_2_2 [5/105]
Fin;generate all combinations 10920 ...time: 0.01732778549194336
Fin; energy prediction...time: 1.5500235557556152
Egy stat [14.180571, 16.023537, 14.921577, 0.2594486]
Start for  12_1_3 [6/105]
Fin;generate all combinations 7280 ...time: 0.05530357360839844
Fin; energy prediction...time: 1.172057867050171
Egy stat [20.498743, 21.738152, 21.019075, 0.19602703]
Start for  11_4_1 [7/105]
Fin;generate all combinations 21840 ...time: 0.10634446144104004
Fin; energy prediction...time: 3.0666561126708984
Egy stat [6.7211742, 8.931351, 7.5572257, 0.2884351]
Start for  11_3_2 [8/105]
Fin;generate all combinations 43680 ...time: 0.11737346649169922
Fin; energy prediction...time: 5.704300403594971
Egy stat [12.542494, 14.517231, 13.442418, 0.29653436]
Start for  11_2_3 [9/105]
Fin;generate all combinations 43680 ...time: 0.1491703987121582
Fin; energy prediction...time: 5.707462787628174
Egy stat [18.496025, 20.859797, 19.389246, 0.29223698]
Start for  11_1_4 [10/105]
Fin;generate all combinations 21840 ...time: 0.04063820838928223
Fin; energy prediction...time: 2.9163384437561035
Egy stat [24.908745, 26.477032, 25.464363, 0.2217652]
Start for  10_5_1 [11/105]
Fin;generate all combinations 48048 ...time: 0.1775660514831543
Fin; energy prediction...time: 6.176321744918823
Egy stat [5.191882, 7.651453, 6.179568, 0.33461684]
Start for  10_4_2 [12/105]
Fin;generate all combinations 120120 ...time: 0.48920536041259766
Fin; energy prediction...time: 15.103943347930908
Egy stat [10.869005, 13.672972, 12.029161, 0.31195176]
Start for  10_3_3 [13/105]
Fin;generate all combinations 160160 ...time: 0.40358400344848633
Fin; energy prediction...time: 20.04049587249756
Egy stat [16.712914, 19.393705, 17.884935, 0.32665503]
Start for  10_2_4 [14/105]
Fin;generate all combinations 120120 ...time: 0.6221339702606201
Fin; energy prediction...time: 15.110596656799316
Egy stat [22.718636, 25.642403, 23.81165, 0.31865835]
Start for  10_1_5 [15/105]
Fin;generate all combinations 48048 ...time: 0.09634876251220703
Fin; energy prediction...time: 6.234550714492798
Egy stat [29.188084, 31.097973, 29.874105, 0.24106047]
Start for  9_6_1 [16/105]
Fin;generate all combinations 80080 ...time: 0.24993634223937988
Fin; energy prediction...time: 10.156698226928711
Egy stat [3.5936232, 6.827093, 4.762861, 0.4010684]
Start for  9_5_2 [17/105]
Fin;generate all combinations 240240 ...time: 0.7856247425079346
Fin; energy prediction...time: 29.960877895355225
Egy stat [9.190336, 12.301582, 10.626573, 0.34049168]
Start for  9_4_3 [18/105]
Fin;generate all combinations 400400 ...time: 1.208177089691162
Fin; energy prediction...time: 49.6262469291687
Egy stat [14.9143505, 18.457859, 16.445618, 0.33302984]
Start for  9_3_4 [19/105]
Fin;generate all combinations 400400 ...time: 1.8482029438018799
Fin; energy prediction...time: 50.16765093803406
Egy stat [20.746002, 24.287525, 22.282007, 0.35263133]
Start for  9_2_5 [20/105]
Fin;generate all combinations 240240 ...time: 0.40547990798950195
Fin; energy prediction...time: 29.915552377700806
Egy stat [26.901833, 30.279736, 28.198736, 0.34108207]
Start for  9_1_6 [21/105]
Fin;generate all combinations 80080 ...time: 0.5039932727813721
Fin; energy prediction...time: 10.340948343276978
Egy stat [33.297512, 35.628326, 34.25892, 0.25654295]
Start for  8_7_1 [22/105]
Fin;generate all combinations 102960 ...time: 0.4438903331756592
Fin; energy prediction...time: 12.993954420089722
Egy stat [2.0417128, 6.1292763, 3.264399, 0.47056964]
Start for  8_6_2 [23/105]
Fin;generate all combinations 360360 ...time: 1.364973545074463
Fin; energy prediction...time: 45.02390766143799
Egy stat [7.5751457, 11.504801, 9.185716, 0.39216125]
Start for  8_5_3 [24/105]
Fin;generate all combinations 720720 ...time: 1.9817471504211426
Fin; energy prediction...time: 89.22664546966553
Egy stat [13.237741, 16.966524, 15.01659, 0.346445]
Start for  8_4_4 [25/105]
Fin;generate all combinations 900900 ...time: 2.432126045227051
Fin; energy prediction...time: 111.02941823005676
Egy stat [18.76258, 23.446518, 20.815601, 0.35270965]
Start for  8_3_5 [26/105]
Fin;generate all combinations 720720 ...time: 2.5350935459136963
Fin; energy prediction...time: 94.09825873374939
Egy stat [24.946327, 28.622303, 26.643179, 0.3764153]
Start for  8_2_6 [27/105]
Fin;generate all combinations 360360 ...time: 1.764249563217163
Fin; energy prediction...time: 46.02505159378052
Egy stat [31.153515, 34.833992, 32.560623, 0.361242]
Start for  8_1_7 [28/105]
Fin;generate all combinations 102960 ...time: 0.22478294372558594
Fin; energy prediction...time: 13.852540731430054
Egy stat [37.567085, 40.062542, 38.629482, 0.26957807]
Start for  7_8_1 [29/105]
Fin;generate all combinations 102960 ...time: 0.18465518951416016
Fin; energy prediction...time: 13.654226303100586
Egy stat [0.40761948, 5.102193, 1.6481199, 0.5250972]
Start for  7_7_2 [30/105]
Fin;generate all combinations 411840 ...time: 1.390958309173584
Fin; energy prediction...time: 50.81368112564087
Egy stat [6.060131, 10.379524, 7.664124, 0.45342487]
Start for  7_6_3 [31/105]
Fin;generate all combinations 960960 ...time: 3.2970163822174072
Fin; energy prediction...time: 117.84541964530945
Egy stat [11.779442, 15.780285, 13.549351, 0.38319466]
Start for  7_5_4 [32/105]
Fin;generate all combinations 1441440 ...time: 5.730498552322388
Fin; energy prediction...time: 180.77902626991272
Egy stat [17.57173, 21.256887, 19.358366, 0.35306028]
Start for  7_4_5 [33/105]
Fin;generate all combinations 1441440 ...time: 5.858240842819214
Fin; energy prediction...time: 178.6976683139801
Egy stat [23.03003, 27.573849, 25.148352, 0.37238523]
Start for  7_3_6 [34/105]
Fin;generate all combinations 960960 ...time: 4.241992950439453
Fin; energy prediction...time: 119.77404499053955
Egy stat [29.21146, 32.834328, 30.978146, 0.39931735]
Start for  7_2_7 [35/105]
Fin;generate all combinations 411840 ...time: 2.860487222671509
Fin; energy prediction...time: 52.86339592933655
Egy stat [35.46841, 38.922676, 36.90747, 0.379895]
Start for  7_1_8 [36/105]
Fin;generate all combinations 102960 ...time: 0.25541043281555176
Fin; energy prediction...time: 13.740487813949585
Egy stat [41.922184, 44.12719, 42.9965, 0.28013778]
Start for  6_9_1 [37/105]
Fin;generate all combinations 80080 ...time: 0.15947651863098145
Fin; energy prediction...time: 10.60126543045044
Egy stat [-1.376751, 2.5470915, -0.115409955, 0.5522422]
Start for  6_8_2 [38/105]
Fin;generate all combinations 360360 ...time: 1.3047654628753662
Fin; energy prediction...time: 45.34690451622009
Egy stat [4.5904694, 9.360994, 6.0258803, 0.50542295]
Start for  6_7_3 [39/105]
Fin;generate all combinations 960960 ...time: 4.13523006439209
Fin; energy prediction...time: 118.76504588127136
Egy stat [10.409031, 14.629143, 12.001779, 0.43464595]
Start for  6_6_4 [40/105]
Fin;generate all combinations 1681680 ...time: 8.066128730773926
Fin; energy prediction...time: 206.7306740283966
Egy stat [16.024244, 20.06758, 17.862322, 0.3744181]
Start for  6_5_5 [41/105]
Fin;generate all combinations 2018016 ...time: 7.048501014709473
Fin; energy prediction...time: 257.724648475647
Egy stat [21.819862, 25.577316, 23.6609, 0.36139306]
Start for  6_4_6 [42/105]
Fin;generate all combinations 1681680 ...time: 7.533411979675293
Fin; energy prediction...time: 214.06134462356567
Egy stat [27.225418, 31.90755, 29.453278, 0.39290333]
Start for  6_3_7 [43/105]
Fin;generate all combinations 960960 ...time: 4.870887041091919
Fin; energy prediction...time: 120.5884096622467
Egy stat [33.493793, 37.179413, 35.29672, 0.42171815]
Start for  6_2_8 [44/105]
Fin;generate all combinations 360360 ...time: 0.7448015213012695
Fin; energy prediction...time: 45.129802227020264
Egy stat [39.861504, 43.305283, 41.24951, 0.39677018]
Start for  6_1_9 [45/105]
Fin;generate all combinations 80080 ...time: 0.7923264503479004
Fin; energy prediction...time: 11.024984359741211
Egy stat [46.43553, 48.46525, 47.37061, 0.28690007]
Start for  5_10_1 [46/105]
Fin;generate all combinations 48048 ...time: 0.10952520370483398
Fin; energy prediction...time: 6.704670429229736
Egy stat [-3.2521882, -0.010085106, -2.049038, 0.54536325]
Start for  5_9_2 [47/105]
Fin;generate all combinations 240240 ...time: 0.9742434024810791
Fin; energy prediction...time: 30.239325284957886
Egy stat [2.7630901, 6.87455, 4.241601, 0.53406656]
Start for  5_8_3 [48/105]
Fin;generate all combinations 720720 ...time: 2.8874921798706055
Fin; energy prediction...time: 89.80585384368896
Egy stat [8.873739, 13.301668, 10.338169, 0.48211384]
Start for  5_7_4 [49/105]
Fin;generate all combinations 1441440 ...time: 4.999373435974121
Fin; energy prediction...time: 183.3790135383606
Egy stat [14.634481, 18.701017, 16.285736, 0.4137017]
Start for  5_6_5 [50/105]
Fin;generate all combinations 2018016 ...time: 9.331030130386353
Fin; energy prediction...time: 247.84686088562012
Egy stat [20.175566, 24.252987, 22.13342, 0.3666361]
Start for  5_5_6 [51/105]
Fin;generate all combinations 2018016 ...time: 13.769828796386719
Fin; energy prediction...time: 253.4904625415802
Egy stat [26.217484, 29.818913, 27.93338, 0.37203488]
Start for  5_4_7 [52/105]
Fin;generate all combinations 1441440 ...time: 6.029006719589233
Fin; energy prediction...time: 182.62597370147705
Egy stat [31.570877, 36.20299, 33.7399, 0.41422033]
Start for  5_3_8 [53/105]
Fin;generate all combinations 720720 ...time: 1.3563640117645264
Fin; energy prediction...time: 91.56375193595886
Egy stat [37.881275, 41.605305, 39.608765, 0.44310343]
Start for  5_2_9 [54/105]
Fin;generate all combinations 240240 ...time: 0.5281863212585449
Fin; energy prediction...time: 30.404895782470703
Egy stat [44.357536, 47.578804, 45.596966, 0.41074842]
Start for  5_1_10 [55/105]
Fin;generate all combinations 48048 ...time: 0.1406409740447998
Fin; energy prediction...time: 6.908607482910156
Egy stat [50.97187, 52.926323, 51.762424, 0.28751725]
Start for  4_11_1 [56/105]
Fin;generate all combinations 21840 ...time: 0.05616426467895508
Fin; energy prediction...time: 3.5605757236480713
Egy stat [-5.2192235, -2.6914983, -4.1690574, 0.50268805]
Start for  4_10_2 [57/105]
Fin;generate all combinations 120120 ...time: 0.37375426292419434
Fin; energy prediction...time: 15.630367994308472
Egy stat [0.86889935, 4.352545, 2.28841, 0.5313603]
Start for  4_9_3 [58/105]
Fin;generate all combinations 400400 ...time: 1.4234697818756104
Fin; energy prediction...time: 49.37581729888916
Egy stat [7.022938, 10.82678, 8.529285, 0.50999415]
Start for  4_8_4 [59/105]
Fin;generate all combinations 900900 ...time: 4.019681453704834
Fin; energy prediction...time: 112.11206650733948
Egy stat [13.000504, 17.277046, 14.593235, 0.45357734]
Start for  4_7_5 [60/105]
Fin;generate all combinations 1441440 ...time: 8.732282876968384
Fin; energy prediction...time: 176.5812544822693
Egy stat [18.89943, 22.71725, 20.52468, 0.3905511]
Start for  4_6_6 [61/105]
Fin;generate all combinations 1681680 ...time: 5.71001935005188
Fin; energy prediction...time: 211.86686944961548
Egy stat [24.468464, 28.662422, 26.371706, 0.36037543]
Start for  4_5_7 [62/105]
Fin;generate all combinations 1441440 ...time: 10.2276291847229
Fin; energy prediction...time: 178.00142431259155
Egy stat [30.522465, 34.13011, 32.185135, 0.38468933]
Start for  4_4_8 [63/105]
Fin;generate all combinations 900900 ...time: 4.0840229988098145
Fin; energy prediction...time: 116.30161643028259
Egy stat [35.83782, 40.69557, 38.01782, 0.4354731]
Start for  4_3_9 [64/105]
Fin;generate all combinations 400400 ...time: 2.2542881965637207
Fin; energy prediction...time: 50.80330204963684
Egy stat [42.406002, 45.77695, 43.924202, 0.46231776]
Start for  4_2_10 [65/105]
Fin;generate all combinations 120120 ...time: 0.2873106002807617
Fin; energy prediction...time: 15.572454690933228
Egy stat [48.884777, 52.13649, 49.96005, 0.42019156]
Start for  4_1_11 [66/105]
Fin;generate all combinations 21840 ...time: 0.0654146671295166
Fin; energy prediction...time: 3.5493855476379395
Egy stat [55.56485, 57.24591, 56.182476, 0.27889806]
Start for  3_12_1 [67/105]
Fin;generate all combinations 7280 ...time: 0.020579814910888672
Fin; energy prediction...time: 1.700989007949829
Egy stat [-7.577884, -5.3781757, -6.4852047, 0.4264547]
Start for  3_11_2 [68/105]
Fin;generate all combinations 43680 ...time: 0.08300924301147461
Fin; energy prediction...time: 6.271747350692749
Egy stat [-0.97873783, 1.7353563, 0.14992331, 0.49450046]
Start for  3_10_3 [69/105]
Fin;generate all combinations 160160 ...time: 0.6454403400421143
Fin; energy prediction...time: 20.98100185394287
Egy stat [5.1556005, 8.336695, 6.552296, 0.5088383]
Start for  3_9_4 [70/105]
Fin;generate all combinations 400400 ...time: 1.6564314365386963
Fin; energy prediction...time: 49.30329775810242
Egy stat [11.1425705, 14.797815, 12.755784, 0.4771782]
Start for  3_8_5 [71/105]
Fin;generate all combinations 720720 ...time: 3.2464115619659424
Fin; energy prediction...time: 90.40033102035522
Egy stat [17.29502, 21.041962, 18.799675, 0.41844255]
Start for  3_7_6 [72/105]
Fin;generate all combinations 960960 ...time: 4.3510425090789795
Fin; energy prediction...time: 118.13386392593384
Egy stat [23.245354, 26.516788, 24.727566, 0.3648761]
Start for  3_6_7 [73/105]
Fin;generate all combinations 960960 ...time: 5.095384359359741
Fin; energy prediction...time: 120.37849450111389
Egy stat [28.666088, 32.534065, 30.586397, 0.35538074]
Start for  3_5_8 [74/105]
Fin;generate all combinations 720720 ...time: 3.0300798416137695
Fin; energy prediction...time: 91.49386262893677
Egy stat [34.719692, 38.643276, 36.42563, 0.39821285]
Start for  3_4_9 [75/105]
Fin;generate all combinations 400400 ...time: 2.421457290649414
Fin; energy prediction...time: 50.18112230300903
Egy stat [40.378765, 44.621048, 42.296753, 0.4552982]
Start for  3_3_10 [76/105]
Fin;generate all combinations 160160 ...time: 0.36243629455566406
Fin; energy prediction...time: 21.756171703338623
Egy stat [46.887554, 50.102463, 48.252953, 0.47794223]
Start for  3_2_11 [77/105]
Fin;generate all combinations 43680 ...time: 0.10886168479919434
Fin; energy prediction...time: 6.56325888633728
Egy stat [53.42482, 56.140892, 54.348957, 0.42335498]
Start for  3_1_12 [78/105]
Fin;generate all combinations 7280 ...time: 0.02378559112548828
Fin; energy prediction...time: 1.7290096282958984
Egy stat [60.115196, 61.640793, 60.641247, 0.2573449]
Start for  2_13_1 [79/105]
Fin;generate all combinations 1680 ...time: 0.0069844722747802734
Fin; energy prediction...time: 0.9663686752319336
Egy stat [-9.842196, -8.434076, -9.000609, 0.3219565]
Start for  2_12_2 [80/105]
Fin;generate all combinations 10920 ...time: 0.02286219596862793
Fin; energy prediction...time: 2.1597819328308105
Egy stat [-3.3141208, -0.9218559, -2.1837313, 0.42489552]
Start for  2_11_3 [81/105]
Fin;generate all combinations 43680 ...time: 0.08969640731811523
Fin; energy prediction...time: 6.20703649520874
Egy stat [3.2646952, 5.742237, 4.3907986, 0.4746421]
Start for  2_10_4 [82/105]
Fin;generate all combinations 120120 ...time: 0.4266829490661621
Fin; energy prediction...time: 15.832364797592163
Egy stat [9.3237, 12.353987, 10.750673, 0.47337708]
Start for  2_9_5 [83/105]
Fin;generate all combinations 240240 ...time: 1.0332920551300049
Fin; energy prediction...time: 30.964956760406494
Egy stat [15.461708, 18.566364, 16.929634, 0.4325666]
Start for  2_8_6 [84/105]
Fin;generate all combinations 360360 ...time: 1.696845531463623
Fin; energy prediction...time: 44.95256590843201
Egy stat [21.43885, 24.843163, 22.966383, 0.37449315]
Start for  2_7_7 [85/105]
Fin;generate all combinations 411840 ...time: 1.9737892150878906
Fin; energy prediction...time: 50.89227557182312
Egy stat [27.514137, 30.392792, 28.903545, 0.33547944]
Start for  2_6_8 [86/105]
Fin;generate all combinations 360360 ...time: 1.5210673809051514
Fin; energy prediction...time: 45.92186975479126
Egy stat [33.165997, 36.6161, 34.786835, 0.35049757]
Start for  2_5_9 [87/105]
Fin;generate all combinations 240240 ...time: 0.47142791748046875
Fin; energy prediction...time: 30.62261986732483
Egy stat [39.18435, 42.558044, 40.664417, 0.41098678]
Start for  2_4_10 [88/105]
Fin;generate all combinations 120120 ...time: 0.24445199966430664
Fin; energy prediction...time: 15.85355257987976
Egy stat [44.81018, 48.813046, 46.586487, 0.47226998]
Start for  2_3_11 [89/105]
Fin;generate all combinations 43680 ...time: 0.10095500946044922
Fin; energy prediction...time: 6.391480922698975
Egy stat [51.427685, 54.097145, 52.60504, 0.48874056]
Start for  2_2_12 [90/105]
Fin;generate all combinations 10920 ...time: 0.028640031814575195
Fin; energy prediction...time: 2.234055757522583
Egy stat [57.87594, 60.519844, 58.77395, 0.41890207]
Start for  2_1_13 [91/105]
Fin;generate all combinations 1680 ...time: 0.005450725555419922
Fin; energy prediction...time: 0.9714400768280029
Egy stat [64.77396, 65.70202, 65.14917, 0.21829945]
Start for  1_14_1 [92/105]
Fin;generate all combinations 240 ...time: 0.001405477523803711
Fin; energy prediction...time: 0.7739126682281494
Egy stat [-12.327108, -11.502793, -11.711699, 0.19529648]
Start for  1_13_2 [93/105]
Fin;generate all combinations 1680 ...time: 0.003722667694091797
Fin; energy prediction...time: 0.9535069465637207
Egy stat [-5.548862, -4.0183573, -4.7158413, 0.32728052]
Start for  1_12_3 [94/105]
Fin;generate all combinations 7280 ...time: 0.017429113388061523
Fin; energy prediction...time: 1.6948635578155518
Egy stat [1.0001755, 3.1483593, 2.0348504, 0.40770754]
Start for  1_11_4 [95/105]
Fin;generate all combinations 21840 ...time: 0.10100030899047852
Fin; energy prediction...time: 3.5802552700042725
Egy stat [7.3904915, 9.778954, 8.5615425, 0.43648046]
Start for  1_10_5 [96/105]
Fin;generate all combinations 48048 ...time: 0.16994500160217285
Fin; energy prediction...time: 6.959633827209473
Egy stat [13.67041, 16.0763, 14.892029, 0.41958913]
Start for  1_9_6 [97/105]
Fin;generate all combinations 80080 ...time: 0.43845677375793457
Fin; energy prediction...time: 10.526130199432373
Egy stat [19.899124, 22.343925, 21.059694, 0.37092808]
Start for  1_8_7 [98/105]
Fin;generate all combinations 102960 ...time: 0.5005760192871094
Fin; energy prediction...time: 13.634471893310547
Egy stat [25.974224, 28.475822, 27.102472, 0.3170768]
Start for  1_7_8 [99/105]
Fin;generate all combinations 102960 ...time: 0.41979217529296875
Fin; energy prediction...time: 13.628583669662476
Egy stat [32.021423, 34.4126, 33.06193, 0.29972035]
Start for  1_6_9 [100/105]
Fin;generate all combinations 80080 ...time: 0.3469984531402588
Fin; energy prediction...time: 10.73607063293457
Egy stat [37.62984, 40.57129, 38.98255, 0.34393674]
Start for  1_5_10 [101/105]
Fin;generate all combinations 48048 ...time: 0.25206685066223145
Fin; energy prediction...time: 6.77006196975708
Egy stat [43.61062, 46.726387, 44.911213, 0.4214595]
Start for  1_4_11 [102/105]
Fin;generate all combinations 21840 ...time: 0.0500943660736084
Fin; energy prediction...time: 3.594147205352783
Egy stat [49.338825, 52.8406, 50.89687, 0.4854034]
Start for  1_3_12 [103/105]
Fin;generate all combinations 7280 ...time: 0.018117904663085938
Fin; energy prediction...time: 1.7169280052185059
Egy stat [55.833412, 58.453728, 56.990513, 0.49420038]
Start for  1_2_13 [104/105]
Fin;generate all combinations 1680 ...time: 0.004926919937133789
Fin; energy prediction...time: 0.9890711307525635
Egy stat [62.65245, 64.65797, 63.245247, 0.40667242]
Start for  1_1_14 [105/105]
Fin;generate all combinations 240 ...time: 0.0014781951904296875
Fin; energy prediction...time: 0.7617001533508301
Egy stat [69.48623, 70.238205, 69.716675, 0.15445356]
Saving....
Saved to... Cs_CdGeZn_I.pkl
Total elapsed time... 5625.995308637619
