Summary of calculations
Site name (A,B,C)... Cs Cd,Ge,Pb I
Base cif file name... ../0.cif
Save file name... Cs_CdGePb_I.pkl
Fin; combination with repetition...time: 0.0018002986907958984
Start for  14_1_1 [1/105]
Fin;generate all combinations 240 ...time: 0.0006134510040283203
Fin; energy prediction...time: 0.18863534927368164
Egy stat [6.144766, 6.675144, 6.3084283, 0.13977955]
Start for  13_2_1 [2/105]
Fin;generate all combinations 1680 ...time: 0.0035943984985351562
Fin; energy prediction...time: 0.411635160446167
Egy stat [4.4483976, 5.2976904, 4.8844347, 0.18844338]
Start for  13_1_2 [3/105]
Fin;generate all combinations 1680 ...time: 0.003932476043701172
Fin; energy prediction...time: 0.4176914691925049
Egy stat [4.682746, 5.9982777, 5.301707, 0.25794047]
Start for  12_3_1 [4/105]
Fin;generate all combinations 7280 ...time: 0.013582229614257812
Fin; energy prediction...time: 1.0966804027557373
Egy stat [2.9638834, 4.1659193, 3.537319, 0.23448347]
Start for  12_2_2 [5/105]
Fin;generate all combinations 10920 ...time: 0.0171661376953125
Fin; energy prediction...time: 1.5321509838104248
Egy stat [3.1140156, 4.8685274, 3.9689867, 0.26216477]
Start for  12_1_3 [6/105]
Fin;generate all combinations 7280 ...time: 0.05244731903076172
Fin; energy prediction...time: 1.1439390182495117
Egy stat [3.324769, 5.3573627, 4.2972317, 0.32553342]
Start for  11_4_1 [7/105]
Fin;generate all combinations 21840 ...time: 0.07735967636108398
Fin; energy prediction...time: 3.048981189727783
Egy stat [1.3294268, 3.1870775, 2.2129529, 0.30269247]
Start for  11_3_2 [8/105]
Fin;generate all combinations 43680 ...time: 0.1134636402130127
Fin; energy prediction...time: 5.725574016571045
Egy stat [1.7166071, 3.592082, 2.6711948, 0.30336776]
Start for  11_2_3 [9/105]
Fin;generate all combinations 43680 ...time: 0.1807408332824707
Fin; energy prediction...time: 5.850599050521851
Egy stat [2.03827, 4.1590023, 3.0247, 0.32738593]
Start for  11_1_4 [10/105]
Fin;generate all combinations 21840 ...time: 0.04150867462158203
Fin; energy prediction...time: 3.0555975437164307
Egy stat [2.0590115, 5.0600653, 3.2544072, 0.37084532]
Start for  10_5_1 [11/105]
Fin;generate all combinations 48048 ...time: 0.1778852939605713
Fin; energy prediction...time: 6.055844068527222
Egy stat [-0.22919273, 2.3974752, 0.8634253, 0.38558325]
Start for  10_4_2 [12/105]
Fin;generate all combinations 120120 ...time: 0.4517815113067627
Fin; energy prediction...time: 15.056739330291748
Egy stat [0.13064861, 2.719038, 1.3621614, 0.3734911]
Start for  10_3_3 [13/105]
Fin;generate all combinations 160160 ...time: 0.38283371925354004
Fin; energy prediction...time: 20.182785272598267
Egy stat [0.46383858, 2.9764328, 1.7533882, 0.37173045]
Start for  10_2_4 [14/105]
Fin;generate all combinations 120120 ...time: 0.6231441497802734
Fin; energy prediction...time: 15.086938381195068
Egy stat [0.5491142, 3.8223553, 2.0196633, 0.38271087]
Start for  10_1_5 [15/105]
Fin;generate all combinations 48048 ...time: 0.09530377388000488
Fin; energy prediction...time: 6.2718517780303955
Egy stat [0.49219036, 3.7416925, 2.1420655, 0.40939054]
Start for  9_6_1 [16/105]
Fin;generate all combinations 80080 ...time: 0.2267448902130127
Fin; energy prediction...time: 10.281373739242554
Egy stat [-1.7980108, 1.7599592, -0.55291444, 0.46503627]
Start for  9_5_2 [17/105]
Fin;generate all combinations 240240 ...time: 0.6434273719787598
Fin; energy prediction...time: 29.762707471847534
Egy stat [-1.5987167, 1.9988947, 0.0016223657, 0.44968662]
Start for  9_4_3 [18/105]
Fin;generate all combinations 400400 ...time: 1.4074645042419434
Fin; energy prediction...time: 49.157904624938965
Egy stat [-1.204566, 2.2079363, 0.44451743, 0.43693048]
Start for  9_3_4 [19/105]
Fin;generate all combinations 400400 ...time: 1.8016154766082764
Fin; energy prediction...time: 50.49241781234741
Egy stat [-0.884285, 2.636115, 0.7599838, 0.4286427]
Start for  9_2_5 [20/105]
Fin;generate all combinations 240240 ...time: 0.9274692535400391
Fin; energy prediction...time: 29.88888955116272
Egy stat [-0.9170532, 2.5930576, 0.9305775, 0.4300186]
Start for  9_1_6 [21/105]
Fin;generate all combinations 80080 ...time: 0.16563034057617188
Fin; energy prediction...time: 10.356953859329224
Egy stat [-1.2327862, 2.640602, 0.93792826, 0.44553408]
Start for  8_7_1 [22/105]
Fin;generate all combinations 102960 ...time: 0.4341890811920166
Fin; energy prediction...time: 12.847269535064697
Egy stat [-3.4219275, 1.0699329, -2.071506, 0.52592015]
Start for  8_6_2 [23/105]
Fin;generate all combinations 360360 ...time: 1.2167348861694336
Fin; energy prediction...time: 44.81569480895996
Egy stat [-3.3312793, 1.3308115, -1.4449434, 0.51354796]
Start for  8_5_3 [24/105]
Fin;generate all combinations 720720 ...time: 2.206315755844116
Fin; energy prediction...time: 88.27586531639099
Egy stat [-2.9096422, 1.5167503, -0.9353508, 0.49985352]
Start for  8_4_4 [25/105]
Fin;generate all combinations 900900 ...time: 2.8312597274780273
Fin; energy prediction...time: 112.74723291397095
Egy stat [-2.6190042, 1.7712269, -0.55690545, 0.484821]
Start for  8_3_5 [26/105]
Fin;generate all combinations 720720 ...time: 1.1554641723632812
Fin; energy prediction...time: 89.04856276512146
Egy stat [-2.2824783, 1.9091568, -0.32554686, 0.47259507]
Start for  8_2_6 [27/105]
Fin;generate all combinations 360360 ...time: 2.167750120162964
Fin; energy prediction...time: 45.34308099746704
Egy stat [-2.4940004, 2.0982018, -0.25838318, 0.46863306]
Start for  8_1_7 [28/105]
Fin;generate all combinations 102960 ...time: 0.22107934951782227
Fin; energy prediction...time: 13.374879360198975
Egy stat [-2.8880534, 2.0000181, -0.37279463, 0.47684774]
Start for  7_8_1 [29/105]
Fin;generate all combinations 102960 ...time: 0.35668468475341797
Fin; energy prediction...time: 13.382742643356323
Egy stat [-5.0258236, -0.3874817, -3.7216856, 0.55842173]
Start for  7_7_2 [30/105]
Fin;generate all combinations 411840 ...time: 1.630103588104248
Fin; energy prediction...time: 50.9236536026001
Egy stat [-4.989651, -0.03522873, -3.0065045, 0.55393666]
Start for  7_6_3 [31/105]
Fin;generate all combinations 960960 ...time: 2.6122384071350098
Fin; energy prediction...time: 117.17227935791016
Egy stat [-4.426855, 0.28745937, -2.4145868, 0.5460662]
Start for  7_5_4 [32/105]
Fin;generate all combinations 1441440 ...time: 5.004340410232544
Fin; energy prediction...time: 175.332257270813
Egy stat [-3.9937806, 0.5392151, -1.958627, 0.533008]
Start for  7_4_5 [33/105]
Fin;generate all combinations 1441440 ...time: 7.004662990570068
Fin; energy prediction...time: 176.84483122825623
Egy stat [-3.8175087, 0.7385807, -1.6531103, 0.5173421]
Start for  7_3_6 [34/105]
Fin;generate all combinations 960960 ...time: 1.5995502471923828
Fin; energy prediction...time: 120.23312187194824
Egy stat [-4.009794, 0.7017584, -1.5138627, 0.50368506]
Start for  7_2_7 [35/105]
Fin;generate all combinations 411840 ...time: 0.9050455093383789
Fin; energy prediction...time: 56.55891180038452
Egy stat [-4.178177, 0.61010647, -1.5572988, 0.4965808]
Start for  7_1_8 [36/105]
Fin;generate all combinations 102960 ...time: 0.24282336235046387
Fin; energy prediction...time: 13.701120615005493
Egy stat [-4.8098474, 0.5481415, -1.7994156, 0.4987381]
Start for  6_9_1 [37/105]
Fin;generate all combinations 80080 ...time: 0.1550004482269287
Fin; energy prediction...time: 10.57647180557251
Egy stat [-6.851773, -2.9797878, -5.526796, 0.5576054]
Start for  6_8_2 [38/105]
Fin;generate all combinations 360360 ...time: 1.3225948810577393
Fin; energy prediction...time: 45.08863186836243
Egy stat [-6.5699997, -1.5573149, -4.7066503, 0.5654545]
Start for  6_7_3 [39/105]
Fin;generate all combinations 960960 ...time: 3.4105124473571777
Fin; energy prediction...time: 118.39824795722961
Egy stat [-6.3503594, -1.094163, -4.016731, 0.5685578]
Start for  6_6_4 [40/105]
Fin;generate all combinations 1681680 ...time: 7.024271011352539
Fin; energy prediction...time: 207.74644231796265
Egy stat [-5.884588, -0.5835438, -3.468454, 0.56353337]
Start for  6_5_5 [41/105]
Fin;generate all combinations 2018016 ...time: 6.193248987197876
Fin; energy prediction...time: 246.10305500030518
Egy stat [-5.479615, -0.45884514, -3.074979, 0.5516608]
Start for  6_4_6 [42/105]
Fin;generate all combinations 1681680 ...time: 10.192485570907593
Fin; energy prediction...time: 207.13264083862305
Egy stat [-5.40589, -0.20017242, -2.8508961, 0.5364952]
Start for  6_3_7 [43/105]
Fin;generate all combinations 960960 ...time: 4.542760848999023
Fin; energy prediction...time: 118.85675406455994
Egy stat [-5.6698565, -0.5226793, -2.8116298, 0.5221102]
Start for  6_2_8 [44/105]
Fin;generate all combinations 360360 ...time: 0.6667916774749756
Fin; energy prediction...time: 44.39953875541687
Egy stat [-6.0005217, -0.7535114, -2.9725962, 0.5117121]
Start for  6_1_9 [45/105]
Fin;generate all combinations 80080 ...time: 0.7847027778625488
Fin; energy prediction...time: 11.066045045852661
Egy stat [-5.8418403, -1.3799648, -3.3481276, 0.50690347]
Start for  5_10_1 [46/105]
Fin;generate all combinations 48048 ...time: 0.10839319229125977
Fin; energy prediction...time: 6.7694056034088135
Egy stat [-8.733128, -5.558011, -7.5042615, 0.5228092]
Start for  5_9_2 [47/105]
Fin;generate all combinations 240240 ...time: 0.9364578723907471
Fin; energy prediction...time: 30.127251148223877
Egy stat [-8.177506, -4.1293035, -6.5636992, 0.54727656]
Start for  5_8_3 [48/105]
Fin;generate all combinations 720720 ...time: 2.5069639682769775
Fin; energy prediction...time: 89.80934309959412
Egy stat [-7.9871492, -2.8831105, -5.760655, 0.565645]
Start for  5_7_4 [49/105]
Fin;generate all combinations 1441440 ...time: 6.378645181655884
Fin; energy prediction...time: 175.85295701026917
Egy stat [-7.5221434, -2.270485, -5.1055226, 0.57307905]
Start for  5_6_5 [50/105]
Fin;generate all combinations 2018016 ...time: 8.289687871932983
Fin; energy prediction...time: 247.60666298866272
Egy stat [-7.1341715, -1.9956512, -4.610342, 0.5699657]
Start for  5_5_6 [51/105]
Fin;generate all combinations 2018016 ...time: 7.205167055130005
Fin; energy prediction...time: 247.20569229125977
Egy stat [-7.0549088, -1.6496725, -4.2885866, 0.559097]
Start for  5_4_7 [52/105]
Fin;generate all combinations 1441440 ...time: 6.098587989807129
Fin; energy prediction...time: 177.29473614692688
Egy stat [-6.996723, -1.5847445, -4.1547313, 0.5439745]
Start for  5_3_8 [53/105]
Fin;generate all combinations 720720 ...time: 4.299938201904297
Fin; energy prediction...time: 88.65173077583313
Egy stat [-7.1852756, -2.124073, -4.2235675, 0.5276313]
Start for  5_2_9 [54/105]
Fin;generate all combinations 240240 ...time: 1.6487009525299072
Fin; energy prediction...time: 31.126464366912842
Egy stat [-7.018659, -2.6036444, -4.5092955, 0.51195806]
Start for  5_1_10 [55/105]
Fin;generate all combinations 48048 ...time: 0.14212632179260254
Fin; energy prediction...time: 6.800741672515869
Egy stat [-7.0534277, -3.193181, -5.0244665, 0.49783662]
Start for  4_11_1 [56/105]
Fin;generate all combinations 21840 ...time: 0.054311513900756836
Fin; energy prediction...time: 3.5788161754608154
Egy stat [-10.7326145, -8.282873, -9.665598, 0.45719123]
Start for  4_10_2 [57/105]
Fin;generate all combinations 120120 ...time: 0.42194271087646484
Fin; energy prediction...time: 15.650393724441528
Egy stat [-9.976381, -6.703598, -8.59073, 0.50254786]
Start for  4_9_3 [58/105]
Fin;generate all combinations 400400 ...time: 1.8330249786376953
Fin; energy prediction...time: 49.09095644950867
Egy stat [-9.575036, -5.104402, -7.6606054, 0.53978777]
Start for  4_8_4 [59/105]
Fin;generate all combinations 900900 ...time: 3.505385637283325
Fin; energy prediction...time: 111.91175317764282
Egy stat [-9.670478, -3.4361591, -6.884921, 0.5628153]
Start for  4_7_5 [60/105]
Fin;generate all combinations 1441440 ...time: 6.294945955276489
Fin; energy prediction...time: 176.4502432346344
Egy stat [-9.12311, -3.327592, -6.2748404, 0.57164294]
Start for  4_6_6 [61/105]
Fin;generate all combinations 1681680 ...time: 5.980585098266602
Fin; energy prediction...time: 206.70287704467773
Egy stat [-8.73543, -2.9343286, -5.842925, 0.5687506]
Start for  4_5_7 [62/105]
Fin;generate all combinations 1441440 ...time: 8.565770626068115
Fin; energy prediction...time: 175.38284277915955
Egy stat [-8.349251, -2.9134593, -5.6027994, 0.55732864]
Start for  4_4_8 [63/105]
Fin;generate all combinations 900900 ...time: 4.42231297492981
Fin; energy prediction...time: 114.32592058181763
Egy stat [-8.404666, -2.884932, -5.568657, 0.54020953]
Start for  4_3_9 [64/105]
Fin;generate all combinations 400400 ...time: 0.78135085105896
Fin; energy prediction...time: 51.188674449920654
Egy stat [-8.191263, -3.8277683, -5.754493, 0.51922]
Start for  4_2_10 [65/105]
Fin;generate all combinations 120120 ...time: 0.27846693992614746
Fin; energy prediction...time: 15.82309341430664
Egy stat [-8.166683, -4.309263, -6.1732287, 0.49512354]
Start for  4_1_11 [66/105]
Fin;generate all combinations 21840 ...time: 0.0639336109161377
Fin; energy prediction...time: 3.6940653324127197
Egy stat [-8.420614, -5.3432817, -6.8356647, 0.46842518]
Start for  3_12_1 [67/105]
Fin;generate all combinations 7280 ...time: 0.021223783493041992
Fin; energy prediction...time: 1.6242549419403076
Egy stat [-12.761087, -11.149032, -12.016339, 0.36735114]
Start for  3_11_2 [68/105]
Fin;generate all combinations 43680 ...time: 0.08291983604431152
Fin; energy prediction...time: 6.147014141082764
Egy stat [-11.921658, -9.045761, -10.795483, 0.43802875]
Start for  3_10_3 [69/105]
Fin;generate all combinations 160160 ...time: 0.6743319034576416
Fin; energy prediction...time: 21.158875942230225
Egy stat [-11.35502, -7.395032, -9.726123, 0.49680978]
Start for  3_9_4 [70/105]
Fin;generate all combinations 400400 ...time: 1.4828054904937744
Fin; energy prediction...time: 49.77955508232117
Egy stat [-11.072588, -5.6101522, -8.817606, 0.5370988]
Start for  3_8_5 [71/105]
Fin;generate all combinations 720720 ...time: 2.886340618133545
Fin; energy prediction...time: 88.0738594532013
Egy stat [-10.539869, -4.5692425, -8.080542, 0.55931723]
Start for  3_7_6 [72/105]
Fin;generate all combinations 960960 ...time: 5.060851573944092
Fin; energy prediction...time: 118.3271472454071
Egy stat [-10.134097, -4.3116446, -7.5267925, 0.56615096]
Start for  3_6_7 [73/105]
Fin;generate all combinations 960960 ...time: 5.916452646255493
Fin; energy prediction...time: 122.06229829788208
Egy stat [-9.702797, -4.1361866, -7.169335, 0.56082]
Start for  3_5_8 [74/105]
Fin;generate all combinations 720720 ...time: 1.3994355201721191
Fin; energy prediction...time: 89.73528265953064
Egy stat [-9.581283, -4.095132, -7.0218315, 0.5461548]
Start for  3_4_9 [75/105]
Fin;generate all combinations 400400 ...time: 0.8415615558624268
Fin; energy prediction...time: 50.73558044433594
Egy stat [-9.372388, -4.7924933, -7.0980825, 0.5239848]
Start for  3_3_10 [76/105]
Fin;generate all combinations 160160 ...time: 0.34583020210266113
Fin; energy prediction...time: 20.61440658569336
Egy stat [-9.322926, -5.503394, -7.4112606, 0.49489927]
Start for  3_2_11 [77/105]
Fin;generate all combinations 43680 ...time: 0.09855890274047852
Fin; energy prediction...time: 6.31598687171936
Egy stat [-9.523318, -6.4828463, -7.9730535, 0.45863143]
Start for  3_1_12 [78/105]
Fin;generate all combinations 7280 ...time: 0.022066593170166016
Fin; energy prediction...time: 1.600994348526001
Egy stat [-10.104287, -7.482336, -8.792708, 0.4153727]
Start for  2_13_1 [79/105]
Fin;generate all combinations 1680 ...time: 0.0067746639251708984
Fin; energy prediction...time: 0.871849775314331
Egy stat [-15.175305, -14.115019, -14.555903, 0.26273176]
Start for  2_12_2 [80/105]
Fin;generate all combinations 10920 ...time: 0.02236342430114746
Fin; energy prediction...time: 2.1138765811920166
Egy stat [-14.086658, -11.889677, -13.180177, 0.36349675]
Start for  2_11_3 [81/105]
Fin;generate all combinations 43680 ...time: 0.08964204788208008
Fin; energy prediction...time: 6.477387428283691
Egy stat [-13.191289, -10.088661, -11.961823, 0.44471848]
Start for  2_10_4 [82/105]
Fin;generate all combinations 120120 ...time: 0.4583899974822998
Fin; energy prediction...time: 15.61345100402832
Egy stat [-12.525813, -7.8262873, -10.910209, 0.5019254]
Start for  2_9_5 [83/105]
Fin;generate all combinations 240240 ...time: 0.916154146194458
Fin; energy prediction...time: 29.98053812980652
Egy stat [-11.946489, -6.7179813, -10.035705, 0.5370764]
Start for  2_8_6 [84/105]
Fin;generate all combinations 360360 ...time: 1.4997687339782715
Fin; energy prediction...time: 44.64097714424133
Egy stat [-11.537392, -5.6276603, -9.3497925, 0.55354154]
Start for  2_7_7 [85/105]
Fin;generate all combinations 411840 ...time: 1.8344018459320068
Fin; energy prediction...time: 50.879815340042114
Egy stat [-11.08518, -5.441911, -8.864994, 0.55483854]
Start for  2_6_8 [86/105]
Fin;generate all combinations 360360 ...time: 1.4676129817962646
Fin; energy prediction...time: 45.198458433151245
Egy stat [-10.834693, -5.198196, -8.59461, 0.543993]
Start for  2_5_9 [87/105]
Fin;generate all combinations 240240 ...time: 0.49168872833251953
Fin; energy prediction...time: 30.397018909454346
Egy stat [-10.493992, -5.966992, -8.552284, 0.5230246]
Start for  2_4_10 [88/105]
Fin;generate all combinations 120120 ...time: 0.25884032249450684
Fin; energy prediction...time: 15.714379072189331
Egy stat [-10.495113, -6.5559683, -8.751414, 0.49258605]
Start for  2_3_11 [89/105]
Fin;generate all combinations 43680 ...time: 0.10978031158447266
Fin; energy prediction...time: 6.370230197906494
Egy stat [-10.609797, -7.5003347, -9.204421, 0.45195362]
Start for  2_2_12 [90/105]
Fin;generate all combinations 10920 ...time: 0.02798771858215332
Fin; energy prediction...time: 2.050381660461426
Egy stat [-11.1427555, -8.436147, -9.921922, 0.3996188]
Start for  2_1_13 [91/105]
Fin;generate all combinations 1680 ...time: 0.06485462188720703
Fin; energy prediction...time: 0.9132318496704102
Egy stat [-11.682029, -10.058955, -10.911886, 0.33492625]
Start for  1_14_1 [92/105]
Fin;generate all combinations 240 ...time: 0.001552581787109375
Fin; energy prediction...time: 0.7253949642181396
Egy stat [-17.566875, -17.113285, -17.277395, 0.15337445]
Start for  1_13_2 [93/105]
Fin;generate all combinations 1680 ...time: 0.00417327880859375
Fin; energy prediction...time: 0.8558440208435059
Egy stat [-16.283268, -14.754358, -15.741232, 0.28957042]
Start for  1_12_3 [94/105]
Fin;generate all combinations 7280 ...time: 0.01749444007873535
Fin; energy prediction...time: 1.5738816261291504
Egy stat [-15.159812, -12.891512, -14.367083, 0.39092353]
Start for  1_11_4 [95/105]
Fin;generate all combinations 21840 ...time: 0.09354019165039062
Fin; energy prediction...time: 3.3986406326293945
Egy stat [-14.139098, -10.5661125, -13.16466, 0.462235]
Start for  1_10_5 [96/105]
Fin;generate all combinations 48048 ...time: 0.16799163818359375
Fin; energy prediction...time: 6.874040126800537
Egy stat [-13.373296, -9.380287, -12.144459, 0.50799525]
Start for  1_9_6 [97/105]
Fin;generate all combinations 80080 ...time: 0.3769237995147705
Fin; energy prediction...time: 10.614026069641113
Egy stat [-12.937275, -7.932187, -11.317878, 0.53242594]
Start for  1_8_7 [98/105]
Fin;generate all combinations 102960 ...time: 0.36185789108276367
Fin; energy prediction...time: 13.831099033355713
Egy stat [-12.469412, -6.653284, -10.697265, 0.5394088]
Start for  1_7_8 [99/105]
Fin;generate all combinations 102960 ...time: 0.44051337242126465
Fin; energy prediction...time: 13.838413953781128
Egy stat [-12.134324, -6.4039774, -10.295745, 0.53225523]
Start for  1_6_9 [100/105]
Fin;generate all combinations 80080 ...time: 0.16187691688537598
Fin; energy prediction...time: 10.639776945114136
Egy stat [-11.680542, -7.0867195, -10.126927, 0.51333725]
Start for  1_5_10 [101/105]
Fin;generate all combinations 48048 ...time: 0.10162758827209473
Fin; energy prediction...time: 6.631412506103516
Egy stat [-11.573628, -7.8392982, -10.2044525, 0.48367634]
Start for  1_4_11 [102/105]
Fin;generate all combinations 21840 ...time: 0.05058789253234863
Fin; energy prediction...time: 3.529855489730835
Egy stat [-11.765941, -8.715427, -10.541378, 0.4426598]
Start for  1_3_12 [103/105]
Fin;generate all combinations 7280 ...time: 0.01720404624938965
Fin; energy prediction...time: 1.6566662788391113
Egy stat [-12.20985, -9.6917, -11.149502, 0.38805777]
Start for  1_2_13 [104/105]
Fin;generate all combinations 1680 ...time: 0.0049054622650146484
Fin; energy prediction...time: 0.8581359386444092
Egy stat [-12.719974, -11.150721, -12.0386, 0.31643736]
Start for  1_1_14 [105/105]
Fin;generate all combinations 240 ...time: 0.0012428760528564453
Fin; energy prediction...time: 0.6626873016357422
Egy stat [-13.5272045, -12.71708, -13.21565, 0.22414306]
Saving....
Saved to... Cs_CdGePb_I.pkl
Total elapsed time... 5541.023182630539
