Summary of calculations
Site name (A,B,C)... Cs Cd,Hg,Sn I
Base cif file name... ../0.cif
Save file name... Cs_CdHgSn_I.pkl
Fin; combination with repetition...time: 0.0017092227935791016
Start for  14_1_1 [1/105]
Fin;generate all combinations 240 ...time: 0.0006489753723144531
Fin; energy prediction...time: 0.20391583442687988
Egy stat [5.641573, 5.9031086, 5.770235, 0.06304244]
Start for  13_2_1 [2/105]
Fin;generate all combinations 1680 ...time: 0.0036458969116210938
Fin; energy prediction...time: 0.3764371871948242
Egy stat [4.9539623, 5.932659, 5.5644193, 0.26210302]
Start for  13_1_2 [3/105]
Fin;generate all combinations 1680 ...time: 0.0038950443267822266
Fin; energy prediction...time: 0.3500056266784668
Egy stat [2.407053, 3.9030485, 2.8655233, 0.3013344]
Start for  12_3_1 [4/105]
Fin;generate all combinations 7280 ...time: 0.012211084365844727
Fin; energy prediction...time: 1.1843948364257812
Egy stat [4.457922, 6.071251, 5.254464, 0.40822184]
Start for  12_2_2 [5/105]
Fin;generate all combinations 10920 ...time: 0.017145156860351562
Fin; energy prediction...time: 1.554410696029663
Egy stat [1.7266397, 3.9474678, 2.692166, 0.37860915]
Start for  12_1_3 [6/105]
Fin;generate all combinations 7280 ...time: 0.0626838207244873
Fin; energy prediction...time: 1.120701551437378
Egy stat [-0.7183199, 0.9586315, 0.18844305, 0.35365033]
Start for  11_4_1 [7/105]
Fin;generate all combinations 21840 ...time: 0.08293557167053223
Fin; energy prediction...time: 3.0301058292388916
Egy stat [3.4967375, 6.3047466, 4.8500514, 0.5236647]
Start for  11_3_2 [8/105]
Fin;generate all combinations 43680 ...time: 0.11325550079345703
Fin; energy prediction...time: 5.71022367477417
Egy stat [1.3173103, 4.0729218, 2.418183, 0.47711232]
Start for  11_2_3 [9/105]
Fin;generate all combinations 43680 ...time: 0.1528010368347168
Fin; energy prediction...time: 5.617241859436035
Egy stat [-1.3396139, 1.0455694, 0.04142841, 0.40776804]
Start for  11_1_4 [10/105]
Fin;generate all combinations 21840 ...time: 0.040289878845214844
Fin; energy prediction...time: 2.9518582820892334
Egy stat [-3.6121635, -0.82507896, -2.3435614, 0.32839057]
Start for  10_5_1 [11/105]
Fin;generate all combinations 48048 ...time: 0.17851686477661133
Fin; energy prediction...time: 6.067058086395264
Egy stat [2.930091, 6.377285, 4.3600335, 0.61047083]
Start for  10_4_2 [12/105]
Fin;generate all combinations 120120 ...time: 0.4572923183441162
Fin; energy prediction...time: 14.711493968963623
Egy stat [0.4588871, 4.2596684, 2.0517511, 0.5668601]
Start for  10_3_3 [13/105]
Fin;generate all combinations 160160 ...time: 0.39075279235839844
Fin; energy prediction...time: 20.44483232498169
Egy stat [-1.6851635, 1.2078686, -0.20338692, 0.48793456]
Start for  10_2_4 [14/105]
Fin;generate all combinations 120120 ...time: 0.6495051383972168
Fin; energy prediction...time: 14.832437992095947
Egy stat [-3.8689098, -0.78402805, -2.4712534, 0.37889957]
Start for  10_1_5 [15/105]
Fin;generate all combinations 48048 ...time: 0.09924912452697754
Fin; energy prediction...time: 6.364694833755493
Egy stat [-5.840492, -3.697219, -4.8031917, 0.282166]
Start for  9_6_1 [16/105]
Fin;generate all combinations 80080 ...time: 0.24709725379943848
Fin; energy prediction...time: 9.95103907585144
Egy stat [1.8987961, 6.472679, 3.7920635, 0.6695148]
Start for  9_5_2 [17/105]
Fin;generate all combinations 240240 ...time: 0.8724470138549805
Fin; energy prediction...time: 29.36764144897461
Egy stat [0.044151306, 4.3213196, 1.6001382, 0.6375975]
Start for  9_4_3 [18/105]
Fin;generate all combinations 400400 ...time: 1.2507176399230957
Fin; energy prediction...time: 49.19856643676758
Egy stat [-2.4536629, 1.4311495, -0.5392694, 0.5653096]
Start for  9_3_4 [19/105]
Fin;generate all combinations 400400 ...time: 1.1220784187316895
Fin; energy prediction...time: 49.44898438453674
Egy stat [-4.206755, -0.67107487, -2.69446, 0.45725498]
Start for  9_2_5 [20/105]
Fin;generate all combinations 240240 ...time: 0.4272294044494629
Fin; energy prediction...time: 29.75106453895569
Egy stat [-6.0545297, -3.647492, -4.9190493, 0.33981916]
Start for  9_1_6 [21/105]
Fin;generate all combinations 80080 ...time: 0.6707394123077393
Fin; energy prediction...time: 10.116122961044312
Egy stat [-8.306276, -5.9985533, -7.2526255, 0.26646796]
Start for  8_7_1 [22/105]
Fin;generate all combinations 102960 ...time: 0.4711320400238037
Fin; energy prediction...time: 12.77996277809143
Egy stat [0.96736526, 6.710516, 3.1523716, 0.7014675]
Start for  8_6_2 [23/105]
Fin;generate all combinations 360360 ...time: 1.2522170543670654
Fin; energy prediction...time: 43.6695339679718
Egy stat [-0.91115, 4.4038553, 1.069401, 0.6855857]
Start for  8_5_3 [24/105]
Fin;generate all combinations 720720 ...time: 1.9594123363494873
Fin; energy prediction...time: 87.7295024394989
Egy stat [-2.7289057, 1.4642134, -0.96041244, 0.6275865]
Start for  8_4_4 [25/105]
Fin;generate all combinations 900900 ...time: 2.426959991455078
Fin; energy prediction...time: 110.57276630401611
Egy stat [-4.801131, -0.50377464, -3.0077894, 0.53383017]
Start for  8_3_5 [26/105]
Fin;generate all combinations 720720 ...time: 4.1337058544158936
Fin; energy prediction...time: 88.28786993026733
Egy stat [-6.416823, -3.554161, -5.1284957, 0.4250988]
Start for  8_2_6 [27/105]
Fin;generate all combinations 360360 ...time: 2.3284335136413574
Fin; energy prediction...time: 44.77748107910156
Egy stat [-8.616239, -5.845446, -7.3641386, 0.3314688]
Start for  8_1_7 [28/105]
Fin;generate all combinations 102960 ...time: 0.7440574169158936
Fin; energy prediction...time: 13.079947471618652
Egy stat [-10.770491, -8.519524, -9.743354, 0.29732794]
Start for  7_8_1 [29/105]
Fin;generate all combinations 102960 ...time: 0.36722683906555176
Fin; energy prediction...time: 13.369840383529663
Egy stat [-0.27228165, 6.926655, 2.445714, 0.7069142]
Start for  7_7_2 [30/105]
Fin;generate all combinations 411840 ...time: 1.6945085525512695
Fin; energy prediction...time: 50.19483923912048
Egy stat [-1.8100195, 4.633559, 0.46422806, 0.7093887]
Start for  7_6_3 [31/105]
Fin;generate all combinations 960960 ...time: 2.9312808513641357
Fin; energy prediction...time: 120.2160096168518
Egy stat [-3.5656624, 1.6235342, -1.4621798, 0.6695957]
Start for  7_5_4 [32/105]
Fin;generate all combinations 1441440 ...time: 5.406569480895996
Fin; energy prediction...time: 178.42520546913147
Egy stat [-5.3633585, -0.48610115, -3.4067614, 0.5961527]
Start for  7_4_5 [33/105]
Fin;generate all combinations 1441440 ...time: 4.8895158767700195
Fin; energy prediction...time: 177.57168769836426
Egy stat [-7.1771317, -3.335353, -5.427365, 0.50740075]
Start for  7_3_6 [34/105]
Fin;generate all combinations 960960 ...time: 6.746336936950684
Fin; energy prediction...time: 117.07414078712463
Egy stat [-9.013346, -5.639734, -7.5675, 0.42224422]
Start for  7_2_7 [35/105]
Fin;generate all combinations 411840 ...time: 0.7527925968170166
Fin; energy prediction...time: 52.03913497924805
Egy stat [-11.100707, -8.619547, -9.857573, 0.3608852]
Start for  7_1_8 [36/105]
Fin;generate all combinations 102960 ...time: 0.2574000358581543
Fin; energy prediction...time: 13.88925313949585
Egy stat [-13.4772, -10.630489, -12.316389, 0.3454093]
Start for  6_9_1 [37/105]
Fin;generate all combinations 80080 ...time: 0.1648867130279541
Fin; energy prediction...time: 10.300981521606445
Egy stat [-0.38280296, 5.0159683, 1.6754827, 0.6863638]
Start for  6_8_2 [38/105]
Fin;generate all combinations 360360 ...time: 1.453705072402954
Fin; energy prediction...time: 44.443692207336426
Egy stat [-3.0107899, 4.0513897, -0.21206896, 0.70849305]
Start for  6_7_3 [39/105]
Fin;generate all combinations 960960 ...time: 3.8996548652648926
Fin; energy prediction...time: 117.04638695716858
Egy stat [-4.4790144, 1.7350492, -2.0412211, 0.6890528]
Start for  6_6_4 [40/105]
Fin;generate all combinations 1681680 ...time: 5.87840461730957
Fin; energy prediction...time: 205.92188048362732
Egy stat [-6.140698, -0.3124256, -3.8879936, 0.6390717]
Start for  6_5_5 [41/105]
Fin;generate all combinations 2018016 ...time: 9.541653394699097
Fin; energy prediction...time: 241.69008612632751
Egy stat [-7.516658, -3.2623672, -5.8123527, 0.57532763]
Start for  6_4_6 [42/105]
Fin;generate all combinations 1681680 ...time: 12.558197498321533
Fin; energy prediction...time: 203.8421995639801
Egy stat [-9.581084, -5.3610277, -7.859638, 0.5099813]
Start for  6_3_7 [43/105]
Fin;generate all combinations 960960 ...time: 4.637183427810669
Fin; energy prediction...time: 117.90879273414612
Egy stat [-11.456087, -8.337942, -10.061931, 0.45022342]
Start for  6_2_8 [44/105]
Fin;generate all combinations 360360 ...time: 0.6991198062896729
Fin; energy prediction...time: 45.370903730392456
Egy stat [-13.807675, -10.530296, -12.43954, 0.40297517]
Start for  6_1_9 [45/105]
Fin;generate all combinations 80080 ...time: 0.7550256252288818
Fin; energy prediction...time: 10.879315853118896
Egy stat [-16.18347, -13.704662, -15.002787, 0.3802931]
Start for  5_10_1 [46/105]
Fin;generate all combinations 48048 ...time: 0.10909295082092285
Fin; energy prediction...time: 6.343465089797974
Egy stat [-0.8456745, 3.3335686, 0.84394026, 0.64025897]
Start for  5_9_2 [47/105]
Fin;generate all combinations 240240 ...time: 0.9988915920257568
Fin; energy prediction...time: 29.37034797668457
Egy stat [-3.083951, 2.2279844, -0.9574217, 0.68279946]
Start for  5_8_3 [48/105]
Fin;generate all combinations 720720 ...time: 3.0207724571228027
Fin; energy prediction...time: 87.36482548713684
Egy stat [-5.6005344, 1.3221464, -2.6954498, 0.68493533]
Start for  5_7_4 [49/105]
Fin;generate all combinations 1441440 ...time: 6.0224151611328125
Fin; energy prediction...time: 173.79037189483643
Egy stat [-7.061446, -0.868413, -4.4492903, 0.66037965]
Start for  5_6_5 [50/105]
Fin;generate all combinations 2018016 ...time: 8.900127649307251
Fin; energy prediction...time: 242.79769492149353
Egy stat [-8.242235, -3.0582309, -6.281184, 0.62461555]
Start for  5_5_6 [51/105]
Fin;generate all combinations 2018016 ...time: 7.080188512802124
Fin; energy prediction...time: 246.80231475830078
Egy stat [-10.13578, -5.2602754, -8.238289, 0.5846288]
Start for  5_4_7 [52/105]
Fin;generate all combinations 1441440 ...time: 6.002158164978027
Fin; energy prediction...time: 177.85116147994995
Egy stat [-12.128651, -7.97771, -10.35431, 0.5398425]
Start for  5_3_8 [53/105]
Fin;generate all combinations 720720 ...time: 3.8511078357696533
Fin; energy prediction...time: 90.78416156768799
Egy stat [-14.215501, -10.229121, -12.651041, 0.4881209]
Start for  5_2_9 [54/105]
Fin;generate all combinations 240240 ...time: 0.536327600479126
Fin; energy prediction...time: 29.96254849433899
Egy stat [-16.621016, -13.610267, -15.139994, 0.43258092]
Start for  5_1_10 [55/105]
Fin;generate all combinations 48048 ...time: 0.14215517044067383
Fin; energy prediction...time: 6.584203004837036
Egy stat [-19.068714, -16.694437, -17.824398, 0.38697064]
Start for  4_11_1 [56/105]
Fin;generate all combinations 21840 ...time: 0.05530405044555664
Fin; energy prediction...time: 3.401637554168701
Egy stat [-1.2350025, 1.6134186, -0.04746176, 0.5690014]
Start for  4_10_2 [57/105]
Fin;generate all combinations 120120 ...time: 0.3609914779663086
Fin; energy prediction...time: 15.130414724349976
Egy stat [-3.5277433, 0.7266407, -1.7707665, 0.6324433]
Start for  4_9_3 [58/105]
Fin;generate all combinations 400400 ...time: 1.720383882522583
Fin; energy prediction...time: 48.619484186172485
Egy stat [-5.66861, -0.42084885, -3.4239144, 0.65684944]
Start for  4_8_4 [59/105]
Fin;generate all combinations 900900 ...time: 3.53029465675354
Fin; energy prediction...time: 110.05778670310974
Egy stat [-8.111183, -0.8561201, -5.089603, 0.6592167]
Start for  4_7_5 [60/105]
Fin;generate all combinations 1441440 ...time: 6.16664457321167
Fin; energy prediction...time: 174.09893250465393
Egy stat [-9.163627, -3.5426316, -6.8326535, 0.6537449]
Start for  4_6_6 [61/105]
Fin;generate all combinations 1681680 ...time: 6.750052213668823
Fin; energy prediction...time: 201.40902495384216
Egy stat [-10.902538, -5.524963, -8.70214, 0.642713]
Start for  4_5_7 [62/105]
Fin;generate all combinations 1441440 ...time: 8.192082643508911
Fin; energy prediction...time: 174.21207880973816
Egy stat [-12.51737, -7.8266964, -10.733381, 0.6199817]
Start for  4_4_8 [63/105]
Fin;generate all combinations 900900 ...time: 4.158077955245972
Fin; energy prediction...time: 114.31045722961426
Egy stat [-15.048235, -9.841824, -12.949622, 0.57834625]
Start for  4_3_9 [64/105]
Fin;generate all combinations 400400 ...time: 0.8167009353637695
Fin; energy prediction...time: 49.661608934402466
Egy stat [-17.023539, -13.342442, -15.363638, 0.51535606]
Start for  4_2_10 [65/105]
Fin;generate all combinations 120120 ...time: 0.794285774230957
Fin; energy prediction...time: 15.639496088027954
Egy stat [-19.415215, -16.693567, -17.979528, 0.43689317]
Start for  4_1_11 [66/105]
Fin;generate all combinations 21840 ...time: 0.24805736541748047
Fin; energy prediction...time: 3.6824283599853516
Egy stat [-21.712488, -19.875065, -20.794832, 0.36118674]
Start for  3_12_1 [67/105]
Fin;generate all combinations 7280 ...time: 0.020763635635375977
Fin; energy prediction...time: 1.8301045894622803
Egy stat [-2.1730146, 0.16709995, -0.99774206, 0.47297552]
Start for  3_11_2 [68/105]
Fin;generate all combinations 43680 ...time: 0.13376069068908691
Fin; energy prediction...time: 6.110602617263794
Egy stat [-3.9228826, -0.5886965, -2.6517441, 0.55779487]
Start for  3_10_3 [69/105]
Fin;generate all combinations 160160 ...time: 0.6471085548400879
Fin; energy prediction...time: 20.03723406791687
Egy stat [-6.113741, -1.9102736, -4.226563, 0.6048134]
Start for  3_9_4 [70/105]
Fin;generate all combinations 400400 ...time: 1.4948554039001465
Fin; energy prediction...time: 48.247323989868164
Egy stat [-8.141584, -2.4019432, -5.8089185, 0.6355229]
Start for  3_8_5 [71/105]
Fin;generate all combinations 720720 ...time: 3.17629075050354
Fin; energy prediction...time: 86.84308242797852
Egy stat [-10.2528715, -3.4670916, -7.4666047, 0.66256833]
Start for  3_7_6 [72/105]
Fin;generate all combinations 960960 ...time: 5.346438646316528
Fin; energy prediction...time: 116.14725494384766
Egy stat [-11.828446, -5.498633, -9.250859, 0.683348]
Start for  3_6_7 [73/105]
Fin;generate all combinations 960960 ...time: 5.289919137954712
Fin; energy prediction...time: 115.90888690948486
Egy stat [-13.209644, -7.9644175, -11.198676, 0.6871627]
Start for  3_5_8 [74/105]
Fin;generate all combinations 720720 ...time: 2.98526668548584
Fin; energy prediction...time: 90.1923279762268
Egy stat [-15.401394, -9.842637, -13.33476, 0.66371584]
Start for  3_4_9 [75/105]
Fin;generate all combinations 400400 ...time: 2.491431951522827
Fin; energy prediction...time: 50.35579514503479
Egy stat [-17.83994, -13.109758, -15.673188, 0.6078847]
Start for  3_3_10 [76/105]
Fin;generate all combinations 160160 ...time: 0.34406566619873047
Fin; energy prediction...time: 20.344480276107788
Egy stat [-19.830074, -16.568878, -18.219072, 0.521305]
Start for  3_2_11 [77/105]
Fin;generate all combinations 43680 ...time: 0.35251498222351074
Fin; energy prediction...time: 6.270546913146973
Egy stat [-22.09008, -19.867733, -20.970455, 0.41325247]
Start for  3_1_12 [78/105]
Fin;generate all combinations 7280 ...time: 0.022965669631958008
Fin; energy prediction...time: 1.8730449676513672
Egy stat [-24.649817, -22.97535, -23.920494, 0.30509394]
Start for  2_13_1 [79/105]
Fin;generate all combinations 1680 ...time: 0.006684780120849609
Fin; energy prediction...time: 1.087827444076538
Egy stat [-2.695778, -1.4046698, -2.006086, 0.35251582]
Start for  2_12_2 [80/105]
Fin;generate all combinations 10920 ...time: 0.02277660369873047
Fin; energy prediction...time: 2.1794333457946777
Egy stat [-4.6698694, -2.2555246, -3.600388, 0.4596687]
Start for  2_11_3 [81/105]
Fin;generate all combinations 43680 ...time: 0.19446754455566406
Fin; energy prediction...time: 6.161933422088623
Egy stat [-6.5072637, -3.233261, -5.1039767, 0.5293205]
Start for  2_10_4 [82/105]
Fin;generate all combinations 120120 ...time: 0.5651078224182129
Fin; energy prediction...time: 15.489191055297852
Egy stat [-8.411084, -3.832384, -6.608039, 0.5899993]
Start for  2_9_5 [83/105]
Fin;generate all combinations 240240 ...time: 0.8995463848114014
Fin; energy prediction...time: 29.96595335006714
Egy stat [-10.333222, -4.911438, -8.183818, 0.65198666]
Start for  2_8_6 [84/105]
Fin;generate all combinations 360360 ...time: 1.795423984527588
Fin; energy prediction...time: 44.554837226867676
Egy stat [-12.537716, -5.4204454, -9.885065, 0.7070826]
Start for  2_7_7 [85/105]
Fin;generate all combinations 411840 ...time: 1.4875223636627197
Fin; energy prediction...time: 50.59741187095642
Egy stat [-14.155756, -7.9147816, -11.750637, 0.7406068]
Start for  2_6_8 [86/105]
Fin;generate all combinations 360360 ...time: 1.2510442733764648
Fin; energy prediction...time: 44.477672815322876
Egy stat [-15.996624, -9.759678, -13.8067665, 0.7403319]
Start for  2_5_9 [87/105]
Fin;generate all combinations 240240 ...time: 0.47291040420532227
Fin; energy prediction...time: 29.85845685005188
Egy stat [-18.131708, -13.140569, -16.068865, 0.69995356]
Start for  2_4_10 [88/105]
Fin;generate all combinations 120120 ...time: 0.2472522258758545
Fin; energy prediction...time: 16.339994192123413
Egy stat [-20.463385, -16.38918, -18.543163, 0.6195074]
Start for  2_3_11 [89/105]
Fin;generate all combinations 43680 ...time: 0.09493565559387207
Fin; energy prediction...time: 6.2306907176971436
Egy stat [-22.576035, -19.818146, -21.228437, 0.50463855]
Start for  2_2_12 [90/105]
Fin;generate all combinations 10920 ...time: 0.10920882225036621
Fin; energy prediction...time: 2.2529399394989014
Egy stat [-25.130985, -23.024633, -24.117958, 0.36620167]
Start for  2_1_13 [91/105]
Fin;generate all combinations 1680 ...time: 0.006440162658691406
Fin; energy prediction...time: 1.129136323928833
Egy stat [-27.750591, -26.702494, -27.201656, 0.22473815]
Start for  1_14_1 [92/105]
Fin;generate all combinations 240 ...time: 0.0013017654418945312
Fin; energy prediction...time: 0.9210686683654785
Egy stat [-3.4343085, -2.7977104, -3.0716243, 0.20747246]
Start for  1_13_2 [93/105]
Fin;generate all combinations 1680 ...time: 0.00413060188293457
Fin; energy prediction...time: 1.129265546798706
Egy stat [-5.2389793, -3.696261, -4.61685, 0.34017792]
Start for  1_12_3 [94/105]
Fin;generate all combinations 7280 ...time: 0.01660013198852539
Fin; energy prediction...time: 1.885927677154541
Egy stat [-7.065588, -4.9331717, -6.0570903, 0.4318516]
Start for  1_11_4 [95/105]
Fin;generate all combinations 21840 ...time: 0.048116445541381836
Fin; energy prediction...time: 3.663691520690918
Egy stat [-8.794692, -5.636649, -7.48835, 0.52457434]
Start for  1_10_5 [96/105]
Fin;generate all combinations 48048 ...time: 0.2700307369232178
Fin; energy prediction...time: 6.948094367980957
Egy stat [-10.771928, -6.282462, -8.985822, 0.6241801]
Start for  1_9_6 [97/105]
Fin;generate all combinations 80080 ...time: 0.36362147331237793
Fin; energy prediction...time: 10.49876618385315
Egy stat [-12.647896, -6.8918605, -10.606223, 0.7156912]
Start for  1_8_7 [98/105]
Fin;generate all combinations 102960 ...time: 0.3691742420196533
Fin; energy prediction...time: 13.722613334655762
Egy stat [-14.728487, -7.7860947, -12.39059, 0.78108853]
Start for  1_7_8 [99/105]
Fin;generate all combinations 102960 ...time: 0.39302563667297363
Fin; energy prediction...time: 13.379865407943726
Egy stat [-16.443214, -9.6832075, -14.36681, 0.80714744]
Start for  1_6_9 [100/105]
Fin;generate all combinations 80080 ...time: 0.3973865509033203
Fin; energy prediction...time: 10.836406946182251
Egy stat [-18.618116, -13.146512, -16.551702, 0.7871909]
Start for  1_5_10 [101/105]
Fin;generate all combinations 48048 ...time: 0.10310554504394531
Fin; energy prediction...time: 6.9619081020355225
Egy stat [-20.726898, -16.487091, -18.952719, 0.7207727]
Start for  1_4_11 [102/105]
Fin;generate all combinations 21840 ...time: 0.1481311321258545
Fin; energy prediction...time: 3.5611789226531982
Egy stat [-23.247135, -19.703178, -21.569529, 0.61259204]
Start for  1_3_12 [103/105]
Fin;generate all combinations 7280 ...time: 0.017170429229736328
Fin; energy prediction...time: 1.8312649726867676
Egy stat [-25.503788, -23.060188, -24.39581, 0.47099766]
Start for  1_2_13 [104/105]
Fin;generate all combinations 1680 ...time: 0.0053212642669677734
Fin; energy prediction...time: 1.106874704360962
Egy stat [-28.121767, -26.789843, -27.421213, 0.30627546]
Start for  1_1_14 [105/105]
Fin;generate all combinations 240 ...time: 0.002104520797729492
Fin; energy prediction...time: 0.9401402473449707
Egy stat [-30.899963, -30.402267, -30.633427, 0.12800571]
Saving....
Saved to... Cs_CdHgSn_I.pkl
Total elapsed time... 5500.5487844944
