Summary of calculations
Site name (A,B,C)... Cs Cd,Pb,Sn Br
Base cif file name... ../0.cif
Save file name... Cs_CdPbSn_Br.pkl
Fin; combination with repetition...time: 0.0017857551574707031
Start for  14_1_1 [1/105]
Fin;generate all combinations 240 ...time: 0.0006210803985595703
Fin; energy prediction...time: 0.17875194549560547
Egy stat [-22.733181, -19.421413, -22.054382, 0.7491153]
Start for  13_2_1 [2/105]
Fin;generate all combinations 1680 ...time: 0.003651142120361328
Fin; energy prediction...time: 0.34725093841552734
Egy stat [-25.81822, -22.062294, -24.216309, 0.9919448]
Start for  13_1_2 [3/105]
Fin;generate all combinations 1680 ...time: 0.0038878917694091797
Fin; energy prediction...time: 0.38591790199279785
Egy stat [-27.541185, -23.808279, -25.874102, 0.98346]
Start for  12_3_1 [4/105]
Fin;generate all combinations 7280 ...time: 0.012244224548339844
Fin; energy prediction...time: 1.1819872856140137
Egy stat [-28.832098, -21.943485, -26.10267, 1.0572777]
Start for  12_2_2 [5/105]
Fin;generate all combinations 10920 ...time: 0.017413854598999023
Fin; energy prediction...time: 1.6123573780059814
Egy stat [-30.487242, -23.570122, -27.675175, 1.0266358]
Start for  12_1_3 [6/105]
Fin;generate all combinations 7280 ...time: 0.06225109100341797
Fin; energy prediction...time: 1.0350501537322998
Egy stat [-32.096466, -25.416996, -29.243494, 1.0018625]
Start for  11_4_1 [7/105]
Fin;generate all combinations 21840 ...time: 0.12476229667663574
Fin; energy prediction...time: 2.8333895206451416
Egy stat [-30.21136, -24.088547, -27.80244, 1.0095768]
Start for  11_3_2 [8/105]
Fin;generate all combinations 43680 ...time: 0.12656784057617188
Fin; energy prediction...time: 5.6339991092681885
Egy stat [-31.749825, -25.850481, -29.300045, 0.96773314]
Start for  11_2_3 [9/105]
Fin;generate all combinations 43680 ...time: 0.15866947174072266
Fin; energy prediction...time: 5.465484380722046
Egy stat [-33.196564, -27.493223, -30.796505, 0.9277825]
Start for  11_1_4 [10/105]
Fin;generate all combinations 21840 ...time: 0.0519566535949707
Fin; energy prediction...time: 2.8819282054901123
Egy stat [-34.64913, -29.280014, -32.29349, 0.88978195]
Start for  10_5_1 [11/105]
Fin;generate all combinations 48048 ...time: 0.18006014823913574
Fin; energy prediction...time: 5.984814167022705
Egy stat [-31.75829, -25.375523, -29.3976, 0.8994992]
Start for  10_4_2 [12/105]
Fin;generate all combinations 120120 ...time: 0.42632079124450684
Fin; energy prediction...time: 14.799675464630127
Egy stat [-33.116585, -26.678143, -30.828794, 0.85464317]
Start for  10_3_3 [13/105]
Fin;generate all combinations 160160 ...time: 0.3831915855407715
Fin; energy prediction...time: 20.44718885421753
Egy stat [-34.452305, -28.291382, -32.26223, 0.80979806]
Start for  10_2_4 [14/105]
Fin;generate all combinations 120120 ...time: 0.5926787853240967
Fin; energy prediction...time: 14.90839147567749
Egy stat [-35.795547, -29.69843, -33.699627, 0.7652996]
Start for  10_1_5 [15/105]
Fin;generate all combinations 48048 ...time: 0.09186148643493652
Fin; energy prediction...time: 6.218377113342285
Egy stat [-37.106903, -31.414797, -35.142757, 0.7221515]
Start for  9_6_1 [16/105]
Fin;generate all combinations 80080 ...time: 0.2474513053894043
Fin; energy prediction...time: 10.058876991271973
Egy stat [-33.13665, -27.573833, -30.961126, 0.76930755]
Start for  9_5_2 [17/105]
Fin;generate all combinations 240240 ...time: 0.8052084445953369
Fin; energy prediction...time: 29.413191080093384
Egy stat [-34.390022, -29.032925, -32.33263, 0.7279321]
Start for  9_4_3 [18/105]
Fin;generate all combinations 400400 ...time: 1.1925406455993652
Fin; energy prediction...time: 49.33752226829529
Egy stat [-35.597298, -30.359148, -33.709984, 0.6861691]
Start for  9_3_4 [19/105]
Fin;generate all combinations 400400 ...time: 1.8562812805175781
Fin; energy prediction...time: 49.96044158935547
Egy stat [-36.97767, -31.936993, -35.094963, 0.6445713]
Start for  9_2_5 [20/105]
Fin;generate all combinations 240240 ...time: 0.4070446491241455
Fin; energy prediction...time: 30.62422800064087
Egy stat [-38.36634, -33.39083, -36.489372, 0.6043834]
Start for  9_1_6 [21/105]
Fin;generate all combinations 80080 ...time: 0.5231077671051025
Fin; energy prediction...time: 10.712338209152222
Egy stat [-39.626747, -35.08889, -37.894962, 0.5676851]
Start for  8_7_1 [22/105]
Fin;generate all combinations 102960 ...time: 0.4449634552001953
Fin; energy prediction...time: 12.978844165802002
Egy stat [-34.61795, -28.739756, -32.55584, 0.651339]
Start for  8_6_2 [23/105]
Fin;generate all combinations 360360 ...time: 1.186142921447754
Fin; energy prediction...time: 44.41746711730957
Egy stat [-35.69883, -30.0183, -33.872734, 0.618229]
Start for  8_5_3 [24/105]
Fin;generate all combinations 720720 ...time: 2.0253794193267822
Fin; energy prediction...time: 89.87831044197083
Egy stat [-36.868874, -31.489094, -35.199207, 0.58530277]
Start for  8_4_4 [25/105]
Fin;generate all combinations 900900 ...time: 2.804419994354248
Fin; energy prediction...time: 109.5055320262909
Egy stat [-38.193024, -32.743416, -36.537086, 0.55329883]
Start for  8_3_5 [26/105]
Fin;generate all combinations 720720 ...time: 2.482293128967285
Fin; energy prediction...time: 90.65318632125854
Egy stat [-39.613667, -34.276314, -37.88819, 0.52359396]
Start for  8_2_6 [27/105]
Fin;generate all combinations 360360 ...time: 2.512383460998535
Fin; energy prediction...time: 45.85320568084717
Egy stat [-41.050198, -35.597404, -39.25429, 0.49827346]
Start for  8_1_7 [28/105]
Fin;generate all combinations 102960 ...time: 0.22017645835876465
Fin; energy prediction...time: 13.273905515670776
Egy stat [-42.355644, -37.09005, -40.637096, 0.4801128]
Start for  7_8_1 [29/105]
Fin;generate all combinations 102960 ...time: 0.18399333953857422
Fin; energy prediction...time: 13.131856441497803
Egy stat [-35.92685, -30.667778, -34.23423, 0.5635663]
Start for  7_7_2 [30/105]
Fin;generate all combinations 411840 ...time: 1.6332366466522217
Fin; energy prediction...time: 50.64621710777283
Egy stat [-37.065456, -32.16275, -35.500076, 0.54086494]
Start for  7_6_3 [31/105]
Fin;generate all combinations 960960 ...time: 3.3939225673675537
Fin; energy prediction...time: 117.44105768203735
Egy stat [-38.202595, -33.473274, -36.77922, 0.51907724]
Start for  7_5_4 [32/105]
Fin;generate all combinations 1441440 ...time: 5.118958950042725
Fin; energy prediction...time: 175.16836953163147
Egy stat [-39.566345, -34.945454, -38.073555, 0.49892497]
Start for  7_4_5 [33/105]
Fin;generate all combinations 1441440 ...time: 8.97478175163269
Fin; energy prediction...time: 178.37814712524414
Egy stat [-40.970596, -36.273087, -39.384945, 0.4815963]
Start for  7_3_6 [34/105]
Fin;generate all combinations 960960 ...time: 4.064751625061035
Fin; energy prediction...time: 126.51891589164734
Egy stat [-42.33162, -37.76444, -40.715168, 0.46871406]
Start for  7_2_7 [35/105]
Fin;generate all combinations 411840 ...time: 2.336127519607544
Fin; energy prediction...time: 50.5849289894104
Egy stat [-43.604794, -39.13379, -42.06591, 0.46222198]
Start for  7_1_8 [36/105]
Fin;generate all combinations 102960 ...time: 0.8269908428192139
Fin; energy prediction...time: 13.510189294815063
Egy stat [-44.955563, -40.63777, -43.438766, 0.46414918]
Start for  6_9_1 [37/105]
Fin;generate all combinations 80080 ...time: 0.15700912475585938
Fin; energy prediction...time: 10.624376058578491
Egy stat [-37.3089, -33.142426, -36.039062, 0.5054173]
Start for  6_8_2 [38/105]
Fin;generate all combinations 360360 ...time: 1.3601839542388916
Fin; energy prediction...time: 44.34165000915527
Egy stat [-38.579227, -34.103893, -37.255962, 0.49194387]
Start for  6_7_3 [39/105]
Fin;generate all combinations 960960 ...time: 3.327674150466919
Fin; energy prediction...time: 120.05654525756836
Egy stat [-39.862427, -35.54345, -38.48981, 0.47955623]
Start for  6_6_4 [40/105]
Fin;generate all combinations 1681680 ...time: 7.665382146835327
Fin; energy prediction...time: 203.9321472644806
Egy stat [-41.096966, -36.900475, -39.742565, 0.46874845]
Start for  6_5_5 [41/105]
Fin;generate all combinations 2018016 ...time: 11.73019814491272
Fin; energy prediction...time: 246.3646719455719
Egy stat [-42.47477, -38.326553, -41.016064, 0.46031097]
Start for  6_4_6 [42/105]
Fin;generate all combinations 1681680 ...time: 12.595679759979248
Fin; energy prediction...time: 205.77233219146729
Egy stat [-43.897778, -39.70629, -42.312218, 0.45527247]
Start for  6_3_7 [43/105]
Fin;generate all combinations 960960 ...time: 4.799146890640259
Fin; energy prediction...time: 120.72624349594116
Egy stat [-45.13115, -41.19218, -43.63262, 0.45481193]
Start for  6_2_8 [44/105]
Fin;generate all combinations 360360 ...time: 2.4529972076416016
Fin; energy prediction...time: 44.881152868270874
Egy stat [-46.39307, -42.625465, -44.978905, 0.460126]
Start for  6_1_9 [45/105]
Fin;generate all combinations 80080 ...time: 0.2240159511566162
Fin; energy prediction...time: 11.194649934768677
Egy stat [-47.748547, -44.13188, -46.35251, 0.47228557]
Start for  5_10_1 [46/105]
Fin;generate all combinations 48048 ...time: 0.10541558265686035
Fin; energy prediction...time: 6.860851526260376
Egy stat [-39.048225, -35.662136, -38.00478, 0.4612642]
Start for  5_9_2 [47/105]
Fin;generate all combinations 240240 ...time: 0.9894688129425049
Fin; energy prediction...time: 30.573612451553345
Egy stat [-40.25349, -36.627613, -39.17349, 0.4539495]
Start for  5_8_3 [48/105]
Fin;generate all combinations 720720 ...time: 2.542881727218628
Fin; energy prediction...time: 88.09761190414429
Egy stat [-41.530468, -37.620552, -40.36261, 0.44732776]
Start for  5_7_4 [49/105]
Fin;generate all combinations 1441440 ...time: 4.872689723968506
Fin; energy prediction...time: 180.6535985469818
Egy stat [-42.804806, -39.052307, -41.57417, 0.44164243]
Start for  5_6_5 [50/105]
Fin;generate all combinations 2018016 ...time: 9.32889437675476
Fin; energy prediction...time: 246.6022822856903
Egy stat [-44.09021, -40.394012, -42.81007, 0.43733963]
Start for  5_5_6 [51/105]
Fin;generate all combinations 2018016 ...time: 13.311952114105225
Fin; energy prediction...time: 247.3870928287506
Egy stat [-45.384274, -41.840202, -44.0722, 0.4350241]
Start for  5_4_7 [52/105]
Fin;generate all combinations 1441440 ...time: 11.965831756591797
Fin; energy prediction...time: 177.63518357276917
Egy stat [-46.56472, -43.21029, -45.3622, 0.4354072]
Start for  5_3_8 [53/105]
Fin;generate all combinations 720720 ...time: 1.5284998416900635
Fin; energy prediction...time: 89.07191586494446
Egy stat [-47.799656, -44.698814, -46.681725, 0.43925208]
Start for  5_2_9 [54/105]
Fin;generate all combinations 240240 ...time: 1.9073429107666016
Fin; energy prediction...time: 30.519254207611084
Egy stat [-49.09551, -46.11626, -48.032196, 0.44731092]
Start for  5_1_10 [55/105]
Fin;generate all combinations 48048 ...time: 0.509899377822876
Fin; energy prediction...time: 6.951709270477295
Egy stat [-50.44588, -47.630985, -49.41493, 0.46026817]
Start for  4_11_1 [56/105]
Fin;generate all combinations 21840 ...time: 0.05378580093383789
Fin; energy prediction...time: 3.621638774871826
Egy stat [-41.11306, -38.096825, -40.15937, 0.41162598]
Start for  4_10_2 [57/105]
Fin;generate all combinations 120120 ...time: 0.4594094753265381
Fin; energy prediction...time: 15.841337203979492
Egy stat [-42.276306, -39.077377, -41.279343, 0.407947]
Start for  4_9_3 [58/105]
Fin;generate all combinations 400400 ...time: 1.6898069381713867
Fin; energy prediction...time: 49.86627912521362
Egy stat [-43.467163, -40.076424, -42.422947, 0.4043476]
Start for  4_8_4 [59/105]
Fin;generate all combinations 900900 ...time: 3.5584869384765625
Fin; energy prediction...time: 111.29278683662415
Egy stat [-44.749195, -41.070126, -43.59227, 0.40087512]
Start for  4_7_5 [60/105]
Fin;generate all combinations 1441440 ...time: 7.260951280593872
Fin; energy prediction...time: 175.15718722343445
Egy stat [-45.902023, -42.47582, -44.789303, 0.3977317]
Start for  4_6_6 [61/105]
Fin;generate all combinations 1681680 ...time: 10.662439346313477
Fin; energy prediction...time: 205.77203512191772
Egy stat [-47.13139, -43.788628, -46.015865, 0.3952477]
Start for  4_5_7 [62/105]
Fin;generate all combinations 1441440 ...time: 10.6218421459198
Fin; energy prediction...time: 177.78829383850098
Egy stat [-48.496826, -45.230812, -47.27379, 0.3938535]
Start for  4_4_8 [63/105]
Fin;generate all combinations 900900 ...time: 4.8686745166778564
Fin; energy prediction...time: 112.22390818595886
Egy stat [-49.67732, -46.587265, -48.564625, 0.3940577]
Start for  4_3_9 [64/105]
Fin;generate all combinations 400400 ...time: 2.147709369659424
Fin; energy prediction...time: 50.618494749069214
Egy stat [-50.940998, -48.08255, -49.88987, 0.39642814]
Start for  4_2_10 [65/105]
Fin;generate all combinations 120120 ...time: 0.8331372737884521
Fin; energy prediction...time: 15.839425563812256
Egy stat [-52.223255, -49.50044, -51.250866, 0.4015729]
Start for  4_1_11 [66/105]
Fin;generate all combinations 21840 ...time: 0.06152153015136719
Fin; energy prediction...time: 3.6125566959381104
Egy stat [-53.600277, -51.027294, -52.648735, 0.41012165]
Start for  3_12_1 [67/105]
Fin;generate all combinations 7280 ...time: 0.020710229873657227
Fin; energy prediction...time: 1.7990970611572266
Egy stat [-43.206913, -41.221786, -42.52628, 0.341388]
Start for  3_11_2 [68/105]
Fin;generate all combinations 43680 ...time: 0.14870429039001465
Fin; energy prediction...time: 6.4918036460876465
Egy stat [-44.3279, -42.12112, -43.59585, 0.34061885]
Start for  3_10_3 [69/105]
Fin;generate all combinations 160160 ...time: 0.644707202911377
Fin; energy prediction...time: 20.366870880126953
Egy stat [-45.506187, -43.12061, -44.69195, 0.33933014]
Start for  3_9_4 [70/105]
Fin;generate all combinations 400400 ...time: 1.562391757965088
Fin; energy prediction...time: 50.00421929359436
Egy stat [-46.710835, -44.12794, -45.81671, 0.33739203]
Start for  3_8_5 [71/105]
Fin;generate all combinations 720720 ...time: 2.700246810913086
Fin; energy prediction...time: 90.08473563194275
Egy stat [-47.981274, -45.15958, -46.9722, 0.3348137]
Start for  3_7_6 [72/105]
Fin;generate all combinations 960960 ...time: 5.564625978469849
Fin; energy prediction...time: 117.1657166481018
Egy stat [-49.271683, -46.537437, -48.160336, 0.3317169]
Start for  3_6_7 [73/105]
Fin;generate all combinations 960960 ...time: 3.5360708236694336
Fin; energy prediction...time: 117.55883955955505
Egy stat [-50.530895, -47.8894, -49.38293, 0.3283203]
Start for  3_5_8 [74/105]
Fin;generate all combinations 720720 ...time: 2.851360321044922
Fin; energy prediction...time: 88.48618197441101
Egy stat [-51.732056, -49.31099, -50.641613, 0.32493556]
Start for  3_4_9 [75/105]
Fin;generate all combinations 400400 ...time: 0.8017518520355225
Fin; energy prediction...time: 51.658464670181274
Egy stat [-52.908783, -50.705822, -51.937943, 0.32197225]
Start for  3_3_10 [76/105]
Fin;generate all combinations 160160 ...time: 0.339078426361084
Fin; energy prediction...time: 20.563140392303467
Egy stat [-54.17369, -52.189205, -53.27324, 0.3199511]
Start for  3_2_11 [77/105]
Fin;generate all combinations 43680 ...time: 0.11369490623474121
Fin; energy prediction...time: 6.588801383972168
Egy stat [-55.47219, -53.685146, -54.648724, 0.3195183]
Start for  3_1_12 [78/105]
Fin;generate all combinations 7280 ...time: 0.02181553840637207
Fin; energy prediction...time: 1.770986795425415
Egy stat [-56.846798, -55.20093, -56.06539, 0.3214541]
Start for  2_13_1 [79/105]
Fin;generate all combinations 1680 ...time: 0.0059435367584228516
Fin; energy prediction...time: 1.03513765335083
Egy stat [-45.576824, -44.45588, -45.126266, 0.24061443]
Start for  2_12_2 [80/105]
Fin;generate all combinations 10920 ...time: 0.022225379943847656
Fin; energy prediction...time: 2.27018666267395
Egy stat [-46.694347, -45.307854, -46.142895, 0.2441708]
Start for  2_11_3 [81/105]
Fin;generate all combinations 43680 ...time: 0.1512584686279297
Fin; energy prediction...time: 6.194308280944824
Egy stat [-47.804176, -46.2062, -47.188488, 0.24672438]
Start for  2_10_4 [82/105]
Fin;generate all combinations 120120 ...time: 0.5847029685974121
Fin; energy prediction...time: 15.371031045913696
Egy stat [-48.941982, -47.110134, -48.2653, 0.24790937]
Start for  2_9_5 [83/105]
Fin;generate all combinations 240240 ...time: 0.939445972442627
Fin; energy prediction...time: 30.1103413105011
Egy stat [-50.16867, -48.150394, -49.375477, 0.2475229]
Start for  2_8_6 [84/105]
Fin;generate all combinations 360360 ...time: 1.1297202110290527
Fin; energy prediction...time: 45.51245164871216
Egy stat [-51.406723, -49.19152, -50.52101, 0.24548094]
Start for  2_7_7 [85/105]
Fin;generate all combinations 411840 ...time: 1.4062609672546387
Fin; energy prediction...time: 50.76907014846802
Egy stat [-52.676666, -50.5364, -51.703777, 0.24179417]
Start for  2_6_8 [86/105]
Fin;generate all combinations 360360 ...time: 1.4140598773956299
Fin; energy prediction...time: 45.407607078552246
Egy stat [-53.816814, -51.89145, -52.925518, 0.2365644]
Start for  2_5_9 [87/105]
Fin;generate all combinations 240240 ...time: 1.0783982276916504
Fin; energy prediction...time: 31.05004906654358
Egy stat [-54.972054, -53.292347, -54.1878, 0.23000014]
Start for  2_4_10 [88/105]
Fin;generate all combinations 120120 ...time: 0.2575855255126953
Fin; energy prediction...time: 16.404819011688232
Egy stat [-56.16388, -54.70794, -55.49203, 0.2224562]
Start for  2_3_11 [89/105]
Fin;generate all combinations 43680 ...time: 0.30603623390197754
Fin; energy prediction...time: 6.245744705200195
Egy stat [-57.436886, -56.173595, -56.839474, 0.2144997]
Start for  2_2_12 [90/105]
Fin;generate all combinations 10920 ...time: 0.12470555305480957
Fin; energy prediction...time: 2.1933681964874268
Egy stat [-58.76634, -57.667442, -58.231216, 0.20700231]
Start for  2_1_13 [91/105]
Fin;generate all combinations 1680 ...time: 0.0060994625091552734
Fin; energy prediction...time: 1.0298621654510498
Egy stat [-60.16929, -59.256954, -59.668163, 0.20124061]
Start for  1_14_1 [92/105]
Fin;generate all combinations 240 ...time: 0.001566171646118164
Fin; energy prediction...time: 0.8345890045166016
Egy stat [-48.13298, -47.806995, -47.978725, 0.09798307]
Start for  1_13_2 [93/105]
Fin;generate all combinations 1680 ...time: 0.003720998764038086
Fin; energy prediction...time: 1.010840654373169
Egy stat [-49.156498, -48.606197, -48.939297, 0.113082096]
Start for  1_12_3 [94/105]
Fin;generate all combinations 7280 ...time: 0.016422510147094727
Fin; energy prediction...time: 1.7875652313232422
Egy stat [-50.199295, -49.513397, -49.930737, 0.12589921]
Start for  1_11_4 [95/105]
Fin;generate all combinations 21840 ...time: 0.04671835899353027
Fin; energy prediction...time: 3.7242143154144287
Egy stat [-51.314648, -50.42764, -50.955437, 0.13583022]
Start for  1_10_5 [96/105]
Fin;generate all combinations 48048 ...time: 0.22397112846374512
Fin; energy prediction...time: 6.897963523864746
Egy stat [-52.452557, -51.3685, -52.01567, 0.14259565]
Start for  1_9_6 [97/105]
Fin;generate all combinations 80080 ...time: 0.3173246383666992
Fin; energy prediction...time: 10.831358671188354
Egy stat [-53.686924, -52.29487, -53.113537, 0.14604491]
Start for  1_8_7 [98/105]
Fin;generate all combinations 102960 ...time: 0.35774898529052734
Fin; energy prediction...time: 13.899495124816895
Egy stat [-54.959652, -53.273296, -54.251007, 0.14607334]
Start for  1_7_8 [99/105]
Fin;generate all combinations 102960 ...time: 0.387462854385376
Fin; energy prediction...time: 13.513034582138062
Egy stat [-56.11004, -54.64363, -55.429905, 0.14258668]
Start for  1_6_9 [100/105]
Fin;generate all combinations 80080 ...time: 0.33229780197143555
Fin; energy prediction...time: 10.637266397476196
Egy stat [-57.200756, -55.990196, -56.651894, 0.13548371]
Start for  1_5_10 [101/105]
Fin;generate all combinations 48048 ...time: 0.2483823299407959
Fin; energy prediction...time: 6.684908151626587
Egy stat [-58.312317, -57.406273, -57.91849, 0.124647945]
Start for  1_4_11 [102/105]
Fin;generate all combinations 21840 ...time: 0.05129814147949219
Fin; energy prediction...time: 3.739499568939209
Egy stat [-59.518883, -58.806828, -59.231033, 0.10994297]
Start for  1_3_12 [103/105]
Fin;generate all combinations 7280 ...time: 0.01887965202331543
Fin; energy prediction...time: 1.8015596866607666
Egy stat [-60.80909, -60.318993, -60.59068, 0.09120595]
Start for  1_2_13 [104/105]
Fin;generate all combinations 1680 ...time: 0.05742955207824707
Fin; energy prediction...time: 1.0602834224700928
Egy stat [-62.14523, -61.835125, -61.998444, 0.06822791]
Start for  1_1_14 [105/105]
Fin;generate all combinations 240 ...time: 0.001672506332397461
Fin; energy prediction...time: 0.8702261447906494
Egy stat [-63.573627, -63.38702, -63.455128, 0.040635545]
Saving....
Saved to... Cs_CdPbSn_Br.pkl
Total elapsed time... 5581.980261087418
