Summary of calculations
Site name (A,B,C)... Cs Ge,Pb,Zn Br
Base cif file name... ../0.cif
Save file name... Cs_GePbZn_Br.pkl
Fin; combination with repetition...time: 0.0017209053039550781
Start for  14_1_1 [1/105]
Fin;generate all combinations 240 ...time: 0.0006268024444580078
Fin; energy prediction...time: 0.21728277206420898
Egy stat [-82.570564, -81.406006, -81.85883, 0.3118649]
Start for  13_2_1 [2/105]
Fin;generate all combinations 1680 ...time: 0.0034339427947998047
Fin; energy prediction...time: 0.4039177894592285
Egy stat [-78.436066, -76.263374, -77.399315, 0.47584304]
Start for  13_1_2 [3/105]
Fin;generate all combinations 1680 ...time: 0.003859281539916992
Fin; energy prediction...time: 0.3892204761505127
Egy stat [-75.96988, -73.73149, -74.88777, 0.46650276]
Start for  12_3_1 [4/105]
Fin;generate all combinations 7280 ...time: 0.012045145034790039
Fin; energy prediction...time: 1.1846859455108643
Egy stat [-74.50922, -71.26776, -73.22078, 0.60468215]
Start for  12_2_2 [5/105]
Fin;generate all combinations 10920 ...time: 0.01711583137512207
Fin; energy prediction...time: 1.5878753662109375
Egy stat [-72.314255, -68.471, -70.54686, 0.62963593]
Start for  12_1_3 [6/105]
Fin;generate all combinations 7280 ...time: 0.06379270553588867
Fin; energy prediction...time: 1.1743006706237793
Egy stat [-69.74457, -66.77171, -68.2368, 0.57392323]
Start for  11_4_1 [7/105]
Fin;generate all combinations 21840 ...time: 0.08540797233581543
Fin; energy prediction...time: 3.054802656173706
Egy stat [-70.956924, -66.23134, -69.31999, 0.7045207]
Start for  11_3_2 [8/105]
Fin;generate all combinations 43680 ...time: 0.12566375732421875
Fin; energy prediction...time: 5.717905282974243
Egy stat [-68.52557, -63.4387, -66.47551, 0.757941]
Start for  11_2_3 [9/105]
Fin;generate all combinations 43680 ...time: 0.15047121047973633
Fin; energy prediction...time: 5.620112180709839
Egy stat [-66.25505, -61.651394, -64.011505, 0.73661745]
Start for  11_1_4 [10/105]
Fin;generate all combinations 21840 ...time: 0.041396379470825195
Fin; energy prediction...time: 2.9615442752838135
Egy stat [-63.728947, -60.16844, -61.878235, 0.63650316]
Start for  10_5_1 [11/105]
Fin;generate all combinations 48048 ...time: 0.20034003257751465
Fin; energy prediction...time: 6.372626066207886
Egy stat [-67.778275, -62.098602, -65.69252, 0.7778844]
Start for  10_4_2 [12/105]
Fin;generate all combinations 120120 ...time: 0.45736265182495117
Fin; energy prediction...time: 14.840619325637817
Egy stat [-65.145325, -58.43621, -62.669186, 0.85703546]
Start for  10_3_3 [13/105]
Fin;generate all combinations 160160 ...time: 0.601189374923706
Fin; energy prediction...time: 19.723859310150146
Egy stat [-62.942364, -56.787334, -60.043564, 0.8653184]
Start for  10_2_4 [14/105]
Fin;generate all combinations 120120 ...time: 0.37609219551086426
Fin; energy prediction...time: 15.178778648376465
Egy stat [-60.48154, -54.795494, -57.765472, 0.80273175]
Start for  10_1_5 [15/105]
Fin;generate all combinations 48048 ...time: 0.09828543663024902
Fin; energy prediction...time: 6.206188678741455
Egy stat [-58.001045, -53.957535, -55.77984, 0.65992254]
Start for  9_6_1 [16/105]
Fin;generate all combinations 80080 ...time: 0.22834157943725586
Fin; energy prediction...time: 10.331164121627808
Egy stat [-64.83194, -57.752266, -62.33359, 0.82628655]
Start for  9_5_2 [17/105]
Fin;generate all combinations 240240 ...time: 0.6699540615081787
Fin; energy prediction...time: 29.735671758651733
Egy stat [-62.206898, -54.821438, -59.12243, 0.9297292]
Start for  9_4_3 [18/105]
Fin;generate all combinations 400400 ...time: 1.2302086353302002
Fin; energy prediction...time: 48.94419574737549
Egy stat [-59.667145, -51.647552, -56.32736, 0.9651465]
Start for  9_3_4 [19/105]
Fin;generate all combinations 400400 ...time: 1.5851716995239258
Fin; energy prediction...time: 49.02206826210022
Egy stat [-57.405964, -49.686394, -53.897022, 0.93481094]
Start for  9_2_5 [20/105]
Fin;generate all combinations 240240 ...time: 1.0409040451049805
Fin; energy prediction...time: 30.70475935935974
Egy stat [-54.751373, -48.65793, -51.776604, 0.83608735]
Start for  9_1_6 [21/105]
Fin;generate all combinations 80080 ...time: 0.1614978313446045
Fin; energy prediction...time: 10.660109996795654
Egy stat [-52.068943, -47.744766, -49.90385, 0.6576356]
Start for  8_7_1 [22/105]
Fin;generate all combinations 102960 ...time: 0.3298201560974121
Fin; energy prediction...time: 13.044792175292969
Egy stat [-62.14395, -54.193687, -59.238758, 0.85081995]
Start for  8_6_2 [23/105]
Fin;generate all combinations 360360 ...time: 1.3625452518463135
Fin; energy prediction...time: 44.00849628448486
Egy stat [-59.621418, -51.095825, -55.82971, 0.97779644]
Start for  8_5_3 [24/105]
Fin;generate all combinations 720720 ...time: 2.5182945728302
Fin; energy prediction...time: 88.59281420707703
Egy stat [-56.518314, -48.14586, -52.85669, 1.0389613]
Start for  8_4_4 [25/105]
Fin;generate all combinations 900900 ...time: 2.4542126655578613
Fin; energy prediction...time: 110.39311361312866
Egy stat [-54.461327, -44.663647, -50.266483, 1.038029]
Start for  8_3_5 [26/105]
Fin;generate all combinations 720720 ...time: 2.6087164878845215
Fin; energy prediction...time: 89.77122259140015
Egy stat [-51.841988, -43.741825, -48.003883, 0.97600937]
Start for  8_2_6 [27/105]
Fin;generate all combinations 360360 ...time: 1.7833807468414307
Fin; energy prediction...time: 45.846457719802856
Egy stat [-49.398945, -42.48677, -46.007416, 0.850781]
Start for  8_1_7 [28/105]
Fin;generate all combinations 102960 ...time: 0.23886752128601074
Fin; energy prediction...time: 13.284203052520752
Egy stat [-46.438282, -42.10434, -44.20617, 0.65281004]
Start for  7_8_1 [29/105]
Fin;generate all combinations 102960 ...time: 0.18353986740112305
Fin; energy prediction...time: 12.960779190063477
Egy stat [-59.464134, -50.314854, -56.40445, 0.8523828]
Start for  7_7_2 [30/105]
Fin;generate all combinations 411840 ...time: 1.7905008792877197
Fin; energy prediction...time: 50.35366702079773
Egy stat [-56.881363, -47.363632, -52.785915, 1.0025122]
Start for  7_6_3 [31/105]
Fin;generate all combinations 960960 ...time: 3.383420467376709
Fin; energy prediction...time: 116.85079288482666
Egy stat [-53.584015, -44.4555, -49.625374, 1.0886507]
Start for  7_5_4 [32/105]
Fin;generate all combinations 1441440 ...time: 6.27396559715271
Fin; energy prediction...time: 176.77918076515198
Egy stat [-51.370323, -41.27619, -46.86706, 1.1154377]
Start for  7_4_5 [33/105]
Fin;generate all combinations 1441440 ...time: 7.440967559814453
Fin; energy prediction...time: 179.15112590789795
Egy stat [-48.938984, -39.20549, -44.45467, 1.0861721]
Start for  7_3_6 [34/105]
Fin;generate all combinations 960960 ...time: 6.681447982788086
Fin; energy prediction...time: 118.49499034881592
Egy stat [-46.44723, -38.2092, -42.32693, 1.0031466]
Start for  7_2_7 [35/105]
Fin;generate all combinations 411840 ...time: 0.7987527847290039
Fin; energy prediction...time: 51.98991322517395
Egy stat [-43.96134, -36.907555, -40.414185, 0.8671226]
Start for  7_1_8 [36/105]
Fin;generate all combinations 102960 ...time: 0.2409961223602295
Fin; energy prediction...time: 13.453821182250977
Egy stat [-41.13801, -36.341217, -38.63602, 0.6734748]
Start for  6_9_1 [37/105]
Fin;generate all combinations 80080 ...time: 0.3858046531677246
Fin; energy prediction...time: 10.327544927597046
Egy stat [-56.441547, -49.05967, -53.828358, 0.8317989]
Start for  6_8_2 [38/105]
Fin;generate all combinations 360360 ...time: 1.3684163093566895
Fin; energy prediction...time: 44.31325173377991
Egy stat [-54.29379, -43.63409, -49.986942, 1.0049074]
Start for  6_7_3 [39/105]
Fin;generate all combinations 960960 ...time: 4.560953378677368
Fin; energy prediction...time: 118.64971995353699
Egy stat [-50.875538, -40.973824, -46.627895, 1.1155939]
Start for  6_6_4 [40/105]
Fin;generate all combinations 1681680 ...time: 5.84769344329834
Fin; energy prediction...time: 212.64758396148682
Egy stat [-48.55246, -37.813976, -43.69217, 1.169078]
Start for  6_5_5 [41/105]
Fin;generate all combinations 2018016 ...time: 11.547121524810791
Fin; energy prediction...time: 244.04582405090332
Egy stat [-46.205017, -35.6388, -41.12173, 1.1701726]
Start for  6_4_6 [42/105]
Fin;generate all combinations 1681680 ...time: 9.983120679855347
Fin; energy prediction...time: 208.00300693511963
Egy stat [-43.887905, -33.136368, -38.854992, 1.1237137]
Start for  6_3_7 [43/105]
Fin;generate all combinations 960960 ...time: 4.578012228012085
Fin; energy prediction...time: 122.32816362380981
Egy stat [-41.432632, -32.382492, -36.82297, 1.0346199]
Start for  6_2_8 [44/105]
Fin;generate all combinations 360360 ...time: 0.7303118705749512
Fin; energy prediction...time: 45.46837496757507
Egy stat [-38.755157, -31.221066, -34.94674, 0.90617]
Start for  6_1_9 [45/105]
Fin;generate all combinations 80080 ...time: 0.20666050910949707
Fin; energy prediction...time: 10.924000263214111
Egy stat [-35.8696, -30.745441, -33.13616, 0.73591775]
Start for  5_10_1 [46/105]
Fin;generate all combinations 48048 ...time: 0.10535907745361328
Fin; energy prediction...time: 6.492502927780151
Egy stat [-53.581413, -47.64467, -51.50971, 0.78989]
Start for  5_9_2 [47/105]
Fin;generate all combinations 240240 ...time: 0.879641056060791
Fin; energy prediction...time: 29.771867513656616
Egy stat [-51.260403, -42.119255, -47.429924, 0.98593956]
Start for  5_8_3 [48/105]
Fin;generate all combinations 720720 ...time: 2.578526735305786
Fin; energy prediction...time: 88.46446013450623
Egy stat [-48.379223, -37.225037, -43.859703, 1.1209142]
Start for  5_7_4 [49/105]
Fin;generate all combinations 1441440 ...time: 7.751117467880249
Fin; energy prediction...time: 176.3457396030426
Egy stat [-45.998505, -34.585945, -40.735924, 1.2004495]
Start for  5_6_5 [50/105]
Fin;generate all combinations 2018016 ...time: 10.931215524673462
Fin; energy prediction...time: 249.33331632614136
Egy stat [-43.672783, -31.794949, -37.998207, 1.2303636]
Start for  5_5_6 [51/105]
Fin;generate all combinations 2018016 ...time: 11.064486980438232
Fin; energy prediction...time: 245.0714349746704
Egy stat [-41.391457, -29.92423, -35.584087, 1.2170657]
Start for  5_4_7 [52/105]
Fin;generate all combinations 1441440 ...time: 5.941516399383545
Fin; energy prediction...time: 179.19077610969543
Egy stat [-39.035652, -27.467318, -33.424805, 1.1676145]
Start for  5_3_8 [53/105]
Fin;generate all combinations 720720 ...time: 1.3320176601409912
Fin; energy prediction...time: 91.02492308616638
Egy stat [-36.462036, -26.55062, -31.4425, 1.0878956]
Start for  5_2_9 [54/105]
Fin;generate all combinations 240240 ...time: 0.5562162399291992
Fin; energy prediction...time: 31.264904499053955
Egy stat [-33.488968, -25.831848, -29.548576, 0.9783696]
Start for  5_1_10 [55/105]
Fin;generate all combinations 48048 ...time: 0.14539337158203125
Fin; energy prediction...time: 7.212173223495483
Egy stat [-30.604694, -25.011868, -27.643507, 0.8297726]
Start for  4_11_1 [56/105]
Fin;generate all combinations 21840 ...time: 0.054136037826538086
Fin; energy prediction...time: 3.316149950027466
Egy stat [-51.196514, -46.374752, -49.44937, 0.72752327]
Start for  4_10_2 [57/105]
Fin;generate all combinations 120120 ...time: 0.5197079181671143
Fin; energy prediction...time: 15.295129299163818
Egy stat [-48.460495, -40.564373, -45.11357, 0.9466355]
Start for  4_9_3 [58/105]
Fin;generate all combinations 400400 ...time: 1.7727198600769043
Fin; energy prediction...time: 49.07632899284363
Egy stat [-45.626312, -35.7707, -41.317566, 1.1056774]
Start for  4_8_4 [59/105]
Fin;generate all combinations 900900 ...time: 3.6172420978546143
Fin; energy prediction...time: 110.80191731452942
Egy stat [-43.727028, -30.852386, -37.993534, 1.2107815]
Start for  4_7_5 [60/105]
Fin;generate all combinations 1441440 ...time: 7.558558225631714
Fin; energy prediction...time: 173.9264464378357
Egy stat [-41.305775, -28.737076, -35.07803, 1.268452]
Start for  4_6_6 [61/105]
Fin;generate all combinations 1681680 ...time: 10.73859167098999
Fin; energy prediction...time: 204.59708857536316
Egy stat [-39.00519, -25.763412, -32.507175, 1.2860656]
Start for  4_5_7 [62/105]
Fin;generate all combinations 1441440 ...time: 9.260259628295898
Fin; energy prediction...time: 175.2319850921631
Egy stat [-36.655327, -24.551617, -30.211994, 1.2719024]
Start for  4_4_8 [63/105]
Fin;generate all combinations 900900 ...time: 4.313508987426758
Fin; energy prediction...time: 111.19498634338379
Egy stat [-34.237103, -21.425808, -28.115332, 1.2330922]
Start for  4_3_9 [64/105]
Fin;generate all combinations 400400 ...time: 2.8074536323547363
Fin; energy prediction...time: 50.3720498085022
Egy stat [-31.13434, -21.243156, -26.12987, 1.1708164]
Start for  4_2_10 [65/105]
Fin;generate all combinations 120120 ...time: 0.27128076553344727
Fin; energy prediction...time: 15.702461242675781
Egy stat [-28.340357, -20.177475, -24.157576, 1.0748419]
Start for  4_1_11 [66/105]
Fin;generate all combinations 21840 ...time: 0.06191110610961914
Fin; energy prediction...time: 3.5622339248657227
Egy stat [-25.132267, -19.576803, -22.09011, 0.92290694]
Start for  3_12_1 [67/105]
Fin;generate all combinations 7280 ...time: 0.020079612731933594
Fin; energy prediction...time: 1.5679004192352295
Egy stat [-49.15464, -45.045666, -47.649803, 0.6456727]
Start for  3_11_2 [68/105]
Fin;generate all combinations 43680 ...time: 0.14364361763000488
Fin; energy prediction...time: 5.849919080734253
Egy stat [-45.954536, -39.152126, -43.0381, 0.8882448]
Start for  3_10_3 [69/105]
Fin;generate all combinations 160160 ...time: 0.71490478515625
Fin; energy prediction...time: 20.092512130737305
Egy stat [-42.949326, -34.39245, -38.999718, 1.071071]
Start for  3_9_4 [70/105]
Fin;generate all combinations 400400 ...time: 1.4880578517913818
Fin; energy prediction...time: 48.777339935302734
Egy stat [-40.702652, -29.696115, -35.46149, 1.2012504]
Start for  3_8_5 [71/105]
Fin;generate all combinations 720720 ...time: 2.7227532863616943
Fin; energy prediction...time: 87.61325240135193
Egy stat [-38.94052, -25.577194, -32.356274, 1.285834]
Start for  3_7_6 [72/105]
Fin;generate all combinations 960960 ...time: 5.148952484130859
Fin; energy prediction...time: 119.1484158039093
Egy stat [-36.589195, -23.902405, -29.618084, 1.3327466]
Start for  3_6_7 [73/105]
Fin;generate all combinations 960960 ...time: 4.233011722564697
Fin; energy prediction...time: 120.272465467453
Egy stat [-34.370426, -21.484253, -27.177372, 1.3509505]
Start for  3_5_8 [74/105]
Fin;generate all combinations 720720 ...time: 3.745476007461548
Fin; energy prediction...time: 88.78677701950073
Egy stat [-32.03974, -18.766739, -24.957432, 1.3483299]
Start for  3_4_9 [75/105]
Fin;generate all combinations 400400 ...time: 0.8006916046142578
Fin; energy prediction...time: 50.61187481880188
Egy stat [-28.765236, -16.408932, -22.871902, 1.3266388]
Start for  3_3_10 [76/105]
Fin;generate all combinations 160160 ...time: 0.3312253952026367
Fin; energy prediction...time: 20.733080863952637
Egy stat [-25.83023, -15.735098, -20.824059, 1.2753842]
Start for  3_2_11 [77/105]
Fin;generate all combinations 43680 ...time: 0.3387331962585449
Fin; energy prediction...time: 6.621446371078491
Egy stat [-22.406109, -15.012976, -18.706919, 1.1692371]
Start for  3_1_12 [78/105]
Fin;generate all combinations 7280 ...time: 0.022538185119628906
Fin; energy prediction...time: 1.6241505146026611
Egy stat [-19.35814, -13.453011, -16.404234, 0.9738451]
Start for  2_13_1 [79/105]
Fin;generate all combinations 1680 ...time: 0.006508827209472656
Fin; energy prediction...time: 0.8425512313842773
Egy stat [-47.197514, -44.543304, -46.11489, 0.5455961]
Start for  2_12_2 [80/105]
Fin;generate all combinations 10920 ...time: 0.023162364959716797
Fin; energy prediction...time: 2.0338501930236816
Egy stat [-43.69261, -37.726646, -41.205345, 0.8124697]
Start for  2_11_3 [81/105]
Fin;generate all combinations 43680 ...time: 0.13994240760803223
Fin; energy prediction...time: 6.087383270263672
Egy stat [-40.50553, -32.966347, -36.905968, 1.0186116]
Start for  2_10_4 [82/105]
Fin;generate all combinations 120120 ...time: 0.5844411849975586
Fin; energy prediction...time: 15.659188985824585
Egy stat [-37.81457, -28.38024, -33.137775, 1.173186]
Start for  2_9_5 [83/105]
Fin;generate all combinations 240240 ...time: 1.0220904350280762
Fin; energy prediction...time: 30.071261882781982
Egy stat [-35.810974, -24.340754, -29.829256, 1.2838416]
Start for  2_8_6 [84/105]
Fin;generate all combinations 360360 ...time: 1.5023818016052246
Fin; energy prediction...time: 44.615275859832764
Egy stat [-34.37178, -20.323166, -26.911777, 1.3587548]
Start for  2_7_7 [85/105]
Fin;generate all combinations 411840 ...time: 2.2313599586486816
Fin; energy prediction...time: 50.8766508102417
Egy stat [-32.099335, -19.116444, -24.314741, 1.4071758]
Start for  2_6_8 [86/105]
Fin;generate all combinations 360360 ...time: 1.337263822555542
Fin; energy prediction...time: 44.346983671188354
Egy stat [-29.92647, -15.930544, -21.961542, 1.4374803]
Start for  2_5_9 [87/105]
Fin;generate all combinations 240240 ...time: 1.5637028217315674
Fin; energy prediction...time: 29.87719750404358
Egy stat [-26.405857, -13.829045, -19.766714, 1.4521365]
Start for  2_4_10 [88/105]
Fin;generate all combinations 120120 ...time: 0.2482001781463623
Fin; energy prediction...time: 15.220180034637451
Egy stat [-23.35603, -10.827195, -17.634663, 1.4412329]
Start for  2_3_11 [89/105]
Fin;generate all combinations 43680 ...time: 0.10067105293273926
Fin; energy prediction...time: 6.1490020751953125
Egy stat [-19.671177, -10.5160475, -15.459584, 1.3787366]
Start for  2_2_12 [90/105]
Fin;generate all combinations 10920 ...time: 0.028736114501953125
Fin; energy prediction...time: 2.087217330932617
Egy stat [-16.426188, -8.903511, -13.126298, 1.2247328]
Start for  2_1_13 [91/105]
Fin;generate all combinations 1680 ...time: 0.006667613983154297
Fin; energy prediction...time: 0.8608484268188477
Egy stat [-12.367814, -8.156115, -10.511459, 0.9355886]
Start for  1_14_1 [92/105]
Fin;generate all combinations 240 ...time: 0.0014791488647460938
Fin; energy prediction...time: 0.648256778717041
Egy stat [-45.567715, -43.99294, -44.84955, 0.42949972]
Start for  1_13_2 [93/105]
Fin;generate all combinations 1680 ...time: 0.003818035125732422
Fin; energy prediction...time: 0.8430113792419434
Egy stat [-41.37539, -37.349808, -39.61847, 0.7219144]
Start for  1_12_3 [94/105]
Fin;generate all combinations 7280 ...time: 0.05878615379333496
Fin; energy prediction...time: 1.5279576778411865
Egy stat [-38.07508, -31.359413, -35.037567, 0.95044386]
Start for  1_11_4 [95/105]
Fin;generate all combinations 21840 ...time: 0.11177444458007812
Fin; energy prediction...time: 3.310450553894043
Egy stat [-35.220695, -26.932423, -31.021832, 1.1283019]
Start for  1_10_5 [96/105]
Fin;generate all combinations 48048 ...time: 0.18232965469360352
Fin; energy prediction...time: 6.4440388679504395
Egy stat [-32.685646, -22.810154, -27.494818, 1.2639668]
Start for  1_9_6 [97/105]
Fin;generate all combinations 80080 ...time: 0.3120124340057373
Fin; energy prediction...time: 10.686957597732544
Egy stat [-31.026999, -19.103931, -24.38461, 1.3656445]
Start for  1_8_7 [98/105]
Fin;generate all combinations 102960 ...time: 0.5485286712646484
Fin; energy prediction...time: 13.194152355194092
Egy stat [-30.025196, -15.291304, -21.619068, 1.4425315]
Start for  1_7_8 [99/105]
Fin;generate all combinations 102960 ...time: 0.6235654354095459
Fin; energy prediction...time: 13.34699010848999
Egy stat [-27.852718, -13.287002, -19.121414, 1.5032529]
Start for  1_6_9 [100/105]
Fin;generate all combinations 80080 ...time: 0.3406820297241211
Fin; energy prediction...time: 10.759259939193726
Egy stat [-24.144108, -11.104682, -16.806955, 1.5511082]
Start for  1_5_10 [101/105]
Fin;generate all combinations 48048 ...time: 0.10300564765930176
Fin; energy prediction...time: 6.862107038497925
Egy stat [-20.860453, -8.346111, -14.581228, 1.5774403]
Start for  1_4_11 [102/105]
Fin;generate all combinations 21840 ...time: 0.048675537109375
Fin; energy prediction...time: 3.4887969493865967
Egy stat [-16.952267, -5.8936415, -12.339578, 1.5569581]
Start for  1_3_12 [103/105]
Fin;generate all combinations 7280 ...time: 0.017598390579223633
Fin; energy prediction...time: 1.6402602195739746
Egy stat [-13.4674, -5.0812974, -9.9677305, 1.4480548]
Start for  1_2_13 [104/105]
Fin;generate all combinations 1680 ...time: 0.00494694709777832
Fin; energy prediction...time: 0.8318071365356445
Egy stat [-9.344402, -3.9524646, -7.343028, 1.1972394]
Start for  1_1_14 [105/105]
Fin;generate all combinations 240 ...time: 0.0012516975402832031
Fin; energy prediction...time: 0.6500167846679688
Egy stat [-5.1146626, -1.9977646, -4.3357153, 0.7447151]
Saving....
Saved to... Cs_GePbZn_Br.pkl
Total elapsed time... 5556.3489735126495
