Summary of calculations
Site name (A,B,C)... Cs Ge,Hg,Sn Br
Base cif file name... ../0.cif
Save file name... Cs_GeHgSn_Br.pkl
Fin; combination with repetition...time: 0.0015838146209716797
Start for  14_1_1 [1/105]
Fin;generate all combinations 240 ...time: 0.0006330013275146484
Fin; energy prediction...time: 0.21124744415283203
Egy stat [-88.22276, -87.74943, -87.90939, 0.1491552]
Start for  13_2_1 [2/105]
Fin;generate all combinations 1680 ...time: 0.00337982177734375
Fin; energy prediction...time: 0.41127586364746094
Egy stat [-84.97501, -83.79311, -84.29586, 0.23264205]
Start for  13_1_2 [3/105]
Fin;generate all combinations 1680 ...time: 0.0036559104919433594
Fin; energy prediction...time: 0.4229600429534912
Egy stat [-86.24978, -85.15677, -85.72208, 0.21686432]
Start for  12_3_1 [4/105]
Fin;generate all combinations 7280 ...time: 0.01329946517944336
Fin; energy prediction...time: 1.1455638408660889
Egy stat [-81.93731, -79.80157, -80.76928, 0.3573656]
Start for  12_2_2 [5/105]
Fin;generate all combinations 10920 ...time: 0.01726388931274414
Fin; energy prediction...time: 1.6243796348571777
Egy stat [-83.030426, -81.23067, -82.26472, 0.28503835]
Start for  12_1_3 [6/105]
Fin;generate all combinations 7280 ...time: 0.05402207374572754
Fin; energy prediction...time: 1.1831684112548828
Egy stat [-84.33173, -82.784325, -83.64878, 0.27179828]
Start for  11_4_1 [7/105]
Fin;generate all combinations 21840 ...time: 0.0753624439239502
Fin; energy prediction...time: 2.9538888931274414
Egy stat [-78.6252, -75.897545, -77.37641, 0.50680757]
Start for  11_3_2 [8/105]
Fin;generate all combinations 43680 ...time: 0.12621164321899414
Fin; energy prediction...time: 5.734825134277344
Egy stat [-80.03379, -77.3148, -78.88925, 0.3845154]
Start for  11_2_3 [9/105]
Fin;generate all combinations 43680 ...time: 0.1518406867980957
Fin; energy prediction...time: 5.636186599731445
Egy stat [-81.112045, -79.07695, -80.3345, 0.32847476]
Start for  11_1_4 [10/105]
Fin;generate all combinations 21840 ...time: 0.039675235748291016
Fin; energy prediction...time: 2.874429941177368
Egy stat [-82.46239, -80.25013, -81.68928, 0.31535062]
Start for  10_5_1 [11/105]
Fin;generate all combinations 48048 ...time: 0.2047407627105713
Fin; energy prediction...time: 6.414490699768066
Egy stat [-75.59771, -72.321976, -74.162895, 0.64239377]
Start for  10_4_2 [12/105]
Fin;generate all combinations 120120 ...time: 0.4381577968597412
Fin; energy prediction...time: 15.0172700881958
Egy stat [-77.02679, -73.89859, -75.641716, 0.5108125]
Start for  10_3_3 [13/105]
Fin;generate all combinations 160160 ...time: 0.3879995346069336
Fin; energy prediction...time: 20.616061210632324
Egy stat [-78.27273, -75.54974, -77.09679, 0.41015992]
Start for  10_2_4 [14/105]
Fin;generate all combinations 120120 ...time: 0.6275506019592285
Fin; energy prediction...time: 14.976471900939941
Egy stat [-79.44137, -76.62473, -78.50503, 0.36234668]
Start for  10_1_5 [15/105]
Fin;generate all combinations 48048 ...time: 0.09216737747192383
Fin; energy prediction...time: 6.183808326721191
Egy stat [-80.76657, -78.10115, -79.843216, 0.34824878]
Start for  9_6_1 [16/105]
Fin;generate all combinations 80080 ...time: 0.22828340530395508
Fin; energy prediction...time: 9.993557929992676
Egy stat [-72.946945, -68.65294, -71.16142, 0.7230982]
Start for  9_5_2 [17/105]
Fin;generate all combinations 240240 ...time: 0.8603262901306152
Fin; energy prediction...time: 29.781702280044556
Egy stat [-74.08572, -70.49963, -72.566795, 0.62921]
Start for  9_4_3 [18/105]
Fin;generate all combinations 400400 ...time: 1.2646205425262451
Fin; energy prediction...time: 49.98177456855774
Egy stat [-75.50713, -72.19591, -73.98116, 0.5187178]
Start for  9_3_4 [19/105]
Fin;generate all combinations 400400 ...time: 1.1474733352661133
Fin; energy prediction...time: 50.106178760528564
Egy stat [-76.599045, -73.398575, -75.39179, 0.4310885]
Start for  9_2_5 [20/105]
Fin;generate all combinations 240240 ...time: 0.4220907688140869
Fin; energy prediction...time: 30.290691375732422
Egy stat [-77.872696, -74.865814, -76.776, 0.38676286]
Start for  9_1_6 [21/105]
Fin;generate all combinations 80080 ...time: 0.5653355121612549
Fin; energy prediction...time: 10.470917463302612
Egy stat [-79.15481, -75.81777, -78.10996, 0.3709082]
Start for  8_7_1 [22/105]
Fin;generate all combinations 102960 ...time: 0.35322070121765137
Fin; energy prediction...time: 13.180692434310913
Egy stat [-70.149994, -64.99242, -68.38026, 0.718142]
Start for  8_6_2 [23/105]
Fin;generate all combinations 360360 ...time: 1.4356489181518555
Fin; energy prediction...time: 44.338656187057495
Egy stat [-71.678986, -66.89191, -69.696, 0.6988964]
Start for  8_5_3 [24/105]
Fin;generate all combinations 720720 ...time: 2.8816070556640625
Fin; energy prediction...time: 88.18442702293396
Egy stat [-72.63938, -68.760544, -71.03155, 0.6237184]
Start for  8_4_4 [25/105]
Fin;generate all combinations 900900 ...time: 3.7599689960479736
Fin; energy prediction...time: 109.88890933990479
Egy stat [-74.022415, -70.16122, -72.394875, 0.52651036]
Start for  8_3_5 [26/105]
Fin;generate all combinations 720720 ...time: 3.0623421669006348
Fin; energy prediction...time: 90.18444657325745
Egy stat [-75.06123, -71.70558, -73.774185, 0.4458149]
Start for  8_2_6 [27/105]
Fin;generate all combinations 360360 ...time: 2.249345302581787
Fin; energy prediction...time: 44.26124382019043
Egy stat [-76.34729, -72.77983, -75.14689, 0.40192932]
Start for  8_1_7 [28/105]
Fin;generate all combinations 102960 ...time: 0.7160172462463379
Fin; energy prediction...time: 13.62007212638855
Egy stat [-77.751305, -74.06622, -76.48849, 0.38347998]
Start for  7_8_1 [29/105]
Fin;generate all combinations 102960 ...time: 0.17773127555847168
Fin; energy prediction...time: 13.371752738952637
Egy stat [-67.6281, -62.19233, -65.79508, 0.621478]
Start for  7_7_2 [30/105]
Fin;generate all combinations 411840 ...time: 1.538475751876831
Fin; energy prediction...time: 51.17054867744446
Egy stat [-68.90759, -63.469837, -67.03646, 0.6897991]
Start for  7_6_3 [31/105]
Fin;generate all combinations 960960 ...time: 3.2491374015808105
Fin; energy prediction...time: 117.47343802452087
Egy stat [-70.20494, -65.26788, -68.27842, 0.6854571]
Start for  7_5_4 [32/105]
Fin;generate all combinations 1441440 ...time: 5.962394714355469
Fin; energy prediction...time: 180.1401722431183
Egy stat [-71.25856, -66.973335, -69.55752, 0.62144893]
Start for  7_4_5 [33/105]
Fin;generate all combinations 1441440 ...time: 5.476571798324585
Fin; energy prediction...time: 182.05630135536194
Egy stat [-72.51826, -68.66, -70.883026, 0.531704]
Start for  7_3_6 [34/105]
Fin;generate all combinations 960960 ...time: 1.6819846630096436
Fin; energy prediction...time: 120.466383934021
Egy stat [-73.62338, -69.918655, -72.24361, 0.45363536]
Start for  7_2_7 [35/105]
Fin;generate all combinations 411840 ...time: 0.827817440032959
Fin; energy prediction...time: 51.84677171707153
Egy stat [-74.97089, -71.32921, -73.61675, 0.4078913]
Start for  7_1_8 [36/105]
Fin;generate all combinations 102960 ...time: 0.24116182327270508
Fin; energy prediction...time: 13.484034299850464
Egy stat [-76.431404, -72.13374, -74.9772, 0.3858175]
Start for  6_9_1 [37/105]
Fin;generate all combinations 80080 ...time: 0.15964055061340332
Fin; energy prediction...time: 10.423029899597168
Egy stat [-64.83717, -61.45029, -63.34546, 0.47573477]
Start for  6_8_2 [38/105]
Fin;generate all combinations 360360 ...time: 1.2540967464447021
Fin; energy prediction...time: 44.56649613380432
Egy stat [-66.51933, -61.046696, -64.562645, 0.5992951]
Start for  6_7_3 [39/105]
Fin;generate all combinations 960960 ...time: 3.430591583251953
Fin; energy prediction...time: 120.11743903160095
Egy stat [-67.7008, -62.511448, -65.72773, 0.67516905]
Start for  6_6_4 [40/105]
Fin;generate all combinations 1681680 ...time: 9.254295587539673
Fin; energy prediction...time: 206.27934670448303
Egy stat [-68.82472, -63.538822, -66.90925, 0.6774318]
Start for  6_5_5 [41/105]
Fin;generate all combinations 2018016 ...time: 9.634570121765137
Fin; energy prediction...time: 245.16789770126343
Egy stat [-69.95241, -65.311676, -68.145096, 0.61923397]
Start for  6_4_6 [42/105]
Fin;generate all combinations 1681680 ...time: 11.477986574172974
Fin; energy prediction...time: 211.06907439231873
Egy stat [-71.19743, -66.842224, -69.445305, 0.53278375]
Start for  6_3_7 [43/105]
Fin;generate all combinations 960960 ...time: 5.672149896621704
Fin; energy prediction...time: 123.28133988380432
Egy stat [-72.33104, -68.36826, -70.799225, 0.4540747]
Start for  6_2_8 [44/105]
Fin;generate all combinations 360360 ...time: 2.282855987548828
Fin; energy prediction...time: 44.91908884048462
Egy stat [-73.60442, -69.29455, -72.18411, 0.40438598]
Start for  6_1_9 [45/105]
Fin;generate all combinations 80080 ...time: 0.8042325973510742
Fin; energy prediction...time: 10.447038650512695
Egy stat [-74.71502, -71.28375, -73.57376, 0.3774164]
Start for  5_10_1 [46/105]
Fin;generate all combinations 48048 ...time: 0.1078791618347168
Fin; energy prediction...time: 6.579203844070435
Egy stat [-62.797966, -58.7562, -60.93641, 0.41804314]
Start for  5_9_2 [47/105]
Fin;generate all combinations 240240 ...time: 0.9505558013916016
Fin; energy prediction...time: 30.74887180328369
Egy stat [-63.82416, -60.188374, -62.212994, 0.4807165]
Start for  5_8_3 [48/105]
Fin;generate all combinations 720720 ...time: 3.271280288696289
Fin; energy prediction...time: 88.94630408287048
Egy stat [-65.4474, -59.976425, -63.352715, 0.5945533]
Start for  5_7_4 [49/105]
Fin;generate all combinations 1441440 ...time: 7.792351245880127
Fin; energy prediction...time: 177.07312488555908
Egy stat [-66.49547, -61.15772, -64.454834, 0.6671495]
Start for  5_6_5 [50/105]
Fin;generate all combinations 2018016 ...time: 8.578867673873901
Fin; energy prediction...time: 246.3660216331482
Egy stat [-67.545334, -62.605316, -65.58908, 0.6707818]
Start for  5_5_6 [51/105]
Fin;generate all combinations 2018016 ...time: 10.593379497528076
Fin; energy prediction...time: 248.03895950317383
Egy stat [-68.65288, -63.63871, -66.79427, 0.61491597]
Start for  5_4_7 [52/105]
Fin;generate all combinations 1441440 ...time: 6.2239720821380615
Fin; energy prediction...time: 180.25928902626038
Egy stat [-69.88899, -65.19189, -68.0813, 0.528729]
Start for  5_3_8 [53/105]
Fin;generate all combinations 720720 ...time: 4.403939962387085
Fin; energy prediction...time: 89.96366858482361
Egy stat [-70.72858, -66.40794, -69.4398, 0.44660178]
Start for  5_2_9 [54/105]
Fin;generate all combinations 240240 ...time: 0.5397031307220459
Fin; energy prediction...time: 30.819798469543457
Egy stat [-71.94186, -68.50477, -70.84677, 0.3907649]
Start for  5_1_10 [55/105]
Fin;generate all combinations 48048 ...time: 0.1354808807373047
Fin; energy prediction...time: 7.205000877380371
Egy stat [-73.1745, -70.389145, -72.27492, 0.35734856]
Start for  4_11_1 [56/105]
Fin;generate all combinations 21840 ...time: 0.055703163146972656
Fin; energy prediction...time: 3.4852328300476074
Egy stat [-60.123287, -56.498272, -58.44494, 0.55161804]
Start for  4_10_2 [57/105]
Fin;generate all combinations 120120 ...time: 0.594829797744751
Fin; energy prediction...time: 15.589165210723877
Egy stat [-61.907463, -57.039505, -59.89145, 0.4752429]
Start for  4_9_3 [58/105]
Fin;generate all combinations 400400 ...time: 1.3613529205322266
Fin; energy prediction...time: 50.21408247947693
Egy stat [-62.76854, -59.00334, -61.09073, 0.5073686]
Start for  4_8_4 [59/105]
Fin;generate all combinations 900900 ...time: 3.7509422302246094
Fin; energy prediction...time: 110.5454523563385
Egy stat [-64.37539, -58.061485, -62.166363, 0.59665316]
Start for  4_7_5 [60/105]
Fin;generate all combinations 1441440 ...time: 7.415925025939941
Fin; energy prediction...time: 177.10095953941345
Egy stat [-65.34257, -59.978645, -63.218643, 0.6603237]
Start for  4_6_6 [61/105]
Fin;generate all combinations 1681680 ...time: 5.6634202003479
Fin; energy prediction...time: 214.65693044662476
Egy stat [-66.4178, -61.05483, -64.31824, 0.66265774]
Start for  4_5_7 [62/105]
Fin;generate all combinations 1441440 ...time: 6.4652581214904785
Fin; energy prediction...time: 178.63995456695557
Egy stat [-67.323944, -62.466984, -65.50477, 0.6070169]
Start for  4_4_8 [63/105]
Fin;generate all combinations 900900 ...time: 4.409901857376099
Fin; energy prediction...time: 111.40145897865295
Egy stat [-68.39077, -63.337902, -66.7898, 0.51875484]
Start for  4_3_9 [64/105]
Fin;generate all combinations 400400 ...time: 2.2000226974487305
Fin; energy prediction...time: 51.484781980514526
Egy stat [-69.24156, -65.61667, -68.16324, 0.4305578]
Start for  4_2_10 [65/105]
Fin;generate all combinations 120120 ...time: 0.9121317863464355
Fin; energy prediction...time: 15.594510078430176
Egy stat [-70.414825, -67.62327, -69.60161, 0.3660192]
Start for  4_1_11 [66/105]
Fin;generate all combinations 21840 ...time: 0.2642207145690918
Fin; energy prediction...time: 3.4578824043273926
Egy stat [-71.78806, -69.54863, -71.07655, 0.3242123]
Start for  3_12_1 [67/105]
Fin;generate all combinations 7280 ...time: 0.020591020584106445
Fin; energy prediction...time: 1.718721628189087
Egy stat [-58.348454, -52.914127, -55.731083, 0.7271263]
Start for  3_11_2 [68/105]
Fin;generate all combinations 43680 ...time: 0.13603472709655762
Fin; energy prediction...time: 6.362760305404663
Egy stat [-59.21756, -55.00692, -57.47389, 0.6399337]
Start for  3_10_3 [69/105]
Fin;generate all combinations 160160 ...time: 0.6442337036132812
Fin; energy prediction...time: 20.532921075820923
Egy stat [-61.012054, -56.070084, -58.844517, 0.54929686]
Start for  3_9_4 [70/105]
Fin;generate all combinations 400400 ...time: 1.6574857234954834
Fin; energy prediction...time: 48.6950843334198
Egy stat [-61.717236, -57.210648, -59.97988, 0.53854597]
Start for  3_8_5 [71/105]
Fin;generate all combinations 720720 ...time: 3.1484715938568115
Fin; energy prediction...time: 88.33712220191956
Egy stat [-63.261127, -57.1374, -61.004555, 0.5980675]
Start for  3_7_6 [72/105]
Fin;generate all combinations 960960 ...time: 5.1117377281188965
Fin; energy prediction...time: 118.9033899307251
Egy stat [-64.22138, -58.228966, -62.01963, 0.6510077]
Start for  3_6_7 [73/105]
Fin;generate all combinations 960960 ...time: 6.338254928588867
Fin; energy prediction...time: 119.04302477836609
Egy stat [-64.93097, -59.72084, -63.09656, 0.65118325]
Start for  3_5_8 [74/105]
Fin;generate all combinations 720720 ...time: 3.543823003768921
Fin; energy prediction...time: 92.72435307502747
Egy stat [-65.87137, -60.599575, -64.275665, 0.5945829]
Start for  3_4_9 [75/105]
Fin;generate all combinations 400400 ...time: 0.8464343547821045
Fin; energy prediction...time: 52.56416416168213
Egy stat [-66.88634, -62.652023, -65.56907, 0.5023429]
Start for  3_3_10 [76/105]
Fin;generate all combinations 160160 ...time: 0.36086535453796387
Fin; energy prediction...time: 21.61909031867981
Egy stat [-67.946465, -64.89365, -66.96674, 0.4053843]
Start for  3_2_11 [77/105]
Fin;generate all combinations 43680 ...time: 0.10361957550048828
Fin; energy prediction...time: 6.631227731704712
Egy stat [-69.13907, -66.88276, -68.44475, 0.3290129]
Start for  3_1_12 [78/105]
Fin;generate all combinations 7280 ...time: 0.022394657135009766
Fin; energy prediction...time: 1.8032832145690918
Egy stat [-70.558975, -68.7845, -69.97359, 0.27616137]
Start for  2_13_1 [79/105]
Fin;generate all combinations 1680 ...time: 0.0057599544525146484
Fin; energy prediction...time: 1.0253937244415283
Egy stat [-54.252254, -51.02115, -52.652157, 0.79173374]
Start for  2_12_2 [80/105]
Fin;generate all combinations 10920 ...time: 0.02228999137878418
Fin; energy prediction...time: 2.2239739894866943
Egy stat [-57.63855, -51.277973, -54.81915, 0.8316105]
Start for  2_11_3 [81/105]
Fin;generate all combinations 43680 ...time: 0.19866943359375
Fin; energy prediction...time: 6.31074857711792
Egy stat [-58.24625, -53.997128, -56.48886, 0.74412495]
Start for  2_10_4 [82/105]
Fin;generate all combinations 120120 ...time: 0.6042659282684326
Fin; energy prediction...time: 15.942938804626465
Egy stat [-60.01572, -54.279243, -57.797024, 0.62133867]
Start for  2_9_5 [83/105]
Fin;generate all combinations 240240 ...time: 0.9735362529754639
Fin; energy prediction...time: 30.89816117286682
Egy stat [-60.685726, -56.15574, -58.88163, 0.5650954]
Start for  2_8_6 [84/105]
Fin;generate all combinations 360360 ...time: 1.2599289417266846
Fin; energy prediction...time: 45.29183745384216
Egy stat [-62.21614, -55.400166, -59.86801, 0.59444857]
Start for  2_7_7 [85/105]
Fin;generate all combinations 411840 ...time: 1.3668041229248047
Fin; energy prediction...time: 51.15268087387085
Egy stat [-62.843826, -57.011486, -60.857925, 0.6371032]
Start for  2_6_8 [86/105]
Fin;generate all combinations 360360 ...time: 1.4958481788635254
Fin; energy prediction...time: 45.835613489151
Egy stat [-63.56476, -57.831226, -61.923397, 0.63541853]
Start for  2_5_9 [87/105]
Fin;generate all combinations 240240 ...time: 0.49970483779907227
Fin; energy prediction...time: 30.933830976486206
Egy stat [-64.445145, -59.955418, -63.105427, 0.5773649]
Start for  2_4_10 [88/105]
Fin;generate all combinations 120120 ...time: 0.26270008087158203
Fin; energy prediction...time: 15.873270034790039
Egy stat [-65.551926, -61.96769, -64.416504, 0.4797132]
Start for  2_3_11 [89/105]
Fin;generate all combinations 43680 ...time: 0.09703350067138672
Fin; energy prediction...time: 6.400487899780273
Egy stat [-66.670715, -64.19571, -65.846664, 0.37141055]
Start for  2_2_12 [90/105]
Fin;generate all combinations 10920 ...time: 0.029263019561767578
Fin; energy prediction...time: 2.3280129432678223
Egy stat [-67.94174, -66.24423, -67.37141, 0.27933168]
Start for  2_1_13 [91/105]
Fin;generate all combinations 1680 ...time: 0.00601649284362793
Fin; energy prediction...time: 1.064819574356079
Egy stat [-69.30944, -68.20903, -68.96006, 0.21126007]
Start for  1_14_1 [92/105]
Fin;generate all combinations 240 ...time: 0.0013043880462646484
Fin; energy prediction...time: 0.8357598781585693
Egy stat [-49.87697, -46.977848, -49.077614, 0.6443367]
Start for  1_13_2 [93/105]
Fin;generate all combinations 1680 ...time: 0.0037741661071777344
Fin; energy prediction...time: 1.0624918937683105
Egy stat [-53.464985, -49.377098, -51.78301, 0.923789]
Start for  1_12_3 [94/105]
Fin;generate all combinations 7280 ...time: 0.01756572723388672
Fin; energy prediction...time: 1.8339247703552246
Egy stat [-56.79799, -50.475563, -53.88133, 0.9642738]
Start for  1_11_4 [95/105]
Fin;generate all combinations 21840 ...time: 0.04867219924926758
Fin; energy prediction...time: 3.534771680831909
Egy stat [-57.439274, -52.37232, -55.491413, 0.84928364]
Start for  1_10_5 [96/105]
Fin;generate all combinations 48048 ...time: 0.2722592353820801
Fin; energy prediction...time: 6.946154594421387
Egy stat [-59.011566, -53.3755, -56.75034, 0.6856924]
Start for  1_9_6 [97/105]
Fin;generate all combinations 80080 ...time: 0.38338375091552734
Fin; energy prediction...time: 10.723374843597412
Egy stat [-59.676895, -54.45497, -57.79694, 0.58406633]
Start for  1_8_7 [98/105]
Fin;generate all combinations 102960 ...time: 0.3671224117279053
Fin; energy prediction...time: 13.823931694030762
Egy stat [-60.862167, -54.297897, -58.75712, 0.5843445]
Start for  1_7_8 [99/105]
Fin;generate all combinations 102960 ...time: 0.41620826721191406
Fin; energy prediction...time: 13.914363861083984
Egy stat [-61.434155, -55.08927, -59.733143, 0.6182057]
Start for  1_6_9 [100/105]
Fin;generate all combinations 80080 ...time: 0.35063934326171875
Fin; energy prediction...time: 10.833146572113037
Egy stat [-62.268276, -57.286354, -60.797577, 0.61574227]
Start for  1_5_10 [101/105]
Fin;generate all combinations 48048 ...time: 0.10154151916503906
Fin; energy prediction...time: 7.269517660140991
Egy stat [-63.17106, -59.37977, -61.991867, 0.5565229]
Start for  1_4_11 [102/105]
Fin;generate all combinations 21840 ...time: 0.05060911178588867
Fin; energy prediction...time: 3.6106069087982178
Egy stat [-64.34645, -61.36842, -63.32888, 0.45303962]
Start for  1_3_12 [103/105]
Fin;generate all combinations 7280 ...time: 0.09159588813781738
Fin; energy prediction...time: 1.8160121440887451
Egy stat [-65.487625, -63.58707, -64.798645, 0.33196318]
Start for  1_2_13 [104/105]
Fin;generate all combinations 1680 ...time: 0.005235910415649414
Fin; energy prediction...time: 1.0848052501678467
Egy stat [-66.78229, -65.693436, -66.37609, 0.22046642]
Start for  1_1_14 [105/105]
Fin;generate all combinations 240 ...time: 0.0014834403991699219
Fin; energy prediction...time: 0.8096673488616943
Egy stat [-68.20416, -67.69223, -68.02932, 0.13003986]
Saving....
Saved to... Cs_GeHgSn_Br.pkl
Total elapsed time... 5599.557072162628
