Summary of calculations
Site name (A,B,C)... Cs Ge,Hg,Sn Cl
Base cif file name... ../0.cif
Save file name... Cs_GeHgSn_Cl.pkl
Fin; combination with repetition...time: 0.0017788410186767578
Start for  14_1_1 [1/105]
Fin;generate all combinations 240 ...time: 0.0006167888641357422
Fin; energy prediction...time: 0.19850397109985352
Egy stat [-88.46444, -87.87255, -88.06987, 0.17451401]
Start for  13_2_1 [2/105]
Fin;generate all combinations 1680 ...time: 0.003490447998046875
Fin; energy prediction...time: 0.37062740325927734
Egy stat [-86.499115, -85.3983, -85.95566, 0.23078045]
Start for  13_1_2 [3/105]
Fin;generate all combinations 1680 ...time: 0.00392913818359375
Fin; energy prediction...time: 0.37276196479797363
Egy stat [-85.77163, -84.55884, -85.15095, 0.24353674]
Start for  12_3_1 [4/105]
Fin;generate all combinations 7280 ...time: 0.012119054794311523
Fin; energy prediction...time: 1.0792481899261475
Egy stat [-84.88136, -82.978386, -83.87417, 0.29401037]
Start for  12_2_2 [5/105]
Fin;generate all combinations 10920 ...time: 0.01675868034362793
Fin; energy prediction...time: 1.5392775535583496
Egy stat [-84.078026, -82.17513, -83.21532, 0.29457635]
Start for  12_1_3 [6/105]
Fin;generate all combinations 7280 ...time: 0.08804678916931152
Fin; energy prediction...time: 1.0518910884857178
Egy stat [-83.19557, -81.44133, -82.399, 0.30155364]
Start for  11_4_1 [7/105]
Fin;generate all combinations 21840 ...time: 0.07475972175598145
Fin; energy prediction...time: 2.890941858291626
Egy stat [-82.9152, -80.80435, -81.866646, 0.386185]
Start for  11_3_2 [8/105]
Fin;generate all combinations 43680 ...time: 0.12969541549682617
Fin; energy prediction...time: 5.6279072761535645
Egy stat [-82.21325, -79.84823, -81.303444, 0.33977914]
Start for  11_2_3 [9/105]
Fin;generate all combinations 43680 ...time: 0.145951509475708
Fin; energy prediction...time: 5.644346475601196
Egy stat [-81.58788, -79.28033, -80.62449, 0.34473225]
Start for  11_1_4 [10/105]
Fin;generate all combinations 21840 ...time: 0.04094862937927246
Fin; energy prediction...time: 2.9139645099639893
Egy stat [-80.7784, -78.1632, -79.806854, 0.34981203]
Start for  10_5_1 [11/105]
Fin;generate all combinations 48048 ...time: 0.19476890563964844
Fin; energy prediction...time: 6.0739662647247314
Egy stat [-81.2775, -78.70842, -79.97765, 0.4880325]
Start for  10_4_2 [12/105]
Fin;generate all combinations 120120 ...time: 0.46687912940979004
Fin; energy prediction...time: 14.97123384475708
Egy stat [-80.64941, -77.75503, -79.45502, 0.40528402]
Start for  10_3_3 [13/105]
Fin;generate all combinations 160160 ...time: 0.6288661956787109
Fin; energy prediction...time: 19.853307008743286
Egy stat [-79.92369, -77.29565, -78.864494, 0.37796715]
Start for  10_2_4 [14/105]
Fin;generate all combinations 120120 ...time: 0.43039846420288086
Fin; energy prediction...time: 14.94138479232788
Egy stat [-79.30661, -76.1821, -78.176025, 0.38480464]
Start for  10_1_5 [15/105]
Fin;generate all combinations 48048 ...time: 0.09741783142089844
Fin; energy prediction...time: 6.237625360488892
Egy stat [-78.48837, -75.490944, -77.36671, 0.38881978]
Start for  9_6_1 [16/105]
Fin;generate all combinations 80080 ...time: 0.249161958694458
Fin; energy prediction...time: 10.166954517364502
Egy stat [-79.86586, -76.617744, -78.246346, 0.56380886]
Start for  9_5_2 [17/105]
Fin;generate all combinations 240240 ...time: 0.645082950592041
Fin; energy prediction...time: 29.703038454055786
Egy stat [-79.09177, -75.726036, -77.71315, 0.48423913]
Start for  9_4_3 [18/105]
Fin;generate all combinations 400400 ...time: 1.272676944732666
Fin; energy prediction...time: 49.05366253852844
Egy stat [-78.51768, -75.343864, -77.15741, 0.42590728]
Start for  9_3_4 [19/105]
Fin;generate all combinations 400400 ...time: 1.595400094985962
Fin; energy prediction...time: 49.488080978393555
Egy stat [-77.728935, -74.317154, -76.55029, 0.4093442]
Start for  9_2_5 [20/105]
Fin;generate all combinations 240240 ...time: 0.8843493461608887
Fin; energy prediction...time: 29.94248604774475
Egy stat [-77.17014, -73.72575, -75.8623, 0.41604802]
Start for  9_1_6 [21/105]
Fin;generate all combinations 80080 ...time: 0.49054574966430664
Fin; energy prediction...time: 10.21739149093628
Egy stat [-76.47381, -72.66753, -75.07035, 0.41848302]
Start for  8_7_1 [22/105]
Fin;generate all combinations 102960 ...time: 0.43392300605773926
Fin; energy prediction...time: 13.063374996185303
Egy stat [-78.34363, -74.507095, -76.696976, 0.58260137]
Start for  8_6_2 [23/105]
Fin;generate all combinations 360360 ...time: 1.331141471862793
Fin; energy prediction...time: 44.2283821105957
Egy stat [-77.871826, -73.72106, -76.11596, 0.5463882]
Start for  8_5_3 [24/105]
Fin;generate all combinations 720720 ...time: 2.0000269412994385
Fin; energy prediction...time: 88.86808466911316
Egy stat [-76.964096, -73.46671, -75.54517, 0.48872367]
Start for  8_4_4 [25/105]
Fin;generate all combinations 900900 ...time: 2.40722393989563
Fin; energy prediction...time: 109.45363259315491
Egy stat [-76.423676, -72.42052, -74.96698, 0.4455055]
Start for  8_3_5 [26/105]
Fin;generate all combinations 720720 ...time: 3.014256715774536
Fin; energy prediction...time: 93.07101821899414
Egy stat [-75.63078, -72.028534, -74.35346, 0.4337712]
Start for  8_2_6 [27/105]
Fin;generate all combinations 360360 ...time: 1.7590680122375488
Fin; energy prediction...time: 45.34242105484009
Egy stat [-75.22943, -70.910645, -73.67536, 0.4384724]
Start for  8_1_7 [28/105]
Fin;generate all combinations 102960 ...time: 0.21540260314941406
Fin; energy prediction...time: 13.736598014831543
Egy stat [-74.644066, -70.398865, -72.90929, 0.43814522]
Start for  7_8_1 [29/105]
Fin;generate all combinations 102960 ...time: 0.18701791763305664
Fin; energy prediction...time: 13.289492130279541
Egy stat [-77.112076, -72.9184, -75.330666, 0.5316971]
Start for  7_7_2 [30/105]
Fin;generate all combinations 411840 ...time: 1.6497611999511719
Fin; energy prediction...time: 51.20981979370117
Egy stat [-76.40897, -72.460724, -74.68702, 0.5619735]
Start for  7_6_3 [31/105]
Fin;generate all combinations 960960 ...time: 3.387197494506836
Fin; energy prediction...time: 119.01814675331116
Egy stat [-75.66444, -72.05298, -74.065, 0.5417424]
Start for  7_5_4 [32/105]
Fin;generate all combinations 1441440 ...time: 6.244194984436035
Fin; energy prediction...time: 177.13448071479797
Egy stat [-75.02903, -71.42131, -73.46719, 0.49717724]
Start for  7_4_5 [33/105]
Fin;generate all combinations 1441440 ...time: 5.091018199920654
Fin; energy prediction...time: 179.26652240753174
Egy stat [-74.39278, -70.95497, -72.876755, 0.46159858]
Start for  7_3_6 [34/105]
Fin;generate all combinations 960960 ...time: 4.25870156288147
Fin; energy prediction...time: 118.7161455154419
Egy stat [-73.75571, -70.03283, -72.26642, 0.45031098]
Start for  7_2_7 [35/105]
Fin;generate all combinations 411840 ...time: 0.8377549648284912
Fin; energy prediction...time: 51.68792748451233
Egy stat [-73.43434, -69.287094, -71.607086, 0.4512201]
Start for  7_1_8 [36/105]
Fin;generate all combinations 102960 ...time: 0.24011468887329102
Fin; energy prediction...time: 13.36363935470581
Egy stat [-73.049286, -68.15604, -70.87495, 0.44662085]
Start for  6_9_1 [37/105]
Fin;generate all combinations 80080 ...time: 0.5261075496673584
Fin; energy prediction...time: 10.576965570449829
Egy stat [-75.52691, -72.68933, -74.119934, 0.43299833]
Start for  6_8_2 [38/105]
Fin;generate all combinations 360360 ...time: 1.327091932296753
Fin; energy prediction...time: 44.47118258476257
Egy stat [-75.34123, -70.59426, -73.427345, 0.5203236]
Start for  6_7_3 [39/105]
Fin;generate all combinations 960960 ...time: 3.4864718914031982
Fin; energy prediction...time: 121.78417181968689
Egy stat [-74.54805, -70.48384, -72.740105, 0.5574007]
Start for  6_6_4 [40/105]
Fin;generate all combinations 1681680 ...time: 7.721865653991699
Fin; energy prediction...time: 205.8000771999359
Egy stat [-73.72194, -69.69939, -72.08732, 0.5440876]
Start for  6_5_5 [41/105]
Fin;generate all combinations 2018016 ...time: 11.858492374420166
Fin; energy prediction...time: 247.56196212768555
Egy stat [-73.12391, -69.36719, -71.47237, 0.5052767]
Start for  6_4_6 [42/105]
Fin;generate all combinations 1681680 ...time: 12.857268333435059
Fin; energy prediction...time: 209.3892571926117
Egy stat [-72.56035, -68.51805, -70.8793, 0.47157142]
Start for  6_3_7 [43/105]
Fin;generate all combinations 960960 ...time: 4.500101089477539
Fin; energy prediction...time: 121.66688990592957
Egy stat [-71.98918, -67.960175, -70.28129, 0.45736334]
Start for  6_2_8 [44/105]
Fin;generate all combinations 360360 ...time: 2.417832851409912
Fin; energy prediction...time: 45.58661365509033
Egy stat [-71.817444, -66.797745, -69.64917, 0.45277032]
Start for  6_1_9 [45/105]
Fin;generate all combinations 80080 ...time: 0.1953449249267578
Fin; energy prediction...time: 10.918840646743774
Egy stat [-70.692566, -66.805664, -68.958565, 0.44224653]
Start for  5_10_1 [46/105]
Fin;generate all combinations 48048 ...time: 0.10837602615356445
Fin; energy prediction...time: 6.851518869400024
Egy stat [-74.68216, -71.04002, -73.00597, 0.3744061]
Start for  5_9_2 [47/105]
Fin;generate all combinations 240240 ...time: 0.9149830341339111
Fin; energy prediction...time: 30.202453136444092
Egy stat [-73.85652, -70.46637, -72.30962, 0.44955322]
Start for  5_8_3 [48/105]
Fin;generate all combinations 720720 ...time: 2.460627794265747
Fin; energy prediction...time: 90.74939465522766
Egy stat [-73.57626, -68.817474, -71.571304, 0.5274004]
Start for  5_7_4 [49/105]
Fin;generate all combinations 1441440 ...time: 6.341828346252441
Fin; energy prediction...time: 176.72801280021667
Egy stat [-72.69937, -68.128784, -70.85025, 0.5609197]
Start for  5_6_5 [50/105]
Fin;generate all combinations 2018016 ...time: 10.334675788879395
Fin; energy prediction...time: 253.9918384552002
Egy stat [-71.93565, -67.70555, -70.17639, 0.5475773]
Start for  5_5_6 [51/105]
Fin;generate all combinations 2018016 ...time: 8.612750768661499
Fin; energy prediction...time: 255.28453969955444
Egy stat [-71.381, -67.02611, -69.553856, 0.50887364]
Start for  5_4_7 [52/105]
Fin;generate all combinations 1441440 ...time: 6.5234599113464355
Fin; energy prediction...time: 179.21265149116516
Egy stat [-70.824905, -66.58305, -68.967285, 0.47265023]
Start for  5_3_8 [53/105]
Fin;generate all combinations 720720 ...time: 1.4163920879364014
Fin; energy prediction...time: 91.55258321762085
Egy stat [-70.3204, -65.46881, -68.39012, 0.45282394]
Start for  5_2_9 [54/105]
Fin;generate all combinations 240240 ...time: 0.496410608291626
Fin; energy prediction...time: 30.670812129974365
Egy stat [-69.532646, -65.65204, -67.793175, 0.44110203]
Start for  5_1_10 [55/105]
Fin;generate all combinations 48048 ...time: 0.12994599342346191
Fin; energy prediction...time: 6.785731554031372
Egy stat [-68.475716, -65.29613, -67.15138, 0.42293113]
Start for  4_11_1 [56/105]
Fin;generate all combinations 21840 ...time: 0.05415034294128418
Fin; energy prediction...time: 3.358672857284546
Egy stat [-73.2032, -70.32252, -71.89852, 0.45942464]
Start for  4_10_2 [57/105]
Fin;generate all combinations 120120 ...time: 0.31339073181152344
Fin; energy prediction...time: 15.668334722518921
Egy stat [-73.062546, -68.67738, -71.27549, 0.437001]
Start for  4_9_3 [58/105]
Fin;generate all combinations 400400 ...time: 1.4944891929626465
Fin; energy prediction...time: 49.554362297058105
Egy stat [-72.0627, -68.6277, -70.53165, 0.4839985]
Start for  4_8_4 [59/105]
Fin;generate all combinations 900900 ...time: 3.8744587898254395
Fin; energy prediction...time: 110.13641262054443
Egy stat [-71.90675, -66.300644, -69.75694, 0.54139745]
Start for  4_7_5 [60/105]
Fin;generate all combinations 1441440 ...time: 8.064526557922363
Fin; energy prediction...time: 175.78802251815796
Egy stat [-71.00293, -66.26339, -69.011444, 0.5649857]
Start for  4_6_6 [61/105]
Fin;generate all combinations 1681680 ...time: 7.009944915771484
Fin; energy prediction...time: 214.44888353347778
Egy stat [-70.19748, -65.43203, -68.32567, 0.5468709]
Start for  4_5_7 [62/105]
Fin;generate all combinations 1441440 ...time: 7.268350839614868
Fin; energy prediction...time: 178.07871675491333
Egy stat [-69.6458, -65.079414, -67.70443, 0.50412214]
Start for  4_4_8 [63/105]
Fin;generate all combinations 900900 ...time: 5.170220851898193
Fin; energy prediction...time: 113.09609889984131
Egy stat [-68.716095, -63.948803, -67.13296, 0.46197894]
Start for  4_3_9 [64/105]
Fin;generate all combinations 400400 ...time: 2.9106647968292236
Fin; energy prediction...time: 50.535343647003174
Egy stat [-68.11516, -64.2728, -66.58486, 0.434267]
Start for  4_2_10 [65/105]
Fin;generate all combinations 120120 ...time: 0.8321859836578369
Fin; energy prediction...time: 15.667988300323486
Egy stat [-67.36891, -63.994915, -66.03068, 0.4138638]
Start for  4_1_11 [66/105]
Fin;generate all combinations 21840 ...time: 0.06342482566833496
Fin; energy prediction...time: 3.577176332473755
Egy stat [-66.445145, -63.945442, -65.44468, 0.38623464]
Start for  3_12_1 [67/105]
Fin;generate all combinations 7280 ...time: 0.020777225494384766
Fin; energy prediction...time: 1.6120998859405518
Egy stat [-72.8848, -68.43617, -70.67849, 0.61323506]
Start for  3_11_2 [68/105]
Fin;generate all combinations 43680 ...time: 0.0829765796661377
Fin; energy prediction...time: 6.0486226081848145
Egy stat [-71.75377, -67.98339, -70.23536, 0.5489716]
Start for  3_10_3 [69/105]
Fin;generate all combinations 160160 ...time: 0.6278150081634521
Fin; energy prediction...time: 20.536402463912964
Egy stat [-71.54888, -66.98253, -69.56326, 0.50789213]
Start for  3_9_4 [70/105]
Fin;generate all combinations 400400 ...time: 1.6063368320465088
Fin; energy prediction...time: 49.49171543121338
Egy stat [-70.39159, -66.18682, -68.78077, 0.5201781]
Start for  3_8_5 [71/105]
Fin;generate all combinations 720720 ...time: 3.379136562347412
Fin; energy prediction...time: 88.39281249046326
Egy stat [-70.23567, -64.63124, -67.97859, 0.5529059]
Start for  3_7_6 [72/105]
Fin;generate all combinations 960960 ...time: 4.613689661026001
Fin; energy prediction...time: 119.74788808822632
Egy stat [-69.30257, -63.829697, -67.21736, 0.5632918]
Start for  3_6_7 [73/105]
Fin;generate all combinations 960960 ...time: 4.190170049667358
Fin; energy prediction...time: 122.14844727516174
Egy stat [-68.397415, -63.576427, -66.528336, 0.5374348]
Start for  3_5_8 [74/105]
Fin;generate all combinations 720720 ...time: 1.3765215873718262
Fin; energy prediction...time: 89.93922185897827
Egy stat [-67.55792, -62.654312, -65.916916, 0.4876459]
Start for  3_4_9 [75/105]
Fin;generate all combinations 400400 ...time: 0.8102004528045654
Fin; energy prediction...time: 50.53707981109619
Egy stat [-66.596, -62.92211, -65.36866, 0.43684855]
Start for  3_3_10 [76/105]
Fin;generate all combinations 160160 ...time: 0.361255407333374
Fin; energy prediction...time: 21.43131923675537
Egy stat [-66.02414, -62.74902, -64.857376, 0.3992381]
Start for  3_2_11 [77/105]
Fin;generate all combinations 43680 ...time: 0.10391545295715332
Fin; energy prediction...time: 6.237842321395874
Egy stat [-65.372696, -62.87242, -64.353226, 0.36865073]
Start for  3_1_12 [78/105]
Fin;generate all combinations 7280 ...time: 0.02273702621459961
Fin; energy prediction...time: 1.5705432891845703
Egy stat [-64.62886, -62.38046, -63.829792, 0.32950112]
Start for  2_13_1 [79/105]
Fin;generate all combinations 1680 ...time: 0.0059964656829833984
Fin; energy prediction...time: 0.8703176975250244
Egy stat [-70.573074, -67.74948, -69.20375, 0.6977757]
Start for  2_12_2 [80/105]
Fin;generate all combinations 10920 ...time: 0.022962570190429688
Fin; energy prediction...time: 1.9832756519317627
Egy stat [-71.45748, -66.07071, -69.071014, 0.7113387]
Start for  2_11_3 [81/105]
Fin;generate all combinations 43680 ...time: 0.09005951881408691
Fin; energy prediction...time: 6.455516338348389
Egy stat [-70.24796, -66.16118, -68.577324, 0.6428259]
Start for  2_10_4 [82/105]
Fin;generate all combinations 120120 ...time: 0.44806528091430664
Fin; energy prediction...time: 15.633414268493652
Egy stat [-69.852974, -64.564125, -67.86444, 0.57237184]
Start for  2_9_5 [83/105]
Fin;generate all combinations 240240 ...time: 1.3506965637207031
Fin; energy prediction...time: 30.553942918777466
Egy stat [-68.65971, -64.4451, -67.05165, 0.54845905]
Start for  2_8_6 [84/105]
Fin;generate all combinations 360360 ...time: 1.8163836002349854
Fin; energy prediction...time: 45.55669951438904
Egy stat [-68.56609, -62.219448, -66.230316, 0.55529255]
Start for  2_7_7 [85/105]
Fin;generate all combinations 411840 ...time: 1.564633846282959
Fin; energy prediction...time: 50.88203263282776
Egy stat [-67.267975, -61.9944, -65.461685, 0.55109036]
Start for  2_6_8 [86/105]
Fin;generate all combinations 360360 ...time: 1.2885849475860596
Fin; energy prediction...time: 45.38827037811279
Egy stat [-66.420395, -61.09746, -64.77758, 0.5158478]
Start for  2_5_9 [87/105]
Fin;generate all combinations 240240 ...time: 0.4810750484466553
Fin; energy prediction...time: 30.378499031066895
Egy stat [-65.50618, -61.43399, -64.183914, 0.45695344]
Start for  2_4_10 [88/105]
Fin;generate all combinations 120120 ...time: 0.2502114772796631
Fin; energy prediction...time: 16.064185857772827
Egy stat [-64.58346, -61.321705, -63.66662, 0.39526257]
Start for  2_3_11 [89/105]
Fin;generate all combinations 43680 ...time: 0.09962701797485352
Fin; energy prediction...time: 6.308020114898682
Egy stat [-64.06115, -61.58604, -63.19952, 0.3459178]
Start for  2_2_12 [90/105]
Fin;generate all combinations 10920 ...time: 0.027672529220581055
Fin; energy prediction...time: 2.0554730892181396
Egy stat [-63.535862, -61.391384, -62.752438, 0.3037163]
Start for  2_1_13 [91/105]
Fin;generate all combinations 1680 ...time: 0.006203889846801758
Fin; energy prediction...time: 0.910515546798706
Egy stat [-62.760292, -61.469517, -62.298176, 0.2502468]
Start for  1_14_1 [92/105]
Fin;generate all combinations 240 ...time: 0.0015320777893066406
Fin; energy prediction...time: 0.7370269298553467
Egy stat [-67.87918, -65.35907, -67.318184, 0.598251]
Start for  1_13_2 [93/105]
Fin;generate all combinations 1680 ...time: 0.0037648677825927734
Fin; energy prediction...time: 0.8828244209289551
Egy stat [-69.04007, -65.48694, -67.64135, 0.8121774]
Start for  1_12_3 [94/105]
Fin;generate all combinations 7280 ...time: 0.05777239799499512
Fin; energy prediction...time: 1.607055425643921
Egy stat [-69.84076, -64.41593, -67.45653, 0.82392156]
Start for  1_11_4 [95/105]
Fin;generate all combinations 21840 ...time: 0.10145759582519531
Fin; energy prediction...time: 3.387676954269409
Egy stat [-68.53015, -63.836887, -66.91994, 0.7313828]
Start for  1_10_5 [96/105]
Fin;generate all combinations 48048 ...time: 0.19129586219787598
Fin; energy prediction...time: 6.91602897644043
Egy stat [-68.16469, -62.89141, -66.17404, 0.62531215]
Start for  1_9_6 [97/105]
Fin;generate all combinations 80080 ...time: 0.2720201015472412
Fin; energy prediction...time: 10.988938808441162
Egy stat [-66.98205, -62.038227, -65.33878, 0.5642022]
Start for  1_8_7 [98/105]
Fin;generate all combinations 102960 ...time: 0.5489885807037354
Fin; energy prediction...time: 13.399919033050537
Egy stat [-66.67146, -60.395493, -64.50611, 0.544658]
Start for  1_7_8 [99/105]
Fin;generate all combinations 102960 ...time: 0.45373010635375977
Fin; energy prediction...time: 13.673362493515015
Egy stat [-65.32422, -59.474224, -63.73785, 0.5255927]
Start for  1_6_9 [100/105]
Fin;generate all combinations 80080 ...time: 0.36902546882629395
Fin; energy prediction...time: 10.675560712814331
Egy stat [-64.43335, -59.99073, -63.066353, 0.48054302]
Start for  1_5_10 [101/105]
Fin;generate all combinations 48048 ...time: 0.23618245124816895
Fin; energy prediction...time: 6.745223760604858
Egy stat [-63.532455, -60.15678, -62.497982, 0.41159892]
Start for  1_4_11 [102/105]
Fin;generate all combinations 21840 ...time: 0.04976248741149902
Fin; energy prediction...time: 3.5561296939849854
Egy stat [-62.724915, -60.528034, -62.01902, 0.33758163]
Start for  1_3_12 [103/105]
Fin;generate all combinations 7280 ...time: 0.017091035842895508
Fin; energy prediction...time: 1.7389488220214844
Egy stat [-62.144436, -60.491066, -61.60325, 0.2752949]
Start for  1_2_13 [104/105]
Fin;generate all combinations 1680 ...time: 0.004447221755981445
Fin; energy prediction...time: 0.933121919631958
Egy stat [-61.69109, -60.6152, -61.22007, 0.2208677]
Start for  1_1_14 [105/105]
Fin;generate all combinations 240 ...time: 0.001123189926147461
Fin; energy prediction...time: 0.7532918453216553
Egy stat [-61.053425, -60.454445, -60.841515, 0.14846848]
Saving....
Saved to... Cs_GeHgSn_Cl.pkl
Total elapsed time... 5599.098785161972
