Summary of calculations
Site name (A,B,C)... Cs Ge,Pb,Zn Cl
Base cif file name... ../0.cif
Save file name... Cs_GePbZn_Cl.pkl
Fin; combination with repetition...time: 0.0017368793487548828
Start for  14_1_1 [1/105]
Fin;generate all combinations 240 ...time: 0.0006301403045654297
Fin; energy prediction...time: 0.2136244773864746
Egy stat [-83.1498, -81.86976, -82.424164, 0.37724915]
Start for  13_2_1 [2/105]
Fin;generate all combinations 1680 ...time: 0.003556966781616211
Fin; energy prediction...time: 0.3965585231781006
Egy stat [-79.78535, -77.229095, -78.62206, 0.5709344]
Start for  13_1_2 [3/105]
Fin;generate all combinations 1680 ...time: 0.003822803497314453
Fin; energy prediction...time: 0.4021618366241455
Egy stat [-77.21561, -74.59224, -75.94225, 0.56201726]
Start for  12_3_1 [4/105]
Fin;generate all combinations 7280 ...time: 0.01199793815612793
Fin; energy prediction...time: 1.1177806854248047
Egy stat [-76.68487, -72.81761, -75.15392, 0.72233856]
Start for  12_2_2 [5/105]
Fin;generate all combinations 10920 ...time: 0.017233848571777344
Fin; energy prediction...time: 1.6743762493133545
Egy stat [-74.29214, -69.81216, -72.24906, 0.76580375]
Start for  12_1_3 [6/105]
Fin;generate all combinations 7280 ...time: 0.05409836769104004
Fin; energy prediction...time: 1.1675477027893066
Egy stat [-71.712585, -68.16554, -69.76983, 0.69469994]
Start for  11_4_1 [7/105]
Fin;generate all combinations 21840 ...time: 0.07588386535644531
Fin; energy prediction...time: 2.986280679702759
Egy stat [-73.94887, -68.338615, -72.00794, 0.8395146]
Start for  11_3_2 [8/105]
Fin;generate all combinations 43680 ...time: 0.12502193450927734
Fin; energy prediction...time: 5.566550970077515
Egy stat [-71.31427, -65.33632, -68.88218, 0.92184603]
Start for  11_2_3 [9/105]
Fin;generate all combinations 43680 ...time: 0.1852402687072754
Fin; energy prediction...time: 5.894378423690796
Egy stat [-68.952545, -63.23518, -66.19174, 0.90742975]
Start for  11_1_4 [10/105]
Fin;generate all combinations 21840 ...time: 0.04140138626098633
Fin; energy prediction...time: 2.9825868606567383
Egy stat [-66.31671, -61.834145, -63.880516, 0.7821796]
Start for  10_5_1 [11/105]
Fin;generate all combinations 48048 ...time: 0.1764659881591797
Fin; energy prediction...time: 6.215146780014038
Egy stat [-71.64011, -65.10731, -69.17051, 0.92613035]
Start for  10_4_2 [12/105]
Fin;generate all combinations 120120 ...time: 0.4869227409362793
Fin; energy prediction...time: 15.06852650642395
Egy stat [-68.836624, -60.895786, -65.82757, 1.0415535]
Start for  10_3_3 [13/105]
Fin;generate all combinations 160160 ...time: 0.5867941379547119
Fin; energy prediction...time: 20.19209933280945
Egy stat [-66.46422, -58.6129, -62.930244, 1.0687323]
Start for  10_2_4 [14/105]
Fin;generate all combinations 120120 ...time: 0.41666102409362793
Fin; energy prediction...time: 15.197591781616211
Egy stat [-64.02947, -56.619106, -60.42092, 1.0052662]
Start for  10_1_5 [15/105]
Fin;generate all combinations 48048 ...time: 0.09380078315734863
Fin; energy prediction...time: 6.404089689254761
Egy stat [-61.060257, -55.808247, -58.240322, 0.833662]
Start for  9_6_1 [16/105]
Fin;generate all combinations 80080 ...time: 0.25356578826904297
Fin; energy prediction...time: 10.16364073753357
Egy stat [-69.556946, -61.62141, -66.62763, 0.98448867]
Start for  9_5_2 [17/105]
Fin;generate all combinations 240240 ...time: 0.9751067161560059
Fin; energy prediction...time: 29.813785791397095
Egy stat [-66.84252, -58.15887, -63.069702, 1.1301968]
Start for  9_4_3 [18/105]
Fin;generate all combinations 400400 ...time: 1.2389841079711914
Fin; energy prediction...time: 49.11304783821106
Egy stat [-64.16783, -54.12998, -59.969273, 1.1923367]
Start for  9_3_4 [19/105]
Fin;generate all combinations 400400 ...time: 1.825880527496338
Fin; energy prediction...time: 49.73328971862793
Egy stat [-61.8348, -51.74239, -57.266144, 1.1735482]
Start for  9_2_5 [20/105]
Fin;generate all combinations 240240 ...time: 0.9735798835754395
Fin; energy prediction...time: 30.698403120040894
Egy stat [-59.16451, -50.69028, -54.900127, 1.0703288]
Start for  9_1_6 [21/105]
Fin;generate all combinations 80080 ...time: 0.17782831192016602
Fin; energy prediction...time: 10.27915358543396
Egy stat [-56.21291, -49.76008, -52.80897, 0.86406195]
Start for  8_7_1 [22/105]
Fin;generate all combinations 102960 ...time: 0.3273429870605469
Fin; energy prediction...time: 13.0763099193573
Egy stat [-67.803925, -58.909775, -64.36589, 1.0161344]
Start for  8_6_2 [23/105]
Fin;generate all combinations 360360 ...time: 1.4037973880767822
Fin; energy prediction...time: 44.52275586128235
Egy stat [-65.14943, -55.05943, -60.59288, 1.190841]
Start for  8_5_3 [24/105]
Fin;generate all combinations 720720 ...time: 2.7631688117980957
Fin; energy prediction...time: 87.58102130889893
Egy stat [-61.990932, -51.371876, -57.291668, 1.2847098]
Start for  8_4_4 [25/105]
Fin;generate all combinations 900900 ...time: 3.460416078567505
Fin; energy prediction...time: 110.41489958763123
Egy stat [-59.784676, -46.979046, -54.398396, 1.3031046]
Start for  8_3_5 [26/105]
Fin;generate all combinations 720720 ...time: 2.6653544902801514
Fin; energy prediction...time: 94.6915054321289
Egy stat [-57.17364, -46.12574, -51.850975, 1.2483937]
Start for  8_2_6 [27/105]
Fin;generate all combinations 360360 ...time: 1.7465791702270508
Fin; energy prediction...time: 45.636037826538086
Egy stat [-54.740395, -44.68898, -49.586945, 1.1174173]
Start for  8_1_7 [28/105]
Fin;generate all combinations 102960 ...time: 0.2303476333618164
Fin; energy prediction...time: 13.749397039413452
Egy stat [-51.445736, -44.53072, -47.54096, 0.8921268]
Start for  7_8_1 [29/105]
Fin;generate all combinations 102960 ...time: 0.1813046932220459
Fin; energy prediction...time: 13.37871241569519
Egy stat [-65.97526, -55.897, -62.373325, 1.0221015]
Start for  7_7_2 [30/105]
Fin;generate all combinations 411840 ...time: 1.37431001663208
Fin; energy prediction...time: 51.22137522697449
Egy stat [-63.355247, -52.3826, -58.382217, 1.2253811]
Start for  7_6_3 [31/105]
Fin;generate all combinations 960960 ...time: 3.233415365219116
Fin; energy prediction...time: 118.74598550796509
Egy stat [-60.04808, -48.829273, -54.880352, 1.3495059]
Start for  7_5_4 [32/105]
Fin;generate all combinations 1441440 ...time: 6.031233310699463
Fin; energy prediction...time: 180.50413036346436
Egy stat [-57.658035, -44.846878, -51.79907, 1.4014827]
Start for  7_4_5 [33/105]
Fin;generate all combinations 1441440 ...time: 4.931254863739014
Fin; energy prediction...time: 179.32744646072388
Egy stat [-55.1787, -42.14908, -49.073593, 1.3867073]
Start for  7_3_6 [34/105]
Fin;generate all combinations 960960 ...time: 4.307730197906494
Fin; energy prediction...time: 118.16359424591064
Egy stat [-52.71023, -40.86815, -46.64025, 1.3079814]
Start for  7_2_7 [35/105]
Fin;generate all combinations 411840 ...time: 2.3732974529266357
Fin; energy prediction...time: 52.7437002658844
Egy stat [-50.06504, -39.454216, -44.43401, 1.162759]
Start for  7_1_8 [36/105]
Fin;generate all combinations 102960 ...time: 0.22957396507263184
Fin; energy prediction...time: 13.7271146774292
Egy stat [-46.946514, -39.24301, -42.386257, 0.9340819]
Start for  6_9_1 [37/105]
Fin;generate all combinations 80080 ...time: 0.15792369842529297
Fin; energy prediction...time: 10.417288780212402
Egy stat [-63.84468, -55.564625, -60.63998, 1.0031033]
Start for  6_8_2 [38/105]
Fin;generate all combinations 360360 ...time: 1.237889051437378
Fin; energy prediction...time: 45.12022662162781
Egy stat [-61.751797, -49.67734, -56.42431, 1.2349887]
Start for  6_7_3 [39/105]
Fin;generate all combinations 960960 ...time: 4.453178405761719
Fin; energy prediction...time: 119.93684029579163
Egy stat [-58.366062, -46.42293, -52.71918, 1.388883]
Start for  6_6_4 [40/105]
Fin;generate all combinations 1681680 ...time: 9.091020584106445
Fin; energy prediction...time: 207.6956341266632
Egy stat [-55.900356, -42.552254, -49.45004, 1.4728382]
Start for  6_5_5 [41/105]
Fin;generate all combinations 2018016 ...time: 11.942400932312012
Fin; energy prediction...time: 250.01298189163208
Egy stat [-53.487694, -39.540672, -46.548298, 1.4939278]
Start for  6_4_6 [42/105]
Fin;generate all combinations 1681680 ...time: 10.243428468704224
Fin; energy prediction...time: 208.43118238449097
Egy stat [-51.015472, -36.844917, -43.948383, 1.4576981]
Start for  6_3_7 [43/105]
Fin;generate all combinations 960960 ...time: 5.266810894012451
Fin; energy prediction...time: 121.10282850265503
Egy stat [-48.58899, -35.80402, -41.58485, 1.3669816]
Start for  6_2_8 [44/105]
Fin;generate all combinations 360360 ...time: 0.7210221290588379
Fin; energy prediction...time: 47.38623595237732
Egy stat [-45.67156, -34.218185, -39.389835, 1.2186043]
Start for  6_1_9 [45/105]
Fin;generate all combinations 80080 ...time: 0.87060546875
Fin; energy prediction...time: 11.411280632019043
Egy stat [-41.76915, -34.00997, -37.29099, 0.9949761]
Start for  5_10_1 [46/105]
Fin;generate all combinations 48048 ...time: 0.10783505439758301
Fin; energy prediction...time: 6.9031195640563965
Egy stat [-61.906303, -54.68366, -59.158276, 0.9597256]
Start for  5_9_2 [47/105]
Fin;generate all combinations 240240 ...time: 0.9892737865447998
Fin; energy prediction...time: 30.56826663017273
Egy stat [-59.618732, -48.962635, -54.707874, 1.2204235]
Start for  5_8_3 [48/105]
Fin;generate all combinations 720720 ...time: 2.5727882385253906
Fin; energy prediction...time: 91.26522827148438
Egy stat [-57.016674, -43.7076, -50.793686, 1.4041026]
Start for  5_7_4 [49/105]
Fin;generate all combinations 1441440 ...time: 5.022856712341309
Fin; energy prediction...time: 179.2549591064453
Egy stat [-54.47417, -40.533283, -47.33426, 1.5195448]
Start for  5_6_5 [50/105]
Fin;generate all combinations 2018016 ...time: 10.154531478881836
Fin; energy prediction...time: 249.4815239906311
Egy stat [-51.92141, -36.79685, -44.256077, 1.5747005]
Start for  5_5_6 [51/105]
Fin;generate all combinations 2018016 ...time: 7.411816120147705
Fin; energy prediction...time: 250.2594075202942
Egy stat [-49.56301, -34.095226, -41.49087, 1.5763566]
Start for  5_4_7 [52/105]
Fin;generate all combinations 1441440 ...time: 5.99617862701416
Fin; energy prediction...time: 182.71056652069092
Egy stat [-47.233437, -31.467764, -38.972015, 1.529469]
Start for  5_3_8 [53/105]
Fin;generate all combinations 720720 ...time: 1.465120792388916
Fin; energy prediction...time: 91.34396600723267
Egy stat [-44.5107, -30.300634, -36.631977, 1.4352396]
Start for  5_2_9 [54/105]
Fin;generate all combinations 240240 ...time: 0.48410892486572266
Fin; energy prediction...time: 31.097293615341187
Egy stat [-40.547615, -29.230188, -34.399548, 1.2871981]
Start for  5_1_10 [55/105]
Fin;generate all combinations 48048 ...time: 0.13889002799987793
Fin; energy prediction...time: 7.444897890090942
Egy stat [-36.69895, -28.750973, -32.19803, 1.0640254]
Start for  4_11_1 [56/105]
Fin;generate all combinations 21840 ...time: 0.05464363098144531
Fin; energy prediction...time: 3.730785369873047
Egy stat [-60.30083, -54.318314, -57.923283, 0.8926369]
Start for  4_10_2 [57/105]
Fin;generate all combinations 120120 ...time: 0.3641777038574219
Fin; energy prediction...time: 15.99484372138977
Egy stat [-57.75867, -48.06529, -53.224007, 1.1823301]
Start for  4_9_3 [58/105]
Fin;generate all combinations 400400 ...time: 1.681983232498169
Fin; energy prediction...time: 50.59121370315552
Egy stat [-54.964214, -43.06826, -49.09152, 1.3959354]
Start for  4_8_4 [59/105]
Fin;generate all combinations 900900 ...time: 3.8092470169067383
Fin; energy prediction...time: 113.88784503936768
Egy stat [-53.300488, -37.776848, -45.436447, 1.5429368]
Start for  4_7_5 [60/105]
Fin;generate all combinations 1441440 ...time: 6.253709077835083
Fin; energy prediction...time: 179.27059888839722
Egy stat [-50.62838, -34.940147, -42.17939, 1.6316167]
Start for  4_6_6 [61/105]
Fin;generate all combinations 1681680 ...time: 5.724215269088745
Fin; energy prediction...time: 209.47177863121033
Egy stat [-48.185696, -30.977686, -39.248173, 1.6690961]
Start for  4_5_7 [62/105]
Fin;generate all combinations 1441440 ...time: 9.275087833404541
Fin; energy prediction...time: 180.19132542610168
Egy stat [-45.895355, -29.572933, -36.574516, 1.6609827]
Start for  4_4_8 [63/105]
Fin;generate all combinations 900900 ...time: 4.740318059921265
Fin; energy prediction...time: 113.8082230091095
Egy stat [-43.380043, -25.623322, -34.09055, 1.609991]
Start for  4_3_9 [64/105]
Fin;generate all combinations 400400 ...time: 2.6968789100646973
Fin; energy prediction...time: 51.96192765235901
Egy stat [-39.230858, -25.383778, -31.725931, 1.513167]
Start for  4_2_10 [65/105]
Fin;generate all combinations 120120 ...time: 0.2805297374725342
Fin; energy prediction...time: 16.55055546760559
Egy stat [-35.625168, -24.21474, -29.405489, 1.3578963]
Start for  4_1_11 [66/105]
Fin;generate all combinations 21840 ...time: 0.257770299911499
Fin; energy prediction...time: 4.04222846031189
Egy stat [-31.132086, -23.71627, -27.047642, 1.1170663]
Start for  3_12_1 [67/105]
Fin;generate all combinations 7280 ...time: 0.020059823989868164
Fin; energy prediction...time: 1.913344383239746
Egy stat [-58.892857, -53.579037, -56.9328, 0.8028457]
Start for  3_11_2 [68/105]
Fin;generate all combinations 43680 ...time: 0.1364915370941162
Fin; energy prediction...time: 6.395677089691162
Egy stat [-55.8291, -47.341965, -51.96653, 1.1215645]
Start for  3_10_3 [69/105]
Fin;generate all combinations 160160 ...time: 0.6175041198730469
Fin; energy prediction...time: 20.877203702926636
Egy stat [-52.940796, -42.239384, -47.602776, 1.3650372]
Start for  3_9_4 [70/105]
Fin;generate all combinations 400400 ...time: 1.6090304851531982
Fin; energy prediction...time: 51.10022568702698
Egy stat [-50.89338, -37.437897, -43.74353, 1.5438069]
Start for  3_8_5 [71/105]
Fin;generate all combinations 720720 ...time: 2.886035203933716
Fin; energy prediction...time: 90.31671190261841
Egy stat [-49.367825, -33.115486, -40.30242, 1.6661239]
Start for  3_7_6 [72/105]
Fin;generate all combinations 960960 ...time: 4.298909902572632
Fin; energy prediction...time: 120.91557884216309
Egy stat [-46.90792, -30.1098, -37.202427, 1.7387601]
Start for  3_6_7 [73/105]
Fin;generate all combinations 960960 ...time: 3.5840084552764893
Fin; energy prediction...time: 122.8029625415802
Egy stat [-44.56988, -27.24041, -34.37259, 1.7671078]
Start for  3_5_8 [74/105]
Fin;generate all combinations 720720 ...time: 1.3946385383605957
Fin; energy prediction...time: 94.71329760551453
Egy stat [-42.290016, -23.863499, -31.744242, 1.7541654]
Start for  3_4_9 [75/105]
Fin;generate all combinations 400400 ...time: 1.9760680198669434
Fin; energy prediction...time: 50.1210880279541
Egy stat [-37.862038, -21.11728, -29.247578, 1.6982802]
Start for  3_3_10 [76/105]
Fin;generate all combinations 160160 ...time: 0.3443901538848877
Fin; energy prediction...time: 21.624510288238525
Egy stat [-34.03174, -20.464874, -26.808775, 1.5899358]
Start for  3_2_11 [77/105]
Fin;generate all combinations 43680 ...time: 0.10091829299926758
Fin; energy prediction...time: 6.986124038696289
Egy stat [-29.233606, -19.522259, -24.348028, 1.4086447]
Start for  3_1_12 [78/105]
Fin;generate all combinations 7280 ...time: 0.02247452735900879
Fin; energy prediction...time: 1.8238170146942139
Egy stat [-25.053883, -18.647171, -21.778194, 1.1214551]
Start for  2_13_1 [79/105]
Fin;generate all combinations 1680 ...time: 0.006525754928588867
Fin; energy prediction...time: 1.098036527633667
Egy stat [-57.57884, -54.184998, -56.187294, 0.69214565]
Start for  2_12_2 [80/105]
Fin;generate all combinations 10920 ...time: 0.02326369285583496
Fin; energy prediction...time: 2.3750510215759277
Egy stat [-54.1509, -46.472385, -50.93203, 1.0396068]
Start for  2_11_3 [81/105]
Fin;generate all combinations 43680 ...time: 0.08996343612670898
Fin; energy prediction...time: 6.848193883895874
Egy stat [-51.088516, -41.53485, -46.32024, 1.3123491]
Start for  2_10_4 [82/105]
Fin;generate all combinations 120120 ...time: 0.5237913131713867
Fin; energy prediction...time: 15.87176775932312
Egy stat [-48.60542, -36.664627, -42.244896, 1.5228405]
Start for  2_9_5 [83/105]
Fin;generate all combinations 240240 ...time: 1.195908784866333
Fin; energy prediction...time: 30.88758635520935
Egy stat [-46.813774, -32.6975, -38.611702, 1.679104]
Start for  2_8_6 [84/105]
Fin;generate all combinations 360360 ...time: 1.5627145767211914
Fin; energy prediction...time: 45.75608277320862
Egy stat [-45.75915, -28.439486, -35.33772, 1.7869804]
Start for  2_7_7 [85/105]
Fin;generate all combinations 411840 ...time: 1.5534420013427734
Fin; energy prediction...time: 52.3747718334198
Egy stat [-43.464947, -25.742388, -32.348343, 1.8509724]
Start for  2_6_8 [86/105]
Fin;generate all combinations 360360 ...time: 1.3351256847381592
Fin; energy prediction...time: 46.60960841178894
Egy stat [-41.214756, -21.778545, -29.573385, 1.8736576]
Start for  2_5_9 [87/105]
Fin;generate all combinations 240240 ...time: 0.4837150573730469
Fin; energy prediction...time: 31.14835834503174
Egy stat [-36.49089, -19.454727, -26.943165, 1.8537968]
Start for  2_4_10 [88/105]
Fin;generate all combinations 120120 ...time: 0.251509428024292
Fin; energy prediction...time: 15.98561954498291
Egy stat [-32.43464, -16.064966, -24.385134, 1.7834349]
Start for  2_3_11 [89/105]
Fin;generate all combinations 43680 ...time: 0.09801793098449707
Fin; energy prediction...time: 6.702021837234497
Egy stat [-27.482582, -15.571469, -21.821245, 1.6448655]
Start for  2_2_12 [90/105]
Fin;generate all combinations 10920 ...time: 0.02779674530029297
Fin; energy prediction...time: 2.3936822414398193
Egy stat [-22.736717, -14.486252, -19.166286, 1.4089764]
Start for  2_1_13 [91/105]
Fin;generate all combinations 1680 ...time: 0.005350589752197266
Fin; energy prediction...time: 1.1565358638763428
Egy stat [-18.384499, -13.65844, -16.326893, 1.0373915]
Start for  1_14_1 [92/105]
Fin;generate all combinations 240 ...time: 0.0017600059509277344
Fin; energy prediction...time: 0.9979305267333984
Egy stat [-56.60033, -54.406937, -55.689747, 0.5642458]
Start for  1_13_2 [93/105]
Fin;generate all combinations 1680 ...time: 0.004190921783447266
Fin; energy prediction...time: 1.101534366607666
Egy stat [-52.431206, -47.161655, -50.11993, 0.9391922]
Start for  1_12_3 [94/105]
Fin;generate all combinations 7280 ...time: 0.017972707748413086
Fin; energy prediction...time: 1.8289752006530762
Egy stat [-49.19014, -40.42067, -45.23956, 1.2395983]
Start for  1_11_4 [95/105]
Fin;generate all combinations 21840 ...time: 0.09746670722961426
Fin; energy prediction...time: 3.846418619155884
Egy stat [-46.55943, -35.866203, -40.93259, 1.4810705]
Start for  1_10_5 [96/105]
Fin;generate all combinations 48048 ...time: 0.24056243896484375
Fin; energy prediction...time: 7.292093992233276
Egy stat [-44.214027, -31.567915, -37.09618, 1.67136]
Start for  1_9_6 [97/105]
Fin;generate all combinations 80080 ...time: 0.40619850158691406
Fin; energy prediction...time: 10.80548906326294
Egy stat [-42.942844, -27.645842, -33.640427, 1.8148358]
Start for  1_8_7 [98/105]
Fin;generate all combinations 102960 ...time: 0.5250887870788574
Fin; energy prediction...time: 14.108170747756958
Egy stat [-42.436172, -23.257805, -30.485985, 1.9144706]
Start for  1_7_8 [99/105]
Fin;generate all combinations 102960 ...time: 0.4140753746032715
Fin; energy prediction...time: 14.031176567077637
Egy stat [-40.217163, -20.007797, -27.560291, 1.9718668]
Start for  1_6_9 [100/105]
Fin;generate all combinations 80080 ...time: 0.32105207443237305
Fin; energy prediction...time: 11.063608169555664
Egy stat [-35.192703, -17.496874, -24.793278, 1.9857129]
Start for  1_5_10 [101/105]
Fin;generate all combinations 48048 ...time: 0.10082507133483887
Fin; energy prediction...time: 7.364765405654907
Egy stat [-30.761847, -14.513639, -22.113428, 1.949072]
Start for  1_4_11 [102/105]
Fin;generate all combinations 21840 ...time: 0.13319826126098633
Fin; energy prediction...time: 4.073126554489136
Egy stat [-25.624256, -11.553142, -19.44454, 1.8461787]
Start for  1_3_12 [103/105]
Fin;generate all combinations 7280 ...time: 0.09934616088867188
Fin; energy prediction...time: 1.8863308429718018
Egy stat [-20.809612, -10.670845, -16.703506, 1.649823]
Start for  1_2_13 [104/105]
Fin;generate all combinations 1680 ...time: 0.005518913269042969
Fin; energy prediction...time: 1.1887633800506592
Egy stat [-15.94052, -10.045538, -13.798962, 1.3204323]
Start for  1_1_14 [105/105]
Fin;generate all combinations 240 ...time: 0.0011768341064453125
Fin; energy prediction...time: 0.9772114753723145
Egy stat [-11.647894, -8.08724, -10.630642, 0.8072975]
Saving....
Saved to... Cs_GePbZn_Cl.pkl
Total elapsed time... 5637.1072244644165
