Summary of calculations
Site name (A,B,C)... Cs Ge,Hg,Pb I
Base cif file name... ../0.cif
Save file name... Cs_GeHgPb_I.pkl
Fin; combination with repetition...time: 0.0017695426940917969
Start for  14_1_1 [1/105]
Fin;generate all combinations 240 ...time: 0.0006358623504638672
Fin; energy prediction...time: 0.2184598445892334
Egy stat [-17.727184, -16.955956, -17.530361, 0.16014042]
Start for  13_2_1 [2/105]
Fin;generate all combinations 1680 ...time: 0.003384828567504883
Fin; energy prediction...time: 0.39045023918151855
Egy stat [-15.664207, -14.283059, -15.058749, 0.3224743]
Start for  13_1_2 [3/105]
Fin;generate all combinations 1680 ...time: 0.003896474838256836
Fin; energy prediction...time: 0.3971562385559082
Egy stat [-16.335777, -15.193431, -15.964825, 0.28978306]
Start for  12_3_1 [4/105]
Fin;generate all combinations 7280 ...time: 0.012032270431518555
Fin; energy prediction...time: 1.1626522541046143
Egy stat [-13.761563, -11.577991, -12.781128, 0.49687207]
Start for  12_2_2 [5/105]
Fin;generate all combinations 10920 ...time: 0.017220020294189453
Fin; energy prediction...time: 1.521986484527588
Egy stat [-14.559181, -12.1143, -13.623366, 0.40590122]
Start for  12_1_3 [6/105]
Fin;generate all combinations 7280 ...time: 0.05217432975769043
Fin; energy prediction...time: 1.1636533737182617
Egy stat [-15.214615, -12.924659, -14.556252, 0.38492647]
Start for  11_4_1 [7/105]
Fin;generate all combinations 21840 ...time: 0.07526111602783203
Fin; energy prediction...time: 2.912708282470703
Egy stat [-12.239752, -8.859948, -10.722371, 0.6709007]
Start for  11_3_2 [8/105]
Fin;generate all combinations 43680 ...time: 0.11342787742614746
Fin; energy prediction...time: 5.874712944030762
Egy stat [-12.760153, -9.632235, -11.46935, 0.55234814]
Start for  11_2_3 [9/105]
Fin;generate all combinations 43680 ...time: 0.15231013298034668
Fin; energy prediction...time: 5.650205135345459
Egy stat [-13.504278, -10.567988, -12.3366, 0.47384432]
Start for  11_1_4 [10/105]
Fin;generate all combinations 21840 ...time: 0.04089999198913574
Fin; energy prediction...time: 2.935171365737915
Egy stat [-14.206957, -11.264256, -13.314221, 0.45074278]
Start for  10_5_1 [11/105]
Fin;generate all combinations 48048 ...time: 0.17423772811889648
Fin; energy prediction...time: 6.396685838699341
Egy stat [-10.8218, -6.3104534, -8.902206, 0.8284207]
Start for  10_4_2 [12/105]
Fin;generate all combinations 120120 ...time: 0.5246875286102295
Fin; energy prediction...time: 14.943670272827148
Egy stat [-11.465016, -7.077368, -9.524151, 0.70804536]
Start for  10_3_3 [13/105]
Fin;generate all combinations 160160 ...time: 0.40548181533813477
Fin; energy prediction...time: 20.075089931488037
Egy stat [-11.9024315, -7.7757144, -10.297687, 0.59826475]
Start for  10_2_4 [14/105]
Fin;generate all combinations 120120 ...time: 0.5585222244262695
Fin; energy prediction...time: 14.919509649276733
Egy stat [-12.70886, -8.718719, -11.207337, 0.5219143]
Start for  10_1_5 [15/105]
Fin;generate all combinations 48048 ...time: 0.09399056434631348
Fin; energy prediction...time: 6.247636318206787
Egy stat [-13.304834, -9.565537, -12.2490635, 0.49209136]
Start for  9_6_1 [16/105]
Fin;generate all combinations 80080 ...time: 0.2247920036315918
Fin; energy prediction...time: 10.060603141784668
Egy stat [-9.867127, -3.684916, -7.3336368, 0.95337117]
Start for  9_5_2 [17/105]
Fin;generate all combinations 240240 ...time: 0.8639848232269287
Fin; energy prediction...time: 29.649142026901245
Egy stat [-10.163441, -4.7200923, -7.80442, 0.852687]
Start for  9_4_3 [18/105]
Fin;generate all combinations 400400 ...time: 1.2036857604980469
Fin; energy prediction...time: 48.91675329208374
Egy stat [-10.745489, -5.3902955, -8.457477, 0.73805445]
Start for  9_3_4 [19/105]
Fin;generate all combinations 400400 ...time: 1.7564845085144043
Fin; energy prediction...time: 50.098790884017944
Egy stat [-11.213386, -6.41343, -9.27449, 0.6311856]
Start for  9_2_5 [20/105]
Fin;generate all combinations 240240 ...time: 0.8638014793395996
Fin; energy prediction...time: 30.327638387680054
Egy stat [-11.918035, -7.508729, -10.245423, 0.5521564]
Start for  9_1_6 [21/105]
Fin;generate all combinations 80080 ...time: 0.17938876152038574
Fin; energy prediction...time: 10.713346481323242
Egy stat [-12.593818, -8.486942, -11.372042, 0.51359993]
Start for  8_7_1 [22/105]
Fin;generate all combinations 102960 ...time: 0.35030078887939453
Fin; energy prediction...time: 12.798183679580688
Egy stat [-9.003494, -0.8828974, -6.0214396, 1.0322754]
Start for  8_6_2 [23/105]
Fin;generate all combinations 360360 ...time: 1.3109564781188965
Fin; energy prediction...time: 44.20827388763428
Egy stat [-9.345456, -2.2511845, -6.3205504, 0.9685143]
Start for  8_5_3 [24/105]
Fin;generate all combinations 720720 ...time: 2.6155693531036377
Fin; energy prediction...time: 89.13034749031067
Egy stat [-9.608734, -3.1326575, -6.8296247, 0.8712664]
Start for  8_4_4 [25/105]
Fin;generate all combinations 900900 ...time: 3.42108154296875
Fin; energy prediction...time: 111.43113875389099
Egy stat [-10.2658, -3.6601691, -7.5303464, 0.7596877]
Start for  8_3_5 [26/105]
Fin;generate all combinations 720720 ...time: 2.7477333545684814
Fin; energy prediction...time: 90.76567816734314
Egy stat [-10.612276, -4.981143, -8.409265, 0.65279347]
Start for  8_2_6 [27/105]
Fin;generate all combinations 360360 ...time: 1.80324387550354
Fin; energy prediction...time: 45.352795362472534
Egy stat [-11.299314, -6.0503626, -9.461826, 0.568467]
Start for  8_1_7 [28/105]
Fin;generate all combinations 102960 ...time: 0.2382183074951172
Fin; energy prediction...time: 13.77554726600647
Egy stat [-12.126716, -6.9609985, -10.695398, 0.5195776]
Start for  7_8_1 [29/105]
Fin;generate all combinations 102960 ...time: 0.18520164489746094
Fin; energy prediction...time: 13.117270708084106
Egy stat [-7.6821156, 1.6487103, -4.960897, 1.0561124]
Start for  7_7_2 [30/105]
Fin;generate all combinations 411840 ...time: 1.3204548358917236
Fin; energy prediction...time: 50.431724309921265
Egy stat [-7.867775, 0.007989883, -5.0751843, 1.041477]
Start for  7_6_3 [31/105]
Fin;generate all combinations 960960 ...time: 3.1810522079467773
Fin; energy prediction...time: 118.94292688369751
Egy stat [-8.231015, -1.3817968, -5.421966, 0.9790689]
Start for  7_5_4 [32/105]
Fin;generate all combinations 1441440 ...time: 6.439242124557495
Fin; energy prediction...time: 176.2806499004364
Egy stat [-8.733044, -2.2823544, -5.9856443, 0.8848676]
Start for  7_4_5 [33/105]
Fin;generate all combinations 1441440 ...time: 5.9436259269714355
Fin; energy prediction...time: 182.13067841529846
Egy stat [-9.302585, -3.4705038, -6.7520714, 0.77530617]
Start for  7_3_6 [34/105]
Fin;generate all combinations 960960 ...time: 4.314351320266724
Fin; energy prediction...time: 119.90327262878418
Egy stat [-9.821229, -4.3497357, -7.7127876, 0.6667745]
Start for  7_2_7 [35/105]
Fin;generate all combinations 411840 ...time: 2.4910483360290527
Fin; energy prediction...time: 51.61217761039734
Egy stat [-10.4345255, -5.3808293, -8.868625, 0.57509047]
Start for  7_1_8 [36/105]
Fin;generate all combinations 102960 ...time: 0.8585569858551025
Fin; energy prediction...time: 13.512651205062866
Egy stat [-11.710849, -6.0487785, -10.232233, 0.51371294]
Start for  6_9_1 [37/105]
Fin;generate all combinations 80080 ...time: 0.15661859512329102
Fin; energy prediction...time: 11.343984603881836
Egy stat [-6.52075, 0.69206905, -4.1367383, 1.0216314]
Start for  6_8_2 [38/105]
Fin;generate all combinations 360360 ...time: 1.4833743572235107
Fin; energy prediction...time: 44.83678579330444
Egy stat [-6.865078, 2.4062204, -4.0618973, 1.062356]
Start for  6_7_3 [39/105]
Fin;generate all combinations 960960 ...time: 3.4596307277679443
Fin; energy prediction...time: 119.29117488861084
Egy stat [-7.134405, 0.8512745, -4.2350216, 1.0470613]
Start for  6_6_4 [40/105]
Fin;generate all combinations 1681680 ...time: 5.932203531265259
Fin; energy prediction...time: 206.64853382110596
Egy stat [-7.7598996, -0.28937817, -4.6457214, 0.9874442]
Start for  6_5_5 [41/105]
Fin;generate all combinations 2018016 ...time: 10.294282674789429
Fin; energy prediction...time: 250.295916557312
Egy stat [-8.145124, -1.559802, -5.2817593, 0.8967503]
Start for  6_4_6 [42/105]
Fin;generate all combinations 1681680 ...time: 12.797980070114136
Fin; energy prediction...time: 208.181560754776
Egy stat [-8.871779, -2.5308456, -6.133348, 0.788752]
Start for  6_3_7 [43/105]
Fin;generate all combinations 960960 ...time: 5.055903434753418
Fin; energy prediction...time: 118.78114700317383
Egy stat [-9.181953, -3.5939112, -7.197032, 0.67718285]
Start for  6_2_8 [44/105]
Fin;generate all combinations 360360 ...time: 0.7559044361114502
Fin; energy prediction...time: 46.76185607910156
Egy stat [-10.142286, -4.439807, -8.478828, 0.57569206]
Start for  6_1_9 [45/105]
Fin;generate all combinations 80080 ...time: 0.19367694854736328
Fin; energy prediction...time: 10.554194927215576
Egy stat [-11.332193, -6.4427524, -9.996226, 0.4985688]
Start for  5_10_1 [46/105]
Fin;generate all combinations 48048 ...time: 0.10835742950439453
Fin; energy prediction...time: 6.4748711585998535
Egy stat [-5.600777, -0.19397545, -3.522253, 0.93195945]
Start for  5_9_2 [47/105]
Fin;generate all combinations 240240 ...time: 0.7772805690765381
Fin; energy prediction...time: 30.06426692008972
Egy stat [-5.7687, 1.486659, -3.2641158, 1.0276343]
Start for  5_8_3 [48/105]
Fin;generate all combinations 720720 ...time: 2.9812939167022705
Fin; energy prediction...time: 89.0738697052002
Egy stat [-6.1225324, 3.093646, -3.2606184, 1.0660384]
Start for  5_7_4 [49/105]
Fin;generate all combinations 1441440 ...time: 6.156833648681641
Fin; energy prediction...time: 181.59888315200806
Egy stat [-6.6652527, 1.7071114, -3.5089507, 1.0530783]
Start for  5_6_5 [50/105]
Fin;generate all combinations 2018016 ...time: 7.2764363288879395
Fin; energy prediction...time: 254.56539225578308
Egy stat [-6.846612, 0.37291908, -4.001177, 0.9978483]
Start for  5_5_6 [51/105]
Fin;generate all combinations 2018016 ...time: 8.855210542678833
Fin; energy prediction...time: 250.22794151306152
Egy stat [-7.457243, -0.70499134, -4.728658, 0.9110436]
Start for  5_4_7 [52/105]
Fin;generate all combinations 1441440 ...time: 6.080648183822632
Fin; energy prediction...time: 178.6322033405304
Egy stat [-8.2428875, -1.8096094, -5.686071, 0.80383795]
Start for  5_3_8 [53/105]
Fin;generate all combinations 720720 ...time: 5.186909198760986
Fin; energy prediction...time: 90.42342567443848
Egy stat [-8.876271, -2.692442, -6.874877, 0.68724436]
Start for  5_2_9 [54/105]
Fin;generate all combinations 240240 ...time: 0.5579988956451416
Fin; energy prediction...time: 30.781833171844482
Egy stat [-9.971899, -4.8501086, -8.305969, 0.5725527]
Start for  5_1_10 [55/105]
Fin;generate all combinations 48048 ...time: 0.13970732688903809
Fin; energy prediction...time: 7.028117418289185
Egy stat [-11.28256, -7.1587334, -10.001187, 0.47499767]
Start for  4_11_1 [56/105]
Fin;generate all combinations 21840 ...time: 0.05695843696594238
Fin; energy prediction...time: 3.6018848419189453
Egy stat [-4.856528, -0.86240005, -3.078471, 0.7962544]
Start for  4_10_2 [57/105]
Fin;generate all combinations 120120 ...time: 0.5033717155456543
Fin; energy prediction...time: 15.536031723022461
Egy stat [-5.133547, 0.81634426, -2.6541843, 0.9398237]
Start for  4_9_3 [58/105]
Fin;generate all combinations 400400 ...time: 1.745331048965454
Fin; energy prediction...time: 49.95089840888977
Egy stat [-5.272064, 2.2898293, -2.480778, 1.0325936]
Start for  4_8_4 [59/105]
Fin;generate all combinations 900900 ...time: 2.8368170261383057
Fin; energy prediction...time: 110.96246886253357
Egy stat [-5.9259653, 3.850009, -2.5653439, 1.0729752]
Start for  4_7_5 [60/105]
Fin;generate all combinations 1441440 ...time: 7.206596851348877
Fin; energy prediction...time: 176.70750880241394
Egy stat [-5.8598733, 2.418007, -2.9065151, 1.0647466]
Start for  4_6_6 [61/105]
Fin;generate all combinations 1681680 ...time: 9.38858938217163
Fin; energy prediction...time: 206.84389734268188
Egy stat [-6.2600865, 1.2573051, -3.499073, 1.0147455]
Start for  4_5_7 [62/105]
Fin;generate all combinations 1441440 ...time: 6.69017481803894
Fin; energy prediction...time: 179.42753052711487
Egy stat [-6.959655, 0.10732937, -4.338163, 0.9313186]
Start for  4_4_8 [63/105]
Fin;generate all combinations 900900 ...time: 4.352828025817871
Fin; energy prediction...time: 111.98638224601746
Egy stat [-8.022726, -0.8294506, -5.4229403, 0.82313776]
Start for  4_3_9 [64/105]
Fin;generate all combinations 400400 ...time: 2.2385153770446777
Fin; energy prediction...time: 50.41900825500488
Egy stat [-8.773053, -3.251873, -6.7596035, 0.6984747]
Start for  4_2_10 [65/105]
Fin;generate all combinations 120120 ...time: 0.2665116786956787
Fin; energy prediction...time: 16.395521640777588
Egy stat [-10.027894, -5.189836, -8.363556, 0.56602085]
Start for  4_1_11 [66/105]
Fin;generate all combinations 21840 ...time: 0.06441354751586914
Fin; energy prediction...time: 3.4368720054626465
Egy stat [-11.412596, -8.134872, -10.260461, 0.44168982]
Start for  3_12_1 [67/105]
Fin;generate all combinations 7280 ...time: 0.02047562599182129
Fin; energy prediction...time: 1.5575065612792969
Egy stat [-4.139605, -1.3834314, -2.7533953, 0.62795776]
Start for  3_11_2 [68/105]
Fin;generate all combinations 43680 ...time: 0.08209991455078125
Fin; energy prediction...time: 6.295698642730713
Egy stat [-4.2662272, 0.16932774, -2.1925378, 0.8071026]
Start for  3_10_3 [69/105]
Fin;generate all combinations 160160 ...time: 0.6097736358642578
Fin; energy prediction...time: 20.243608713150024
Egy stat [-4.2186613, 1.6599102, -1.8667604, 0.94943297]
Start for  3_9_4 [70/105]
Fin;generate all combinations 400400 ...time: 1.5398154258728027
Fin; energy prediction...time: 50.04335856437683
Egy stat [-4.4928555, 3.1493254, -1.7953883, 1.0444001]
Start for  3_8_5 [71/105]
Fin;generate all combinations 720720 ...time: 2.6666781902313232
Fin; energy prediction...time: 88.92875266075134
Egy stat [-5.1188865, 4.2528725, -1.9858613, 1.0894874]
Start for  3_7_6 [72/105]
Fin;generate all combinations 960960 ...time: 5.258934497833252
Fin; energy prediction...time: 118.31357908248901
Egy stat [-5.2720127, 2.6150627, -2.4385283, 1.086861]
Start for  3_6_7 [73/105]
Fin;generate all combinations 960960 ...time: 6.180007696151733
Fin; energy prediction...time: 121.34366607666016
Egy stat [-5.8505507, 1.356658, -3.1511278, 1.0414447]
Start for  3_5_8 [74/105]
Fin;generate all combinations 720720 ...time: 3.4655871391296387
Fin; energy prediction...time: 91.60184502601624
Egy stat [-6.8129168, 0.71258545, -4.1226935, 0.9594703]
Start for  3_4_9 [75/105]
Fin;generate all combinations 400400 ...time: 2.079732656478882
Fin; energy prediction...time: 50.72768259048462
Egy stat [-7.9497833, -1.4782238, -5.3568196, 0.8472564]
Start for  3_3_10 [76/105]
Fin;generate all combinations 160160 ...time: 0.35447216033935547
Fin; energy prediction...time: 21.52921414375305
Egy stat [-8.945213, -3.7577038, -6.8641996, 0.71037084]
Start for  3_2_11 [77/105]
Fin;generate all combinations 43680 ...time: 0.10976195335388184
Fin; energy prediction...time: 6.629248857498169
Egy stat [-10.177781, -6.273923, -8.664345, 0.5545258]
Start for  3_1_12 [78/105]
Fin;generate all combinations 7280 ...time: 0.02263021469116211
Fin; energy prediction...time: 1.7219164371490479
Egy stat [-11.710682, -9.065332, -10.786229, 0.3949974]
Start for  2_13_1 [79/105]
Fin;generate all combinations 1680 ...time: 0.005936145782470703
Fin; energy prediction...time: 0.9083375930786133
Egy stat [-3.4050112, -1.711751, -2.481443, 0.44089493]
Start for  2_12_2 [80/105]
Fin;generate all combinations 10920 ...time: 0.02288961410522461
Fin; energy prediction...time: 2.158059597015381
Egy stat [-3.6678782, -0.3486166, -1.826951, 0.6425306]
Start for  2_11_3 [81/105]
Fin;generate all combinations 43680 ...time: 0.16117215156555176
Fin; energy prediction...time: 6.492846965789795
Egy stat [-3.2627625, 1.2660265, -1.3782479, 0.82560235]
Start for  2_10_4 [82/105]
Fin;generate all combinations 120120 ...time: 0.4701824188232422
Fin; energy prediction...time: 15.43282699584961
Egy stat [-3.4268365, 2.6302776, -1.1690964, 0.9712319]
Start for  2_9_5 [83/105]
Fin;generate all combinations 240240 ...time: 1.1305468082427979
Fin; energy prediction...time: 30.125822067260742
Egy stat [-3.7318878, 3.6386232, -1.2180138, 1.070541]
Start for  2_8_6 [84/105]
Fin;generate all combinations 360360 ...time: 1.8047840595245361
Fin; energy prediction...time: 45.294151306152344
Egy stat [-4.6998506, 4.680955, -1.5330435, 1.1205924]
Start for  2_7_7 [85/105]
Fin;generate all combinations 411840 ...time: 2.0468461513519287
Fin; energy prediction...time: 51.57209515571594
Egy stat [-4.9842587, 3.1617727, -2.1165185, 1.1223458]
Start for  2_6_8 [86/105]
Fin;generate all combinations 360360 ...time: 1.383314609527588
Fin; energy prediction...time: 45.00064134597778
Egy stat [-5.7791657, 2.4416819, -2.9693303, 1.0791116]
Start for  2_5_9 [87/105]
Fin;generate all combinations 240240 ...time: 0.9698476791381836
Fin; energy prediction...time: 30.634510278701782
Egy stat [-6.832801, 0.060513496, -4.0944843, 0.9952334]
Start for  2_4_10 [88/105]
Fin;generate all combinations 120120 ...time: 0.24706697463989258
Fin; energy prediction...time: 16.012171745300293
Egy stat [-8.211206, -2.084259, -5.499904, 0.87485033]
Start for  2_3_11 [89/105]
Fin;generate all combinations 43680 ...time: 0.09893298149108887
Fin; energy prediction...time: 6.2045745849609375
Egy stat [-9.239298, -4.437352, -7.2005153, 0.72086483]
Start for  2_2_12 [90/105]
Fin;generate all combinations 10920 ...time: 0.03124833106994629
Fin; energy prediction...time: 2.1260433197021484
Egy stat [-10.645681, -7.2055955, -9.219518, 0.53530484]
Start for  2_1_13 [91/105]
Fin;generate all combinations 1680 ...time: 0.005837917327880859
Fin; energy prediction...time: 0.983262300491333
Egy stat [-12.281451, -10.529481, -11.588739, 0.3287477]
Start for  1_14_1 [92/105]
Fin;generate all combinations 240 ...time: 0.001627206802368164
Fin; energy prediction...time: 0.7222650051116943
Egy stat [-2.6211753, -1.9055853, -2.1834111, 0.24327795]
Start for  1_13_2 [93/105]
Fin;generate all combinations 1680 ...time: 0.0042111873626708984
Fin; energy prediction...time: 0.8781554698944092
Egy stat [-2.5161161, -0.647171, -1.4920244, 0.4652783]
Start for  1_12_3 [94/105]
Fin;generate all combinations 7280 ...time: 0.017739057540893555
Fin; energy prediction...time: 1.6623098850250244
Egy stat [-2.6293726, 0.8556633, -0.9626387, 0.67812467]
Start for  1_11_4 [95/105]
Fin;generate all combinations 21840 ...time: 0.09157061576843262
Fin; energy prediction...time: 3.5204102993011475
Egy stat [-2.3817225, 2.1937428, -0.6452226, 0.8652066]
Start for  1_10_5 [96/105]
Fin;generate all combinations 48048 ...time: 0.17687654495239258
Fin; energy prediction...time: 6.956763505935669
Egy stat [-2.802194, 3.0703773, -0.5715498, 1.0137247]
Start for  1_9_6 [97/105]
Fin;generate all combinations 80080 ...time: 0.3764936923980713
Fin; energy prediction...time: 10.714404582977295
Egy stat [-3.3083086, 4.042124, -0.7595377, 1.1159242]
Start for  1_8_7 [98/105]
Fin;generate all combinations 102960 ...time: 0.35675740242004395
Fin; energy prediction...time: 13.721673488616943
Egy stat [-4.4619184, 5.0674534, -1.2181126, 1.1685268]
Start for  1_7_8 [99/105]
Fin;generate all combinations 102960 ...time: 0.4373149871826172
Fin; energy prediction...time: 13.901020288467407
Egy stat [-5.0044246, 4.2182016, -1.9518645, 1.1714593]
Start for  1_6_9 [100/105]
Fin;generate all combinations 80080 ...time: 0.1685333251953125
Fin; energy prediction...time: 10.633789777755737
Egy stat [-5.9355693, 1.6789112, -2.965028, 1.1265887]
Start for  1_5_10 [101/105]
Fin;generate all combinations 48048 ...time: 0.1046912670135498
Fin; energy prediction...time: 7.130542039871216
Egy stat [-6.8060637, -0.69416714, -4.264617, 1.0365294]
Start for  1_4_11 [102/105]
Fin;generate all combinations 21840 ...time: 0.15338349342346191
Fin; energy prediction...time: 3.3811938762664795
Egy stat [-8.591522, -2.852365, -5.8627563, 0.9033886]
Start for  1_3_12 [103/105]
Fin;generate all combinations 7280 ...time: 0.01769733428955078
Fin; energy prediction...time: 1.6599218845367432
Egy stat [-9.734394, -5.3812633, -7.7783103, 0.72741205]
Start for  1_2_13 [104/105]
Fin;generate all combinations 1680 ...time: 0.05488419532775879
Fin; energy prediction...time: 0.8821625709533691
Egy stat [-11.417463, -8.749135, -10.037798, 0.5057886]
Start for  1_1_14 [105/105]
Fin;generate all combinations 240 ...time: 0.0017249584197998047
Fin; energy prediction...time: 0.6766149997711182
Egy stat [-13.166008, -12.136591, -12.675498, 0.232003]
Saving....
Saved to... Cs_GeHgPb_I.pkl
Total elapsed time... 5599.032458305359
