Summary of calculations
Site name (A,B,C)... Cs Ge,Hg,Zn I
Base cif file name... ../0.cif
Save file name... Cs_GeHgZn_I.pkl
Fin; combination with repetition...time: 0.0017347335815429688
Start for  14_1_1 [1/105]
Fin;generate all combinations 240 ...time: 0.0006170272827148438
Fin; energy prediction...time: 0.21401643753051758
Egy stat [-12.741278, -11.728821, -12.023619, 0.25714108]
Start for  13_2_1 [2/105]
Fin;generate all combinations 1680 ...time: 0.003596067428588867
Fin; energy prediction...time: 0.38336730003356934
Egy stat [-10.814508, -8.880336, -9.628071, 0.44475943]
Start for  13_1_2 [3/105]
Fin;generate all combinations 1680 ...time: 0.003843545913696289
Fin; energy prediction...time: 0.36548376083374023
Egy stat [-6.094044, -4.2618175, -5.061394, 0.40034342]
Start for  12_3_1 [4/105]
Fin;generate all combinations 7280 ...time: 0.012352943420410156
Fin; energy prediction...time: 1.1047203540802002
Egy stat [-8.925591, -6.007287, -7.4482217, 0.61810327]
Start for  12_2_2 [5/105]
Fin;generate all combinations 10920 ...time: 0.01723194122314453
Fin; energy prediction...time: 1.4706640243530273
Egy stat [-4.553172, -1.3810024, -2.8836904, 0.57132256]
Start for  12_1_3 [6/105]
Fin;generate all combinations 7280 ...time: 0.06442403793334961
Fin; energy prediction...time: 1.1244282722473145
Egy stat [0.347723, 2.9291658, 1.6557726, 0.49062577]
Start for  11_4_1 [7/105]
Fin;generate all combinations 21840 ...time: 0.0873258113861084
Fin; energy prediction...time: 2.9997060298919678
Egy stat [-7.2932415, -3.3298244, -5.5058074, 0.76998377]
Start for  11_3_2 [8/105]
Fin;generate all combinations 43680 ...time: 0.11376285552978516
Fin; energy prediction...time: 5.775923013687134
Egy stat [-2.6514282, 1.1686554, -0.9303357, 0.7170674]
Start for  11_2_3 [9/105]
Fin;generate all combinations 43680 ...time: 0.15081000328063965
Fin; energy prediction...time: 5.833069801330566
Egy stat [1.9433069, 5.4145775, 3.6181235, 0.6395702]
Start for  11_1_4 [10/105]
Fin;generate all combinations 21840 ...time: 0.04112815856933594
Fin; energy prediction...time: 3.0904295444488525
Egy stat [6.7437572, 9.517315, 8.148479, 0.5304219]
Start for  10_5_1 [11/105]
Fin;generate all combinations 48048 ...time: 0.19704079627990723
Fin; energy prediction...time: 6.306925296783447
Egy stat [-5.9557896, -0.5552769, -3.8159704, 0.88937944]
Start for  10_4_2 [12/105]
Fin;generate all combinations 120120 ...time: 0.4833095073699951
Fin; energy prediction...time: 15.052467346191406
Egy stat [-1.4708185, 3.7812214, 0.78424716, 0.8303588]
Start for  10_3_3 [13/105]
Fin;generate all combinations 160160 ...time: 0.40329551696777344
Fin; energy prediction...time: 20.102554321289062
Egy stat [3.385786, 7.8618946, 5.354571, 0.7542184]
Start for  10_2_4 [14/105]
Fin;generate all combinations 120120 ...time: 0.6275119781494141
Fin; energy prediction...time: 15.202451705932617
Egy stat [8.23649, 11.945446, 9.904436, 0.6560641]
Start for  10_1_5 [15/105]
Fin;generate all combinations 48048 ...time: 0.09855294227600098
Fin; energy prediction...time: 6.5238542556762695
Egy stat [13.025764, 15.866083, 14.444184, 0.5264732]
Start for  9_6_1 [16/105]
Fin;generate all combinations 80080 ...time: 0.22677826881408691
Fin; energy prediction...time: 10.271217823028564
Egy stat [-4.9152603, 2.1747007, -2.3857946, 0.96584564]
Start for  9_5_2 [17/105]
Fin;generate all combinations 240240 ...time: 0.7597534656524658
Fin; energy prediction...time: 30.206700325012207
Egy stat [-0.38618755, 6.361084, 2.2530794, 0.90396315]
Start for  9_4_3 [18/105]
Fin;generate all combinations 400400 ...time: 1.2450215816497803
Fin; energy prediction...time: 50.39126420021057
Egy stat [4.4671173, 10.46216, 6.8584485, 0.83030397]
Start for  9_3_4 [19/105]
Fin;generate all combinations 400400 ...time: 1.2896392345428467
Fin; energy prediction...time: 49.638073682785034
Egy stat [9.271681, 14.470171, 11.440139, 0.7417571]
Start for  9_2_5 [20/105]
Fin;generate all combinations 240240 ...time: 0.42830538749694824
Fin; energy prediction...time: 31.18187665939331
Egy stat [14.059034, 18.443224, 16.008816, 0.63301593]
Start for  9_1_6 [21/105]
Fin;generate all combinations 80080 ...time: 0.57452392578125
Fin; energy prediction...time: 11.01833462715149
Egy stat [19.228725, 22.220825, 20.576176, 0.49254426]
Start for  8_7_1 [22/105]
Fin;generate all combinations 102960 ...time: 0.45352625846862793
Fin; energy prediction...time: 13.256030797958374
Egy stat [-4.1660233, 5.068468, -1.2130471, 0.99234855]
Start for  8_6_2 [23/105]
Fin;generate all combinations 360360 ...time: 1.2944986820220947
Fin; energy prediction...time: 44.377596378326416
Egy stat [0.6603184, 9.17655, 3.4778624, 0.9332804]
Start for  8_5_3 [24/105]
Fin;generate all combinations 720720 ...time: 2.1550772190093994
Fin; energy prediction...time: 89.20031881332397
Egy stat [5.543625, 13.12323, 8.131185, 0.86571234]
Start for  8_4_4 [25/105]
Fin;generate all combinations 900900 ...time: 2.926243543624878
Fin; energy prediction...time: 110.47975850105286
Egy stat [10.326958, 17.078304, 12.756964, 0.7882206]
Start for  8_3_5 [26/105]
Fin;generate all combinations 720720 ...time: 3.054856777191162
Fin; energy prediction...time: 92.86251425743103
Egy stat [15.079435, 20.919191, 17.366037, 0.6981142]
Start for  8_2_6 [27/105]
Fin;generate all combinations 360360 ...time: 2.264824867248535
Fin; energy prediction...time: 45.24372339248657
Egy stat [19.832056, 24.763565, 21.970242, 0.590042]
Start for  8_1_7 [28/105]
Fin;generate all combinations 102960 ...time: 0.24111390113830566
Fin; energy prediction...time: 13.834672212600708
Egy stat [25.225342, 28.444092, 26.582542, 0.4515441]
Start for  7_8_1 [29/105]
Fin;generate all combinations 102960 ...time: 0.1797809600830078
Fin; energy prediction...time: 13.334542751312256
Egy stat [-3.6914601, 5.472355, -0.28516546, 0.96730924]
Start for  7_7_2 [30/105]
Fin;generate all combinations 411840 ...time: 1.471756935119629
Fin; energy prediction...time: 51.20301270484924
Egy stat [1.165843, 9.846203, 4.469983, 0.9184755]
Start for  7_6_3 [31/105]
Fin;generate all combinations 960960 ...time: 3.379936933517456
Fin; energy prediction...time: 117.06231713294983
Egy stat [6.223404, 14.030861, 9.183289, 0.86250305]
Start for  7_5_4 [32/105]
Fin;generate all combinations 1441440 ...time: 5.989276885986328
Fin; energy prediction...time: 180.65851163864136
Egy stat [11.231665, 18.243038, 13.864825, 0.7995496]
Start for  7_4_5 [33/105]
Fin;generate all combinations 1441440 ...time: 4.906590700149536
Fin; energy prediction...time: 179.28124046325684
Egy stat [16.125189, 22.323475, 18.52543, 0.7289143]
Start for  7_3_6 [34/105]
Fin;generate all combinations 960960 ...time: 4.281468868255615
Fin; energy prediction...time: 121.6370792388916
Egy stat [21.004154, 26.484718, 23.17687, 0.6484923]
Start for  7_2_7 [35/105]
Fin;generate all combinations 411840 ...time: 2.912809133529663
Fin; energy prediction...time: 52.17603325843811
Egy stat [25.877262, 30.365166, 27.832052, 0.5536133]
Start for  7_1_8 [36/105]
Fin;generate all combinations 102960 ...time: 0.25070738792419434
Fin; energy prediction...time: 13.613714218139648
Egy stat [31.204426, 34.169132, 32.50525, 0.4335836]
Start for  6_9_1 [37/105]
Fin;generate all combinations 80080 ...time: 0.16084003448486328
Fin; energy prediction...time: 10.73435926437378
Egy stat [-2.4236345, 4.693095, 0.42159823, 0.89587915]
Start for  6_8_2 [38/105]
Fin;generate all combinations 360360 ...time: 1.289538860321045
Fin; energy prediction...time: 45.86670112609863
Egy stat [1.630681, 10.851282, 5.251366, 0.8657939]
Start for  6_7_3 [39/105]
Fin;generate all combinations 960960 ...time: 3.5620200634002686
Fin; energy prediction...time: 118.75354361534119
Egy stat [6.5366077, 14.852844, 10.03518, 0.8280688]
Start for  6_6_4 [40/105]
Fin;generate all combinations 1681680 ...time: 6.021188497543335
Fin; energy prediction...time: 207.41336750984192
Egy stat [11.570765, 19.473877, 14.782971, 0.78428894]
Start for  6_5_5 [41/105]
Fin;generate all combinations 2018016 ...time: 12.00947904586792
Fin; energy prediction...time: 247.864328622818
Egy stat [16.600637, 23.53579, 19.505356, 0.7353221]
Start for  6_4_6 [42/105]
Fin;generate all combinations 1681680 ...time: 10.862268686294556
Fin; energy prediction...time: 206.976313829422
Egy stat [21.662235, 28.236618, 24.213915, 0.68103725]
Start for  6_3_7 [43/105]
Fin;generate all combinations 960960 ...time: 4.815867900848389
Fin; energy prediction...time: 120.4606261253357
Egy stat [26.574139, 31.97292, 28.921198, 0.6198994]
Start for  6_2_8 [44/105]
Fin;generate all combinations 360360 ...time: 2.730546236038208
Fin; energy prediction...time: 46.96686363220215
Egy stat [31.72894, 36.38788, 33.641205, 0.54826075]
Start for  6_1_9 [45/105]
Fin;generate all combinations 80080 ...time: 0.22005891799926758
Fin; energy prediction...time: 11.200641632080078
Egy stat [36.876736, 40.2089, 38.389446, 0.4587067]
Start for  5_10_1 [46/105]
Fin;generate all combinations 48048 ...time: 0.10732221603393555
Fin; energy prediction...time: 6.99098014831543
Egy stat [-1.4377747, 4.1564455, 0.94298655, 0.7901899]
Start for  5_9_2 [47/105]
Fin;generate all combinations 240240 ...time: 0.6031475067138672
Fin; energy prediction...time: 30.630637645721436
Egy stat [2.7575722, 10.23439, 5.855274, 0.78750265]
Start for  5_8_3 [48/105]
Fin;generate all combinations 720720 ...time: 2.6117947101593018
Fin; energy prediction...time: 90.16098856925964
Egy stat [6.9768124, 15.791889, 10.717964, 0.77454436]
Start for  5_7_4 [49/105]
Fin;generate all combinations 1441440 ...time: 6.432342529296875
Fin; energy prediction...time: 177.39961171150208
Egy stat [12.061415, 19.907625, 15.540694, 0.7542579]
Start for  5_6_5 [50/105]
Fin;generate all combinations 2018016 ...time: 11.112934827804565
Fin; energy prediction...time: 246.75286078453064
Egy stat [17.248957, 24.495823, 20.333723, 0.7287573]
Start for  5_5_6 [51/105]
Fin;generate all combinations 2018016 ...time: 12.317473649978638
Fin; energy prediction...time: 250.8846549987793
Egy stat [22.39119, 28.7897, 25.10813, 0.69917476]
Start for  5_4_7 [52/105]
Fin;generate all combinations 1441440 ...time: 11.438385963439941
Fin; energy prediction...time: 178.66636514663696
Egy stat [27.4165, 33.391365, 29.876026, 0.6654533]
Start for  5_3_8 [53/105]
Fin;generate all combinations 720720 ...time: 4.880192995071411
Fin; energy prediction...time: 90.1337251663208
Egy stat [32.370197, 37.56507, 34.650833, 0.6260808]
Start for  5_2_9 [54/105]
Fin;generate all combinations 240240 ...time: 1.7101361751556396
Fin; energy prediction...time: 31.529735565185547
Egy stat [37.71915, 41.753242, 39.447536, 0.57778496]
Start for  5_1_10 [55/105]
Fin;generate all combinations 48048 ...time: 0.13269281387329102
Fin; energy prediction...time: 6.989754676818848
Egy stat [42.87324, 46.356014, 44.282913, 0.5150437]
Start for  4_11_1 [56/105]
Fin;generate all combinations 21840 ...time: 0.05381131172180176
Fin; energy prediction...time: 3.7088212966918945
Egy stat [-0.580513, 3.6891928, 1.3275585, 0.6677291]
Start for  4_10_2 [57/105]
Fin;generate all combinations 120120 ...time: 0.21318864822387695
Fin; energy prediction...time: 16.35020613670349
Egy stat [3.9457722, 9.703495, 6.327165, 0.6992147]
Start for  4_9_3 [58/105]
Fin;generate all combinations 400400 ...time: 1.4894518852233887
Fin; energy prediction...time: 50.426597595214844
Egy stat [8.10899, 15.5916195, 11.274295, 0.7150701]
Start for  4_8_4 [59/105]
Fin;generate all combinations 900900 ...time: 3.619948625564575
Fin; energy prediction...time: 113.2964882850647
Egy stat [12.304129, 21.494957, 16.178175, 0.71999246]
Start for  4_7_5 [60/105]
Fin;generate all combinations 1441440 ...time: 7.7445220947265625
Fin; energy prediction...time: 178.15984582901
Egy stat [17.639109, 25.658619, 21.048563, 0.71729237]
Start for  4_6_6 [61/105]
Fin;generate all combinations 1681680 ...time: 5.75902247428894
Fin; energy prediction...time: 209.14085221290588
Egy stat [22.92891, 30.463856, 25.895943, 0.7090723]
Start for  4_5_7 [62/105]
Fin;generate all combinations 1441440 ...time: 8.453515768051147
Fin; energy prediction...time: 182.01800727844238
Egy stat [27.957554, 34.734207, 30.731668, 0.6962038]
Start for  4_4_8 [63/105]
Fin;generate all combinations 900900 ...time: 4.906487703323364
Fin; energy prediction...time: 117.4052300453186
Egy stat [32.90073, 39.66858, 35.568428, 0.67821103]
Start for  4_3_9 [64/105]
Fin;generate all combinations 400400 ...time: 0.8527216911315918
Fin; energy prediction...time: 51.94527196884155
Egy stat [38.3288, 43.579617, 40.420357, 0.6531687]
Start for  4_2_10 [65/105]
Fin;generate all combinations 120120 ...time: 0.28756022453308105
Fin; energy prediction...time: 16.367650270462036
Egy stat [43.492096, 48.235035, 45.30345, 0.6176562]
Start for  4_1_11 [66/105]
Fin;generate all combinations 21840 ...time: 0.06513500213623047
Fin; energy prediction...time: 3.9417531490325928
Egy stat [48.667522, 52.29878, 50.235817, 0.5668321]
Start for  3_12_1 [67/105]
Fin;generate all combinations 7280 ...time: 0.020884275436401367
Fin; energy prediction...time: 2.028050422668457
Egy stat [0.23163128, 3.3172655, 1.6374178, 0.5458464]
Start for  3_11_2 [68/105]
Fin;generate all combinations 43680 ...time: 0.13015389442443848
Fin; energy prediction...time: 6.89065146446228
Egy stat [4.748288, 9.24464, 6.7255406, 0.6128519]
Start for  3_10_3 [69/105]
Fin;generate all combinations 160160 ...time: 0.6671371459960938
Fin; energy prediction...time: 21.801924467086792
Egy stat [9.34094, 15.050985, 11.759283, 0.65619725]
Start for  3_9_4 [70/105]
Fin;generate all combinations 400400 ...time: 1.606370449066162
Fin; energy prediction...time: 50.234111309051514
Egy stat [13.454962, 20.998487, 16.747412, 0.6834469]
Start for  3_8_5 [71/105]
Fin;generate all combinations 720720 ...time: 2.713756799697876
Fin; energy prediction...time: 91.66789078712463
Egy stat [18.341362, 26.433537, 21.699116, 0.6993136]
Start for  3_7_6 [72/105]
Fin;generate all combinations 960960 ...time: 3.6114342212677
Fin; energy prediction...time: 124.36134791374207
Egy stat [23.551498, 30.58796, 26.624134, 0.7068033]
Start for  3_6_7 [73/105]
Fin;generate all combinations 960960 ...time: 4.189593553543091
Fin; energy prediction...time: 120.02234125137329
Egy stat [28.717129, 35.315327, 31.533035, 0.7075519]
Start for  3_5_8 [74/105]
Fin;generate all combinations 720720 ...time: 5.162599802017212
Fin; energy prediction...time: 90.57184505462646
Egy stat [33.66984, 39.672638, 36.437424, 0.7018696]
Start for  3_4_9 [75/105]
Fin;generate all combinations 400400 ...time: 2.0263466835021973
Fin; energy prediction...time: 50.886422634124756
Egy stat [39.106678, 44.550983, 41.350418, 0.6886968]
Start for  3_3_10 [76/105]
Fin;generate all combinations 160160 ...time: 0.360004186630249
Fin; energy prediction...time: 21.117704391479492
Egy stat [44.36604, 48.894962, 46.286846, 0.66556674]
Start for  3_2_11 [77/105]
Fin;generate all combinations 43680 ...time: 0.36110520362854004
Fin; energy prediction...time: 6.546282768249512
Egy stat [49.604572, 53.25502, 51.263763, 0.6286834]
Start for  3_1_12 [78/105]
Fin;generate all combinations 7280 ...time: 0.02436375617980957
Fin; energy prediction...time: 2.0045976638793945
Egy stat [54.73384, 58.104256, 56.30062, 0.5733297]
Start for  2_13_1 [79/105]
Fin;generate all combinations 1680 ...time: 0.006466865539550781
Fin; energy prediction...time: 1.1830337047576904
Egy stat [1.1782913, 3.0346136, 1.9485523, 0.43106434]
Start for  2_12_2 [80/105]
Fin;generate all combinations 10920 ...time: 0.023430347442626953
Fin; energy prediction...time: 2.3350236415863037
Egy stat [5.6259766, 8.91922, 7.122529, 0.52681655]
Start for  2_11_3 [81/105]
Fin;generate all combinations 43680 ...time: 0.13982796669006348
Fin; energy prediction...time: 6.498245000839233
Egy stat [10.153631, 14.700121, 12.241306, 0.5904445]
Start for  2_10_4 [82/105]
Fin;generate all combinations 120120 ...time: 0.4232332706451416
Fin; energy prediction...time: 16.0002920627594
Egy stat [14.73468, 20.590364, 17.313187, 0.63327444]
Start for  2_9_5 [83/105]
Fin;generate all combinations 240240 ...time: 1.026843547821045
Fin; energy prediction...time: 30.800023555755615
Egy stat [19.515524, 26.434566, 22.34678, 0.661272]
Start for  2_8_6 [84/105]
Fin;generate all combinations 360360 ...time: 1.5422987937927246
Fin; energy prediction...time: 45.35026955604553
Egy stat [24.389812, 32.20281, 27.3511, 0.6780635]
Start for  2_7_7 [85/105]
Fin;generate all combinations 411840 ...time: 1.9615612030029297
Fin; energy prediction...time: 51.82772994041443
Egy stat [29.543442, 36.38214, 32.335773, 0.6857758]
Start for  2_6_8 [86/105]
Fin;generate all combinations 360360 ...time: 1.5125198364257812
Fin; energy prediction...time: 46.206400871276855
Egy stat [34.513027, 41.270798, 37.31132, 0.68525445]
Start for  2_5_9 [87/105]
Fin;generate all combinations 240240 ...time: 0.4937589168548584
Fin; energy prediction...time: 31.19918990135193
Egy stat [39.911686, 45.618446, 42.28953, 0.6760498]
Start for  2_4_10 [88/105]
Fin;generate all combinations 120120 ...time: 0.25272035598754883
Fin; energy prediction...time: 16.271808385849
Egy stat [45.208008, 50.698303, 47.283867, 0.65631217]
Start for  2_3_11 [89/105]
Fin;generate all combinations 43680 ...time: 0.10048985481262207
Fin; energy prediction...time: 6.865452766418457
Egy stat [50.572544, 54.81745, 52.309917, 0.6226937]
Start for  2_2_12 [90/105]
Fin;generate all combinations 10920 ...time: 0.02737736701965332
Fin; energy prediction...time: 2.479769706726074
Egy stat [55.832626, 59.73063, 57.38576, 0.570403]
Start for  2_1_13 [91/105]
Fin;generate all combinations 1680 ...time: 0.005774259567260742
Fin; energy prediction...time: 1.184870958328247
Egy stat [61.601997, 64.03872, 62.532234, 0.49379042]
Start for  1_14_1 [92/105]
Fin;generate all combinations 240 ...time: 0.0012960433959960938
Fin; energy prediction...time: 0.9581365585327148
Egy stat [1.8290415, 2.9175406, 2.3503516, 0.3135736]
Start for  1_13_2 [93/105]
Fin;generate all combinations 1680 ...time: 0.004120826721191406
Fin; energy prediction...time: 1.1563048362731934
Egy stat [6.7266617, 8.725933, 7.603771, 0.4257756]
Start for  1_12_3 [94/105]
Fin;generate all combinations 7280 ...time: 0.016931533813476562
Fin; energy prediction...time: 1.904137372970581
Egy stat [11.635925, 14.552658, 12.802226, 0.5003225]
Start for  1_11_4 [95/105]
Fin;generate all combinations 21840 ...time: 0.09198927879333496
Fin; energy prediction...time: 3.8927273750305176
Egy stat [16.495377, 20.311493, 17.953604, 0.55172354]
Start for  1_10_5 [96/105]
Fin;generate all combinations 48048 ...time: 0.25701212882995605
Fin; energy prediction...time: 7.158570289611816
Egy stat [21.168667, 26.073742, 23.065996, 0.58633447]
Start for  1_9_6 [97/105]
Fin;generate all combinations 80080 ...time: 0.388810396194458
Fin; energy prediction...time: 10.880862712860107
Egy stat [25.733948, 31.75409, 28.147734, 0.60778874]
Start for  1_8_7 [98/105]
Fin;generate all combinations 102960 ...time: 0.3891921043395996
Fin; energy prediction...time: 13.7605299949646
Egy stat [30.52848, 37.086742, 33.20755, 0.6182564]
Start for  1_7_8 [99/105]
Fin;generate all combinations 102960 ...time: 0.40001463890075684
Fin; energy prediction...time: 13.91156530380249
Egy stat [35.56511, 41.323326, 38.25484, 0.6187653]
Start for  1_6_9 [100/105]
Fin;generate all combinations 80080 ...time: 0.16678857803344727
Fin; energy prediction...time: 11.200330018997192
Egy stat [41.08547, 46.144527, 43.300026, 0.60918885]
Start for  1_5_10 [101/105]
Fin;generate all combinations 48048 ...time: 0.10349345207214355
Fin; energy prediction...time: 7.2971038818359375
Egy stat [46.46589, 50.636463, 48.354984, 0.5880565]
Start for  1_4_11 [102/105]
Fin;generate all combinations 21840 ...time: 0.05029296875
Fin; energy prediction...time: 3.7846362590789795
Egy stat [52.023453, 55.616463, 53.43355, 0.55223125]
Start for  1_3_12 [103/105]
Fin;generate all combinations 7280 ...time: 0.017902851104736328
Fin; energy prediction...time: 1.8912811279296875
Egy stat [57.497017, 60.307976, 58.552017, 0.49642542]
Start for  1_2_13 [104/105]
Fin;generate all combinations 1680 ...time: 0.046163082122802734
Fin; energy prediction...time: 1.1722187995910645
Egy stat [62.982788, 64.77102, 63.72953, 0.41231474]
Start for  1_1_14 [105/105]
Fin;generate all combinations 240 ...time: 0.0011126995086669922
Fin; energy prediction...time: 0.9922733306884766
Egy stat [68.54066, 69.90091, 68.988396, 0.28536987]
Saving....
Saved to... Cs_GeHgZn_I.pkl
Total elapsed time... 5642.733752250671
