Summary of calculations
Site name (A,B,C)... Cs Ge,Sn,Zn Br
Base cif file name... ../0.cif
Save file name... Cs_GeSnZn_Br.pkl
Fin; combination with repetition...time: 0.0016489028930664062
Start for  14_1_1 [1/105]
Fin;generate all combinations 240 ...time: 0.0006110668182373047
Fin; energy prediction...time: 0.19683480262756348
Egy stat [-84.696335, -83.81351, -84.17675, 0.24154982]
Start for  13_2_1 [2/105]
Fin;generate all combinations 1680 ...time: 0.003761768341064453
Fin; energy prediction...time: 0.3686680793762207
Egy stat [-82.69204, -81.119995, -81.8774, 0.3456684]
Start for  13_1_2 [3/105]
Fin;generate all combinations 1680 ...time: 0.003813028335571289
Fin; energy prediction...time: 0.37566280364990234
Egy stat [-78.05155, -76.1441, -77.128525, 0.39458364]
Start for  12_3_1 [4/105]
Fin;generate all combinations 7280 ...time: 0.013237476348876953
Fin; energy prediction...time: 1.2657749652862549
Egy stat [-80.799774, -78.47126, -79.70183, 0.42486113]
Start for  12_2_2 [5/105]
Fin;generate all combinations 10920 ...time: 0.01650714874267578
Fin; energy prediction...time: 1.5447378158569336
Egy stat [-76.276054, -73.26657, -74.8774, 0.500383]
Start for  12_1_3 [6/105]
Fin;generate all combinations 7280 ...time: 0.05329084396362305
Fin; energy prediction...time: 1.1833922863006592
Egy stat [-71.74695, -69.13334, -70.40314, 0.50492424]
Start for  11_4_1 [7/105]
Fin;generate all combinations 21840 ...time: 0.07664060592651367
Fin; energy prediction...time: 2.80130672454834
Egy stat [-78.98926, -75.83867, -77.64937, 0.48662367]
Start for  11_3_2 [8/105]
Fin;generate all combinations 43680 ...time: 0.11402106285095215
Fin; energy prediction...time: 5.84234356880188
Egy stat [-74.47213, -70.590195, -72.74659, 0.58277744]
Start for  11_2_3 [9/105]
Fin;generate all combinations 43680 ...time: 0.13797593116760254
Fin; energy prediction...time: 5.610477924346924
Egy stat [-70.015594, -66.313034, -68.20022, 0.6126192]
Start for  11_1_4 [10/105]
Fin;generate all combinations 21840 ...time: 0.040729522705078125
Fin; energy prediction...time: 3.12434720993042
Egy stat [-65.793396, -62.409546, -63.973957, 0.5698729]
Start for  10_5_1 [11/105]
Fin;generate all combinations 48048 ...time: 0.21768999099731445
Fin; energy prediction...time: 6.175774574279785
Egy stat [-77.3083, -73.705284, -75.71913, 0.5336517]
Start for  10_4_2 [12/105]
Fin;generate all combinations 120120 ...time: 0.4281432628631592
Fin; energy prediction...time: 15.200539350509644
Egy stat [-72.80714, -67.918655, -70.73495, 0.6471095]
Start for  10_3_3 [13/105]
Fin;generate all combinations 160160 ...time: 0.6703178882598877
Fin; energy prediction...time: 19.909145832061768
Egy stat [-68.4522, -63.554012, -66.11339, 0.69758856]
Start for  10_2_4 [14/105]
Fin;generate all combinations 120120 ...time: 0.3715226650238037
Fin; energy prediction...time: 15.037291049957275
Egy stat [-64.00487, -59.2382, -61.820164, 0.68301725]
Start for  10_1_5 [15/105]
Fin;generate all combinations 48048 ...time: 0.09688806533813477
Fin; energy prediction...time: 6.224126577377319
Egy stat [-60.07131, -56.14916, -57.81, 0.5925619]
Start for  9_6_1 [16/105]
Fin;generate all combinations 80080 ...time: 0.22620153427124023
Fin; energy prediction...time: 10.169394254684448
Egy stat [-75.798744, -71.436165, -73.90994, 0.5671963]
Start for  9_5_2 [17/105]
Fin;generate all combinations 240240 ...time: 0.6093418598175049
Fin; energy prediction...time: 30.17941403388977
Egy stat [-71.33821, -65.949844, -68.84111, 0.69584614]
Start for  9_4_3 [18/105]
Fin;generate all combinations 400400 ...time: 1.2664515972137451
Fin; energy prediction...time: 49.658270597457886
Egy stat [-66.91139, -60.819904, -64.14115, 0.7642273]
Start for  9_3_4 [19/105]
Fin;generate all combinations 400400 ...time: 1.7573540210723877
Fin; energy prediction...time: 50.280367851257324
Egy stat [-62.63679, -56.280334, -59.77748, 0.77271193]
Start for  9_2_5 [20/105]
Fin;generate all combinations 240240 ...time: 0.40158700942993164
Fin; energy prediction...time: 30.61932945251465
Egy stat [-58.309334, -53.00707, -55.707558, 0.7161176]
Start for  9_1_6 [21/105]
Fin;generate all combinations 80080 ...time: 0.16999077796936035
Fin; energy prediction...time: 11.214450597763062
Egy stat [-54.011703, -49.892544, -51.87482, 0.58490115]
Start for  8_7_1 [22/105]
Fin;generate all combinations 102960 ...time: 0.4321908950805664
Fin; energy prediction...time: 13.180460929870605
Egy stat [-74.458694, -69.73373, -72.22015, 0.58784914]
Start for  8_6_2 [23/105]
Fin;generate all combinations 360360 ...time: 1.1929607391357422
Fin; energy prediction...time: 44.5133056640625
Egy stat [-70.04291, -63.997677, -67.0635, 0.7303001]
Start for  8_5_3 [24/105]
Fin;generate all combinations 720720 ...time: 2.1137642860412598
Fin; energy prediction...time: 90.51125264167786
Egy stat [-65.57243, -58.982243, -62.281834, 0.81482005]
Start for  8_4_4 [25/105]
Fin;generate all combinations 900900 ...time: 2.5105249881744385
Fin; energy prediction...time: 110.51634478569031
Egy stat [-61.33378, -53.347446, -57.8442, 0.8433297]
Start for  8_3_5 [26/105]
Fin;generate all combinations 720720 ...time: 2.8497893810272217
Fin; energy prediction...time: 93.19585919380188
Egy stat [-56.75484, -50.114788, -53.710518, 0.8137971]
Start for  8_2_6 [27/105]
Fin;generate all combinations 360360 ...time: 1.9658284187316895
Fin; energy prediction...time: 45.342209577560425
Egy stat [-52.486423, -46.73993, -49.827496, 0.72407174]
Start for  8_1_7 [28/105]
Fin;generate all combinations 102960 ...time: 0.2105257511138916
Fin; energy prediction...time: 13.316335916519165
Egy stat [-48.055904, -44.212585, -46.12564, 0.5708607]
Start for  7_8_1 [29/105]
Fin;generate all combinations 102960 ...time: 0.17806148529052734
Fin; energy prediction...time: 13.499948024749756
Egy stat [-73.13689, -67.75615, -70.647545, 0.5957598]
Start for  7_7_2 [30/105]
Fin;generate all combinations 411840 ...time: 1.3824753761291504
Fin; energy prediction...time: 52.779919147491455
Egy stat [-68.62754, -62.277153, -65.40003, 0.75114614]
Start for  7_6_3 [31/105]
Fin;generate all combinations 960960 ...time: 3.8915698528289795
Fin; energy prediction...time: 117.34784293174744
Egy stat [-64.18886, -57.11418, -60.533558, 0.85067236]
Start for  7_5_4 [32/105]
Fin;generate all combinations 1441440 ...time: 6.0948567390441895
Fin; energy prediction...time: 176.4971582889557
Egy stat [-59.950832, -51.789177, -56.01842, 0.89725137]
Start for  7_4_5 [33/105]
Fin;generate all combinations 1441440 ...time: 7.140479326248169
Fin; energy prediction...time: 180.6271493434906
Egy stat [-55.468903, -47.685562, -51.816994, 0.89084923]
Start for  7_3_6 [34/105]
Fin;generate all combinations 960960 ...time: 5.324892282485962
Fin; energy prediction...time: 120.17623543739319
Egy stat [-51.13436, -44.35007, -47.879105, 0.83296776]
Start for  7_2_7 [35/105]
Fin;generate all combinations 411840 ...time: 0.7443392276763916
Fin; energy prediction...time: 52.86278223991394
Egy stat [-46.925606, -41.226803, -44.138878, 0.72866666]
Start for  7_1_8 [36/105]
Fin;generate all combinations 102960 ...time: 0.8651487827301025
Fin; energy prediction...time: 13.378062963485718
Egy stat [-42.553524, -38.471634, -40.512924, 0.58374995]
Start for  6_9_1 [37/105]
Fin;generate all combinations 80080 ...time: 0.16009736061096191
Fin; energy prediction...time: 10.48209285736084
Egy stat [-71.39458, -66.8168, -69.1891, 0.590671]
Start for  6_8_2 [38/105]
Fin;generate all combinations 360360 ...time: 1.2012677192687988
Fin; energy prediction...time: 45.72552561759949
Egy stat [-67.32831, -60.57599, -63.848045, 0.7585755]
Start for  6_7_3 [39/105]
Fin;generate all combinations 960960 ...time: 3.9382662773132324
Fin; energy prediction...time: 119.90015697479248
Egy stat [-62.97496, -55.63948, -58.89401, 0.8724707]
Start for  6_6_4 [40/105]
Fin;generate all combinations 1681680 ...time: 5.827553987503052
Fin; energy prediction...time: 207.0223639011383
Egy stat [-58.652527, -50.20635, -54.29817, 0.93587154]
Start for  6_5_5 [41/105]
Fin;generate all combinations 2018016 ...time: 11.667796611785889
Fin; energy prediction...time: 245.80160856246948
Egy stat [-54.31642, -45.863373, -50.0251, 0.9501025]
Start for  6_4_6 [42/105]
Fin;generate all combinations 1681680 ...time: 10.74154019355774
Fin; energy prediction...time: 208.4632122516632
Egy stat [-50.025585, -41.980198, -46.027782, 0.9187639]
Start for  6_3_7 [43/105]
Fin;generate all combinations 960960 ...time: 4.4943602085113525
Fin; energy prediction...time: 119.9771785736084
Egy stat [-45.85144, -38.913895, -42.24392, 0.8505395]
Start for  6_2_8 [44/105]
Fin;generate all combinations 360360 ...time: 2.200495481491089
Fin; energy prediction...time: 46.48993635177612
Egy stat [-41.57302, -35.566906, -38.59392, 0.7574908]
Start for  6_1_9 [45/105]
Fin;generate all combinations 80080 ...time: 0.21317362785339355
Fin; energy prediction...time: 11.459011793136597
Egy stat [-37.24743, -32.873814, -34.98052, 0.64662385]
Start for  5_10_1 [46/105]
Fin;generate all combinations 48048 ...time: 0.10680794715881348
Fin; energy prediction...time: 6.834275722503662
Egy stat [-69.76994, -65.65106, -67.84092, 0.5718339]
Start for  5_9_2 [47/105]
Fin;generate all combinations 240240 ...time: 0.926638126373291
Fin; energy prediction...time: 30.186046361923218
Egy stat [-65.5968, -59.254276, -62.404156, 0.7522997]
Start for  5_8_3 [48/105]
Fin;generate all combinations 720720 ...time: 2.619628667831421
Fin; energy prediction...time: 89.90158152580261
Egy stat [-61.81817, -53.699596, -57.36029, 0.8803852]
Start for  5_7_4 [49/105]
Fin;generate all combinations 1441440 ...time: 5.031654596328735
Fin; energy prediction...time: 182.91758847236633
Egy stat [-57.55304, -48.799576, -52.680996, 0.9599235]
Start for  5_6_5 [50/105]
Fin;generate all combinations 2018016 ...time: 10.989533424377441
Fin; energy prediction...time: 250.46371245384216
Egy stat [-53.234406, -44.068428, -48.33277, 0.99321145]
Start for  5_5_6 [51/105]
Fin;generate all combinations 2018016 ...time: 8.873038053512573
Fin; energy prediction...time: 248.5626358985901
Egy stat [-48.95125, -39.94954, -44.271633, 0.98513925]
Start for  5_4_7 [52/105]
Fin;generate all combinations 1441440 ...time: 6.198174715042114
Fin; energy prediction...time: 178.9621524810791
Egy stat [-44.8308, -36.222366, -40.43895, 0.94630796]
Start for  5_3_8 [53/105]
Fin;generate all combinations 720720 ...time: 1.366187334060669
Fin; energy prediction...time: 91.35933661460876
Egy stat [-40.63751, -32.967842, -36.75897, 0.891384]
Start for  5_2_9 [54/105]
Fin;generate all combinations 240240 ...time: 1.6340336799621582
Fin; energy prediction...time: 32.01164507865906
Egy stat [-36.2462, -30.094524, -33.13822, 0.82935226]
Start for  5_1_10 [55/105]
Fin;generate all combinations 48048 ...time: 0.1495800018310547
Fin; energy prediction...time: 7.074268579483032
Egy stat [-31.97369, -27.089144, -29.466227, 0.750193]
Start for  4_11_1 [56/105]
Fin;generate all combinations 21840 ...time: 0.05529189109802246
Fin; energy prediction...time: 3.7979278564453125
Egy stat [-68.175476, -64.75652, -66.598114, 0.53782815]
Start for  4_10_2 [57/105]
Fin;generate all combinations 120120 ...time: 0.2108769416809082
Fin; energy prediction...time: 15.832904815673828
Egy stat [-64.01325, -57.90785, -61.06406, 0.73145837]
Start for  4_9_3 [58/105]
Fin;generate all combinations 400400 ...time: 1.7982807159423828
Fin; energy prediction...time: 50.798182010650635
Egy stat [-59.89312, -52.673264, -55.92878, 0.87404734]
Start for  4_8_4 [59/105]
Fin;generate all combinations 900900 ...time: 3.7774832248687744
Fin; energy prediction...time: 111.2082462310791
Egy stat [-56.533245, -46.812046, -51.16393, 0.96955895]
Start for  4_7_5 [60/105]
Fin;generate all combinations 1441440 ...time: 6.018097877502441
Fin; energy prediction...time: 179.67994117736816
Egy stat [-52.225864, -42.711685, -46.737625, 1.0210474]
Start for  4_6_6 [61/105]
Fin;generate all combinations 1681680 ...time: 8.199191570281982
Fin; energy prediction...time: 205.9653160572052
Egy stat [-47.894203, -37.898434, -42.608696, 1.0342163]
Start for  4_5_7 [62/105]
Fin;generate all combinations 1441440 ...time: 8.491917133331299
Fin; energy prediction...time: 181.91450929641724
Egy stat [-43.80442, -34.8006, -38.72218, 1.0207338]
Start for  4_4_8 [63/105]
Fin;generate all combinations 900900 ...time: 5.537184476852417
Fin; energy prediction...time: 113.90120577812195
Egy stat [-39.716248, -30.103918, -35.006348, 0.99681485]
Start for  4_3_9 [64/105]
Fin;generate all combinations 400400 ...time: 0.838618278503418
Fin; energy prediction...time: 51.64367890357971
Egy stat [-35.289917, -27.52168, -31.371683, 0.97298783]
Start for  4_2_10 [65/105]
Fin;generate all combinations 120120 ...time: 0.7821786403656006
Fin; energy prediction...time: 15.513484001159668
Egy stat [-31.046135, -24.349968, -27.711325, 0.9389602]
Start for  4_1_11 [66/105]
Fin;generate all combinations 21840 ...time: 0.26150059700012207
Fin; energy prediction...time: 3.710148811340332
Egy stat [-26.558552, -21.591888, -23.902744, 0.8591619]
Start for  3_12_1 [67/105]
Fin;generate all combinations 7280 ...time: 0.020470857620239258
Fin; energy prediction...time: 1.775650978088379
Egy stat [-66.72267, -63.612156, -65.454796, 0.48621574]
Start for  3_11_2 [68/105]
Fin;generate all combinations 43680 ...time: 0.1357266902923584
Fin; energy prediction...time: 6.141038417816162
Egy stat [-62.2114, -57.002617, -59.822495, 0.6944296]
Start for  3_10_3 [69/105]
Fin;generate all combinations 160160 ...time: 0.6190638542175293
Fin; energy prediction...time: 20.61357879638672
Egy stat [-58.10141, -51.52478, -54.59503, 0.85244447]
Start for  3_9_4 [70/105]
Fin;generate all combinations 400400 ...time: 1.5373940467834473
Fin; energy prediction...time: 49.81748127937317
Egy stat [-54.48814, -46.15865, -49.743393, 0.9643193]
Start for  3_8_5 [71/105]
Fin;generate all combinations 720720 ...time: 2.7537221908569336
Fin; energy prediction...time: 89.63474631309509
Egy stat [-51.068398, -41.296906, -45.23678, 1.0338042]
Start for  3_7_6 [72/105]
Fin;generate all combinations 960960 ...time: 4.598956108093262
Fin; energy prediction...time: 116.7902672290802
Egy stat [-46.8847, -36.689697, -41.036674, 1.0671458]
Start for  3_6_7 [73/105]
Fin;generate all combinations 960960 ...time: 4.06797194480896
Fin; energy prediction...time: 117.59920406341553
Egy stat [-42.74268, -33.057022, -37.091743, 1.0765443]
Start for  3_5_8 [74/105]
Fin;generate all combinations 720720 ...time: 2.956864595413208
Fin; energy prediction...time: 90.60308194160461
Egy stat [-38.760166, -28.712872, -33.33438, 1.0792396]
Start for  3_4_9 [75/105]
Fin;generate all combinations 400400 ...time: 2.461639165878296
Fin; energy prediction...time: 51.37316179275513
Egy stat [-34.336037, -24.869476, -29.679228, 1.0875049]
Start for  3_3_10 [76/105]
Fin;generate all combinations 160160 ...time: 0.32407689094543457
Fin; energy prediction...time: 20.965656757354736
Egy stat [-30.036346, -21.918552, -26.023346, 1.0927823]
Start for  3_2_11 [77/105]
Fin;generate all combinations 43680 ...time: 0.10474967956542969
Fin; energy prediction...time: 6.416039943695068
Egy stat [-25.47599, -19.041222, -22.247585, 1.0582188]
Start for  3_1_12 [78/105]
Fin;generate all combinations 7280 ...time: 0.022077083587646484
Fin; energy prediction...time: 1.714482069015503
Egy stat [-21.15745, -15.402099, -18.218723, 0.92934257]
Start for  2_13_1 [79/105]
Fin;generate all combinations 1680 ...time: 0.006368398666381836
Fin; energy prediction...time: 0.9844515323638916
Egy stat [-65.249435, -63.270992, -64.404144, 0.41275442]
Start for  2_12_2 [80/105]
Fin;generate all combinations 10920 ...time: 0.02245330810546875
Fin; energy prediction...time: 2.267364025115967
Egy stat [-60.587246, -56.069626, -58.673244, 0.63848346]
Start for  2_11_3 [81/105]
Fin;generate all combinations 43680 ...time: 0.15110135078430176
Fin; energy prediction...time: 6.577965497970581
Egy stat [-56.33564, -50.763134, -53.353664, 0.8137189]
Start for  2_10_4 [82/105]
Fin;generate all combinations 120120 ...time: 0.5558288097381592
Fin; energy prediction...time: 15.59728479385376
Egy stat [-52.560894, -45.3816, -48.414936, 0.9430254]
Start for  2_9_5 [83/105]
Fin;generate all combinations 240240 ...time: 0.9812424182891846
Fin; energy prediction...time: 30.925503492355347
Egy stat [-48.91769, -40.491745, -43.82679, 1.0309806]
Start for  2_8_6 [84/105]
Fin;generate all combinations 360360 ...time: 1.6136925220489502
Fin; energy prediction...time: 44.53046917915344
Egy stat [-45.8982, -35.490845, -39.552956, 1.0842822]
Start for  2_7_7 [85/105]
Fin;generate all combinations 411840 ...time: 1.3797698020935059
Fin; energy prediction...time: 51.43474316596985
Egy stat [-41.808594, -31.564703, -35.545578, 1.1152967]
Start for  2_6_8 [86/105]
Fin;generate all combinations 360360 ...time: 1.3559544086456299
Fin; energy prediction...time: 45.222227811813354
Egy stat [-37.83985, -26.999485, -31.741343, 1.1418601]
Start for  2_5_9 [87/105]
Fin;generate all combinations 240240 ...time: 1.0427072048187256
Fin; energy prediction...time: 31.174909830093384
Egy stat [-33.319527, -23.529446, -28.059284, 1.1780499]
Start for  2_4_10 [88/105]
Fin;generate all combinations 120120 ...time: 0.24686026573181152
Fin; energy prediction...time: 16.26748538017273
Egy stat [-29.026772, -19.179157, -24.400652, 1.2181809]
Start for  2_3_11 [89/105]
Fin;generate all combinations 43680 ...time: 0.09553408622741699
Fin; energy prediction...time: 6.624455690383911
Egy stat [-24.40203, -16.550938, -20.65001, 1.2273831]
Start for  2_2_12 [90/105]
Fin;generate all combinations 10920 ...time: 0.027622222900390625
Fin; energy prediction...time: 2.1996755599975586
Egy stat [-19.98947, -12.831961, -16.677263, 1.1471065]
Start for  2_1_13 [91/105]
Fin;generate all combinations 1680 ...time: 0.005769014358520508
Fin; energy prediction...time: 0.9951417446136475
Egy stat [-14.125467, -10.0815525, -12.339846, 0.9117263]
Start for  1_14_1 [92/105]
Fin;generate all combinations 240 ...time: 0.0015900135040283203
Fin; energy prediction...time: 0.795285701751709
Egy stat [-63.894028, -62.569603, -63.43855, 0.308679]
Start for  1_13_2 [93/105]
Fin;generate all combinations 1680 ...time: 0.003652334213256836
Fin; energy prediction...time: 1.009045124053955
Egy stat [-58.860405, -55.994602, -57.609226, 0.55903816]
Start for  1_12_3 [94/105]
Fin;generate all combinations 7280 ...time: 0.01732468605041504
Fin; energy prediction...time: 1.6832029819488525
Egy stat [-54.607983, -49.721813, -52.19843, 0.75479364]
Start for  1_11_4 [95/105]
Fin;generate all combinations 21840 ...time: 0.09198856353759766
Fin; energy prediction...time: 3.5522594451904297
Egy stat [-50.704735, -44.490463, -47.173355, 0.90356344]
Start for  1_10_5 [96/105]
Fin;generate all combinations 48048 ...time: 0.1665172576904297
Fin; energy prediction...time: 6.9473717212677
Egy stat [-46.818474, -39.486565, -42.503513, 1.0112764]
Start for  1_9_6 [97/105]
Fin;generate all combinations 80080 ...time: 0.4551873207092285
Fin; energy prediction...time: 10.812592506408691
Egy stat [-43.618137, -34.485962, -38.154366, 1.0851988]
Start for  1_8_7 [98/105]
Fin;generate all combinations 102960 ...time: 0.38207268714904785
Fin; energy prediction...time: 13.990199327468872
Egy stat [-40.853027, -29.671194, -34.08136, 1.1376551]
Start for  1_7_8 [99/105]
Fin;generate all combinations 102960 ...time: 0.4616100788116455
Fin; energy prediction...time: 13.88873839378357
Egy stat [-36.915886, -25.512497, -30.225431, 1.1866546]
Start for  1_6_9 [100/105]
Fin;generate all combinations 80080 ...time: 0.16340327262878418
Fin; energy prediction...time: 10.720933198928833
Egy stat [-32.34462, -21.750908, -26.510296, 1.247895]
Start for  1_5_10 [101/105]
Fin;generate all combinations 48048 ...time: 0.10079646110534668
Fin; energy prediction...time: 6.971167802810669
Egy stat [-27.999243, -17.911415, -22.841715, 1.3191425]
Start for  1_4_11 [102/105]
Fin;generate all combinations 21840 ...time: 0.05036449432373047
Fin; energy prediction...time: 3.8491780757904053
Egy stat [-23.285786, -14.018144, -19.108345, 1.3692458]
Start for  1_3_12 [103/105]
Fin;generate all combinations 7280 ...time: 0.01789379119873047
Fin; energy prediction...time: 1.823115348815918
Egy stat [-18.82676, -11.010411, -15.183554, 1.3405726]
Start for  1_2_13 [104/105]
Fin;generate all combinations 1680 ...time: 0.004964590072631836
Fin; energy prediction...time: 1.0543348789215088
Egy stat [-12.919653, -7.7619834, -10.927629, 1.1584786]
Start for  1_1_14 [105/105]
Fin;generate all combinations 240 ...time: 0.0011835098266601562
Fin; energy prediction...time: 0.8245391845703125
Egy stat [-6.939438, -3.8469844, -6.1898036, 0.7391846]
Saving....
Saved to... Cs_GeSnZn_Br.pkl
Total elapsed time... 5606.9564526081085
