Summary of calculations
Site name (A,B,C)... Cs Ge,Pb,Sn I
Base cif file name... ../0.cif
Save file name... Cs_GePbSn_I.pkl
Fin; combination with repetition...time: 0.0017528533935546875
Start for  14_1_1 [1/105]
Fin;generate all combinations 240 ...time: 0.0006456375122070312
Fin; energy prediction...time: 0.22451448440551758
Egy stat [-20.63249, -19.902088, -20.502172, 0.17347942]
Start for  13_2_1 [2/105]
Fin;generate all combinations 1680 ...time: 0.0035092830657958984
Fin; energy prediction...time: 0.3787343502044678
Egy stat [-19.25457, -17.911053, -18.923126, 0.29413146]
Start for  13_1_2 [3/105]
Fin;generate all combinations 1680 ...time: 0.00397801399230957
Fin; energy prediction...time: 0.3717837333679199
Egy stat [-21.230404, -20.088726, -20.92972, 0.24778731]
Start for  12_3_1 [4/105]
Fin;generate all combinations 7280 ...time: 0.01225900650024414
Fin; energy prediction...time: 1.0592014789581299
Egy stat [-18.170116, -15.537283, -17.51674, 0.38190526]
Start for  12_2_2 [5/105]
Fin;generate all combinations 10920 ...time: 0.016832590103149414
Fin; energy prediction...time: 1.610935926437378
Egy stat [-20.100033, -17.721146, -19.47675, 0.3422912]
Start for  12_1_3 [6/105]
Fin;generate all combinations 7280 ...time: 0.06397461891174316
Fin; energy prediction...time: 1.2238199710845947
Egy stat [-22.019999, -19.939968, -21.455725, 0.29839298]
Start for  11_4_1 [7/105]
Fin;generate all combinations 21840 ...time: 0.07686090469360352
Fin; energy prediction...time: 3.0970418453216553
Egy stat [-17.08878, -14.1341095, -16.293392, 0.4413799]
Start for  11_3_2 [8/105]
Fin;generate all combinations 43680 ...time: 0.11276483535766602
Fin; energy prediction...time: 5.6963417530059814
Egy stat [-18.99562, -16.270185, -18.203638, 0.40874568]
Start for  11_2_3 [9/105]
Fin;generate all combinations 43680 ...time: 0.13762331008911133
Fin; energy prediction...time: 5.7762205600738525
Egy stat [-20.893866, -18.438133, -20.134869, 0.37240642]
Start for  11_1_4 [10/105]
Fin;generate all combinations 21840 ...time: 0.04084920883178711
Fin; energy prediction...time: 2.9457967281341553
Egy stat [-22.792795, -20.622013, -22.08498, 0.3316853]
Start for  10_5_1 [11/105]
Fin;generate all combinations 48048 ...time: 0.20669817924499512
Fin; energy prediction...time: 6.126580238342285
Egy stat [-16.210386, -12.52099, -15.26412, 0.4767866]
Start for  10_4_2 [12/105]
Fin;generate all combinations 120120 ...time: 0.45471930503845215
Fin; energy prediction...time: 15.191813230514526
Egy stat [-18.1068, -14.573471, -17.120842, 0.45028684]
Start for  10_3_3 [13/105]
Fin;generate all combinations 160160 ...time: 0.39484477043151855
Fin; energy prediction...time: 20.03793978691101
Egy stat [-19.978748, -16.695776, -19.00076, 0.42081732]
Start for  10_2_4 [14/105]
Fin;generate all combinations 120120 ...time: 0.5693635940551758
Fin; energy prediction...time: 15.02963662147522
Egy stat [-21.853163, -18.868359, -20.901659, 0.38781035]
Start for  10_1_5 [15/105]
Fin;generate all combinations 48048 ...time: 0.09870338439941406
Fin; energy prediction...time: 6.261270999908447
Egy stat [-23.743153, -21.013489, -22.821386, 0.35057554]
Start for  9_6_1 [16/105]
Fin;generate all combinations 80080 ...time: 0.22713780403137207
Fin; energy prediction...time: 10.319096088409424
Egy stat [-15.65098, -11.183481, -14.440756, 0.4921015]
Start for  9_5_2 [17/105]
Fin;generate all combinations 240240 ...time: 0.677485466003418
Fin; energy prediction...time: 30.057984352111816
Egy stat [-17.498117, -13.173349, -16.239567, 0.47062898]
Start for  9_4_3 [18/105]
Fin;generate all combinations 400400 ...time: 1.2389962673187256
Fin; energy prediction...time: 48.76856589317322
Egy stat [-19.346733, -15.233576, -18.063995, 0.44689748]
Start for  9_3_4 [19/105]
Fin;generate all combinations 400400 ...time: 1.6015233993530273
Fin; energy prediction...time: 49.406455993652344
Egy stat [-21.162762, -17.357206, -19.9117, 0.42041573]
Start for  9_2_5 [20/105]
Fin;generate all combinations 240240 ...time: 1.0141994953155518
Fin; energy prediction...time: 30.30757474899292
Egy stat [-22.978104, -19.49686, -21.78042, 0.39064676]
Start for  9_1_6 [21/105]
Fin;generate all combinations 80080 ...time: 0.16217374801635742
Fin; energy prediction...time: 10.403526067733765
Egy stat [-24.801014, -21.64135, -23.66794, 0.35693955]
Start for  8_7_1 [22/105]
Fin;generate all combinations 102960 ...time: 0.31537818908691406
Fin; energy prediction...time: 13.15262746810913
Egy stat [-15.281545, -9.548807, -13.835918, 0.49097288]
Start for  8_6_2 [23/105]
Fin;generate all combinations 360360 ...time: 1.0966706275939941
Fin; energy prediction...time: 44.50528264045715
Egy stat [-17.067429, -11.563073, -15.571836, 0.47341287]
Start for  8_5_3 [24/105]
Fin;generate all combinations 720720 ...time: 2.0473380088806152
Fin; energy prediction...time: 90.27770566940308
Egy stat [-18.853197, -13.632551, -17.335974, 0.4542242]
Start for  8_4_4 [25/105]
Fin;generate all combinations 900900 ...time: 3.593249559402466
Fin; energy prediction...time: 110.13965582847595
Egy stat [-20.661419, -15.677235, -19.125885, 0.43297213]
Start for  8_3_5 [26/105]
Fin;generate all combinations 720720 ...time: 2.6234021186828613
Fin; energy prediction...time: 89.96729469299316
Egy stat [-22.43901, -17.794727, -20.939177, 0.40921572]
Start for  8_2_6 [27/105]
Fin;generate all combinations 360360 ...time: 2.34268856048584
Fin; energy prediction...time: 44.91938376426697
Egy stat [-24.239265, -19.882616, -22.77353, 0.38247207]
Start for  8_1_7 [28/105]
Fin;generate all combinations 102960 ...time: 0.22264933586120605
Fin; energy prediction...time: 13.269653558731079
Egy stat [-26.027828, -22.018421, -24.626688, 0.35215867]
Start for  7_8_1 [29/105]
Fin;generate all combinations 102960 ...time: 0.38509106636047363
Fin; energy prediction...time: 13.227496147155762
Egy stat [-14.692602, -9.647865, -13.462864, 0.47647235]
Start for  7_7_2 [30/105]
Fin;generate all combinations 411840 ...time: 1.5742785930633545
Fin; energy prediction...time: 51.94610643386841
Egy stat [-16.450186, -11.59741, -15.130368, 0.46187383]
Start for  7_6_3 [31/105]
Fin;generate all combinations 960960 ...time: 3.2755837440490723
Fin; energy prediction...time: 118.45281028747559
Egy stat [-18.207851, -13.555409, -16.82886, 0.4461501]
Start for  7_5_4 [32/105]
Fin;generate all combinations 1441440 ...time: 5.217059135437012
Fin; energy prediction...time: 175.84089875221252
Egy stat [-19.899328, -15.557189, -18.555767, 0.42892063]
Start for  7_4_5 [33/105]
Fin;generate all combinations 1441440 ...time: 4.823706865310669
Fin; energy prediction...time: 179.8768117427826
Egy stat [-21.645021, -17.557028, -20.308607, 0.40981767]
Start for  7_3_6 [34/105]
Fin;generate all combinations 960960 ...time: 5.378377437591553
Fin; energy prediction...time: 120.51696014404297
Egy stat [-23.391506, -19.590225, -22.08493, 0.38846603]
Start for  7_2_7 [35/105]
Fin;generate all combinations 411840 ...time: 0.7894105911254883
Fin; energy prediction...time: 52.205544233322144
Egy stat [-25.120995, -21.62852, -23.882383, 0.36445373]
Start for  7_1_8 [36/105]
Fin;generate all combinations 102960 ...time: 0.8794898986816406
Fin; energy prediction...time: 13.366529703140259
Egy stat [-26.846668, -23.68986, -25.698689, 0.33728603]
Start for  6_9_1 [37/105]
Fin;generate all combinations 80080 ...time: 0.35311388969421387
Fin; energy prediction...time: 10.503435373306274
Egy stat [-14.366115, -10.440174, -13.335193, 0.4506941]
Start for  6_8_2 [38/105]
Fin;generate all combinations 360360 ...time: 1.2799334526062012
Fin; energy prediction...time: 44.91232895851135
Egy stat [-16.118721, -11.738636, -14.928346, 0.43844473]
Start for  6_7_3 [39/105]
Fin;generate all combinations 960960 ...time: 3.7850167751312256
Fin; energy prediction...time: 121.23506045341492
Egy stat [-17.77489, -13.606772, -16.555353, 0.42539576]
Start for  6_6_4 [40/105]
Fin;generate all combinations 1681680 ...time: 7.845256328582764
Fin; energy prediction...time: 204.99268698692322
Egy stat [-19.477394, -15.483514, -18.21354, 0.4112292]
Start for  6_5_5 [41/105]
Fin;generate all combinations 2018016 ...time: 11.914270401000977
Fin; energy prediction...time: 252.3432638645172
Egy stat [-21.111261, -17.418894, -19.900326, 0.39564648]
Start for  6_4_6 [42/105]
Fin;generate all combinations 1681680 ...time: 11.857421636581421
Fin; energy prediction...time: 210.16168665885925
Egy stat [-22.796207, -19.361317, -21.613163, 0.3783581]
Start for  6_3_7 [43/105]
Fin;generate all combinations 960960 ...time: 5.102755784988403
Fin; energy prediction...time: 120.74497365951538
Egy stat [-24.461113, -21.312862, -23.349617, 0.35906756]
Start for  6_2_8 [44/105]
Fin;generate all combinations 360360 ...time: 0.6721441745758057
Fin; energy prediction...time: 45.6662163734436
Egy stat [-26.14819, -23.248215, -25.107304, 0.3374479]
Start for  6_1_9 [45/105]
Fin;generate all combinations 80080 ...time: 0.2195734977722168
Fin; energy prediction...time: 10.99766230583191
Egy stat [-27.830698, -25.216644, -26.88391, 0.31310764]
Start for  5_10_1 [46/105]
Fin;generate all combinations 48048 ...time: 0.10828399658203125
Fin; energy prediction...time: 6.741306304931641
Egy stat [-14.455336, -11.255638, -13.466403, 0.41430885]
Start for  5_9_2 [47/105]
Fin;generate all combinations 240240 ...time: 1.0416488647460938
Fin; energy prediction...time: 30.371044874191284
Egy stat [-16.040968, -12.571104, -14.979019, 0.40430564]
Start for  5_8_3 [48/105]
Fin;generate all combinations 720720 ...time: 2.8722329139709473
Fin; energy prediction...time: 89.8813009262085
Egy stat [-17.567398, -13.911282, -16.52837, 0.39360526]
Start for  5_7_4 [49/105]
Fin;generate all combinations 1441440 ...time: 6.638559579849243
Fin; energy prediction...time: 176.93633103370667
Egy stat [-19.148746, -15.7207365, -18.11171, 0.3819621]
Start for  5_6_5 [50/105]
Fin;generate all combinations 2018016 ...time: 10.835506200790405
Fin; energy prediction...time: 253.8358871936798
Egy stat [-20.744581, -17.483482, -19.726389, 0.369151]
Start for  5_5_6 [51/105]
Fin;generate all combinations 2018016 ...time: 7.485009431838989
Fin; energy prediction...time: 255.49371576309204
Egy stat [-22.382542, -19.294601, -21.369781, 0.3549612]
Start for  5_4_7 [52/105]
Fin;generate all combinations 1441440 ...time: 2.6152334213256836
Fin; energy prediction...time: 182.4195854663849
Egy stat [-24.050837, -21.11343, -23.039385, 0.3391895]
Start for  5_3_8 [53/105]
Fin;generate all combinations 720720 ...time: 4.7609946727752686
Fin; energy prediction...time: 93.26175379753113
Egy stat [-25.68835, -23.018755, -24.732737, 0.32162774]
Start for  5_2_9 [54/105]
Fin;generate all combinations 240240 ...time: 0.5467069149017334
Fin; energy prediction...time: 31.079668760299683
Egy stat [-27.330402, -24.920856, -26.447428, 0.30204704]
Start for  5_1_10 [55/105]
Fin;generate all combinations 48048 ...time: 0.14531207084655762
Fin; energy prediction...time: 6.940479755401611
Egy stat [-28.961872, -26.849957, -28.181168, 0.28017345]
Start for  4_11_1 [56/105]
Fin;generate all combinations 21840 ...time: 0.05495643615722656
Fin; energy prediction...time: 3.697371244430542
Egy stat [-14.747271, -12.129402, -13.869354, 0.36624894]
Start for  4_10_2 [57/105]
Fin;generate all combinations 120120 ...time: 0.2131345272064209
Fin; energy prediction...time: 15.763593673706055
Egy stat [-16.21936, -13.408946, -15.295177, 0.35902715]
Start for  4_9_3 [58/105]
Fin;generate all combinations 400400 ...time: 1.6353135108947754
Fin; energy prediction...time: 49.474541425704956
Egy stat [-17.697323, -14.72867, -16.760544, 0.35096246]
Start for  4_8_4 [59/105]
Fin;generate all combinations 900900 ...time: 3.315260887145996
Fin; energy prediction...time: 111.65164279937744
Egy stat [-19.20567, -16.035381, -18.262682, 0.3418855]
Start for  4_7_5 [60/105]
Fin;generate all combinations 1441440 ...time: 7.3102288246154785
Fin; energy prediction...time: 177.59743404388428
Egy stat [-20.708649, -17.792322, -19.798899, 0.33164662]
Start for  4_6_6 [61/105]
Fin;generate all combinations 1681680 ...time: 8.484132528305054
Fin; energy prediction...time: 206.94139051437378
Egy stat [-22.264904, -19.442198, -21.366533, 0.32011077]
Start for  4_5_7 [62/105]
Fin;generate all combinations 1441440 ...time: 6.588316202163696
Fin; energy prediction...time: 179.86435675621033
Egy stat [-23.8479, -21.13372, -22.963007, 0.3071563]
Start for  4_4_8 [63/105]
Fin;generate all combinations 900900 ...time: 4.099706411361694
Fin; energy prediction...time: 111.51393818855286
Egy stat [-25.473476, -22.833439, -24.585808, 0.29266903]
Start for  4_3_9 [64/105]
Fin;generate all combinations 400400 ...time: 2.254376173019409
Fin; energy prediction...time: 51.103177070617676
Egy stat [-27.063694, -24.664602, -26.232494, 0.27653602]
Start for  4_2_10 [65/105]
Fin;generate all combinations 120120 ...time: 0.26411914825439453
Fin; energy prediction...time: 16.290571928024292
Egy stat [-28.66015, -26.491856, -27.90068, 0.25863728]
Start for  4_1_11 [66/105]
Fin;generate all combinations 21840 ...time: 0.05960869789123535
Fin; energy prediction...time: 3.5658340454101562
Egy stat [-30.236881, -28.338257, -29.588072, 0.23883072]
Start for  3_12_1 [67/105]
Fin;generate all combinations 7280 ...time: 0.020264863967895508
Fin; energy prediction...time: 1.7446115016937256
Egy stat [-15.113661, -13.446047, -14.555624, 0.3036855]
Start for  3_11_2 [68/105]
Fin;generate all combinations 43680 ...time: 0.08256244659423828
Fin; energy prediction...time: 6.228825807571411
Egy stat [-16.585938, -14.663393, -15.888546, 0.30049202]
Start for  3_10_3 [69/105]
Fin;generate all combinations 160160 ...time: 0.6072242259979248
Fin; energy prediction...time: 20.537111520767212
Egy stat [-17.99973, -15.928087, -17.263674, 0.29605344]
Start for  3_9_4 [70/105]
Fin;generate all combinations 400400 ...time: 1.3582425117492676
Fin; energy prediction...time: 50.69496560096741
Egy stat [-19.425201, -17.222569, -18.678236, 0.29027507]
Start for  3_8_5 [71/105]
Fin;generate all combinations 720720 ...time: 2.6479604244232178
Fin; energy prediction...time: 89.75369834899902
Egy stat [-20.854599, -18.551704, -20.129522, 0.28308183]
Start for  3_7_6 [72/105]
Fin;generate all combinations 960960 ...time: 5.5920610427856445
Fin; energy prediction...time: 119.17103123664856
Egy stat [-22.318172, -20.210888, -21.614887, 0.2744112]
Start for  3_6_7 [73/105]
Fin;generate all combinations 960960 ...time: 4.450407981872559
Fin; energy prediction...time: 120.64562940597534
Egy stat [-23.818775, -21.819267, -23.131685, 0.26421157]
Start for  3_5_8 [74/105]
Fin;generate all combinations 720720 ...time: 1.4063835144042969
Fin; energy prediction...time: 91.35614156723022
Egy stat [-25.347282, -23.463402, -24.677425, 0.25244272]
Start for  3_4_9 [75/105]
Fin;generate all combinations 400400 ...time: 1.9217336177825928
Fin; energy prediction...time: 50.947399854660034
Egy stat [-26.906313, -25.115181, -26.24959, 0.23907514]
Start for  3_3_10 [76/105]
Fin;generate all combinations 160160 ...time: 0.3366212844848633
Fin; energy prediction...time: 21.34101104736328
Egy stat [-28.475683, -26.86766, -27.845798, 0.22409123]
Start for  3_2_11 [77/105]
Fin;generate all combinations 43680 ...time: 0.10171246528625488
Fin; energy prediction...time: 6.508962631225586
Egy stat [-30.030216, -28.617384, -29.463676, 0.207483]
Start for  3_1_12 [78/105]
Fin;generate all combinations 7280 ...time: 0.02214670181274414
Fin; energy prediction...time: 1.9376311302185059
Egy stat [-31.57368, -30.39023, -31.100977, 0.1892553]
Start for  2_13_1 [79/105]
Fin;generate all combinations 1680 ...time: 0.005820274353027344
Fin; energy prediction...time: 1.1441574096679688
Egy stat [-15.868025, -14.885435, -15.534842, 0.22234653]
Start for  2_12_2 [80/105]
Fin;generate all combinations 10920 ...time: 0.06455039978027344
Fin; energy prediction...time: 2.4563164710998535
Egy stat [-17.213022, -15.977476, -16.769156, 0.22526065]
Start for  2_11_3 [81/105]
Fin;generate all combinations 43680 ...time: 0.14469647407531738
Fin; energy prediction...time: 6.427637338638306
Egy stat [-18.544704, -17.181961, -18.048082, 0.22621275]
Start for  2_10_4 [82/105]
Fin;generate all combinations 120120 ...time: 0.5221033096313477
Fin; energy prediction...time: 15.65922236442566
Egy stat [-19.930977, -18.397425, -19.368904, 0.22520281]
Start for  2_9_5 [83/105]
Fin;generate all combinations 240240 ...time: 0.9239888191223145
Fin; energy prediction...time: 31.375545263290405
Egy stat [-21.291912, -19.704834, -20.728935, 0.2222477]
Start for  2_8_6 [84/105]
Fin;generate all combinations 360360 ...time: 1.1196424961090088
Fin; energy prediction...time: 46.17577266693115
Egy stat [-22.685, -21.014267, -22.125528, 0.2173662]
Start for  2_7_7 [85/105]
Fin;generate all combinations 411840 ...time: 1.416252851486206
Fin; energy prediction...time: 51.2840461730957
Egy stat [-24.100657, -22.581806, -23.556095, 0.21057458]
Start for  2_6_8 [86/105]
Fin;generate all combinations 360360 ...time: 1.310732364654541
Fin; energy prediction...time: 45.861289501190186
Egy stat [-25.542295, -24.150602, -25.018095, 0.20188996]
Start for  2_5_9 [87/105]
Fin;generate all combinations 240240 ...time: 0.4738631248474121
Fin; energy prediction...time: 31.297863006591797
Egy stat [-27.009539, -25.752043, -26.509052, 0.19133535]
Start for  2_4_10 [88/105]
Fin;generate all combinations 120120 ...time: 0.24808263778686523
Fin; energy prediction...time: 15.923856496810913
Egy stat [-28.520895, -27.35879, -28.02655, 0.17894582]
Start for  2_3_11 [89/105]
Fin;generate all combinations 43680 ...time: 0.0972452163696289
Fin; energy prediction...time: 6.786656856536865
Egy stat [-30.02902, -29.035011, -29.568224, 0.16477539]
Start for  2_2_12 [90/105]
Fin;generate all combinations 10920 ...time: 0.028374910354614258
Fin; energy prediction...time: 2.471400499343872
Egy stat [-31.567398, -30.703535, -31.13179, 0.14891008]
Start for  2_1_13 [91/105]
Fin;generate all combinations 1680 ...time: 0.005713224411010742
Fin; energy prediction...time: 1.1587393283843994
Egy stat [-33.020866, -32.355404, -32.71503, 0.13149261]
Start for  1_14_1 [92/105]
Fin;generate all combinations 240 ...time: 0.0014905929565429688
Fin; energy prediction...time: 0.9959876537322998
Egy stat [-17.01275, -16.630823, -16.813984, 0.11727076]
Start for  1_13_2 [93/105]
Fin;generate all combinations 1680 ...time: 0.004332542419433594
Fin; energy prediction...time: 1.1488661766052246
Egy stat [-18.207876, -17.700485, -17.944643, 0.13016826]
Start for  1_12_3 [94/105]
Fin;generate all combinations 7280 ...time: 0.06375551223754883
Fin; energy prediction...time: 1.9037957191467285
Egy stat [-19.45248, -18.77324, -19.121975, 0.13940449]
Start for  1_11_4 [95/105]
Fin;generate all combinations 21840 ...time: 0.1226193904876709
Fin; energy prediction...time: 3.894352436065674
Egy stat [-20.714455, -19.915169, -20.34335, 0.14542101]
Start for  1_10_5 [96/105]
Fin;generate all combinations 48048 ...time: 0.18383288383483887
Fin; energy prediction...time: 6.8705222606658936
Egy stat [-22.013807, -21.049795, -21.606148, 0.14853078]
Start for  1_9_6 [97/105]
Fin;generate all combinations 80080 ...time: 0.3019680976867676
Fin; energy prediction...time: 11.415151119232178
Egy stat [-23.364796, -22.21487, -22.907787, 0.14894967]
Start for  1_8_7 [98/105]
Fin;generate all combinations 102960 ...time: 0.5276615619659424
Fin; energy prediction...time: 13.970941543579102
Egy stat [-24.698858, -23.4346, -24.245716, 0.14682321]
Start for  1_7_8 [99/105]
Fin;generate all combinations 102960 ...time: 0.42437195777893066
Fin; energy prediction...time: 13.737970113754272
Egy stat [-26.042461, -24.95967, -25.61744, 0.14224742]
Start for  1_6_9 [100/105]
Fin;generate all combinations 80080 ...time: 0.37853145599365234
Fin; energy prediction...time: 11.023609161376953
Egy stat [-27.423424, -26.48875, -27.020498, 0.13528565]
Start for  1_5_10 [101/105]
Fin;generate all combinations 48048 ...time: 0.24543356895446777
Fin; energy prediction...time: 7.031811237335205
Egy stat [-28.82861, -28.023378, -28.45251, 0.12598023]
Start for  1_4_11 [102/105]
Fin;generate all combinations 21840 ...time: 0.04887032508850098
Fin; energy prediction...time: 3.621225118637085
Egy stat [-30.23989, -29.561687, -29.911135, 0.11436034]
Start for  1_3_12 [103/105]
Fin;generate all combinations 7280 ...time: 0.018003225326538086
Fin; energy prediction...time: 1.8679146766662598
Egy stat [-31.639587, -31.172554, -31.394096, 0.10044199]
Start for  1_2_13 [104/105]
Fin;generate all combinations 1680 ...time: 0.004316568374633789
Fin; energy prediction...time: 1.1348021030426025
Egy stat [-33.101463, -32.74185, -32.899178, 0.08422153]
Start for  1_1_14 [105/105]
Fin;generate all combinations 240 ...time: 0.0011076927185058594
Fin; energy prediction...time: 0.9636375904083252
Egy stat [-34.594696, -34.33923, -34.42424, 0.06564668]
Saving....
Saved to... Cs_GePbSn_I.pkl
Total elapsed time... 5615.121553897858
