Summary of calculations
Site name (A,B,C)... Cs Ge,Hg,Zn Cl
Base cif file name... ../0.cif
Save file name... Cs_GeHgZn_Cl.pkl
Fin; combination with repetition...time: 0.0018014907836914062
Start for  14_1_1 [1/105]
Fin;generate all combinations 240 ...time: 0.0006129741668701172
Fin; energy prediction...time: 0.1839311122894287
Egy stat [-85.051636, -84.053795, -84.36453, 0.2470073]
Start for  13_2_1 [2/105]
Fin;generate all combinations 1680 ...time: 0.0035431385040283203
Fin; energy prediction...time: 0.3691079616546631
Egy stat [-83.279655, -81.52514, -82.20089, 0.36989358]
Start for  13_1_2 [3/105]
Fin;generate all combinations 1680 ...time: 0.0037984848022460938
Fin; energy prediction...time: 0.375490665435791
Egy stat [-78.94852, -77.005005, -77.89307, 0.39895687]
Start for  12_3_1 [4/105]
Fin;generate all combinations 7280 ...time: 0.012028694152832031
Fin; energy prediction...time: 1.0526084899902344
Egy stat [-81.49478, -79.01437, -80.11365, 0.4888174]
Start for  12_2_2 [5/105]
Fin;generate all combinations 10920 ...time: 0.017007112503051758
Fin; energy prediction...time: 1.5314128398895264
Egy stat [-77.228714, -74.503136, -75.88382, 0.5167825]
Start for  12_1_3 [6/105]
Fin;generate all combinations 7280 ...time: 0.08050775527954102
Fin; energy prediction...time: 1.2393677234649658
Egy stat [-73.22986, -70.509445, -71.72689, 0.49882123]
Start for  11_4_1 [7/105]
Fin;generate all combinations 21840 ...time: 0.07397031784057617
Fin; energy prediction...time: 3.0771546363830566
Egy stat [-79.589195, -76.388985, -78.14343, 0.5963125]
Start for  11_3_2 [8/105]
Fin;generate all combinations 43680 ...time: 0.11467409133911133
Fin; energy prediction...time: 5.760081052780151
Egy stat [-75.69117, -71.98352, -73.98003, 0.6162496]
Start for  11_2_3 [9/105]
Fin;generate all combinations 43680 ...time: 0.14562535285949707
Fin; energy prediction...time: 5.658096790313721
Egy stat [-71.70001, -68.10785, -69.87156, 0.5949508]
Start for  11_1_4 [10/105]
Fin;generate all combinations 21840 ...time: 0.04083395004272461
Fin; energy prediction...time: 2.997222900390625
Egy stat [-67.92394, -64.252014, -65.83542, 0.5455005]
Start for  10_5_1 [11/105]
Fin;generate all combinations 48048 ...time: 0.24068808555603027
Fin; energy prediction...time: 6.492494106292725
Egy stat [-77.93367, -74.32834, -76.327934, 0.6695905]
Start for  10_4_2 [12/105]
Fin;generate all combinations 120120 ...time: 0.4748663902282715
Fin; energy prediction...time: 14.96030569076538
Egy stat [-74.28737, -69.40939, -72.216064, 0.68289983]
Start for  10_3_3 [13/105]
Fin;generate all combinations 160160 ...time: 0.3790454864501953
Fin; energy prediction...time: 20.803717851638794
Egy stat [-70.152824, -65.64218, -68.14272, 0.6611186]
Start for  10_2_4 [14/105]
Fin;generate all combinations 120120 ...time: 0.5759713649749756
Fin; energy prediction...time: 15.207520246505737
Egy stat [-66.37482, -61.806488, -64.124855, 0.61511]
Start for  10_1_5 [15/105]
Fin;generate all combinations 48048 ...time: 0.09341859817504883
Fin; energy prediction...time: 6.486642599105835
Egy stat [-62.161427, -58.400673, -60.179928, 0.5500079]
Start for  9_6_1 [16/105]
Fin;generate all combinations 80080 ...time: 0.24117136001586914
Fin; energy prediction...time: 10.078980207443237
Egy stat [-76.52037, -72.334045, -74.692795, 0.68428034]
Start for  9_5_2 [17/105]
Fin;generate all combinations 240240 ...time: 0.7627389430999756
Fin; energy prediction...time: 29.846619367599487
Egy stat [-72.74713, -67.4556, -70.61743, 0.6977483]
Start for  9_4_3 [18/105]
Fin;generate all combinations 400400 ...time: 1.3244895935058594
Fin; energy prediction...time: 49.56610727310181
Egy stat [-68.69085, -63.390404, -66.56504, 0.6829216]
Start for  9_3_4 [19/105]
Fin;generate all combinations 400400 ...time: 1.7846391201019287
Fin; energy prediction...time: 51.32266664505005
Egy stat [-64.90703, -59.840324, -62.55219, 0.6483841]
Start for  9_2_5 [20/105]
Fin;generate all combinations 240240 ...time: 0.4176626205444336
Fin; energy prediction...time: 30.66291570663452
Egy stat [-60.91161, -56.212505, -58.5962, 0.59858066]
Start for  9_1_6 [21/105]
Fin;generate all combinations 80080 ...time: 0.16211605072021484
Fin; energy prediction...time: 11.358654975891113
Egy stat [-56.83819, -52.762012, -54.714916, 0.53532237]
Start for  8_7_1 [22/105]
Fin;generate all combinations 102960 ...time: 0.17034554481506348
Fin; energy prediction...time: 13.268859148025513
Egy stat [-75.058136, -70.32652, -73.243225, 0.6268319]
Start for  8_6_2 [23/105]
Fin;generate all combinations 360360 ...time: 1.2079598903656006
Fin; energy prediction...time: 45.10237979888916
Egy stat [-71.16892, -65.4984, -69.19232, 0.6487767]
Start for  8_5_3 [24/105]
Fin;generate all combinations 720720 ...time: 1.9378409385681152
Fin; energy prediction...time: 92.14877343177795
Egy stat [-67.16582, -61.432217, -65.14895, 0.65023196]
Start for  8_4_4 [25/105]
Fin;generate all combinations 900900 ...time: 4.416056394577026
Fin; energy prediction...time: 109.89048051834106
Egy stat [-63.404068, -57.370323, -61.129337, 0.63735247]
Start for  8_3_5 [26/105]
Fin;generate all combinations 720720 ...time: 5.158030033111572
Fin; energy prediction...time: 88.63216638565063
Egy stat [-59.502563, -54.02186, -57.150784, 0.6130903]
Start for  8_2_6 [27/105]
Fin;generate all combinations 360360 ...time: 2.288944959640503
Fin; energy prediction...time: 46.77382779121399
Egy stat [-55.80993, -50.55387, -53.23125, 0.5784644]
Start for  8_1_7 [28/105]
Fin;generate all combinations 102960 ...time: 0.24382662773132324
Fin; energy prediction...time: 13.821412801742554
Egy stat [-51.941303, -47.38535, -49.3892, 0.53377044]
Start for  7_8_1 [29/105]
Fin;generate all combinations 102960 ...time: 0.18467044830322266
Fin; energy prediction...time: 14.45627474784851
Egy stat [-73.471664, -70.13994, -71.957924, 0.5075298]
Start for  7_7_2 [30/105]
Fin;generate all combinations 411840 ...time: 1.5798206329345703
Fin; energy prediction...time: 50.89876866340637
Egy stat [-69.722275, -65.42708, -67.92497, 0.5436082]
Start for  7_6_3 [31/105]
Fin;generate all combinations 960960 ...time: 3.222395181655884
Fin; energy prediction...time: 118.79256534576416
Egy stat [-65.898506, -61.08763, -63.883503, 0.5692619]
Start for  7_5_4 [32/105]
Fin;generate all combinations 1441440 ...time: 6.163295745849609
Fin; energy prediction...time: 176.24548816680908
Egy stat [-62.09205, -57.01525, -59.8496, 0.5870191]
Start for  7_4_5 [33/105]
Fin;generate all combinations 1441440 ...time: 8.679672479629517
Fin; energy prediction...time: 178.13566732406616
Egy stat [-58.343544, -52.81654, -55.84054, 0.5971091]
Start for  7_3_6 [34/105]
Fin;generate all combinations 960960 ...time: 4.82991099357605
Fin; energy prediction...time: 128.74825167655945
Egy stat [-54.650005, -49.329166, -51.874523, 0.5984851]
Start for  7_2_7 [35/105]
Fin;generate all combinations 411840 ...time: 2.6360464096069336
Fin; energy prediction...time: 51.79381585121155
Egy stat [-51.082085, -45.544064, -47.97029, 0.58986187]
Start for  7_1_8 [36/105]
Fin;generate all combinations 102960 ...time: 0.24841618537902832
Fin; energy prediction...time: 14.15127682685852
Egy stat [-47.414246, -41.640472, -44.146854, 0.57090825]
Start for  6_9_1 [37/105]
Fin;generate all combinations 80080 ...time: 0.4042704105377197
Fin; energy prediction...time: 10.73027777671814
Egy stat [-72.67239, -68.947044, -70.78557, 0.38417944]
Start for  6_8_2 [38/105]
Fin;generate all combinations 360360 ...time: 1.4859991073608398
Fin; energy prediction...time: 45.519530296325684
Egy stat [-68.78622, -63.870262, -66.771484, 0.42812958]
Start for  6_7_3 [39/105]
Fin;generate all combinations 960960 ...time: 3.4806416034698486
Fin; energy prediction...time: 122.24206256866455
Egy stat [-64.90343, -59.9508, -62.731724, 0.4772595]
Start for  6_6_4 [40/105]
Fin;generate all combinations 1681680 ...time: 5.87092137336731
Fin; energy prediction...time: 205.59340262413025
Egy stat [-61.114407, -55.851604, -58.682255, 0.5264329]
Start for  6_5_5 [41/105]
Fin;generate all combinations 2018016 ...time: 10.788433313369751
Fin; energy prediction...time: 265.70915722846985
Egy stat [-57.369152, -51.70398, -54.640537, 0.5711513]
Start for  6_4_6 [42/105]
Fin;generate all combinations 1681680 ...time: 7.809799909591675
Fin; energy prediction...time: 213.34467005729675
Egy stat [-53.617233, -47.3698, -50.625, 0.60754347]
Start for  6_3_7 [43/105]
Fin;generate all combinations 960960 ...time: 4.44645619392395
Fin; energy prediction...time: 125.54704689979553
Egy stat [-50.002804, -44.045593, -46.65481, 0.6325582]
Start for  6_2_8 [44/105]
Fin;generate all combinations 360360 ...time: 2.7350056171417236
Fin; energy prediction...time: 46.74875593185425
Egy stat [-46.56921, -39.86802, -42.74936, 0.6443791]
Start for  6_1_9 [45/105]
Fin;generate all combinations 80080 ...time: 0.22606849670410156
Fin; energy prediction...time: 10.893761396408081
Egy stat [-42.087997, -36.575603, -38.928047, 0.6430416]
Start for  5_10_1 [46/105]
Fin;generate all combinations 48048 ...time: 0.10726213455200195
Fin; energy prediction...time: 6.950738191604614
Egy stat [-70.99331, -68.098274, -69.64403, 0.37963307]
Start for  5_9_2 [47/105]
Fin;generate all combinations 240240 ...time: 0.6147072315216064
Fin; energy prediction...time: 29.933969259262085
Egy stat [-67.36838, -63.65403, -65.65818, 0.39934766]
Start for  5_8_3 [48/105]
Fin;generate all combinations 720720 ...time: 3.0382938385009766
Fin; energy prediction...time: 88.85004472732544
Egy stat [-63.5084, -59.356293, -61.62798, 0.44627088]
Start for  5_7_4 [49/105]
Fin;generate all combinations 1441440 ...time: 7.19481348991394
Fin; energy prediction...time: 178.2464201450348
Egy stat [-59.656803, -54.677334, -57.569443, 0.5059233]
Start for  5_6_5 [50/105]
Fin;generate all combinations 2018016 ...time: 9.63963770866394
Fin; energy prediction...time: 253.8095042705536
Egy stat [-55.997307, -50.43051, -53.500214, 0.56744385]
Start for  5_5_6 [51/105]
Fin;generate all combinations 2018016 ...time: 8.328519344329834
Fin; energy prediction...time: 257.82236766815186
Egy stat [-52.490215, -46.46098, -49.43908, 0.6234935]
Start for  5_4_7 [52/105]
Fin;generate all combinations 1441440 ...time: 2.6972551345825195
Fin; energy prediction...time: 188.96906352043152
Egy stat [-48.906136, -42.36931, -45.405632, 0.6690912]
Start for  5_3_8 [53/105]
Fin;generate all combinations 720720 ...time: 1.3666861057281494
Fin; energy prediction...time: 91.58146715164185
Egy stat [-45.44272, -38.002777, -41.41976, 0.70098704]
Start for  5_2_9 [54/105]
Fin;generate all combinations 240240 ...time: 0.5011537075042725
Fin; energy prediction...time: 31.55536389350891
Egy stat [-41.171722, -34.810997, -37.501358, 0.7175928]
Start for  5_1_10 [55/105]
Fin;generate all combinations 48048 ...time: 0.14768552780151367
Fin; energy prediction...time: 7.035222053527832
Egy stat [-37.000893, -31.29671, -33.66985, 0.71919745]
Start for  4_11_1 [56/105]
Fin;generate all combinations 21840 ...time: 0.054228782653808594
Fin; energy prediction...time: 3.367304801940918
Egy stat [-70.5645, -66.43381, -68.42218, 0.49986768]
Start for  4_10_2 [57/105]
Fin;generate all combinations 120120 ...time: 0.5195016860961914
Fin; energy prediction...time: 15.784494876861572
Egy stat [-66.85881, -61.769794, -64.48254, 0.48638463]
Start for  4_9_3 [58/105]
Fin;generate all combinations 400400 ...time: 1.601301670074463
Fin; energy prediction...time: 50.2107207775116
Egy stat [-62.96374, -57.800022, -60.47825, 0.5054748]
Start for  4_8_4 [59/105]
Fin;generate all combinations 900900 ...time: 3.6691958904266357
Fin; energy prediction...time: 112.00741529464722
Egy stat [-59.07047, -52.675884, -56.425438, 0.5463327]
Start for  4_7_5 [60/105]
Fin;generate all combinations 1441440 ...time: 6.271443605422974
Fin; energy prediction...time: 176.59276127815247
Egy stat [-55.277374, -48.855892, -52.341965, 0.5977416]
Start for  4_6_6 [61/105]
Fin;generate all combinations 1681680 ...time: 6.745397567749023
Fin; energy prediction...time: 214.19056034088135
Egy stat [-51.60713, -44.574757, -48.246967, 0.6505816]
Start for  4_5_7 [62/105]
Fin;generate all combinations 1441440 ...time: 6.90299129486084
Fin; energy prediction...time: 179.48459458351135
Egy stat [-47.850765, -40.393257, -44.16061, 0.6980429]
Start for  4_4_8 [63/105]
Fin;generate all combinations 900900 ...time: 4.170754671096802
Fin; energy prediction...time: 119.06367254257202
Egy stat [-44.343197, -36.001297, -40.10333, 0.7351915]
Start for  4_3_9 [64/105]
Fin;generate all combinations 400400 ...time: 2.241183042526245
Fin; energy prediction...time: 49.65243124961853
Egy stat [-40.134193, -32.968052, -36.095535, 0.7587061]
Start for  4_2_10 [65/105]
Fin;generate all combinations 120120 ...time: 0.8359959125518799
Fin; energy prediction...time: 15.67098331451416
Egy stat [-36.061974, -29.31257, -32.15711, 0.76686174]
Start for  4_1_11 [66/105]
Fin;generate all combinations 21840 ...time: 0.06327271461486816
Fin; energy prediction...time: 3.6231374740600586
Egy stat [-31.621029, -26.040709, -28.307055, 0.7595622]
Start for  3_12_1 [67/105]
Fin;generate all combinations 7280 ...time: 0.021119117736816406
Fin; energy prediction...time: 1.5906596183776855
Egy stat [-68.38492, -65.521904, -66.98442, 0.59259593]
Start for  3_11_2 [68/105]
Fin;generate all combinations 43680 ...time: 0.15250349044799805
Fin; energy prediction...time: 6.234083414077759
Egy stat [-64.75292, -61.247414, -63.116787, 0.5698607]
Start for  3_10_3 [69/105]
Fin;generate all combinations 160160 ...time: 0.624427318572998
Fin; energy prediction...time: 20.433733701705933
Egy stat [-60.979465, -57.05207, -59.16277, 0.5720776]
Start for  3_9_4 [70/105]
Fin;generate all combinations 400400 ...time: 1.4168379306793213
Fin; energy prediction...time: 50.019445180892944
Egy stat [-57.12013, -52.386734, -55.13851, 0.5926528]
Start for  3_8_5 [71/105]
Fin;generate all combinations 720720 ...time: 2.588513135910034
Fin; energy prediction...time: 90.0865752696991
Egy stat [-53.44795, -48.077778, -51.0621, 0.6247285]
Start for  3_7_6 [72/105]
Fin;generate all combinations 960960 ...time: 4.464520454406738
Fin; energy prediction...time: 117.10986685752869
Egy stat [-49.857033, -44.005745, -46.953106, 0.66183895]
Start for  3_6_7 [73/105]
Fin;generate all combinations 960960 ...time: 4.240024089813232
Fin; energy prediction...time: 120.9827229976654
Egy stat [-46.240948, -39.976044, -42.83215, 0.6981687]
Start for  3_5_8 [74/105]
Fin;generate all combinations 720720 ...time: 1.5908753871917725
Fin; energy prediction...time: 91.80129218101501
Egy stat [-42.015717, -35.603004, -38.720367, 0.7286419]
Start for  3_4_9 [75/105]
Fin;generate all combinations 400400 ...time: 2.6049628257751465
Fin; energy prediction...time: 51.591959714889526
Egy stat [-37.788612, -31.67678, -34.638733, 0.7490493]
Start for  3_3_10 [76/105]
Fin;generate all combinations 160160 ...time: 0.36118555068969727
Fin; energy prediction...time: 20.97718596458435
Egy stat [-33.67389, -27.584843, -30.607643, 0.75625795]
Start for  3_2_11 [77/105]
Fin;generate all combinations 43680 ...time: 0.10846638679504395
Fin; energy prediction...time: 6.1437087059021
Egy stat [-29.210812, -24.389051, -26.646389, 0.74836856]
Start for  3_1_12 [78/105]
Fin;generate all combinations 7280 ...time: 0.022904634475708008
Fin; energy prediction...time: 1.578597068786621
Egy stat [-24.891962, -20.769567, -22.772987, 0.724593]
Start for  2_13_1 [79/105]
Fin;generate all combinations 1680 ...time: 0.005608558654785156
Fin; energy prediction...time: 0.8756351470947266
Egy stat [-65.98753, -63.40967, -65.17864, 0.52985996]
Start for  2_12_2 [80/105]
Fin;generate all combinations 10920 ...time: 0.0230252742767334
Fin; energy prediction...time: 2.1170265674591064
Egy stat [-62.5289, -58.92438, -61.414608, 0.526295]
Start for  2_11_3 [81/105]
Fin;generate all combinations 43680 ...time: 0.16521501541137695
Fin; energy prediction...time: 6.134320974349976
Egy stat [-58.800648, -55.08531, -57.5415, 0.538039]
Start for  2_10_4 [82/105]
Fin;generate all combinations 120120 ...time: 0.5144670009613037
Fin; energy prediction...time: 15.542264223098755
Egy stat [-55.03648, -50.30555, -53.575367, 0.5577832]
Start for  2_9_5 [83/105]
Fin;generate all combinations 240240 ...time: 0.9215660095214844
Fin; energy prediction...time: 30.45882511138916
Egy stat [-51.419518, -46.326046, -49.53441, 0.58145577]
Start for  2_8_6 [84/105]
Fin;generate all combinations 360360 ...time: 1.7883968353271484
Fin; energy prediction...time: 44.99440836906433
Egy stat [-47.92499, -41.470284, -45.43853, 0.60644025]
Start for  2_7_7 [85/105]
Fin;generate all combinations 411840 ...time: 1.3541808128356934
Fin; energy prediction...time: 51.2068829536438
Egy stat [-43.69119, -37.67201, -41.308876, 0.6302306]
Start for  2_6_8 [86/105]
Fin;generate all combinations 360360 ...time: 1.3544976711273193
Fin; energy prediction...time: 45.7232186794281
Egy stat [-39.56157, -33.666054, -37.167152, 0.6498441]
Start for  2_5_9 [87/105]
Fin;generate all combinations 240240 ...time: 1.1510133743286133
Fin; energy prediction...time: 30.57511067390442
Egy stat [-35.327557, -29.639774, -33.035027, 0.661877]
Start for  2_4_10 [88/105]
Fin;generate all combinations 120120 ...time: 0.27581787109375
Fin; energy prediction...time: 15.899692058563232
Egy stat [-31.194302, -25.385092, -28.93343, 0.66294616]
Start for  2_3_11 [89/105]
Fin;generate all combinations 43680 ...time: 0.10126471519470215
Fin; energy prediction...time: 6.519827604293823
Egy stat [-26.722458, -22.241142, -24.88204, 0.6501826]
Start for  2_2_12 [90/105]
Fin;generate all combinations 10920 ...time: 0.027873754501342773
Fin; energy prediction...time: 2.071568250656128
Egy stat [-22.380165, -18.668346, -20.898926, 0.6214379]
Start for  2_1_13 [91/105]
Fin;generate all combinations 1680 ...time: 0.06526350975036621
Fin; energy prediction...time: 0.8415021896362305
Egy stat [-18.07442, -15.359356, -17.000385, 0.5747986]
Start for  1_14_1 [92/105]
Fin;generate all combinations 240 ...time: 0.0015838146209716797
Fin; energy prediction...time: 0.6487350463867188
Egy stat [-63.01799, -62.42642, -62.847378, 0.13533968]
Start for  1_13_2 [93/105]
Fin;generate all combinations 1680 ...time: 0.003757953643798828
Fin; energy prediction...time: 0.8737211227416992
Egy stat [-59.62108, -58.360554, -59.220917, 0.24730267]
Start for  1_12_3 [94/105]
Fin;generate all combinations 7280 ...time: 0.016872406005859375
Fin; energy prediction...time: 1.5902893543243408
Egy stat [-56.06341, -54.360256, -55.462727, 0.32895496]
Start for  1_11_4 [95/105]
Fin;generate all combinations 21840 ...time: 0.09689092636108398
Fin; energy prediction...time: 3.6288042068481445
Egy stat [-52.415436, -49.934574, -51.588486, 0.38665047]
Start for  1_10_5 [96/105]
Fin;generate all combinations 48048 ...time: 0.18030643463134766
Fin; energy prediction...time: 6.97329568862915
Egy stat [-48.95893, -45.72424, -47.616283, 0.42643952]
Start for  1_9_6 [97/105]
Fin;generate all combinations 80080 ...time: 0.42504334449768066
Fin; energy prediction...time: 10.690773963928223
Egy stat [-44.996204, -41.16072, -43.56624, 0.4535107]
Start for  1_8_7 [98/105]
Fin;generate all combinations 102960 ...time: 0.3764331340789795
Fin; energy prediction...time: 13.715559005737305
Egy stat [-41.00553, -36.80117, -39.45985, 0.47147095]
Start for  1_7_8 [99/105]
Fin;generate all combinations 102960 ...time: 0.4415011405944824
Fin; energy prediction...time: 13.77792239189148
Egy stat [-36.818775, -32.992165, -35.319363, 0.48180124]
Start for  1_6_9 [100/105]
Fin;generate all combinations 80080 ...time: 0.1663343906402588
Fin; energy prediction...time: 10.880184412002563
Egy stat [-32.498894, -29.046532, -31.167023, 0.48379788]
Start for  1_5_10 [101/105]
Fin;generate all combinations 48048 ...time: 0.10804057121276855
Fin; energy prediction...time: 6.786640882492065
Egy stat [-28.158789, -24.970757, -27.024345, 0.47508374]
Start for  1_4_11 [102/105]
Fin;generate all combinations 21840 ...time: 0.05088686943054199
Fin; energy prediction...time: 3.56648588180542
Egy stat [-23.9091, -21.014534, -22.911427, 0.4524216]
Start for  1_3_12 [103/105]
Fin;generate all combinations 7280 ...time: 0.01708388328552246
Fin; energy prediction...time: 1.6857388019561768
Egy stat [-19.688858, -17.130629, -18.84648, 0.41228142]
Start for  1_2_13 [104/105]
Fin;generate all combinations 1680 ...time: 0.004607439041137695
Fin; energy prediction...time: 0.8369169235229492
Egy stat [-15.466265, -13.841984, -14.845533, 0.35025632]
Start for  1_1_14 [105/105]
Fin;generate all combinations 240 ...time: 0.0011823177337646484
Fin; energy prediction...time: 0.641636848449707
Egy stat [-11.365353, -10.133589, -10.922436, 0.25637317]
Saving....
Saved to... Cs_GeHgZn_Cl.pkl
Total elapsed time... 5664.318155050278
