Summary of calculations
Site name (A,B,C)... Cs Ge,Sn,Zn Cl
Base cif file name... ../0.cif
Save file name... Cs_GeSnZn_Cl.pkl
Fin; combination with repetition...time: 0.0018088817596435547
Start for  14_1_1 [1/105]
Fin;generate all combinations 240 ...time: 0.0006306171417236328
Fin; energy prediction...time: 0.20931673049926758
Egy stat [-83.81019, -82.85329, -83.29643, 0.29943374]
Start for  13_2_1 [2/105]
Fin;generate all combinations 1680 ...time: 0.003523588180541992
Fin; energy prediction...time: 0.37299609184265137
Egy stat [-81.154045, -79.33255, -80.21668, 0.42535147]
Start for  13_1_2 [3/105]
Fin;generate all combinations 1680 ...time: 0.0037267208099365234
Fin; energy prediction...time: 0.3932301998138428
Egy stat [-77.77321, -75.52652, -76.73704, 0.47819006]
Start for  12_3_1 [4/105]
Fin;generate all combinations 7280 ...time: 0.01235055923461914
Fin; energy prediction...time: 1.135240077972412
Egy stat [-78.680115, -75.87467, -77.32244, 0.5214933]
Start for  12_2_2 [5/105]
Fin;generate all combinations 10920 ...time: 0.01692509651184082
Fin; energy prediction...time: 1.7010550498962402
Egy stat [-75.39952, -71.65038, -73.69507, 0.62157935]
Start for  12_1_3 [6/105]
Fin;generate all combinations 7280 ...time: 0.0682077407836914
Fin; energy prediction...time: 1.1867480278015137
Egy stat [-72.121185, -69.100266, -70.49088, 0.61039096]
Start for  11_4_1 [7/105]
Fin;generate all combinations 21840 ...time: 0.0764307975769043
Fin; energy prediction...time: 3.0139458179473877
Egy stat [-76.24816, -72.50214, -74.60574, 0.59776974]
Start for  11_3_2 [8/105]
Fin;generate all combinations 43680 ...time: 0.12444114685058594
Fin; energy prediction...time: 5.566476583480835
Egy stat [-72.95442, -68.110466, -70.8391, 0.73111]
Start for  11_2_3 [9/105]
Fin;generate all combinations 43680 ...time: 0.15091681480407715
Fin; energy prediction...time: 5.749620676040649
Egy stat [-69.867874, -65.04358, -67.497604, 0.7674352]
Start for  11_1_4 [10/105]
Fin;generate all combinations 21840 ...time: 0.04029083251953125
Fin; energy prediction...time: 3.001983880996704
Egy stat [-66.65222, -62.674458, -64.53303, 0.6976297]
Start for  10_5_1 [11/105]
Fin;generate all combinations 48048 ...time: 0.22383832931518555
Fin; energy prediction...time: 6.328648328781128
Egy stat [-74.129364, -69.86807, -72.057816, 0.65788066]
Start for  10_4_2 [12/105]
Fin;generate all combinations 120120 ...time: 0.47135281562805176
Fin; energy prediction...time: 14.868888854980469
Egy stat [-70.833984, -64.64963, -68.160286, 0.8173834]
Start for  10_3_3 [13/105]
Fin;generate all combinations 160160 ...time: 0.5831334590911865
Fin; energy prediction...time: 20.75143051147461
Egy stat [-67.763626, -61.201622, -64.68956, 0.8878479]
Start for  10_2_4 [14/105]
Fin;generate all combinations 120120 ...time: 0.4116542339324951
Fin; energy prediction...time: 15.557501316070557
Egy stat [-64.70108, -58.313927, -61.597855, 0.8685783]
Start for  10_1_5 [15/105]
Fin;generate all combinations 48048 ...time: 0.09630846977233887
Fin; energy prediction...time: 6.606005907058716
Egy stat [-61.318836, -56.60618, -58.83067, 0.74716693]
Start for  9_6_1 [16/105]
Fin;generate all combinations 80080 ...time: 0.22654199600219727
Fin; energy prediction...time: 10.600278377532959
Egy stat [-72.19235, -67.136185, -69.669334, 0.70346385]
Start for  9_5_2 [17/105]
Fin;generate all combinations 240240 ...time: 0.6106586456298828
Fin; energy prediction...time: 29.921875
Egy stat [-68.950714, -62.125713, -65.648994, 0.884957]
Start for  9_4_3 [18/105]
Fin;generate all combinations 400400 ...time: 1.4217472076416016
Fin; energy prediction...time: 49.689377784729004
Egy stat [-65.83365, -57.4504, -62.057056, 0.98283684]
Start for  9_3_4 [19/105]
Fin;generate all combinations 400400 ...time: 1.7618353366851807
Fin; energy prediction...time: 49.45718550682068
Egy stat [-62.902008, -54.28753, -58.845726, 0.99989897]
Start for  9_2_5 [20/105]
Fin;generate all combinations 240240 ...time: 0.9957456588745117
Fin; energy prediction...time: 30.837385654449463
Egy stat [-59.626392, -52.27175, -55.961613, 0.9340377]
Start for  9_1_6 [21/105]
Fin;generate all combinations 80080 ...time: 0.17519259452819824
Fin; energy prediction...time: 10.607776641845703
Egy stat [-56.33259, -50.5097, -53.344593, 0.7737737]
Start for  8_7_1 [22/105]
Fin;generate all combinations 102960 ...time: 0.33236002922058105
Fin; energy prediction...time: 13.163558006286621
Egy stat [-70.5746, -64.836815, -67.43055, 0.7350544]
Start for  8_6_2 [23/105]
Fin;generate all combinations 360360 ...time: 1.1726226806640625
Fin; energy prediction...time: 44.547876596450806
Egy stat [-67.235756, -59.395638, -63.295033, 0.93600935]
Start for  8_5_3 [24/105]
Fin;generate all combinations 720720 ...time: 2.824084997177124
Fin; energy prediction...time: 89.16000986099243
Egy stat [-64.03117, -55.092995, -59.589687, 1.0574871]
Start for  8_4_4 [25/105]
Fin;generate all combinations 900900 ...time: 4.483369588851929
Fin; energy prediction...time: 113.29812574386597
Egy stat [-61.23095, -50.264843, -56.26626, 1.1039804]
Start for  8_3_5 [26/105]
Fin;generate all combinations 720720 ...time: 1.2205474376678467
Fin; energy prediction...time: 94.9278359413147
Egy stat [-57.975994, -48.34894, -53.271957, 1.0777079]
Start for  8_2_6 [27/105]
Fin;generate all combinations 360360 ...time: 2.289430618286133
Fin; energy prediction...time: 46.04153776168823
Egy stat [-55.028152, -46.157818, -50.548367, 0.97868615]
Start for  8_1_7 [28/105]
Fin;generate all combinations 102960 ...time: 0.2477428913116455
Fin; energy prediction...time: 14.31911826133728
Egy stat [-51.511433, -45.243214, -48.03013, 0.79790825]
Start for  7_8_1 [29/105]
Fin;generate all combinations 102960 ...time: 0.1842031478881836
Fin; energy prediction...time: 13.737210035324097
Egy stat [-68.89732, -62.382114, -65.33153, 0.75237846]
Start for  7_7_2 [30/105]
Fin;generate all combinations 411840 ...time: 1.315856695175171
Fin; energy prediction...time: 50.72919011116028
Egy stat [-65.51856, -56.917683, -61.087772, 0.9713747]
Start for  7_6_3 [31/105]
Fin;generate all combinations 960960 ...time: 3.67107892036438
Fin; energy prediction...time: 118.74889492988586
Egy stat [-62.30182, -52.51237, -57.27653, 1.1142853]
Start for  7_5_4 [32/105]
Fin;generate all combinations 1441440 ...time: 6.1857686042785645
Fin; energy prediction...time: 183.28796243667603
Egy stat [-59.42953, -48.458313, -53.848385, 1.1865082]
Start for  7_4_5 [33/105]
Fin;generate all combinations 1441440 ...time: 5.876338243484497
Fin; energy prediction...time: 178.09775137901306
Egy stat [-56.279797, -45.0431, -50.750698, 1.1924243]
Start for  7_3_6 [34/105]
Fin;generate all combinations 960960 ...time: 4.96565055847168
Fin; energy prediction...time: 121.82999777793884
Egy stat [-53.306267, -42.877907, -47.926353, 1.1364871]
Start for  7_2_7 [35/105]
Fin;generate all combinations 411840 ...time: 0.8205723762512207
Fin; energy prediction...time: 54.22346568107605
Egy stat [-50.252018, -40.971493, -45.312305, 1.0210962]
Start for  7_1_8 [36/105]
Fin;generate all combinations 102960 ...time: 0.2526838779449463
Fin; energy prediction...time: 13.960807800292969
Egy stat [-46.949886, -39.91494, -42.83794, 0.83880264]
Start for  6_9_1 [37/105]
Fin;generate all combinations 80080 ...time: 0.16028881072998047
Fin; energy prediction...time: 10.572968482971191
Egy stat [-66.544014, -60.871895, -63.362137, 0.75445575]
Start for  6_8_2 [38/105]
Fin;generate all combinations 360360 ...time: 1.5963423252105713
Fin; energy prediction...time: 45.60952544212341
Egy stat [-63.993717, -54.487473, -59.016376, 0.9909047]
Start for  6_7_3 [39/105]
Fin;generate all combinations 960960 ...time: 3.833956480026245
Fin; energy prediction...time: 121.44585800170898
Egy stat [-60.761734, -50.636055, -55.106144, 1.1542033]
Start for  6_6_4 [40/105]
Fin;generate all combinations 1681680 ...time: 8.956424713134766
Fin; energy prediction...time: 206.9040389060974
Egy stat [-57.874317, -46.647278, -51.580433, 1.2502593]
Start for  6_5_5 [41/105]
Fin;generate all combinations 2018016 ...time: 11.09785008430481
Fin; energy prediction...time: 249.11179423332214
Egy stat [-54.81729, -42.944405, -48.386204, 1.2846417]
Start for  6_4_6 [42/105]
Fin;generate all combinations 1681680 ...time: 6.536425828933716
Fin; energy prediction...time: 212.42599201202393
Egy stat [-51.839046, -39.666626, -45.46711, 1.2637656]
Start for  6_3_7 [43/105]
Fin;generate all combinations 960960 ...time: 4.701207399368286
Fin; energy prediction...time: 121.46141695976257
Egy stat [-48.95734, -37.82408, -42.762016, 1.1939397]
Start for  6_2_8 [44/105]
Fin;generate all combinations 360360 ...time: 0.666590690612793
Fin; energy prediction...time: 46.34507417678833
Egy stat [-45.731907, -35.780617, -40.203236, 1.077394]
Start for  6_1_9 [45/105]
Fin;generate all combinations 80080 ...time: 0.21798348426818848
Fin; energy prediction...time: 10.963254451751709
Egy stat [-41.73252, -34.656456, -37.714725, 0.9038232]
Start for  5_10_1 [46/105]
Fin;generate all combinations 48048 ...time: 0.10476160049438477
Fin; energy prediction...time: 6.789957523345947
Egy stat [-64.293144, -58.992054, -61.512165, 0.7396197]
Start for  5_9_2 [47/105]
Fin;generate all combinations 240240 ...time: 0.9796528816223145
Fin; energy prediction...time: 29.93273091316223
Egy stat [-61.660217, -52.753124, -57.06975, 0.9935994]
Start for  5_8_3 [48/105]
Fin;generate all combinations 720720 ...time: 2.5401227474212646
Fin; energy prediction...time: 90.24204921722412
Egy stat [-59.46662, -48.86579, -53.066933, 1.1770988]
Start for  5_7_4 [49/105]
Fin;generate all combinations 1441440 ...time: 6.277392864227295
Fin; energy prediction...time: 181.08495998382568
Egy stat [-56.51934, -44.82309, -49.450462, 1.2963097]
Start for  5_6_5 [50/105]
Fin;generate all combinations 2018016 ...time: 8.617732763290405
Fin; energy prediction...time: 247.97475409507751
Egy stat [-53.476936, -40.904045, -46.16639, 1.3574764]
Start for  5_5_6 [51/105]
Fin;generate all combinations 2018016 ...time: 10.859972715377808
Fin; energy prediction...time: 248.18156385421753
Egy stat [-50.51145, -37.328148, -43.15865, 1.3678597]
Start for  5_4_7 [52/105]
Fin;generate all combinations 1441440 ...time: 5.905579328536987
Fin; energy prediction...time: 186.52385306358337
Egy stat [-47.765804, -34.78952, -40.367508, 1.3351622]
Start for  5_3_8 [53/105]
Fin;generate all combinations 720720 ...time: 1.385185956954956
Fin; energy prediction...time: 91.86277675628662
Egy stat [-44.655758, -32.657276, -37.72787, 1.2646018]
Start for  5_2_9 [54/105]
Fin;generate all combinations 240240 ...time: 0.4923074245452881
Fin; energy prediction...time: 30.966464519500732
Egy stat [-40.54059, -30.630543, -35.16723, 1.1532332]
Start for  5_1_10 [55/105]
Fin;generate all combinations 48048 ...time: 0.13823723793029785
Fin; energy prediction...time: 6.833530902862549
Egy stat [-36.638153, -29.36867, -32.60379, 0.98234034]
Start for  4_11_1 [56/105]
Fin;generate all combinations 21840 ...time: 0.055417776107788086
Fin; energy prediction...time: 3.6298067569732666
Egy stat [-61.994255, -57.390934, -59.7714, 0.70547223]
Start for  4_10_2 [57/105]
Fin;generate all combinations 120120 ...time: 0.3239319324493408
Fin; energy prediction...time: 15.706005096435547
Egy stat [-59.480656, -51.003487, -55.236683, 0.9776261]
Start for  4_9_3 [58/105]
Fin;generate all combinations 400400 ...time: 1.404430866241455
Fin; energy prediction...time: 49.19464921951294
Egy stat [-56.91466, -47.06433, -51.14699, 1.181862]
Start for  4_8_4 [59/105]
Fin;generate all combinations 900900 ...time: 2.8266420364379883
Fin; energy prediction...time: 114.14658331871033
Egy stat [-55.40643, -42.741474, -47.446175, 1.324497]
Start for  4_7_5 [60/105]
Fin;generate all combinations 1441440 ...time: 7.283776521682739
Fin; energy prediction...time: 179.40553855895996
Egy stat [-52.342205, -38.942856, -44.07877, 1.4121296]
Start for  4_6_6 [61/105]
Fin;generate all combinations 1681680 ...time: 5.691967248916626
Fin; energy prediction...time: 207.58762884140015
Egy stat [-49.36734, -34.981544, -40.988472, 1.4522698]
Start for  4_5_7 [62/105]
Fin;generate all combinations 1441440 ...time: 5.389500856399536
Fin; energy prediction...time: 193.74243783950806
Egy stat [-46.58867, -32.6372, -38.116543, 1.4528885]
Start for  4_4_8 [63/105]
Fin;generate all combinations 900900 ...time: 4.175430059432983
Fin; energy prediction...time: 112.08650279045105
Egy stat [-43.627296, -28.971348, -35.399937, 1.4200239]
Start for  4_3_9 [64/105]
Fin;generate all combinations 400400 ...time: 0.7763056755065918
Fin; energy prediction...time: 51.55543613433838
Egy stat [-39.37076, -27.57844, -32.769398, 1.3531379]
Start for  4_2_10 [65/105]
Fin;generate all combinations 120120 ...time: 0.26438474655151367
Fin; energy prediction...time: 16.82653832435608
Egy stat [-35.55564, -25.450562, -30.147375, 1.2392921]
Start for  4_1_11 [66/105]
Fin;generate all combinations 21840 ...time: 0.06028604507446289
Fin; energy prediction...time: 3.656834840774536
Egy stat [-31.127052, -24.292866, -27.445753, 1.0489153]
Start for  3_12_1 [67/105]
Fin;generate all combinations 7280 ...time: 0.02068471908569336
Fin; energy prediction...time: 1.6989235877990723
Egy stat [-59.861546, -55.757973, -58.12965, 0.6487126]
Start for  3_11_2 [68/105]
Fin;generate all combinations 43680 ...time: 0.08139753341674805
Fin; energy prediction...time: 6.445467472076416
Egy stat [-56.922115, -49.760403, -53.50594, 0.94024503]
Start for  3_10_3 [69/105]
Fin;generate all combinations 160160 ...time: 0.640937089920044
Fin; energy prediction...time: 20.593882083892822
Egy stat [-54.450554, -45.29984, -49.334324, 1.1664315]
Start for  3_9_4 [70/105]
Fin;generate all combinations 400400 ...time: 1.5322439670562744
Fin; energy prediction...time: 49.84313154220581
Egy stat [-52.60976, -41.283768, -45.555096, 1.3335953]
Start for  3_8_5 [71/105]
Fin;generate all combinations 720720 ...time: 3.315528392791748
Fin; energy prediction...time: 89.39367699623108
Egy stat [-51.074627, -37.259666, -42.11065, 1.4484508]
Start for  3_7_6 [72/105]
Fin;generate all combinations 960960 ...time: 4.5991692543029785
Fin; energy prediction...time: 118.84782004356384
Egy stat [-48.227356, -33.336807, -38.943893, 1.5183659]
Start for  3_6_7 [73/105]
Fin;generate all combinations 960960 ...time: 3.566828489303589
Fin; energy prediction...time: 121.02105617523193
Egy stat [-45.45268, -30.204842, -35.996536, 1.5509727]
Start for  3_5_8 [74/105]
Fin;generate all combinations 720720 ...time: 3.997230291366577
Fin; energy prediction...time: 90.67484402656555
Egy stat [-42.669926, -26.950537, -33.207207, 1.5521729]
Start for  3_4_9 [75/105]
Fin;generate all combinations 400400 ...time: 0.8368034362792969
Fin; energy prediction...time: 52.478508949279785
Egy stat [-38.195564, -24.201685, -30.509445, 1.5222324]
Start for  3_3_10 [76/105]
Fin;generate all combinations 160160 ...time: 0.38575243949890137
Fin; energy prediction...time: 21.309082746505737
Egy stat [-34.215836, -22.489511, -27.8296, 1.4508021]
Start for  3_2_11 [77/105]
Fin;generate all combinations 43680 ...time: 0.11342287063598633
Fin; energy prediction...time: 6.192096471786499
Egy stat [-29.534962, -20.688133, -25.084541, 1.3129603]
Start for  3_1_12 [78/105]
Fin;generate all combinations 7280 ...time: 0.023376941680908203
Fin; energy prediction...time: 1.7550811767578125
Egy stat [-25.443573, -19.179829, -22.17921, 1.0694556]
Start for  2_13_1 [79/105]
Fin;generate all combinations 1680 ...time: 0.006482124328613281
Fin; energy prediction...time: 0.9770708084106445
Egy stat [-57.726383, -55.094044, -56.576843, 0.5646007]
Start for  2_12_2 [80/105]
Fin;generate all combinations 10920 ...time: 0.06804895401000977
Fin; energy prediction...time: 2.161863327026367
Egy stat [-54.56273, -48.48615, -51.866283, 0.87756944]
Start for  2_11_3 [81/105]
Fin;generate all combinations 43680 ...time: 0.20540213584899902
Fin; energy prediction...time: 6.320644855499268
Egy stat [-51.953205, -44.06021, -47.616844, 1.1276892]
Start for  2_10_4 [82/105]
Fin;generate all combinations 120120 ...time: 0.5702509880065918
Fin; energy prediction...time: 16.222418785095215
Egy stat [-49.94344, -39.574913, -43.7646, 1.3213413]
Start for  2_9_5 [83/105]
Fin;generate all combinations 240240 ...time: 1.3487622737884521
Fin; energy prediction...time: 30.666151523590088
Egy stat [-48.101925, -35.76712, -40.24913, 1.4651614]
Start for  2_8_6 [84/105]
Fin;generate all combinations 360360 ...time: 1.28328275680542
Fin; energy prediction...time: 46.686805725097656
Egy stat [-47.173122, -31.424326, -37.011948, 1.5660714]
Start for  2_7_7 [85/105]
Fin;generate all combinations 411840 ...time: 1.370237112045288
Fin; energy prediction...time: 51.875293016433716
Egy stat [-44.428116, -28.19062, -33.99471, 1.6309764]
Start for  2_6_8 [86/105]
Fin;generate all combinations 360360 ...time: 1.2545042037963867
Fin; energy prediction...time: 45.793933629989624
Egy stat [-41.75235, -24.603853, -31.137182, 1.6651211]
Start for  2_5_9 [87/105]
Fin;generate all combinations 240240 ...time: 1.0289103984832764
Fin; energy prediction...time: 31.278743743896484
Egy stat [-37.032364, -22.259922, -28.375298, 1.6688519]
Start for  2_4_10 [88/105]
Fin;generate all combinations 120120 ...time: 0.6938478946685791
Fin; energy prediction...time: 16.328870058059692
Egy stat [-32.90825, -19.02619, -25.638947, 1.6333506]
Start for  2_3_11 [89/105]
Fin;generate all combinations 43680 ...time: 0.10111856460571289
Fin; energy prediction...time: 6.7948572635650635
Egy stat [-27.953398, -17.472595, -22.849653, 1.536757]
Start for  2_2_12 [90/105]
Fin;generate all combinations 10920 ...time: 0.027958393096923828
Fin; energy prediction...time: 2.1975934505462646
Egy stat [-23.577612, -15.684145, -19.918093, 1.3424363]
Start for  2_1_13 [91/105]
Fin;generate all combinations 1680 ...time: 0.006114959716796875
Fin; energy prediction...time: 1.0209953784942627
Egy stat [-18.73882, -14.165203, -16.74148, 1.0026933]
Start for  1_14_1 [92/105]
Fin;generate all combinations 240 ...time: 0.0013680458068847656
Fin; energy prediction...time: 0.8021881580352783
Egy stat [-55.758022, -53.89955, -55.103115, 0.44497976]
Start for  1_13_2 [93/105]
Fin;generate all combinations 1680 ...time: 0.0036792755126953125
Fin; energy prediction...time: 1.0085101127624512
Egy stat [-52.154606, -48.11561, -50.306576, 0.7838933]
Start for  1_12_3 [94/105]
Fin;generate all combinations 7280 ...time: 0.016629457473754883
Fin; energy prediction...time: 1.812894344329834
Egy stat [-49.42484, -42.558544, -45.982502, 1.0611577]
Start for  1_11_4 [95/105]
Fin;generate all combinations 21840 ...time: 0.0472562313079834
Fin; energy prediction...time: 3.4839320182800293
Egy stat [-47.291153, -38.306664, -42.06201, 1.2843237]
Start for  1_10_5 [96/105]
Fin;generate all combinations 48048 ...time: 0.24980926513671875
Fin; energy prediction...time: 6.949340581893921
Egy stat [-45.185276, -34.358055, -38.4812, 1.4599158]
Start for  1_9_6 [97/105]
Fin;generate all combinations 80080 ...time: 0.29989123344421387
Fin; energy prediction...time: 10.724168539047241
Egy stat [-43.993233, -30.181208, -35.179558, 1.5941677]
Start for  1_8_7 [98/105]
Fin;generate all combinations 102960 ...time: 0.36057496070861816
Fin; energy prediction...time: 13.516786336898804
Egy stat [-43.50366, -25.807865, -32.098064, 1.6929735]
Start for  1_7_8 [99/105]
Fin;generate all combinations 102960 ...time: 0.43129682540893555
Fin; energy prediction...time: 13.82341742515564
Egy stat [-40.899704, -22.511457, -29.177164, 1.7606049]
Start for  1_6_9 [100/105]
Fin;generate all combinations 80080 ...time: 0.39496660232543945
Fin; energy prediction...time: 10.90440583229065
Egy stat [-35.99369, -19.871185, -26.354704, 1.7970916]
Start for  1_5_10 [101/105]
Fin;generate all combinations 48048 ...time: 0.23821568489074707
Fin; energy prediction...time: 6.85369348526001
Egy stat [-31.587091, -17.181862, -23.563717, 1.7946295]
Start for  1_4_11 [102/105]
Fin;generate all combinations 21840 ...time: 0.1401200294494629
Fin; energy prediction...time: 3.4722070693969727
Egy stat [-26.364628, -14.228313, -20.730047, 1.7339194]
Start for  1_3_12 [103/105]
Fin;generate all combinations 7280 ...time: 0.07771062850952148
Fin; energy prediction...time: 1.7057480812072754
Egy stat [-21.723682, -12.442152, -17.769808, 1.5813895]
Start for  1_2_13 [104/105]
Fin;generate all combinations 1680 ...time: 0.005005836486816406
Fin; energy prediction...time: 0.9935576915740967
Egy stat [-16.731955, -11.116567, -14.586712, 1.287772]
Start for  1_1_14 [105/105]
Fin;generate all combinations 240 ...time: 0.001226186752319336
Fin; energy prediction...time: 0.7761838436126709
Egy stat [-11.971687, -8.54623, -11.069403, 0.7881399]
Saving....
Saved to... Cs_GeSnZn_Cl.pkl
Total elapsed time... 5642.69705247879
