Summary of calculations
Site name (A,B,C)... Cs Hg,Sn,Zn Cl
Base cif file name... ../0.cif
Save file name... Cs_HgSnZn_Cl.pkl
Fin; combination with repetition...time: 0.0017113685607910156
Start for  14_1_1 [1/105]
Fin;generate all combinations 240 ...time: 0.0006208419799804688
Fin; energy prediction...time: 0.212904691696167
Egy stat [-61.561954, -61.22827, -61.366497, 0.08820165]
Start for  13_2_1 [2/105]
Fin;generate all combinations 1680 ...time: 0.0036346912384033203
Fin; energy prediction...time: 0.41420960426330566
Egy stat [-62.874695, -59.293198, -62.11549, 0.74575084]
Start for  13_1_2 [3/105]
Fin;generate all combinations 1680 ...time: 0.0036840438842773438
Fin; energy prediction...time: 0.38967275619506836
Egy stat [-58.188133, -56.86147, -57.72766, 0.23628245]
Start for  12_3_1 [4/105]
Fin;generate all combinations 7280 ...time: 0.014204263687133789
Fin; energy prediction...time: 1.1661643981933594
Egy stat [-63.852283, -60.068703, -62.236763, 0.9334469]
Start for  12_2_2 [5/105]
Fin;generate all combinations 10920 ...time: 0.017041683197021484
Fin; energy prediction...time: 1.6837990283966064
Egy stat [-59.378056, -54.874233, -58.32103, 0.762425]
Start for  12_1_3 [6/105]
Fin;generate all combinations 7280 ...time: 0.05276751518249512
Fin; energy prediction...time: 1.0380351543426514
Egy stat [-54.61818, -53.09541, -53.95918, 0.33959463]
Start for  11_4_1 [7/105]
Fin;generate all combinations 21840 ...time: 0.07566094398498535
Fin; energy prediction...time: 2.844970941543579
Egy stat [-64.30187, -57.885113, -61.885887, 0.919298]
Start for  11_3_2 [8/105]
Fin;generate all combinations 43680 ...time: 0.11367940902709961
Fin; energy prediction...time: 5.7803778648376465
Egy stat [-60.141315, -55.432514, -58.314167, 0.9459731]
Start for  11_2_3 [9/105]
Fin;generate all combinations 43680 ...time: 0.19231629371643066
Fin; energy prediction...time: 5.83483624458313
Egy stat [-55.63182, -50.920044, -54.418762, 0.79691374]
Start for  11_1_4 [10/105]
Fin;generate all combinations 21840 ...time: 0.04115414619445801
Fin; energy prediction...time: 3.0747742652893066
Egy stat [-51.07381, -48.526764, -50.075115, 0.41243246]
Start for  10_5_1 [11/105]
Fin;generate all combinations 48048 ...time: 0.1757655143737793
Fin; energy prediction...time: 6.252551078796387
Egy stat [-62.956585, -58.133446, -61.21257, 0.803298]
Start for  10_4_2 [12/105]
Fin;generate all combinations 120120 ...time: 0.4767429828643799
Fin; energy prediction...time: 14.755099296569824
Egy stat [-60.541477, -53.297462, -57.85884, 0.946096]
Start for  10_3_3 [13/105]
Fin;generate all combinations 160160 ...time: 0.6225399971008301
Fin; energy prediction...time: 19.915861129760742
Egy stat [-56.3891, -51.30323, -54.30279, 0.9831394]
Start for  10_2_4 [14/105]
Fin;generate all combinations 120120 ...time: 0.3762338161468506
Fin; energy prediction...time: 15.337884902954102
Egy stat [-52.17703, -46.345146, -50.42153, 0.8371226]
Start for  10_1_5 [15/105]
Fin;generate all combinations 48048 ...time: 0.09239006042480469
Fin; energy prediction...time: 6.210914373397827
Egy stat [-47.588806, -44.606308, -46.091824, 0.46176875]
Start for  9_6_1 [16/105]
Fin;generate all combinations 80080 ...time: 0.24399900436401367
Fin; energy prediction...time: 10.16779637336731
Egy stat [-62.347687, -56.31987, -60.35017, 0.6699042]
Start for  9_5_2 [17/105]
Fin;generate all combinations 240240 ...time: 0.6095058917999268
Fin; energy prediction...time: 29.439454317092896
Egy stat [-59.4432, -53.465755, -57.097347, 0.8552533]
Start for  9_4_3 [18/105]
Fin;generate all combinations 400400 ...time: 1.4175186157226562
Fin; energy prediction...time: 49.16101694107056
Egy stat [-56.81248, -49.029922, -53.75853, 1.004268]
Start for  9_3_4 [19/105]
Fin;generate all combinations 400400 ...time: 1.591991901397705
Fin; energy prediction...time: 49.76034450531006
Egy stat [-52.864082, -46.774155, -50.214092, 1.033556]
Start for  9_2_5 [20/105]
Fin;generate all combinations 240240 ...time: 0.9197602272033691
Fin; energy prediction...time: 30.502662181854248
Egy stat [-48.731956, -42.416428, -46.34413, 0.8772778]
Start for  9_1_6 [21/105]
Fin;generate all combinations 80080 ...time: 0.17348122596740723
Fin; energy prediction...time: 10.59971022605896
Egy stat [-43.708347, -39.874756, -42.02765, 0.49345142]
Start for  8_7_1 [22/105]
Fin;generate all combinations 102960 ...time: 0.33751726150512695
Fin; energy prediction...time: 12.99431586265564
Egy stat [-61.08194, -56.25387, -59.40851, 0.57766587]
Start for  8_6_2 [23/105]
Fin;generate all combinations 360360 ...time: 1.1930501461029053
Fin; energy prediction...time: 44.147156953811646
Egy stat [-58.379383, -51.436893, -56.153675, 0.75000364]
Start for  8_5_3 [24/105]
Fin;generate all combinations 720720 ...time: 2.7456815242767334
Fin; energy prediction...time: 87.88893818855286
Egy stat [-56.06248, -49.10985, -52.920868, 0.9447747]
Start for  8_4_4 [25/105]
Fin;generate all combinations 900900 ...time: 4.123183250427246
Fin; energy prediction...time: 113.14157772064209
Egy stat [-53.3293, -44.32006, -49.59516, 1.080188]
Start for  8_3_5 [26/105]
Fin;generate all combinations 720720 ...time: 1.186643362045288
Fin; energy prediction...time: 91.03486394882202
Egy stat [-49.40575, -42.50507, -46.0613, 1.0904585]
Start for  8_2_6 [27/105]
Fin;generate all combinations 360360 ...time: 2.015840768814087
Fin; energy prediction...time: 44.41270565986633
Egy stat [-45.37488, -37.83699, -42.203125, 0.9153207]
Start for  8_1_7 [28/105]
Fin;generate all combinations 102960 ...time: 0.23555350303649902
Fin; energy prediction...time: 13.083209753036499
Egy stat [-39.796288, -35.844093, -37.90242, 0.51213837]
Start for  7_8_1 [29/105]
Fin;generate all combinations 102960 ...time: 0.3877592086791992
Fin; energy prediction...time: 13.057113409042358
Egy stat [-60.680298, -53.822998, -58.469765, 0.53748363]
Start for  7_7_2 [30/105]
Fin;generate all combinations 411840 ...time: 1.6077675819396973
Fin; energy prediction...time: 50.900736808776855
Egy stat [-57.28609, -51.397198, -55.127754, 0.6799531]
Start for  7_6_3 [31/105]
Fin;generate all combinations 960960 ...time: 3.2237370014190674
Fin; energy prediction...time: 118.13191556930542
Egy stat [-55.016724, -47.262638, -51.904953, 0.8728733]
Start for  7_5_4 [32/105]
Fin;generate all combinations 1441440 ...time: 6.381553888320923
Fin; energy prediction...time: 175.19583010673523
Egy stat [-52.690502, -44.330444, -48.692356, 1.0541059]
Start for  7_4_5 [33/105]
Fin;generate all combinations 1441440 ...time: 5.875102519989014
Fin; energy prediction...time: 176.51274847984314
Egy stat [-49.77554, -39.99261, -45.380558, 1.1654508]
Start for  7_3_6 [34/105]
Fin;generate all combinations 960960 ...time: 5.195573091506958
Fin; energy prediction...time: 118.97990274429321
Egy stat [-45.958214, -37.942207, -41.859303, 1.1502823]
Start for  7_2_7 [35/105]
Fin;generate all combinations 411840 ...time: 2.309847354888916
Fin; energy prediction...time: 52.17000699043274
Egy stat [-41.23082, -33.615498, -38.016514, 0.9508186]
Start for  7_1_8 [36/105]
Fin;generate all combinations 102960 ...time: 0.2384638786315918
Fin; energy prediction...time: 13.199312925338745
Egy stat [-35.580296, -31.046938, -33.7369, 0.52077776]
Start for  6_9_1 [37/105]
Fin;generate all combinations 80080 ...time: 0.15651464462280273
Fin; energy prediction...time: 10.565030097961426
Egy stat [-59.332157, -53.629875, -57.587383, 0.52002263]
Start for  6_8_2 [38/105]
Fin;generate all combinations 360360 ...time: 1.1809251308441162
Fin; energy prediction...time: 45.072126150131226
Egy stat [-56.73707, -48.73071, -54.092495, 0.65448534]
Start for  6_7_3 [39/105]
Fin;generate all combinations 960960 ...time: 4.310152053833008
Fin; energy prediction...time: 117.75701832771301
Egy stat [-53.70286, -47.13935, -50.80158, 0.82961464]
Start for  6_6_4 [40/105]
Fin;generate all combinations 1681680 ...time: 7.858038425445557
Fin; energy prediction...time: 203.97064805030823
Egy stat [-52.104523, -42.32554, -47.612476, 1.0158231]
Start for  6_5_5 [41/105]
Fin;generate all combinations 2018016 ...time: 7.499273061752319
Fin; energy prediction...time: 256.62779474258423
Egy stat [-49.514023, -39.606377, -44.42246, 1.1730925]
Start for  6_4_6 [42/105]
Fin;generate all combinations 1681680 ...time: 8.583406448364258
Fin; energy prediction...time: 207.2013156414032
Egy stat [-46.364506, -35.18748, -41.12811, 1.2553906]
Start for  6_3_7 [43/105]
Fin;generate all combinations 960960 ...time: 4.673095941543579
Fin; energy prediction...time: 121.78755950927734
Egy stat [-42.721836, -33.422913, -37.62446, 1.2111903]
Start for  6_2_8 [44/105]
Fin;generate all combinations 360360 ...time: 0.7318012714385986
Fin; energy prediction...time: 46.90952491760254
Egy stat [-37.112267, -28.952734, -33.803368, 0.98364055]
Start for  6_1_9 [45/105]
Fin;generate all combinations 80080 ...time: 0.2067866325378418
Fin; energy prediction...time: 10.556008338928223
Egy stat [-31.219397, -27.262678, -29.552155, 0.5202519]
Start for  5_10_1 [46/105]
Fin;generate all combinations 48048 ...time: 0.1100165843963623
Fin; energy prediction...time: 6.717084646224976
Egy stat [-58.316864, -53.76256, -56.78763, 0.4975443]
Start for  5_9_2 [47/105]
Fin;generate all combinations 240240 ...time: 0.6289870738983154
Fin; energy prediction...time: 30.402690649032593
Egy stat [-55.5829, -48.85915, -53.093727, 0.65363485]
Start for  5_8_3 [48/105]
Fin;generate all combinations 720720 ...time: 2.9638686180114746
Fin; energy prediction...time: 90.32191205024719
Egy stat [-52.74226, -44.80614, -49.675556, 0.82295555]
Start for  5_7_4 [49/105]
Fin;generate all combinations 1441440 ...time: 7.378484010696411
Fin; energy prediction...time: 179.5340611934662
Egy stat [-50.624584, -42.196823, -46.438118, 1.0000144]
Start for  5_6_5 [50/105]
Fin;generate all combinations 2018016 ...time: 6.997829914093018
Fin; energy prediction...time: 254.25810647010803
Egy stat [-49.078938, -37.882347, -43.286022, 1.1675631]
Start for  5_5_6 [51/105]
Fin;generate all combinations 2018016 ...time: 8.979469776153564
Fin; energy prediction...time: 249.94020628929138
Egy stat [-46.307404, -34.74965, -40.12338, 1.2964852]
Start for  5_4_7 [52/105]
Fin;generate all combinations 1441440 ...time: 5.981600999832153
Fin; energy prediction...time: 177.56654858589172
Egy stat [-43.088215, -30.40939, -36.852837, 1.3474406]
Start for  5_3_8 [53/105]
Fin;generate all combinations 720720 ...time: 3.8362889289855957
Fin; energy prediction...time: 92.2762131690979
Egy stat [-38.497604, -28.648235, -33.374283, 1.2720237]
Start for  5_2_9 [54/105]
Fin;generate all combinations 240240 ...time: 0.5015304088592529
Fin; energy prediction...time: 30.173693895339966
Egy stat [-32.718925, -25.12228, -29.583202, 1.013326]
Start for  5_1_10 [55/105]
Fin;generate all combinations 48048 ...time: 0.5173218250274658
Fin; energy prediction...time: 6.6418616771698
Egy stat [-26.757675, -23.186253, -25.368855, 0.5094431]
Start for  4_11_1 [56/105]
Fin;generate all combinations 21840 ...time: 0.05461382865905762
Fin; energy prediction...time: 3.481684923171997
Egy stat [-57.428825, -53.786915, -56.07373, 0.46308422]
Start for  4_10_2 [57/105]
Fin;generate all combinations 120120 ...time: 0.38099169731140137
Fin; energy prediction...time: 15.33081603050232
Egy stat [-54.450726, -48.621983, -52.15258, 0.6571971]
Start for  4_9_3 [58/105]
Fin;generate all combinations 400400 ...time: 1.3858473300933838
Fin; energy prediction...time: 49.968178033828735
Egy stat [-51.70905, -44.574097, -48.56638, 0.8399233]
Start for  4_8_4 [59/105]
Fin;generate all combinations 900900 ...time: 3.7937510013580322
Fin; energy prediction...time: 109.86453866958618
Egy stat [-49.61468, -39.714848, -45.227028, 1.0144116]
Start for  4_7_5 [60/105]
Fin;generate all combinations 1441440 ...time: 7.569952726364136
Fin; energy prediction...time: 175.21816277503967
Egy stat [-47.78985, -37.37761, -42.046627, 1.1792768]
Start for  4_6_6 [61/105]
Fin;generate all combinations 1681680 ...time: 8.828879117965698
Fin; energy prediction...time: 211.02986335754395
Egy stat [-46.2624, -32.809555, -38.937042, 1.3228548]
Start for  4_5_7 [62/105]
Fin;generate all combinations 1441440 ...time: 10.15563154220581
Fin; energy prediction...time: 179.23410725593567
Egy stat [-43.061123, -29.801935, -35.808987, 1.4215344]
Start for  4_4_8 [63/105]
Fin;generate all combinations 900900 ...time: 4.939749002456665
Fin; energy prediction...time: 116.61182355880737
Egy stat [-39.942093, -25.47722, -32.570892, 1.4399971]
Start for  4_3_9 [64/105]
Fin;generate all combinations 400400 ...time: 0.8296923637390137
Fin; energy prediction...time: 51.307045221328735
Egy stat [-33.89281, -24.861969, -29.126995, 1.3317751]
Start for  4_2_10 [65/105]
Fin;generate all combinations 120120 ...time: 0.27074599266052246
Fin; energy prediction...time: 16.248812913894653
Egy stat [-28.260952, -20.759384, -25.375525, 1.039014]
Start for  4_1_11 [66/105]
Fin;generate all combinations 21840 ...time: 0.06293225288391113
Fin; energy prediction...time: 3.7495388984680176
Egy stat [-22.446053, -19.127802, -21.206629, 0.48572347]
Start for  3_12_1 [67/105]
Fin;generate all combinations 7280 ...time: 0.020757436752319336
Fin; energy prediction...time: 1.7164061069488525
Egy stat [-56.608337, -54.0585, -55.431885, 0.4212889]
Start for  3_11_2 [68/105]
Fin;generate all combinations 43680 ...time: 0.08208703994750977
Fin; energy prediction...time: 6.271764039993286
Egy stat [-53.4391, -48.69204, -51.269985, 0.65745276]
Start for  3_10_3 [69/105]
Fin;generate all combinations 160160 ...time: 0.6146152019500732
Fin; energy prediction...time: 20.57970666885376
Egy stat [-50.714188, -44.19819, -47.49122, 0.8663754]
Start for  3_9_4 [70/105]
Fin;generate all combinations 400400 ...time: 1.5909924507141113
Fin; energy prediction...time: 50.49645733833313
Egy stat [-48.310062, -39.57884, -44.013466, 1.0510675]
Start for  3_8_5 [71/105]
Fin;generate all combinations 720720 ...time: 2.887047290802002
Fin; energy prediction...time: 91.02348923683167
Egy stat [-46.42451, -35.523926, -40.755825, 1.2164013]
Start for  3_7_6 [72/105]
Fin;generate all combinations 960960 ...time: 3.2937850952148438
Fin; energy prediction...time: 121.39293456077576
Egy stat [-45.276665, -32.325134, -37.6378, 1.362154]
Start for  3_6_7 [73/105]
Fin;generate all combinations 960960 ...time: 4.897607088088989
Fin; energy prediction...time: 119.85206317901611
Egy stat [-43.050415, -27.866846, -34.57833, 1.4790717]
Start for  3_5_8 [74/105]
Fin;generate all combinations 720720 ...time: 3.667429208755493
Fin; energy prediction...time: 90.00586676597595
Egy stat [-39.98107, -24.83325, -31.494413, 1.5465738]
Start for  3_4_9 [75/105]
Fin;generate all combinations 400400 ...time: 1.95955228805542
Fin; energy prediction...time: 51.01228141784668
Egy stat [-34.89352, -21.81461, -28.2994, 1.5318521]
Start for  3_3_10 [76/105]
Fin;generate all combinations 160160 ...time: 0.3680267333984375
Fin; energy prediction...time: 21.60312294960022
Egy stat [-29.018534, -20.498344, -24.90106, 1.389501]
Start for  3_2_11 [77/105]
Fin;generate all combinations 43680 ...time: 0.10922360420227051
Fin; energy prediction...time: 6.347848415374756
Egy stat [-23.70269, -16.672949, -21.199196, 1.0597886]
Start for  3_1_12 [78/105]
Fin;generate all combinations 7280 ...time: 0.023966550827026367
Fin; energy prediction...time: 1.8254501819610596
Egy stat [-18.131376, -14.879107, -17.08353, 0.44545838]
Start for  2_13_1 [79/105]
Fin;generate all combinations 1680 ...time: 0.005997896194458008
Fin; energy prediction...time: 1.0787968635559082
Egy stat [-55.71382, -53.680573, -54.838673, 0.37500235]
Start for  2_12_2 [80/105]
Fin;generate all combinations 10920 ...time: 0.022193431854248047
Fin; energy prediction...time: 2.2354156970977783
Egy stat [-52.433167, -48.083736, -50.432983, 0.65446585]
Start for  2_11_3 [81/105]
Fin;generate all combinations 43680 ...time: 0.09414243698120117
Fin; energy prediction...time: 6.363013744354248
Egy stat [-49.731297, -43.718544, -46.449944, 0.89545316]
Start for  2_10_4 [82/105]
Fin;generate all combinations 120120 ...time: 0.4263617992401123
Fin; energy prediction...time: 16.225917100906372
Egy stat [-47.37811, -38.59311, -42.811867, 1.1001525]
Start for  2_9_5 [83/105]
Fin;generate all combinations 240240 ...time: 0.9589231014251709
Fin; energy prediction...time: 30.796674013137817
Egy stat [-45.372894, -35.34395, -39.44374, 1.2745514]
Start for  2_8_6 [84/105]
Fin;generate all combinations 360360 ...time: 1.47721529006958
Fin; energy prediction...time: 45.850870847702026
Egy stat [-44.021427, -30.359999, -36.272125, 1.4231895]
Start for  2_7_7 [85/105]
Fin;generate all combinations 411840 ...time: 1.447279930114746
Fin; energy prediction...time: 51.83686065673828
Egy stat [-42.921562, -27.16258, -33.223778, 1.5459086]
Start for  2_6_8 [86/105]
Fin;generate all combinations 360360 ...time: 1.2696194648742676
Fin; energy prediction...time: 45.6442813873291
Egy stat [-40.074413, -22.851664, -30.224184, 1.6345755]
Start for  2_5_9 [87/105]
Fin;generate all combinations 240240 ...time: 1.109004259109497
Fin; energy prediction...time: 30.70334219932556
Egy stat [-34.99641, -21.066795, -27.195805, 1.670382]
Start for  2_4_10 [88/105]
Fin;generate all combinations 120120 ...time: 0.24878406524658203
Fin; energy prediction...time: 16.14444589614868
Egy stat [-30.101831, -17.40142, -24.055986, 1.6220701]
Start for  2_3_11 [89/105]
Fin;generate all combinations 43680 ...time: 0.096435546875
Fin; energy prediction...time: 6.562577962875366
Egy stat [-24.327318, -16.553534, -20.714693, 1.444552]
Start for  2_2_12 [90/105]
Fin;generate all combinations 10920 ...time: 0.027418851852416992
Fin; energy prediction...time: 2.383044481277466
Egy stat [-19.349766, -12.191202, -17.07199, 1.0751827]
Start for  2_1_13 [91/105]
Fin;generate all combinations 1680 ...time: 0.0059146881103515625
Fin; energy prediction...time: 1.0860121250152588
Egy stat [-13.742092, -11.635304, -13.015688, 0.3836158]
Start for  1_14_1 [92/105]
Fin;generate all combinations 240 ...time: 0.0014615058898925781
Fin; energy prediction...time: 0.850102424621582
Egy stat [-54.81206, -53.705845, -54.268375, 0.32137018]
Start for  1_13_2 [93/105]
Fin;generate all combinations 1680 ...time: 0.0038640499114990234
Fin; energy prediction...time: 1.0705175399780273
Egy stat [-51.178, -48.20688, -49.621723, 0.65023166]
Start for  1_12_3 [94/105]
Fin;generate all combinations 7280 ...time: 0.016948699951171875
Fin; energy prediction...time: 1.784477710723877
Egy stat [-48.435844, -42.879757, -45.431297, 0.92599267]
Start for  1_11_4 [95/105]
Fin;generate all combinations 21840 ...time: 0.0958859920501709
Fin; energy prediction...time: 3.5539729595184326
Egy stat [-46.112427, -37.908215, -41.621937, 1.1560977]
Start for  1_10_5 [96/105]
Fin;generate all combinations 48048 ...time: 0.18340182304382324
Fin; energy prediction...time: 6.836360931396484
Egy stat [-43.97956, -33.786484, -38.122986, 1.3469299]
Start for  1_9_6 [97/105]
Fin;generate all combinations 80080 ...time: 0.2714061737060547
Fin; energy prediction...time: 11.142297267913818
Egy stat [-42.67877, -30.220852, -34.86687, 1.5041333]
Start for  1_8_7 [98/105]
Fin;generate all combinations 102960 ...time: 0.49113988876342773
Fin; energy prediction...time: 13.836199283599854
Egy stat [-41.917885, -25.25595, -31.787405, 1.6314995]
Start for  1_7_8 [99/105]
Fin;generate all combinations 102960 ...time: 0.4170708656311035
Fin; energy prediction...time: 13.752015590667725
Egy stat [-40.064857, -22.001724, -28.818058, 1.7286617]
Start for  1_6_9 [100/105]
Fin;generate all combinations 80080 ...time: 0.36376166343688965
Fin; energy prediction...time: 10.899852752685547
Egy stat [-35.09063, -19.23211, -25.890022, 1.7880832]
Start for  1_5_10 [101/105]
Fin;generate all combinations 48048 ...time: 0.23842310905456543
Fin; energy prediction...time: 6.760447978973389
Egy stat [-30.182608, -16.77257, -22.9301, 1.7920523]
Start for  1_4_11 [102/105]
Fin;generate all combinations 21840 ...time: 0.04771828651428223
Fin; energy prediction...time: 3.6643898487091064
Egy stat [-24.906162, -13.606595, -19.858341, 1.7101663]
Start for  1_3_12 [103/105]
Fin;generate all combinations 7280 ...time: 0.01825428009033203
Fin; energy prediction...time: 1.841315746307373
Egy stat [-19.7206, -12.031112, -16.585493, 1.4969188]
Start for  1_2_13 [104/105]
Fin;generate all combinations 1680 ...time: 0.00547027587890625
Fin; energy prediction...time: 1.0846426486968994
Egy stat [-14.723051, -8.96819, -13.010335, 1.0855304]
Start for  1_1_14 [105/105]
Fin;generate all combinations 240 ...time: 0.0012047290802001953
Fin; energy prediction...time: 0.8685252666473389
Egy stat [-9.479399, -7.9774156, -9.017187, 0.28960449]
Saving....
Saved to... Cs_HgSnZn_Cl.pkl
Total elapsed time... 5602.286799907684
