Summary of calculations
Site name (A,B,C)... Cs Hg,Pb,Zn Cl
Base cif file name... ../0.cif
Save file name... Cs_HgPbZn_Cl.pkl
Fin; combination with repetition...time: 0.001756906509399414
Start for  14_1_1 [1/105]
Fin;generate all combinations 240 ...time: 0.0006194114685058594
Fin; energy prediction...time: 0.19965219497680664
Egy stat [-60.00859, -59.24151, -59.437145, 0.16877799]
Start for  13_2_1 [2/105]
Fin;generate all combinations 1680 ...time: 0.0035338401794433594
Fin; energy prediction...time: 0.38030028343200684
Egy stat [-59.672337, -56.944065, -58.749527, 0.49609628]
Start for  13_1_2 [3/105]
Fin;generate all combinations 1680 ...time: 0.0038347244262695312
Fin; energy prediction...time: 0.42345452308654785
Egy stat [-56.75253, -54.85158, -55.903126, 0.3352118]
Start for  12_3_1 [4/105]
Fin;generate all combinations 7280 ...time: 0.012444257736206055
Fin; energy prediction...time: 1.1037979125976562
Egy stat [-59.14561, -56.03974, -57.867516, 0.62624335]
Start for  12_2_2 [5/105]
Fin;generate all combinations 10920 ...time: 0.016838788986206055
Fin; energy prediction...time: 1.6871850490570068
Egy stat [-56.749115, -52.35748, -55.15299, 0.60497075]
Start for  12_1_3 [6/105]
Fin;generate all combinations 7280 ...time: 0.0655827522277832
Fin; energy prediction...time: 1.2027394771575928
Egy stat [-53.487717, -51.16215, -52.23982, 0.4636562]
Start for  11_4_1 [7/105]
Fin;generate all combinations 21840 ...time: 0.07706904411315918
Fin; energy prediction...time: 3.1259422302246094
Egy stat [-58.451855, -53.42832, -56.881577, 0.6553386]
Start for  11_3_2 [8/105]
Fin;generate all combinations 43680 ...time: 0.11201667785644531
Fin; energy prediction...time: 5.731526851654053
Egy stat [-56.111073, -51.476967, -54.221027, 0.7418478]
Start for  11_2_3 [9/105]
Fin;generate all combinations 43680 ...time: 0.1840531826019287
Fin; energy prediction...time: 5.744232416152954
Egy stat [-53.468937, -48.61488, -51.44814, 0.720965]
Start for  11_1_4 [10/105]
Fin;generate all combinations 21840 ...time: 0.040203094482421875
Fin; energy prediction...time: 3.10880184173584
Egy stat [-50.109825, -46.69814, -48.46139, 0.5593314]
Start for  10_5_1 [11/105]
Fin;generate all combinations 48048 ...time: 0.20406222343444824
Fin; energy prediction...time: 6.26887845993042
Egy stat [-57.425312, -52.849075, -55.878586, 0.6430119]
Start for  10_4_2 [12/105]
Fin;generate all combinations 120120 ...time: 0.5125796794891357
Fin; energy prediction...time: 14.948350429534912
Egy stat [-55.4849, -48.76808, -53.193363, 0.7894819]
Start for  10_3_3 [13/105]
Fin;generate all combinations 160160 ...time: 0.3836228847503662
Fin; energy prediction...time: 20.0559504032135
Egy stat [-53.41131, -47.518265, -50.48408, 0.87111425]
Start for  10_2_4 [14/105]
Fin;generate all combinations 120120 ...time: 0.5556657314300537
Fin; energy prediction...time: 15.19044804573059
Egy stat [-50.289375, -44.111362, -47.64812, 0.8243491]
Start for  10_1_5 [15/105]
Fin;generate all combinations 48048 ...time: 0.09629511833190918
Fin; energy prediction...time: 6.1134772300720215
Egy stat [-46.70903, -42.80668, -44.584286, 0.6274478]
Start for  9_6_1 [16/105]
Fin;generate all combinations 80080 ...time: 0.22292709350585938
Fin; energy prediction...time: 10.343254089355469
Egy stat [-56.537148, -50.77944, -54.936874, 0.6338966]
Start for  9_5_2 [17/105]
Fin;generate all combinations 240240 ...time: 0.5971293449401855
Fin; energy prediction...time: 29.711505889892578
Egy stat [-54.425323, -48.21205, -52.150738, 0.7952083]
Start for  9_4_3 [18/105]
Fin;generate all combinations 400400 ...time: 1.209770679473877
Fin; energy prediction...time: 49.15082597732544
Egy stat [-52.606804, -44.81578, -49.429367, 0.94007933]
Start for  9_3_4 [19/105]
Fin;generate all combinations 400400 ...time: 1.7909533977508545
Fin; energy prediction...time: 49.831162214279175
Egy stat [-50.237183, -42.99163, -46.66864, 0.9930037]
Start for  9_2_5 [20/105]
Fin;generate all combinations 240240 ...time: 0.42366480827331543
Fin; energy prediction...time: 29.773244619369507
Egy stat [-47.004242, -40.2547, -43.767967, 0.91037285]
Start for  9_1_6 [21/105]
Fin;generate all combinations 80080 ...time: 0.16292619705200195
Fin; energy prediction...time: 10.311799049377441
Egy stat [-42.8995, -38.189346, -40.626835, 0.67282647]
Start for  8_7_1 [22/105]
Fin;generate all combinations 102960 ...time: 0.3147149085998535
Fin; energy prediction...time: 13.173673391342163
Egy stat [-55.800983, -49.833164, -54.12213, 0.64466643]
Start for  8_6_2 [23/105]
Fin;generate all combinations 360360 ...time: 1.1601054668426514
Fin; energy prediction...time: 44.995020389556885
Egy stat [-53.596203, -46.06074, -51.16441, 0.7947986]
Start for  8_5_3 [24/105]
Fin;generate all combinations 720720 ...time: 2.5081562995910645
Fin; energy prediction...time: 88.45073795318604
Egy stat [-51.728107, -44.153698, -48.359013, 0.9669881]
Start for  8_4_4 [25/105]
Fin;generate all combinations 900900 ...time: 3.5101218223571777
Fin; energy prediction...time: 112.15358781814575
Egy stat [-50.362507, -40.11766, -45.600445, 1.0847795]
Start for  8_3_5 [26/105]
Fin;generate all combinations 720720 ...time: 2.575763702392578
Fin; energy prediction...time: 89.99759793281555
Egy stat [-46.983334, -38.7545, -42.78837, 1.1011226]
Start for  8_2_6 [27/105]
Fin;generate all combinations 360360 ...time: 0.6359128952026367
Fin; energy prediction...time: 44.93483805656433
Egy stat [-43.771233, -35.917015, -39.82439, 0.9793328]
Start for  8_1_7 [28/105]
Fin;generate all combinations 102960 ...time: 0.7160778045654297
Fin; energy prediction...time: 13.3554368019104
Egy stat [-39.051075, -34.270927, -36.608803, 0.6994667]
Start for  7_8_1 [29/105]
Fin;generate all combinations 102960 ...time: 0.3878467082977295
Fin; energy prediction...time: 13.186256170272827
Egy stat [-55.54403, -47.518562, -53.48472, 0.6652812]
Start for  7_7_2 [30/105]
Fin;generate all combinations 411840 ...time: 1.6754634380340576
Fin; energy prediction...time: 50.58239388465881
Egy stat [-52.680325, -45.122673, -50.29278, 0.80436945]
Start for  7_6_3 [31/105]
Fin;generate all combinations 960960 ...time: 3.565603256225586
Fin; energy prediction...time: 118.18739986419678
Egy stat [-50.73766, -42.128403, -47.33782, 0.9820637]
Start for  7_5_4 [32/105]
Fin;generate all combinations 1441440 ...time: 5.8968505859375
Fin; energy prediction...time: 176.81012272834778
Egy stat [-49.373802, -39.496376, -44.51327, 1.1340322]
Start for  7_4_5 [33/105]
Fin;generate all combinations 1441440 ...time: 7.483759880065918
Fin; energy prediction...time: 181.8514096736908
Egy stat [-47.113544, -35.781242, -41.719036, 1.2169071]
Start for  7_3_6 [34/105]
Fin;generate all combinations 960960 ...time: 5.472967147827148
Fin; energy prediction...time: 118.29196691513062
Egy stat [-43.75057, -34.384827, -38.858513, 1.1947412]
Start for  7_2_7 [35/105]
Fin;generate all combinations 411840 ...time: 0.8076534271240234
Fin; energy prediction...time: 52.205806016922
Egy stat [-39.802277, -31.759794, -35.83541, 1.0330366]
Start for  7_1_8 [36/105]
Fin;generate all combinations 102960 ...time: 0.2359027862548828
Fin; energy prediction...time: 13.260608196258545
Egy stat [-34.878227, -29.633223, -32.55078, 0.71012956]
Start for  6_9_1 [37/105]
Fin;generate all combinations 80080 ...time: 0.1714305877685547
Fin; energy prediction...time: 10.63212776184082
Egy stat [-54.934193, -48.40797, -53.058823, 0.6783604]
Start for  6_8_2 [38/105]
Fin;generate all combinations 360360 ...time: 1.2280759811401367
Fin; energy prediction...time: 44.74565005302429
Egy stat [-52.15515, -42.732193, -49.579647, 0.82244]
Start for  6_7_3 [39/105]
Fin;generate all combinations 960960 ...time: 3.8542535305023193
Fin; energy prediction...time: 117.80074739456177
Egy stat [-49.790634, -41.427727, -46.417862, 1.0008466]
Start for  6_6_4 [40/105]
Fin;generate all combinations 1681680 ...time: 7.046394348144531
Fin; energy prediction...time: 205.21654510498047
Egy stat [-48.531822, -37.56369, -43.46621, 1.1678559]
Start for  6_5_5 [41/105]
Fin;generate all combinations 2018016 ...time: 9.106642961502075
Fin; energy prediction...time: 245.11096024513245
Egy stat [-47.07138, -34.93138, -40.624874, 1.2894576]
Start for  6_4_6 [42/105]
Fin;generate all combinations 1681680 ...time: 12.329461574554443
Fin; energy prediction...time: 205.61655521392822
Egy stat [-43.919888, -31.33881, -37.799057, 1.3357061]
Start for  6_3_7 [43/105]
Fin;generate all combinations 960960 ...time: 5.343731641769409
Fin; energy prediction...time: 119.00381827354431
Egy stat [-40.62544, -30.083944, -34.89558, 1.2751572]
Start for  6_2_8 [44/105]
Fin;generate all combinations 360360 ...time: 2.338454246520996
Fin; energy prediction...time: 46.78404688835144
Egy stat [-35.87816, -27.299011, -31.819899, 1.0734068]
Start for  6_1_9 [45/105]
Fin;generate all combinations 80080 ...time: 0.21000194549560547
Fin; energy prediction...time: 10.965872287750244
Egy stat [-30.540838, -25.88311, -28.473536, 0.7060573]
Start for  5_10_1 [46/105]
Fin;generate all combinations 48048 ...time: 0.10808753967285156
Fin; energy prediction...time: 6.709061861038208
Egy stat [-54.776188, -49.277954, -52.863663, 0.6740381]
Start for  5_9_2 [47/105]
Fin;generate all combinations 240240 ...time: 0.591524600982666
Fin; energy prediction...time: 30.080133199691772
Egy stat [-51.538372, -43.376183, -49.05392, 0.84085417]
Start for  5_8_3 [48/105]
Fin;generate all combinations 720720 ...time: 3.06010365486145
Fin; energy prediction...time: 88.08745336532593
Egy stat [-49.107605, -39.15268, -45.637314, 1.0262403]
Start for  5_7_4 [49/105]
Fin;generate all combinations 1441440 ...time: 7.591994047164917
Fin; energy prediction...time: 179.09896683692932
Egy stat [-47.266148, -36.67687, -42.50585, 1.2015666]
Start for  5_6_5 [50/105]
Fin;generate all combinations 2018016 ...time: 7.016499757766724
Fin; energy prediction...time: 255.50909996032715
Egy stat [-46.198303, -33.64958, -39.56004, 1.3441515]
Start for  5_5_6 [51/105]
Fin;generate all combinations 2018016 ...time: 7.2632129192352295
Fin; energy prediction...time: 247.45125317573547
Egy stat [-43.92757, -30.508602, -36.706753, 1.4325649]
Start for  5_4_7 [52/105]
Fin;generate all combinations 1441440 ...time: 6.0097410678863525
Fin; energy prediction...time: 176.06833505630493
Egy stat [-40.719223, -26.929802, -33.855827, 1.4425347]
Start for  5_3_8 [53/105]
Fin;generate all combinations 720720 ...time: 5.131652355194092
Fin; energy prediction...time: 88.84876441955566
Egy stat [-36.517265, -25.666256, -30.917007, 1.3441821]
Start for  5_2_9 [54/105]
Fin;generate all combinations 240240 ...time: 0.5087697505950928
Fin; energy prediction...time: 30.579173803329468
Egy stat [-31.591074, -23.569962, -27.796991, 1.1019022]
Start for  5_1_10 [55/105]
Fin;generate all combinations 48048 ...time: 0.13506340980529785
Fin; energy prediction...time: 7.176143646240234
Egy stat [-26.123379, -21.912527, -24.397272, 0.68692076]
Start for  4_11_1 [56/105]
Fin;generate all combinations 21840 ...time: 0.05671095848083496
Fin; energy prediction...time: 3.6952638626098633
Egy stat [-54.558403, -50.043747, -52.90658, 0.65160275]
Start for  4_10_2 [57/105]
Fin;generate all combinations 120120 ...time: 0.5618984699249268
Fin; energy prediction...time: 15.760644674301147
Egy stat [-51.359715, -44.224472, -48.73134, 0.85383475]
Start for  4_9_3 [58/105]
Fin;generate all combinations 400400 ...time: 1.7780792713165283
Fin; energy prediction...time: 50.46632361412048
Egy stat [-48.387405, -39.430885, -45.020763, 1.0552495]
Start for  4_8_4 [59/105]
Fin;generate all combinations 900900 ...time: 3.519265651702881
Fin; energy prediction...time: 112.20361280441284
Egy stat [-46.59581, -34.36873, -41.665672, 1.2403971]
Start for  4_7_5 [60/105]
Fin;generate all combinations 1441440 ...time: 6.2534708976745605
Fin; energy prediction...time: 176.81296348571777
Egy stat [-45.162422, -32.945305, -38.56649, 1.3962706]
Start for  4_6_6 [61/105]
Fin;generate all combinations 1681680 ...time: 5.653161287307739
Fin; energy prediction...time: 204.57420754432678
Egy stat [-44.03122, -29.035381, -35.631374, 1.509755]
Start for  4_5_7 [62/105]
Fin;generate all combinations 1441440 ...time: 8.364166259765625
Fin; energy prediction...time: 175.84156131744385
Egy stat [-40.978806, -26.03416, -32.77309, 1.5647682]
Start for  4_4_8 [63/105]
Fin;generate all combinations 900900 ...time: 4.092494249343872
Fin; energy prediction...time: 114.77426958084106
Egy stat [-37.526897, -22.408113, -29.90555, 1.5393306]
Start for  4_3_9 [64/105]
Fin;generate all combinations 400400 ...time: 0.7651586532592773
Fin; energy prediction...time: 51.70642685890198
Egy stat [-32.095024, -21.999985, -26.940605, 1.4034996]
Start for  4_2_10 [65/105]
Fin;generate all combinations 120120 ...time: 0.25954294204711914
Fin; energy prediction...time: 16.44841766357422
Egy stat [-27.238735, -19.269398, -23.785465, 1.1193994]
Start for  4_1_11 [66/105]
Fin;generate all combinations 21840 ...time: 0.06409645080566406
Fin; energy prediction...time: 3.743407726287842
Egy stat [-21.85614, -17.879602, -20.340996, 0.6509529]
Start for  3_12_1 [67/105]
Fin;generate all combinations 7280 ...time: 0.020336389541625977
Fin; energy prediction...time: 1.76580810546875
Egy stat [-54.548153, -50.837936, -53.187504, 0.6148032]
Start for  3_11_2 [68/105]
Fin;generate all combinations 43680 ...time: 0.08201956748962402
Fin; energy prediction...time: 6.5479443073272705
Egy stat [-51.149708, -44.774147, -48.617737, 0.8597922]
Start for  3_10_3 [69/105]
Fin;generate all combinations 160160 ...time: 0.5187468528747559
Fin; energy prediction...time: 20.52464747428894
Egy stat [-48.07829, -39.520508, -44.581287, 1.0845186]
Start for  3_9_4 [70/105]
Fin;generate all combinations 400400 ...time: 1.5511186122894287
Fin; energy prediction...time: 50.1161584854126
Egy stat [-45.698406, -34.51164, -40.96684, 1.2840396]
Start for  3_8_5 [71/105]
Fin;generate all combinations 720720 ...time: 2.6130354404449463
Fin; energy prediction...time: 90.81693983078003
Egy stat [-44.10646, -31.21271, -37.673832, 1.452347]
Start for  3_7_6 [72/105]
Fin;generate all combinations 960960 ...time: 4.629008054733276
Fin; energy prediction...time: 117.10962772369385
Egy stat [-43.21721, -28.302729, -34.61102, 1.5825887]
Start for  3_6_7 [73/105]
Fin;generate all combinations 960960 ...time: 3.7529337406158447
Fin; energy prediction...time: 116.84659433364868
Egy stat [-41.121857, -24.598532, -31.693552, 1.6657561]
Start for  3_5_8 [74/105]
Fin;generate all combinations 720720 ...time: 2.979606866836548
Fin; energy prediction...time: 88.33629941940308
Egy stat [-37.844727, -21.546362, -28.839254, 1.6880333]
Start for  3_4_9 [75/105]
Fin;generate all combinations 400400 ...time: 1.9721348285675049
Fin; energy prediction...time: 49.041770696640015
Egy stat [-32.490154, -18.88628, -25.965082, 1.6279731]
Start for  3_3_10 [76/105]
Fin;generate all combinations 160160 ...time: 0.9088504314422607
Fin; energy prediction...time: 20.512402772903442
Egy stat [-27.627169, -17.789679, -22.98405, 1.4544957]
Start for  3_2_11 [77/105]
Fin;generate all combinations 43680 ...time: 0.1050567626953125
Fin; energy prediction...time: 6.445815324783325
Egy stat [-22.75344, -15.281673, -19.803139, 1.1263672]
Start for  3_1_12 [78/105]
Fin;generate all combinations 7280 ...time: 0.022295713424682617
Fin; energy prediction...time: 1.8919062614440918
Egy stat [-17.593245, -13.715338, -16.32192, 0.59494346]
Start for  2_13_1 [79/105]
Fin;generate all combinations 1680 ...time: 0.00635218620300293
Fin; energy prediction...time: 1.087714433670044
Egy stat [-54.745075, -52.09025, -53.703873, 0.5667611]
Start for  2_12_2 [80/105]
Fin;generate all combinations 10920 ...time: 0.022395849227905273
Fin; energy prediction...time: 2.1769368648529053
Egy stat [-51.19294, -45.525692, -48.71344, 0.85870177]
Start for  2_11_3 [81/105]
Fin;generate all combinations 43680 ...time: 0.1625833511352539
Fin; energy prediction...time: 6.7797300815582275
Egy stat [-48.00407, -39.91297, -44.323868, 1.1118281]
Start for  2_10_4 [82/105]
Fin;generate all combinations 120120 ...time: 0.4274320602416992
Fin; energy prediction...time: 15.619357109069824
Egy stat [-45.24862, -34.35748, -40.420578, 1.3303996]
Start for  2_9_5 [83/105]
Fin;generate all combinations 240240 ...time: 1.1593453884124756
Fin; energy prediction...time: 30.812145471572876
Egy stat [-43.409485, -31.119547, -36.900684, 1.5135012]
Start for  2_8_6 [84/105]
Fin;generate all combinations 360360 ...time: 1.5569238662719727
Fin; energy prediction...time: 44.94082307815552
Egy stat [-42.29454, -26.847237, -33.67236, 1.6583487]
Start for  2_7_7 [85/105]
Fin;generate all combinations 411840 ...time: 2.0133159160614014
Fin; energy prediction...time: 51.149680614471436
Egy stat [-41.42991, -23.62048, -30.65215, 1.7608441]
Start for  2_6_8 [86/105]
Fin;generate all combinations 360360 ...time: 1.9054856300354004
Fin; energy prediction...time: 44.97744607925415
Egy stat [-38.348446, -20.11174, -27.761217, 1.8138442]
Start for  2_5_9 [87/105]
Fin;generate all combinations 240240 ...time: 1.0806143283843994
Fin; energy prediction...time: 30.425265550613403
Egy stat [-33.001884, -18.091955, -24.921288, 1.8042586]
Start for  2_4_10 [88/105]
Fin;generate all combinations 120120 ...time: 0.2506828308105469
Fin; energy prediction...time: 16.323432207107544
Egy stat [-28.16135, -14.583553, -22.051214, 1.7101145]
Start for  2_3_11 [89/105]
Fin;generate all combinations 43680 ...time: 0.09608888626098633
Fin; energy prediction...time: 6.247732877731323
Egy stat [-23.203373, -13.826177, -19.064255, 1.4983673]
Start for  2_2_12 [90/105]
Fin;generate all combinations 10920 ...time: 0.027290821075439453
Fin; energy prediction...time: 2.2621262073516846
Egy stat [-18.479141, -10.88443, -15.866338, 1.1231533]
Start for  2_1_13 [91/105]
Fin;generate all combinations 1680 ...time: 0.006292104721069336
Fin; energy prediction...time: 1.1135377883911133
Egy stat [-13.2626505, -10.5501175, -12.355099, 0.51319396]
Start for  1_14_1 [92/105]
Fin;generate all combinations 240 ...time: 0.0015010833740234375
Fin; energy prediction...time: 0.8886559009552002
Egy stat [-55.2091, -53.405014, -54.45503, 0.50665945]
Start for  1_13_2 [93/105]
Fin;generate all combinations 1680 ...time: 0.0039031505584716797
Fin; energy prediction...time: 1.100571632385254
Egy stat [-51.008087, -46.68472, -49.01768, 0.84896576]
Start for  1_12_3 [94/105]
Fin;generate all combinations 7280 ...time: 0.015911340713500977
Fin; energy prediction...time: 1.855956792831421
Egy stat [-47.79679, -40.347713, -44.24952, 1.1349427]
Start for  1_11_4 [95/105]
Fin;generate all combinations 21840 ...time: 0.09628748893737793
Fin; energy prediction...time: 3.6615114212036133
Egy stat [-44.940094, -34.463665, -40.031506, 1.3769517]
Start for  1_10_5 [96/105]
Fin;generate all combinations 48048 ...time: 0.16676115989685059
Fin; energy prediction...time: 7.018079996109009
Egy stat [-42.555218, -30.955662, -36.257008, 1.5783012]
Start for  1_9_6 [97/105]
Fin;generate all combinations 80080 ...time: 0.3820977210998535
Fin; energy prediction...time: 10.786627769470215
Egy stat [-41.27153, -26.99475, -32.832066, 1.738953]
Start for  1_8_7 [98/105]
Fin;generate all combinations 102960 ...time: 0.35436487197875977
Fin; energy prediction...time: 13.822577238082886
Egy stat [-40.69368, -22.243793, -29.673203, 1.8577757]
Start for  1_7_8 [99/105]
Fin;generate all combinations 102960 ...time: 0.3926208019256592
Fin; energy prediction...time: 13.500582456588745
Egy stat [-38.733295, -19.02572, -26.7038, 1.9321384]
Start for  1_6_9 [100/105]
Fin;generate all combinations 80080 ...time: 0.5030136108398438
Fin; energy prediction...time: 10.721127271652222
Egy stat [-33.61385, -16.683563, -23.849722, 1.9556705]
Start for  1_5_10 [101/105]
Fin;generate all combinations 48048 ...time: 0.10654997825622559
Fin; energy prediction...time: 6.828185796737671
Egy stat [-28.546112, -13.838014, -21.035336, 1.9151318]
Start for  1_4_11 [102/105]
Fin;generate all combinations 21840 ...time: 0.1383347511291504
Fin; energy prediction...time: 3.4927620887756348
Egy stat [-23.5276, -10.770654, -18.180218, 1.7872871]
Start for  1_3_12 [103/105]
Fin;generate all combinations 7280 ...time: 0.017443180084228516
Fin; energy prediction...time: 1.9031798839569092
Egy stat [-18.717514, -9.609606, -15.196905, 1.5363322]
Start for  1_2_13 [104/105]
Fin;generate all combinations 1680 ...time: 0.004413604736328125
Fin; energy prediction...time: 1.1099443435668945
Egy stat [-13.946564, -7.8141446, -11.989546, 1.1101283]
Start for  1_1_14 [105/105]
Fin;generate all combinations 240 ...time: 0.0010955333709716797
Fin; energy prediction...time: 0.9430193901062012
Egy stat [-9.038077, -6.9738517, -8.453274, 0.3921014]
Saving....
Saved to... Cs_HgPbZn_Cl.pkl
Total elapsed time... 5563.629780769348
