Summary of calculations
Site name (A,B,C)... Cs Hg,Pb,Sn I
Base cif file name... ../0.cif
Save file name... Cs_HgPbSn_I.pkl
Fin; combination with repetition...time: 0.001859903335571289
Start for  14_1_1 [1/105]
Fin;generate all combinations 240 ...time: 0.00061798095703125
Fin; energy prediction...time: 0.19014453887939453
Egy stat [-3.8459573, -3.0947971, -3.383485, 0.24118991]
Start for  13_2_1 [2/105]
Fin;generate all combinations 1680 ...time: 0.003620624542236328
Fin; energy prediction...time: 0.38065123558044434
Egy stat [-3.4731011, -1.7966652, -2.6889136, 0.45587194]
Start for  13_1_2 [3/105]
Fin;generate all combinations 1680 ...time: 0.0038192272186279297
Fin; energy prediction...time: 0.49355196952819824
Egy stat [-5.606138, -4.0085416, -4.8663397, 0.3778061]
Start for  12_3_1 [4/105]
Fin;generate all combinations 7280 ...time: 0.012290000915527344
Fin; energy prediction...time: 1.1268823146820068
Egy stat [-3.6077685, -0.26094723, -2.1772296, 0.6709622]
Start for  12_2_2 [5/105]
Fin;generate all combinations 10920 ...time: 0.017457008361816406
Fin; energy prediction...time: 1.6672163009643555
Egy stat [-5.531961, -2.5903845, -4.226255, 0.59154665]
Start for  12_1_3 [6/105]
Fin;generate all combinations 7280 ...time: 0.06153726577758789
Fin; energy prediction...time: 1.1530134677886963
Egy stat [-7.5056934, -4.9646807, -6.317738, 0.51442116]
Start for  11_4_1 [7/105]
Fin;generate all combinations 21840 ...time: 0.08370566368103027
Fin; energy prediction...time: 3.091435432434082
Egy stat [-3.7275915, 1.0560637, -1.8953991, 0.8649218]
Start for  11_3_2 [8/105]
Fin;generate all combinations 43680 ...time: 0.12613558769226074
Fin; energy prediction...time: 5.631943225860596
Egy stat [-5.5087743, -0.9577246, -3.8282013, 0.793873]
Start for  11_2_3 [9/105]
Fin;generate all combinations 43680 ...time: 0.13507080078125
Fin; energy prediction...time: 5.736247301101685
Egy stat [-7.429824, -3.2689252, -5.8024635, 0.72218496]
Start for  11_1_4 [10/105]
Fin;generate all combinations 21840 ...time: 0.041075944900512695
Fin; energy prediction...time: 2.8960721492767334
Egy stat [-9.276169, -5.645508, -7.818048, 0.6513135]
Start for  10_5_1 [11/105]
Fin;generate all combinations 48048 ...time: 0.17730069160461426
Fin; energy prediction...time: 6.3026442527771
Egy stat [-4.246783, 2.107174, -1.8729854, 1.0216374]
Start for  10_4_2 [12/105]
Fin;generate all combinations 120120 ...time: 0.4751582145690918
Fin; energy prediction...time: 14.922895908355713
Egy stat [-5.927914, 0.20734882, -3.7015493, 0.96070176]
Start for  10_3_3 [13/105]
Fin;generate all combinations 160160 ...time: 0.41071510314941406
Fin; energy prediction...time: 20.024785041809082
Egy stat [-7.6410484, -1.8176775, -5.570453, 0.8985156]
Start for  10_2_4 [14/105]
Fin;generate all combinations 120120 ...time: 0.35822057723999023
Fin; energy prediction...time: 15.333362817764282
Egy stat [-9.41995, -3.8529387, -7.4794674, 0.83573914]
Start for  10_1_5 [15/105]
Fin;generate all combinations 48048 ...time: 0.09598922729492188
Fin; energy prediction...time: 6.396134614944458
Egy stat [-11.223255, -6.236104, -9.428291, 0.7732884]
Start for  9_6_1 [16/105]
Fin;generate all combinations 80080 ...time: 0.31671667098999023
Fin; energy prediction...time: 10.446719884872437
Egy stat [-4.7928143, 3.1041842, -2.1266296, 1.1314826]
Start for  9_5_2 [17/105]
Fin;generate all combinations 240240 ...time: 0.6082313060760498
Fin; energy prediction...time: 30.141681909561157
Egy stat [-6.461446, 1.2238865, -3.8621674, 1.0798928]
Start for  9_4_3 [18/105]
Fin;generate all combinations 400400 ...time: 1.2145764827728271
Fin; energy prediction...time: 48.895251989364624
Egy stat [-8.138695, -0.70764446, -5.6369767, 1.0269804]
Start for  9_3_4 [19/105]
Fin;generate all combinations 400400 ...time: 1.5591576099395752
Fin; energy prediction...time: 49.61386156082153
Egy stat [-9.846921, -2.702322, -7.4506736, 0.9730772]
Start for  9_2_5 [20/105]
Fin;generate all combinations 240240 ...time: 0.40184998512268066
Fin; energy prediction...time: 30.05369210243225
Egy stat [-11.525062, -4.6977563, -9.302847, 0.91862726]
Start for  9_1_6 [21/105]
Fin;generate all combinations 80080 ...time: 0.15953898429870605
Fin; energy prediction...time: 10.428552627563477
Egy stat [-13.176435, -6.7713633, -11.193026, 0.8642257]
Start for  8_7_1 [22/105]
Fin;generate all combinations 102960 ...time: 0.439241886138916
Fin; energy prediction...time: 13.070923328399658
Egy stat [-6.069346, 4.2870035, -2.6648862, 1.1898954]
Start for  8_6_2 [23/105]
Fin;generate all combinations 360360 ...time: 1.2143609523773193
Fin; energy prediction...time: 44.5998272895813
Egy stat [-7.6122246, 2.4024706, -4.317199, 1.1460953]
Start for  8_5_3 [24/105]
Fin;generate all combinations 720720 ...time: 1.9950292110443115
Fin; energy prediction...time: 87.3955147266388
Egy stat [-9.166572, 0.47648335, -6.0079365, 1.1010262]
Start for  8_4_4 [25/105]
Fin;generate all combinations 900900 ...time: 3.4470295906066895
Fin; energy prediction...time: 110.68625998497009
Egy stat [-10.783841, -1.4381142, -7.7365017, 1.0548539]
Start for  8_3_5 [26/105]
Fin;generate all combinations 720720 ...time: 3.9394636154174805
Fin; energy prediction...time: 88.67737436294556
Egy stat [-12.397487, -3.4494786, -9.502315, 1.0077972]
Start for  8_2_6 [27/105]
Fin;generate all combinations 360360 ...time: 1.6979269981384277
Fin; energy prediction...time: 45.01753640174866
Egy stat [-14.036016, -5.452027, -11.304766, 0.96015114]
Start for  8_1_7 [28/105]
Fin;generate all combinations 102960 ...time: 0.22590875625610352
Fin; energy prediction...time: 13.603013277053833
Egy stat [-15.676685, -7.493864, -13.143198, 0.91230553]
Start for  7_8_1 [29/105]
Fin;generate all combinations 102960 ...time: 0.18397068977355957
Fin; energy prediction...time: 13.36012601852417
Egy stat [-6.5491314, 2.2114763, -3.4927065, 1.1957338]
Start for  7_7_2 [30/105]
Fin;generate all combinations 411840 ...time: 1.3949081897735596
Fin; energy prediction...time: 50.617491722106934
Egy stat [-8.069476, 0.39992714, -5.0695505, 1.1581632]
Start for  7_6_3 [31/105]
Fin;generate all combinations 960960 ...time: 3.3878848552703857
Fin; energy prediction...time: 117.59247326850891
Egy stat [-9.586404, -1.4159527, -6.684344, 1.1193773]
Start for  7_5_4 [32/105]
Fin;generate all combinations 1441440 ...time: 6.538599967956543
Fin; energy prediction...time: 176.22490668296814
Egy stat [-11.146673, -3.2661004, -8.336236, 1.0794599]
Start for  7_4_5 [33/105]
Fin;generate all combinations 1441440 ...time: 4.823706865310669
Fin; energy prediction...time: 179.35420036315918
Egy stat [-12.74107, -5.118907, -10.024407, 1.0385145]
Start for  7_3_6 [34/105]
Fin;generate all combinations 960960 ...time: 1.6830830574035645
Fin; energy prediction...time: 119.14948892593384
Egy stat [-14.308851, -7.1016893, -11.748066, 0.9966831]
Start for  7_2_7 [35/105]
Fin;generate all combinations 411840 ...time: 0.7920515537261963
Fin; energy prediction...time: 52.36661624908447
Egy stat [-15.911368, -9.081394, -13.506385, 0.9541609]
Start for  7_1_8 [36/105]
Fin;generate all combinations 102960 ...time: 0.2656259536743164
Fin; energy prediction...time: 13.71454668045044
Egy stat [-17.557201, -11.0915575, -15.29853, 0.9112096]
Start for  6_9_1 [37/105]
Fin;generate all combinations 80080 ...time: 0.16466212272644043
Fin; energy prediction...time: 10.73487377166748
Egy stat [-7.5097895, -0.36110115, -4.615158, 1.1499003]
Start for  6_8_2 [38/105]
Fin;generate all combinations 360360 ...time: 1.4066295623779297
Fin; energy prediction...time: 44.911412477493286
Egy stat [-9.028531, -1.5659342, -6.1216936, 1.1174527]
Start for  6_7_3 [39/105]
Fin;generate all combinations 960960 ...time: 3.4429023265838623
Fin; energy prediction...time: 119.96139788627625
Egy stat [-10.497278, -3.322044, -7.666195, 1.0837929]
Start for  6_6_4 [40/105]
Fin;generate all combinations 1681680 ...time: 5.800677299499512
Fin; energy prediction...time: 210.31254386901855
Egy stat [-11.972189, -5.062801, -9.247518, 1.0489733]
Start for  6_5_5 [41/105]
Fin;generate all combinations 2018016 ...time: 9.307296514511108
Fin; energy prediction...time: 253.55453872680664
Egy stat [-13.446046, -6.8663616, -10.86457, 1.0130464]
Start for  6_4_6 [42/105]
Fin;generate all combinations 1681680 ...time: 13.294533729553223
Fin; energy prediction...time: 207.1794319152832
Egy stat [-14.992345, -8.658788, -12.516305, 0.9760784]
Start for  6_3_7 [43/105]
Fin;generate all combinations 960960 ...time: 5.764965057373047
Fin; energy prediction...time: 118.25355815887451
Egy stat [-16.522963, -10.622516, -14.20171, 0.93816316]
Start for  6_2_8 [44/105]
Fin;generate all combinations 360360 ...time: 0.7986781597137451
Fin; energy prediction...time: 47.34540772438049
Egy stat [-18.11596, -12.573389, -15.919747, 0.89943343]
Start for  6_1_9 [45/105]
Fin;generate all combinations 80080 ...time: 0.20070910453796387
Fin; energy prediction...time: 11.145646333694458
Egy stat [-19.679653, -14.5621605, -17.669369, 0.8600702]
Start for  5_10_1 [46/105]
Fin;generate all combinations 48048 ...time: 0.10900354385375977
Fin; energy prediction...time: 6.9304163455963135
Egy stat [-8.570046, -2.7028294, -6.0402527, 1.0541294]
Start for  5_9_2 [47/105]
Fin;generate all combinations 240240 ...time: 0.9634387493133545
Fin; energy prediction...time: 29.918037176132202
Egy stat [-9.986859, -3.9730606, -7.4786534, 1.0264564]
Start for  5_8_3 [48/105]
Fin;generate all combinations 720720 ...time: 2.547990083694458
Fin; energy prediction...time: 89.00339937210083
Egy stat [-11.459304, -5.275152, -8.955586, 0.99749196]
Start for  5_7_4 [49/105]
Fin;generate all combinations 1441440 ...time: 5.857151508331299
Fin; energy prediction...time: 180.95634627342224
Egy stat [-12.931969, -7.0083714, -10.469599, 0.9672928]
Start for  5_6_5 [50/105]
Fin;generate all combinations 2018016 ...time: 8.88332462310791
Fin; energy prediction...time: 244.04192757606506
Egy stat [-14.4200535, -8.735509, -12.019312, 0.9358996]
Start for  5_5_6 [51/105]
Fin;generate all combinations 2018016 ...time: 7.087786674499512
Fin; energy prediction...time: 248.441885471344
Egy stat [-15.905347, -10.471328, -13.603391, 0.9033494]
Start for  5_4_7 [52/105]
Fin;generate all combinations 1441440 ...time: 7.317023277282715
Fin; energy prediction...time: 183.89696311950684
Egy stat [-17.398811, -12.209899, -15.220578, 0.8696881]
Start for  5_3_8 [53/105]
Fin;generate all combinations 720720 ...time: 1.4746017456054688
Fin; energy prediction...time: 91.40162086486816
Egy stat [-18.88764, -14.142673, -16.869614, 0.83498]
Start for  5_2_9 [54/105]
Fin;generate all combinations 240240 ...time: 0.5465795993804932
Fin; energy prediction...time: 30.610244512557983
Egy stat [-20.438042, -16.057938, -18.549255, 0.79931843]
Start for  5_1_10 [55/105]
Fin;generate all combinations 48048 ...time: 0.14369821548461914
Fin; energy prediction...time: 6.6278088092803955
Egy stat [-21.986572, -17.95777, -20.25825, 0.76283246]
Start for  4_11_1 [56/105]
Fin;generate all combinations 21840 ...time: 0.05802488327026367
Fin; energy prediction...time: 3.287332057952881
Egy stat [-10.554927, -4.830154, -7.780998, 0.90965825]
Start for  4_10_2 [57/105]
Fin;generate all combinations 120120 ...time: 0.42476534843444824
Fin; energy prediction...time: 15.40881633758545
Egy stat [-11.974215, -6.1668115, -9.1502495, 0.88741183]
Start for  4_9_3 [58/105]
Fin;generate all combinations 400400 ...time: 1.4680557250976562
Fin; energy prediction...time: 50.13984942436218
Egy stat [-13.300807, -7.4671907, -10.559159, 0.8636807]
Start for  4_8_4 [59/105]
Fin;generate all combinations 900900 ...time: 3.379953145980835
Fin; energy prediction...time: 112.91910982131958
Egy stat [-14.663197, -8.77771, -12.005977, 0.83854955]
Start for  4_7_5 [60/105]
Fin;generate all combinations 1441440 ...time: 6.3746278285980225
Fin; energy prediction...time: 178.364994764328
Egy stat [-16.006092, -10.512632, -13.489023, 0.8120754]
Start for  4_6_6 [61/105]
Fin;generate all combinations 1681680 ...time: 6.7375993728637695
Fin; energy prediction...time: 217.36771440505981
Egy stat [-17.392057, -12.246439, -15.006691, 0.78429604]
Start for  4_5_7 [62/105]
Fin;generate all combinations 1441440 ...time: 2.6702396869659424
Fin; energy prediction...time: 185.25352430343628
Egy stat [-18.818115, -13.931039, -16.557434, 0.755242]
Start for  4_4_8 [63/105]
Fin;generate all combinations 900900 ...time: 4.125382423400879
Fin; energy prediction...time: 113.29309487342834
Egy stat [-20.259502, -15.608992, -18.139744, 0.7249446]
Start for  4_3_9 [64/105]
Fin;generate all combinations 400400 ...time: 0.8226127624511719
Fin; energy prediction...time: 51.15880560874939
Egy stat [-21.743408, -17.51344, -19.752146, 0.69344825]
Start for  4_2_10 [65/105]
Fin;generate all combinations 120120 ...time: 0.26432013511657715
Fin; energy prediction...time: 15.750403642654419
Egy stat [-23.25422, -19.361786, -21.393188, 0.66081417]
Start for  4_1_11 [66/105]
Fin;generate all combinations 21840 ...time: 0.06339907646179199
Fin; energy prediction...time: 3.757110834121704
Egy stat [-24.729574, -21.191532, -23.061428, 0.62713003]
Start for  3_12_1 [67/105]
Fin;generate all combinations 7280 ...time: 0.02135324478149414
Fin; energy prediction...time: 1.6270763874053955
Egy stat [-11.6173115, -8.047468, -9.8568125, 0.7155082]
Start for  3_11_2 [68/105]
Fin;generate all combinations 43680 ...time: 0.14816617965698242
Fin; energy prediction...time: 6.240531921386719
Egy stat [-12.981199, -9.177131, -11.152723, 0.70063573]
Start for  3_10_3 [69/105]
Fin;generate all combinations 160160 ...time: 0.6450214385986328
Fin; energy prediction...time: 20.439496755599976
Egy stat [-14.358769, -10.475607, -12.489931, 0.6839139]
Start for  3_9_4 [70/105]
Fin;generate all combinations 400400 ...time: 1.2633421421051025
Fin; energy prediction...time: 50.55914902687073
Egy stat [-15.675872, -11.785073, -13.866416, 0.6654756]
Start for  3_8_5 [71/105]
Fin;generate all combinations 720720 ...time: 3.407360315322876
Fin; energy prediction...time: 90.35402703285217
Egy stat [-17.052929, -13.145344, -15.280228, 0.6454152]
Start for  3_7_6 [72/105]
Fin;generate all combinations 960960 ...time: 3.7047324180603027
Fin; energy prediction...time: 124.1775689125061
Egy stat [-18.426916, -14.783408, -16.729496, 0.62379396]
Start for  3_6_7 [73/105]
Fin;generate all combinations 960960 ...time: 3.4979701042175293
Fin; energy prediction...time: 121.48848462104797
Egy stat [-19.80986, -16.425737, -18.212368, 0.6006499]
Start for  3_5_8 [74/105]
Fin;generate all combinations 720720 ...time: 3.1078217029571533
Fin; energy prediction...time: 88.92896127700806
Egy stat [-21.236986, -18.103725, -19.727098, 0.57600534]
Start for  3_4_9 [75/105]
Fin;generate all combinations 400400 ...time: 2.01430344581604
Fin; energy prediction...time: 50.99833130836487
Egy stat [-22.686352, -19.768587, -21.271957, 0.5498758]
Start for  3_3_10 [76/105]
Fin;generate all combinations 160160 ...time: 0.3359498977661133
Fin; energy prediction...time: 20.73091959953308
Egy stat [-24.15031, -21.563522, -22.845264, 0.5222777]
Start for  3_2_11 [77/105]
Fin;generate all combinations 43680 ...time: 0.10392618179321289
Fin; energy prediction...time: 6.3698132038116455
Egy stat [-25.608349, -23.312294, -24.445362, 0.49323347]
Start for  3_1_12 [78/105]
Fin;generate all combinations 7280 ...time: 0.023983001708984375
Fin; energy prediction...time: 1.7361223697662354
Egy stat [-27.058674, -25.089737, -26.070621, 0.46277565]
Start for  2_13_1 [79/105]
Fin;generate all combinations 1680 ...time: 0.007048845291137695
Fin; energy prediction...time: 1.0020294189453125
Egy stat [-13.513784, -11.433851, -12.29432, 0.46520343]
Start for  2_12_2 [80/105]
Fin;generate all combinations 10920 ...time: 0.02352118492126465
Fin; energy prediction...time: 2.254392623901367
Egy stat [-14.818783, -12.470147, -13.509728, 0.46182045]
Start for  2_11_3 [81/105]
Fin;generate all combinations 43680 ...time: 0.13959002494812012
Fin; energy prediction...time: 6.262051820755005
Egy stat [-16.12899, -13.552262, -14.768498, 0.4558238]
Start for  2_10_4 [82/105]
Fin;generate all combinations 120120 ...time: 0.4574286937713623
Fin; energy prediction...time: 15.698807716369629
Egy stat [-17.486479, -14.628165, -16.068388, 0.4474486]
Start for  2_9_5 [83/105]
Fin;generate all combinations 240240 ...time: 1.0059151649475098
Fin; energy prediction...time: 30.052746295928955
Egy stat [-18.8144, -15.981007, -17.407219, 0.43687257]
Start for  2_8_6 [84/105]
Fin;generate all combinations 360360 ...time: 1.4612414836883545
Fin; energy prediction...time: 46.27958059310913
Egy stat [-20.14223, -17.352709, -18.78285, 0.4242182]
Start for  2_7_7 [85/105]
Fin;generate all combinations 411840 ...time: 1.3816211223602295
Fin; energy prediction...time: 51.6019082069397
Egy stat [-21.506409, -18.896214, -20.193203, 0.4095605]
Start for  2_6_8 [86/105]
Fin;generate all combinations 360360 ...time: 1.2477023601531982
Fin; energy prediction...time: 45.934386253356934
Egy stat [-22.910992, -20.446165, -21.63626, 0.39293602]
Start for  2_5_9 [87/105]
Fin;generate all combinations 240240 ...time: 0.9599273204803467
Fin; energy prediction...time: 30.672160863876343
Egy stat [-24.34747, -22.082111, -23.110056, 0.37435102]
Start for  2_4_10 [88/105]
Fin;generate all combinations 120120 ...time: 0.6110310554504395
Fin; energy prediction...time: 15.949316024780273
Egy stat [-25.81871, -23.673634, -24.61267, 0.35378665]
Start for  2_3_11 [89/105]
Fin;generate all combinations 43680 ...time: 0.2869906425476074
Fin; energy prediction...time: 6.39172625541687
Egy stat [-27.165125, -25.338173, -26.142227, 0.33120042]
Start for  2_2_12 [90/105]
Fin;generate all combinations 10920 ...time: 0.027523040771484375
Fin; energy prediction...time: 2.2073588371276855
Egy stat [-28.54238, -26.978842, -27.696896, 0.30652243]
Start for  2_1_13 [91/105]
Fin;generate all combinations 1680 ...time: 0.005627870559692383
Fin; energy prediction...time: 0.9662082195281982
Egy stat [-29.908354, -28.741104, -29.274878, 0.27963954]
Start for  1_14_1 [92/105]
Fin;generate all combinations 240 ...time: 0.0017955303192138672
Fin; energy prediction...time: 0.7497653961181641
Egy stat [-15.337338, -14.978022, -15.127447, 0.1070517]
Start for  1_13_2 [93/105]
Fin;generate all combinations 1680 ...time: 0.004289388656616211
Fin; energy prediction...time: 0.9434232711791992
Egy stat [-16.584044, -15.969984, -16.252573, 0.13943309]
Start for  1_12_3 [94/105]
Fin;generate all combinations 7280 ...time: 0.01689934730529785
Fin; energy prediction...time: 1.7160840034484863
Egy stat [-17.84592, -16.98153, -17.423435, 0.15974423]
Start for  1_11_4 [95/105]
Fin;generate all combinations 21840 ...time: 0.09962987899780273
Fin; energy prediction...time: 3.452134609222412
Egy stat [-19.119797, -18.043507, -18.637627, 0.17265566]
Start for  1_10_5 [96/105]
Fin;generate all combinations 48048 ...time: 0.22885847091674805
Fin; energy prediction...time: 6.86916708946228
Egy stat [-20.42464, -19.139091, -19.892778, 0.1801492]
Start for  1_9_6 [97/105]
Fin;generate all combinations 80080 ...time: 0.2773587703704834
Fin; energy prediction...time: 10.866214752197266
Egy stat [-21.727829, -20.265804, -21.18655, 0.18326907]
Start for  1_8_7 [98/105]
Fin;generate all combinations 102960 ...time: 0.5694897174835205
Fin; energy prediction...time: 13.682918548583984
Egy stat [-23.05214, -21.652603, -22.51665, 0.18260917]
Start for  1_7_8 [99/105]
Fin;generate all combinations 102960 ...time: 0.3834354877471924
Fin; energy prediction...time: 13.974909782409668
Egy stat [-24.403961, -23.158352, -23.880823, 0.17850196]
Start for  1_6_9 [100/105]
Fin;generate all combinations 80080 ...time: 0.33074235916137695
Fin; energy prediction...time: 10.807087659835815
Egy stat [-25.793404, -24.671673, -25.276888, 0.17110166]
Start for  1_5_10 [101/105]
Fin;generate all combinations 48048 ...time: 0.2328963279724121
Fin; energy prediction...time: 6.967729568481445
Egy stat [-27.182564, -26.19534, -26.702694, 0.16041346]
Start for  1_4_11 [102/105]
Fin;generate all combinations 21840 ...time: 0.050272464752197266
Fin; energy prediction...time: 3.575425148010254
Egy stat [-28.595919, -27.746996, -28.156158, 0.14627418]
Start for  1_3_12 [103/105]
Fin;generate all combinations 7280 ...time: 0.017397642135620117
Fin; energy prediction...time: 1.8574419021606445
Egy stat [-29.95936, -29.300177, -29.635242, 0.12825294]
Start for  1_2_13 [104/105]
Fin;generate all combinations 1680 ...time: 0.004564762115478516
Fin; energy prediction...time: 1.0577383041381836
Egy stat [-31.348343, -30.865551, -31.137947, 0.105324216]
Start for  1_1_14 [105/105]
Fin;generate all combinations 240 ...time: 0.001203775405883789
Fin; energy prediction...time: 0.8914849758148193
Egy stat [-32.76384, -32.431007, -32.662342, 0.074522704]
Saving....
Saved to... Cs_HgPbSn_I.pkl
Total elapsed time... 5596.425449848175
