Summary of calculations
Site name (A,B,C)... Cs Pb,Sn,Zn Cl
Base cif file name... ../0.cif
Save file name... Cs_PbSnZn_Cl.pkl
Fin; combination with repetition...time: 0.0018739700317382812
Start for  14_1_1 [1/105]
Fin;generate all combinations 240 ...time: 0.0006465911865234375
Fin; energy prediction...time: 0.20285725593566895
Egy stat [-55.779305, -54.603832, -55.191154, 0.43480822]
Start for  13_2_1 [2/105]
Fin;generate all combinations 1680 ...time: 0.0035300254821777344
Fin; energy prediction...time: 0.35409092903137207
Egy stat [-55.67872, -54.116856, -54.94641, 0.44157252]
Start for  13_1_2 [3/105]
Fin;generate all combinations 1680 ...time: 0.003887176513671875
Fin; energy prediction...time: 0.4395005702972412
Egy stat [-51.033203, -47.368828, -49.366528, 0.8275474]
Start for  12_3_1 [4/105]
Fin;generate all combinations 7280 ...time: 0.012095928192138672
Fin; energy prediction...time: 1.0941534042358398
Egy stat [-55.52593, -53.698757, -54.714508, 0.44744176]
Start for  12_2_2 [5/105]
Fin;generate all combinations 10920 ...time: 0.017420530319213867
Fin; energy prediction...time: 1.5461704730987549
Egy stat [-51.096565, -46.916115, -49.20976, 0.8284993]
Start for  12_1_3 [6/105]
Fin;generate all combinations 7280 ...time: 0.05521988868713379
Fin; energy prediction...time: 1.1077179908752441
Egy stat [-47.250233, -40.668564, -44.272133, 1.1497265]
Start for  11_4_1 [7/105]
Fin;generate all combinations 21840 ...time: 0.08418536186218262
Fin; energy prediction...time: 3.0234477519989014
Egy stat [-55.44053, -53.383022, -54.498512, 0.45139146]
Start for  11_3_2 [8/105]
Fin;generate all combinations 43680 ...time: 0.11284089088439941
Fin; energy prediction...time: 5.7628703117370605
Egy stat [-51.134148, -46.59296, -49.06512, 0.82774943]
Start for  11_2_3 [9/105]
Fin;generate all combinations 43680 ...time: 0.1361100673675537
Fin; energy prediction...time: 5.685625791549683
Egy stat [-47.320496, -40.45475, -44.193047, 1.1476678]
Start for  11_1_4 [10/105]
Fin;generate all combinations 21840 ...time: 0.041365861892700195
Fin; energy prediction...time: 2.944251537322998
Egy stat [-44.780697, -34.296585, -39.784035, 1.4180439]
Start for  10_5_1 [11/105]
Fin;generate all combinations 48048 ...time: 0.22011303901672363
Fin; energy prediction...time: 6.128005504608154
Egy stat [-55.35128, -53.046875, -54.301117, 0.45268118]
Start for  10_4_2 [12/105]
Fin;generate all combinations 120120 ...time: 0.44280481338500977
Fin; energy prediction...time: 15.062174081802368
Egy stat [-51.177334, -46.27023, -48.935307, 0.8248569]
Start for  10_3_3 [13/105]
Fin;generate all combinations 160160 ...time: 0.5911514759063721
Fin; energy prediction...time: 20.03500723838806
Egy stat [-47.33651, -40.237457, -44.124737, 1.1434524]
Start for  10_2_4 [14/105]
Fin;generate all combinations 120120 ...time: 0.402040958404541
Fin; energy prediction...time: 15.074705123901367
Egy stat [-44.8236, -34.078186, -39.77306, 1.41334]
Start for  10_1_5 [15/105]
Fin;generate all combinations 48048 ...time: 0.0935823917388916
Fin; energy prediction...time: 6.405181646347046
Egy stat [-41.961273, -30.762884, -35.79149, 1.6392019]
Start for  9_6_1 [16/105]
Fin;generate all combinations 80080 ...time: 0.24306511878967285
Fin; energy prediction...time: 10.25224232673645
Egy stat [-55.325886, -52.759, -54.124638, 0.45076486]
Start for  9_5_2 [17/105]
Fin;generate all combinations 240240 ...time: 0.6411905288696289
Fin; energy prediction...time: 30.043071508407593
Egy stat [-51.11785, -46.06052, -48.822666, 0.81948763]
Start for  9_4_3 [18/105]
Fin;generate all combinations 400400 ...time: 1.3331782817840576
Fin; energy prediction...time: 49.22224497795105
Egy stat [-47.385014, -40.030922, -44.069614, 1.1368085]
Start for  9_3_4 [19/105]
Fin;generate all combinations 400400 ...time: 1.7097737789154053
Fin; energy prediction...time: 49.721694231033325
Egy stat [-44.934967, -33.974007, -39.77111, 1.4060434]
Start for  9_2_5 [20/105]
Fin;generate all combinations 240240 ...time: 0.39823484420776367
Fin; energy prediction...time: 30.135444164276123
Egy stat [-42.1233, -30.605316, -35.84022, 1.6315056]
Start for  9_1_6 [21/105]
Fin;generate all combinations 80080 ...time: 0.16632771492004395
Fin; energy prediction...time: 10.703188419342041
Egy stat [-40.276634, -26.355011, -32.197884, 1.8155187]
Start for  8_7_1 [22/105]
Fin;generate all combinations 102960 ...time: 0.17202210426330566
Fin; energy prediction...time: 13.05728030204773
Egy stat [-55.290985, -52.448307, -53.971073, 0.4452326]
Start for  8_6_2 [23/105]
Fin;generate all combinations 360360 ...time: 1.0780997276306152
Fin; energy prediction...time: 43.97937822341919
Egy stat [-51.089348, -45.852695, -48.72921, 0.81139076]
Start for  8_5_3 [24/105]
Fin;generate all combinations 720720 ...time: 1.9295480251312256
Fin; energy prediction...time: 89.82917428016663
Egy stat [-47.42589, -39.82692, -44.029766, 1.1275373]
Start for  8_4_4 [25/105]
Fin;generate all combinations 900900 ...time: 4.365106821060181
Fin; energy prediction...time: 109.71968007087708
Egy stat [-45.09629, -33.769344, -39.780384, 1.3959647]
Start for  8_3_5 [26/105]
Fin;generate all combinations 720720 ...time: 3.421637773513794
Fin; energy prediction...time: 88.73517322540283
Egy stat [-42.32065, -30.375212, -35.896038, 1.6207974]
Start for  8_2_6 [27/105]
Fin;generate all combinations 360360 ...time: 2.271158456802368
Fin; energy prediction...time: 45.2578763961792
Egy stat [-40.626007, -26.129345, -32.299263, 1.8044733]
Start for  8_1_7 [28/105]
Fin;generate all combinations 102960 ...time: 0.22228550910949707
Fin; energy prediction...time: 13.056731700897217
Egy stat [-39.704445, -22.594471, -28.919165, 1.9480402]
Start for  7_8_1 [29/105]
Fin;generate all combinations 102960 ...time: 0.37758851051330566
Fin; energy prediction...time: 13.317713022232056
Egy stat [-55.09787, -52.4813, -53.84204, 0.43577704]
Start for  7_7_2 [30/105]
Fin;generate all combinations 411840 ...time: 1.5021288394927979
Fin; energy prediction...time: 50.79558873176575
Egy stat [-50.979233, -45.903683, -48.656643, 0.8003879]
Start for  7_6_3 [31/105]
Fin;generate all combinations 960960 ...time: 3.2737317085266113
Fin; energy prediction...time: 117.87466239929199
Egy stat [-47.48894, -39.97908, -44.006992, 1.1155021]
Start for  7_5_4 [32/105]
Fin;generate all combinations 1441440 ...time: 5.901564121246338
Fin; energy prediction...time: 175.70857906341553
Egy stat [-45.149536, -34.010025, -39.802776, 1.382984]
Start for  7_4_5 [33/105]
Fin;generate all combinations 1441440 ...time: 6.983464241027832
Fin; energy prediction...time: 178.41028356552124
Egy stat [-42.493774, -30.74429, -35.960995, 1.606946]
Start for  7_3_6 [34/105]
Fin;generate all combinations 960960 ...time: 4.114152431488037
Fin; energy prediction...time: 119.39589023590088
Egy stat [-40.79863, -26.268173, -32.405785, 1.7900523]
Start for  7_2_7 [35/105]
Fin;generate all combinations 411840 ...time: 0.719172477722168
Fin; energy prediction...time: 52.310450315475464
Egy stat [-39.85771, -22.736292, -29.067427, 1.9336114]
Start for  7_1_8 [36/105]
Fin;generate all combinations 102960 ...time: 0.24782323837280273
Fin; energy prediction...time: 13.31983494758606
Egy stat [-39.5134, -17.567875, -25.880426, 2.0372446]
Start for  6_9_1 [37/105]
Fin;generate all combinations 80080 ...time: 0.3826003074645996
Fin; energy prediction...time: 10.728106021881104
Egy stat [-54.90944, -52.496254, -53.73887, 0.42218453]
Start for  6_8_2 [38/105]
Fin;generate all combinations 360360 ...time: 1.5984983444213867
Fin; energy prediction...time: 44.77846813201904
Egy stat [-50.88509, -45.951916, -48.606377, 0.786375]
Start for  6_7_3 [39/105]
Fin;generate all combinations 960960 ...time: 4.175398826599121
Fin; energy prediction...time: 117.46895408630371
Egy stat [-47.47219, -40.09685, -44.002792, 1.1006308]
Start for  6_6_4 [40/105]
Fin;generate all combinations 1681680 ...time: 7.681082248687744
Fin; energy prediction...time: 204.13347363471985
Egy stat [-45.191887, -34.082123, -39.839954, 1.3670474]
Start for  6_5_5 [41/105]
Fin;generate all combinations 2018016 ...time: 10.168933629989624
Fin; energy prediction...time: 243.4033145904541
Egy stat [-42.605103, -30.97143, -36.036877, 1.5898998]
Start for  6_4_6 [42/105]
Fin;generate all combinations 1681680 ...time: 9.961299896240234
Fin; energy prediction...time: 204.8412561416626
Egy stat [-40.963737, -26.299257, -32.519417, 1.7721725]
Start for  6_3_7 [43/105]
Fin;generate all combinations 960960 ...time: 4.802460193634033
Fin; energy prediction...time: 117.31810545921326
Egy stat [-40.001793, -22.826328, -29.219034, 1.9155313]
Start for  6_2_8 [44/105]
Fin;generate all combinations 360360 ...time: 0.78775954246521
Fin; energy prediction...time: 45.85478973388672
Egy stat [-39.707855, -17.632961, -26.07097, 2.019845]
Start for  6_1_9 [45/105]
Fin;generate all combinations 80080 ...time: 0.7866594791412354
Fin; energy prediction...time: 10.639443397521973
Egy stat [-34.17444, -16.120758, -23.011507, 2.0818286]
Start for  5_10_1 [46/105]
Fin;generate all combinations 48048 ...time: 0.10901856422424316
Fin; energy prediction...time: 6.601136684417725
Egy stat [-54.655876, -52.543507, -53.662556, 0.40434784]
Start for  5_9_2 [47/105]
Fin;generate all combinations 240240 ...time: 0.9881880283355713
Fin; energy prediction...time: 29.867668390274048
Egy stat [-50.779293, -46.118324, -48.579502, 0.76933694]
Start for  5_8_3 [48/105]
Fin;generate all combinations 720720 ...time: 3.043086051940918
Fin; energy prediction...time: 87.43206715583801
Egy stat [-47.43164, -40.248806, -44.018425, 1.082923]
Start for  5_7_4 [49/105]
Fin;generate all combinations 1441440 ...time: 6.072244644165039
Fin; energy prediction...time: 175.99521207809448
Egy stat [-45.126812, -34.31746, -39.893333, 1.3481721]
Start for  5_6_5 [50/105]
Fin;generate all combinations 2018016 ...time: 6.082383394241333
Fin; energy prediction...time: 250.45137548446655
Egy stat [-42.694134, -31.115458, -36.125263, 1.5696849]
Start for  5_5_6 [51/105]
Fin;generate all combinations 2018016 ...time: 7.331153154373169
Fin; energy prediction...time: 247.74619030952454
Egy stat [-41.08774, -26.446712, -32.641888, 1.750843]
Start for  5_4_7 [52/105]
Fin;generate all combinations 1441440 ...time: 6.095706224441528
Fin; energy prediction...time: 177.57475757598877
Egy stat [-40.132454, -22.968004, -29.37592, 1.8937483]
Start for  5_3_8 [53/105]
Fin;generate all combinations 720720 ...time: 4.1251115798950195
Fin; energy prediction...time: 90.59492874145508
Egy stat [-39.87618, -17.800842, -26.263376, 1.9986267]
Start for  5_2_9 [54/105]
Fin;generate all combinations 240240 ...time: 0.5401678085327148
Fin; energy prediction...time: 30.225160121917725
Egy stat [-34.496628, -16.07877, -23.240885, 2.0623698]
Start for  5_1_10 [55/105]
Fin;generate all combinations 48048 ...time: 0.5403449535369873
Fin; energy prediction...time: 7.041767358779907
Egy stat [-29.466625, -12.5784, -20.2427, 2.0761464]
Start for  4_11_1 [56/105]
Fin;generate all combinations 21840 ...time: 0.05539560317993164
Fin; energy prediction...time: 3.424121856689453
Egy stat [-54.495647, -52.581226, -53.613792, 0.38231084]
Start for  4_10_2 [57/105]
Fin;generate all combinations 120120 ...time: 0.4025254249572754
Fin; energy prediction...time: 15.589879989624023
Egy stat [-50.688072, -46.29834, -48.576836, 0.7493757]
Start for  4_9_3 [58/105]
Fin;generate all combinations 400400 ...time: 1.3609981536865234
Fin; energy prediction...time: 49.66690707206726
Egy stat [-47.34863, -40.377888, -44.054825, 1.0624707]
Start for  4_8_4 [59/105]
Fin;generate all combinations 900900 ...time: 3.881619930267334
Fin; energy prediction...time: 111.11498212814331
Egy stat [-45.05971, -34.390526, -39.963978, 1.3264601]
Start for  4_7_5 [60/105]
Fin;generate all combinations 1441440 ...time: 7.633228778839111
Fin; energy prediction...time: 175.53858757019043
Egy stat [-42.686028, -31.209044, -36.2275, 1.5464162]
Start for  4_6_6 [61/105]
Fin;generate all combinations 1681680 ...time: 6.722268104553223
Fin; energy prediction...time: 211.66191792488098
Egy stat [-41.210896, -26.491848, -32.77475, 1.7261724]
Start for  4_5_7 [62/105]
Fin;generate all combinations 1441440 ...time: 6.965977191925049
Fin; energy prediction...time: 175.4540820121765
Egy stat [-40.254654, -23.07001, -29.539824, 1.868326]
Start for  4_4_8 [63/105]
Fin;generate all combinations 900900 ...time: 4.746991157531738
Fin; energy prediction...time: 111.5296573638916
Egy stat [-40.03627, -17.74177, -26.459538, 1.9735548]
Start for  4_3_9 [64/105]
Fin;generate all combinations 400400 ...time: 2.3160462379455566
Fin; energy prediction...time: 49.68002104759216
Egy stat [-34.722923, -15.946471, -23.470982, 2.039058]
Start for  4_2_10 [65/105]
Fin;generate all combinations 120120 ...time: 0.8158884048461914
Fin; energy prediction...time: 15.471402883529663
Egy stat [-29.836258, -12.393976, -20.508606, 2.0560992]
Start for  4_1_11 [66/105]
Fin;generate all combinations 21840 ...time: 0.06354260444641113
Fin; energy prediction...time: 3.6197240352630615
Egy stat [-24.059744, -10.332505, -17.500965, 2.0068653]
Start for  3_12_1 [67/105]
Fin;generate all combinations 7280 ...time: 0.020145893096923828
Fin; energy prediction...time: 1.7174036502838135
Egy stat [-54.347984, -52.792053, -53.59301, 0.35636103]
Start for  3_11_2 [68/105]
Fin;generate all combinations 43680 ...time: 0.0825650691986084
Fin; energy prediction...time: 6.193370580673218
Egy stat [-50.61102, -46.578014, -48.59894, 0.726755]
Start for  3_10_3 [69/105]
Fin;generate all combinations 160160 ...time: 0.59602952003479
Fin; energy prediction...time: 20.37927269935608
Egy stat [-47.320362, -40.853504, -44.112724, 1.0394865]
Start for  3_9_4 [70/105]
Fin;generate all combinations 400400 ...time: 1.6197595596313477
Fin; energy prediction...time: 48.965200901031494
Egy stat [-45.0888, -35.04435, -40.05285, 1.3021195]
Start for  3_8_5 [71/105]
Fin;generate all combinations 720720 ...time: 3.340590000152588
Fin; energy prediction...time: 88.01820659637451
Egy stat [-42.684937, -31.698244, -36.344646, 1.5203111]
Start for  3_7_6 [72/105]
Fin;generate all combinations 960960 ...time: 4.519615411758423
Fin; energy prediction...time: 118.48095083236694
Egy stat [-41.145905, -27.103815, -32.9193, 1.6983759]
Start for  3_6_7 [73/105]
Fin;generate all combinations 960960 ...time: 3.9126641750335693
Fin; energy prediction...time: 120.86707830429077
Egy stat [-40.289574, -23.603092, -29.712254, 1.839444]
Start for  3_5_8 [74/105]
Fin;generate all combinations 720720 ...time: 1.3928918838500977
Fin; energy prediction...time: 88.95468711853027
Egy stat [-40.064884, -18.42924, -26.661222, 1.9447274]
Start for  3_4_9 [75/105]
Fin;generate all combinations 400400 ...time: 0.8408112525939941
Fin; energy prediction...time: 50.241573095321655
Egy stat [-34.940075, -16.679794, -23.703766, 2.011849]
Start for  3_3_10 [76/105]
Fin;generate all combinations 160160 ...time: 0.35112714767456055
Fin; energy prediction...time: 20.57869005203247
Egy stat [-30.162798, -13.119078, -20.774586, 2.032306]
Start for  3_2_11 [77/105]
Fin;generate all combinations 43680 ...time: 0.10825133323669434
Fin; energy prediction...time: 6.079397439956665
Egy stat [-24.46917, -11.050446, -17.802496, 1.9883184]
Start for  3_1_12 [78/105]
Fin;generate all combinations 7280 ...time: 0.022458553314208984
Fin; energy prediction...time: 1.7252702713012695
Egy stat [-19.464397, -7.195899, -14.707201, 1.8494987]
Start for  2_13_1 [79/105]
Fin;generate all combinations 1680 ...time: 0.006571292877197266
Fin; energy prediction...time: 0.9158754348754883
Egy stat [-54.280502, -52.990955, -53.600353, 0.32720968]
Start for  2_12_2 [80/105]
Fin;generate all combinations 10920 ...time: 0.022940874099731445
Fin; energy prediction...time: 2.082257032394409
Egy stat [-50.560978, -46.854885, -48.646126, 0.7019653]
Start for  2_11_3 [81/105]
Fin;generate all combinations 43680 ...time: 0.09342098236083984
Fin; energy prediction...time: 6.215557336807251
Egy stat [-47.26072, -41.308643, -44.192627, 1.0143436]
Start for  2_10_4 [82/105]
Fin;generate all combinations 120120 ...time: 0.5894200801849365
Fin; energy prediction...time: 15.460196733474731
Egy stat [-45.124138, -35.524628, -40.16063, 1.2754933]
Start for  2_9_5 [83/105]
Fin;generate all combinations 240240 ...time: 0.9316914081573486
Fin; energy prediction...time: 30.039787769317627
Egy stat [-42.51123, -32.135384, -36.477634, 1.4917139]
Start for  2_8_6 [84/105]
Fin;generate all combinations 360360 ...time: 1.7026255130767822
Fin; energy prediction...time: 44.51938271522522
Egy stat [-41.082626, -27.56404, -33.076675, 1.6677935]
Start for  2_7_7 [85/105]
Fin;generate all combinations 411840 ...time: 1.4166274070739746
Fin; energy prediction...time: 51.35850477218628
Egy stat [-40.322887, -23.8387, -29.894594, 1.8074148]
Start for  2_6_8 [86/105]
Fin;generate all combinations 360360 ...time: 1.3289008140563965
Fin; energy prediction...time: 44.94165277481079
Egy stat [-40.08737, -18.85945, -26.870008, 1.9123846]
Start for  2_5_9 [87/105]
Fin;generate all combinations 240240 ...time: 0.47750353813171387
Fin; energy prediction...time: 30.01060938835144
Egy stat [-35.015694, -17.30052, -23.941011, 1.9808565]
Start for  2_4_10 [88/105]
Fin;generate all combinations 120120 ...time: 0.2458789348602295
Fin; energy prediction...time: 15.502882480621338
Egy stat [-30.479647, -13.728761, -21.04262, 2.0046856]
Start for  2_3_11 [89/105]
Fin;generate all combinations 43680 ...time: 0.09706568717956543
Fin; energy prediction...time: 6.389910697937012
Egy stat [-24.731411, -11.670826, -18.103943, 1.9662493]
Start for  2_2_12 [90/105]
Fin;generate all combinations 10920 ...time: 0.02784442901611328
Fin; energy prediction...time: 2.1443026065826416
Egy stat [-19.792381, -7.7913146, -15.045161, 1.8351601]
Start for  2_1_13 [91/105]
Fin;generate all combinations 1680 ...time: 0.005253791809082031
Fin; energy prediction...time: 0.9396467208862305
Egy stat [-14.290589, -8.051188, -11.774478, 1.5649793]
Start for  1_14_1 [92/105]
Fin;generate all combinations 240 ...time: 0.001500844955444336
Fin; energy prediction...time: 0.7722830772399902
Egy stat [-54.222557, -53.21397, -53.63575, 0.29633254]
Start for  1_13_2 [93/105]
Fin;generate all combinations 1680 ...time: 0.004467010498046875
Fin; energy prediction...time: 0.8982079029083252
Egy stat [-50.25577, -47.27405, -48.71848, 0.67581254]
Start for  1_12_3 [94/105]
Fin;generate all combinations 7280 ...time: 0.016984224319458008
Fin; energy prediction...time: 1.6008262634277344
Egy stat [-47.040287, -41.783394, -44.294807, 0.9876257]
Start for  1_11_4 [95/105]
Fin;generate all combinations 21840 ...time: 0.04856991767883301
Fin; energy prediction...time: 3.543053150177002
Egy stat [-44.98093, -36.1743, -40.287804, 1.2470958]
Start for  1_10_5 [96/105]
Fin;generate all combinations 48048 ...time: 0.25013136863708496
Fin; energy prediction...time: 6.7933032512664795
Egy stat [-42.39106, -32.622505, -36.627174, 1.461122]
Start for  1_9_6 [97/105]
Fin;generate all combinations 80080 ...time: 0.31043267250061035
Fin; energy prediction...time: 10.64212965965271
Egy stat [-40.997704, -28.182222, -33.24784, 1.6349156]
Start for  1_8_7 [98/105]
Fin;generate all combinations 102960 ...time: 0.3872208595275879
Fin; energy prediction...time: 13.387347936630249
Egy stat [-40.289246, -24.32954, -30.088022, 1.772698]
Start for  1_7_8 [99/105]
Fin;generate all combinations 102960 ...time: 0.3831019401550293
Fin; energy prediction...time: 13.471508264541626
Egy stat [-40.09781, -19.4238, -27.087313, 1.8769199]
Start for  1_6_9 [100/105]
Fin;generate all combinations 80080 ...time: 0.3408792018890381
Fin; energy prediction...time: 10.75000524520874
Egy stat [-34.981945, -17.91232, -24.184374, 1.9463602]
Start for  1_5_10 [101/105]
Fin;generate all combinations 48048 ...time: 0.2418053150177002
Fin; energy prediction...time: 6.675924777984619
Egy stat [-30.38715, -14.404696, -21.314568, 1.9733453]
Start for  1_4_11 [102/105]
Fin;generate all combinations 21840 ...time: 0.14145278930664062
Fin; energy prediction...time: 3.597766160964966
Egy stat [-24.825392, -12.367913, -18.407337, 1.9405087]
Start for  1_3_12 [103/105]
Fin;generate all combinations 7280 ...time: 0.017551898956298828
Fin; energy prediction...time: 1.7484850883483887
Egy stat [-19.943665, -8.455639, -15.383386, 1.8175465]
Start for  1_2_13 [104/105]
Fin;generate all combinations 1680 ...time: 0.004543781280517578
Fin; energy prediction...time: 1.018794298171997
Egy stat [-14.587536, -8.59712, -12.151779, 1.5578265]
Start for  1_1_14 [105/105]
Fin;generate all combinations 240 ...time: 0.0010993480682373047
Fin; energy prediction...time: 0.8283772468566895
Egy stat [-9.987412, -4.8377194, -8.607104, 1.0909941]
Saving....
Saved to... Cs_PbSnZn_Cl.pkl
Total elapsed time... 5533.017001390457
