Summary of calculations
Site name (A,B,C)... K Cd,Hg,Zn I
Base cif file name... ../0.cif
Save file name... K_CdHgZn_I.pkl
Fin; combination with repetition...time: 0.0015804767608642578
Start for  14_1_1 [1/105]
Fin;generate all combinations 240 ...time: 0.0006110668182373047
Fin; energy prediction...time: 0.19969964027404785
Egy stat [32.311012, 32.81865, 32.6544, 0.15154754]
Start for  13_2_1 [2/105]
Fin;generate all combinations 1680 ...time: 0.0037391185760498047
Fin; energy prediction...time: 0.4064662456512451
Egy stat [32.591846, 33.578495, 33.11024, 0.2661696]
Start for  13_1_2 [3/105]
Fin;generate all combinations 1680 ...time: 0.0039708614349365234
Fin; energy prediction...time: 0.3627281188964844
Egy stat [36.74788, 37.83954, 37.338932, 0.23692262]
Start for  12_3_1 [4/105]
Fin;generate all combinations 7280 ...time: 0.012077093124389648
Fin; energy prediction...time: 1.2035419940948486
Egy stat [32.610767, 34.337036, 33.496223, 0.35907596]
Start for  12_2_2 [5/105]
Fin;generate all combinations 10920 ...time: 0.016875743865966797
Fin; energy prediction...time: 1.6757419109344482
Egy stat [36.814533, 38.566174, 37.72612, 0.32429016]
Start for  12_1_3 [6/105]
Fin;generate all combinations 7280 ...time: 0.05292034149169922
Fin; energy prediction...time: 1.2144601345062256
Egy stat [41.119053, 42.855778, 41.963417, 0.29667485]
Start for  11_4_1 [7/105]
Fin;generate all combinations 21840 ...time: 0.09093189239501953
Fin; energy prediction...time: 3.135417938232422
Egy stat [32.861977, 35.054066, 33.819237, 0.430388]
Start for  11_3_2 [8/105]
Fin;generate all combinations 43680 ...time: 0.11579775810241699
Fin; energy prediction...time: 5.90974235534668
Egy stat [37.128227, 39.235558, 38.048347, 0.39668182]
Start for  11_2_3 [9/105]
Fin;generate all combinations 43680 ...time: 0.1372365951538086
Fin; energy prediction...time: 5.800125360488892
Egy stat [41.29934, 43.241684, 42.284843, 0.366192]
Start for  11_1_4 [10/105]
Fin;generate all combinations 21840 ...time: 0.04129385948181152
Fin; energy prediction...time: 3.1167080402374268
Egy stat [45.572502, 47.45897, 46.52833, 0.3346587]
Start for  10_5_1 [11/105]
Fin;generate all combinations 48048 ...time: 0.1779346466064453
Fin; energy prediction...time: 6.2182838916778564
Egy stat [32.793514, 35.87656, 34.08537, 0.48077083]
Start for  10_4_2 [12/105]
Fin;generate all combinations 120120 ...time: 0.47940945625305176
Fin; energy prediction...time: 14.904027223587036
Egy stat [37.13331, 40.073463, 38.312084, 0.45076442]
Start for  10_3_3 [13/105]
Fin;generate all combinations 160160 ...time: 0.6227142810821533
Fin; energy prediction...time: 20.022942304611206
Egy stat [41.410908, 44.016197, 42.54573, 0.42260855]
Start for  10_2_4 [14/105]
Fin;generate all combinations 120120 ...time: 0.411344051361084
Fin; energy prediction...time: 15.188047647476196
Egy stat [45.621185, 48.129887, 46.786747, 0.39185768]
Start for  10_1_5 [15/105]
Fin;generate all combinations 48048 ...time: 0.09579777717590332
Fin; energy prediction...time: 6.335494041442871
Egy stat [49.978992, 51.98408, 51.035114, 0.35408962]
Start for  9_6_1 [16/105]
Fin;generate all combinations 80080 ...time: 0.23447608947753906
Fin; energy prediction...time: 10.442878246307373
Egy stat [32.676884, 36.771473, 34.299652, 0.51102424]
Start for  9_5_2 [17/105]
Fin;generate all combinations 240240 ...time: 0.6691524982452393
Fin; energy prediction...time: 29.98684597015381
Egy stat [36.958984, 40.89391, 38.522892, 0.4860574]
Start for  9_4_3 [18/105]
Fin;generate all combinations 400400 ...time: 1.4267542362213135
Fin; energy prediction...time: 49.32215476036072
Egy stat [41.339653, 44.828228, 42.752083, 0.46256077]
Start for  9_3_4 [19/105]
Fin;generate all combinations 400400 ...time: 1.9047083854675293
Fin; energy prediction...time: 49.99697804450989
Egy stat [45.690407, 48.88445, 46.988487, 0.43625572]
Start for  9_2_5 [20/105]
Fin;generate all combinations 240240 ...time: 0.9888114929199219
Fin; energy prediction...time: 30.09740924835205
Egy stat [49.91579, 52.74296, 51.232975, 0.40294987]
Start for  9_1_6 [21/105]
Fin;generate all combinations 80080 ...time: 0.16909265518188477
Fin; energy prediction...time: 10.588989973068237
Egy stat [54.414124, 56.650322, 55.48598, 0.35817724]
Start for  8_7_1 [22/105]
Fin;generate all combinations 102960 ...time: 0.43219518661499023
Fin; energy prediction...time: 13.338597536087036
Egy stat [32.36543, 37.696003, 34.465908, 0.52195394]
Start for  8_6_2 [23/105]
Fin;generate all combinations 360360 ...time: 1.257136344909668
Fin; energy prediction...time: 44.73824501037598
Egy stat [36.709003, 41.767563, 38.6852, 0.5028816]
Start for  8_5_3 [24/105]
Fin;generate all combinations 720720 ...time: 1.998258352279663
Fin; energy prediction...time: 88.72363448143005
Egy stat [41.16926, 45.68762, 42.908924, 0.48526552]
Start for  8_4_4 [25/105]
Fin;generate all combinations 900900 ...time: 2.3838284015655518
Fin; energy prediction...time: 110.2780659198761
Egy stat [45.5466, 49.759552, 47.13909, 0.46506637]
Start for  8_3_5 [26/105]
Fin;generate all combinations 720720 ...time: 4.13887882232666
Fin; energy prediction...time: 89.16238903999329
Egy stat [49.79904, 53.538414, 51.37741, 0.4384759]
Start for  8_2_6 [27/105]
Fin;generate all combinations 360360 ...time: 1.833728551864624
Fin; energy prediction...time: 46.2428343296051
Egy stat [54.031517, 57.409073, 55.625286, 0.40167207]
Start for  8_1_7 [28/105]
Fin;generate all combinations 102960 ...time: 0.24094510078430176
Fin; energy prediction...time: 13.45684814453125
Egy stat [58.747696, 61.156746, 59.88363, 0.35007483]
Start for  7_8_1 [29/105]
Fin;generate all combinations 102960 ...time: 0.18447375297546387
Fin; energy prediction...time: 13.204593658447266
Egy stat [32.66997, 37.58645, 34.58664, 0.51429266]
Start for  7_7_2 [30/105]
Fin;generate all combinations 411840 ...time: 1.633096694946289
Fin; energy prediction...time: 50.880364418029785
Egy stat [36.91616, 41.70424, 38.802177, 0.5018074]
Start for  7_6_3 [31/105]
Fin;generate all combinations 960960 ...time: 3.132683277130127
Fin; energy prediction...time: 120.29265666007996
Egy stat [41.124146, 45.91456, 43.02008, 0.49084896]
Start for  7_5_4 [32/105]
Fin;generate all combinations 1441440 ...time: 5.173079490661621
Fin; energy prediction...time: 176.10296249389648
Egy stat [45.44012, 49.942974, 47.24303, 0.47758958]
Start for  7_4_5 [33/105]
Fin;generate all combinations 1441440 ...time: 8.641263008117676
Fin; energy prediction...time: 180.59054040908813
Egy stat [49.769596, 54.096405, 51.473488, 0.45859456]
Start for  7_3_6 [34/105]
Fin;generate all combinations 960960 ...time: 4.170198917388916
Fin; energy prediction...time: 119.16902756690979
Egy stat [53.900192, 57.943634, 55.71375, 0.43064538]
Start for  7_2_7 [35/105]
Fin;generate all combinations 411840 ...time: 0.7660548686981201
Fin; energy prediction...time: 52.75530433654785
Egy stat [58.374092, 61.549225, 59.965767, 0.39028293]
Start for  7_1_8 [36/105]
Fin;generate all combinations 102960 ...time: 0.8029613494873047
Fin; energy prediction...time: 13.419402599334717
Egy stat [63.174805, 65.32241, 64.23094, 0.33270496]
Start for  6_9_1 [37/105]
Fin;generate all combinations 80080 ...time: 0.1591203212738037
Fin; energy prediction...time: 10.76619029045105
Egy stat [33.187794, 36.898254, 34.6631, 0.48865196]
Start for  6_8_2 [38/105]
Fin;generate all combinations 360360 ...time: 1.3489463329315186
Fin; energy prediction...time: 45.4011595249176
Egy stat [37.235596, 41.54358, 38.8758, 0.4834602]
Start for  6_7_3 [39/105]
Fin;generate all combinations 960960 ...time: 3.4148802757263184
Fin; energy prediction...time: 119.52586913108826
Egy stat [41.365856, 45.796, 43.08823, 0.47979942]
Start for  6_6_4 [40/105]
Fin;generate all combinations 1681680 ...time: 5.787100315093994
Fin; energy prediction...time: 207.35866260528564
Egy stat [45.49092, 50.14975, 47.303635, 0.47398067]
Start for  6_5_5 [41/105]
Fin;generate all combinations 2018016 ...time: 11.264137029647827
Fin; energy prediction...time: 248.1747531890869
Egy stat [49.6796, 54.287186, 51.525204, 0.46289238]
Start for  6_4_6 [42/105]
Fin;generate all combinations 1681680 ...time: 9.954823732376099
Fin; energy prediction...time: 211.34521293640137
Egy stat [53.885933, 58.537003, 55.756012, 0.44383168]
Start for  6_3_7 [43/105]
Fin;generate all combinations 960960 ...time: 5.530385494232178
Fin; energy prediction...time: 121.4081289768219
Egy stat [58.116776, 62.126953, 59.998966, 0.41417637]
Start for  6_2_8 [44/105]
Fin;generate all combinations 360360 ...time: 2.2630927562713623
Fin; energy prediction...time: 46.49104309082031
Egy stat [62.74196, 65.84497, 64.25656, 0.37078792]
Start for  6_1_9 [45/105]
Fin;generate all combinations 80080 ...time: 0.21770334243774414
Fin; energy prediction...time: 10.898375034332275
Egy stat [67.44984, 69.59307, 68.53065, 0.30855846]
Start for  5_10_1 [46/105]
Fin;generate all combinations 48048 ...time: 0.10787653923034668
Fin; energy prediction...time: 6.821320056915283
Egy stat [33.585037, 36.32098, 34.695374, 0.4454961]
Start for  5_9_2 [47/105]
Fin;generate all combinations 240240 ...time: 1.0052955150604248
Fin; energy prediction...time: 30.37187099456787
Egy stat [37.566456, 40.88599, 38.90682, 0.44845968]
Start for  5_8_3 [48/105]
Fin;generate all combinations 720720 ...time: 2.8343582153320312
Fin; energy prediction...time: 91.27802324295044
Egy stat [41.567646, 45.414265, 43.114834, 0.45278713]
Start for  5_7_4 [49/105]
Fin;generate all combinations 1441440 ...time: 6.332500219345093
Fin; energy prediction...time: 175.4739842414856
Egy stat [45.663643, 49.777767, 47.32314, 0.45482367]
Start for  5_6_5 [50/105]
Fin;generate all combinations 2018016 ...time: 10.419380903244019
Fin; energy prediction...time: 251.07365655899048
Egy stat [49.772724, 54.253754, 51.535492, 0.4517288]
Start for  5_5_6 [51/105]
Fin;generate all combinations 2018016 ...time: 9.107788562774658
Fin; energy prediction...time: 253.46629548072815
Egy stat [53.893936, 58.493248, 55.755707, 0.44125202]
Start for  5_4_7 [52/105]
Fin;generate all combinations 1441440 ...time: 6.441097259521484
Fin; energy prediction...time: 178.14590549468994
Egy stat [58.05163, 62.851715, 59.987602, 0.42143065]
Start for  5_3_8 [53/105]
Fin;generate all combinations 720720 ...time: 1.325519323348999
Fin; energy prediction...time: 91.17209839820862
Egy stat [62.426376, 66.45424, 64.234566, 0.39019698]
Start for  5_2_9 [54/105]
Fin;generate all combinations 240240 ...time: 1.5957269668579102
Fin; energy prediction...time: 31.89329504966736
Egy stat [67.23227, 70.00318, 68.49968, 0.3446982]
Start for  5_1_10 [55/105]
Fin;generate all combinations 48048 ...time: 0.13829708099365234
Fin; energy prediction...time: 7.390050172805786
Egy stat [71.88091, 73.61887, 72.78509, 0.2795033]
Start for  4_11_1 [56/105]
Fin;generate all combinations 21840 ...time: 0.0542292594909668
Fin; energy prediction...time: 3.5813286304473877
Egy stat [33.768795, 35.778637, 34.68251, 0.38513353]
Start for  4_10_2 [57/105]
Fin;generate all combinations 120120 ...time: 0.3390529155731201
Fin; energy prediction...time: 15.767433404922485
Egy stat [37.862415, 40.284122, 38.894947, 0.3974554]
Start for  4_9_3 [58/105]
Fin;generate all combinations 400400 ...time: 1.655148983001709
Fin; energy prediction...time: 49.765012979507446
Egy stat [41.89203, 44.767735, 43.1003, 0.41067848]
Start for  4_8_4 [59/105]
Fin;generate all combinations 900900 ...time: 3.1584725379943848
Fin; energy prediction...time: 111.02168083190918
Egy stat [45.820515, 49.34583, 47.30266, 0.42104614]
Start for  4_7_5 [60/105]
Fin;generate all combinations 1441440 ...time: 7.407129526138306
Fin; energy prediction...time: 176.99399495124817
Egy stat [49.83443, 53.821114, 51.506283, 0.42596442]
Start for  4_6_6 [61/105]
Fin;generate all combinations 1681680 ...time: 8.422768115997314
Fin; energy prediction...time: 208.39496779441833
Egy stat [53.956223, 58.420517, 55.71557, 0.42361864]
Start for  4_5_7 [62/105]
Fin;generate all combinations 1441440 ...time: 6.09650182723999
Fin; energy prediction...time: 184.0263283252716
Egy stat [58.06449, 62.76622, 59.934998, 0.4126244]
Start for  4_4_8 [63/105]
Fin;generate all combinations 900900 ...time: 4.586360692977905
Fin; energy prediction...time: 113.13882684707642
Egy stat [62.13778, 67.24057, 64.16909, 0.39170307]
Start for  4_3_9 [64/105]
Fin;generate all combinations 400400 ...time: 0.7797024250030518
Fin; energy prediction...time: 50.987473249435425
Egy stat [66.88629, 70.65104, 68.421814, 0.35929006]
Start for  4_2_10 [65/105]
Fin;generate all combinations 120120 ...time: 0.2771451473236084
Fin; energy prediction...time: 16.150248050689697
Egy stat [71.58906, 74.143715, 72.69662, 0.31281474]
Start for  4_1_11 [66/105]
Fin;generate all combinations 21840 ...time: 0.06631278991699219
Fin; energy prediction...time: 3.6180989742279053
Egy stat [76.22018, 77.80809, 76.99589, 0.2466101]
Start for  3_12_1 [67/105]
Fin;generate all combinations 7280 ...time: 0.02124929428100586
Fin; energy prediction...time: 1.9198946952819824
Egy stat [33.9198, 35.35269, 34.622692, 0.30773088]
Start for  3_11_2 [68/105]
Fin;generate all combinations 43680 ...time: 0.12997007369995117
Fin; energy prediction...time: 6.440951347351074
Egy stat [38.013103, 39.76288, 38.838932, 0.33133397]
Start for  3_10_3 [69/105]
Fin;generate all combinations 160160 ...time: 0.667198657989502
Fin; energy prediction...time: 20.813385725021362
Egy stat [41.97652, 44.217518, 43.044052, 0.35479072]
Start for  3_9_4 [70/105]
Fin;generate all combinations 400400 ...time: 1.5822606086730957
Fin; energy prediction...time: 49.476948976516724
Egy stat [45.989857, 48.688927, 47.242367, 0.37412125]
Start for  3_8_5 [71/105]
Fin;generate all combinations 720720 ...time: 2.7831671237945557
Fin; energy prediction...time: 89.31102132797241
Egy stat [49.89026, 53.25192, 51.43845, 0.3870457]
Start for  3_7_6 [72/105]
Fin;generate all combinations 960960 ...time: 3.709228515625
Fin; energy prediction...time: 120.84600949287415
Egy stat [53.998436, 57.786865, 55.63719, 0.3922549]
Start for  3_6_7 [73/105]
Fin;generate all combinations 960960 ...time: 4.34239387512207
Fin; energy prediction...time: 120.32908987998962
Egy stat [57.97429, 62.030342, 59.84378, 0.38894832]
Start for  3_5_8 [74/105]
Fin;generate all combinations 720720 ...time: 3.6595165729522705
Fin; energy prediction...time: 90.69986629486084
Egy stat [62.09619, 66.36386, 64.0634, 0.37652323]
Start for  3_4_9 [75/105]
Fin;generate all combinations 400400 ...time: 0.8357291221618652
Fin; energy prediction...time: 52.1417977809906
Egy stat [66.6768, 70.58871, 68.30115, 0.35430464]
Start for  3_3_10 [76/105]
Fin;generate all combinations 160160 ...time: 0.35160231590270996
Fin; energy prediction...time: 21.071062088012695
Egy stat [71.28846, 74.20271, 72.56152, 0.32119477]
Start for  3_2_11 [77/105]
Fin;generate all combinations 43680 ...time: 0.11118006706237793
Fin; energy prediction...time: 6.360008955001831
Egy stat [75.968445, 77.914925, 76.84827, 0.27496105]
Start for  3_1_12 [78/105]
Fin;generate all combinations 7280 ...time: 0.02315998077392578
Fin; energy prediction...time: 1.8345575332641602
Egy stat [80.60637, 81.726006, 81.16386, 0.20994541]
Start for  2_13_1 [79/105]
Fin;generate all combinations 1680 ...time: 0.006397724151611328
Fin; energy prediction...time: 1.0483899116516113
Egy stat [34.071587, 34.859684, 34.51339, 0.21339394]
Start for  2_12_2 [80/105]
Fin;generate all combinations 10920 ...time: 0.02341938018798828
Fin; energy prediction...time: 2.3435535430908203
Egy stat [38.089294, 39.378292, 38.73677, 0.25201118]
Start for  2_11_3 [81/105]
Fin;generate all combinations 43680 ...time: 0.14403414726257324
Fin; energy prediction...time: 6.330976486206055
Egy stat [42.19261, 43.720993, 42.944687, 0.28778005]
Start for  2_10_4 [82/105]
Fin;generate all combinations 120120 ...time: 0.4689786434173584
Fin; energy prediction...time: 15.56407380104065
Egy stat [46.12795, 48.234177, 47.141525, 0.31681222]
Start for  2_9_5 [83/105]
Fin;generate all combinations 240240 ...time: 1.2221601009368896
Fin; energy prediction...time: 30.542616605758667
Egy stat [49.984253, 52.683437, 51.332066, 0.337555]
Start for  2_8_6 [84/105]
Fin;generate all combinations 360360 ...time: 1.6765775680541992
Fin; energy prediction...time: 45.07009768486023
Egy stat [53.795, 57.240807, 55.52151, 0.34944752]
Start for  2_7_7 [85/105]
Fin;generate all combinations 411840 ...time: 1.9860541820526123
Fin; energy prediction...time: 50.40580868721008
Egy stat [57.917427, 61.363388, 59.715546, 0.3523738]
Start for  2_6_8 [86/105]
Fin;generate all combinations 360360 ...time: 1.8627705574035645
Fin; energy prediction...time: 45.08290958404541
Egy stat [62.136093, 65.66898, 63.92006, 0.34639227]
Start for  2_5_9 [87/105]
Fin;generate all combinations 240240 ...time: 1.0490641593933105
Fin; energy prediction...time: 31.304426193237305
Egy stat [66.6288, 69.74891, 68.14102, 0.33155197]
Start for  2_4_10 [88/105]
Fin;generate all combinations 120120 ...time: 0.6335141658782959
Fin; energy prediction...time: 15.829030513763428
Egy stat [71.16484, 73.99448, 72.384026, 0.307708]
Start for  2_3_11 [89/105]
Fin;generate all combinations 43680 ...time: 0.09948563575744629
Fin; energy prediction...time: 6.469022035598755
Egy stat [75.71811, 77.81794, 76.654, 0.2742417]
Start for  2_2_12 [90/105]
Fin;generate all combinations 10920 ...time: 0.028815746307373047
Fin; energy prediction...time: 2.462851047515869
Egy stat [80.27013, 81.74987, 80.95482, 0.22941992]
Start for  2_1_13 [91/105]
Fin;generate all combinations 1680 ...time: 0.0063588619232177734
Fin; energy prediction...time: 1.0130698680877686
Egy stat [84.955765, 85.70209, 85.28891, 0.1681117]
Start for  1_14_1 [92/105]
Fin;generate all combinations 240 ...time: 0.0015168190002441406
Fin; energy prediction...time: 0.910975456237793
Egy stat [34.13235, 34.494457, 34.3515, 0.10286825]
Start for  1_13_2 [93/105]
Fin;generate all combinations 1680 ...time: 0.004052877426147461
Fin; energy prediction...time: 1.172456979751587
Egy stat [38.149025, 38.96388, 38.58577, 0.1663813]
Start for  1_12_3 [94/105]
Fin;generate all combinations 7280 ...time: 0.018131017684936523
Fin; energy prediction...time: 1.8098487854003906
Egy stat [42.114605, 43.43024, 42.800022, 0.21690474]
Start for  1_11_4 [95/105]
Fin;generate all combinations 21840 ...time: 0.04852771759033203
Fin; energy prediction...time: 3.8125593662261963
Egy stat [46.174015, 47.773144, 46.998596, 0.255505]
Start for  1_10_5 [96/105]
Fin;generate all combinations 48048 ...time: 0.23419737815856934
Fin; energy prediction...time: 6.89139461517334
Egy stat [50.21649, 52.13418, 51.18627, 0.28285512]
Start for  1_9_6 [97/105]
Fin;generate all combinations 80080 ...time: 0.39531683921813965
Fin; energy prediction...time: 11.003932476043701
Egy stat [54.148903, 56.632057, 55.36847, 0.29960746]
Start for  1_8_7 [98/105]
Fin;generate all combinations 102960 ...time: 0.5232083797454834
Fin; energy prediction...time: 14.038485527038574
Egy stat [58.141365, 60.947838, 59.551155, 0.30644912]
Start for  1_7_8 [99/105]
Fin;generate all combinations 102960 ...time: 0.3937363624572754
Fin; energy prediction...time: 13.516477346420288
Egy stat [62.281006, 65.00089, 63.74081, 0.30408376]
Start for  1_6_9 [100/105]
Fin;generate all combinations 80080 ...time: 0.333620548248291
Fin; energy prediction...time: 10.709668159484863
Egy stat [66.71514, 69.10585, 67.94414, 0.29317942]
Start for  1_5_10 [101/105]
Fin;generate all combinations 48048 ...time: 0.2525360584259033
Fin; energy prediction...time: 6.993571996688843
Egy stat [71.18326, 73.18351, 72.167694, 0.27429444]
Start for  1_4_11 [102/105]
Fin;generate all combinations 21840 ...time: 0.04879403114318848
Fin; energy prediction...time: 3.5999186038970947
Egy stat [75.63201, 77.2829, 76.41757, 0.24777773]
Start for  1_3_12 [103/105]
Fin;generate all combinations 7280 ...time: 0.017314434051513672
Fin; energy prediction...time: 1.7452781200408936
Egy stat [80.085884, 81.27811, 80.69894, 0.21359879]
Start for  1_2_13 [104/105]
Fin;generate all combinations 1680 ...time: 0.005044221878051758
Fin; energy prediction...time: 1.0699546337127686
Egy stat [84.64233, 85.42479, 85.0157, 0.17091613]
Start for  1_1_14 [105/105]
Fin;generate all combinations 240 ...time: 0.0010859966278076172
Fin; energy prediction...time: 0.8853952884674072
Egy stat [89.21466, 89.58148, 89.37006, 0.116306335]
Saving....
Saved to... K_CdHgZn_I.pkl
Total elapsed time... 5611.162608385086
