Summary of calculations
Site name (A,B,C)... K Cd,Pb,Sn I
Base cif file name... ../0.cif
Save file name... K_CdPbSn_I.pkl
Fin; combination with repetition...time: 0.0016167163848876953
Start for  14_1_1 [1/105]
Fin;generate all combinations 240 ...time: 0.0006248950958251953
Fin; energy prediction...time: 0.20531225204467773
Egy stat [24.343216, 25.168015, 24.72707, 0.18936104]
Start for  13_2_1 [2/105]
Fin;generate all combinations 1680 ...time: 0.0036156177520751953
Fin; energy prediction...time: 0.38480210304260254
Egy stat [23.479496, 24.97678, 24.106213, 0.26450422]
Start for  13_1_2 [3/105]
Fin;generate all combinations 1680 ...time: 0.0038042068481445312
Fin; energy prediction...time: 0.3936951160430908
Egy stat [22.218204, 23.582947, 22.762918, 0.23418182]
Start for  12_3_1 [4/105]
Fin;generate all combinations 7280 ...time: 0.013131380081176758
Fin; energy prediction...time: 1.1957852840423584
Egy stat [22.27612, 24.761745, 23.366096, 0.33229423]
Start for  12_2_2 [5/105]
Fin;generate all combinations 10920 ...time: 0.01750922203063965
Fin; energy prediction...time: 1.6051692962646484
Egy stat [21.126905, 23.468842, 22.103342, 0.30127195]
Start for  12_1_3 [6/105]
Fin;generate all combinations 7280 ...time: 0.05433297157287598
Fin; energy prediction...time: 1.1753733158111572
Egy stat [19.986673, 22.075367, 20.82185, 0.26535657]
Start for  11_4_1 [7/105]
Fin;generate all combinations 21840 ...time: 0.07468843460083008
Fin; energy prediction...time: 2.9039769172668457
Egy stat [21.117405, 23.779251, 22.498623, 0.3924252]
Start for  11_3_2 [8/105]
Fin;generate all combinations 43680 ...time: 0.12440657615661621
Fin; energy prediction...time: 5.775209903717041
Egy stat [19.940107, 22.568909, 21.30696, 0.36295182]
Start for  11_2_3 [9/105]
Fin;generate all combinations 43680 ...time: 0.14006280899047852
Fin; energy prediction...time: 5.7611730098724365
Egy stat [18.877047, 21.285707, 20.097334, 0.32923648]
Start for  11_1_4 [10/105]
Fin;generate all combinations 21840 ...time: 0.04036140441894531
Fin; energy prediction...time: 3.072960376739502
Egy stat [17.836023, 19.99264, 18.869944, 0.29199824]
Start for  10_5_1 [11/105]
Fin;generate all combinations 48048 ...time: 0.1923964023590088
Fin; energy prediction...time: 6.289755344390869
Egy stat [19.67578, 22.86758, 21.501566, 0.44132394]
Start for  10_4_2 [12/105]
Fin;generate all combinations 120120 ...time: 0.39473533630371094
Fin; energy prediction...time: 15.090786218643188
Egy stat [18.57993, 21.762749, 20.37175, 0.4143151]
Start for  10_3_3 [13/105]
Fin;generate all combinations 160160 ...time: 0.590543270111084
Fin; energy prediction...time: 19.876334190368652
Egy stat [17.5251, 20.535984, 19.224981, 0.38409045]
Start for  10_2_4 [14/105]
Fin;generate all combinations 120120 ...time: 0.39830613136291504
Fin; energy prediction...time: 15.181657314300537
Egy stat [16.47362, 19.35694, 18.061384, 0.35097626]
Start for  10_1_5 [15/105]
Fin;generate all combinations 48048 ...time: 0.09472870826721191
Fin; energy prediction...time: 6.273985147476196
Egy stat [15.557129, 18.174452, 16.880909, 0.31565934]
Start for  9_6_1 [16/105]
Fin;generate all combinations 80080 ...time: 0.25452542304992676
Fin; energy prediction...time: 10.237024068832397
Egy stat [17.964815, 21.94291, 20.377625, 0.47643352]
Start for  9_5_2 [17/105]
Fin;generate all combinations 240240 ...time: 0.7768900394439697
Fin; energy prediction...time: 30.434574842453003
Egy stat [16.99634, 20.8193, 19.30081, 0.4518012]
Start for  9_4_3 [18/105]
Fin;generate all combinations 400400 ...time: 1.4472784996032715
Fin; energy prediction...time: 49.14360952377319
Egy stat [16.070683, 19.715733, 18.208168, 0.4249273]
Start for  9_3_4 [19/105]
Fin;generate all combinations 400400 ...time: 1.6969873905181885
Fin; energy prediction...time: 49.320101261138916
Egy stat [15.140347, 18.606455, 17.099781, 0.3959352]
Start for  9_2_5 [20/105]
Fin;generate all combinations 240240 ...time: 0.4277632236480713
Fin; energy prediction...time: 30.35515308380127
Egy stat [14.195471, 17.459793, 15.9755535, 0.36517176]
Start for  9_1_6 [21/105]
Fin;generate all combinations 80080 ...time: 0.1795966625213623
Fin; energy prediction...time: 10.503150701522827
Egy stat [13.289766, 16.254265, 14.835234, 0.33333406]
Start for  8_7_1 [22/105]
Fin;generate all combinations 102960 ...time: 0.4741091728210449
Fin; energy prediction...time: 13.109151601791382
Egy stat [15.9283085, 21.382223, 19.133286, 0.49669498]
Start for  8_6_2 [23/105]
Fin;generate all combinations 360360 ...time: 1.4201862812042236
Fin; energy prediction...time: 44.403552770614624
Egy stat [15.094664, 20.262558, 18.101265, 0.47395208]
Start for  8_5_3 [24/105]
Fin;generate all combinations 720720 ...time: 2.380601406097412
Fin; energy prediction...time: 89.82945585250854
Egy stat [14.268751, 19.134455, 17.054508, 0.44974157]
Start for  8_4_4 [25/105]
Fin;generate all combinations 900900 ...time: 2.8662631511688232
Fin; energy prediction...time: 111.98191523551941
Egy stat [13.441542, 18.028473, 15.993132, 0.42408916]
Start for  8_3_5 [26/105]
Fin;generate all combinations 720720 ...time: 4.141088247299194
Fin; energy prediction...time: 90.65107011795044
Egy stat [12.595442, 16.688251, 14.917049, 0.39715046]
Start for  8_2_6 [27/105]
Fin;generate all combinations 360360 ...time: 1.7928121089935303
Fin; energy prediction...time: 46.360843658447266
Egy stat [11.748817, 15.56477, 13.825963, 0.36928463]
Start for  8_1_7 [28/105]
Fin;generate all combinations 102960 ...time: 0.22067475318908691
Fin; energy prediction...time: 13.279896259307861
Egy stat [10.899385, 14.475382, 12.719443, 0.34115842]
Start for  7_8_1 [29/105]
Fin;generate all combinations 102960 ...time: 0.1827683448791504
Fin; energy prediction...time: 13.054231405258179
Egy stat [14.913786, 19.799967, 17.777576, 0.5018722]
Start for  7_7_2 [30/105]
Fin;generate all combinations 411840 ...time: 1.5880615711212158
Fin; energy prediction...time: 50.798906564712524
Egy stat [14.062077, 18.731674, 16.783018, 0.480605]
Start for  7_6_3 [31/105]
Fin;generate all combinations 960960 ...time: 3.732919454574585
Fin; energy prediction...time: 118.81896829605103
Egy stat [13.215794, 17.671131, 15.77468, 0.45839298]
Start for  7_5_4 [32/105]
Fin;generate all combinations 1441440 ...time: 6.241527795791626
Fin; energy prediction...time: 178.918536901474
Egy stat [12.386589, 16.594378, 14.75276, 0.4352304]
Start for  7_4_5 [33/105]
Fin;generate all combinations 1441440 ...time: 7.333856105804443
Fin; energy prediction...time: 177.71381640434265
Egy stat [11.54134, 15.528879, 13.7171955, 0.41117814]
Start for  7_3_6 [34/105]
Fin;generate all combinations 960960 ...time: 4.8414552211761475
Fin; energy prediction...time: 123.13566994667053
Egy stat [10.68722, 14.272751, 12.667762, 0.38640693]
Start for  7_2_7 [35/105]
Fin;generate all combinations 411840 ...time: 0.8372814655303955
Fin; energy prediction...time: 54.5020956993103
Egy stat [9.821419, 12.969082, 11.604012, 0.3612584]
Start for  7_1_8 [36/105]
Fin;generate all combinations 102960 ...time: 0.23209214210510254
Fin; energy prediction...time: 13.553187608718872
Egy stat [8.982288, 11.85235, 10.525375, 0.33632562]
Start for  6_9_1 [37/105]
Fin;generate all combinations 80080 ...time: 0.1574404239654541
Fin; energy prediction...time: 10.586494207382202
Egy stat [13.946987, 18.054106, 16.320677, 0.4916395]
Start for  6_8_2 [38/105]
Fin;generate all combinations 360360 ...time: 1.3310279846191406
Fin; energy prediction...time: 45.2883939743042
Egy stat [12.97031, 17.153378, 15.35743, 0.47181353]
Start for  6_7_3 [39/105]
Fin;generate all combinations 960960 ...time: 3.827031373977661
Fin; energy prediction...time: 118.39785742759705
Egy stat [12.115356, 16.154934, 14.381095, 0.45131046]
Start for  6_6_4 [40/105]
Fin;generate all combinations 1681680 ...time: 8.376210451126099
Fin; energy prediction...time: 208.56465435028076
Egy stat [11.255316, 15.163572, 13.391972, 0.43012893]
Start for  6_5_5 [41/105]
Fin;generate all combinations 2018016 ...time: 11.759983777999878
Fin; energy prediction...time: 249.35964727401733
Egy stat [10.408985, 14.124901, 12.390127, 0.40829548]
Start for  6_4_6 [42/105]
Fin;generate all combinations 1681680 ...time: 7.586848974227905
Fin; energy prediction...time: 213.971431016922
Egy stat [9.555605, 13.097908, 11.375398, 0.38588732]
Start for  6_3_7 [43/105]
Fin;generate all combinations 960960 ...time: 1.7245864868164062
Fin; energy prediction...time: 121.16366577148438
Egy stat [8.687685, 11.844534, 10.347432, 0.36306745]
Start for  6_2_8 [44/105]
Fin;generate all combinations 360360 ...time: 2.7734391689300537
Fin; energy prediction...time: 45.78842115402222
Egy stat [7.828518, 10.601629, 9.305686, 0.34013265]
Start for  6_1_9 [45/105]
Fin;generate all combinations 80080 ...time: 0.82387375831604
Fin; energy prediction...time: 11.042264461517334
Egy stat [6.9869385, 9.308588, 8.249492, 0.3175779]
Start for  5_10_1 [46/105]
Fin;generate all combinations 48048 ...time: 0.10921835899353027
Fin; energy prediction...time: 7.205236434936523
Egy stat [12.899805, 16.288105, 14.772495, 0.46488518]
Start for  5_9_2 [47/105]
Fin;generate all combinations 240240 ...time: 1.0767509937286377
Fin; energy prediction...time: 30.711686611175537
Egy stat [11.875214, 15.36171, 13.835881, 0.4469621]
Start for  5_8_3 [48/105]
Fin;generate all combinations 720720 ...time: 2.6914255619049072
Fin; energy prediction...time: 90.21130442619324
Egy stat [10.905409, 14.406834, 12.886472, 0.4284198]
Start for  5_7_4 [49/105]
Fin;generate all combinations 1441440 ...time: 6.3033037185668945
Fin; energy prediction...time: 181.40511751174927
Egy stat [10.048199, 13.418869, 11.924729, 0.40926716]
Start for  5_6_5 [50/105]
Fin;generate all combinations 2018016 ...time: 9.359314918518066
Fin; energy prediction...time: 253.8514518737793
Egy stat [9.161526, 12.412729, 10.950884, 0.38952255]
Start for  5_5_6 [51/105]
Fin;generate all combinations 2018016 ...time: 9.009135246276855
Fin; energy prediction...time: 252.5496528148651
Egy stat [8.316219, 11.381744, 9.964896, 0.36922336]
Start for  5_4_7 [52/105]
Fin;generate all combinations 1441440 ...time: 9.956804275512695
Fin; energy prediction...time: 180.08562421798706
Egy stat [7.441929, 10.332165, 8.966543, 0.34844112]
Start for  5_3_8 [53/105]
Fin;generate all combinations 720720 ...time: 5.0076704025268555
Fin; energy prediction...time: 90.13353776931763
Egy stat [6.589985, 9.132841, 7.9553986, 0.32730806]
Start for  5_2_9 [54/105]
Fin;generate all combinations 240240 ...time: 1.7192976474761963
Fin; energy prediction...time: 31.51888680458069
Egy stat [5.745453, 7.9428883, 6.930878, 0.30605572]
Start for  5_1_10 [55/105]
Fin;generate all combinations 48048 ...time: 0.13414597511291504
Fin; energy prediction...time: 7.058501958847046
Egy stat [4.878646, 6.7055225, 5.89226, 0.28507084]
Start for  4_11_1 [56/105]
Fin;generate all combinations 21840 ...time: 0.05463671684265137
Fin; energy prediction...time: 3.5064857006073
Egy stat [11.67985, 14.45948, 13.141286, 0.41942844]
Start for  4_10_2 [57/105]
Fin;generate all combinations 120120 ...time: 0.32586145401000977
Fin; energy prediction...time: 15.575667142868042
Egy stat [10.678179, 13.677057, 12.228362, 0.40431932]
Start for  4_9_3 [58/105]
Fin;generate all combinations 400400 ...time: 1.7527997493743896
Fin; energy prediction...time: 50.57799506187439
Egy stat [9.686157, 12.735855, 11.30245, 0.3885191]
Start for  4_8_4 [59/105]
Fin;generate all combinations 900900 ...time: 3.762327194213867
Fin; energy prediction...time: 111.95003533363342
Egy stat [8.70521, 11.797543, 10.364203, 0.372032]
Start for  4_7_5 [60/105]
Fin;generate all combinations 1441440 ...time: 7.335514545440674
Fin; energy prediction...time: 178.09445309638977
Egy stat [7.829792, 10.775333, 9.414028, 0.35486874]
Start for  4_6_6 [61/105]
Fin;generate all combinations 1681680 ...time: 10.318131446838379
Fin; energy prediction...time: 209.53285765647888
Egy stat [6.9753494, 9.76553, 8.452092, 0.33704612]
Start for  4_5_7 [62/105]
Fin;generate all combinations 1441440 ...time: 5.508225917816162
Fin; energy prediction...time: 183.59890341758728
Egy stat [6.117399, 8.793915, 7.478349, 0.31858933]
Start for  4_4_8 [63/105]
Fin;generate all combinations 900900 ...time: 4.308158874511719
Fin; energy prediction...time: 111.78180432319641
Egy stat [5.2613297, 7.8833313, 6.492535, 0.29954153]
Start for  4_3_9 [64/105]
Fin;generate all combinations 400400 ...time: 0.8313455581665039
Fin; energy prediction...time: 52.24067521095276
Egy stat [4.3843184, 6.695822, 5.4942045, 0.27998215]
Start for  4_2_10 [65/105]
Fin;generate all combinations 120120 ...time: 0.2711770534515381
Fin; energy prediction...time: 16.36741280555725
Egy stat [3.50916, 5.5308857, 4.4827714, 0.26005942]
Start for  4_1_11 [66/105]
Fin;generate all combinations 21840 ...time: 0.06515288352966309
Fin; energy prediction...time: 3.635051965713501
Egy stat [2.6114483, 4.3566217, 3.457538, 0.24004309]
Start for  3_12_1 [67/105]
Fin;generate all combinations 7280 ...time: 0.02078104019165039
Fin; energy prediction...time: 1.7632720470428467
Egy stat [10.466042, 12.424324, 11.432312, 0.3521317]
Start for  3_11_2 [68/105]
Fin;generate all combinations 43680 ...time: 0.08205151557922363
Fin; energy prediction...time: 6.413560390472412
Egy stat [9.491648, 11.5851345, 10.5421505, 0.3410675]
Start for  3_10_3 [69/105]
Fin;generate all combinations 160160 ...time: 0.6571400165557861
Fin; energy prediction...time: 21.022605419158936
Egy stat [8.525398, 10.751337, 9.638216, 0.3291944]
Start for  3_9_4 [70/105]
Fin;generate all combinations 400400 ...time: 1.6319653987884521
Fin; energy prediction...time: 50.81645917892456
Egy stat [7.5543327, 9.826355, 8.721384, 0.31648973]
Start for  3_8_5 [71/105]
Fin;generate all combinations 720720 ...time: 3.0056569576263428
Fin; energy prediction...time: 90.38898801803589
Egy stat [6.639618, 8.877407, 7.792279, 0.30294314]
Start for  3_7_6 [72/105]
Fin;generate all combinations 960960 ...time: 3.6903865337371826
Fin; energy prediction...time: 124.13322353363037
Egy stat [5.7624683, 7.87574, 6.851301, 0.28855047]
Start for  3_6_7 [73/105]
Fin;generate all combinations 960960 ...time: 4.2078635692596436
Fin; energy prediction...time: 120.52625441551208
Egy stat [4.876399, 6.86405, 5.8986244, 0.27330762]
Start for  3_5_8 [74/105]
Fin;generate all combinations 720720 ...time: 3.675510883331299
Fin; energy prediction...time: 90.33314180374146
Egy stat [4.016383, 5.899246, 4.9341965, 0.25720727]
Start for  3_4_9 [75/105]
Fin;generate all combinations 400400 ...time: 2.49862003326416
Fin; energy prediction...time: 51.9657461643219
Egy stat [3.1369848, 4.8775196, 3.9577835, 0.24024153]
Start for  3_3_10 [76/105]
Fin;generate all combinations 160160 ...time: 0.372267484664917
Fin; energy prediction...time: 21.61755609512329
Egy stat [2.2393484, 3.751214, 2.9689848, 0.22241288]
Start for  3_2_11 [77/105]
Fin;generate all combinations 43680 ...time: 0.11540007591247559
Fin; energy prediction...time: 6.669184446334839
Egy stat [1.3296881, 2.6040373, 1.9672694, 0.20376031]
Start for  3_1_12 [78/105]
Fin;generate all combinations 7280 ...time: 0.02298259735107422
Fin; energy prediction...time: 1.9037835597991943
Egy stat [0.43029118, 1.4683123, 0.95200753, 0.18440859]
Start for  2_13_1 [79/105]
Fin;generate all combinations 1680 ...time: 0.009723186492919922
Fin; energy prediction...time: 1.1522057056427002
Egy stat [9.127417, 10.270866, 9.64672, 0.25917798]
Start for  2_12_2 [80/105]
Fin;generate all combinations 10920 ...time: 0.06787872314453125
Fin; energy prediction...time: 2.397434711456299
Egy stat [8.142254, 9.568876, 8.780619, 0.25365022]
Start for  2_11_3 [81/105]
Fin;generate all combinations 43680 ...time: 0.19330286979675293
Fin; energy prediction...time: 6.484839916229248
Egy stat [7.1931744, 8.722694, 7.8993025, 0.24720138]
Start for  2_10_4 [82/105]
Fin;generate all combinations 120120 ...time: 0.5502560138702393
Fin; energy prediction...time: 15.963633060455322
Egy stat [6.2232723, 7.88249, 7.0038767, 0.23975772]
Start for  2_9_5 [83/105]
Fin;generate all combinations 240240 ...time: 0.911982536315918
Fin; energy prediction...time: 31.001477241516113
Egy stat [5.3208704, 6.947006, 6.0952187, 0.23127186]
Start for  2_8_6 [84/105]
Fin;generate all combinations 360360 ...time: 1.2472753524780273
Fin; energy prediction...time: 45.801806688308716
Egy stat [4.4222107, 6.016926, 5.1739783, 0.22171204]
Start for  2_7_7 [85/105]
Fin;generate all combinations 411840 ...time: 1.3881819248199463
Fin; energy prediction...time: 51.59096384048462
Egy stat [3.5500689, 5.0291557, 4.2405868, 0.21104917]
Start for  2_6_8 [86/105]
Fin;generate all combinations 360360 ...time: 1.3476369380950928
Fin; energy prediction...time: 46.007505893707275
Egy stat [2.6778803, 4.049534, 3.2952578, 0.19924524]
Start for  2_5_9 [87/105]
Fin;generate all combinations 240240 ...time: 0.48448824882507324
Fin; energy prediction...time: 31.420281887054443
Egy stat [1.7852488, 2.9928741, 2.33801, 0.18624307]
Start for  2_4_10 [88/105]
Fin;generate all combinations 120120 ...time: 0.2718062400817871
Fin; energy prediction...time: 16.502093076705933
Egy stat [0.88639927, 1.9867449, 1.3686855, 0.17195864]
Start for  2_3_11 [89/105]
Fin;generate all combinations 43680 ...time: 0.10178923606872559
Fin; energy prediction...time: 6.626464605331421
Egy stat [-0.025693893, 0.8909683, 0.3869778, 0.15627967]
Start for  2_2_12 [90/105]
Fin;generate all combinations 10920 ...time: 0.12111830711364746
Fin; energy prediction...time: 2.2312231063842773
Egy stat [-0.93454075, -0.19644165, -0.607536, 0.13907042]
Start for  2_1_13 [91/105]
Fin;generate all combinations 1680 ...time: 0.005465030670166016
Fin; energy prediction...time: 1.1141023635864258
Egy stat [-1.8536253, -1.3346214, -1.6153605, 0.12018353]
Start for  1_14_1 [92/105]
Fin;generate all combinations 240 ...time: 0.0016396045684814453
Fin; energy prediction...time: 0.8669588565826416
Egy stat [7.552223, 8.000179, 7.7806287, 0.13613288]
Start for  1_13_2 [93/105]
Fin;generate all combinations 1680 ...time: 0.004122495651245117
Fin; energy prediction...time: 1.0981476306915283
Egy stat [6.6413994, 7.2655144, 6.9422793, 0.13839698]
Start for  1_12_3 [94/105]
Fin;generate all combinations 7280 ...time: 0.017367839813232422
Fin; energy prediction...time: 1.8950912952423096
Egy stat [5.7391033, 6.4405212, 6.0865684, 0.13957763]
Start for  1_11_4 [95/105]
Fin;generate all combinations 21840 ...time: 0.04838728904724121
Fin; energy prediction...time: 3.794451951980591
Egy stat [4.832856, 5.6192436, 5.2148304, 0.13950142]
Start for  1_10_5 [96/105]
Fin;generate all combinations 48048 ...time: 0.23031401634216309
Fin; energy prediction...time: 7.0000176429748535
Egy stat [3.9141998, 4.771508, 4.328201, 0.13807069]
Start for  1_9_6 [97/105]
Fin;generate all combinations 80080 ...time: 0.2765042781829834
Fin; energy prediction...time: 11.423139333724976
Egy stat [2.999836, 3.9278193, 3.427605, 0.13523121]
Start for  1_8_7 [98/105]
Fin;generate all combinations 102960 ...time: 0.37303876876831055
Fin; energy prediction...time: 13.958365678787231
Egy stat [2.0885668, 3.0348644, 2.5137572, 0.130946]
Start for  1_7_8 [99/105]
Fin;generate all combinations 102960 ...time: 0.3701915740966797
Fin; energy prediction...time: 14.119149684906006
Egy stat [1.2119904, 2.1515388, 1.5871664, 0.12517238]
Start for  1_6_9 [100/105]
Fin;generate all combinations 80080 ...time: 0.3332188129425049
Fin; energy prediction...time: 10.72344183921814
Egy stat [0.3148241, 1.1480188, 0.64814514, 0.11783958]
Start for  1_5_10 [101/105]
Fin;generate all combinations 48048 ...time: 0.23751091957092285
Fin; energy prediction...time: 6.923063516616821
Egy stat [-0.5790739, 0.11009312, -0.30317536, 0.10882386]
Start for  1_4_11 [102/105]
Fin;generate all combinations 21840 ...time: 0.04996490478515625
Fin; energy prediction...time: 3.7729437351226807
Egy stat [-1.502327, -0.93598366, -1.2668219, 0.09791539]
Start for  1_3_12 [103/105]
Fin;generate all combinations 7280 ...time: 0.01769399642944336
Fin; energy prediction...time: 1.7892086505889893
Egy stat [-2.419406, -1.994484, -2.2429545, 0.084755875]
Start for  1_2_13 [104/105]
Fin;generate all combinations 1680 ...time: 0.005386829376220703
Fin; energy prediction...time: 1.1099977493286133
Egy stat [-3.3639312, -3.0731006, -3.2318366, 0.06866543]
Start for  1_1_14 [105/105]
Fin;generate all combinations 240 ...time: 0.0011997222900390625
Fin; energy prediction...time: 0.8920862674713135
Egy stat [-4.3059897, -4.1539564, -4.2337985, 0.0479141]
Saving....
Saved to... K_CdPbSn_I.pkl
Total elapsed time... 5649.559151172638
