Summary of calculations
Site name (A,B,C)... K Cd,Hg,Pb Br
Base cif file name... ../0.cif
Save file name... K_CdHgPb_Br.pkl
Fin; combination with repetition...time: 0.0017852783203125
Start for  14_1_1 [1/105]
Fin;generate all combinations 240 ...time: 0.0006198883056640625
Fin; energy prediction...time: 0.20015716552734375
Egy stat [7.5261726, 7.9366245, 7.788271, 0.116113]
Start for  13_2_1 [2/105]
Fin;generate all combinations 1680 ...time: 0.003698110580444336
Fin; energy prediction...time: 0.40053677558898926
Egy stat [6.3784637, 7.298807, 6.9618773, 0.21792334]
Start for  13_1_2 [3/105]
Fin;generate all combinations 1680 ...time: 0.003994941711425781
Fin; energy prediction...time: 0.3532412052154541
Egy stat [5.9908104, 7.3222294, 6.6553445, 0.28320828]
Start for  12_3_1 [4/105]
Fin;generate all combinations 7280 ...time: 0.012294292449951172
Fin; energy prediction...time: 1.1728553771972656
Egy stat [5.3308287, 6.6613064, 6.0423684, 0.31429276]
Start for  12_2_2 [5/105]
Fin;generate all combinations 10920 ...time: 0.017417192459106445
Fin; energy prediction...time: 1.557037353515625
Egy stat [4.8680925, 6.6889915, 5.8168736, 0.33254087]
Start for  12_1_3 [6/105]
Fin;generate all combinations 7280 ...time: 0.06297707557678223
Fin; energy prediction...time: 1.2095835208892822
Egy stat [4.3641357, 6.5903473, 5.4501615, 0.40274486]
Start for  11_4_1 [7/105]
Fin;generate all combinations 21840 ...time: 0.07684946060180664
Fin; energy prediction...time: 3.0442006587982178
Egy stat [3.8949757, 6.059597, 5.0347533, 0.39351195]
Start for  11_3_2 [8/105]
Fin;generate all combinations 43680 ...time: 0.11255717277526855
Fin; energy prediction...time: 5.720825672149658
Egy stat [3.7697334, 6.0494976, 4.890905, 0.39535615]
Start for  11_2_3 [9/105]
Fin;generate all combinations 43680 ...time: 0.1819472312927246
Fin; energy prediction...time: 6.134704828262329
Egy stat [3.2275524, 5.948223, 4.6010427, 0.43135372]
Start for  11_1_4 [10/105]
Fin;generate all combinations 21840 ...time: 0.04032707214355469
Fin; energy prediction...time: 3.162160873413086
Egy stat [2.259921, 6.1988277, 4.147924, 0.49315572]
Start for  10_5_1 [11/105]
Fin;generate all combinations 48048 ...time: 0.20087099075317383
Fin; energy prediction...time: 6.184606313705444
Egy stat [2.836032, 5.3820934, 3.94432, 0.45391986]
Start for  10_4_2 [12/105]
Fin;generate all combinations 120120 ...time: 0.49868226051330566
Fin; energy prediction...time: 15.00574803352356
Egy stat [2.4083958, 5.4704056, 3.882051, 0.45407447]
Start for  10_3_3 [13/105]
Fin;generate all combinations 160160 ...time: 0.3879687786102295
Fin; energy prediction...time: 20.36229181289673
Egy stat [2.1084938, 5.300682, 3.66973, 0.47310832]
Start for  10_2_4 [14/105]
Fin;generate all combinations 120120 ...time: 0.5687117576599121
Fin; energy prediction...time: 15.035870552062988
Egy stat [1.1696253, 5.5350113, 3.2891865, 0.50754875]
Start for  10_1_5 [15/105]
Fin;generate all combinations 48048 ...time: 0.0899810791015625
Fin; energy prediction...time: 6.414565086364746
Egy stat [0.4148016, 4.4608107, 2.7307236, 0.5602367]
Start for  9_6_1 [16/105]
Fin;generate all combinations 80080 ...time: 0.22505974769592285
Fin; energy prediction...time: 10.15268063545227
Egy stat [1.5445719, 4.7678556, 2.7765715, 0.4953496]
Start for  9_5_2 [17/105]
Fin;generate all combinations 240240 ...time: 0.7637476921081543
Fin; energy prediction...time: 29.59809398651123
Egy stat [1.3648252, 4.790533, 2.795135, 0.50140756]
Start for  9_4_3 [18/105]
Fin;generate all combinations 400400 ...time: 1.229689359664917
Fin; energy prediction...time: 49.672584533691406
Egy stat [0.7418184, 4.7075005, 2.6604939, 0.5150833]
Start for  9_3_4 [19/105]
Fin;generate all combinations 400400 ...time: 1.1247820854187012
Fin; energy prediction...time: 50.3078339099884
Egy stat [0.052215576, 4.878337, 2.3533244, 0.53398615]
Start for  9_2_5 [20/105]
Fin;generate all combinations 240240 ...time: 0.45056629180908203
Fin; energy prediction...time: 30.0459041595459
Egy stat [-0.6582279, 3.8551502, 1.8629684, 0.5629617]
Start for  9_1_6 [21/105]
Fin;generate all combinations 80080 ...time: 0.48832130432128906
Fin; energy prediction...time: 10.354202032089233
Egy stat [-1.9247351, 3.0627737, 1.186696, 0.60568494]
Start for  8_7_1 [22/105]
Fin;generate all combinations 102960 ...time: 0.4585549831390381
Fin; energy prediction...time: 13.103799104690552
Egy stat [0.106539726, 4.163122, 1.537145, 0.5180296]
Start for  8_6_2 [23/105]
Fin;generate all combinations 360360 ...time: 1.1686549186706543
Fin; energy prediction...time: 44.69194436073303
Egy stat [-0.09075928, 4.164525, 1.6351359, 0.53427166]
Start for  8_5_3 [24/105]
Fin;generate all combinations 720720 ...time: 2.0271716117858887
Fin; energy prediction...time: 87.90559577941895
Egy stat [-0.27678585, 3.956069, 1.577751, 0.54985476]
Start for  8_4_4 [25/105]
Fin;generate all combinations 900900 ...time: 3.5773427486419678
Fin; energy prediction...time: 110.87110948562622
Egy stat [-1.293746, 4.2624035, 1.3443109, 0.5625012]
Start for  8_3_5 [26/105]
Fin;generate all combinations 720720 ...time: 4.03040623664856
Fin; energy prediction...time: 89.3256618976593
Egy stat [-1.8018398, 3.258542, 0.9229629, 0.57708716]
Start for  8_2_6 [27/105]
Fin;generate all combinations 360360 ...time: 1.785064458847046
Fin; energy prediction...time: 45.44575881958008
Egy stat [-2.8344593, 2.4206429, 0.3101038, 0.59841126]
Start for  8_1_7 [28/105]
Fin;generate all combinations 102960 ...time: 0.20702648162841797
Fin; energy prediction...time: 14.55537748336792
Egy stat [-4.4397845, 1.8409004, -0.49070334, 0.62945586]
Start for  7_8_1 [29/105]
Fin;generate all combinations 102960 ...time: 0.18692922592163086
Fin; energy prediction...time: 14.349536418914795
Egy stat [-1.570858, 3.5999289, 0.23173127, 0.5223287]
Start for  7_7_2 [30/105]
Fin;generate all combinations 411840 ...time: 1.3486056327819824
Fin; energy prediction...time: 51.92439794540405
Egy stat [-1.5273933, 3.5231428, 0.40711752, 0.55127615]
Start for  7_6_3 [31/105]
Fin;generate all combinations 960960 ...time: 3.6491305828094482
Fin; energy prediction...time: 118.74183416366577
Egy stat [-1.5621452, 3.2667656, 0.42600605, 0.57331544]
Start for  7_5_4 [32/105]
Fin;generate all combinations 1441440 ...time: 5.792313098907471
Fin; energy prediction...time: 178.05752205848694
Egy stat [-2.267231, 3.452612, 0.26619607, 0.5862861]
Start for  7_4_5 [33/105]
Fin;generate all combinations 1441440 ...time: 6.074410438537598
Fin; energy prediction...time: 181.84251379966736
Egy stat [-3.0792975, 2.6955738, -0.08557986, 0.5944891]
Start for  7_3_6 [34/105]
Fin;generate all combinations 960960 ...time: 1.596189022064209
Fin; energy prediction...time: 121.78429698944092
Egy stat [-3.939458, 1.7654743, -0.63404673, 0.6024019]
Start for  7_2_7 [35/105]
Fin;generate all combinations 411840 ...time: 0.7474696636199951
Fin; energy prediction...time: 53.744251012802124
Egy stat [-5.3277826, 0.84348965, -1.376315, 0.61357135]
Start for  7_1_8 [36/105]
Fin;generate all combinations 102960 ...time: 0.22626829147338867
Fin; energy prediction...time: 13.758046388626099
Egy stat [-6.711403, 0.20894623, -2.3033617, 0.6310649]
Start for  6_9_1 [37/105]
Fin;generate all combinations 80080 ...time: 0.1555805206298828
Fin; energy prediction...time: 10.976508855819702
Egy stat [-2.5903025, 1.4587116, -1.1340189, 0.50866747]
Start for  6_8_2 [38/105]
Fin;generate all combinations 360360 ...time: 1.383413553237915
Fin; energy prediction...time: 44.979257583618164
Egy stat [-3.188117, 2.6348839, -0.88384074, 0.5517552]
Start for  6_7_3 [39/105]
Fin;generate all combinations 960960 ...time: 4.245115756988525
Fin; energy prediction...time: 117.66224765777588
Egy stat [-2.8830733, 2.603714, -0.79020166, 0.5830884]
Start for  6_6_4 [40/105]
Fin;generate all combinations 1681680 ...time: 7.686777114868164
Fin; energy prediction...time: 207.51289319992065
Egy stat [-3.4562035, 2.6927977, -0.8769461, 0.6009134]
Start for  6_5_5 [41/105]
Fin;generate all combinations 2018016 ...time: 11.49640154838562
Fin; energy prediction...time: 256.33578085899353
Egy stat [-4.0716877, 1.8882713, -1.1589445, 0.60894364]
Start for  6_4_6 [42/105]
Fin;generate all combinations 1681680 ...time: 6.6596503257751465
Fin; energy prediction...time: 208.8161973953247
Egy stat [-5.169494, 1.198885, -1.6422781, 0.6107551]
Start for  6_3_7 [43/105]
Fin;generate all combinations 960960 ...time: 5.854671955108643
Fin; energy prediction...time: 121.93999409675598
Egy stat [-5.9981203, 0.2741604, -2.3249915, 0.60929656]
Start for  6_2_8 [44/105]
Fin;generate all combinations 360360 ...time: 0.7181878089904785
Fin; energy prediction...time: 46.54152226448059
Egy stat [-7.0330334, -0.49850178, -3.1984363, 0.6077826]
Start for  6_1_9 [45/105]
Fin;generate all combinations 80080 ...time: 0.20172643661499023
Fin; energy prediction...time: 11.409088611602783
Egy stat [-7.6637955, -2.2931156, -4.2491693, 0.61024785]
Start for  5_10_1 [46/105]
Fin;generate all combinations 48048 ...time: 0.10643529891967773
Fin; energy prediction...time: 6.959431409835815
Egy stat [-3.739399, -0.6355982, -2.5545864, 0.47747207]
Start for  5_9_2 [47/105]
Fin;generate all combinations 240240 ...time: 0.9108481407165527
Fin; energy prediction...time: 30.893045902252197
Egy stat [-4.1855855, 0.50277424, -2.2327232, 0.53535175]
Start for  5_8_3 [48/105]
Fin;generate all combinations 720720 ...time: 2.653520345687866
Fin; energy prediction...time: 88.96931767463684
Egy stat [-4.4055033, 1.1376848, -2.0663655, 0.5776478]
Start for  5_7_4 [49/105]
Fin;generate all combinations 1441440 ...time: 7.742736101150513
Fin; energy prediction...time: 176.78532147407532
Egy stat [-4.6389446, 1.3388739, -2.0810673, 0.60341084]
Start for  5_6_5 [50/105]
Fin;generate all combinations 2018016 ...time: 8.767040014266968
Fin; energy prediction...time: 252.13048481941223
Egy stat [-5.1809144, 1.0521364, -2.293457, 0.6159268]
Start for  5_5_6 [51/105]
Fin;generate all combinations 2018016 ...time: 8.69986629486084
Fin; energy prediction...time: 256.21630454063416
Egy stat [-5.8112116, 0.3916664, -2.71118, 0.6177162]
Start for  5_4_7 [52/105]
Fin;generate all combinations 1441440 ...time: 12.03532862663269
Fin; energy prediction...time: 180.99730491638184
Egy stat [-6.642962, -0.26725388, -3.3334663, 0.61059165]
Start for  5_3_8 [53/105]
Fin;generate all combinations 720720 ...time: 1.3731961250305176
Fin; energy prediction...time: 94.89862561225891
Egy stat [-7.3500977, -1.0979776, -4.1523128, 0.5969479]
Start for  5_2_9 [54/105]
Fin;generate all combinations 240240 ...time: 0.524583101272583
Fin; energy prediction...time: 30.91352105140686
Egy stat [-8.080679, -3.0326986, -5.1542716, 0.5806784]
Start for  5_1_10 [55/105]
Fin;generate all combinations 48048 ...time: 0.1367936134338379
Fin; energy prediction...time: 7.6975202560424805
Egy stat [-8.876586, -4.6218605, -6.3227215, 0.56714773]
Start for  4_11_1 [56/105]
Fin;generate all combinations 21840 ...time: 0.05770683288574219
Fin; energy prediction...time: 3.6371653079986572
Egy stat [-4.9728665, -2.6126184, -4.0246763, 0.42913124]
Start for  4_10_2 [57/105]
Fin;generate all combinations 120120 ...time: 0.3208639621734619
Fin; energy prediction...time: 15.829773426055908
Egy stat [-5.261445, -1.5454483, -3.6346557, 0.5017901]
Start for  4_9_3 [58/105]
Fin;generate all combinations 400400 ...time: 1.4213554859161377
Fin; energy prediction...time: 50.0568904876709
Egy stat [-5.383082, -0.9882612, -3.3980725, 0.5558144]
Start for  4_8_4 [59/105]
Fin;generate all combinations 900900 ...time: 3.5383269786834717
Fin; energy prediction...time: 112.74872064590454
Egy stat [-6.0372663, 0.39804745, -3.3422015, 0.591567]
Start for  4_7_5 [60/105]
Fin;generate all combinations 1441440 ...time: 6.395085573196411
Fin; energy prediction...time: 180.52427291870117
Egy stat [-6.2178264, -0.32428932, -3.4855325, 0.61207354]
Start for  4_6_6 [61/105]
Fin;generate all combinations 1681680 ...time: 5.60298752784729
Fin; energy prediction...time: 208.3321132659912
Egy stat [-6.754106, -0.5335722, -3.8374562, 0.61875165]
Start for  4_5_7 [62/105]
Fin;generate all combinations 1441440 ...time: 5.6840291023254395
Fin; energy prediction...time: 181.1747031211853
Egy stat [-7.2547665, -1.1533365, -4.398614, 0.6120684]
Start for  4_4_8 [63/105]
Fin;generate all combinations 900900 ...time: 4.08048152923584
Fin; energy prediction...time: 113.5971348285675
Egy stat [-7.751424, -1.6632423, -5.161913, 0.5931652]
Start for  4_3_9 [64/105]
Fin;generate all combinations 400400 ...time: 2.758960723876953
Fin; energy prediction...time: 51.90737724304199
Egy stat [-8.476509, -3.6855764, -6.1141815, 0.5649793]
Start for  4_2_10 [65/105]
Fin;generate all combinations 120120 ...time: 0.2794356346130371
Fin; energy prediction...time: 16.201822757720947
Egy stat [-9.392697, -5.2737265, -7.238364, 0.53247243]
Start for  4_1_11 [66/105]
Fin;generate all combinations 21840 ...time: 0.06136178970336914
Fin; energy prediction...time: 3.8259217739105225
Egy stat [-10.450235, -7.0201206, -8.5160675, 0.5021868]
Start for  3_12_1 [67/105]
Fin;generate all combinations 7280 ...time: 0.020160198211669922
Fin; energy prediction...time: 1.8471810817718506
Egy stat [-6.5036545, -4.658704, -5.5392995, 0.36392105]
Start for  3_11_2 [68/105]
Fin;generate all combinations 43680 ...time: 0.13520026206970215
Fin; energy prediction...time: 6.464666366577148
Egy stat [-6.383652, -3.4277134, -5.0849805, 0.4506708]
Start for  3_10_3 [69/105]
Fin;generate all combinations 160160 ...time: 0.6201751232147217
Fin; energy prediction...time: 20.813435554504395
Egy stat [-6.4957366, -2.7731795, -4.7810683, 0.51638025]
Start for  3_9_4 [70/105]
Fin;generate all combinations 400400 ...time: 1.4891033172607422
Fin; energy prediction...time: 50.116700410842896
Egy stat [-6.943142, -1.3889294, -4.656511, 0.56341046]
Start for  3_8_5 [71/105]
Fin;generate all combinations 720720 ...time: 2.5637130737304688
Fin; energy prediction...time: 90.86304187774658
Egy stat [-7.055437, -1.2829943, -4.731711, 0.5946308]
Start for  3_7_6 [72/105]
Fin;generate all combinations 960960 ...time: 3.129105567932129
Fin; energy prediction...time: 121.11745715141296
Egy stat [-7.5584693, -1.3750486, -5.017946, 0.61024284]
Start for  3_6_7 [73/105]
Fin;generate all combinations 960960 ...time: 4.9280407428741455
Fin; energy prediction...time: 120.3932752609253
Egy stat [-7.9108095, -2.0916138, -5.517476, 0.6092242]
Start for  3_5_8 [74/105]
Fin;generate all combinations 720720 ...time: 2.930345058441162
Fin; energy prediction...time: 90.4616482257843
Egy stat [-8.431983, -2.4572144, -6.224367, 0.59132516]
Start for  3_4_9 [75/105]
Fin;generate all combinations 400400 ...time: 1.9720268249511719
Fin; energy prediction...time: 50.9022057056427
Egy stat [-9.111372, -4.3344026, -7.1259894, 0.5582666]
Start for  3_3_10 [76/105]
Fin;generate all combinations 160160 ...time: 0.3330554962158203
Fin; energy prediction...time: 21.677879571914673
Egy stat [-9.877099, -6.013874, -8.205133, 0.5139414]
Start for  3_2_11 [77/105]
Fin;generate all combinations 43680 ...time: 0.10103559494018555
Fin; energy prediction...time: 6.56397819519043
Egy stat [-11.060844, -7.8353534, -9.442538, 0.46403873]
Start for  3_1_12 [78/105]
Fin;generate all combinations 7280 ...time: 0.02252054214477539
Fin; energy prediction...time: 1.8489069938659668
Egy stat [-12.2806225, -9.424303, -10.819521, 0.41582596]
Start for  2_13_1 [79/105]
Fin;generate all combinations 1680 ...time: 0.00619816780090332
Fin; energy prediction...time: 1.0707554817199707
Egy stat [-7.667262, -6.5924506, -7.093859, 0.28179002]
Start for  2_12_2 [80/105]
Fin;generate all combinations 10920 ...time: 0.022413015365600586
Fin; energy prediction...time: 2.171998977661133
Egy stat [-7.728238, -5.483644, -6.5793285, 0.3811081]
Start for  2_11_3 [81/105]
Fin;generate all combinations 43680 ...time: 0.08884310722351074
Fin; energy prediction...time: 6.295864820480347
Egy stat [-7.6695013, -4.4104147, -6.2113233, 0.4576195]
Start for  2_10_4 [82/105]
Fin;generate all combinations 120120 ...time: 0.420727014541626
Fin; energy prediction...time: 15.967643737792969
Egy stat [-7.7946343, -3.092805, -6.020344, 0.5166726]
Start for  2_9_5 [83/105]
Fin;generate all combinations 240240 ...time: 0.9459733963012695
Fin; energy prediction...time: 30.859261751174927
Egy stat [-7.9162707, -2.932818, -6.028711, 0.5609241]
Start for  2_8_6 [84/105]
Fin;generate all combinations 360360 ...time: 1.6365885734558105
Fin; energy prediction...time: 45.583479166030884
Egy stat [-8.302614, -2.1892443, -6.24968, 0.58904785]
Start for  2_7_7 [85/105]
Fin;generate all combinations 411840 ...time: 1.8957195281982422
Fin; energy prediction...time: 52.95744562149048
Egy stat [-8.80212, -2.974074, -6.687302, 0.59829646]
Start for  2_6_8 [86/105]
Fin;generate all combinations 360360 ...time: 0.6994762420654297
Fin; energy prediction...time: 45.89972758293152
Egy stat [-9.464512, -3.2141018, -7.3370323, 0.58696336]
Start for  2_5_9 [87/105]
Fin;generate all combinations 240240 ...time: 1.05385160446167
Fin; energy prediction...time: 31.059251308441162
Egy stat [-9.935122, -5.1741314, -8.187048, 0.55561227]
Start for  2_4_10 [88/105]
Fin;generate all combinations 120120 ...time: 0.24676084518432617
Fin; energy prediction...time: 16.449435472488403
Egy stat [-10.770502, -6.7303934, -9.220258, 0.507087]
Start for  2_3_11 [89/105]
Fin;generate all combinations 43680 ...time: 0.09829902648925781
Fin; energy prediction...time: 6.534283876419067
Egy stat [-11.713475, -8.589492, -10.416793, 0.44581732]
Start for  2_2_12 [90/105]
Fin;generate all combinations 10920 ...time: 0.02788829803466797
Fin; energy prediction...time: 2.321046829223633
Egy stat [-12.908939, -10.224118, -11.756707, 0.3772297]
Start for  2_1_13 [91/105]
Fin;generate all combinations 1680 ...time: 0.005496501922607422
Fin; energy prediction...time: 1.1024680137634277
Egy stat [-13.973892, -12.41018, -13.2224655, 0.30849075]
Start for  1_14_1 [92/105]
Fin;generate all combinations 240 ...time: 0.0015621185302734375
Fin; energy prediction...time: 0.9231338500976562
Egy stat [-9.052521, -8.483875, -8.684214, 0.18133186]
Start for  1_13_2 [93/105]
Fin;generate all combinations 1680 ...time: 0.0037775039672851562
Fin; energy prediction...time: 1.130598545074463
Egy stat [-8.803818, -7.395797, -8.113685, 0.29060066]
Start for  1_12_3 [94/105]
Fin;generate all combinations 7280 ...time: 0.01710987091064453
Fin; energy prediction...time: 1.8130075931549072
Egy stat [-8.806078, -6.416852, -7.6850805, 0.37613094]
Start for  1_11_4 [95/105]
Fin;generate all combinations 21840 ...time: 0.09971976280212402
Fin; energy prediction...time: 3.7075719833374023
Egy stat [-8.627657, -5.1818295, -7.4302793, 0.44784042]
Start for  1_10_5 [96/105]
Fin;generate all combinations 48048 ...time: 0.16130971908569336
Fin; energy prediction...time: 7.068835258483887
Egy stat [-8.634053, -4.6411176, -7.3734565, 0.50764567]
Start for  1_9_6 [97/105]
Fin;generate all combinations 80080 ...time: 0.37271666526794434
Fin; energy prediction...time: 10.87226414680481
Egy stat [-9.047747, -3.9723186, -7.5298953, 0.55196977]
Start for  1_8_7 [98/105]
Fin;generate all combinations 102960 ...time: 0.41844677925109863
Fin; energy prediction...time: 14.156093835830688
Egy stat [-9.594148, -3.819543, -7.9055705, 0.57592005]
Start for  1_7_8 [99/105]
Fin;generate all combinations 102960 ...time: 0.3921945095062256
Fin; energy prediction...time: 14.003369092941284
Egy stat [-10.272968, -3.9699173, -8.49752, 0.57625204]
Start for  1_6_9 [100/105]
Fin;generate all combinations 80080 ...time: 0.16371393203735352
Fin; energy prediction...time: 11.086135387420654
Egy stat [-10.82963, -5.9869256, -9.294987, 0.55254817]
Start for  1_5_10 [101/105]
Fin;generate all combinations 48048 ...time: 0.0989983081817627
Fin; energy prediction...time: 7.04256796836853
Egy stat [-11.56489, -7.728739, -10.281276, 0.5069895]
Start for  1_4_11 [102/105]
Fin;generate all combinations 21840 ...time: 0.04948782920837402
Fin; energy prediction...time: 3.7014882564544678
Egy stat [-12.584899, -9.387859, -11.436174, 0.44329873]
Start for  1_3_12 [103/105]
Fin;generate all combinations 7280 ...time: 0.01747608184814453
Fin; energy prediction...time: 1.8789432048797607
Egy stat [-13.490408, -11.042829, -12.738694, 0.36547172]
Start for  1_2_13 [104/105]
Fin;generate all combinations 1680 ...time: 0.005003213882446289
Fin; energy prediction...time: 1.1231634616851807
Egy stat [-14.65489, -13.281104, -14.169722, 0.2769539]
Start for  1_1_14 [105/105]
Fin;generate all combinations 240 ...time: 0.0012040138244628906
Fin; energy prediction...time: 0.9380178451538086
Egy stat [-15.969777, -15.33493, -15.714137, 0.1815524]
Saving....
Saved to... K_CdHgPb_Br.pkl
Total elapsed time... 5634.794636249542
