Summary of calculations
Site name (A,B,C)... K Cd,Ge,Hg Cl
Base cif file name... ../0.cif
Save file name... K_CdGeHg_Cl.pkl
Fin; combination with repetition...time: 0.0016057491302490234
Start for  14_1_1 [1/105]
Fin;generate all combinations 240 ...time: 0.0006124973297119141
Fin; energy prediction...time: 0.19983410835266113
Egy stat [-16.333023, -16.013994, -16.13781, 0.0851498]
Start for  13_2_1 [2/105]
Fin;generate all combinations 1680 ...time: 0.003663778305053711
Fin; energy prediction...time: 0.387082576751709
Egy stat [-18.14148, -17.122519, -17.731098, 0.18862288]
Start for  13_1_2 [3/105]
Fin;generate all combinations 1680 ...time: 0.003756284713745117
Fin; energy prediction...time: 0.359905481338501
Egy stat [-16.746054, -15.807634, -16.173199, 0.21835567]
Start for  12_3_1 [4/105]
Fin;generate all combinations 7280 ...time: 0.012610673904418945
Fin; energy prediction...time: 1.1698551177978516
Egy stat [-19.781391, -18.642069, -19.172394, 0.21087141]
Start for  12_2_2 [5/105]
Fin;generate all combinations 10920 ...time: 0.017711162567138672
Fin; energy prediction...time: 1.682732343673706
Egy stat [-18.644447, -16.976952, -17.833157, 0.27427617]
Start for  12_1_3 [6/105]
Fin;generate all combinations 7280 ...time: 0.06259560585021973
Fin; energy prediction...time: 1.2162859439849854
Egy stat [-17.159641, -15.587008, -16.327137, 0.32158446]
Start for  11_4_1 [7/105]
Fin;generate all combinations 21840 ...time: 0.08452343940734863
Fin; energy prediction...time: 3.094332456588745
Egy stat [-21.362051, -19.608978, -20.514675, 0.19398884]
Start for  11_3_2 [8/105]
Fin;generate all combinations 43680 ...time: 0.12494897842407227
Fin; energy prediction...time: 5.893336296081543
Egy stat [-20.297462, -18.520584, -19.332056, 0.285336]
Start for  11_2_3 [9/105]
Fin;generate all combinations 43680 ...time: 0.1400446891784668
Fin; energy prediction...time: 5.766096353530884
Egy stat [-19.069942, -16.808243, -18.04832, 0.35435417]
Start for  11_1_4 [10/105]
Fin;generate all combinations 21840 ...time: 0.041887521743774414
Fin; energy prediction...time: 3.113886594772339
Egy stat [-17.617447, -15.337427, -16.591846, 0.3999542]
Start for  10_5_1 [11/105]
Fin;generate all combinations 48048 ...time: 0.24390935897827148
Fin; energy prediction...time: 6.4165544509887695
Egy stat [-22.458374, -21.125687, -21.803818, 0.17250015]
Start for  10_4_2 [12/105]
Fin;generate all combinations 120120 ...time: 0.48074841499328613
Fin; energy prediction...time: 15.108754396438599
Egy stat [-21.890167, -19.505062, -20.723991, 0.26366544]
Start for  10_3_3 [13/105]
Fin;generate all combinations 160160 ...time: 0.4531524181365967
Fin; energy prediction...time: 20.437487363815308
Egy stat [-20.73906, -18.40342, -19.599619, 0.3543317]
Start for  10_2_4 [14/105]
Fin;generate all combinations 120120 ...time: 0.598426342010498
Fin; energy prediction...time: 15.159161567687988
Egy stat [-19.53152, -16.797487, -18.369143, 0.4173937]
Start for  10_1_5 [15/105]
Fin;generate all combinations 48048 ...time: 0.10344433784484863
Fin; energy prediction...time: 6.475545406341553
Egy stat [-17.998735, -15.244011, -16.959846, 0.45505717]
Start for  9_6_1 [16/105]
Fin;generate all combinations 80080 ...time: 0.23117351531982422
Fin; energy prediction...time: 10.05319595336914
Egy stat [-23.709034, -22.27483, -23.079205, 0.1766191]
Start for  9_5_2 [17/105]
Fin;generate all combinations 240240 ...time: 0.8610763549804688
Fin; energy prediction...time: 30.141130685806274
Egy stat [-22.957489, -21.05339, -22.056086, 0.23556867]
Start for  9_4_3 [18/105]
Fin;generate all combinations 400400 ...time: 1.2478265762329102
Fin; energy prediction...time: 49.99131798744202
Egy stat [-22.300018, -19.602962, -21.036163, 0.32590255]
Start for  9_3_4 [19/105]
Fin;generate all combinations 400400 ...time: 1.1074492931365967
Fin; energy prediction...time: 50.70974040031433
Egy stat [-21.202692, -18.417992, -19.967997, 0.40779358]
Start for  9_2_5 [20/105]
Fin;generate all combinations 240240 ...time: 0.42922425270080566
Fin; energy prediction...time: 30.252444982528687
Egy stat [-20.109547, -16.728811, -18.788458, 0.4611189]
Start for  9_1_6 [21/105]
Fin;generate all combinations 80080 ...time: 0.4929335117340088
Fin; energy prediction...time: 10.42214035987854
Egy stat [-18.786983, -15.077501, -17.424046, 0.48813534]
Start for  8_7_1 [22/105]
Fin;generate all combinations 102960 ...time: 0.485135555267334
Fin; energy prediction...time: 13.193158864974976
Egy stat [-24.980835, -23.260475, -24.374067, 0.2084038]
Start for  8_6_2 [23/105]
Fin;generate all combinations 360360 ...time: 1.2333238124847412
Fin; energy prediction...time: 44.57682466506958
Egy stat [-24.234737, -22.250029, -23.369097, 0.22593503]
Start for  8_5_3 [24/105]
Fin;generate all combinations 720720 ...time: 2.2881715297698975
Fin; energy prediction...time: 90.03423762321472
Egy stat [-23.395863, -21.159134, -22.40626, 0.2910777]
Start for  8_4_4 [25/105]
Fin;generate all combinations 900900 ...time: 2.4620347023010254
Fin; energy prediction...time: 110.27276372909546
Egy stat [-22.79332, -19.650734, -21.444506, 0.3724374]
Start for  8_3_5 [26/105]
Fin;generate all combinations 720720 ...time: 2.604219436645508
Fin; energy prediction...time: 91.50634002685547
Egy stat [-21.783913, -18.372871, -20.430382, 0.4433132]
Start for  8_2_6 [27/105]
Fin;generate all combinations 360360 ...time: 2.372464656829834
Fin; energy prediction...time: 46.134143590927124
Egy stat [-20.782059, -16.64998, -19.299456, 0.48544663]
Start for  8_1_7 [28/105]
Fin;generate all combinations 102960 ...time: 0.26552391052246094
Fin; energy prediction...time: 13.433408737182617
Egy stat [-19.683487, -14.911854, -17.977806, 0.50033665]
Start for  7_8_1 [29/105]
Fin;generate all combinations 102960 ...time: 0.3679790496826172
Fin; energy prediction...time: 13.305136919021606
Egy stat [-26.375628, -24.592096, -25.715626, 0.2461023]
Start for  7_7_2 [30/105]
Fin;generate all combinations 411840 ...time: 1.6327898502349854
Fin; energy prediction...time: 51.34950065612793
Egy stat [-25.54596, -23.6241, -24.697693, 0.241437]
Start for  7_6_3 [31/105]
Fin;generate all combinations 960960 ...time: 2.618177890777588
Fin; energy prediction...time: 118.76691722869873
Egy stat [-24.765282, -22.580387, -23.751963, 0.27211773]
Start for  7_5_4 [32/105]
Fin;generate all combinations 1441440 ...time: 5.16250205039978
Fin; energy prediction...time: 176.8878951072693
Egy stat [-23.927738, -21.227495, -22.848078, 0.33147183]
Start for  7_4_5 [33/105]
Fin;generate all combinations 1441440 ...time: 8.557762384414673
Fin; energy prediction...time: 179.2332546710968
Egy stat [-23.391102, -19.696186, -21.942604, 0.40138164]
Start for  7_3_6 [34/105]
Fin;generate all combinations 960960 ...time: 1.6592028141021729
Fin; energy prediction...time: 122.58555769920349
Egy stat [-22.445442, -18.278986, -20.98031, 0.46065357]
Start for  7_2_7 [35/105]
Fin;generate all combinations 411840 ...time: 0.834972620010376
Fin; energy prediction...time: 56.00409269332886
Egy stat [-21.533836, -16.545988, -19.89576, 0.49102977]
Start for  7_1_8 [36/105]
Fin;generate all combinations 102960 ...time: 0.2644944190979004
Fin; energy prediction...time: 13.284259557723999
Egy stat [-20.374815, -15.562902, -18.615007, 0.49276376]
Start for  6_9_1 [37/105]
Fin;generate all combinations 80080 ...time: 0.15823960304260254
Fin; energy prediction...time: 10.425062894821167
Egy stat [-27.92245, -26.229303, -27.125044, 0.27138025]
Start for  6_8_2 [38/105]
Fin;generate all combinations 360360 ...time: 1.4166836738586426
Fin; energy prediction...time: 45.77025580406189
Egy stat [-26.885878, -24.95655, -26.070562, 0.26666912]
Start for  6_7_3 [39/105]
Fin;generate all combinations 960960 ...time: 4.824718236923218
Fin; energy prediction...time: 118.72829031944275
Egy stat [-26.083675, -23.974422, -25.109346, 0.27700004]
Start for  6_6_4 [40/105]
Fin;generate all combinations 1681680 ...time: 7.583775043487549
Fin; energy prediction...time: 205.44026160240173
Egy stat [-25.295055, -22.74419, -24.222006, 0.3065232]
Start for  6_5_5 [41/105]
Fin;generate all combinations 2018016 ...time: 11.887690782546997
Fin; energy prediction...time: 249.001127243042
Egy stat [-24.516214, -21.281256, -23.375568, 0.35511768]
Start for  6_4_6 [42/105]
Fin;generate all combinations 1681680 ...time: 13.2566659450531
Fin; energy prediction...time: 208.68588638305664
Egy stat [-23.9954, -19.693396, -22.524393, 0.41266]
Start for  6_3_7 [43/105]
Fin;generate all combinations 960960 ...time: 5.25703239440918
Fin; energy prediction...time: 121.67847537994385
Egy stat [-23.182657, -18.945978, -21.61174, 0.46040523]
Start for  6_2_8 [44/105]
Fin;generate all combinations 360360 ...time: 0.7073512077331543
Fin; energy prediction...time: 46.30420756340027
Egy stat [-22.231167, -17.836555, -20.571514, 0.47888047]
Start for  6_1_9 [45/105]
Fin;generate all combinations 80080 ...time: 0.8788855075836182
Fin; energy prediction...time: 10.802699089050293
Egy stat [-20.745834, -17.066538, -19.330078, 0.46649566]
Start for  5_10_1 [46/105]
Fin;generate all combinations 48048 ...time: 0.11266064643859863
Fin; energy prediction...time: 6.579347848892212
Egy stat [-29.393282, -27.854902, -28.617336, 0.27480686]
Start for  5_9_2 [47/105]
Fin;generate all combinations 240240 ...time: 0.9305589199066162
Fin; energy prediction...time: 30.563498735427856
Egy stat [-28.422806, -26.535881, -27.510344, 0.28274044]
Start for  5_8_3 [48/105]
Fin;generate all combinations 720720 ...time: 3.0401978492736816
Fin; energy prediction...time: 89.12318110466003
Egy stat [-27.502748, -25.214157, -26.508533, 0.29357734]
Start for  5_7_4 [49/105]
Fin;generate all combinations 1441440 ...time: 7.672168731689453
Fin; energy prediction...time: 178.67789459228516
Egy stat [-26.61518, -24.129086, -25.603693, 0.30634487]
Start for  5_6_5 [50/105]
Fin;generate all combinations 2018016 ...time: 10.459365129470825
Fin; energy prediction...time: 248.35915279388428
Egy stat [-25.939297, -22.871235, -24.773708, 0.32703397]
Start for  5_5_6 [51/105]
Fin;generate all combinations 2018016 ...time: 13.586212396621704
Fin; energy prediction...time: 256.73679780960083
Egy stat [-25.113358, -21.812202, -23.98308, 0.36208433]
Start for  5_4_7 [52/105]
Fin;generate all combinations 1441440 ...time: 6.762449026107788
Fin; energy prediction...time: 180.54203867912292
Egy stat [-24.671865, -20.755077, -23.184208, 0.40692648]
Start for  5_3_8 [53/105]
Fin;generate all combinations 720720 ...time: 4.621911287307739
Fin; energy prediction...time: 90.71967649459839
Egy stat [-23.793444, -20.11435, -22.319109, 0.44363084]
Start for  5_2_9 [54/105]
Fin;generate all combinations 240240 ...time: 0.5166804790496826
Fin; energy prediction...time: 31.19936466217041
Egy stat [-22.801788, -19.07574, -21.321356, 0.4503154]
Start for  5_1_10 [55/105]
Fin;generate all combinations 48048 ...time: 0.14172887802124023
Fin; energy prediction...time: 7.366898775100708
Egy stat [-21.19218, -18.500044, -20.118004, 0.42261863]
Start for  4_11_1 [56/105]
Fin;generate all combinations 21840 ...time: 0.0534055233001709
Fin; energy prediction...time: 3.5177741050720215
Egy stat [-30.909935, -29.421497, -30.201262, 0.25354332]
Start for  4_10_2 [57/105]
Fin;generate all combinations 120120 ...time: 0.42612767219543457
Fin; energy prediction...time: 15.631351709365845
Egy stat [-29.937786, -28.079634, -29.033457, 0.2780143]
Start for  4_9_3 [58/105]
Fin;generate all combinations 400400 ...time: 1.3643176555633545
Fin; energy prediction...time: 50.699029207229614
Egy stat [-29.077017, -26.733952, -27.973616, 0.30325523]
Start for  4_8_4 [59/105]
Fin;generate all combinations 900900 ...time: 3.819382667541504
Fin; energy prediction...time: 112.89973521232605
Egy stat [-28.108316, -25.367107, -27.024681, 0.31987178]
Start for  4_7_5 [60/105]
Fin;generate all combinations 1441440 ...time: 6.305376052856445
Fin; energy prediction...time: 177.16077852249146
Egy stat [-27.179443, -24.672853, -26.175728, 0.3268659]
Start for  4_6_6 [61/105]
Fin;generate all combinations 1681680 ...time: 6.542060852050781
Fin; energy prediction...time: 207.35421133041382
Egy stat [-26.522663, -23.613537, -25.401932, 0.333803]
Start for  4_5_7 [62/105]
Fin;generate all combinations 1441440 ...time: 8.429450273513794
Fin; energy prediction...time: 178.9019901752472
Egy stat [-25.727978, -22.791906, -24.665424, 0.3532082]
Start for  4_4_8 [63/105]
Fin;generate all combinations 900900 ...time: 4.27507758140564
Fin; energy prediction...time: 112.10265755653381
Egy stat [-25.328125, -21.314152, -23.916883, 0.3853154]
Start for  4_3_9 [64/105]
Fin;generate all combinations 400400 ...time: 2.5851540565490723
Fin; energy prediction...time: 51.15448546409607
Egy stat [-24.456743, -21.294477, -23.097376, 0.41186726]
Start for  4_2_10 [65/105]
Fin;generate all combinations 120120 ...time: 0.889129638671875
Fin; energy prediction...time: 15.860033988952637
Egy stat [-23.342003, -20.28714, -22.140482, 0.4071056]
Start for  4_1_11 [66/105]
Fin;generate all combinations 21840 ...time: 0.06551504135131836
Fin; energy prediction...time: 3.472761392593384
Egy stat [-21.886383, -19.879025, -20.974298, 0.3622835]
Start for  3_12_1 [67/105]
Fin;generate all combinations 7280 ...time: 0.09008431434631348
Fin; energy prediction...time: 1.7134733200073242
Egy stat [-32.373367, -31.304218, -31.879303, 0.21010524]
Start for  3_11_2 [68/105]
Fin;generate all combinations 43680 ...time: 0.13938331604003906
Fin; energy prediction...time: 6.138076305389404
Egy stat [-31.448942, -29.932135, -30.649975, 0.2486204]
Start for  3_10_3 [69/105]
Fin;generate all combinations 160160 ...time: 0.6575222015380859
Fin; energy prediction...time: 20.655505418777466
Egy stat [-30.546383, -28.567858, -29.522455, 0.293309]
Start for  3_9_4 [70/105]
Fin;generate all combinations 400400 ...time: 1.7784671783447266
Fin; energy prediction...time: 50.02070140838623
Egy stat [-29.61978, -27.200571, -28.510487, 0.32831246]
Start for  3_8_5 [71/105]
Fin;generate all combinations 720720 ...time: 3.4225375652313232
Fin; energy prediction...time: 88.43389773368835
Egy stat [-28.714191, -25.86634, -27.614502, 0.34323257]
Start for  3_7_6 [72/105]
Fin;generate all combinations 960960 ...time: 3.1550352573394775
Fin; energy prediction...time: 124.49403190612793
Egy stat [-27.82684, -25.19292, -26.820805, 0.33886898]
Start for  3_6_7 [73/105]
Fin;generate all combinations 960960 ...time: 3.8342487812042236
Fin; energy prediction...time: 118.4703254699707
Egy stat [-27.229933, -24.128845, -26.101942, 0.32825333]
Start for  3_5_8 [74/105]
Fin;generate all combinations 720720 ...time: 2.9690604209899902
Fin; energy prediction...time: 89.60877633094788
Egy stat [-26.413113, -23.329655, -25.41788, 0.3299841]
Start for  3_4_9 [75/105]
Fin;generate all combinations 400400 ...time: 2.4334568977355957
Fin; energy prediction...time: 50.6108763217926
Egy stat [-26.045538, -22.511383, -24.71775, 0.3495524]
Start for  3_3_10 [76/105]
Fin;generate all combinations 160160 ...time: 0.33663511276245117
Fin; energy prediction...time: 21.703354120254517
Egy stat [-25.091877, -22.40471, -23.942013, 0.36743307]
Start for  3_2_11 [77/105]
Fin;generate all combinations 43680 ...time: 0.10976099967956543
Fin; energy prediction...time: 6.920666456222534
Egy stat [-24.035769, -21.450039, -23.0246, 0.3519592]
Start for  3_1_12 [78/105]
Fin;generate all combinations 7280 ...time: 0.022396087646484375
Fin; energy prediction...time: 1.8131847381591797
Egy stat [-22.598907, -21.14692, -21.895006, 0.286856]
Start for  2_13_1 [79/105]
Fin;generate all combinations 1680 ...time: 0.006485939025878906
Fin; energy prediction...time: 1.050288200378418
Egy stat [-34.118343, -33.327652, -33.647884, 0.15270247]
Start for  2_12_2 [80/105]
Fin;generate all combinations 10920 ...time: 0.022640705108642578
Fin; energy prediction...time: 2.1641502380371094
Egy stat [-32.99028, -31.822487, -32.36353, 0.19826418]
Start for  2_11_3 [81/105]
Fin;generate all combinations 43680 ...time: 0.09110856056213379
Fin; energy prediction...time: 6.426701784133911
Egy stat [-32.049957, -30.433388, -31.166449, 0.2599492]
Start for  2_10_4 [82/105]
Fin;generate all combinations 120120 ...time: 0.5460350513458252
Fin; energy prediction...time: 15.692306995391846
Egy stat [-31.127659, -29.033514, -30.080404, 0.31860706]
Start for  2_9_5 [83/105]
Fin;generate all combinations 240240 ...time: 0.9500343799591064
Fin; energy prediction...time: 30.333510160446167
Egy stat [-30.178242, -27.68204, -29.116983, 0.35637224]
Start for  2_8_6 [84/105]
Fin;generate all combinations 360360 ...time: 1.8361053466796875
Fin; energy prediction...time: 45.39555287361145
Egy stat [-29.388094, -26.320057, -28.273918, 0.36416337]
Start for  2_7_7 [85/105]
Fin;generate all combinations 411840 ...time: 1.9112792015075684
Fin; energy prediction...time: 51.62821006774902
Egy stat [-28.518497, -25.70263, -27.534771, 0.3445028]
Start for  2_6_8 [86/105]
Fin;generate all combinations 360360 ...time: 1.2974700927734375
Fin; energy prediction...time: 46.028889894485474
Egy stat [-27.892645, -24.566874, -26.869553, 0.3131305]
Start for  2_5_9 [87/105]
Fin;generate all combinations 240240 ...time: 0.493924617767334
Fin; energy prediction...time: 30.85879373550415
Egy stat [-27.174557, -24.49031, -26.236206, 0.2949483]
Start for  2_4_10 [88/105]
Fin;generate all combinations 120120 ...time: 0.2597057819366455
Fin; energy prediction...time: 16.648686170578003
Egy stat [-26.771841, -23.618153, -25.582651, 0.30251575]
Start for  2_3_11 [89/105]
Fin;generate all combinations 43680 ...time: 0.10155558586120605
Fin; energy prediction...time: 6.3134026527404785
Egy stat [-25.83023, -23.542355, -24.849012, 0.3143277]
Start for  2_2_12 [90/105]
Fin;generate all combinations 10920 ...time: 0.13180065155029297
Fin; energy prediction...time: 2.311138868331909
Egy stat [-24.802395, -22.794327, -23.969944, 0.2898803]
Start for  2_1_13 [91/105]
Fin;generate all combinations 1680 ...time: 0.00606989860534668
Fin; energy prediction...time: 1.1051242351531982
Egy stat [-23.331638, -22.474255, -22.876646, 0.19850399]
Start for  1_14_1 [92/105]
Fin;generate all combinations 240 ...time: 0.0013663768768310547
Fin; energy prediction...time: 0.9944412708282471
Egy stat [-35.673172, -35.329025, -35.497852, 0.099518515]
Start for  1_13_2 [93/105]
Fin;generate all combinations 1680 ...time: 0.003936052322387695
Fin; energy prediction...time: 1.0430364608764648
Egy stat [-34.477474, -33.84619, -34.1715, 0.14227907]
Start for  1_12_3 [94/105]
Fin;generate all combinations 7280 ...time: 0.017235517501831055
Fin; energy prediction...time: 1.794562816619873
Egy stat [-33.380447, -32.334656, -32.91045, 0.21046]
Start for  1_11_4 [95/105]
Fin;generate all combinations 21840 ...time: 0.047241926193237305
Fin; energy prediction...time: 3.835578441619873
Egy stat [-32.43303, -30.920301, -31.747202, 0.28840053]
Start for  1_10_5 [96/105]
Fin;generate all combinations 48048 ...time: 0.22971272468566895
Fin; energy prediction...time: 7.0953240394592285
Egy stat [-31.68178, -29.504719, -30.703848, 0.35327032]
Start for  1_9_6 [97/105]
Fin;generate all combinations 80080 ...time: 0.2890770435333252
Fin; energy prediction...time: 10.719971179962158
Egy stat [-30.83027, -28.135193, -29.789564, 0.3880568]
Start for  1_8_7 [98/105]
Fin;generate all combinations 102960 ...time: 0.3587157726287842
Fin; energy prediction...time: 13.47538137435913
Egy stat [-30.08778, -26.776152, -28.999327, 0.38497213]
Start for  1_7_8 [99/105]
Fin;generate all combinations 102960 ...time: 0.42140626907348633
Fin; energy prediction...time: 13.958830118179321
Egy stat [-29.197725, -26.188416, -28.313938, 0.3475818]
Start for  1_6_9 [100/105]
Fin;generate all combinations 80080 ...time: 0.3838362693786621
Fin; energy prediction...time: 10.861502885818481
Egy stat [-28.653154, -25.740643, -27.700996, 0.29320264]
Start for  1_5_10 [101/105]
Fin;generate all combinations 48048 ...time: 0.23378944396972656
Fin; energy prediction...time: 6.9107513427734375
Egy stat [-27.908947, -25.661478, -27.11668, 0.25291067]
Start for  1_4_11 [102/105]
Fin;generate all combinations 21840 ...time: 0.04974675178527832
Fin; energy prediction...time: 3.8076438903808594
Egy stat [-27.464874, -25.028168, -26.507927, 0.24991122]
Start for  1_3_12 [103/105]
Fin;generate all combinations 7280 ...time: 0.01780557632446289
Fin; energy prediction...time: 1.9024460315704346
Egy stat [-26.573956, -24.881306, -25.814886, 0.26063198]
Start for  1_2_13 [104/105]
Fin;generate all combinations 1680 ...time: 0.005026340484619141
Fin; energy prediction...time: 1.1218957901000977
Egy stat [-25.551434, -24.123524, -24.973223, 0.23206922]
Start for  1_1_14 [105/105]
Fin;generate all combinations 240 ...time: 0.001220703125
Fin; energy prediction...time: 0.8886592388153076
Egy stat [-24.105331, -23.74876, -23.916195, 0.104462706]
Saving....
Saved to... K_CdGeHg_Cl.pkl
Total elapsed time... 5627.728618383408
