Summary of calculations
Site name (A,B,C)... K Cd,Hg,Sn I
Base cif file name... ../0.cif
Save file name... K_CdHgSn_I.pkl
Fin; combination with repetition...time: 0.0015861988067626953
Start for  14_1_1 [1/105]
Fin;generate all combinations 240 ...time: 0.000637054443359375
Fin; energy prediction...time: 0.20021319389343262
Egy stat [25.728481, 26.016022, 25.883139, 0.0876971]
Start for  13_2_1 [2/105]
Fin;generate all combinations 1680 ...time: 0.0035009384155273438
Fin; energy prediction...time: 0.38748788833618164
Egy stat [25.942364, 26.776127, 26.443075, 0.216275]
Start for  13_1_2 [3/105]
Fin;generate all combinations 1680 ...time: 0.0040171146392822266
Fin; energy prediction...time: 0.3995366096496582
Egy stat [23.593418, 24.531956, 23.958977, 0.17070559]
Start for  12_3_1 [4/105]
Fin;generate all combinations 7280 ...time: 0.012752056121826172
Fin; energy prediction...time: 1.1685335636138916
Egy stat [26.252934, 27.567215, 26.929276, 0.32447344]
Start for  12_2_2 [5/105]
Fin;generate all combinations 10920 ...time: 0.017284631729125977
Fin; energy prediction...time: 1.6768720149993896
Egy stat [23.781086, 25.32322, 24.546526, 0.2606497]
Start for  12_1_3 [6/105]
Fin;generate all combinations 7280 ...time: 0.052393198013305664
Fin; energy prediction...time: 1.1404342651367188
Egy stat [21.546402, 22.84859, 22.086433, 0.2111915]
Start for  11_4_1 [7/105]
Fin;generate all combinations 21840 ...time: 0.07477760314941406
Fin; energy prediction...time: 3.0376532077789307
Egy stat [26.224857, 28.421082, 27.34757, 0.41042286]
Start for  11_3_2 [8/105]
Fin;generate all combinations 43680 ...time: 0.11232566833496094
Fin; energy prediction...time: 5.764370679855347
Egy stat [24.184319, 26.149403, 25.061197, 0.35339737]
Start for  11_2_3 [9/105]
Fin;generate all combinations 43680 ...time: 0.14980030059814453
Fin; energy prediction...time: 5.806439399719238
Egy stat [21.829926, 23.696766, 22.696346, 0.28742868]
Start for  11_1_4 [10/105]
Fin;generate all combinations 21840 ...time: 0.04024791717529297
Fin; energy prediction...time: 3.082509994506836
Egy stat [19.520584, 21.54292, 20.223484, 0.23778316]
Start for  10_5_1 [11/105]
Fin;generate all combinations 48048 ...time: 0.17813587188720703
Fin; energy prediction...time: 6.213744163513184
Egy stat [26.52621, 29.221016, 27.703253, 0.47435346]
Start for  10_4_2 [12/105]
Fin;generate all combinations 120120 ...time: 0.42598414421081543
Fin; energy prediction...time: 15.203788042068481
Egy stat [24.230453, 27.00887, 25.507656, 0.4309595]
Start for  10_3_3 [13/105]
Fin;generate all combinations 160160 ...time: 0.6284315586090088
Fin; energy prediction...time: 20.297704219818115
Egy stat [22.220985, 24.53236, 23.233978, 0.37077853]
Start for  10_2_4 [14/105]
Fin;generate all combinations 120120 ...time: 0.35756635665893555
Fin; energy prediction...time: 15.11520504951477
Egy stat [19.839088, 22.432384, 20.850378, 0.30516145]
Start for  10_1_5 [15/105]
Fin;generate all combinations 48048 ...time: 0.09099364280700684
Fin; energy prediction...time: 6.727198839187622
Egy stat [17.448456, 19.523651, 18.336658, 0.26289225]
Start for  9_6_1 [16/105]
Fin;generate all combinations 80080 ...time: 0.2233579158782959
Fin; energy prediction...time: 10.353138208389282
Egy stat [26.422077, 30.055336, 28.000774, 0.5168469]
Start for  9_5_2 [17/105]
Fin;generate all combinations 240240 ...time: 0.6505630016326904
Fin; energy prediction...time: 29.80821442604065
Egy stat [24.53194, 27.877369, 25.890064, 0.48940572]
Start for  9_4_3 [18/105]
Fin;generate all combinations 400400 ...time: 1.2448351383209229
Fin; energy prediction...time: 49.45528435707092
Egy stat [22.272667, 25.398201, 23.702955, 0.44217947]
Start for  9_3_4 [19/105]
Fin;generate all combinations 400400 ...time: 1.592357873916626
Fin; energy prediction...time: 49.90281677246094
Egy stat [20.237713, 23.267918, 21.405489, 0.3812139]
Start for  9_2_5 [20/105]
Fin;generate all combinations 240240 ...time: 0.9554834365844727
Fin; energy prediction...time: 30.39958167076111
Egy stat [17.838614, 20.43324, 18.975142, 0.32188234]
Start for  9_1_6 [21/105]
Fin;generate all combinations 80080 ...time: 0.16982698440551758
Fin; energy prediction...time: 10.44851803779602
Egy stat [15.305674, 17.782337, 16.400173, 0.2874721]
Start for  8_7_1 [22/105]
Fin;generate all combinations 102960 ...time: 0.5159952640533447
Fin; energy prediction...time: 13.014561414718628
Egy stat [26.395187, 30.956646, 28.24355, 0.5385929]
Start for  8_6_2 [23/105]
Fin;generate all combinations 360360 ...time: 1.3169653415679932
Fin; energy prediction...time: 45.50922131538391
Egy stat [24.45905, 28.715214, 26.21183, 0.52786785]
Start for  8_5_3 [24/105]
Fin;generate all combinations 720720 ...time: 2.404026508331299
Fin; energy prediction...time: 90.97678852081299
Egy stat [22.526424, 26.247112, 24.106457, 0.49623042]
Start for  8_4_4 [25/105]
Fin;generate all combinations 900900 ...time: 3.49010968208313
Fin; energy prediction...time: 112.09286189079285
Egy stat [20.306057, 24.131557, 21.891531, 0.4473924]
Start for  8_3_5 [26/105]
Fin;generate all combinations 720720 ...time: 2.5139496326446533
Fin; energy prediction...time: 90.93327713012695
Egy stat [18.196966, 21.325783, 19.54236, 0.39071327]
Start for  8_2_6 [27/105]
Fin;generate all combinations 360360 ...time: 0.6680214405059814
Fin; energy prediction...time: 45.134114503860474
Egy stat [15.755104, 18.692974, 17.044975, 0.33836672]
Start for  8_1_7 [28/105]
Fin;generate all combinations 102960 ...time: 0.8441262245178223
Fin; energy prediction...time: 13.380445718765259
Egy stat [13.158779, 15.913168, 14.395116, 0.3069776]
Start for  7_8_1 [29/105]
Fin;generate all combinations 102960 ...time: 0.41806483268737793
Fin; energy prediction...time: 13.541680574417114
Egy stat [26.091644, 31.802917, 28.433811, 0.5402715]
Start for  7_7_2 [30/105]
Fin;generate all combinations 411840 ...time: 1.674626111984253
Fin; energy prediction...time: 50.843079805374146
Egy stat [24.383698, 29.651428, 26.475422, 0.5464128]
Start for  7_6_3 [31/105]
Fin;generate all combinations 960960 ...time: 3.4262638092041016
Fin; energy prediction...time: 120.32468581199646
Egy stat [22.506443, 27.125534, 24.446943, 0.5313352]
Start for  7_5_4 [32/105]
Fin;generate all combinations 1441440 ...time: 5.0938403606414795
Fin; energy prediction...time: 180.8483531475067
Egy stat [20.650349, 25.002647, 22.310762, 0.49760526]
Start for  7_4_5 [33/105]
Fin;generate all combinations 1441440 ...time: 9.115224361419678
Fin; energy prediction...time: 185.27297353744507
Egy stat [18.435595, 22.246227, 20.040192, 0.451695]
Start for  7_3_6 [34/105]
Fin;generate all combinations 960960 ...time: 1.7176756858825684
Fin; energy prediction...time: 122.06979823112488
Egy stat [16.183952, 19.632483, 17.61909, 0.4000667]
Start for  7_2_7 [35/105]
Fin;generate all combinations 411840 ...time: 0.7432396411895752
Fin; energy prediction...time: 52.75553822517395
Egy stat [13.673199, 16.829807, 15.041146, 0.35077205]
Start for  7_1_8 [36/105]
Fin;generate all combinations 102960 ...time: 0.23552942276000977
Fin; energy prediction...time: 13.745370388031006
Egy stat [10.8405285, 14.290178, 12.308691, 0.3163829]
Start for  6_9_1 [37/105]
Fin;generate all combinations 80080 ...time: 0.15782976150512695
Fin; energy prediction...time: 11.752274751663208
Egy stat [26.754753, 31.111267, 28.57261, 0.522477]
Start for  6_8_2 [38/105]
Fin;generate all combinations 360360 ...time: 1.2684588432312012
Fin; energy prediction...time: 45.10852932929993
Egy stat [24.104107, 29.968632, 26.68224, 0.54544663]
Start for  6_7_3 [39/105]
Fin;generate all combinations 960960 ...time: 3.426997423171997
Fin; energy prediction...time: 118.32751202583313
Egy stat [22.491295, 27.891373, 24.726023, 0.54720485]
Start for  6_6_4 [40/105]
Fin;generate all combinations 1681680 ...time: 6.529263973236084
Fin; energy prediction...time: 214.4519567489624
Egy stat [20.660887, 25.943645, 22.664824, 0.5298121]
Start for  6_5_5 [41/105]
Fin;generate all combinations 2018016 ...time: 7.112095594406128
Fin; energy prediction...time: 249.06637120246887
Egy stat [18.75714, 23.104542, 20.470058, 0.49825603]
Start for  6_4_6 [42/105]
Fin;generate all combinations 1681680 ...time: 11.94943618774414
Fin; energy prediction...time: 208.7551407814026
Egy stat [16.444557, 20.601011, 18.123604, 0.45599055]
Start for  6_3_7 [43/105]
Fin;generate all combinations 960960 ...time: 5.5614845752716064
Fin; energy prediction...time: 122.15919351577759
Egy stat [14.15992, 17.79371, 15.61712, 0.4061357]
Start for  6_2_8 [44/105]
Fin;generate all combinations 360360 ...time: 2.472766160964966
Fin; energy prediction...time: 45.26230812072754
Egy stat [11.662495, 15.236172, 12.951097, 0.35446003]
Start for  6_1_9 [45/105]
Fin;generate all combinations 80080 ...time: 0.2074573040008545
Fin; energy prediction...time: 11.448493719100952
Egy stat [8.918402, 11.651211, 10.133491, 0.31232807]
Start for  5_10_1 [46/105]
Fin;generate all combinations 48048 ...time: 0.1082923412322998
Fin; energy prediction...time: 6.914572477340698
Egy stat [27.170551, 30.516796, 28.659872, 0.48567533]
Start for  5_9_2 [47/105]
Fin;generate all combinations 240240 ...time: 1.1216645240783691
Fin; energy prediction...time: 30.15371346473694
Egy stat [24.811554, 29.319809, 26.83259, 0.52551156]
Start for  5_8_3 [48/105]
Fin;generate all combinations 720720 ...time: 3.1263797283172607
Fin; energy prediction...time: 87.6815755367279
Egy stat [22.27346, 27.992538, 24.944298, 0.54410505]
Start for  5_7_4 [49/105]
Fin;generate all combinations 1441440 ...time: 6.061182498931885
Fin; energy prediction...time: 179.28519439697266
Egy stat [20.56962, 26.13876, 22.95444, 0.54350483]
Start for  5_6_5 [50/105]
Fin;generate all combinations 2018016 ...time: 7.277986526489258
Fin; energy prediction...time: 255.00776195526123
Egy stat [18.839697, 23.897858, 20.832739, 0.52799904]
Start for  5_5_6 [51/105]
Fin;generate all combinations 2018016 ...time: 8.657596588134766
Fin; energy prediction...time: 252.66201663017273
Egy stat [16.692762, 21.455008, 18.559141, 0.49928817]
Start for  5_4_7 [52/105]
Fin;generate all combinations 1441440 ...time: 7.47382926940918
Fin; energy prediction...time: 181.37361574172974
Egy stat [14.4559, 18.791183, 16.12336, 0.45768487]
Start for  5_3_8 [53/105]
Fin;generate all combinations 720720 ...time: 4.151601314544678
Fin; energy prediction...time: 91.43843865394592
Egy stat [12.0748005, 16.192127, 13.524065, 0.40480423]
Start for  5_2_9 [54/105]
Fin;generate all combinations 240240 ...time: 0.5023360252380371
Fin; energy prediction...time: 30.736762762069702
Egy stat [9.617363, 12.541746, 10.767667, 0.34616122]
Start for  5_1_10 [55/105]
Fin;generate all combinations 48048 ...time: 0.5409262180328369
Fin; energy prediction...time: 6.794691324234009
Egy stat [6.8667183, 8.996613, 7.8668213, 0.29348344]
Start for  4_11_1 [56/105]
Fin;generate all combinations 21840 ...time: 0.056092262268066406
Fin; energy prediction...time: 3.535118818283081
Egy stat [27.582, 29.9916, 28.694489, 0.43020248]
Start for  4_10_2 [57/105]
Fin;generate all combinations 120120 ...time: 0.3852519989013672
Fin; energy prediction...time: 15.799914836883545
Egy stat [25.224709, 28.958763, 26.925764, 0.48727077]
Start for  4_9_3 [58/105]
Fin;generate all combinations 400400 ...time: 1.4917798042297363
Fin; energy prediction...time: 50.34173893928528
Egy stat [22.947231, 27.719337, 25.101372, 0.5226339]
Start for  4_8_4 [59/105]
Fin;generate all combinations 900900 ...time: 3.8310368061065674
Fin; energy prediction...time: 113.65606451034546
Egy stat [20.371458, 26.816856, 23.179487, 0.538918]
Start for  4_7_5 [60/105]
Fin;generate all combinations 1441440 ...time: 8.95987319946289
Fin; energy prediction...time: 183.28678441047668
Egy stat [18.800285, 24.264668, 21.128197, 0.54028094]
Start for  4_6_6 [61/105]
Fin;generate all combinations 1681680 ...time: 8.388541460037231
Fin; energy prediction...time: 207.20953583717346
Egy stat [16.937702, 22.00343, 18.925663, 0.5273201]
Start for  4_5_7 [62/105]
Fin;generate all combinations 1441440 ...time: 9.654366970062256
Fin; energy prediction...time: 186.65940618515015
Egy stat [14.677378, 19.497772, 16.559698, 0.4985436]
Start for  4_4_8 [63/105]
Fin;generate all combinations 900900 ...time: 4.32774543762207
Fin; energy prediction...time: 112.71490120887756
Egy stat [12.322226, 17.220133, 14.027183, 0.45311987]
Start for  4_3_9 [64/105]
Fin;generate all combinations 400400 ...time: 0.8262035846710205
Fin; energy prediction...time: 50.415616512298584
Egy stat [10.04174, 13.489599, 11.332926, 0.3930444]
Start for  4_2_10 [65/105]
Fin;generate all combinations 120120 ...time: 0.2762031555175781
Fin; energy prediction...time: 16.40611243247986
Egy stat [7.493929, 9.887465, 8.488396, 0.32463166]
Start for  4_1_11 [66/105]
Fin;generate all combinations 21840 ...time: 0.06104302406311035
Fin; energy prediction...time: 3.6622848510742188
Egy stat [4.691001, 6.393713, 5.5100617, 0.26031008]
Start for  3_12_1 [67/105]
Fin;generate all combinations 7280 ...time: 0.021242618560791016
Fin; energy prediction...time: 1.7966060638427734
Egy stat [27.8205, 29.697304, 28.674519, 0.356332]
Start for  3_11_2 [68/105]
Fin;generate all combinations 43680 ...time: 0.08325529098510742
Fin; energy prediction...time: 6.218036890029907
Egy stat [25.668358, 28.77576, 26.960133, 0.43170995]
Start for  3_10_3 [69/105]
Fin;generate all combinations 160160 ...time: 0.6958436965942383
Fin; energy prediction...time: 20.374349117279053
Egy stat [23.439835, 27.50066, 25.195906, 0.48380536]
Start for  3_9_4 [70/105]
Fin;generate all combinations 400400 ...time: 1.5284559726715088
Fin; energy prediction...time: 50.0392541885376
Egy stat [21.064209, 26.543045, 23.33884, 0.51685447]
Start for  3_8_5 [71/105]
Fin;generate all combinations 720720 ...time: 3.047088623046875
Fin; energy prediction...time: 88.50024080276489
Egy stat [18.711664, 24.98042, 21.355526, 0.53544223]
Start for  3_7_6 [72/105]
Fin;generate all combinations 960960 ...time: 4.445813417434692
Fin; energy prediction...time: 122.72089004516602
Egy stat [16.889528, 22.743607, 19.222347, 0.5394396]
Start for  3_6_7 [73/105]
Fin;generate all combinations 960960 ...time: 3.8104772567749023
Fin; energy prediction...time: 119.37787818908691
Egy stat [14.94784, 20.166367, 16.925314, 0.52602506]
Start for  3_5_8 [74/105]
Fin;generate all combinations 720720 ...time: 4.590592384338379
Fin; energy prediction...time: 89.19931769371033
Egy stat [12.500597, 17.908388, 14.459495, 0.4927324]
Start for  3_4_9 [75/105]
Fin;generate all combinations 400400 ...time: 1.963296890258789
Fin; energy prediction...time: 50.398412466049194
Egy stat [10.380104, 14.30105, 11.828134, 0.43953755]
Start for  3_3_10 [76/105]
Fin;generate all combinations 160160 ...time: 0.3393580913543701
Fin; energy prediction...time: 20.515502214431763
Egy stat [7.872261, 10.681957, 9.04139, 0.36978406]
Start for  3_2_11 [77/105]
Fin;generate all combinations 43680 ...time: 0.33588624000549316
Fin; energy prediction...time: 6.42170524597168
Egy stat [5.3058224, 7.145666, 6.114893, 0.29064468]
Start for  3_1_12 [78/105]
Fin;generate all combinations 7280 ...time: 0.022660017013549805
Fin; energy prediction...time: 1.8154475688934326
Egy stat [2.3607063, 3.843649, 3.0680633, 0.21468467]
Start for  2_13_1 [79/105]
Fin;generate all combinations 1680 ...time: 0.0067958831787109375
Fin; energy prediction...time: 1.009092092514038
Egy stat [28.00336, 29.161293, 28.597326, 0.26458144]
Start for  2_12_2 [80/105]
Fin;generate all combinations 10920 ...time: 0.022869348526000977
Fin; energy prediction...time: 2.3552510738372803
Egy stat [25.94099, 28.212719, 26.933304, 0.36086252]
Start for  2_11_3 [81/105]
Fin;generate all combinations 43680 ...time: 0.1454780101776123
Fin; energy prediction...time: 6.306089401245117
Egy stat [23.840302, 27.104404, 25.225721, 0.42955676]
Start for  2_10_4 [82/105]
Fin;generate all combinations 120120 ...time: 0.42783117294311523
Fin; energy prediction...time: 15.781897783279419
Egy stat [21.67361, 26.356018, 23.430525, 0.47894555]
Start for  2_9_5 [83/105]
Fin;generate all combinations 240240 ...time: 1.210402011871338
Fin; energy prediction...time: 31.1491801738739
Egy stat [19.390297, 24.693718, 21.512875, 0.5147386]
Start for  2_8_6 [84/105]
Fin;generate all combinations 360360 ...time: 1.5819001197814941
Fin; energy prediction...time: 45.54263687133789
Egy stat [16.87334, 23.50674, 19.44748, 0.5362985]
Start for  2_7_7 [85/105]
Fin;generate all combinations 411840 ...time: 2.012965679168701
Fin; energy prediction...time: 53.081536293029785
Egy stat [14.966793, 20.909372, 17.218544, 0.53967917]
Start for  2_6_8 [86/105]
Fin;generate all combinations 360360 ...time: 1.4751527309417725
Fin; energy prediction...time: 47.02749180793762
Egy stat [12.726316, 18.655521, 14.819363, 0.5211463]
Start for  2_5_9 [87/105]
Fin;generate all combinations 240240 ...time: 0.989351749420166
Fin; energy prediction...time: 30.59736442565918
Egy stat [10.581982, 14.984282, 12.251545, 0.47934598]
Start for  2_4_10 [88/105]
Fin;generate all combinations 120120 ...time: 0.24809551239013672
Fin; energy prediction...time: 15.86110234260559
Egy stat [8.153498, 11.415192, 9.5239315, 0.41606534]
Start for  2_3_11 [89/105]
Fin;generate all combinations 43680 ...time: 0.09784483909606934
Fin; energy prediction...time: 6.275081157684326
Egy stat [5.704527, 7.8653946, 6.6511803, 0.3360812]
Start for  2_2_12 [90/105]
Fin;generate all combinations 10920 ...time: 0.11311960220336914
Fin; energy prediction...time: 2.1585590839385986
Egy stat [3.0361757, 4.527199, 3.6522114, 0.24679989]
Start for  2_1_13 [91/105]
Fin;generate all combinations 1680 ...time: 0.006310939788818359
Fin; energy prediction...time: 1.0086965560913086
Egy stat [0.16574669, 0.9485178, 0.54856485, 0.15940826]
Start for  1_14_1 [92/105]
Fin;generate all combinations 240 ...time: 0.0017273426055908203
Fin; energy prediction...time: 0.8171887397766113
Egy stat [28.154564, 28.692917, 28.459736, 0.15755753]
Start for  1_13_2 [93/105]
Fin;generate all combinations 1680 ...time: 0.003855466842651367
Fin; energy prediction...time: 0.9873852729797363
Egy stat [26.187103, 27.695564, 26.842272, 0.28035375]
Start for  1_12_3 [94/105]
Fin;generate all combinations 7280 ...time: 0.01609015464782715
Fin; energy prediction...time: 1.7021336555480957
Egy stat [24.23864, 26.522701, 25.187923, 0.36430737]
Start for  1_11_4 [95/105]
Fin;generate all combinations 21840 ...time: 0.048041343688964844
Fin; energy prediction...time: 3.5739688873291016
Egy stat [22.160954, 25.735157, 23.451756, 0.42859825]
Start for  1_10_5 [96/105]
Fin;generate all combinations 48048 ...time: 0.22254729270935059
Fin; energy prediction...time: 6.946394920349121
Egy stat [19.91423, 24.339912, 21.597586, 0.48086166]
Start for  1_9_6 [97/105]
Fin;generate all combinations 80080 ...time: 0.28227806091308594
Fin; energy prediction...time: 10.782670259475708
Egy stat [17.540606, 23.20578, 19.598482, 0.5199356]
Start for  1_8_7 [98/105]
Fin;generate all combinations 102960 ...time: 0.3594937324523926
Fin; energy prediction...time: 13.71417498588562
Egy stat [15.137915, 21.69331, 17.436882, 0.5407275]
Start for  1_7_8 [99/105]
Fin;generate all combinations 102960 ...time: 0.4178309440612793
Fin; energy prediction...time: 13.576719522476196
Egy stat [13.1685505, 19.41208, 15.104307, 0.5383548]
Start for  1_6_9 [100/105]
Fin;generate all combinations 80080 ...time: 0.3690981864929199
Fin; energy prediction...time: 10.672862768173218
Egy stat [10.950016, 15.6907215, 12.600708, 0.510417]
Start for  1_5_10 [101/105]
Fin;generate all combinations 48048 ...time: 0.23421001434326172
Fin; energy prediction...time: 6.699324369430542
Egy stat [8.598412, 12.072956, 9.933507, 0.45771617]
Start for  1_4_11 [102/105]
Fin;generate all combinations 21840 ...time: 0.04861044883728027
Fin; energy prediction...time: 3.4971506595611572
Egy stat [5.997261, 8.564491, 7.116325, 0.3839739]
Start for  1_3_12 [103/105]
Fin;generate all combinations 7280 ...time: 0.017520666122436523
Fin; energy prediction...time: 1.7001807689666748
Egy stat [3.4939442, 5.213456, 4.167459, 0.2949481]
Start for  1_2_13 [104/105]
Fin;generate all combinations 1680 ...time: 0.005151510238647461
Fin; energy prediction...time: 0.9698715209960938
Egy stat [0.76861477, 1.597414, 1.1082689, 0.1972462]
Start for  1_1_14 [105/105]
Fin;generate all combinations 240 ...time: 0.0019936561584472656
Fin; energy prediction...time: 0.7711596488952637
Egy stat [-2.1807413, -1.8618689, -2.038355, 0.097090654]
Saving....
Saved to... K_CdHgSn_I.pkl
Total elapsed time... 5651.151768684387
