Summary of calculations
Site name (A,B,C)... K Cd,Ge,Zn Cl
Base cif file name... ../0.cif
Save file name... K_CdGeZn_Cl.pkl
Fin; combination with repetition...time: 0.0017821788787841797
Start for  14_1_1 [1/105]
Fin;generate all combinations 240 ...time: 0.0006160736083984375
Fin; energy prediction...time: 0.22452235221862793
Egy stat [-13.203467, -12.82801, -13.032506, 0.08929973]
Start for  13_2_1 [2/105]
Fin;generate all combinations 1680 ...time: 0.003438711166381836
Fin; energy prediction...time: 0.3515326976776123
Egy stat [-14.96163, -13.900275, -14.561375, 0.17386712]
Start for  13_1_2 [3/105]
Fin;generate all combinations 1680 ...time: 0.003925323486328125
Fin; energy prediction...time: 0.38248586654663086
Egy stat [-10.315767, -9.568939, -9.934468, 0.1565852]
Start for  12_3_1 [4/105]
Fin;generate all combinations 7280 ...time: 0.012546777725219727
Fin; energy prediction...time: 1.127229928970337
Egy stat [-16.55114, -15.399719, -15.94205, 0.18934216]
Start for  12_2_2 [5/105]
Fin;generate all combinations 10920 ...time: 0.016799449920654297
Fin; energy prediction...time: 1.6710329055786133
Egy stat [-12.144922, -10.568583, -11.477464, 0.2182323]
Start for  12_1_3 [6/105]
Fin;generate all combinations 7280 ...time: 0.0648043155670166
Fin; energy prediction...time: 1.1976244449615479
Egy stat [-7.5857706, -6.2470307, -6.933055, 0.21639243]
Start for  11_4_1 [7/105]
Fin;generate all combinations 21840 ...time: 0.07733798027038574
Fin; energy prediction...time: 2.9568817615509033
Egy stat [-17.894535, -16.457851, -17.227465, 0.1741445]
Start for  11_3_2 [8/105]
Fin;generate all combinations 43680 ...time: 0.11252951622009277
Fin; energy prediction...time: 5.717078685760498
Egy stat [-13.62772, -12.109652, -12.867133, 0.23212643]
Start for  11_2_3 [9/105]
Fin;generate all combinations 43680 ...time: 0.15125083923339844
Fin; energy prediction...time: 5.72402548789978
Egy stat [-9.382507, -7.2914343, -8.495531, 0.26663074]
Start for  11_1_4 [10/105]
Fin;generate all combinations 21840 ...time: 0.04040718078613281
Fin; energy prediction...time: 3.0102248191833496
Egy stat [-5.05569, -2.940372, -4.0265284, 0.26705128]
Start for  10_5_1 [11/105]
Fin;generate all combinations 48048 ...time: 0.2373807430267334
Fin; energy prediction...time: 6.4720070362091064
Egy stat [-18.940948, -17.84803, -18.463598, 0.16729501]
Start for  10_4_2 [12/105]
Fin;generate all combinations 120120 ...time: 0.4788656234741211
Fin; energy prediction...time: 14.995647668838501
Egy stat [-14.975592, -13.247925, -14.157498, 0.22344418]
Start for  10_3_3 [13/105]
Fin;generate all combinations 160160 ...time: 0.6335747241973877
Fin; energy prediction...time: 19.892876625061035
Egy stat [-10.956938, -8.818811, -9.899904, 0.27977428]
Start for  10_2_4 [14/105]
Fin;generate all combinations 120120 ...time: 0.36224937438964844
Fin; energy prediction...time: 15.275099992752075
Egy stat [-6.8997407, -3.9775429, -5.6131167, 0.3115635]
Start for  10_1_5 [15/105]
Fin;generate all combinations 48048 ...time: 0.09057140350341797
Fin; energy prediction...time: 6.511450290679932
Egy stat [-2.4661922, -0.112957954, -1.2132406, 0.30805832]
Start for  9_6_1 [16/105]
Fin;generate all combinations 80080 ...time: 0.22832274436950684
Fin; energy prediction...time: 10.135955572128296
Egy stat [-20.254799, -19.040083, -19.69001, 0.19472441]
Start for  9_5_2 [17/105]
Fin;generate all combinations 240240 ...time: 0.6479265689849854
Fin; energy prediction...time: 29.618231058120728
Egy stat [-16.179596, -14.598303, -15.395922, 0.22614753]
Start for  9_4_3 [18/105]
Fin;generate all combinations 400400 ...time: 1.2098894119262695
Fin; energy prediction...time: 49.02557969093323
Egy stat [-12.345318, -9.959401, -11.201229, 0.2755284]
Start for  9_3_4 [19/105]
Fin;generate all combinations 400400 ...time: 1.571779489517212
Fin; energy prediction...time: 50.075305700302124
Egy stat [-8.538053, -5.6083336, -7.037183, 0.3244422]
Start for  9_2_5 [20/105]
Fin;generate all combinations 240240 ...time: 0.4106900691986084
Fin; energy prediction...time: 30.917178630828857
Egy stat [-4.3491173, -1.3431644, -2.8278332, 0.35009065]
Start for  9_1_6 [21/105]
Fin;generate all combinations 80080 ...time: 0.5749297142028809
Fin; energy prediction...time: 10.393966913223267
Egy stat [-0.079361916, 2.6105804, 1.508315, 0.33904526]
Start for  8_7_1 [22/105]
Fin;generate all combinations 102960 ...time: 0.4639725685119629
Fin; energy prediction...time: 12.9326810836792
Egy stat [-21.705875, -20.013062, -20.940138, 0.24511828]
Start for  8_6_2 [23/105]
Fin;generate all combinations 360360 ...time: 1.3592252731323242
Fin; energy prediction...time: 44.34774446487427
Egy stat [-17.548883, -15.684665, -16.623522, 0.25888294]
Start for  8_5_3 [24/105]
Fin;generate all combinations 720720 ...time: 2.677297353744507
Fin; energy prediction...time: 89.10974907875061
Egy stat [-13.547657, -11.390243, -12.448196, 0.28364885]
Start for  8_4_4 [25/105]
Fin;generate all combinations 900900 ...time: 3.4684770107269287
Fin; energy prediction...time: 109.85850310325623
Egy stat [-10.010335, -6.625736, -8.354755, 0.32265592]
Start for  8_3_5 [26/105]
Fin;generate all combinations 720720 ...time: 2.553290843963623
Fin; energy prediction...time: 91.61224102973938
Egy stat [-6.063917, -2.941574, -4.2758436, 0.36311534]
Start for  8_2_6 [27/105]
Fin;generate all combinations 360360 ...time: 0.6796958446502686
Fin; energy prediction...time: 45.55760478973389
Egy stat [-2.0317106, 1.3559484, -0.1374036, 0.38078672]
Start for  8_1_7 [28/105]
Fin;generate all combinations 102960 ...time: 0.2493581771850586
Fin; energy prediction...time: 13.166174411773682
Egy stat [2.0365934, 5.397002, 4.1394854, 0.3596397]
Start for  7_8_1 [29/105]
Fin;generate all combinations 102960 ...time: 0.18279647827148438
Fin; energy prediction...time: 13.223992347717285
Egy stat [-23.217554, -20.950256, -22.24138, 0.29513985]
Start for  7_7_2 [30/105]
Fin;generate all combinations 411840 ...time: 1.371854305267334
Fin; energy prediction...time: 50.89635896682739
Egy stat [-19.036217, -16.689112, -17.875366, 0.3115324]
Start for  7_6_3 [31/105]
Fin;generate all combinations 960960 ...time: 3.8764030933380127
Fin; energy prediction...time: 117.56151413917542
Egy stat [-14.925279, -12.558984, -13.683432, 0.31928283]
Start for  7_5_4 [32/105]
Fin;generate all combinations 1441440 ...time: 4.897309064865112
Fin; energy prediction...time: 183.22807693481445
Egy stat [-11.140991, -8.122029, -9.615805, 0.33327374]
Start for  7_4_5 [33/105]
Fin;generate all combinations 1441440 ...time: 5.707513332366943
Fin; energy prediction...time: 179.4195122718811
Egy stat [-7.5808268, -4.0600367, -5.6142287, 0.36249924]
Start for  7_3_6 [34/105]
Fin;generate all combinations 960960 ...time: 4.259507894515991
Fin; energy prediction...time: 118.66303491592407
Egy stat [-3.8028655, -0.28793716, -1.6128421, 0.39439377]
Start for  7_2_7 [35/105]
Fin;generate all combinations 411840 ...time: 2.270179033279419
Fin; energy prediction...time: 51.38467216491699
Egy stat [0.0075206757, 3.9450788, 2.4603372, 0.40273228]
Start for  7_1_8 [36/105]
Fin;generate all combinations 102960 ...time: 0.8487958908081055
Fin; energy prediction...time: 13.489581823348999
Egy stat [3.9868994, 8.089956, 6.6814704, 0.36945006]
Start for  6_9_1 [37/105]
Fin;generate all combinations 80080 ...time: 0.3653256893157959
Fin; energy prediction...time: 10.754413366317749
Egy stat [-24.658554, -22.524664, -23.615093, 0.32962838]
Start for  6_8_2 [38/105]
Fin;generate all combinations 360360 ...time: 1.2881660461425781
Fin; energy prediction...time: 44.52918243408203
Egy stat [-20.550083, -17.669172, -19.180527, 0.36416498]
Start for  6_7_3 [39/105]
Fin;generate all combinations 960960 ...time: 3.401238203048706
Fin; energy prediction...time: 117.21178364753723
Egy stat [-16.475477, -13.566886, -14.9436035, 0.37361628]
Start for  6_6_4 [40/105]
Fin;generate all combinations 1681680 ...time: 7.251042127609253
Fin; energy prediction...time: 205.0468990802765
Egy stat [-12.552992, -9.401373, -10.864407, 0.3699636]
Start for  6_5_5 [41/105]
Fin;generate all combinations 2018016 ...time: 8.963427066802979
Fin; energy prediction...time: 245.9949128627777
Egy stat [-8.652583, -5.496769, -6.8941674, 0.37367705]
Start for  6_4_6 [42/105]
Fin;generate all combinations 1681680 ...time: 12.791436433792114
Fin; energy prediction...time: 209.65075588226318
Egy stat [-5.4212465, -1.4481344, -2.9758286, 0.3941781]
Start for  6_3_7 [43/105]
Fin;generate all combinations 960960 ...time: 5.919367074966431
Fin; energy prediction...time: 118.69136548042297
Egy stat [-1.755271, 2.308261, 0.9548073, 0.41735005]
Start for  6_2_8 [44/105]
Fin;generate all combinations 360360 ...time: 0.7605130672454834
Fin; energy prediction...time: 46.09220027923584
Egy stat [1.8995848, 6.713154, 4.9674563, 0.4151698]
Start for  6_1_9 [45/105]
Fin;generate all combinations 80080 ...time: 0.20094728469848633
Fin; energy prediction...time: 10.774913549423218
Egy stat [7.0231895, 10.24748, 9.135369, 0.36806524]
Start for  5_10_1 [46/105]
Fin;generate all combinations 48048 ...time: 0.11961770057678223
Fin; energy prediction...time: 6.670984983444214
Egy stat [-26.097446, -24.149584, -25.076433, 0.34086648]
Start for  5_9_2 [47/105]
Fin;generate all combinations 240240 ...time: 0.7983748912811279
Fin; energy prediction...time: 29.935128211975098
Egy stat [-21.928377, -19.259617, -20.561947, 0.4021585]
Start for  5_8_3 [48/105]
Fin;generate all combinations 720720 ...time: 2.9260833263397217
Fin; energy prediction...time: 88.35839366912842
Egy stat [-18.009722, -14.555576, -16.259386, 0.4286262]
Start for  5_7_4 [49/105]
Fin;generate all combinations 1441440 ...time: 6.3348448276519775
Fin; energy prediction...time: 179.0054726600647
Egy stat [-14.127392, -10.424508, -12.138786, 0.4250249]
Start for  5_6_5 [50/105]
Fin;generate all combinations 2018016 ...time: 7.370523929595947
Fin; energy prediction...time: 249.5581238269806
Egy stat [-10.065554, -6.8420143, -8.161157, 0.40984282]
Start for  5_5_6 [51/105]
Fin;generate all combinations 2018016 ...time: 7.178405523300171
Fin; energy prediction...time: 251.44739270210266
Egy stat [-6.4703975, -2.8671184, -4.2787256, 0.40456885]
Start for  5_4_7 [52/105]
Fin;generate all combinations 1441440 ...time: 6.2996368408203125
Fin; energy prediction...time: 178.108713388443
Egy stat [-3.414022, 1.1811953, -0.43577746, 0.41704062]
Start for  5_3_8 [53/105]
Fin;generate all combinations 720720 ...time: 1.3833439350128174
Fin; energy prediction...time: 90.47248888015747
Egy stat [0.11206627, 5.04193, 3.430032, 0.43111354]
Start for  5_2_9 [54/105]
Fin;generate all combinations 240240 ...time: 1.6383745670318604
Fin; energy prediction...time: 31.201008319854736
Egy stat [4.948078, 8.9392395, 7.385965, 0.41737342]
Start for  5_1_10 [55/105]
Fin;generate all combinations 48048 ...time: 0.14510130882263184
Fin; energy prediction...time: 6.864114761352539
Egy stat [9.829002, 12.612694, 11.502261, 0.35503605]
Start for  4_11_1 [56/105]
Fin;generate all combinations 21840 ...time: 0.05450940132141113
Fin; energy prediction...time: 3.494783639907837
Egy stat [-27.510061, -25.875624, -26.634281, 0.3262091]
Start for  4_10_2 [57/105]
Fin;generate all combinations 120120 ...time: 0.22040128707885742
Fin; energy prediction...time: 15.422538995742798
Egy stat [-23.346235, -20.852764, -22.036274, 0.41751426]
Start for  4_9_3 [58/105]
Fin;generate all combinations 400400 ...time: 1.692737102508545
Fin; energy prediction...time: 49.37905311584473
Egy stat [-19.422703, -16.196745, -17.655277, 0.46995133]
Start for  4_8_4 [59/105]
Fin;generate all combinations 900900 ...time: 3.844352960586548
Fin; energy prediction...time: 110.75516247749329
Egy stat [-15.731379, -11.395294, -13.471167, 0.48152426]
Start for  4_7_5 [60/105]
Fin;generate all combinations 1441440 ...time: 7.339328050613403
Fin; energy prediction...time: 175.2756221294403
Egy stat [-11.473427, -7.912894, -9.454904, 0.46432224]
Start for  4_6_6 [61/105]
Fin;generate all combinations 1681680 ...time: 10.031986951828003
Fin; energy prediction...time: 209.18064832687378
Egy stat [-7.7999887, -4.0831294, -5.568378, 0.43877906]
Start for  4_5_7 [62/105]
Fin;generate all combinations 1441440 ...time: 5.696450710296631
Fin; energy prediction...time: 176.8847315311432
Egy stat [-4.4114017, -0.37269688, -1.7649153, 0.4255722]
Start for  4_4_8 [63/105]
Fin;generate all combinations 900900 ...time: 1.7730295658111572
Fin; energy prediction...time: 120.44529342651367
Egy stat [-1.6021547, 3.87949, 2.0096936, 0.43023053]
Start for  4_3_9 [64/105]
Fin;generate all combinations 400400 ...time: 0.8392748832702637
Fin; energy prediction...time: 52.4057412147522
Egy stat [3.1177921, 7.2380085, 5.815741, 0.43469602]
Start for  4_2_10 [65/105]
Fin;generate all combinations 120120 ...time: 0.2873513698577881
Fin; energy prediction...time: 15.832004308700562
Egy stat [7.784918, 11.275053, 9.71788, 0.40857658]
Start for  4_1_11 [66/105]
Fin;generate all combinations 21840 ...time: 0.06632113456726074
Fin; energy prediction...time: 3.5654141902923584
Egy stat [12.489033, 14.8568535, 13.783302, 0.32981387]
Start for  3_12_1 [67/105]
Fin;generate all combinations 7280 ...time: 0.020842552185058594
Fin; energy prediction...time: 1.5969693660736084
Egy stat [-29.147024, -27.53904, -28.29118, 0.28680763]
Start for  3_11_2 [68/105]
Fin;generate all combinations 43680 ...time: 0.0833432674407959
Fin; energy prediction...time: 6.281456708908081
Egy stat [-24.754246, -22.67395, -23.613686, 0.40752414]
Start for  3_10_3 [69/105]
Fin;generate all combinations 160160 ...time: 0.6354224681854248
Fin; energy prediction...time: 20.291911363601685
Egy stat [-20.834705, -17.822697, -19.149332, 0.48932534]
Start for  3_9_4 [70/105]
Fin;generate all combinations 400400 ...time: 1.7264337539672852
Fin; energy prediction...time: 49.406514406204224
Egy stat [-17.195974, -13.011797, -14.887511, 0.5251168]
Start for  3_8_5 [71/105]
Fin;generate all combinations 720720 ...time: 3.409528970718384
Fin; energy prediction...time: 88.43945598602295
Egy stat [-12.999821, -9.043005, -10.809121, 0.5208848]
Start for  3_7_6 [72/105]
Fin;generate all combinations 960960 ...time: 4.705317258834839
Fin; energy prediction...time: 117.8435287475586
Egy stat [-9.160065, -5.2783275, -6.8859344, 0.4911071]
Start for  3_6_7 [73/105]
Fin;generate all combinations 960960 ...time: 5.9918129444122314
Fin; energy prediction...time: 119.2473816871643
Egy stat [-5.838978, -1.60425, -3.0807683, 0.45637733]
Start for  3_5_8 [74/105]
Fin;generate all combinations 720720 ...time: 2.92319917678833
Fin; energy prediction...time: 89.40754961967468
Egy stat [-2.6727614, 2.2374573, 0.6518289, 0.43578023]
Start for  3_4_9 [75/105]
Fin;generate all combinations 400400 ...time: 1.9384980201721191
Fin; energy prediction...time: 50.81084227561951
Egy stat [1.4838276, 6.039295, 4.364358, 0.43247467]
Start for  3_3_10 [76/105]
Fin;generate all combinations 160160 ...time: 0.3317224979400635
Fin; energy prediction...time: 20.638072729110718
Egy stat [5.9901695, 9.543114, 8.114872, 0.42687503]
Start for  3_2_11 [77/105]
Fin;generate all combinations 43680 ...time: 0.10211896896362305
Fin; energy prediction...time: 6.378732681274414
Egy stat [10.459372, 13.4859085, 11.965309, 0.38789216]
Start for  3_1_12 [78/105]
Fin;generate all combinations 7280 ...time: 0.02301621437072754
Fin; energy prediction...time: 1.5284173488616943
Egy stat [14.950977, 17.195978, 15.979844, 0.29160404]
Start for  2_13_1 [79/105]
Fin;generate all combinations 1680 ...time: 0.0062563419342041016
Fin; energy prediction...time: 0.8301522731781006
Egy stat [-30.640423, -29.613909, -30.043552, 0.22637658]
Start for  2_12_2 [80/105]
Fin;generate all combinations 10920 ...time: 0.02334451675415039
Fin; energy prediction...time: 2.152965545654297
Egy stat [-26.427029, -24.31515, -25.2978, 0.37382308]
Start for  2_11_3 [81/105]
Fin;generate all combinations 43680 ...time: 0.18718695640563965
Fin; energy prediction...time: 5.943405866622925
Egy stat [-22.29916, -19.576477, -20.752953, 0.48391464]
Start for  2_10_4 [82/105]
Fin;generate all combinations 120120 ...time: 0.5095465183258057
Fin; energy prediction...time: 15.238328695297241
Egy stat [-18.636675, -14.656801, -16.407225, 0.5472089]
Start for  2_9_5 [83/105]
Fin;generate all combinations 240240 ...time: 0.9165756702423096
Fin; energy prediction...time: 30.66999840736389
Egy stat [-14.456722, -10.619183, -12.251167, 0.5650531]
Start for  2_8_6 [84/105]
Fin;generate all combinations 360360 ...time: 1.5912907123565674
Fin; energy prediction...time: 44.737942695617676
Egy stat [-10.691876, -6.297034, -8.266518, 0.54583377]
Start for  2_7_7 [85/105]
Fin;generate all combinations 411840 ...time: 1.402256727218628
Fin; energy prediction...time: 50.89406204223633
Egy stat [-6.967566, -2.7556214, -4.425855, 0.5046458]
Start for  2_6_8 [86/105]
Fin;generate all combinations 360360 ...time: 1.2570672035217285
Fin; energy prediction...time: 45.22357678413391
Egy stat [-3.726707, 1.0519323, -0.6929979, 0.4614251]
Start for  2_5_9 [87/105]
Fin;generate all combinations 240240 ...time: 0.9580874443054199
Fin; energy prediction...time: 30.054883241653442
Egy stat [0.37112808, 4.3567934, 2.9760954, 0.43345496]
Start for  2_4_10 [88/105]
Fin;generate all combinations 120120 ...time: 0.6240942478179932
Fin; energy prediction...time: 15.467494249343872
Egy stat [4.3631315, 8.250128, 6.632025, 0.4218797]
Start for  2_3_11 [89/105]
Fin;generate all combinations 43680 ...time: 0.09771490097045898
Fin; energy prediction...time: 6.206307888031006
Egy stat [8.671616, 11.713915, 10.330449, 0.40603587]
Start for  2_2_12 [90/105]
Fin;generate all combinations 10920 ...time: 0.02803492546081543
Fin; energy prediction...time: 2.2398178577423096
Egy stat [12.914219, 15.800554, 14.130534, 0.35418296]
Start for  2_1_13 [91/105]
Fin;generate all combinations 1680 ...time: 0.005506753921508789
Fin; energy prediction...time: 0.9678869247436523
Egy stat [17.48705, 18.774319, 18.093533, 0.23900427]
Start for  1_14_1 [92/105]
Fin;generate all combinations 240 ...time: 0.0015263557434082031
Fin; energy prediction...time: 0.767688512802124
Egy stat [-32.344505, -31.708567, -31.882168, 0.14818421]
Start for  1_13_2 [93/105]
Fin;generate all combinations 1680 ...time: 0.0039823055267333984
Fin; energy prediction...time: 0.9615323543548584
Egy stat [-27.899786, -26.48895, -27.085825, 0.32161012]
Start for  1_12_3 [94/105]
Fin;generate all combinations 7280 ...time: 0.017767667770385742
Fin; energy prediction...time: 1.6082372665405273
Egy stat [-23.647293, -21.282928, -22.47073, 0.45553693]
Start for  1_11_4 [95/105]
Fin;generate all combinations 21840 ...time: 0.09166574478149414
Fin; energy prediction...time: 3.4796407222747803
Egy stat [-19.785046, -16.405117, -18.042814, 0.54474676]
Start for  1_10_5 [96/105]
Fin;generate all combinations 48048 ...time: 0.1739637851715088
Fin; energy prediction...time: 7.01863431930542
Egy stat [-15.8249035, -12.116852, -13.801681, 0.5878524]
Start for  1_9_6 [97/105]
Fin;generate all combinations 80080 ...time: 0.3746933937072754
Fin; energy prediction...time: 10.833356618881226
Egy stat [-11.90925, -7.8707995, -9.738794, 0.58825964]
Start for  1_8_7 [98/105]
Fin;generate all combinations 102960 ...time: 0.5149023532867432
Fin; energy prediction...time: 13.456117153167725
Egy stat [-8.031315, -3.7884164, -5.836634, 0.5550368]
Start for  1_7_8 [99/105]
Fin;generate all combinations 102960 ...time: 0.4328289031982422
Fin; energy prediction...time: 14.115693092346191
Egy stat [-4.7018523, -0.15722752, -2.068623, 0.5031031]
Start for  1_6_9 [100/105]
Fin;generate all combinations 80080 ...time: 0.3215460777282715
Fin; energy prediction...time: 10.714444398880005
Egy stat [-0.67979145, 3.0866213, 1.6002762, 0.45138648]
Start for  1_5_10 [101/105]
Fin;generate all combinations 48048 ...time: 0.10133886337280273
Fin; energy prediction...time: 6.6489386558532715
Egy stat [3.2413588, 6.591547, 5.212506, 0.41560763]
Start for  1_4_11 [102/105]
Fin;generate all combinations 21840 ...time: 0.13624978065490723
Fin; energy prediction...time: 3.422712564468384
Egy stat [7.3259544, 10.409508, 8.816581, 0.3955523]
Start for  1_3_12 [103/105]
Fin;generate all combinations 7280 ...time: 0.01753830909729004
Fin; energy prediction...time: 1.7109849452972412
Egy stat [11.307411, 13.941088, 12.465651, 0.36985338]
Start for  1_2_13 [104/105]
Fin;generate all combinations 1680 ...time: 0.005013704299926758
Fin; energy prediction...time: 0.9541585445404053
Egy stat [15.472086, 17.32551, 16.216114, 0.30581227]
Start for  1_1_14 [105/105]
Fin;generate all combinations 240 ...time: 0.0011892318725585938
Fin; energy prediction...time: 0.7554693222045898
Egy stat [19.824402, 20.566189, 20.126413, 0.1687084]
Saving....
Saved to... K_CdGeZn_Cl.pkl
Total elapsed time... 5572.6646900177
