Summary of calculations
Site name (A,B,C)... K Cd,Ge,Pb Cl
Base cif file name... ../0.cif
Save file name... K_CdGePb_Cl.pkl
Fin; combination with repetition...time: 0.0018105506896972656
Start for  14_1_1 [1/105]
Fin;generate all combinations 240 ...time: 0.0006263256072998047
Fin; energy prediction...time: 0.2245490550994873
Egy stat [-16.376324, -15.252541, -15.98535, 0.22264844]
Start for  13_2_1 [2/105]
Fin;generate all combinations 1680 ...time: 0.0036487579345703125
Fin; energy prediction...time: 0.388103723526001
Egy stat [-18.012754, -16.680561, -17.380478, 0.2566411]
Start for  13_1_2 [3/105]
Fin;generate all combinations 1680 ...time: 0.003958702087402344
Fin; energy prediction...time: 0.35040807723999023
Egy stat [-16.636127, -14.884218, -15.838665, 0.36058068]
Start for  12_3_1 [4/105]
Fin;generate all combinations 7280 ...time: 0.01239776611328125
Fin; energy prediction...time: 1.1744050979614258
Egy stat [-19.52275, -17.777351, -18.672445, 0.24861453]
Start for  12_2_2 [5/105]
Fin;generate all combinations 10920 ...time: 0.0173952579498291
Fin; energy prediction...time: 1.658623218536377
Egy stat [-18.191048, -15.726814, -17.144342, 0.3640156]
Start for  12_1_3 [6/105]
Fin;generate all combinations 7280 ...time: 0.05362558364868164
Fin; energy prediction...time: 1.1303198337554932
Egy stat [-17.183867, -13.983443, -15.820555, 0.47279385]
Start for  11_4_1 [7/105]
Fin;generate all combinations 21840 ...time: 0.07523107528686523
Fin; energy prediction...time: 3.1503896713256836
Egy stat [-20.598183, -19.052835, -19.905642, 0.22838722]
Start for  11_3_2 [8/105]
Fin;generate all combinations 43680 ...time: 0.11587810516357422
Fin; energy prediction...time: 5.615696907043457
Egy stat [-19.350574, -16.85534, -18.379166, 0.3492359]
Start for  11_2_3 [9/105]
Fin;generate all combinations 43680 ...time: 0.18135571479797363
Fin; energy prediction...time: 5.873537063598633
Egy stat [-18.577168, -15.221203, -17.065355, 0.46281624]
Start for  11_1_4 [10/105]
Fin;generate all combinations 21840 ...time: 0.040611982345581055
Fin; energy prediction...time: 3.0300698280334473
Egy stat [-18.117762, -13.533331, -15.953276, 0.5638442]
Start for  10_5_1 [11/105]
Fin;generate all combinations 48048 ...time: 0.18155908584594727
Fin; energy prediction...time: 6.186863660812378
Egy stat [-21.761442, -20.24825, -21.117912, 0.22038409]
Start for  10_4_2 [12/105]
Fin;generate all combinations 120120 ...time: 0.5175542831420898
Fin; energy prediction...time: 15.185161590576172
Egy stat [-20.530088, -17.96469, -19.580917, 0.33502847]
Start for  10_3_3 [13/105]
Fin;generate all combinations 160160 ...time: 0.391965389251709
Fin; energy prediction...time: 20.483117818832397
Egy stat [-19.83216, -16.43684, -18.265287, 0.4471868]
Start for  10_2_4 [14/105]
Fin;generate all combinations 120120 ...time: 0.5804979801177979
Fin; energy prediction...time: 14.999456882476807
Egy stat [-19.485443, -14.818848, -17.159187, 0.54757845]
Start for  10_1_5 [15/105]
Fin;generate all combinations 48048 ...time: 0.09775853157043457
Fin; energy prediction...time: 6.2977235317230225
Egy stat [-19.07877, -14.143784, -16.251278, 0.6341956]
Start for  9_6_1 [16/105]
Fin;generate all combinations 80080 ...time: 0.22716856002807617
Fin; energy prediction...time: 10.06355595588684
Egy stat [-23.097061, -21.345718, -22.340996, 0.23426832]
Start for  9_5_2 [17/105]
Fin;generate all combinations 240240 ...time: 0.6280076503753662
Fin; energy prediction...time: 29.892959594726562
Egy stat [-21.808218, -19.215158, -20.781324, 0.331842]
Start for  9_4_3 [18/105]
Fin;generate all combinations 400400 ...time: 1.2220897674560547
Fin; energy prediction...time: 49.412750005722046
Egy stat [-21.09272, -17.79828, -19.452099, 0.4359719]
Start for  9_3_4 [19/105]
Fin;generate all combinations 400400 ...time: 1.5839979648590088
Fin; energy prediction...time: 49.37376880645752
Egy stat [-20.617477, -16.131676, -18.340563, 0.53143]
Start for  9_2_5 [20/105]
Fin;generate all combinations 240240 ...time: 0.9987027645111084
Fin; energy prediction...time: 30.160451412200928
Egy stat [-20.159725, -15.229393, -17.434479, 0.61416906]
Start for  9_1_6 [21/105]
Fin;generate all combinations 80080 ...time: 0.16448640823364258
Fin; energy prediction...time: 10.500607013702393
Egy stat [-20.114187, -14.579432, -16.722475, 0.68297577]
Start for  8_7_1 [22/105]
Fin;generate all combinations 102960 ...time: 0.4939281940460205
Fin; energy prediction...time: 13.634015560150146
Egy stat [-24.40142, -22.298409, -23.600769, 0.260633]
Start for  8_6_2 [23/105]
Fin;generate all combinations 360360 ...time: 1.3362793922424316
Fin; energy prediction...time: 43.915531635284424
Egy stat [-23.229198, -20.332087, -22.006367, 0.3394726]
Start for  8_5_3 [24/105]
Fin;generate all combinations 720720 ...time: 2.075101852416992
Fin; energy prediction...time: 88.27946209907532
Egy stat [-22.369164, -18.920792, -20.651833, 0.43214005]
Start for  8_4_4 [25/105]
Fin;generate all combinations 900900 ...time: 2.4873502254486084
Fin; energy prediction...time: 109.39381861686707
Egy stat [-21.796026, -17.398293, -19.523533, 0.5197507]
Start for  8_3_5 [26/105]
Fin;generate all combinations 720720 ...time: 3.9620258808135986
Fin; energy prediction...time: 88.9322738647461
Egy stat [-21.256779, -16.511005, -18.608316, 0.5963261]
Start for  8_2_6 [27/105]
Fin;generate all combinations 360360 ...time: 1.8155596256256104
Fin; energy prediction...time: 45.48519849777222
Egy stat [-21.333961, -15.502931, -17.89395, 0.659797]
Start for  8_1_7 [28/105]
Fin;generate all combinations 102960 ...time: 0.20508980751037598
Fin; energy prediction...time: 13.24302864074707
Egy stat [-21.746582, -14.935123, -17.369356, 0.7092663]
Start for  7_8_1 [29/105]
Fin;generate all combinations 102960 ...time: 0.18389415740966797
Fin; energy prediction...time: 12.998133420944214
Egy stat [-25.717701, -23.35183, -24.917313, 0.28436524]
Start for  7_7_2 [30/105]
Fin;generate all combinations 411840 ...time: 1.6422145366668701
Fin; energy prediction...time: 50.17770218849182
Egy stat [-24.435675, -21.353596, -23.276386, 0.35048276]
Start for  7_6_3 [31/105]
Fin;generate all combinations 960960 ...time: 3.5022096633911133
Fin; energy prediction...time: 116.7032859325409
Egy stat [-23.452282, -19.98573, -21.885038, 0.43285692]
Start for  7_5_4 [32/105]
Fin;generate all combinations 1441440 ...time: 6.018467664718628
Fin; energy prediction...time: 175.62002539634705
Egy stat [-22.849718, -18.630566, -20.728788, 0.51225543]
Start for  7_4_5 [33/105]
Fin;generate all combinations 1441440 ...time: 9.118224382400513
Fin; energy prediction...time: 176.9707236289978
Egy stat [-22.417587, -17.589672, -19.793642, 0.5818641]
Start for  7_3_6 [34/105]
Fin;generate all combinations 960960 ...time: 5.077788829803467
Fin; energy prediction...time: 121.07216882705688
Egy stat [-22.374783, -16.555328, -19.066488, 0.6391622]
Start for  7_2_7 [35/105]
Fin;generate all combinations 411840 ...time: 0.7857930660247803
Fin; energy prediction...time: 52.3414409160614
Egy stat [-22.737738, -16.015385, -18.535393, 0.68301135]
Start for  7_1_8 [36/105]
Fin;generate all combinations 102960 ...time: 0.23303794860839844
Fin; energy prediction...time: 13.996380805969238
Egy stat [-23.322075, -15.319353, -18.189997, 0.71260667]
Start for  6_9_1 [37/105]
Fin;generate all combinations 80080 ...time: 0.33483004570007324
Fin; energy prediction...time: 10.440298318862915
Egy stat [-27.212778, -24.903168, -26.304901, 0.2949934]
Start for  6_8_2 [38/105]
Fin;generate all combinations 360360 ...time: 1.3759684562683105
Fin; energy prediction...time: 44.58723998069763
Egy stat [-25.742046, -22.371399, -24.606152, 0.35660276]
Start for  6_7_3 [39/105]
Fin;generate all combinations 960960 ...time: 3.4436771869659424
Fin; energy prediction...time: 117.18209218978882
Egy stat [-24.636753, -21.082407, -23.16685, 0.43293622]
Start for  6_6_4 [40/105]
Fin;generate all combinations 1681680 ...time: 5.840102910995483
Fin; energy prediction...time: 206.10135674476624
Egy stat [-24.02066, -19.770649, -21.971771, 0.506051]
Start for  6_5_5 [41/105]
Fin;generate all combinations 2018016 ...time: 7.289825916290283
Fin; energy prediction...time: 262.96177339553833
Egy stat [-23.551617, -18.711163, -21.006111, 0.5694717]
Start for  6_4_6 [42/105]
Fin;generate all combinations 1681680 ...time: 6.871706962585449
Fin; energy prediction...time: 205.94541192054749
Egy stat [-23.482147, -17.595253, -20.255943, 0.6208258]
Start for  6_3_7 [43/105]
Fin;generate all combinations 960960 ...time: 4.598331689834595
Fin; energy prediction...time: 120.68611478805542
Egy stat [-23.74615, -17.129114, -19.70854, 0.6590629]
Start for  6_2_8 [44/105]
Fin;generate all combinations 360360 ...time: 0.6880085468292236
Fin; energy prediction...time: 47.0438129901886
Egy stat [-24.260695, -16.446972, -19.352703, 0.68342024]
Start for  6_1_9 [45/105]
Fin;generate all combinations 80080 ...time: 0.19239211082458496
Fin; energy prediction...time: 10.70464563369751
Egy stat [-23.21378, -16.920965, -19.179108, 0.6930156]
Start for  5_10_1 [46/105]
Fin;generate all combinations 48048 ...time: 0.2937736511230469
Fin; energy prediction...time: 6.618865251541138
Egy stat [-28.688637, -26.573408, -27.771975, 0.28789285]
Start for  5_9_2 [47/105]
Fin;generate all combinations 240240 ...time: 0.8756365776062012
Fin; energy prediction...time: 29.89033031463623
Egy stat [-27.023067, -24.060566, -26.004862, 0.35262018]
Start for  5_8_3 [48/105]
Fin;generate all combinations 720720 ...time: 2.866333246231079
Fin; energy prediction...time: 87.87311792373657
Egy stat [-25.961357, -22.322098, -24.507078, 0.428055]
Start for  5_7_4 [49/105]
Fin;generate all combinations 1441440 ...time: 8.01430606842041
Fin; energy prediction...time: 175.34483194351196
Egy stat [-25.312843, -21.00145, -23.262745, 0.4979573]
Start for  5_6_5 [50/105]
Fin;generate all combinations 2018016 ...time: 11.459357023239136
Fin; energy prediction...time: 252.32671856880188
Egy stat [-24.725025, -19.909622, -22.256374, 0.5569836]
Start for  5_5_6 [51/105]
Fin;generate all combinations 2018016 ...time: 7.447864055633545
Fin; energy prediction...time: 247.16108679771423
Egy stat [-24.5265, -18.776194, -21.473303, 0.60342634]
Start for  5_4_7 [52/105]
Fin;generate all combinations 1441440 ...time: 6.46248197555542
Fin; energy prediction...time: 182.5627670288086
Egy stat [-24.697166, -18.232101, -20.90004, 0.63664776]
Start for  5_3_8 [53/105]
Fin;generate all combinations 720720 ...time: 1.4955048561096191
Fin; energy prediction...time: 90.30834531784058
Egy stat [-25.162285, -17.621113, -20.52465, 0.65614504]
Start for  5_2_9 [54/105]
Fin;generate all combinations 240240 ...time: 0.6746881008148193
Fin; energy prediction...time: 31.18144202232361
Egy stat [-24.214878, -18.066511, -20.337008, 0.6611954]
Start for  5_1_10 [55/105]
Fin;generate all combinations 48048 ...time: 0.13168668746948242
Fin; energy prediction...time: 6.742903232574463
Egy stat [-23.402899, -18.32663, -20.329138, 0.65072393]
Start for  4_11_1 [56/105]
Fin;generate all combinations 21840 ...time: 0.05386662483215332
Fin; energy prediction...time: 3.4256885051727295
Egy stat [-30.038046, -28.248968, -29.321177, 0.26307502]
Start for  4_10_2 [57/105]
Fin;generate all combinations 120120 ...time: 0.21616315841674805
Fin; energy prediction...time: 15.709636688232422
Egy stat [-28.413467, -25.74483, -27.476192, 0.33719265]
Start for  4_9_3 [58/105]
Fin;generate all combinations 400400 ...time: 1.4480645656585693
Fin; energy prediction...time: 49.300782203674316
Egy stat [-27.275986, -23.957853, -25.910234, 0.4162577]
Start for  4_8_4 [59/105]
Fin;generate all combinations 900900 ...time: 2.8101089000701904
Fin; energy prediction...time: 110.9976863861084
Egy stat [-26.636168, -22.17147, -24.606936, 0.4859771]
Start for  4_7_5 [60/105]
Fin;generate all combinations 1441440 ...time: 6.0918073654174805
Fin; energy prediction...time: 177.35203766822815
Egy stat [-25.891678, -21.076075, -23.550217, 0.5426263]
Start for  4_6_6 [61/105]
Fin;generate all combinations 1681680 ...time: 5.6953253746032715
Fin; energy prediction...time: 209.02492785453796
Egy stat [-25.62764, -19.948452, -22.724815, 0.5854915]
Start for  4_5_7 [62/105]
Fin;generate all combinations 1441440 ...time: 5.719322443008423
Fin; energy prediction...time: 176.3462152481079
Egy stat [-25.667126, -19.382961, -22.116577, 0.6145711]
Start for  4_4_8 [63/105]
Fin;generate all combinations 900900 ...time: 4.115238904953003
Fin; energy prediction...time: 112.31570291519165
Egy stat [-26.09243, -18.785713, -21.712843, 0.629791]
Start for  4_3_9 [64/105]
Fin;generate all combinations 400400 ...time: 0.8202407360076904
Fin; energy prediction...time: 50.777682304382324
Egy stat [-25.142445, -19.286667, -21.502832, 0.6307242]
Start for  4_2_10 [65/105]
Fin;generate all combinations 120120 ...time: 0.26395606994628906
Fin; energy prediction...time: 15.755205392837524
Egy stat [-24.372766, -19.430576, -21.477814, 0.6165072]
Start for  4_1_11 [66/105]
Fin;generate all combinations 21840 ...time: 0.06305694580078125
Fin; energy prediction...time: 3.640153408050537
Egy stat [-23.9557, -19.90387, -21.631441, 0.58581394]
Start for  3_12_1 [67/105]
Fin;generate all combinations 7280 ...time: 0.020627498626708984
Fin; energy prediction...time: 1.8685657978057861
Egy stat [-31.601212, -30.22328, -30.94954, 0.22392663]
Start for  3_11_2 [68/105]
Fin;generate all combinations 43680 ...time: 0.0818028450012207
Fin; energy prediction...time: 6.835886001586914
Egy stat [-29.833124, -27.666925, -29.018467, 0.31213033]
Start for  3_10_3 [69/105]
Fin;generate all combinations 160160 ...time: 0.5957009792327881
Fin; energy prediction...time: 20.358798265457153
Egy stat [-28.62988, -25.892696, -27.375765, 0.3978832]
Start for  3_9_4 [70/105]
Fin;generate all combinations 400400 ...time: 1.667921543121338
Fin; energy prediction...time: 49.7310733795166
Egy stat [-27.841541, -23.949598, -26.004713, 0.4695847]
Start for  3_8_5 [71/105]
Fin;generate all combinations 720720 ...time: 3.3797683715820312
Fin; energy prediction...time: 88.57830619812012
Egy stat [-27.058426, -22.830643, -24.888842, 0.5254534]
Start for  3_7_6 [72/105]
Fin;generate all combinations 960960 ...time: 4.606801509857178
Fin; energy prediction...time: 120.25520348548889
Egy stat [-26.692966, -21.508987, -24.012346, 0.56590146]
Start for  3_6_7 [73/105]
Fin;generate all combinations 960960 ...time: 3.7060890197753906
Fin; energy prediction...time: 121.59527635574341
Egy stat [-26.642382, -20.82667, -23.360518, 0.5916547]
Start for  3_5_8 [74/105]
Fin;generate all combinations 720720 ...time: 4.422809600830078
Fin; energy prediction...time: 89.76252484321594
Egy stat [-26.965523, -20.118431, -22.920187, 0.6031516]
Start for  3_4_9 [75/105]
Fin;generate all combinations 400400 ...time: 2.0923616886138916
Fin; energy prediction...time: 50.21573305130005
Egy stat [-26.100964, -20.497099, -22.6799, 0.60034645]
Start for  3_3_10 [76/105]
Fin;generate all combinations 160160 ...time: 0.34278178215026855
Fin; energy prediction...time: 20.698505401611328
Egy stat [-25.332397, -20.614128, -22.630293, 0.5826732]
Start for  3_2_11 [77/105]
Fin;generate all combinations 43680 ...time: 0.10318326950073242
Fin; energy prediction...time: 6.349529027938843
Egy stat [-24.930828, -21.168697, -22.764315, 0.5490655]
Start for  3_1_12 [78/105]
Fin;generate all combinations 7280 ...time: 0.02292799949645996
Fin; energy prediction...time: 1.7314724922180176
Egy stat [-24.821918, -21.466583, -23.077469, 0.49793097]
Start for  2_13_1 [79/105]
Fin;generate all combinations 1680 ...time: 0.0058252811431884766
Fin; energy prediction...time: 1.0022392272949219
Egy stat [-33.1187, -32.18314, -32.648945, 0.1755675]
Start for  2_12_2 [80/105]
Fin;generate all combinations 10920 ...time: 0.022328615188598633
Fin; energy prediction...time: 2.15309739112854
Egy stat [-31.411436, -29.57749, -30.625074, 0.28083912]
Start for  2_11_3 [81/105]
Fin;generate all combinations 43680 ...time: 0.15038442611694336
Fin; energy prediction...time: 6.2756874561309814
Egy stat [-29.998274, -27.636513, -28.898363, 0.37445658]
Start for  2_10_4 [82/105]
Fin;generate all combinations 120120 ...time: 0.44793033599853516
Fin; energy prediction...time: 15.596829652786255
Egy stat [-29.072277, -25.538765, -27.451954, 0.44908845]
Start for  2_9_5 [83/105]
Fin;generate all combinations 240240 ...time: 1.2154285907745361
Fin; energy prediction...time: 30.33781886100769
Egy stat [-28.218416, -24.423395, -26.269087, 0.50503594]
Start for  2_8_6 [84/105]
Fin;generate all combinations 360360 ...time: 1.6364021301269531
Fin; energy prediction...time: 46.07945990562439
Egy stat [-27.75518, -23.059904, -25.333605, 0.54378736]
Start for  2_7_7 [85/105]
Fin;generate all combinations 411840 ...time: 1.3831226825714111
Fin; energy prediction...time: 51.58594584465027
Egy stat [-27.602486, -22.26089, -24.630423, 0.56675625]
Start for  2_6_8 [86/105]
Fin;generate all combinations 360360 ...time: 1.3019874095916748
Fin; energy prediction...time: 45.98102831840515
Egy stat [-27.867441, -21.440557, -24.14585, 0.5748898]
Start for  2_5_9 [87/105]
Fin;generate all combinations 240240 ...time: 1.561274528503418
Fin; energy prediction...time: 30.605785846710205
Egy stat [-26.985752, -21.812542, -23.867968, 0.5685474]
Start for  2_4_10 [88/105]
Fin;generate all combinations 120120 ...time: 0.24727702140808105
Fin; energy prediction...time: 16.00703263282776
Egy stat [-26.340546, -21.786346, -23.786829, 0.54750377]
Start for  2_3_11 [89/105]
Fin;generate all combinations 43680 ...time: 0.09744954109191895
Fin; energy prediction...time: 6.503678321838379
Egy stat [-25.917362, -22.362741, -23.894781, 0.511005]
Start for  2_2_12 [90/105]
Fin;generate all combinations 10920 ...time: 0.030680418014526367
Fin; energy prediction...time: 2.2203762531280518
Egy stat [-25.83527, -22.733738, -24.186626, 0.45780423]
Start for  2_1_13 [91/105]
Fin;generate all combinations 1680 ...time: 0.0065097808837890625
Fin; energy prediction...time: 1.009202241897583
Egy stat [-25.606472, -23.706251, -24.659882, 0.38605455]
Start for  1_14_1 [92/105]
Fin;generate all combinations 240 ...time: 0.0014979839324951172
Fin; energy prediction...time: 0.8365273475646973
Egy stat [-34.64924, -34.185574, -34.40686, 0.12111832]
Start for  1_13_2 [93/105]
Fin;generate all combinations 1680 ...time: 0.003678560256958008
Fin; energy prediction...time: 1.0285050868988037
Egy stat [-32.789986, -31.589962, -32.285088, 0.24585217]
Start for  1_12_3 [94/105]
Fin;generate all combinations 7280 ...time: 0.05194854736328125
Fin; energy prediction...time: 1.807488203048706
Egy stat [-31.348345, -29.3916, -30.4686, 0.3469723]
Start for  1_11_4 [95/105]
Fin;generate all combinations 21840 ...time: 0.09413361549377441
Fin; energy prediction...time: 3.617750883102417
Egy stat [-30.308544, -27.16246, -28.940556, 0.42448932]
Start for  1_10_5 [96/105]
Fin;generate all combinations 48048 ...time: 0.16982769966125488
Fin; energy prediction...time: 6.968669176101685
Egy stat [-29.330313, -25.973557, -27.684078, 0.48073208]
Start for  1_9_6 [97/105]
Fin;generate all combinations 80080 ...time: 0.2961575984954834
Fin; energy prediction...time: 11.34088921546936
Egy stat [-28.719566, -24.679014, -26.682817, 0.5180782]
Start for  1_8_7 [98/105]
Fin;generate all combinations 102960 ...time: 0.48653650283813477
Fin; energy prediction...time: 13.991773128509521
Egy stat [-28.538836, -23.738777, -25.921396, 0.538503]
Start for  1_7_8 [99/105]
Fin;generate all combinations 102960 ...time: 0.40187931060791016
Fin; energy prediction...time: 14.006003379821777
Egy stat [-28.725433, -22.782322, -25.38581, 0.5433922]
Start for  1_6_9 [100/105]
Fin;generate all combinations 80080 ...time: 0.33977818489074707
Fin; energy prediction...time: 10.626266479492188
Egy stat [-27.837776, -23.156502, -25.063725, 0.5334805]
Start for  1_5_10 [101/105]
Fin;generate all combinations 48048 ...time: 0.2169053554534912
Fin; energy prediction...time: 6.93089485168457
Egy stat [-27.134676, -23.257843, -24.944756, 0.5088793]
Start for  1_4_11 [102/105]
Fin;generate all combinations 21840 ...time: 0.04977679252624512
Fin; energy prediction...time: 3.6707065105438232
Egy stat [-26.761824, -23.636633, -25.020725, 0.46915185]
Start for  1_3_12 [103/105]
Fin;generate all combinations 7280 ...time: 0.017437219619750977
Fin; energy prediction...time: 1.8023838996887207
Egy stat [-26.689596, -23.949894, -25.285826, 0.41339555]
Start for  1_2_13 [104/105]
Fin;generate all combinations 1680 ...time: 0.0050165653228759766
Fin; energy prediction...time: 1.0913407802581787
Egy stat [-26.551863, -24.94881, -25.73689, 0.34025413]
Start for  1_1_14 [105/105]
Fin;generate all combinations 240 ...time: 0.0010838508605957031
Fin; energy prediction...time: 0.8256447315216064
Egy stat [-26.758293, -25.929482, -26.373543, 0.24765222]
Saving....
Saved to... K_CdGePb_Cl.pkl
Total elapsed time... 5575.673890113831
