Summary of calculations
Site name (A,B,C)... K Cd,Pb,Zn Cl
Base cif file name... ../0.cif
Save file name... K_CdPbZn_Cl.pkl
Fin; combination with repetition...time: 0.0018014907836914062
Start for  14_1_1 [1/105]
Fin;generate all combinations 240 ...time: 0.0006372928619384766
Fin; energy prediction...time: 0.2155771255493164
Egy stat [-11.495032, -10.795419, -11.1418705, 0.21064304]
Start for  13_2_1 [2/105]
Fin;generate all combinations 1680 ...time: 0.0036232471466064453
Fin; energy prediction...time: 0.3840317726135254
Egy stat [-11.985041, -9.958854, -11.033066, 0.4129171]
Start for  13_1_2 [3/105]
Fin;generate all combinations 1680 ...time: 0.0039560794830322266
Fin; energy prediction...time: 0.3613471984863281
Egy stat [-8.554045, -7.2315245, -7.949319, 0.29801774]
Start for  12_3_1 [4/105]
Fin;generate all combinations 7280 ...time: 0.012248039245605469
Fin; energy prediction...time: 1.1324687004089355
Egy stat [-12.593476, -9.285397, -11.009167, 0.56803757]
Start for  12_2_2 [5/105]
Fin;generate all combinations 10920 ...time: 0.01706552505493164
Fin; energy prediction...time: 1.5669071674346924
Egy stat [-9.130985, -6.2706423, -7.75798, 0.50268173]
Start for  12_1_3 [6/105]
Fin;generate all combinations 7280 ...time: 0.055840253829956055
Fin; energy prediction...time: 1.1650445461273193
Egy stat [-5.833045, -3.9017768, -4.856155, 0.37165695]
Start for  11_4_1 [7/105]
Fin;generate all combinations 21840 ...time: 0.08486104011535645
Fin; energy prediction...time: 2.9556565284729004
Egy stat [-13.692738, -8.282595, -11.100262, 0.6887212]
Start for  11_3_2 [8/105]
Fin;generate all combinations 43680 ...time: 0.12537479400634766
Fin; energy prediction...time: 5.852365970611572
Egy stat [-9.7066, -5.3633957, -7.6438975, 0.66754895]
Start for  11_2_3 [9/105]
Fin;generate all combinations 43680 ...time: 0.1841108798980713
Fin; energy prediction...time: 5.869252920150757
Egy stat [-6.3631067, -2.8006077, -4.5902896, 0.58302194]
Start for  11_1_4 [10/105]
Fin;generate all combinations 21840 ...time: 0.04056191444396973
Fin; energy prediction...time: 3.1553685665130615
Egy stat [-3.2845426, -0.5372267, -1.8607519, 0.43337062]
Start for  10_5_1 [11/105]
Fin;generate all combinations 48048 ...time: 0.18332695960998535
Fin; energy prediction...time: 6.297776460647583
Egy stat [-14.512124, -8.830346, -11.327667, 0.7814602]
Start for  10_4_2 [12/105]
Fin;generate all combinations 120120 ...time: 0.48154163360595703
Fin; energy prediction...time: 15.005218744277954
Egy stat [-10.820137, -4.33836, -7.6375437, 0.7993207]
Start for  10_3_3 [13/105]
Fin;generate all combinations 160160 ...time: 0.3875765800476074
Fin; energy prediction...time: 20.1994571685791
Egy stat [-7.0530424, -1.8819418, -4.394356, 0.75791454]
Start for  10_2_4 [14/105]
Fin;generate all combinations 120120 ...time: 0.6091976165771484
Fin; energy prediction...time: 15.126897811889648
Egy stat [-3.8697085, 0.86398983, -1.5277545, 0.6535015]
Start for  10_1_5 [15/105]
Fin;generate all combinations 48048 ...time: 0.09283256530761719
Fin; energy prediction...time: 6.383473634719849
Egy stat [-0.7493334, 2.501482, 1.0384243, 0.4836708]
Start for  9_6_1 [16/105]
Fin;generate all combinations 80080 ...time: 0.23937773704528809
Fin; energy prediction...time: 10.034037351608276
Egy stat [-15.827253, -9.13213, -11.705437, 0.8491195]
Start for  9_5_2 [17/105]
Fin;generate all combinations 240240 ...time: 0.772061824798584
Fin; energy prediction...time: 29.67322611808777
Egy stat [-11.645542, -4.57809, -7.7606816, 0.90378934]
Start for  9_4_3 [18/105]
Fin;generate all combinations 400400 ...time: 1.2676255702972412
Fin; energy prediction...time: 50.09699273109436
Egy stat [-8.140467, -0.53429985, -4.2992187, 0.90035933]
Start for  9_3_4 [19/105]
Fin;generate all combinations 400400 ...time: 1.3718299865722656
Fin; energy prediction...time: 50.48727583885193
Egy stat [-4.4786263, 1.6531353, -1.2576722, 0.8386225]
Start for  9_2_5 [20/105]
Fin;generate all combinations 240240 ...time: 0.41887450218200684
Fin; energy prediction...time: 30.162372827529907
Egy stat [-1.3216124, 3.8500671, 1.4317653, 0.71399385]
Start for  9_1_6 [21/105]
Fin;generate all combinations 80080 ...time: 0.5010194778442383
Fin; energy prediction...time: 10.3891761302948
Egy stat [1.5705309, 5.5689087, 3.8427472, 0.5226256]
Start for  8_7_1 [22/105]
Fin;generate all combinations 102960 ...time: 0.4754190444946289
Fin; energy prediction...time: 13.11693263053894
Egy stat [-17.293894, -9.427313, -12.241592, 0.8926748]
Start for  8_6_2 [23/105]
Fin;generate all combinations 360360 ...time: 1.295522928237915
Fin; energy prediction...time: 44.043195962905884
Egy stat [-12.918688, -4.6701283, -8.027847, 0.98384213]
Start for  8_5_3 [24/105]
Fin;generate all combinations 720720 ...time: 2.0001065731048584
Fin; energy prediction...time: 89.03144431114197
Egy stat [-9.014742, -0.82443714, -4.3270884, 1.0159136]
Start for  8_4_4 [25/105]
Fin;generate all combinations 900900 ...time: 2.947951316833496
Fin; energy prediction...time: 110.40173006057739
Egy stat [-5.671016, 3.3156672, -1.0817534, 0.9913633]
Start for  8_3_5 [26/105]
Fin;generate all combinations 720720 ...time: 2.770875930786133
Fin; energy prediction...time: 93.84969758987427
Egy stat [-1.9480085, 4.9779024, 1.7689017, 0.9096468]
Start for  8_2_6 [27/105]
Fin;generate all combinations 360360 ...time: 1.7702157497406006
Fin; energy prediction...time: 45.122230052948
Egy stat [1.0210714, 6.953697, 4.290251, 0.7644323]
Start for  8_1_7 [28/105]
Fin;generate all combinations 102960 ...time: 0.22734427452087402
Fin; energy prediction...time: 13.454195976257324
Egy stat [3.7763329, 8.315136, 6.5533953, 0.55007726]
Start for  7_8_1 [29/105]
Fin;generate all combinations 102960 ...time: 0.18309450149536133
Fin; energy prediction...time: 13.193306684494019
Egy stat [-19.118597, -9.507716, -12.939168, 0.9122937]
Start for  7_7_2 [30/105]
Fin;generate all combinations 411840 ...time: 1.5374605655670166
Fin; energy prediction...time: 51.341896772384644
Egy stat [-14.312679, -4.872609, -8.447535, 1.0404783]
Start for  7_6_3 [31/105]
Fin;generate all combinations 960960 ...time: 3.281050443649292
Fin; energy prediction...time: 118.39141035079956
Egy stat [-10.244109, -0.5908928, -4.4929695, 1.1076543]
Start for  7_5_4 [32/105]
Fin;generate all combinations 1441440 ...time: 5.2747673988342285
Fin; energy prediction...time: 176.8171350955963
Egy stat [-6.498898, 2.9624395, -1.022628, 1.1173391]
Start for  7_4_5 [33/105]
Fin;generate all combinations 1441440 ...time: 4.8151679039001465
Fin; energy prediction...time: 181.28624773025513
Egy stat [-3.0507517, 6.5994396, 2.0182292, 1.0724738]
Start for  7_3_6 [34/105]
Fin;generate all combinations 960960 ...time: 1.7212553024291992
Fin; energy prediction...time: 123.18836951255798
Egy stat [0.30782127, 8.343481, 4.6879406, 0.97110385]
Start for  7_2_7 [35/105]
Fin;generate all combinations 411840 ...time: 0.7947766780853271
Fin; energy prediction...time: 53.202022552490234
Egy stat [3.1599169, 9.881247, 7.049491, 0.804724]
Start for  7_1_8 [36/105]
Fin;generate all combinations 102960 ...time: 0.9321599006652832
Fin; energy prediction...time: 13.576814413070679
Egy stat [5.771618, 11.102489, 9.171364, 0.5657093]
Start for  6_9_1 [37/105]
Fin;generate all combinations 80080 ...time: 0.3940403461456299
Fin; energy prediction...time: 11.50982141494751
Egy stat [-18.99859, -10.83306, -13.797211, 0.9079324]
Start for  6_8_2 [38/105]
Fin;generate all combinations 360360 ...time: 1.5178327560424805
Fin; energy prediction...time: 44.81541347503662
Egy stat [-16.03148, -4.860766, -9.023234, 1.0737563]
Start for  6_7_3 [39/105]
Fin;generate all combinations 960960 ...time: 3.8623838424682617
Fin; energy prediction...time: 119.76463890075684
Egy stat [-11.5751505, -0.7385912, -4.8058395, 1.1767085]
Start for  6_6_4 [40/105]
Fin;generate all combinations 1681680 ...time: 6.012258529663086
Fin; energy prediction...time: 207.86068487167358
Egy stat [-7.799432, 3.5626554, -1.095744, 1.2199559]
Start for  6_5_5 [41/105]
Fin;generate all combinations 2018016 ...time: 10.448699235916138
Fin; energy prediction...time: 251.090341091156
Egy stat [-3.966106, 6.5920525, 2.156736, 1.2083501]
Start for  6_4_6 [42/105]
Fin;generate all combinations 1681680 ...time: 10.190212726593018
Fin; energy prediction...time: 208.47221422195435
Egy stat [-0.67913055, 9.908781, 5.0038996, 1.1440314]
Start for  6_3_7 [43/105]
Fin;generate all combinations 960960 ...time: 4.52031397819519
Fin; energy prediction...time: 122.94039058685303
Egy stat [2.4578152, 11.27046, 7.501821, 1.0231142]
Start for  6_2_8 [44/105]
Fin;generate all combinations 360360 ...time: 2.826511859893799
Fin; energy prediction...time: 45.79805898666382
Egy stat [5.0741806, 12.9669075, 9.711087, 0.83471835]
Start for  6_1_9 [45/105]
Fin;generate all combinations 80080 ...time: 0.8015620708465576
Fin; energy prediction...time: 10.866652965545654
Egy stat [8.787956, 13.459946, 11.697496, 0.56904536]
Start for  5_10_1 [46/105]
Fin;generate all combinations 48048 ...time: 0.10964822769165039
Fin; energy prediction...time: 6.895031213760376
Egy stat [-19.096067, -12.05621, -14.811765, 0.87956184]
Start for  5_9_2 [47/105]
Fin;generate all combinations 240240 ...time: 0.8393778800964355
Fin; energy prediction...time: 30.60320019721985
Egy stat [-15.911415, -5.9644876, -9.75438, 1.0834277]
Start for  5_8_3 [48/105]
Fin;generate all combinations 720720 ...time: 2.4926488399505615
Fin; energy prediction...time: 91.49819278717041
Egy stat [-13.218662, -0.406662, -5.269669, 1.2230899]
Start for  5_7_4 [49/105]
Fin;generate all combinations 1441440 ...time: 7.500977277755737
Fin; energy prediction...time: 178.73658061027527
Egy stat [-9.041033, 3.4605112, -1.310539, 1.300568]
Start for  5_6_5 [50/105]
Fin;generate all combinations 2018016 ...time: 9.399300336837769
Fin; energy prediction...time: 255.47066473960876
Egy stat [-5.248604, 7.1085606, 2.1685874, 1.3211282]
Start for  5_5_6 [51/105]
Fin;generate all combinations 2018016 ...time: 9.31502366065979
Fin; energy prediction...time: 256.8804061412811
Egy stat [-1.5699377, 10.2575035, 5.2147937, 1.2894924]
Start for  5_4_7 [52/105]
Fin;generate all combinations 1441440 ...time: 2.712214708328247
Fin; energy prediction...time: 185.97117924690247
Egy stat [1.4341097, 13.059107, 7.8782134, 1.2063932]
Start for  5_3_8 [53/105]
Fin;generate all combinations 720720 ...time: 3.9421579837799072
Fin; energy prediction...time: 91.26726484298706
Egy stat [4.4165335, 14.223423, 10.21273, 1.065747]
Start for  5_2_9 [54/105]
Fin;generate all combinations 240240 ...time: 0.5458135604858398
Fin; energy prediction...time: 30.91202712059021
Egy stat [8.048529, 15.3639965, 12.276492, 0.8541909]
Start for  5_1_10 [55/105]
Fin;generate all combinations 48048 ...time: 0.1407015323638916
Fin; energy prediction...time: 7.346657991409302
Egy stat [11.605209, 15.953705, 14.132573, 0.55937934]
Start for  4_11_1 [56/105]
Fin;generate all combinations 21840 ...time: 0.05648040771484375
Fin; energy prediction...time: 3.5892810821533203
Egy stat [-19.347206, -13.540303, -15.976916, 0.82711977]
Start for  4_10_2 [57/105]
Fin;generate all combinations 120120 ...time: 0.4660685062408447
Fin; energy prediction...time: 16.08172082901001
Egy stat [-16.078089, -6.878689, -10.637304, 1.0692654]
Start for  4_9_3 [58/105]
Fin;generate all combinations 400400 ...time: 1.4895193576812744
Fin; energy prediction...time: 50.92717671394348
Egy stat [-12.811348, -1.3964529, -5.8843346, 1.2463611]
Start for  4_8_4 [59/105]
Fin;generate all combinations 900900 ...time: 4.058603286743164
Fin; energy prediction...time: 112.8610987663269
Egy stat [-10.643711, 4.063843, -1.671442, 1.3592125]
Start for  4_7_5 [60/105]
Fin;generate all combinations 1441440 ...time: 6.670163869857788
Fin; energy prediction...time: 185.04618310928345
Egy stat [-6.4638634, 7.2838154, 2.0439377, 1.4124937]
Start for  4_6_6 [61/105]
Fin;generate all combinations 1681680 ...time: 6.968024492263794
Fin; energy prediction...time: 224.170836687088
Egy stat [-2.9191403, 10.6853485, 5.3044634, 1.411893]
Start for  4_5_7 [62/105]
Fin;generate all combinations 1441440 ...time: 6.11873984336853
Fin; energy prediction...time: 179.48007607460022
Egy stat [0.5749655, 13.427166, 8.155073, 1.3613522]
Start for  4_4_8 [63/105]
Fin;generate all combinations 900900 ...time: 5.039256811141968
Fin; energy prediction...time: 115.06201171875
Egy stat [3.3469868, 16.238388, 10.643904, 1.2598621]
Start for  4_3_9 [64/105]
Fin;generate all combinations 400400 ...time: 2.311343193054199
Fin; energy prediction...time: 50.337592124938965
Egy stat [7.5612545, 16.76294, 12.822682, 1.0989983]
Start for  4_2_10 [65/105]
Fin;generate all combinations 120120 ...time: 0.2848658561706543
Fin; energy prediction...time: 16.20542001724243
Egy stat [10.798569, 17.94512, 14.747081, 0.8628127]
Start for  4_1_11 [66/105]
Fin;generate all combinations 21840 ...time: 0.06222057342529297
Fin; energy prediction...time: 3.691283941268921
Egy stat [14.473957, 18.262056, 16.477419, 0.5355977]
Start for  3_12_1 [67/105]
Fin;generate all combinations 7280 ...time: 0.021289587020874023
Fin; energy prediction...time: 1.7338917255401611
Egy stat [-19.873882, -14.955035, -17.285872, 0.75030893]
Start for  3_11_2 [68/105]
Fin;generate all combinations 43680 ...time: 0.08182907104492188
Fin; energy prediction...time: 6.465776443481445
Egy stat [-15.959693, -8.407173, -11.666222, 1.031146]
Start for  3_10_3 [69/105]
Fin;generate all combinations 160160 ...time: 0.6343832015991211
Fin; energy prediction...time: 20.93179440498352
Egy stat [-12.568363, -2.4184885, -6.646552, 1.246049]
Start for  3_9_4 [70/105]
Fin;generate all combinations 400400 ...time: 1.6127493381500244
Fin; energy prediction...time: 51.06600475311279
Egy stat [-9.863281, 3.0097198, -2.1788018, 1.3952854]
Start for  3_8_5 [71/105]
Fin;generate all combinations 720720 ...time: 2.83389949798584
Fin; energy prediction...time: 90.8261308670044
Egy stat [-7.9508295, 7.9101696, 1.7779319, 1.482592]
Start for  3_7_6 [72/105]
Fin;generate all combinations 960960 ...time: 5.6256115436553955
Fin; energy prediction...time: 120.07664752006531
Egy stat [-4.0360913, 11.140028, 5.2627378, 1.5133493]
Start for  3_6_7 [73/105]
Fin;generate all combinations 960960 ...time: 3.53208589553833
Fin; energy prediction...time: 121.14654684066772
Egy stat [-0.68794537, 14.183014, 8.3160095, 1.4930315]
Start for  3_5_8 [74/105]
Fin;generate all combinations 720720 ...time: 2.976900815963745
Fin; energy prediction...time: 91.85900211334229
Egy stat [2.5658426, 16.623524, 10.980852, 1.4244528]
Start for  3_4_9 [75/105]
Fin;generate all combinations 400400 ...time: 0.8266017436981201
Fin; energy prediction...time: 52.392524003982544
Egy stat [6.7397423, 18.718191, 13.303535, 1.3046519]
Start for  3_3_10 [76/105]
Fin;generate all combinations 160160 ...time: 0.33139944076538086
Fin; energy prediction...time: 21.581839084625244
Egy stat [10.561783, 19.47067, 15.333614, 1.1227709]
Start for  3_2_11 [77/105]
Fin;generate all combinations 43680 ...time: 0.10796570777893066
Fin; energy prediction...time: 6.640299081802368
Egy stat [13.914785, 20.275223, 17.124258, 0.8600878]
Start for  3_1_12 [78/105]
Fin;generate all combinations 7280 ...time: 0.021372318267822266
Fin; energy prediction...time: 1.9289767742156982
Egy stat [17.168003, 20.58174, 18.733019, 0.49577758]
Start for  2_13_1 [79/105]
Fin;generate all combinations 1680 ...time: 0.005845069885253906
Fin; energy prediction...time: 1.1100943088531494
Egy stat [-20.308163, -17.073355, -18.73204, 0.64828956]
Start for  2_12_2 [80/105]
Fin;generate all combinations 10920 ...time: 0.023585081100463867
Fin; energy prediction...time: 2.401808023452759
Egy stat [-16.179476, -9.755563, -12.834285, 0.96899873]
Start for  2_11_3 [81/105]
Fin;generate all combinations 43680 ...time: 0.15261077880859375
Fin; energy prediction...time: 6.321293354034424
Egy stat [-12.52891, -3.5976114, -7.550821, 1.2218367]
Start for  2_10_4 [82/105]
Fin;generate all combinations 120120 ...time: 0.4240903854370117
Fin; energy prediction...time: 15.899444580078125
Egy stat [-9.323229, 2.124506, -2.8297794, 1.4080291]
Start for  2_9_5 [83/105]
Fin;generate all combinations 240240 ...time: 1.1967997550964355
Fin; energy prediction...time: 30.608869075775146
Egy stat [-6.9071627, 6.8819866, 1.3697729, 1.5307024]
Start for  2_8_6 [84/105]
Fin;generate all combinations 360360 ...time: 1.6114404201507568
Fin; energy prediction...time: 46.172818183898926
Egy stat [-5.4842467, 11.796015, 5.084401, 1.5942143]
Start for  2_7_7 [85/105]
Fin;generate all combinations 411840 ...time: 2.295154094696045
Fin; energy prediction...time: 51.49968194961548
Egy stat [-1.8581562, 14.672924, 8.350615, 1.6040794]
Start for  2_6_8 [86/105]
Fin;generate all combinations 360360 ...time: 1.8735768795013428
Fin; energy prediction...time: 45.63523864746094
Egy stat [1.3675976, 17.732584, 11.207045, 1.5652647]
Start for  2_5_9 [87/105]
Fin;generate all combinations 240240 ...time: 1.088493824005127
Fin; energy prediction...time: 31.755499839782715
Egy stat [6.119438, 19.041748, 13.69521, 1.4792211]
Start for  2_4_10 [88/105]
Fin;generate all combinations 120120 ...time: 0.6923127174377441
Fin; energy prediction...time: 16.914483785629272
Egy stat [9.912909, 21.36841, 15.859558, 1.3408746]
Start for  2_3_11 [89/105]
Fin;generate all combinations 43680 ...time: 0.0999612808227539
Fin; energy prediction...time: 6.565915822982788
Egy stat [13.614014, 21.877548, 17.747467, 1.1368363]
Start for  2_2_12 [90/105]
Fin;generate all combinations 10920 ...time: 0.12423133850097656
Fin; energy prediction...time: 2.510915994644165
Egy stat [16.783318, 22.7784, 19.409561, 0.8452311]
Start for  2_1_13 [91/105]
Fin;generate all combinations 1680 ...time: 0.0066986083984375
Fin; energy prediction...time: 1.1914939880371094
Egy stat [19.905943, 22.159836, 20.90066, 0.43620422]
Start for  1_14_1 [92/105]
Fin;generate all combinations 240 ...time: 0.0014071464538574219
Fin; energy prediction...time: 0.946068525314331
Egy stat [-21.135769, -19.368824, -20.310041, 0.5189953]
Start for  1_13_2 [93/105]
Fin;generate all combinations 1680 ...time: 0.0038750171661376953
Fin; energy prediction...time: 1.091747522354126
Egy stat [-16.23101, -11.927205, -14.134633, 0.88273907]
Start for  1_12_3 [94/105]
Fin;generate all combinations 7280 ...time: 0.017045259475708008
Fin; energy prediction...time: 1.9512598514556885
Egy stat [-12.545536, -4.707313, -8.590428, 1.1736158]
Start for  1_11_4 [95/105]
Fin;generate all combinations 21840 ...time: 0.10211801528930664
Fin; energy prediction...time: 3.7795004844665527
Egy stat [-9.093073, 1.144947, -3.6192687, 1.3968178]
Start for  1_10_5 [96/105]
Fin;generate all combinations 48048 ...time: 0.23951482772827148
Fin; energy prediction...time: 7.224426984786987
Egy stat [-5.965733, 5.908264, 0.8218254, 1.5557821]
Start for  1_9_6 [97/105]
Fin;generate all combinations 80080 ...time: 0.30381321907043457
Fin; energy prediction...time: 11.10711145401001
Egy stat [-4.2341957, 10.686237, 4.768248, 1.6537261]
Start for  1_8_7 [98/105]
Fin;generate all combinations 102960 ...time: 0.6096756458282471
Fin; energy prediction...time: 13.922457218170166
Egy stat [-3.2793946, 15.568773, 8.253396, 1.6951597]
Start for  1_7_8 [99/105]
Fin;generate all combinations 102960 ...time: 0.37913990020751953
Fin; energy prediction...time: 14.146111965179443
Egy stat [0.21342373, 18.233454, 11.311934, 1.6855631]
Start for  1_6_9 [100/105]
Fin;generate all combinations 80080 ...time: 0.3817172050476074
Fin; energy prediction...time: 11.48647665977478
Egy stat [5.1530113, 20.076822, 13.9811325, 1.6292063]
Start for  1_5_10 [101/105]
Fin;generate all combinations 48048 ...time: 0.23166155815124512
Fin; energy prediction...time: 7.083769083023071
Egy stat [9.528069, 21.625835, 16.30107, 1.5259706]
Start for  1_4_11 [102/105]
Fin;generate all combinations 21840 ...time: 0.048699140548706055
Fin; energy prediction...time: 3.844566822052002
Egy stat [13.089954, 23.973167, 18.314398, 1.3685137]
Start for  1_3_12 [103/105]
Fin;generate all combinations 7280 ...time: 0.01832890510559082
Fin; energy prediction...time: 1.963008165359497
Egy stat [16.608194, 24.29987, 20.066292, 1.1407592]
Start for  1_2_13 [104/105]
Fin;generate all combinations 1680 ...time: 0.004423856735229492
Fin; energy prediction...time: 1.1997275352478027
Egy stat [19.77032, 24.282597, 21.604809, 0.8169512]
Start for  1_1_14 [105/105]
Fin;generate all combinations 240 ...time: 0.0012049674987792969
Fin; energy prediction...time: 1.002598524093628
Egy stat [22.439766, 23.937904, 22.982027, 0.3482858]
Saving....
Saved to... K_CdPbZn_Cl.pkl
Total elapsed time... 5667.709505081177
