Summary of calculations
Site name (A,B,C)... K Cd,Hg,Pb I
Base cif file name... ../0.cif
Save file name... K_CdHgPb_I.pkl
Fin; combination with repetition...time: 0.0015876293182373047
Start for  14_1_1 [1/105]
Fin;generate all combinations 240 ...time: 0.0006263256072998047
Fin; energy prediction...time: 0.2125232219696045
Egy stat [27.214806, 27.641197, 27.416056, 0.14071871]
Start for  13_2_1 [2/105]
Fin;generate all combinations 1680 ...time: 0.003419160842895508
Fin; energy prediction...time: 0.3938477039337158
Egy stat [27.392666, 28.508995, 27.993326, 0.2546817]
Start for  13_1_2 [3/105]
Fin;generate all combinations 1680 ...time: 0.003816366195678711
Fin; energy prediction...time: 0.4555795192718506
Egy stat [26.271564, 27.494278, 26.845213, 0.22733544]
Start for  12_3_1 [4/105]
Fin;generate all combinations 7280 ...time: 0.012106895446777344
Fin; energy prediction...time: 1.159740686416626
Egy stat [27.721916, 29.366283, 28.495243, 0.36241883]
Start for  12_2_2 [5/105]
Fin;generate all combinations 10920 ...time: 0.017314434051513672
Fin; energy prediction...time: 1.675579309463501
Egy stat [26.442024, 28.493603, 27.468126, 0.31791708]
Start for  12_1_3 [6/105]
Fin;generate all combinations 7280 ...time: 0.06250977516174316
Fin; energy prediction...time: 1.185424566268921
Egy stat [25.335518, 27.20071, 26.175888, 0.30119947]
Start for  11_4_1 [7/105]
Fin;generate all combinations 21840 ...time: 0.08372879028320312
Fin; energy prediction...time: 3.02250337600708
Egy stat [27.758705, 30.326859, 28.92835, 0.45109922]
Start for  11_3_2 [8/105]
Fin;generate all combinations 43680 ...time: 0.11309647560119629
Fin; energy prediction...time: 5.772134780883789
Egy stat [26.779251, 29.487793, 28.015415, 0.41594082]
Start for  11_2_3 [9/105]
Fin;generate all combinations 43680 ...time: 0.150221586227417
Fin; energy prediction...time: 5.785548448562622
Egy stat [25.645565, 28.203262, 26.840479, 0.37772766]
Start for  11_1_4 [10/105]
Fin;generate all combinations 21840 ...time: 0.04446983337402344
Fin; energy prediction...time: 2.930583953857422
Egy stat [24.037529, 27.037003, 25.393524, 0.3662686]
Start for  10_5_1 [11/105]
Fin;generate all combinations 48048 ...time: 0.17753839492797852
Fin; energy prediction...time: 6.196113348007202
Egy stat [28.023754, 31.111797, 29.298618, 0.5188615]
Start for  10_4_2 [12/105]
Fin;generate all combinations 120120 ...time: 0.47359633445739746
Fin; energy prediction...time: 15.04760193824768
Egy stat [26.969223, 30.573303, 28.493082, 0.5010945]
Start for  10_3_3 [13/105]
Fin;generate all combinations 160160 ...time: 0.39723944664001465
Fin; energy prediction...time: 20.17681097984314
Egy stat [25.965477, 29.236485, 27.429258, 0.46744192]
Start for  10_2_4 [14/105]
Fin;generate all combinations 120120 ...time: 0.6468372344970703
Fin; energy prediction...time: 14.946157932281494
Egy stat [24.48996, 28.048267, 26.09622, 0.4322266]
Start for  10_1_5 [15/105]
Fin;generate all combinations 48048 ...time: 0.09918951988220215
Fin; energy prediction...time: 6.1891868114471436
Egy stat [22.847809, 26.09858, 24.490309, 0.4210797]
Start for  9_6_1 [16/105]
Fin;generate all combinations 80080 ...time: 0.26218414306640625
Fin; energy prediction...time: 10.05078411102295
Egy stat [27.884972, 31.984623, 29.611101, 0.5656742]
Start for  9_5_2 [17/105]
Fin;generate all combinations 240240 ...time: 0.6656591892242432
Fin; energy prediction...time: 29.663218021392822
Egy stat [27.114601, 31.338154, 28.906565, 0.5680035]
Start for  9_4_3 [18/105]
Fin;generate all combinations 400400 ...time: 1.445284128189087
Fin; energy prediction...time: 49.27419185638428
Egy stat [26.180004, 30.321064, 27.947786, 0.5488421]
Start for  9_3_4 [19/105]
Fin;generate all combinations 400400 ...time: 1.9101479053497314
Fin; energy prediction...time: 49.26729083061218
Egy stat [24.780323, 29.107677, 26.723118, 0.5146921]
Start for  9_2_5 [20/105]
Fin;generate all combinations 240240 ...time: 0.9125723838806152
Fin; energy prediction...time: 30.147752046585083
Egy stat [23.379215, 27.255363, 25.228065, 0.4784552]
Start for  9_1_6 [21/105]
Fin;generate all combinations 80080 ...time: 0.5099937915802002
Fin; energy prediction...time: 10.376745223999023
Egy stat [21.331808, 25.23669, 23.464312, 0.46321285]
Start for  8_7_1 [22/105]
Fin;generate all combinations 102960 ...time: 0.31897449493408203
Fin; energy prediction...time: 12.801324129104614
Egy stat [27.808441, 32.87787, 29.869736, 0.5919927]
Start for  8_6_2 [23/105]
Fin;generate all combinations 360360 ...time: 1.1102166175842285
Fin; energy prediction...time: 44.23431634902954
Egy stat [26.973213, 32.17091, 29.260408, 0.6151833]
Start for  8_5_3 [24/105]
Fin;generate all combinations 720720 ...time: 1.9535698890686035
Fin; energy prediction...time: 87.98269033432007
Egy stat [26.498665, 31.092377, 28.401001, 0.61443764]
Start for  8_4_4 [25/105]
Fin;generate all combinations 900900 ...time: 3.524378538131714
Fin; energy prediction...time: 108.37120246887207
Egy stat [24.99583, 30.190575, 27.27933, 0.5923849]
Start for  8_3_5 [26/105]
Fin;generate all combinations 720720 ...time: 4.859285354614258
Fin; energy prediction...time: 88.9711377620697
Egy stat [23.677132, 28.46037, 25.890238, 0.55473256]
Start for  8_2_6 [27/105]
Fin;generate all combinations 360360 ...time: 2.2346346378326416
Fin; energy prediction...time: 45.854440450668335
Egy stat [21.980114, 26.526245, 24.2347, 0.5134277]
Start for  8_1_7 [28/105]
Fin;generate all combinations 102960 ...time: 0.23938345909118652
Fin; energy prediction...time: 13.208131790161133
Egy stat [19.522688, 24.2505, 22.318443, 0.49103665]
Start for  7_8_1 [29/105]
Fin;generate all combinations 102960 ...time: 0.1857295036315918
Fin; energy prediction...time: 13.033072233200073
Egy stat [27.469418, 33.84292, 30.077164, 0.5983799]
Start for  7_7_2 [30/105]
Fin;generate all combinations 411840 ...time: 1.2988388538360596
Fin; energy prediction...time: 51.4352810382843
Egy stat [26.909584, 33.07445, 29.558039, 0.6423752]
Start for  7_6_3 [31/105]
Fin;generate all combinations 960960 ...time: 3.7750067710876465
Fin; energy prediction...time: 117.4268491268158
Egy stat [26.417088, 31.926067, 28.792995, 0.6615458]
Start for  7_5_4 [32/105]
Fin;generate all combinations 1441440 ...time: 6.231420516967773
Fin; energy prediction...time: 176.39592051506042
Egy stat [25.536644, 31.009346, 27.769363, 0.6564582]
Start for  7_4_5 [33/105]
Fin;generate all combinations 1441440 ...time: 4.796619415283203
Fin; energy prediction...time: 180.9360020160675
Egy stat [23.99601, 29.689697, 26.481543, 0.62907946]
Start for  7_3_6 [34/105]
Fin;generate all combinations 960960 ...time: 4.671271800994873
Fin; energy prediction...time: 120.145179271698
Egy stat [22.33712, 27.865536, 24.92994, 0.58462656]
Start for  7_2_7 [35/105]
Fin;generate all combinations 411840 ...time: 0.8318819999694824
Fin; energy prediction...time: 53.609617710113525
Egy stat [20.338688, 25.4534, 23.11976, 0.5351851]
Start for  7_1_8 [36/105]
Fin;generate all combinations 102960 ...time: 0.23492145538330078
Fin; energy prediction...time: 13.211332082748413
Egy stat [18.160717, 23.130783, 21.059273, 0.5038537]
Start for  6_9_1 [37/105]
Fin;generate all combinations 80080 ...time: 0.15809965133666992
Fin; energy prediction...time: 10.270141839981079
Egy stat [28.174824, 33.106365, 30.234737, 0.585345]
Start for  6_8_2 [38/105]
Fin;generate all combinations 360360 ...time: 1.472046136856079
Fin; energy prediction...time: 44.41074323654175
Egy stat [26.574894, 34.048492, 29.801603, 0.6497176]
Start for  6_7_3 [39/105]
Fin;generate all combinations 960960 ...time: 3.3789589405059814
Fin; energy prediction...time: 118.08492183685303
Egy stat [26.357018, 32.80445, 29.126654, 0.6892178]
Start for  6_6_4 [40/105]
Fin;generate all combinations 1681680 ...time: 7.2354371547698975
Fin; energy prediction...time: 202.87343168258667
Egy stat [25.53061, 31.87075, 28.196806, 0.7032396]
Start for  6_5_5 [41/105]
Fin;generate all combinations 2018016 ...time: 9.511860132217407
Fin; energy prediction...time: 246.81324338912964
Egy stat [24.478718, 30.474697, 27.006006, 0.6917053]
Start for  6_4_6 [42/105]
Fin;generate all combinations 1681680 ...time: 6.351567506790161
Fin; energy prediction...time: 215.23718428611755
Egy stat [22.739792, 29.22913, 25.55429, 0.65623987]
Start for  6_3_7 [43/105]
Fin;generate all combinations 960960 ...time: 5.628798961639404
Fin; energy prediction...time: 119.41363215446472
Egy stat [21.243134, 26.786713, 23.846502, 0.6023974]
Start for  6_2_8 [44/105]
Fin;generate all combinations 360360 ...time: 2.171600341796875
Fin; energy prediction...time: 44.9250123500824
Egy stat [19.414968, 24.447346, 21.890568, 0.54284924]
Start for  6_1_9 [45/105]
Fin;generate all combinations 80080 ...time: 0.20064902305603027
Fin; energy prediction...time: 11.09350848197937
Egy stat [17.2927, 21.384966, 19.695665, 0.50133336]
Start for  5_10_1 [46/105]
Fin;generate all combinations 48048 ...time: 0.1086280345916748
Fin; energy prediction...time: 6.658447265625
Egy stat [28.657719, 32.51564, 30.342573, 0.55325896]
Start for  5_9_2 [47/105]
Fin;generate all combinations 240240 ...time: 1.0892069339752197
Fin; energy prediction...time: 30.399922370910645
Egy stat [27.278759, 33.319363, 29.991974, 0.63741195]
Start for  5_8_3 [48/105]
Fin;generate all combinations 720720 ...time: 2.5998592376708984
Fin; energy prediction...time: 89.72033524513245
Egy stat [26.022274, 33.68157, 29.40366, 0.6971349]
Start for  5_7_4 [49/105]
Fin;generate all combinations 1441440 ...time: 5.140493392944336
Fin; energy prediction...time: 177.54327034950256
Egy stat [25.462006, 32.75957, 28.56407, 0.73113364]
Start for  5_6_5 [50/105]
Fin;generate all combinations 2018016 ...time: 11.407851696014404
Fin; energy prediction...time: 249.13396883010864
Egy stat [24.538166, 31.30006, 27.466705, 0.73811543]
Start for  5_5_6 [51/105]
Fin;generate all combinations 2018016 ...time: 8.516197681427002
Fin; energy prediction...time: 248.64945888519287
Egy stat [23.303303, 29.970337, 26.11132, 0.7177261]
Start for  5_4_7 [52/105]
Fin;generate all combinations 1441440 ...time: 9.821167469024658
Fin; energy prediction...time: 178.89474081993103
Egy stat [21.819725, 28.169624, 24.50249, 0.67202336]
Start for  5_3_8 [53/105]
Fin;generate all combinations 720720 ...time: 1.4319519996643066
Fin; energy prediction...time: 93.82799196243286
Egy stat [20.31598, 25.768421, 22.647928, 0.60717803]
Start for  5_2_9 [54/105]
Fin;generate all combinations 240240 ...time: 0.5318548679351807
Fin; energy prediction...time: 30.36941623687744
Egy stat [18.551304, 22.513214, 20.55675, 0.53613406]
Start for  5_1_10 [55/105]
Fin;generate all combinations 48048 ...time: 0.5066933631896973
Fin; energy prediction...time: 6.705590724945068
Egy stat [16.335531, 19.754793, 18.237343, 0.48283398]
Start for  4_11_1 [56/105]
Fin;generate all combinations 21840 ...time: 0.05445218086242676
Fin; energy prediction...time: 3.408433198928833
Egy stat [29.14463, 31.931149, 30.399673, 0.50231105]
Start for  4_10_2 [57/105]
Fin;generate all combinations 120120 ...time: 0.4507002830505371
Fin; energy prediction...time: 15.368327856063843
Egy stat [27.912369, 32.6954, 30.128792, 0.605562]
Start for  4_9_3 [58/105]
Fin;generate all combinations 400400 ...time: 1.4403986930847168
Fin; energy prediction...time: 49.201557874679565
Egy stat [26.75761, 32.936073, 29.624378, 0.68513775]
Start for  4_8_4 [59/105]
Fin;generate all combinations 900900 ...time: 2.8116989135742188
Fin; energy prediction...time: 110.55771470069885
Egy stat [25.116165, 33.67431, 28.872252, 0.73935854]
Start for  4_7_5 [60/105]
Fin;generate all combinations 1441440 ...time: 6.327861547470093
Fin; energy prediction...time: 178.1400966644287
Egy stat [24.644169, 32.18309, 27.865507, 0.7661239]
Start for  4_6_6 [61/105]
Fin;generate all combinations 1681680 ...time: 5.662280559539795
Fin; energy prediction...time: 206.12945675849915
Egy stat [23.652767, 30.774204, 26.603548, 0.7638897]
Start for  4_5_7 [62/105]
Fin;generate all combinations 1441440 ...time: 6.710384130477905
Fin; energy prediction...time: 181.89187002182007
Egy stat [22.349434, 29.092396, 25.09069, 0.7328181]
Start for  4_4_8 [63/105]
Fin;generate all combinations 900900 ...time: 5.267500162124634
Fin; energy prediction...time: 112.74458265304565
Egy stat [20.83303, 27.162792, 23.334635, 0.6756826]
Start for  4_3_9 [64/105]
Fin;generate all combinations 400400 ...time: 0.7865586280822754
Fin; energy prediction...time: 50.800198554992676
Egy stat [19.411964, 23.803463, 21.344488, 0.5989086]
Start for  4_2_10 [65/105]
Fin;generate all combinations 120120 ...time: 0.9065279960632324
Fin; energy prediction...time: 15.554205179214478
Egy stat [17.466173, 20.931942, 19.128736, 0.5148452]
Start for  4_1_11 [66/105]
Fin;generate all combinations 21840 ...time: 0.06409645080566406
Fin; energy prediction...time: 3.3697972297668457
Egy stat [15.247183, 18.019056, 16.693361, 0.4469665]
Start for  3_12_1 [67/105]
Fin;generate all combinations 7280 ...time: 0.020100831985473633
Fin; energy prediction...time: 1.5857129096984863
Egy stat [29.371494, 31.613853, 30.404104, 0.43248415]
Start for  3_11_2 [68/105]
Fin;generate all combinations 43680 ...time: 0.14028429985046387
Fin; energy prediction...time: 6.216281175613403
Egy stat [28.467583, 32.114338, 30.210602, 0.5540875]
Start for  3_10_3 [69/105]
Fin;generate all combinations 160160 ...time: 0.6595950126647949
Fin; energy prediction...time: 20.23439073562622
Egy stat [27.477585, 32.477318, 29.787922, 0.6529923]
Start for  3_9_4 [70/105]
Fin;generate all combinations 400400 ...time: 1.5916378498077393
Fin; energy prediction...time: 49.06135606765747
Egy stat [26.233368, 33.234863, 29.121214, 0.72737026]
Start for  3_8_5 [71/105]
Fin;generate all combinations 720720 ...time: 2.947591781616211
Fin; energy prediction...time: 89.00132870674133
Egy stat [24.52177, 33.094532, 28.202986, 0.7744973]
Start for  3_7_6 [72/105]
Fin;generate all combinations 960960 ...time: 5.7800328731536865
Fin; energy prediction...time: 116.79215097427368
Egy stat [23.765625, 31.658993, 27.032206, 0.79200876]
Start for  3_6_7 [73/105]
Fin;generate all combinations 960960 ...time: 6.038920164108276
Fin; energy prediction...time: 120.87118220329285
Egy stat [22.830402, 30.085781, 25.613035, 0.77895814]
Start for  3_5_8 [74/105]
Fin;generate all combinations 720720 ...time: 3.2160346508026123
Fin; energy prediction...time: 89.72401261329651
Egy stat [21.33058, 28.258553, 23.953075, 0.7363633]
Start for  3_4_9 [75/105]
Fin;generate all combinations 400400 ...time: 2.373133420944214
Fin; energy prediction...time: 51.44876146316528
Egy stat [19.918257, 25.144218, 22.061558, 0.66744846]
Start for  3_3_10 [76/105]
Fin;generate all combinations 160160 ...time: 0.3755936622619629
Fin; energy prediction...time: 20.674604892730713
Egy stat [18.293589, 22.213444, 19.947182, 0.5780942]
Start for  3_2_11 [77/105]
Fin;generate all combinations 43680 ...time: 0.10976624488830566
Fin; energy prediction...time: 6.538386106491089
Egy stat [16.269682, 19.311905, 17.616188, 0.47880915]
Start for  3_1_12 [78/105]
Fin;generate all combinations 7280 ...time: 0.023244142532348633
Fin; energy prediction...time: 1.8863825798034668
Egy stat [13.921169, 16.54981, 15.070669, 0.39159074]
Start for  2_13_1 [79/105]
Fin;generate all combinations 1680 ...time: 0.006574392318725586
Fin; energy prediction...time: 1.0606417655944824
Egy stat [29.696358, 31.039143, 30.353172, 0.3435304]
Start for  2_12_2 [80/105]
Fin;generate all combinations 10920 ...time: 0.022733449935913086
Fin; energy prediction...time: 2.3074543476104736
Egy stat [28.848911, 31.796444, 30.235039, 0.4826694]
Start for  2_11_3 [81/105]
Fin;generate all combinations 43680 ...time: 0.15865135192871094
Fin; energy prediction...time: 6.26911473274231
Egy stat [28.186012, 32.24623, 29.89238, 0.60025185]
Start for  2_10_4 [82/105]
Fin;generate all combinations 120120 ...time: 0.4385390281677246
Fin; energy prediction...time: 15.516392230987549
Egy stat [26.847523, 32.884983, 29.30953, 0.6945653]
Start for  2_9_5 [83/105]
Fin;generate all combinations 240240 ...time: 1.1472105979919434
Fin; energy prediction...time: 30.633842945098877
Egy stat [25.596031, 32.649323, 28.478325, 0.762302]
Start for  2_8_6 [84/105]
Fin;generate all combinations 360360 ...time: 1.708141803741455
Fin; energy prediction...time: 45.85084819793701
Egy stat [23.673843, 32.760433, 27.397234, 0.80041826]
Start for  2_7_7 [85/105]
Fin;generate all combinations 411840 ...time: 1.4700655937194824
Fin; energy prediction...time: 54.689186334609985
Egy stat [22.880196, 31.102245, 26.070093, 0.8072296]
Start for  2_6_8 [86/105]
Fin;generate all combinations 360360 ...time: 1.458897590637207
Fin; energy prediction...time: 45.162155866622925
Egy stat [21.867096, 29.432632, 24.504461, 0.782803]
Start for  2_5_9 [87/105]
Fin;generate all combinations 240240 ...time: 1.0318076610565186
Fin; energy prediction...time: 30.547588348388672
Egy stat [20.392132, 26.21479, 22.709656, 0.7288709]
Start for  2_4_10 [88/105]
Fin;generate all combinations 120120 ...time: 0.2509346008300781
Fin; energy prediction...time: 16.108877658843994
Egy stat [18.790585, 23.521587, 20.694683, 0.6485215]
Start for  2_3_11 [89/105]
Fin;generate all combinations 43680 ...time: 0.09610223770141602
Fin; energy prediction...time: 6.590930461883545
Egy stat [17.067266, 20.605793, 18.46614, 0.54609525]
Start for  2_2_12 [90/105]
Fin;generate all combinations 10920 ...time: 0.027696847915649414
Fin; energy prediction...time: 2.2847774028778076
Egy stat [15.046677, 17.827616, 16.026464, 0.4286288]
Start for  2_1_13 [91/105]
Fin;generate all combinations 1680 ...time: 0.005438089370727539
Fin; energy prediction...time: 1.033311128616333
Egy stat [12.72217, 14.279863, 13.372729, 0.31427595]
Start for  1_14_1 [92/105]
Fin;generate all combinations 240 ...time: 0.0015108585357666016
Fin; energy prediction...time: 0.8289446830749512
Egy stat [29.815968, 30.56953, 30.2436, 0.23488721]
Start for  1_13_2 [93/105]
Fin;generate all combinations 1680 ...time: 0.004485607147216797
Fin; energy prediction...time: 0.9859738349914551
Egy stat [29.340988, 31.179115, 30.199, 0.3906767]
Start for  1_12_3 [94/105]
Fin;generate all combinations 7280 ...time: 0.01735401153564453
Fin; energy prediction...time: 1.695997714996338
Egy stat [28.577461, 31.675663, 29.934889, 0.5261384]
Start for  1_11_4 [95/105]
Fin;generate all combinations 21840 ...time: 0.09180760383605957
Fin; energy prediction...time: 3.536445140838623
Egy stat [27.541882, 32.078804, 29.434725, 0.64009154]
Start for  1_10_5 [96/105]
Fin;generate all combinations 48048 ...time: 0.26583313941955566
Fin; energy prediction...time: 6.841009140014648
Egy stat [26.275383, 32.269802, 28.689552, 0.7285504]
Start for  1_9_6 [97/105]
Fin;generate all combinations 80080 ...time: 0.42644309997558594
Fin; energy prediction...time: 10.727263927459717
Egy stat [24.779583, 32.269276, 27.697216, 0.78779215]
Start for  1_8_7 [98/105]
Fin;generate all combinations 102960 ...time: 0.38316822052001953
Fin; energy prediction...time: 13.75779676437378
Egy stat [23.055016, 32.184074, 26.46113, 0.81554985]
Start for  1_7_8 [99/105]
Fin;generate all combinations 102960 ...time: 0.4921865463256836
Fin; energy prediction...time: 13.395190000534058
Egy stat [22.28011, 30.613174, 24.988676, 0.8113252]
Start for  1_6_9 [100/105]
Fin;generate all combinations 80080 ...time: 0.36951684951782227
Fin; energy prediction...time: 10.62623906135559
Egy stat [21.17731, 27.345142, 23.28926, 0.77617455]
Start for  1_5_10 [101/105]
Fin;generate all combinations 48048 ...time: 0.250293493270874
Fin; energy prediction...time: 6.966629266738892
Egy stat [19.627394, 24.457863, 21.372173, 0.7121574]
Start for  1_4_11 [102/105]
Fin;generate all combinations 21840 ...time: 0.04932856559753418
Fin; energy prediction...time: 3.5450148582458496
Egy stat [17.781895, 21.879177, 19.24446, 0.6215932]
Start for  1_3_12 [103/105]
Fin;generate all combinations 7280 ...time: 0.017318010330200195
Fin; energy prediction...time: 1.8301455974578857
Egy stat [15.831091, 19.103132, 16.909012, 0.50637716]
Start for  1_2_13 [104/105]
Fin;generate all combinations 1680 ...time: 0.005118608474731445
Fin; energy prediction...time: 1.0722155570983887
Egy stat [13.753731, 15.521191, 14.363218, 0.36809894]
Start for  1_1_14 [105/105]
Fin;generate all combinations 240 ...time: 0.001125335693359375
Fin; energy prediction...time: 0.8520548343658447
Egy stat [11.300467, 12.118988, 11.598393, 0.21378304]
Saving....
Saved to... K_CdHgPb_I.pkl
Total elapsed time... 5579.277099370956
