Summary of calculations
Site name (A,B,C)... K Cd,Ge,Pb I
Base cif file name... ../0.cif
Save file name... K_CdGePb_I.pkl
Fin; combination with repetition...time: 0.0016357898712158203
Start for  14_1_1 [1/105]
Fin;generate all combinations 240 ...time: 0.0006499290466308594
Fin; energy prediction...time: 0.2030625343322754
Egy stat [25.715374, 26.424118, 25.96136, 0.16191041]
Start for  13_2_1 [2/105]
Fin;generate all combinations 1680 ...time: 0.003384828567504883
Fin; energy prediction...time: 0.4067380428314209
Egy stat [24.874329, 25.72992, 25.261114, 0.17550091]
Start for  13_1_2 [3/105]
Fin;generate all combinations 1680 ...time: 0.0037331581115722656
Fin; energy prediction...time: 0.35659050941467285
Egy stat [24.839195, 26.188744, 25.435036, 0.23879534]
Start for  12_3_1 [4/105]
Fin;generate all combinations 7280 ...time: 0.012768268585205078
Fin; energy prediction...time: 1.1371440887451172
Egy stat [24.139637, 25.191097, 24.622128, 0.18174426]
Start for  12_2_2 [5/105]
Fin;generate all combinations 10920 ...time: 0.016778230667114258
Fin; energy prediction...time: 1.525953769683838
Egy stat [24.099354, 25.800858, 24.796406, 0.24815616]
Start for  12_1_3 [6/105]
Fin;generate all combinations 7280 ...time: 0.0523838996887207
Fin; energy prediction...time: 1.1036369800567627
Egy stat [23.96537, 25.901772, 24.790354, 0.31176418]
Start for  11_4_1 [7/105]
Fin;generate all combinations 21840 ...time: 0.09077310562133789
Fin; energy prediction...time: 2.941598892211914
Egy stat [23.4286, 24.642326, 24.016077, 0.19035581]
Start for  11_3_2 [8/105]
Fin;generate all combinations 43680 ...time: 0.12326979637145996
Fin; energy prediction...time: 5.89838719367981
Egy stat [23.500904, 25.209225, 24.196707, 0.25422627]
Start for  11_2_3 [9/105]
Fin;generate all combinations 43680 ...time: 0.1548607349395752
Fin; energy prediction...time: 5.604722023010254
Egy stat [23.302021, 25.401943, 24.19509, 0.32380116]
Start for  11_1_4 [10/105]
Fin;generate all combinations 21840 ...time: 0.04100489616394043
Fin; energy prediction...time: 2.980719804763794
Egy stat [22.759254, 25.479118, 24.017878, 0.3799961]
Start for  10_5_1 [11/105]
Fin;generate all combinations 48048 ...time: 0.1948249340057373
Fin; energy prediction...time: 6.14695930480957
Egy stat [22.72791, 24.194473, 23.419361, 0.2030328]
Start for  10_4_2 [12/105]
Fin;generate all combinations 120120 ...time: 0.48445558547973633
Fin; energy prediction...time: 15.032150506973267
Egy stat [22.744762, 24.679176, 23.612988, 0.26207122]
Start for  10_3_3 [13/105]
Fin;generate all combinations 160160 ...time: 0.6872568130493164
Fin; energy prediction...time: 19.87507963180542
Egy stat [22.587154, 24.975155, 23.621534, 0.33319888]
Start for  10_2_4 [14/105]
Fin;generate all combinations 120120 ...time: 0.3792381286621094
Fin; energy prediction...time: 15.329761028289795
Egy stat [22.11, 25.116982, 23.45265, 0.3943816]
Start for  10_1_5 [15/105]
Fin;generate all combinations 48048 ...time: 0.09648847579956055
Fin; energy prediction...time: 6.402923822402954
Egy stat [21.5752, 24.547203, 23.114216, 0.43897206]
Start for  9_6_1 [16/105]
Fin;generate all combinations 80080 ...time: 0.24621129035949707
Fin; energy prediction...time: 10.298885345458984
Egy stat [22.130722, 23.906506, 22.81232, 0.21639983]
Start for  9_5_2 [17/105]
Fin;generate all combinations 240240 ...time: 0.6654534339904785
Fin; energy prediction...time: 29.935547590255737
Egy stat [22.069897, 24.190536, 23.026426, 0.27110216]
Start for  9_4_3 [18/105]
Fin;generate all combinations 400400 ...time: 1.4371600151062012
Fin; energy prediction...time: 49.07973337173462
Egy stat [21.948696, 24.445797, 23.051588, 0.3419917]
Start for  9_3_4 [19/105]
Fin;generate all combinations 400400 ...time: 1.6264622211456299
Fin; energy prediction...time: 49.71555137634277
Egy stat [21.478054, 24.718216, 22.896526, 0.40549994]
Start for  9_2_5 [20/105]
Fin;generate all combinations 240240 ...time: 0.8818559646606445
Fin; energy prediction...time: 30.343168020248413
Egy stat [20.909208, 24.124046, 22.570091, 0.45408398]
Start for  9_1_6 [21/105]
Fin;generate all combinations 80080 ...time: 0.16472959518432617
Fin; energy prediction...time: 10.895058393478394
Egy stat [20.156153, 23.569233, 22.08114, 0.48538834]
Start for  8_7_1 [22/105]
Fin;generate all combinations 102960 ...time: 0.4976358413696289
Fin; energy prediction...time: 13.049753665924072
Egy stat [21.446878, 23.639599, 22.178463, 0.22614972]
Start for  8_6_2 [23/105]
Fin;generate all combinations 360360 ...time: 1.3296496868133545
Fin; energy prediction...time: 44.43864822387695
Egy stat [21.407337, 23.790443, 22.421515, 0.27862442]
Start for  8_5_3 [24/105]
Fin;generate all combinations 720720 ...time: 2.7156968116760254
Fin; energy prediction...time: 88.55599570274353
Egy stat [21.384567, 23.978813, 22.470665, 0.34931237]
Start for  8_4_4 [25/105]
Fin;generate all combinations 900900 ...time: 4.2659618854522705
Fin; energy prediction...time: 109.78328156471252
Egy stat [20.699997, 24.32473, 22.3357, 0.41421407]
Start for  8_3_5 [26/105]
Fin;generate all combinations 720720 ...time: 2.6474602222442627
Fin; energy prediction...time: 90.40613341331482
Egy stat [20.246595, 23.721832, 22.026512, 0.46534428]
Start for  8_2_6 [27/105]
Fin;generate all combinations 360360 ...time: 0.6679494380950928
Fin; energy prediction...time: 45.00551223754883
Egy stat [19.530952, 23.339706, 21.552927, 0.5001073]
Start for  8_1_7 [28/105]
Fin;generate all combinations 102960 ...time: 0.7102782726287842
Fin; energy prediction...time: 13.198465347290039
Egy stat [18.346277, 22.814205, 20.924486, 0.5177358]
Start for  7_8_1 [29/105]
Fin;generate all combinations 102960 ...time: 0.3799564838409424
Fin; energy prediction...time: 13.368716955184937
Egy stat [20.67816, 23.08749, 21.503763, 0.2291884]
Start for  7_7_2 [30/105]
Fin;generate all combinations 411840 ...time: 1.563899278640747
Fin; energy prediction...time: 51.1071834564209
Egy stat [20.736553, 23.259613, 21.785313, 0.2822262]
Start for  7_6_3 [31/105]
Fin;generate all combinations 960960 ...time: 3.9990835189819336
Fin; energy prediction...time: 118.50508880615234
Egy stat [20.76053, 23.467236, 21.866858, 0.35380238]
Start for  7_5_4 [32/105]
Fin;generate all combinations 1441440 ...time: 5.275926113128662
Fin; energy prediction...time: 177.08962488174438
Egy stat [20.150482, 23.731144, 21.759222, 0.42014888]
Start for  7_4_5 [33/105]
Fin;generate all combinations 1441440 ...time: 7.787967205047607
Fin; energy prediction...time: 182.128249168396
Egy stat [19.765938, 23.131706, 21.473387, 0.47334078]
Start for  7_3_6 [34/105]
Fin;generate all combinations 960960 ...time: 4.267106056213379
Fin; energy prediction...time: 118.45850729942322
Egy stat [18.86817, 22.95446, 21.020153, 0.51077956]
Start for  7_2_7 [35/105]
Fin;generate all combinations 411840 ...time: 0.8083102703094482
Fin; energy prediction...time: 52.2148540019989
Egy stat [17.771437, 22.58002, 20.41002, 0.53163904]
Start for  7_1_8 [36/105]
Fin;generate all combinations 102960 ...time: 0.2532987594604492
Fin; energy prediction...time: 13.582633256912231
Egy stat [16.181175, 22.248161, 19.652908, 0.5355979]
Start for  6_9_1 [37/105]
Fin;generate all combinations 80080 ...time: 0.16017532348632812
Fin; energy prediction...time: 10.518476009368896
Egy stat [20.09691, 21.97813, 20.776007, 0.22396813]
Start for  6_8_2 [38/105]
Fin;generate all combinations 360360 ...time: 1.4355790615081787
Fin; energy prediction...time: 45.37052345275879
Egy stat [20.090748, 22.749271, 21.106747, 0.28068852]
Start for  6_7_3 [39/105]
Fin;generate all combinations 960960 ...time: 3.8821358680725098
Fin; energy prediction...time: 121.33072996139526
Egy stat [20.07444, 22.949673, 21.23019, 0.35473007]
Start for  6_6_4 [40/105]
Fin;generate all combinations 1681680 ...time: 7.888023138046265
Fin; energy prediction...time: 205.56273818016052
Egy stat [19.62378, 23.191013, 21.158201, 0.42303]
Start for  6_5_5 [41/105]
Fin;generate all combinations 2018016 ...time: 9.227802038192749
Fin; energy prediction...time: 246.37060260772705
Egy stat [19.086102, 22.680767, 20.90279, 0.47822607]
Start for  6_4_6 [42/105]
Fin;generate all combinations 1681680 ...time: 9.990214824676514
Fin; energy prediction...time: 204.60248184204102
Egy stat [18.292738, 22.576332, 20.475784, 0.51797813]
Start for  6_3_7 [43/105]
Fin;generate all combinations 960960 ...time: 4.873709201812744
Fin; energy prediction...time: 120.00122857093811
Egy stat [17.105732, 22.249676, 19.888668, 0.54154724]
Start for  6_2_8 [44/105]
Fin;generate all combinations 360360 ...time: 2.417557716369629
Fin; energy prediction...time: 44.95775127410889
Egy stat [15.586239, 21.990501, 19.152267, 0.54860485]
Start for  6_1_9 [45/105]
Fin;generate all combinations 80080 ...time: 0.2048640251159668
Fin; energy prediction...time: 11.478232145309448
Egy stat [15.356865, 20.40799, 18.276527, 0.5386816]
Start for  5_10_1 [46/105]
Fin;generate all combinations 48048 ...time: 0.10631084442138672
Fin; energy prediction...time: 6.918339252471924
Egy stat [19.426216, 20.865944, 19.984222, 0.2101597]
Start for  5_9_2 [47/105]
Fin;generate all combinations 240240 ...time: 0.8442637920379639
Fin; energy prediction...time: 30.436406135559082
Egy stat [19.463194, 21.720272, 20.375935, 0.27402946]
Start for  5_8_3 [48/105]
Fin;generate all combinations 720720 ...time: 2.539151668548584
Fin; energy prediction...time: 89.4929404258728
Egy stat [19.485142, 22.009922, 20.55193, 0.35226065]
Start for  5_7_4 [49/105]
Fin;generate all combinations 1441440 ...time: 6.5735461711883545
Fin; energy prediction...time: 180.25491404533386
Egy stat [19.041632, 22.385212, 20.52501, 0.42313206]
Start for  5_6_5 [50/105]
Fin;generate all combinations 2018016 ...time: 11.127094984054565
Fin; energy prediction...time: 246.81084942817688
Egy stat [18.524422, 22.277458, 20.308155, 0.4803753]
Start for  5_5_6 [51/105]
Fin;generate all combinations 2018016 ...time: 8.89803433418274
Fin; energy prediction...time: 251.38953351974487
Egy stat [17.752617, 22.147743, 19.914265, 0.5221684]
Start for  5_4_7 [52/105]
Fin;generate all combinations 1441440 ...time: 6.441962480545044
Fin; energy prediction...time: 178.74159240722656
Egy stat [16.531307, 21.927532, 19.35577, 0.5479997]
Start for  5_3_8 [53/105]
Fin;generate all combinations 720720 ...time: 1.2980868816375732
Fin; energy prediction...time: 92.70309782028198
Egy stat [15.041294, 21.721016, 18.64448, 0.557623]
Start for  5_2_9 [54/105]
Fin;generate all combinations 240240 ...time: 1.764890432357788
Fin; energy prediction...time: 31.116846799850464
Egy stat [14.77738, 20.132673, 17.791176, 0.5505957]
Start for  5_1_10 [55/105]
Fin;generate all combinations 48048 ...time: 0.13842368125915527
Fin; energy prediction...time: 6.824431896209717
Egy stat [14.472673, 18.658049, 16.805492, 0.52600324]
Start for  4_11_1 [56/105]
Fin;generate all combinations 21840 ...time: 0.05588531494140625
Fin; energy prediction...time: 3.55403208732605
Egy stat [18.659172, 19.78203, 19.118216, 0.18828283]
Start for  4_10_2 [57/105]
Fin;generate all combinations 120120 ...time: 0.4604611396789551
Fin; energy prediction...time: 15.737353563308716
Egy stat [18.697475, 20.692083, 19.583687, 0.26326704]
Start for  4_9_3 [58/105]
Fin;generate all combinations 400400 ...time: 1.6343560218811035
Fin; energy prediction...time: 50.20186376571655
Egy stat [18.835157, 21.068209, 19.82394, 0.3473294]
Start for  4_8_4 [59/105]
Fin;generate all combinations 900900 ...time: 3.3618483543395996
Fin; energy prediction...time: 111.28505492210388
Egy stat [18.3984, 21.57875, 19.852594, 0.42128614]
Start for  4_7_5 [60/105]
Fin;generate all combinations 1441440 ...time: 6.046656608581543
Fin; energy prediction...time: 177.53716707229614
Egy stat [17.967964, 21.53376, 19.683561, 0.48053187]
Start for  4_6_6 [61/105]
Fin;generate all combinations 1681680 ...time: 9.234994411468506
Fin; energy prediction...time: 205.8395926952362
Egy stat [17.074568, 21.711006, 19.330696, 0.52400464]
Start for  4_5_7 [62/105]
Fin;generate all combinations 1441440 ...time: 8.328606128692627
Fin; energy prediction...time: 176.38847088813782
Egy stat [15.94973, 21.546299, 18.807432, 0.5515472]
Start for  4_4_8 [63/105]
Fin;generate all combinations 900900 ...time: 3.9927430152893066
Fin; energy prediction...time: 111.23816967010498
Egy stat [14.471907, 21.4608, 18.126526, 0.5630739]
Start for  4_3_9 [64/105]
Fin;generate all combinations 400400 ...time: 2.6633071899414062
Fin; energy prediction...time: 50.94443917274475
Egy stat [14.272917, 19.787466, 17.2997, 0.5582192]
Start for  4_2_10 [65/105]
Fin;generate all combinations 120120 ...time: 0.29227662086486816
Fin; energy prediction...time: 16.00755739212036
Egy stat [13.938906, 18.36232, 16.337397, 0.53615713]
Start for  4_1_11 [66/105]
Fin;generate all combinations 21840 ...time: 0.0664970874786377
Fin; energy prediction...time: 3.6321845054626465
Egy stat [13.424204, 16.816065, 15.248541, 0.49546182]
Start for  3_12_1 [67/105]
Fin;generate all combinations 7280 ...time: 0.02037525177001953
Fin; energy prediction...time: 1.6490118503570557
Egy stat [17.728998, 18.62491, 18.168219, 0.15949105]
Start for  3_11_2 [68/105]
Fin;generate all combinations 43680 ...time: 0.1903219223022461
Fin; energy prediction...time: 6.487273454666138
Egy stat [17.90255, 19.637918, 18.72103, 0.2501582]
Start for  3_10_3 [69/105]
Fin;generate all combinations 160160 ...time: 0.7722902297973633
Fin; energy prediction...time: 20.719565391540527
Egy stat [18.075937, 20.140432, 19.03819, 0.34137544]
Start for  3_9_4 [70/105]
Fin;generate all combinations 400400 ...time: 1.5682222843170166
Fin; energy prediction...time: 50.91050457954407
Egy stat [17.755009, 20.750711, 19.133955, 0.41870436]
Start for  3_8_5 [71/105]
Fin;generate all combinations 720720 ...time: 3.2829198837280273
Fin; energy prediction...time: 89.20951771736145
Egy stat [17.328299, 20.715454, 19.023027, 0.4797418]
Start for  3_7_6 [72/105]
Fin;generate all combinations 960960 ...time: 4.547993183135986
Fin; energy prediction...time: 118.38666129112244
Egy stat [16.520721, 20.897007, 18.720152, 0.5243732]
Start for  3_6_7 [73/105]
Fin;generate all combinations 960960 ...time: 3.440985918045044
Fin; energy prediction...time: 121.31526708602905
Egy stat [15.4117775, 20.843971, 18.239746, 0.55290014]
Start for  3_5_8 [74/105]
Fin;generate all combinations 720720 ...time: 3.6970510482788086
Fin; energy prediction...time: 89.95016312599182
Egy stat [14.000988, 20.802132, 17.59548, 0.5654671]
Start for  3_4_9 [75/105]
Fin;generate all combinations 400400 ...time: 0.8064656257629395
Fin; energy prediction...time: 51.51035118103027
Egy stat [13.760439, 19.44847, 16.800035, 0.56182754]
Start for  3_3_10 [76/105]
Fin;generate all combinations 160160 ...time: 0.3426027297973633
Fin; energy prediction...time: 20.99259376525879
Egy stat [13.477446, 17.939512, 15.86474, 0.54125035]
Start for  3_2_11 [77/105]
Fin;generate all combinations 43680 ...time: 0.10820674896240234
Fin; energy prediction...time: 6.219041347503662
Egy stat [12.998402, 16.531643, 14.799312, 0.5024928]
Start for  3_1_12 [78/105]
Fin;generate all combinations 7280 ...time: 0.02333521842956543
Fin; energy prediction...time: 1.723210334777832
Egy stat [12.183292, 15.059399, 13.611648, 0.44375882]
Start for  2_13_1 [79/105]
Fin;generate all combinations 1680 ...time: 0.0058667659759521484
Fin; energy prediction...time: 0.9829270839691162
Egy stat [16.81359, 17.447155, 17.124712, 0.12578396]
Start for  2_12_2 [80/105]
Fin;generate all combinations 10920 ...time: 0.023148536682128906
Fin; energy prediction...time: 2.145310640335083
Egy stat [16.99745, 18.568722, 17.778961, 0.23697308]
Start for  2_11_3 [81/105]
Fin;generate all combinations 43680 ...time: 0.2150568962097168
Fin; energy prediction...time: 6.308995246887207
Egy stat [17.321436, 19.166618, 18.186375, 0.33602044]
Start for  2_10_4 [82/105]
Fin;generate all combinations 120120 ...time: 0.573997974395752
Fin; energy prediction...time: 15.703155517578125
Egy stat [16.98073, 19.917889, 18.361618, 0.41673577]
Start for  2_9_5 [83/105]
Fin;generate all combinations 240240 ...time: 0.9817948341369629
Fin; energy prediction...time: 30.73930811882019
Egy stat [16.656977, 19.901855, 18.320023, 0.47921354]
Start for  2_8_6 [84/105]
Fin;generate all combinations 360360 ...time: 1.1102819442749023
Fin; energy prediction...time: 46.49175500869751
Egy stat [15.940136, 20.09367, 18.077099, 0.5243528]
Start for  2_7_7 [85/105]
Fin;generate all combinations 411840 ...time: 1.5810487270355225
Fin; energy prediction...time: 52.04084491729736
Egy stat [14.892765, 20.095564, 17.648129, 0.55297464]
Start for  2_6_8 [86/105]
Fin;generate all combinations 360360 ...time: 1.4258952140808105
Fin; energy prediction...time: 46.73741126060486
Egy stat [13.511419, 20.18681, 17.04773, 0.5655136]
Start for  2_5_9 [87/105]
Fin;generate all combinations 240240 ...time: 1.1595633029937744
Fin; energy prediction...time: 30.835952043533325
Egy stat [13.322855, 18.847618, 16.289515, 0.5618852]
Start for  2_4_10 [88/105]
Fin;generate all combinations 120120 ...time: 0.254349946975708
Fin; energy prediction...time: 15.61096978187561
Egy stat [13.0314865, 17.519827, 15.385715, 0.54145944]
Start for  2_3_11 [89/105]
Fin;generate all combinations 43680 ...time: 0.2765638828277588
Fin; energy prediction...time: 6.375122547149658
Egy stat [12.540844, 16.12314, 14.346915, 0.503115]
Start for  2_2_12 [90/105]
Fin;generate all combinations 10920 ...time: 0.027663469314575195
Fin; energy prediction...time: 2.331343650817871
Egy stat [11.734856, 14.789295, 13.181772, 0.44533828]
Start for  2_1_13 [91/105]
Fin;generate all combinations 1680 ...time: 0.006017446517944336
Fin; energy prediction...time: 1.0160555839538574
Egy stat [11.077993, 12.849682, 11.896819, 0.3663189]
Start for  1_14_1 [92/105]
Fin;generate all combinations 240 ...time: 0.0017697811126708984
Fin; energy prediction...time: 0.8402047157287598
Egy stat [15.808363, 16.131054, 15.9783745, 0.091584936]
Start for  1_13_2 [93/105]
Fin;generate all combinations 1680 ...time: 0.0039517879486083984
Fin; energy prediction...time: 0.9860084056854248
Egy stat [16.151045, 17.32394, 16.748291, 0.22626838]
Start for  1_12_3 [94/105]
Fin;generate all combinations 7280 ...time: 0.017153024673461914
Fin; energy prediction...time: 1.7855398654937744
Egy stat [16.47694, 18.125942, 17.259691, 0.3327427]
Start for  1_11_4 [95/105]
Fin;generate all combinations 21840 ...time: 0.04765200614929199
Fin; energy prediction...time: 3.6472361087799072
Egy stat [16.232813, 19.002861, 17.527374, 0.4166096]
Start for  1_10_5 [96/105]
Fin;generate all combinations 48048 ...time: 0.2319166660308838
Fin; energy prediction...time: 7.005480527877808
Egy stat [15.994873, 18.95231, 17.567057, 0.48014995]
Start for  1_9_6 [97/105]
Fin;generate all combinations 80080 ...time: 0.3857297897338867
Fin; energy prediction...time: 10.87135124206543
Egy stat [15.390001, 19.233116, 17.394867, 0.5251404]
Start for  1_8_7 [98/105]
Fin;generate all combinations 102960 ...time: 0.3953533172607422
Fin; energy prediction...time: 13.713215589523315
Egy stat [14.386591, 19.364538, 17.026833, 0.55290776]
Start for  1_7_8 [99/105]
Fin;generate all combinations 102960 ...time: 0.4272804260253906
Fin; energy prediction...time: 13.849119186401367
Egy stat [13.027721, 19.554462, 16.478441, 0.5642146]
Start for  1_6_9 [100/105]
Fin;generate all combinations 80080 ...time: 0.3498108386993408
Fin; energy prediction...time: 10.802479982376099
Egy stat [12.91374, 18.24515, 15.764203, 0.55918336]
Start for  1_5_10 [101/105]
Fin;generate all combinations 48048 ...time: 0.26296401023864746
Fin; energy prediction...time: 6.886959791183472
Egy stat [12.669449, 16.95941, 14.89728, 0.5373004]
Start for  1_4_11 [102/105]
Fin;generate all combinations 21840 ...time: 0.1489393711090088
Fin; energy prediction...time: 3.6212997436523438
Egy stat [12.151373, 15.577385, 13.889147, 0.49750698]
Start for  1_3_12 [103/105]
Fin;generate all combinations 7280 ...time: 0.09713172912597656
Fin; energy prediction...time: 1.6698389053344727
Egy stat [11.392916, 14.257713, 12.749294, 0.4383635]
Start for  1_2_13 [104/105]
Fin;generate all combinations 1680 ...time: 0.004604816436767578
Fin; energy prediction...time: 1.0096778869628906
Egy stat [10.70384, 12.356762, 11.485002, 0.35828695]
Start for  1_1_14 [105/105]
Fin;generate all combinations 240 ...time: 0.0011742115020751953
Fin; energy prediction...time: 0.8212883472442627
Egy stat [9.750017, 10.514311, 10.101147, 0.25601614]
Saving....
Saved to... K_CdGePb_I.pkl
Total elapsed time... 5586.898341655731
