Summary of calculations
Site name (A,B,C)... K Cd,Hg,Sn Br
Base cif file name... ../0.cif
Save file name... K_CdHgSn_Br.pkl
Fin; combination with repetition...time: 0.0017313957214355469
Start for  14_1_1 [1/105]
Fin;generate all combinations 240 ...time: 0.0006134510040283203
Fin; energy prediction...time: 0.18141412734985352
Egy stat [5.9110107, 6.527298, 6.361883, 0.12561335]
Start for  13_2_1 [2/105]
Fin;generate all combinations 1680 ...time: 0.003454446792602539
Fin; energy prediction...time: 0.39266085624694824
Egy stat [4.8761883, 5.88134, 5.481922, 0.22819288]
Start for  13_1_2 [3/105]
Fin;generate all combinations 1680 ...time: 0.003863096237182617
Fin; energy prediction...time: 0.40831971168518066
Egy stat [3.2547083, 4.853009, 3.9739473, 0.2768857]
Start for  12_3_1 [4/105]
Fin;generate all combinations 7280 ...time: 0.012793779373168945
Fin; energy prediction...time: 1.0770103931427002
Egy stat [3.5599442, 5.258794, 4.509375, 0.3174982]
Start for  12_2_2 [5/105]
Fin;generate all combinations 10920 ...time: 0.016843080520629883
Fin; energy prediction...time: 1.648407220840454
Egy stat [2.18791, 4.195875, 3.0375414, 0.34065127]
Start for  12_1_3 [6/105]
Fin;generate all combinations 7280 ...time: 0.056684255599975586
Fin; energy prediction...time: 1.1990914344787598
Egy stat [0.7600031, 2.6550903, 1.6654319, 0.35078153]
Start for  11_4_1 [7/105]
Fin;generate all combinations 21840 ...time: 0.07868194580078125
Fin; energy prediction...time: 3.0963995456695557
Egy stat [2.3809023, 4.5253468, 3.449584, 0.38809037]
Start for  11_3_2 [8/105]
Fin;generate all combinations 43680 ...time: 0.11262130737304688
Fin; energy prediction...time: 5.689590930938721
Egy stat [0.8806963, 3.5516167, 2.014656, 0.40342692]
Start for  11_2_3 [9/105]
Fin;generate all combinations 43680 ...time: 0.1464095115661621
Fin; energy prediction...time: 5.47683048248291
Egy stat [-0.30393696, 1.9403791, 0.6820193, 0.40201315]
Start for  11_1_4 [10/105]
Fin;generate all combinations 21840 ...time: 0.03988170623779297
Fin; energy prediction...time: 3.09834361076355
Egy stat [-1.8979082, 1.1459236, -0.6076013, 0.38673687]
Start for  10_5_1 [11/105]
Fin;generate all combinations 48048 ...time: 0.201829195022583
Fin; energy prediction...time: 6.074413537979126
Egy stat [1.0542059, 3.827157, 2.308184, 0.4393831]
Start for  10_4_2 [12/105]
Fin;generate all combinations 120120 ...time: 0.47740602493286133
Fin; energy prediction...time: 14.89896845817566
Egy stat [-0.40207195, 2.79959, 0.91047126, 0.4556094]
Start for  10_3_3 [13/105]
Fin;generate all combinations 160160 ...time: 0.4260263442993164
Fin; energy prediction...time: 20.626188278198242
Egy stat [-1.6527758, 1.1474047, -0.3821733, 0.45178923]
Start for  10_2_4 [14/105]
Fin;generate all combinations 120120 ...time: 0.5845925807952881
Fin; energy prediction...time: 14.85418152809143
Egy stat [-2.9906282, 0.41474056, -1.630174, 0.42690438]
Start for  10_1_5 [15/105]
Fin;generate all combinations 48048 ...time: 0.09215307235717773
Fin; energy prediction...time: 6.481424570083618
Egy stat [-4.4012284, -1.4619656, -2.8814642, 0.4063469]
Start for  9_6_1 [16/105]
Fin;generate all combinations 80080 ...time: 0.26531338691711426
Fin; energy prediction...time: 10.151229858398438
Egy stat [-0.15353584, 3.1631584, 1.0910356, 0.47159952]
Start for  9_5_2 [17/105]
Fin;generate all combinations 240240 ...time: 0.7765181064605713
Fin; energy prediction...time: 29.590349674224854
Egy stat [-1.6528358, 2.0786104, -0.26959863, 0.49377295]
Start for  9_4_3 [18/105]
Fin;generate all combinations 400400 ...time: 1.2358007431030273
Fin; energy prediction...time: 49.32099890708923
Egy stat [-2.9912543, 0.38449574, -1.5221602, 0.49292246]
Start for  9_3_4 [19/105]
Fin;generate all combinations 400400 ...time: 1.1709940433502197
Fin; energy prediction...time: 50.6883819103241
Egy stat [-4.265806, -0.41331387, -2.7281797, 0.46578857]
Start for  9_2_5 [20/105]
Fin;generate all combinations 240240 ...time: 0.45650625228881836
Fin; energy prediction...time: 30.500443696975708
Egy stat [-5.591829, -2.2996616, -3.9369676, 0.43435878]
Start for  9_1_6 [21/105]
Fin;generate all combinations 80080 ...time: 0.5612781047821045
Fin; energy prediction...time: 10.228323698043823
Egy stat [-7.033796, -3.4632425, -5.185502, 0.4202163]
Start for  8_7_1 [22/105]
Fin;generate all combinations 102960 ...time: 0.48671865463256836
Fin; energy prediction...time: 12.88011360168457
Egy stat [-1.623929, 2.5330572, -0.19585899, 0.48519948]
Start for  8_6_2 [23/105]
Fin;generate all combinations 360360 ...time: 1.2927370071411133
Fin; energy prediction...time: 44.36213707923889
Egy stat [-3.04957, 1.3438168, -1.5199745, 0.51676697]
Start for  8_5_3 [24/105]
Fin;generate all combinations 720720 ...time: 2.066737413406372
Fin; energy prediction...time: 88.72926998138428
Egy stat [-4.380053, -0.4405861, -2.732794, 0.5222668]
Start for  8_4_4 [25/105]
Fin;generate all combinations 900900 ...time: 2.369187116622925
Fin; energy prediction...time: 109.60577917098999
Egy stat [-5.6337767, -1.2151184, -3.8968718, 0.49740192]
Start for  8_3_5 [26/105]
Fin;generate all combinations 720720 ...time: 4.011904001235962
Fin; energy prediction...time: 89.80122661590576
Egy stat [-6.893174, -3.1231704, -5.0628815, 0.46211717]
Start for  8_2_6 [27/105]
Fin;generate all combinations 360360 ...time: 2.2611396312713623
Fin; energy prediction...time: 44.49904203414917
Egy stat [-8.277164, -4.3143697, -6.26931, 0.43617183]
Start for  8_1_7 [28/105]
Fin;generate all combinations 102960 ...time: 0.7261788845062256
Fin; energy prediction...time: 13.369028806686401
Egy stat [-9.69262, -5.9867225, -7.5425825, 0.42978838]
Start for  7_8_1 [29/105]
Fin;generate all combinations 102960 ...time: 0.3732767105102539
Fin; energy prediction...time: 13.637863874435425
Egy stat [-3.197815, 1.3688765, -1.546451, 0.48073453]
Start for  7_7_2 [30/105]
Fin;generate all combinations 411840 ...time: 1.6673316955566406
Fin; energy prediction...time: 50.7853741645813
Egy stat [-4.4769573, 0.6400213, -2.83499, 0.5244148]
Start for  7_6_3 [31/105]
Fin;generate all combinations 960960 ...time: 3.3436050415039062
Fin; energy prediction...time: 117.40836524963379
Egy stat [-5.78263, -1.2352486, -4.0088363, 0.5385456]
Start for  7_5_4 [32/105]
Fin;generate all combinations 1441440 ...time: 5.002165794372559
Fin; energy prediction...time: 176.13710021972656
Egy stat [-6.8771553, -2.1278896, -5.131425, 0.5187769]
Start for  7_4_5 [33/105]
Fin;generate all combinations 1441440 ...time: 7.097588539123535
Fin; energy prediction...time: 179.93463325500488
Egy stat [-8.197432, -4.0612764, -6.2547474, 0.48425254]
Start for  7_3_6 [34/105]
Fin;generate all combinations 960960 ...time: 1.6054432392120361
Fin; energy prediction...time: 119.94427585601807
Egy stat [-9.517877, -5.1447425, -7.418829, 0.45327047]
Start for  7_2_7 [35/105]
Fin;generate all combinations 411840 ...time: 0.7584104537963867
Fin; energy prediction...time: 52.23382878303528
Egy stat [-10.898683, -6.8860927, -8.65162, 0.4354845]
Start for  7_1_8 [36/105]
Fin;generate all combinations 102960 ...time: 0.2524387836456299
Fin; energy prediction...time: 13.509463787078857
Egy stat [-12.4823065, -7.847058, -9.9694805, 0.43113694]
Start for  6_9_1 [37/105]
Fin;generate all combinations 80080 ...time: 0.36948442459106445
Fin; energy prediction...time: 10.520718812942505
Egy stat [-4.2914047, -0.7373276, -2.9547446, 0.4587988]
Start for  6_8_2 [38/105]
Fin;generate all combinations 360360 ...time: 1.3888154029846191
Fin; energy prediction...time: 44.93057417869568
Egy stat [-6.114388, -1.2965488, -4.2089787, 0.5170728]
Start for  6_7_3 [39/105]
Fin;generate all combinations 960960 ...time: 3.9682977199554443
Fin; energy prediction...time: 117.98538947105408
Egy stat [-7.191017, -2.3801022, -5.345022, 0.5414408]
Start for  6_6_4 [40/105]
Fin;generate all combinations 1681680 ...time: 7.148903846740723
Fin; energy prediction...time: 207.35588788986206
Egy stat [-8.287919, -2.9877148, -6.426998, 0.52853453]
Start for  6_5_5 [41/105]
Fin;generate all combinations 2018016 ...time: 6.672239065170288
Fin; energy prediction...time: 262.83093547821045
Egy stat [-9.41377, -4.9502635, -7.5081215, 0.49778238]
Start for  6_4_6 [42/105]
Fin;generate all combinations 1681680 ...time: 7.907487392425537
Fin; energy prediction...time: 207.16681456565857
Egy stat [-10.763434, -6.0064316, -8.629948, 0.4666685]
Start for  6_3_7 [43/105]
Fin;generate all combinations 960960 ...time: 5.994948625564575
Fin; energy prediction...time: 120.42353653907776
Egy stat [-12.104687, -7.7619076, -9.822021, 0.44375673]
Start for  6_2_8 [44/105]
Fin;generate all combinations 360360 ...time: 0.7142789363861084
Fin; energy prediction...time: 46.92662453651428
Egy stat [-13.3965645, -8.698581, -11.102125, 0.4291181]
Start for  6_1_9 [45/105]
Fin;generate all combinations 80080 ...time: 0.2120661735534668
Fin; energy prediction...time: 10.629478931427002
Egy stat [-14.484498, -10.877439, -12.4772005, 0.4191811]
Start for  5_10_1 [46/105]
Fin;generate all combinations 48048 ...time: 0.2950429916381836
Fin; energy prediction...time: 6.45980978012085
Egy stat [-5.50334, -2.7860465, -4.4148955, 0.420011]
Start for  5_9_2 [47/105]
Fin;generate all combinations 240240 ...time: 0.8398764133453369
Fin; energy prediction...time: 29.927942276000977
Egy stat [-7.1688704, -3.1749468, -5.636367, 0.4955261]
Start for  5_8_3 [48/105]
Fin;generate all combinations 720720 ...time: 2.451610803604126
Fin; energy prediction...time: 90.9692440032959
Egy stat [-8.787135, -4.2952995, -6.736142, 0.53125453]
Start for  5_7_4 [49/105]
Fin;generate all combinations 1441440 ...time: 7.321680545806885
Fin; energy prediction...time: 176.41840243339539
Egy stat [-9.928905, -4.616769, -7.778795, 0.52620375]
Start for  5_6_5 [50/105]
Fin;generate all combinations 2018016 ...time: 9.548042058944702
Fin; energy prediction...time: 256.0383265018463
Egy stat [-10.799375, -6.0285273, -8.818622, 0.50114]
Start for  5_5_6 [51/105]
Fin;generate all combinations 2018016 ...time: 8.997429609298706
Fin; energy prediction...time: 250.23965501785278
Egy stat [-12.041829, -6.847061, -9.898644, 0.4733952]
Start for  5_4_7 [52/105]
Fin;generate all combinations 1441440 ...time: 6.126516580581665
Fin; energy prediction...time: 177.8560163974762
Egy stat [-13.299927, -8.617959, -11.050062, 0.45039263]
Start for  5_3_8 [53/105]
Fin;generate all combinations 720720 ...time: 3.766394853591919
Fin; energy prediction...time: 91.38353228569031
Egy stat [-14.310867, -9.551066, -12.292187, 0.43107286]
Start for  5_2_9 [54/105]
Fin;generate all combinations 240240 ...time: 1.7062783241271973
Fin; energy prediction...time: 30.470938444137573
Egy stat [-15.468468, -11.757364, -13.633142, 0.4117183]
Start for  5_1_10 [55/105]
Fin;generate all combinations 48048 ...time: 0.14572358131408691
Fin; energy prediction...time: 6.722419500350952
Egy stat [-16.650543, -13.850511, -15.071352, 0.3904493]
Start for  4_11_1 [56/105]
Fin;generate all combinations 21840 ...time: 0.16315627098083496
Fin; energy prediction...time: 3.4358484745025635
Egy stat [-6.9000435, -4.7457423, -5.9213133, 0.36501962]
Start for  4_10_2 [57/105]
Fin;generate all combinations 120120 ...time: 0.4358327388763428
Fin; energy prediction...time: 15.334444284439087
Egy stat [-8.413643, -5.00298, -7.1117587, 0.46109873]
Start for  4_9_3 [58/105]
Fin;generate all combinations 400400 ...time: 1.4848616123199463
Fin; energy prediction...time: 49.924599409103394
Egy stat [-9.953113, -6.1161165, -8.177133, 0.50886655]
Start for  4_8_4 [59/105]
Fin;generate all combinations 900900 ...time: 3.4226901531219482
Fin; energy prediction...time: 110.1162531375885
Egy stat [-11.503375, -6.055598, -9.182155, 0.51196456]
Start for  4_7_5 [60/105]
Fin;generate all combinations 1441440 ...time: 7.592929124832153
Fin; energy prediction...time: 175.99087762832642
Egy stat [-12.38436, -7.595932, -10.181995, 0.49365175]
Start for  4_6_6 [61/105]
Fin;generate all combinations 1681680 ...time: 10.59499478340149
Fin; energy prediction...time: 205.73593139648438
Egy stat [-13.407172, -8.179194, -11.221073, 0.4717586]
Start for  4_5_7 [62/105]
Fin;generate all combinations 1441440 ...time: 10.300909280776978
Fin; energy prediction...time: 177.84141898155212
Egy stat [-14.418323, -9.717173, -12.332222, 0.45263252]
Start for  4_4_8 [63/105]
Fin;generate all combinations 900900 ...time: 4.4936323165893555
Fin; energy prediction...time: 113.88465332984924
Egy stat [-15.392984, -10.365141, -13.536372, 0.43352655]
Start for  4_3_9 [64/105]
Fin;generate all combinations 400400 ...time: 0.8301193714141846
Fin; energy prediction...time: 51.74796462059021
Egy stat [-16.44245, -12.652176, -14.843035, 0.4096126]
Start for  4_2_10 [65/105]
Fin;generate all combinations 120120 ...time: 0.28091907501220703
Fin; energy prediction...time: 15.778642177581787
Egy stat [-17.694292, -14.738495, -16.251427, 0.379186]
Start for  4_1_11 [66/105]
Fin;generate all combinations 21840 ...time: 0.06259322166442871
Fin; energy prediction...time: 3.4959182739257812
Egy stat [-18.960857, -16.669573, -17.752626, 0.344094]
Start for  3_12_1 [67/105]
Fin;generate all combinations 7280 ...time: 0.02118706703186035
Fin; energy prediction...time: 1.6613719463348389
Egy stat [-8.196556, -6.7435484, -7.4687543, 0.29455924]
Start for  3_11_2 [68/105]
Fin;generate all combinations 43680 ...time: 0.19071578979492188
Fin; energy prediction...time: 6.282902717590332
Egy stat [-9.680332, -6.729267, -8.630032, 0.41604826]
Start for  3_10_3 [69/105]
Fin;generate all combinations 160160 ...time: 0.7372994422912598
Fin; energy prediction...time: 20.231738805770874
Egy stat [-11.125737, -7.887493, -9.663138, 0.47593385]
Start for  3_9_4 [70/105]
Fin;generate all combinations 400400 ...time: 1.5506813526153564
Fin; energy prediction...time: 49.159244775772095
Egy stat [-12.683046, -7.784189, -10.632579, 0.4866655]
Start for  3_8_5 [71/105]
Fin;generate all combinations 720720 ...time: 3.173917531967163
Fin; energy prediction...time: 89.6383125782013
Egy stat [-13.62245, -8.7876625, -11.594172, 0.47534987]
Start for  3_7_6 [72/105]
Fin;generate all combinations 960960 ...time: 5.398922681808472
Fin; energy prediction...time: 117.96031737327576
Egy stat [-14.676082, -9.357426, -12.593571, 0.46098956]
Start for  3_6_7 [73/105]
Fin;generate all combinations 960960 ...time: 3.423553943634033
Fin; energy prediction...time: 118.26587700843811
Egy stat [-15.518371, -10.829641, -13.665197, 0.44889417]
Start for  3_5_8 [74/105]
Fin;generate all combinations 720720 ...time: 3.0466701984405518
Fin; energy prediction...time: 92.05060243606567
Egy stat [-16.519466, -11.440502, -14.831691, 0.4341656]
Start for  3_4_9 [75/105]
Fin;generate all combinations 400400 ...time: 0.831336259841919
Fin; energy prediction...time: 53.94109535217285
Egy stat [-17.638008, -13.714214, -16.10404, 0.41020763]
Start for  3_3_10 [76/105]
Fin;generate all combinations 160160 ...time: 0.3586883544921875
Fin; energy prediction...time: 20.592951774597168
Egy stat [-18.696552, -15.865152, -17.482533, 0.3747026]
Start for  3_2_11 [77/105]
Fin;generate all combinations 43680 ...time: 0.10979866981506348
Fin; energy prediction...time: 6.35455584526062
Egy stat [-20.052708, -17.8195, -18.958593, 0.33030838]
Start for  3_1_12 [78/105]
Fin;generate all combinations 7280 ...time: 0.12118649482727051
Fin; energy prediction...time: 1.6113932132720947
Egy stat [-21.447327, -19.47995, -20.517422, 0.2817073]
Start for  2_13_1 [79/105]
Fin;generate all combinations 1680 ...time: 0.0065882205963134766
Fin; energy prediction...time: 0.8649768829345703
Egy stat [-9.64032, -8.660109, -9.052406, 0.20971611]
Start for  2_12_2 [80/105]
Fin;generate all combinations 10920 ...time: 0.023276567459106445
Fin; energy prediction...time: 2.004411458969116
Egy stat [-11.077393, -8.734372, -10.186416, 0.36454365]
Start for  2_11_3 [81/105]
Fin;generate all combinations 43680 ...time: 0.1535816192626953
Fin; energy prediction...time: 6.213521480560303
Egy stat [-12.477128, -9.610075, -11.18959, 0.43543595]
Start for  2_10_4 [82/105]
Fin;generate all combinations 120120 ...time: 0.45287132263183594
Fin; energy prediction...time: 15.59612250328064
Egy stat [-13.835379, -9.418452, -12.125835, 0.45212308]
Start for  2_9_5 [83/105]
Fin;generate all combinations 240240 ...time: 1.111238718032837
Fin; energy prediction...time: 30.011573553085327
Egy stat [-14.825573, -10.470535, -13.0513115, 0.44706237]
Start for  2_8_6 [84/105]
Fin;generate all combinations 360360 ...time: 1.5293607711791992
Fin; energy prediction...time: 45.405585289001465
Egy stat [-15.893622, -10.463929, -14.012716, 0.441155]
Start for  2_7_7 [85/105]
Fin;generate all combinations 411840 ...time: 1.950963020324707
Fin; energy prediction...time: 50.0383620262146
Egy stat [-16.770508, -11.92711, -15.045984, 0.4386083]
Start for  2_6_8 [86/105]
Fin;generate all combinations 360360 ...time: 1.9341657161712646
Fin; energy prediction...time: 44.92457175254822
Egy stat [-17.79969, -12.4841, -16.175447, 0.43180597]
Start for  2_5_9 [87/105]
Fin;generate all combinations 240240 ...time: 0.9688026905059814
Fin; energy prediction...time: 30.392364978790283
Egy stat [-18.838394, -14.795902, -17.413706, 0.41184008]
Start for  2_4_10 [88/105]
Fin;generate all combinations 120120 ...time: 0.5905838012695312
Fin; energy prediction...time: 15.946911811828613
Egy stat [-19.897434, -16.954939, -18.762318, 0.37528396]
Start for  2_3_11 [89/105]
Fin;generate all combinations 43680 ...time: 0.09261274337768555
Fin; energy prediction...time: 6.07435417175293
Egy stat [-21.111149, -18.97561, -20.21332, 0.32494003]
Start for  2_2_12 [90/105]
Fin;generate all combinations 10920 ...time: 0.026901721954345703
Fin; energy prediction...time: 2.0548179149627686
Egy stat [-22.567036, -20.689846, -21.751738, 0.26695162]
Start for  2_1_13 [91/105]
Fin;generate all combinations 1680 ...time: 0.005402326583862305
Fin; energy prediction...time: 0.9213676452636719
Egy stat [-23.840221, -22.816223, -23.358631, 0.20646445]
Start for  1_14_1 [92/105]
Fin;generate all combinations 240 ...time: 0.0014297962188720703
Fin; energy prediction...time: 0.6719956398010254
Egy stat [-10.9149275, -10.499202, -10.667963, 0.11384157]
Start for  1_13_2 [93/105]
Fin;generate all combinations 1680 ...time: 0.004200458526611328
Fin; energy prediction...time: 0.8727762699127197
Egy stat [-12.372513, -10.612972, -11.77657, 0.31489828]
Start for  1_12_3 [94/105]
Fin;generate all combinations 7280 ...time: 0.017832279205322266
Fin; energy prediction...time: 1.6715219020843506
Egy stat [-13.685783, -11.532316, -12.752295, 0.3928159]
Start for  1_11_4 [95/105]
Fin;generate all combinations 21840 ...time: 0.09539675712585449
Fin; energy prediction...time: 3.342935800552368
Egy stat [-14.91363, -11.401554, -13.658003, 0.41186175]
Start for  1_10_5 [96/105]
Fin;generate all combinations 48048 ...time: 0.1717827320098877
Fin; energy prediction...time: 6.92379355430603
Egy stat [-15.932272, -12.229514, -14.549862, 0.41086325]
Start for  1_9_6 [97/105]
Fin;generate all combinations 80080 ...time: 0.37556958198547363
Fin; energy prediction...time: 10.474000215530396
Egy stat [-16.847095, -12.162249, -15.475384, 0.4133817]
Start for  1_8_7 [98/105]
Fin;generate all combinations 102960 ...time: 0.3479900360107422
Fin; energy prediction...time: 13.774772882461548
Egy stat [-17.983137, -13.006185, -16.47186, 0.42228702]
Start for  1_7_8 [99/105]
Fin;generate all combinations 102960 ...time: 0.4153120517730713
Fin; energy prediction...time: 13.614367723464966
Egy stat [-19.066196, -13.524052, -17.565289, 0.42641115]
Start for  1_6_9 [100/105]
Fin;generate all combinations 80080 ...time: 0.164107084274292
Fin; energy prediction...time: 10.827847003936768
Egy stat [-20.018272, -15.862965, -18.769968, 0.41396976]
Start for  1_5_10 [101/105]
Fin;generate all combinations 48048 ...time: 0.10365414619445801
Fin; energy prediction...time: 6.875044822692871
Egy stat [-21.111061, -18.068045, -20.088873, 0.380124]
Start for  1_4_11 [102/105]
Fin;generate all combinations 21840 ...time: 0.05008268356323242
Fin; energy prediction...time: 3.5377845764160156
Egy stat [-22.37294, -20.174282, -21.51493, 0.3274636]
Start for  1_3_12 [103/105]
Fin;generate all combinations 7280 ...time: 0.0178530216217041
Fin; energy prediction...time: 1.551680564880371
Egy stat [-23.662794, -21.910166, -23.033274, 0.2629596]
Start for  1_2_13 [104/105]
Fin;generate all combinations 1680 ...time: 0.004435539245605469
Fin; energy prediction...time: 0.848332405090332
Egy stat [-25.001055, -24.062656, -24.624233, 0.19363026]
Start for  1_1_14 [105/105]
Fin;generate all combinations 240 ...time: 0.00119781494140625
Fin; energy prediction...time: 0.6841814517974854
Egy stat [-26.442078, -26.039436, -26.266558, 0.121791594]
Saving....
Saved to... K_CdHgSn_Br.pkl
Total elapsed time... 5590.094431877136
