Summary of calculations
Site name (A,B,C)... K Cd,Ge,Hg I
Base cif file name... ../0.cif
Save file name... K_CdGeHg_I.pkl
Fin; combination with repetition...time: 0.0018262863159179688
Start for  14_1_1 [1/105]
Fin;generate all combinations 240 ...time: 0.000614166259765625
Fin; energy prediction...time: 0.18765759468078613
Egy stat [26.926716, 27.09985, 27.01886, 0.048011873]
Start for  13_2_1 [2/105]
Fin;generate all combinations 1680 ...time: 0.0036509037017822266
Fin; energy prediction...time: 0.36989545822143555
Egy stat [26.077393, 26.560211, 26.25924, 0.11097735]
Start for  13_1_2 [3/105]
Fin;generate all combinations 1680 ...time: 0.0038728713989257812
Fin; energy prediction...time: 0.3674941062927246
Egy stat [27.105198, 27.83432, 27.569792, 0.20359394]
Start for  12_3_1 [4/105]
Fin;generate all combinations 7280 ...time: 0.012192487716674805
Fin; energy prediction...time: 1.1143825054168701
Egy stat [25.24461, 25.917057, 25.589964, 0.14304246]
Start for  12_2_2 [5/105]
Fin;generate all combinations 10920 ...time: 0.017561674118041992
Fin; energy prediction...time: 1.5912353992462158
Egy stat [26.271244, 27.329144, 26.835716, 0.2268452]
Start for  12_1_3 [6/105]
Fin;generate all combinations 7280 ...time: 0.06309032440185547
Fin; energy prediction...time: 1.1893572807312012
Egy stat [27.42876, 28.601063, 28.044737, 0.31718674]
Start for  11_4_1 [7/105]
Fin;generate all combinations 21840 ...time: 0.0874946117401123
Fin; energy prediction...time: 3.140138864517212
Egy stat [24.459412, 25.467602, 24.975529, 0.16626468]
Start for  11_3_2 [8/105]
Fin;generate all combinations 43680 ...time: 0.12877607345581055
Fin; energy prediction...time: 5.8963682651519775
Egy stat [25.451653, 26.735073, 26.192806, 0.24279979]
Start for  11_2_3 [9/105]
Fin;generate all combinations 43680 ...time: 0.20187807083129883
Fin; energy prediction...time: 5.546862363815308
Egy stat [26.596497, 28.14861, 27.334892, 0.3318151]
Start for  11_1_4 [10/105]
Fin;generate all combinations 21840 ...time: 0.0400691032409668
Fin; energy prediction...time: 2.9567580223083496
Egy stat [27.34666, 29.429821, 28.449894, 0.40575346]
Start for  10_5_1 [11/105]
Fin;generate all combinations 48048 ...time: 0.17967438697814941
Fin; energy prediction...time: 6.039820671081543
Egy stat [23.766853, 25.085873, 24.385721, 0.18905963]
Start for  10_4_2 [12/105]
Fin;generate all combinations 120120 ...time: 0.47458839416503906
Fin; energy prediction...time: 14.951563596725464
Egy stat [24.762127, 26.344677, 25.604334, 0.25506353]
Start for  10_3_3 [13/105]
Fin;generate all combinations 160160 ...time: 0.6578786373138428
Fin; energy prediction...time: 19.817651510238647
Egy stat [25.792446, 27.567657, 26.71671, 0.3411683]
Start for  10_2_4 [14/105]
Fin;generate all combinations 120120 ...time: 0.3773925304412842
Fin; energy prediction...time: 15.018175601959229
Egy stat [26.545685, 29.006573, 27.762043, 0.4160269]
Start for  10_1_5 [15/105]
Fin;generate all combinations 48048 ...time: 0.09669876098632812
Fin; energy prediction...time: 6.1570823192596436
Egy stat [27.732548, 30.21408, 28.790913, 0.4711738]
Start for  9_6_1 [16/105]
Fin;generate all combinations 80080 ...time: 0.23017048835754395
Fin; energy prediction...time: 10.228477001190186
Egy stat [23.097103, 24.812336, 23.794836, 0.21163]
Start for  9_5_2 [17/105]
Fin;generate all combinations 240240 ...time: 0.6171927452087402
Fin; energy prediction...time: 29.58909797668457
Egy stat [24.11493, 25.887997, 25.038801, 0.26827735]
Start for  9_4_3 [18/105]
Fin;generate all combinations 400400 ...time: 1.2272017002105713
Fin; energy prediction...time: 48.89790678024292
Egy stat [25.085068, 27.205563, 26.152306, 0.3476743]
Start for  9_3_4 [19/105]
Fin;generate all combinations 400400 ...time: 1.6064186096191406
Fin; energy prediction...time: 49.224414348602295
Egy stat [25.853512, 28.479572, 27.166052, 0.4215028]
Start for  9_2_5 [20/105]
Fin;generate all combinations 240240 ...time: 0.9655792713165283
Fin; energy prediction...time: 30.204187870025635
Egy stat [26.936672, 29.85767, 28.121927, 0.47830793]
Start for  9_1_6 [21/105]
Fin;generate all combinations 80080 ...time: 0.49030590057373047
Fin; energy prediction...time: 10.19122838973999
Egy stat [27.649193, 31.054123, 29.072577, 0.5144761]
Start for  8_7_1 [22/105]
Fin;generate all combinations 102960 ...time: 0.44274139404296875
Fin; energy prediction...time: 13.023889064788818
Egy stat [22.406937, 24.572845, 23.180935, 0.23042686]
Start for  8_6_2 [23/105]
Fin;generate all combinations 360360 ...time: 1.2579474449157715
Fin; energy prediction...time: 44.12664198875427
Egy stat [23.526913, 25.662224, 24.469187, 0.28250873]
Start for  8_5_3 [24/105]
Fin;generate all combinations 720720 ...time: 2.005646228790283
Fin; energy prediction...time: 87.77212476730347
Egy stat [24.462898, 26.737602, 25.60895, 0.35508963]
Start for  8_4_4 [25/105]
Fin;generate all combinations 900900 ...time: 2.3904612064361572
Fin; energy prediction...time: 110.3873827457428
Egy stat [25.244919, 28.171696, 26.622963, 0.4243826]
Start for  8_3_5 [26/105]
Fin;generate all combinations 720720 ...time: 3.9741785526275635
Fin; energy prediction...time: 88.64436101913452
Egy stat [26.20652, 29.283932, 27.54475, 0.48074993]
Start for  8_2_6 [27/105]
Fin;generate all combinations 360360 ...time: 1.794740915298462
Fin; energy prediction...time: 45.37241578102112
Egy stat [26.887348, 30.693089, 28.41852, 0.5187652]
Start for  8_1_7 [28/105]
Fin;generate all combinations 102960 ...time: 0.23366427421569824
Fin; energy prediction...time: 13.287294387817383
Egy stat [27.612293, 31.96418, 29.298586, 0.53651965]
Start for  7_8_1 [29/105]
Fin;generate all combinations 102960 ...time: 0.18831872940063477
Fin; energy prediction...time: 12.967709302902222
Egy stat [21.764229, 24.269875, 22.525148, 0.24161097]
Start for  7_7_2 [30/105]
Fin;generate all combinations 411840 ...time: 1.6504364013671875
Fin; energy prediction...time: 50.05548930168152
Egy stat [22.881874, 25.355865, 23.872179, 0.29445598]
Start for  7_6_3 [31/105]
Fin;generate all combinations 960960 ...time: 3.662806272506714
Fin; energy prediction...time: 117.45087194442749
Egy stat [23.928936, 26.48116, 25.058321, 0.3636482]
Start for  7_5_4 [32/105]
Fin;generate all combinations 1441440 ...time: 5.209434747695923
Fin; energy prediction...time: 175.24444723129272
Egy stat [24.650726, 27.616932, 26.09886, 0.4282029]
Start for  7_4_5 [33/105]
Fin;generate all combinations 1441440 ...time: 7.22815203666687
Fin; energy prediction...time: 177.2248456478119
Egy stat [25.489906, 28.925743, 27.019394, 0.4807745]
Start for  7_3_6 [34/105]
Fin;generate all combinations 960960 ...time: 4.876983404159546
Fin; energy prediction...time: 121.40908145904541
Egy stat [26.170292, 30.164948, 27.85598, 0.5183318]
Start for  7_2_7 [35/105]
Fin;generate all combinations 411840 ...time: 0.7576897144317627
Fin; energy prediction...time: 53.52645778656006
Egy stat [26.863705, 31.602177, 28.654726, 0.53786343]
Start for  7_1_8 [36/105]
Fin;generate all combinations 102960 ...time: 0.24294304847717285
Fin; energy prediction...time: 13.718876600265503
Egy stat [27.296696, 32.826405, 29.471397, 0.5380546]
Start for  6_9_1 [37/105]
Fin;generate all combinations 80080 ...time: 0.16106748580932617
Fin; energy prediction...time: 10.51253366470337
Egy stat [21.216248, 23.148506, 21.811022, 0.24240783]
Start for  6_8_2 [38/105]
Fin;generate all combinations 360360 ...time: 1.2764828205108643
Fin; energy prediction...time: 44.39577865600586
Egy stat [22.281849, 25.069813, 23.227543, 0.30002883]
Start for  6_7_3 [39/105]
Fin;generate all combinations 960960 ...time: 3.423414945602417
Fin; energy prediction...time: 118.44196200370789
Egy stat [23.38844, 26.196758, 24.475748, 0.37048584]
Start for  6_6_4 [40/105]
Fin;generate all combinations 1681680 ...time: 7.288813352584839
Fin; energy prediction...time: 205.72482538223267
Egy stat [24.11761, 27.331753, 25.564093, 0.43339384]
Start for  6_5_5 [41/105]
Fin;generate all combinations 2018016 ...time: 8.906877517700195
Fin; energy prediction...time: 247.56672477722168
Egy stat [24.96429, 28.40932, 26.51079, 0.4820711]
Start for  6_4_6 [42/105]
Fin;generate all combinations 1681680 ...time: 7.602205514907837
Fin; energy prediction...time: 216.8418309688568
Egy stat [25.513184, 29.85622, 27.343992, 0.5157283]
Start for  6_3_7 [43/105]
Fin;generate all combinations 960960 ...time: 4.8231964111328125
Fin; energy prediction...time: 119.87940192222595
Egy stat [26.17408, 30.913765, 28.101902, 0.53439516]
Start for  6_2_8 [44/105]
Fin;generate all combinations 360360 ...time: 2.2766971588134766
Fin; energy prediction...time: 45.95401668548584
Egy stat [26.602142, 32.130722, 28.832354, 0.5361608]
Start for  6_1_9 [45/105]
Fin;generate all combinations 80080 ...time: 0.2178957462310791
Fin; energy prediction...time: 10.853631258010864
Egy stat [27.927807, 32.121063, 29.592236, 0.51969355]
Start for  5_10_1 [46/105]
Fin;generate all combinations 48048 ...time: 0.1098184585571289
Fin; energy prediction...time: 6.672697305679321
Egy stat [20.47939, 21.970974, 21.023964, 0.2312484]
Start for  5_9_2 [47/105]
Fin;generate all combinations 240240 ...time: 0.8555960655212402
Fin; energy prediction...time: 30.07279324531555
Egy stat [21.68087, 23.922638, 22.51744, 0.29598317]
Start for  5_8_3 [48/105]
Fin;generate all combinations 720720 ...time: 2.576448678970337
Fin; energy prediction...time: 87.99106979370117
Egy stat [22.810478, 25.873451, 23.83955, 0.3716936]
Start for  5_7_4 [49/105]
Fin;generate all combinations 1441440 ...time: 5.653083801269531
Fin; energy prediction...time: 177.60043716430664
Egy stat [23.598095, 27.038734, 24.992647, 0.43740052]
Start for  5_6_5 [50/105]
Fin;generate all combinations 2018016 ...time: 8.885875225067139
Fin; energy prediction...time: 247.86680626869202
Egy stat [24.435253, 28.073158, 25.988007, 0.48540592]
Start for  5_5_6 [51/105]
Fin;generate all combinations 2018016 ...time: 8.487372636795044
Fin; energy prediction...time: 247.81701278686523
Egy stat [25.025745, 29.17458, 26.846352, 0.5151376]
Start for  5_4_7 [52/105]
Fin;generate all combinations 1441440 ...time: 5.992254972457886
Fin; energy prediction...time: 180.83520102500916
Egy stat [25.554111, 30.270466, 27.598202, 0.52916855]
Start for  5_3_8 [53/105]
Fin;generate all combinations 720720 ...time: 1.3888039588928223
Fin; energy prediction...time: 91.55375933647156
Egy stat [25.977528, 31.538944, 28.283636, 0.5293524]
Start for  5_2_9 [54/105]
Fin;generate all combinations 240240 ...time: 0.5325057506561279
Fin; energy prediction...time: 30.81089949607849
Egy stat [27.184513, 31.41911, 28.951986, 0.5142016]
Start for  5_1_10 [55/105]
Fin;generate all combinations 48048 ...time: 0.13394451141357422
Fin; energy prediction...time: 6.8618996143341064
Egy stat [28.325863, 31.492256, 29.66113, 0.48187837]
Start for  4_11_1 [56/105]
Fin;generate all combinations 21840 ...time: 0.055518150329589844
Fin; energy prediction...time: 3.443307399749756
Egy stat [19.612282, 20.811756, 20.150784, 0.20752604]
Start for  4_10_2 [57/105]
Fin;generate all combinations 120120 ...time: 0.5423309803009033
Fin; energy prediction...time: 15.664766788482666
Egy stat [20.84778, 22.80717, 21.72597, 0.28052625]
Start for  4_9_3 [58/105]
Fin;generate all combinations 400400 ...time: 1.8017475605010986
Fin; energy prediction...time: 49.63690805435181
Egy stat [22.138119, 24.753124, 23.130516, 0.364059]
Start for  4_8_4 [59/105]
Fin;generate all combinations 900900 ...time: 3.4975380897521973
Fin; energy prediction...time: 110.96129941940308
Egy stat [23.064777, 26.739449, 24.361397, 0.4365313]
Start for  4_7_5 [60/105]
Fin;generate all combinations 1441440 ...time: 6.086418867111206
Fin; energy prediction...time: 174.45647072792053
Egy stat [23.91909, 27.678356, 25.423576, 0.48855746]
Start for  4_6_6 [61/105]
Fin;generate all combinations 1681680 ...time: 6.7106428146362305
Fin; energy prediction...time: 220.5904462337494
Egy stat [24.52768, 28.7071, 26.330826, 0.5179123]
Start for  4_5_7 [62/105]
Fin;generate all combinations 1441440 ...time: 7.046247482299805
Fin; energy prediction...time: 178.0130066871643
Egy stat [25.10765, 29.805454, 27.106266, 0.52727455]
Start for  4_4_8 [63/105]
Fin;generate all combinations 900900 ...time: 4.4484803676605225
Fin; energy prediction...time: 112.48296117782593
Egy stat [25.36507, 31.051426, 27.782429, 0.5214977]
Start for  4_3_9 [64/105]
Fin;generate all combinations 400400 ...time: 2.3463053703308105
Fin; energy prediction...time: 51.355602502822876
Egy stat [26.545933, 30.817478, 28.40116, 0.50374913]
Start for  4_2_10 [65/105]
Fin;generate all combinations 120120 ...time: 0.2632474899291992
Fin; energy prediction...time: 15.746576309204102
Egy stat [27.61456, 30.762783, 29.013124, 0.47250518]
Start for  4_1_11 [66/105]
Fin;generate all combinations 21840 ...time: 0.0643930435180664
Fin; energy prediction...time: 3.642457962036133
Egy stat [28.700115, 30.919788, 29.677063, 0.42486024]
Start for  3_12_1 [67/105]
Fin;generate all combinations 7280 ...time: 0.02076125144958496
Fin; energy prediction...time: 1.7641286849975586
Egy stat [18.748487, 19.655212, 19.179379, 0.17136219]
Start for  3_11_2 [68/105]
Fin;generate all combinations 43680 ...time: 0.08237266540527344
Fin; energy prediction...time: 6.124794006347656
Egy stat [20.086664, 21.652554, 20.838701, 0.25360283]
Start for  3_10_3 [69/105]
Fin;generate all combinations 160160 ...time: 0.6225600242614746
Fin; energy prediction...time: 20.235795497894287
Egy stat [21.432703, 23.571629, 22.331343, 0.34613338]
Start for  3_9_4 [70/105]
Fin;generate all combinations 400400 ...time: 1.4985384941101074
Fin; energy prediction...time: 49.53829026222229
Egy stat [22.441635, 25.452633, 23.649673, 0.4278594]
Start for  3_8_5 [71/105]
Fin;generate all combinations 720720 ...time: 2.804378032684326
Fin; energy prediction...time: 89.0014169216156
Egy stat [23.388252, 27.360077, 24.792974, 0.4881437]
Start for  3_7_6 [72/105]
Fin;generate all combinations 960960 ...time: 3.107499837875366
Fin; energy prediction...time: 121.78882575035095
Egy stat [23.978065, 28.346825, 25.768574, 0.5223373]
Start for  3_6_7 [73/105]
Fin;generate all combinations 960960 ...time: 3.5623810291290283
Fin; energy prediction...time: 119.16177988052368
Egy stat [24.627335, 29.418499, 26.592594, 0.5310465]
Start for  3_5_8 [74/105]
Fin;generate all combinations 720720 ...time: 3.6974847316741943
Fin; energy prediction...time: 89.07934141159058
Egy stat [24.950748, 30.535995, 27.290255, 0.5191937]
Start for  3_4_9 [75/105]
Fin;generate all combinations 400400 ...time: 2.359997272491455
Fin; energy prediction...time: 50.79293465614319
Egy stat [25.983437, 30.283844, 27.896053, 0.49352548]
Start for  3_3_10 [76/105]
Fin;generate all combinations 160160 ...time: 0.3704526424407959
Fin; energy prediction...time: 21.610921144485474
Egy stat [26.951653, 30.198689, 28.453428, 0.45834193]
Start for  3_2_11 [77/105]
Fin;generate all combinations 43680 ...time: 0.1016383171081543
Fin; energy prediction...time: 6.366990089416504
Egy stat [27.930527, 30.530796, 29.014288, 0.41169173]
Start for  3_1_12 [78/105]
Fin;generate all combinations 7280 ...time: 0.023447275161743164
Fin; energy prediction...time: 1.8562169075012207
Egy stat [28.811203, 30.591618, 29.638138, 0.3486954]
Start for  2_13_1 [79/105]
Fin;generate all combinations 1680 ...time: 0.006420135498046875
Fin; energy prediction...time: 1.069321632385254
Egy stat [17.793737, 18.422724, 18.09851, 0.12365945]
Start for  2_12_2 [80/105]
Fin;generate all combinations 10920 ...time: 0.022657394409179688
Fin; energy prediction...time: 2.175769567489624
Egy stat [19.211174, 20.526758, 19.842424, 0.21768777]
Start for  2_11_3 [81/105]
Fin;generate all combinations 43680 ...time: 0.19228196144104004
Fin; energy prediction...time: 6.184895753860474
Egy stat [20.578722, 22.347721, 21.426334, 0.31919253]
Start for  2_10_4 [82/105]
Fin;generate all combinations 120120 ...time: 0.5212383270263672
Fin; energy prediction...time: 15.538728475570679
Egy stat [21.715988, 24.197426, 22.838764, 0.41074362]
Start for  2_9_5 [83/105]
Fin;generate all combinations 240240 ...time: 0.9718425273895264
Fin; energy prediction...time: 30.49623727798462
Egy stat [22.782719, 26.11499, 24.074024, 0.48180014]
Start for  2_8_6 [84/105]
Fin;generate all combinations 360360 ...time: 1.6448290348052979
Fin; energy prediction...time: 45.08139634132385
Egy stat [23.475842, 28.01043, 25.133553, 0.5255545]
Start for  2_7_7 [85/105]
Fin;generate all combinations 411840 ...time: 1.371457576751709
Fin; energy prediction...time: 51.32502722740173
Egy stat [24.084541, 29.054619, 26.02691, 0.5395884]
Start for  2_6_8 [86/105]
Fin;generate all combinations 360360 ...time: 1.4006969928741455
Fin; energy prediction...time: 45.264620304107666
Egy stat [24.497025, 30.127647, 26.772346, 0.52635306]
Start for  2_5_9 [87/105]
Fin;generate all combinations 240240 ...time: 1.1915853023529053
Fin; energy prediction...time: 30.609400987625122
Egy stat [25.552666, 29.797432, 27.397112, 0.49257708]
Start for  2_4_10 [88/105]
Fin;generate all combinations 120120 ...time: 0.6244485378265381
Fin; energy prediction...time: 15.755742073059082
Egy stat [26.411888, 29.92741, 27.93749, 0.44680417]
Start for  2_3_11 [89/105]
Fin;generate all combinations 43680 ...time: 0.28016185760498047
Fin; energy prediction...time: 6.431709289550781
Egy stat [27.342915, 29.839367, 28.4385, 0.394538]
Start for  2_2_12 [90/105]
Fin;generate all combinations 10920 ...time: 0.026734352111816406
Fin; energy prediction...time: 2.2415504455566406
Egy stat [28.120544, 29.918392, 28.953194, 0.33298466]
Start for  2_1_13 [91/105]
Fin;generate all combinations 1680 ...time: 0.006012439727783203
Fin; energy prediction...time: 1.102543830871582
Egy stat [29.017624, 30.035572, 29.54174, 0.2532542]
Start for  1_14_1 [92/105]
Fin;generate all combinations 240 ...time: 0.0014681816101074219
Fin; energy prediction...time: 0.8901331424713135
Egy stat [16.792145, 17.046257, 16.897776, 0.068005964]
Start for  1_13_2 [93/105]
Fin;generate all combinations 1680 ...time: 0.0036525726318359375
Fin; energy prediction...time: 1.0481243133544922
Egy stat [18.361568, 19.128191, 18.72503, 0.18054777]
Start for  1_12_3 [94/105]
Fin;generate all combinations 7280 ...time: 0.016506195068359375
Fin; energy prediction...time: 1.8140943050384521
Egy stat [19.775282, 21.083794, 20.401165, 0.28898454]
Start for  1_11_4 [95/105]
Fin;generate all combinations 21840 ...time: 0.09716296195983887
Fin; energy prediction...time: 3.6108877658843994
Egy stat [20.96292, 22.935818, 21.911667, 0.38841847]
Start for  1_10_5 [96/105]
Fin;generate all combinations 48048 ...time: 0.17672133445739746
Fin; energy prediction...time: 7.06953239440918
Egy stat [22.037071, 24.85675, 23.24659, 0.47018456]
Start for  1_9_6 [97/105]
Fin;generate all combinations 80080 ...time: 0.28165626525878906
Fin; energy prediction...time: 10.599393606185913
Egy stat [22.922085, 26.76501, 24.402111, 0.52612156]
Start for  1_8_7 [98/105]
Fin;generate all combinations 102960 ...time: 0.4997899532318115
Fin; energy prediction...time: 13.866841077804565
Egy stat [23.577564, 28.688652, 25.381712, 0.55086344]
Start for  1_7_8 [99/105]
Fin;generate all combinations 102960 ...time: 0.451458215713501
Fin; energy prediction...time: 13.81564974784851
Egy stat [23.999142, 29.75179, 26.197, 0.5433053]
Start for  1_6_9 [100/105]
Fin;generate all combinations 80080 ...time: 0.35158658027648926
Fin; energy prediction...time: 10.939228534698486
Egy stat [25.099419, 29.380783, 26.868263, 0.50724506]
Start for  1_5_10 [101/105]
Fin;generate all combinations 48048 ...time: 0.1031489372253418
Fin; energy prediction...time: 6.884899139404297
Egy stat [25.96072, 29.241383, 27.424685, 0.45094487]
Start for  1_4_11 [102/105]
Fin;generate all combinations 21840 ...time: 0.04919695854187012
Fin; energy prediction...time: 3.635026454925537
Egy stat [26.760704, 29.197521, 27.904324, 0.38480905]
Start for  1_3_12 [103/105]
Fin;generate all combinations 7280 ...time: 0.018054723739624023
Fin; energy prediction...time: 1.8740484714508057
Egy stat [27.519035, 29.169914, 28.353687, 0.31594953]
Start for  1_2_13 [104/105]
Fin;generate all combinations 1680 ...time: 0.005114316940307617
Fin; energy prediction...time: 1.100792646408081
Egy stat [28.317352, 29.393715, 28.826925, 0.24030949]
Start for  1_1_14 [105/105]
Fin;generate all combinations 240 ...time: 0.001203775405883789
Fin; energy prediction...time: 0.9105138778686523
Egy stat [29.167938, 29.556133, 29.384735, 0.13827899]
Saving....
Saved to... K_CdGeHg_I.pkl
Total elapsed time... 5576.321938276291
