Summary of calculations
Site name (A,B,C)... K Cd,Sn,Zn Br
Base cif file name... ../0.cif
Save file name... K_CdSnZn_Br.pkl
Fin; combination with repetition...time: 0.0017850399017333984
Start for  14_1_1 [1/105]
Fin;generate all combinations 240 ...time: 0.0006275177001953125
Fin; energy prediction...time: 0.21260499954223633
Egy stat [8.818487, 9.46348, 9.14401, 0.16578025]
Start for  13_2_1 [2/105]
Fin;generate all combinations 1680 ...time: 0.003503084182739258
Fin; energy prediction...time: 0.49456238746643066
Egy stat [6.16823, 7.8805027, 6.854776, 0.31063426]
Start for  13_1_2 [3/105]
Fin;generate all combinations 1680 ...time: 0.0039136409759521484
Fin; energy prediction...time: 0.3534412384033203
Egy stat [10.545408, 11.607693, 11.043626, 0.23261726]
Start for  12_3_1 [4/105]
Fin;generate all combinations 7280 ...time: 0.012766599655151367
Fin; energy prediction...time: 1.1756396293640137
Egy stat [3.610139, 5.805622, 4.6441975, 0.39483234]
Start for  12_2_2 [5/105]
Fin;generate all combinations 10920 ...time: 0.017319917678833008
Fin; energy prediction...time: 1.5749773979187012
Egy stat [7.7774277, 10.136913, 8.787484, 0.37819043]
Start for  12_1_3 [6/105]
Fin;generate all combinations 7280 ...time: 0.06523656845092773
Fin; energy prediction...time: 1.1433279514312744
Egy stat [12.083517, 13.677969, 12.8501005, 0.2871496]
Start for  11_4_1 [7/105]
Fin;generate all combinations 21840 ...time: 0.07880854606628418
Fin; energy prediction...time: 2.943538188934326
Egy stat [0.8969393, 4.268404, 2.4690778, 0.4473289]
Start for  11_3_2 [8/105]
Fin;generate all combinations 43680 ...time: 0.11680173873901367
Fin; energy prediction...time: 5.880714416503906
Egy stat [5.212757, 8.073442, 6.618969, 0.47065845]
Start for  11_2_3 [9/105]
Fin;generate all combinations 43680 ...time: 0.15664291381835938
Fin; energy prediction...time: 5.917540550231934
Egy stat [9.306393, 12.233356, 10.623981, 0.437815]
Start for  11_1_4 [10/105]
Fin;generate all combinations 21840 ...time: 0.04978227615356445
Fin; energy prediction...time: 3.158586025238037
Egy stat [13.498495, 15.680117, 14.569967, 0.3312904]
Start for  10_5_1 [11/105]
Fin;generate all combinations 48048 ...time: 0.2020866870880127
Fin; energy prediction...time: 6.428998708724976
Egy stat [-1.64853, 1.8454704, 0.293748, 0.48636004]
Start for  10_4_2 [12/105]
Fin;generate all combinations 120120 ...time: 0.4451758861541748
Fin; energy prediction...time: 14.845116138458252
Egy stat [2.445303, 6.620714, 4.4938803, 0.53188473]
Start for  10_3_3 [13/105]
Fin;generate all combinations 160160 ...time: 0.39939379692077637
Fin; energy prediction...time: 20.55923819541931
Egy stat [6.677849, 10.25272, 8.494373, 0.53852516]
Start for  10_2_4 [14/105]
Fin;generate all combinations 120120 ...time: 0.6245255470275879
Fin; energy prediction...time: 14.960930347442627
Egy stat [10.656279, 14.392166, 12.370696, 0.48918027]
Start for  10_1_5 [15/105]
Fin;generate all combinations 48048 ...time: 0.09355688095092773
Fin; energy prediction...time: 6.323001861572266
Egy stat [14.815372, 17.383152, 16.209234, 0.365943]
Start for  9_6_1 [16/105]
Fin;generate all combinations 80080 ...time: 0.22962141036987305
Fin; energy prediction...time: 10.184360265731812
Egy stat [-4.3510876, -0.19579697, -1.9105991, 0.51967686]
Start for  9_5_2 [17/105]
Fin;generate all combinations 240240 ...time: 0.7671689987182617
Fin; energy prediction...time: 29.98893404006958
Egy stat [-0.092455864, 4.4028673, 2.3754709, 0.57919335]
Start for  9_4_3 [18/105]
Fin;generate all combinations 400400 ...time: 1.2983207702636719
Fin; energy prediction...time: 49.46579146385193
Egy stat [3.86977, 8.867163, 6.416001, 0.6078415]
Start for  9_3_4 [19/105]
Fin;generate all combinations 400400 ...time: 1.2745285034179688
Fin; energy prediction...time: 50.09330177307129
Egy stat [7.9833775, 12.426409, 10.276724, 0.5981437]
Start for  9_2_5 [20/105]
Fin;generate all combinations 240240 ...time: 0.4014308452606201
Fin; energy prediction...time: 30.818130493164062
Egy stat [12.025749, 16.052395, 14.033544, 0.53248143]
Start for  9_1_6 [21/105]
Fin;generate all combinations 80080 ...time: 0.5924551486968994
Fin; energy prediction...time: 10.757258176803589
Egy stat [16.006784, 19.1001, 17.773348, 0.39154655]
Start for  8_7_1 [22/105]
Fin;generate all combinations 102960 ...time: 0.4442765712738037
Fin; energy prediction...time: 13.305423974990845
Egy stat [-6.952489, -2.1415176, -4.166402, 0.54699796]
Start for  8_6_2 [23/105]
Fin;generate all combinations 360360 ...time: 1.2286345958709717
Fin; energy prediction...time: 44.31861448287964
Egy stat [-2.8356333, 2.5153084, 0.23381484, 0.62058055]
Start for  8_5_3 [24/105]
Fin;generate all combinations 720720 ...time: 2.4239792823791504
Fin; energy prediction...time: 88.48086452484131
Egy stat [1.3032827, 6.633404, 4.3509984, 0.6627882]
Start for  8_4_4 [25/105]
Fin;generate all combinations 900900 ...time: 4.104841232299805
Fin; energy prediction...time: 109.55925393104553
Egy stat [5.124752, 11.288853, 8.241653, 0.675013]
Start for  8_3_5 [26/105]
Fin;generate all combinations 720720 ...time: 4.948923826217651
Fin; energy prediction...time: 90.39364290237427
Egy stat [9.321667, 14.210783, 11.971827, 0.64981616]
Start for  8_2_6 [27/105]
Fin;generate all combinations 360360 ...time: 0.6453676223754883
Fin; energy prediction...time: 46.601349115371704
Egy stat [13.170568, 17.738634, 15.617905, 0.56798154]
Start for  8_1_7 [28/105]
Fin;generate all combinations 102960 ...time: 0.23384928703308105
Fin; energy prediction...time: 13.440596103668213
Egy stat [17.142813, 20.631887, 19.267197, 0.40826908]
Start for  7_8_1 [29/105]
Fin;generate all combinations 102960 ...time: 0.18636608123779297
Fin; energy prediction...time: 14.326646566390991
Egy stat [-9.715999, -4.003168, -6.490103, 0.56402653]
Start for  7_7_2 [30/105]
Fin;generate all combinations 411840 ...time: 1.3395605087280273
Fin; energy prediction...time: 51.19934368133545
Egy stat [-5.3712597, 0.62022495, -1.9546586, 0.6562926]
Start for  7_6_3 [31/105]
Fin;generate all combinations 960960 ...time: 3.294620990753174
Fin; energy prediction...time: 118.8510479927063
Egy stat [-1.3473797, 4.815057, 2.2682927, 0.7117888]
Start for  7_5_4 [32/105]
Fin;generate all combinations 1441440 ...time: 5.32356071472168
Fin; energy prediction...time: 177.72096347808838
Egy stat [2.5731592, 8.900364, 6.226472, 0.736899]
Start for  7_4_5 [33/105]
Fin;generate all combinations 1441440 ...time: 5.132475137710571
Fin; energy prediction...time: 181.01682662963867
Egy stat [6.527439, 13.029469, 9.976538, 0.7338473]
Start for  7_3_6 [34/105]
Fin;generate all combinations 960960 ...time: 1.701697826385498
Fin; energy prediction...time: 123.3099627494812
Egy stat [10.406515, 16.006685, 13.584976, 0.6939585]
Start for  7_2_7 [35/105]
Fin;generate all combinations 411840 ...time: 0.7495205402374268
Fin; energy prediction...time: 52.99723529815674
Egy stat [14.239958, 19.416595, 17.128633, 0.5959043]
Start for  7_1_8 [36/105]
Fin;generate all combinations 102960 ...time: 0.8343279361724854
Fin; energy prediction...time: 13.619582176208496
Egy stat [18.127298, 22.180859, 20.695164, 0.41609716]
Start for  6_9_1 [37/105]
Fin;generate all combinations 80080 ...time: 0.3699197769165039
Fin; energy prediction...time: 10.698580503463745
Egy stat [-11.690783, -6.714966, -8.892476, 0.5660234]
Start for  6_8_2 [38/105]
Fin;generate all combinations 360360 ...time: 1.5914385318756104
Fin; energy prediction...time: 44.31143021583557
Egy stat [-8.050038, -1.1623707, -4.207506, 0.6824023]
Start for  6_7_3 [39/105]
Fin;generate all combinations 960960 ...time: 4.036853075027466
Fin; energy prediction...time: 118.99129343032837
Egy stat [-3.91122, 2.9927044, 0.14315511, 0.7556152]
Start for  6_6_4 [40/105]
Fin;generate all combinations 1681680 ...time: 7.482101202011108
Fin; energy prediction...time: 206.9271981716156
Egy stat [-0.075761795, 7.3157406, 4.1989527, 0.79280376]
Start for  6_5_5 [41/105]
Fin;generate all combinations 2018016 ...time: 9.314082860946655
Fin; energy prediction...time: 249.87615633010864
Egy stat [3.9250574, 10.826666, 8.007518, 0.8020257]
Start for  6_4_6 [42/105]
Fin;generate all combinations 1681680 ...time: 9.855755805969238
Fin; energy prediction...time: 209.35450720787048
Egy stat [7.7634144, 14.874456, 11.625867, 0.78492326]
Start for  6_3_7 [43/105]
Fin;generate all combinations 960960 ...time: 5.669714450836182
Fin; energy prediction...time: 121.05891418457031
Egy stat [11.428125, 17.697317, 15.120979, 0.7309685]
Start for  6_2_8 [44/105]
Fin;generate all combinations 360360 ...time: 0.6897623538970947
Fin; energy prediction...time: 46.933173179626465
Egy stat [15.119812, 21.123756, 18.570124, 0.616423]
Start for  6_1_9 [45/105]
Fin;generate all combinations 80080 ...time: 0.8343384265899658
Fin; energy prediction...time: 11.232324123382568
Egy stat [19.858006, 23.359867, 22.061197, 0.4148512]
Start for  5_10_1 [46/105]
Fin;generate all combinations 48048 ...time: 0.28996992111206055
Fin; energy prediction...time: 6.7709126472473145
Egy stat [-13.83856, -9.450634, -11.378974, 0.54984766]
Start for  5_9_2 [47/105]
Fin;generate all combinations 240240 ...time: 0.9465055465698242
Fin; energy prediction...time: 30.508573532104492
Egy stat [-10.066596, -3.7720175, -6.53655, 0.6942417]
Start for  5_8_3 [48/105]
Fin;generate all combinations 720720 ...time: 2.630831480026245
Fin; energy prediction...time: 89.97638821601868
Egy stat [-6.515104, 1.299655, -2.0431018, 0.79063773]
Start for  5_7_4 [49/105]
Fin;generate all combinations 1441440 ...time: 5.125463485717773
Fin; energy prediction...time: 185.91258430480957
Egy stat [-2.5465026, 5.269369, 2.1332157, 0.84407204]
Start for  5_6_5 [50/105]
Fin;generate all combinations 2018016 ...time: 11.018753290176392
Fin; energy prediction...time: 249.6948516368866
Egy stat [1.2557068, 9.327847, 6.031393, 0.86406004]
Start for  5_5_6 [51/105]
Fin;generate all combinations 2018016 ...time: 11.796239852905273
Fin; energy prediction...time: 251.72810173034668
Egy stat [5.114175, 12.804058, 9.699269, 0.8588433]
Start for  5_4_7 [52/105]
Fin;generate all combinations 1441440 ...time: 5.8964316844940186
Fin; energy prediction...time: 183.16358828544617
Egy stat [8.725672, 16.739223, 13.194372, 0.8288053]
Start for  5_3_8 [53/105]
Fin;generate all combinations 720720 ...time: 3.7097229957580566
Fin; energy prediction...time: 92.51631617546082
Egy stat [12.309292, 19.444407, 16.584206, 0.76120305]
Start for  5_2_9 [54/105]
Fin;generate all combinations 240240 ...time: 0.5512175559997559
Fin; energy prediction...time: 30.699740409851074
Egy stat [16.816545, 22.314041, 19.946396, 0.629663]
Start for  5_1_10 [55/105]
Fin;generate all combinations 48048 ...time: 0.13996577262878418
Fin; energy prediction...time: 6.90295934677124
Egy stat [21.421038, 24.663837, 23.368927, 0.40413287]
Start for  4_11_1 [56/105]
Fin;generate all combinations 21840 ...time: 0.05558133125305176
Fin; energy prediction...time: 3.5422277450561523
Egy stat [-15.900358, -12.458498, -13.950168, 0.5145463]
Start for  4_10_2 [57/105]
Fin;generate all combinations 120120 ...time: 0.43468618392944336
Fin; energy prediction...time: 15.83290982246399
Egy stat [-12.259363, -6.2904873, -8.948184, 0.68853647]
Start for  4_9_3 [58/105]
Fin;generate all combinations 400400 ...time: 1.7855913639068604
Fin; energy prediction...time: 50.273033618927
Egy stat [-8.339904, -1.2901983, -4.3033824, 0.8121842]
Start for  4_8_4 [59/105]
Fin;generate all combinations 900900 ...time: 3.9013993740081787
Fin; energy prediction...time: 113.64029932022095
Egy stat [-5.163989, 3.774909, 0.009436083, 0.8873717]
Start for  4_7_5 [60/105]
Fin;generate all combinations 1441440 ...time: 7.492267847061157
Fin; energy prediction...time: 180.91429615020752
Egy stat [-1.2260981, 7.3867264, 4.021153, 0.9219501]
Start for  4_6_6 [61/105]
Fin;generate all combinations 1681680 ...time: 10.516113758087158
Fin; energy prediction...time: 211.28807926177979
Egy stat [2.4252863, 11.349899, 7.770707, 0.9262439]
Start for  4_5_7 [62/105]
Fin;generate all combinations 1441440 ...time: 6.945626735687256
Fin; energy prediction...time: 179.86530756950378
Egy stat [6.1271286, 14.535414, 11.306405, 0.9080297]
Start for  4_4_8 [63/105]
Fin;generate all combinations 900900 ...time: 5.2763831615448
Fin; energy prediction...time: 113.56619954109192
Egy stat [9.4941635, 18.624931, 14.686395, 0.8660165]
Start for  4_3_9 [64/105]
Fin;generate all combinations 400400 ...time: 2.8655128479003906
Fin; energy prediction...time: 52.0272011756897
Egy stat [14.121191, 20.791504, 17.978706, 0.78497934]
Start for  4_2_10 [65/105]
Fin;generate all combinations 120120 ...time: 0.3005669116973877
Fin; energy prediction...time: 16.164289712905884
Egy stat [18.33409, 23.721138, 21.261204, 0.63567996]
Start for  4_1_11 [66/105]
Fin;generate all combinations 21840 ...time: 0.06424903869628906
Fin; energy prediction...time: 3.589348554611206
Egy stat [23.118492, 25.837704, 24.621773, 0.3831466]
Start for  3_12_1 [67/105]
Fin;generate all combinations 7280 ...time: 0.02022552490234375
Fin; energy prediction...time: 1.727043628692627
Egy stat [-18.116404, -15.105043, -16.602352, 0.46090075]
Start for  3_11_2 [68/105]
Fin;generate all combinations 43680 ...time: 0.08250141143798828
Fin; energy prediction...time: 6.6417436599731445
Egy stat [-14.088375, -9.27457, -11.44376, 0.6641546]
Start for  3_10_3 [69/105]
Fin;generate all combinations 160160 ...time: 0.7012276649475098
Fin; energy prediction...time: 20.7295880317688
Egy stat [-10.293081, -3.7937598, -6.6450605, 0.8167764]
Start for  3_9_4 [70/105]
Fin;generate all combinations 400400 ...time: 1.6260950565338135
Fin; energy prediction...time: 50.03257775306702
Egy stat [-6.7706184, 1.2003813, -2.1863804, 0.918001]
Start for  3_8_5 [71/105]
Fin;generate all combinations 720720 ...time: 3.386735439300537
Fin; energy prediction...time: 90.84665250778198
Egy stat [-3.7833624, 5.9648666, 1.955854, 0.9727137]
Start for  3_7_6 [72/105]
Fin;generate all combinations 960960 ...time: 4.869591474533081
Fin; energy prediction...time: 119.21411037445068
Egy stat [-0.04310417, 9.549263, 5.8120713, 0.98988205]
Start for  3_6_7 [73/105]
Fin;generate all combinations 960960 ...time: 3.491624116897583
Fin; energy prediction...time: 119.78202939033508
Egy stat [3.4681854, 13.315102, 9.42153, 0.9800755]
Start for  3_5_8 [74/105]
Fin;generate all combinations 720720 ...time: 2.90930438041687
Fin; energy prediction...time: 93.46269369125366
Egy stat [6.9871006, 16.277287, 12.833214, 0.95022744]
Start for  3_4_9 [75/105]
Fin;generate all combinations 400400 ...time: 0.8367822170257568
Fin; energy prediction...time: 52.79159665107727
Egy stat [11.647778, 19.905432, 16.105982, 0.8970394]
Start for  3_3_10 [76/105]
Fin;generate all combinations 160160 ...time: 0.36591553688049316
Fin; energy prediction...time: 21.494354248046875
Egy stat [15.94129, 22.141811, 19.30832, 0.8025611]
Start for  3_2_11 [77/105]
Fin;generate all combinations 43680 ...time: 0.10693812370300293
Fin; energy prediction...time: 6.952090263366699
Egy stat [20.212975, 24.876633, 22.51816, 0.6344033]
Start for  3_1_12 [78/105]
Fin;generate all combinations 7280 ...time: 0.02311110496520996
Fin; energy prediction...time: 1.8563594818115234
Egy stat [24.729404, 27.014462, 25.823055, 0.35031956]
Start for  2_13_1 [79/105]
Fin;generate all combinations 1680 ...time: 0.006265163421630859
Fin; energy prediction...time: 1.1094038486480713
Egy stat [-20.28564, -18.401726, -19.328293, 0.3902006]
Start for  2_12_2 [80/105]
Fin;generate all combinations 10920 ...time: 0.022602319717407227
Fin; energy prediction...time: 2.3095178604125977
Egy stat [-16.108507, -11.970747, -14.020148, 0.62180805]
Start for  2_11_3 [81/105]
Fin;generate all combinations 43680 ...time: 0.18368053436279297
Fin; energy prediction...time: 6.661766290664673
Egy stat [-12.169266, -6.5943956, -9.07033, 0.8030338]
Start for  2_10_4 [82/105]
Fin;generate all combinations 120120 ...time: 0.43039369583129883
Fin; energy prediction...time: 15.646592140197754
Egy stat [-8.535067, -1.2928343, -4.462618, 0.9322352]
Start for  2_9_5 [83/105]
Fin;generate all combinations 240240 ...time: 1.241112470626831
Fin; energy prediction...time: 30.58379626274109
Egy stat [-5.2719345, 3.3910685, -0.17957833, 1.0116439]
Start for  2_8_6 [84/105]
Fin;generate all combinations 360360 ...time: 1.7372615337371826
Fin; energy prediction...time: 45.59958052635193
Egy stat [-2.5876856, 8.175459, 3.8013406, 1.0472193]
Start for  2_7_7 [85/105]
Fin;generate all combinations 411840 ...time: 1.686643123626709
Fin; energy prediction...time: 52.30159568786621
Egy stat [1.0036812, 11.486641, 7.510605, 1.048572]
Start for  2_6_8 [86/105]
Fin;generate all combinations 360360 ...time: 1.2581815719604492
Fin; energy prediction...time: 46.06885623931885
Egy stat [4.3620596, 15.289978, 10.988125, 1.0262548]
Start for  2_5_9 [87/105]
Fin;generate all combinations 240240 ...time: 1.1295578479766846
Fin; energy prediction...time: 30.964181423187256
Egy stat [9.141676, 17.436747, 14.283743, 0.98604816]
Start for  2_4_10 [88/105]
Fin;generate all combinations 120120 ...time: 0.6116046905517578
Fin; energy prediction...time: 15.93203067779541
Egy stat [13.454805, 21.256212, 17.45703, 0.9223083]
Start for  2_3_11 [89/105]
Fin;generate all combinations 43680 ...time: 0.2858562469482422
Fin; energy prediction...time: 6.306407928466797
Egy stat [17.774473, 23.341988, 20.576817, 0.81411135]
Start for  2_2_12 [90/105]
Fin;generate all combinations 10920 ...time: 0.11487889289855957
Fin; energy prediction...time: 2.3158464431762695
Egy stat [21.90723, 26.200806, 23.720871, 0.6255395]
Start for  2_1_13 [91/105]
Fin;generate all combinations 1680 ...time: 0.0055484771728515625
Fin; energy prediction...time: 0.9915330410003662
Egy stat [26.289055, 27.7434, 26.976118, 0.30237177]
Start for  1_14_1 [92/105]
Fin;generate all combinations 240 ...time: 0.0014743804931640625
Fin; energy prediction...time: 0.8382759094238281
Egy stat [-22.64066, -21.609863, -22.118113, 0.30198526]
Start for  1_13_2 [93/105]
Fin;generate all combinations 1680 ...time: 0.003943204879760742
Fin; energy prediction...time: 1.0056204795837402
Egy stat [-17.96644, -15.309179, -16.670454, 0.5630501]
Start for  1_12_3 [94/105]
Fin;generate all combinations 7280 ...time: 0.01743602752685547
Fin; energy prediction...time: 1.7572176456451416
Egy stat [-14.118814, -9.028961, -11.576702, 0.77150697]
Start for  1_11_4 [95/105]
Fin;generate all combinations 21840 ...time: 0.048281192779541016
Fin; energy prediction...time: 3.6195571422576904
Egy stat [-10.351011, -3.8374643, -6.822353, 0.92838764]
Start for  1_10_5 [96/105]
Fin;generate all combinations 48048 ...time: 0.23265504837036133
Fin; energy prediction...time: 6.865902423858643
Egy stat [-6.7271914, 0.88998413, -2.3945448, 1.0347621]
Start for  1_9_6 [97/105]
Fin;generate all combinations 80080 ...time: 0.36740851402282715
Fin; energy prediction...time: 10.763453483581543
Egy stat [-3.9134793, 5.5871944, 1.7223905, 1.0936093]
Start for  1_8_7 [98/105]
Fin;generate all combinations 102960 ...time: 0.3952314853668213
Fin; energy prediction...time: 13.853578805923462
Egy stat [-1.5681667, 10.375141, 5.550586, 1.1115514]
Start for  1_7_8 [99/105]
Fin;generate all combinations 102960 ...time: 0.39409756660461426
Fin; energy prediction...time: 13.77109408378601
Egy stat [1.8653154, 13.46072, 9.121004, 1.0987207]
Start for  1_6_9 [100/105]
Fin;generate all combinations 80080 ...time: 0.1675853729248047
Fin; energy prediction...time: 10.90772294998169
Egy stat [6.635689, 16.357859, 12.4745, 1.0654651]
Start for  1_5_10 [101/105]
Fin;generate all combinations 48048 ...time: 0.1052238941192627
Fin; energy prediction...time: 6.901444435119629
Egy stat [11.128668, 18.913626, 15.661889, 1.0160675]
Start for  1_4_11 [102/105]
Fin;generate all combinations 21840 ...time: 0.13774943351745605
Fin; energy prediction...time: 3.5379791259765625
Egy stat [15.328903, 22.532352, 18.743404, 0.94216704]
Start for  1_3_12 [103/105]
Fin;generate all combinations 7280 ...time: 0.018430709838867188
Fin; energy prediction...time: 1.7809102535247803
Egy stat [19.504519, 24.539963, 21.78802, 0.8196066]
Start for  1_2_13 [104/105]
Fin;generate all combinations 1680 ...time: 0.004596710205078125
Fin; energy prediction...time: 1.075183391571045
Egy stat [23.64571, 26.87204, 24.87304, 0.60843194]
Start for  1_1_14 [105/105]
Fin;generate all combinations 240 ...time: 0.0011096000671386719
Fin; energy prediction...time: 0.8458600044250488
Egy stat [27.706879, 28.71997, 28.084398, 0.23117629]
Saving....
Saved to... K_CdSnZn_Br.pkl
Total elapsed time... 5644.113188743591
