Summary of calculations
Site name (A,B,C)... K Cd,Ge,Zn I
Base cif file name... ../0.cif
Save file name... K_CdGeZn_I.pkl
Fin; combination with repetition...time: 0.0018498897552490234
Start for  14_1_1 [1/105]
Fin;generate all combinations 240 ...time: 0.0006432533264160156
Fin; energy prediction...time: 0.20186781883239746
Egy stat [31.071163, 31.38306, 31.225185, 0.06871363]
Start for  13_2_1 [2/105]
Fin;generate all combinations 1680 ...time: 0.003608226776123047
Fin; energy prediction...time: 0.4998781681060791
Egy stat [30.167854, 30.847118, 30.457813, 0.12448305]
Start for  13_1_2 [3/105]
Fin;generate all combinations 1680 ...time: 0.003785848617553711
Fin; energy prediction...time: 0.39827871322631836
Egy stat [35.447025, 36.4184, 36.002186, 0.16703285]
Start for  12_3_1 [4/105]
Fin;generate all combinations 7280 ...time: 0.011877059936523438
Fin; energy prediction...time: 1.2018146514892578
Egy stat [29.297829, 30.173096, 29.778841, 0.1565957]
Start for  12_2_2 [5/105]
Fin;generate all combinations 10920 ...time: 0.017375707626342773
Fin; energy prediction...time: 1.580359935760498
Egy stat [34.56684, 35.88398, 35.252045, 0.19627303]
Start for  12_1_3 [6/105]
Fin;generate all combinations 7280 ...time: 0.062226057052612305
Fin; energy prediction...time: 1.2001371383666992
Egy stat [40.082775, 41.368935, 40.715706, 0.23657304]
Start for  11_4_1 [7/105]
Fin;generate all combinations 21840 ...time: 0.08381962776184082
Fin; energy prediction...time: 2.867891550064087
Egy stat [28.461529, 29.717827, 29.153746, 0.18063706]
Start for  11_3_2 [8/105]
Fin;generate all combinations 43680 ...time: 0.1356947422027588
Fin; energy prediction...time: 6.079799652099609
Egy stat [33.730606, 35.27388, 34.588707, 0.21696034]
Start for  11_2_3 [9/105]
Fin;generate all combinations 43680 ...time: 0.1407487392425537
Fin; energy prediction...time: 5.7139201164245605
Egy stat [39.18312, 40.83797, 39.981815, 0.2558585]
Start for  11_1_4 [10/105]
Fin;generate all combinations 21840 ...time: 0.040882110595703125
Fin; energy prediction...time: 3.061612606048584
Egy stat [44.419857, 46.39289, 45.36617, 0.2818064]
Start for  10_5_1 [11/105]
Fin;generate all combinations 48048 ...time: 0.19704031944274902
Fin; energy prediction...time: 6.356786012649536
Egy stat [27.7561, 29.356125, 28.553156, 0.20364161]
Start for  10_4_2 [12/105]
Fin;generate all combinations 120120 ...time: 0.5095725059509277
Fin; energy prediction...time: 15.249578714370728
Egy stat [32.98789, 34.84915, 33.97736, 0.23383775]
Start for  10_3_3 [13/105]
Fin;generate all combinations 160160 ...time: 0.3925180435180664
Fin; energy prediction...time: 21.034393787384033
Egy stat [38.33365, 40.21487, 39.33239, 0.26946405]
Start for  10_2_4 [14/105]
Fin;generate all combinations 120120 ...time: 0.5836625099182129
Fin; energy prediction...time: 15.586151361465454
Egy stat [43.561455, 45.758087, 44.647594, 0.29555935]
Start for  10_1_5 [15/105]
Fin;generate all combinations 48048 ...time: 0.13193058967590332
Fin; energy prediction...time: 6.692591428756714
Egy stat [49.038795, 50.877117, 49.95519, 0.3060233]
Start for  9_6_1 [16/105]
Fin;generate all combinations 80080 ...time: 0.24864888191223145
Fin; energy prediction...time: 10.201084852218628
Egy stat [27.174992, 29.036709, 27.95209, 0.22586069]
Start for  9_5_2 [17/105]
Fin;generate all combinations 240240 ...time: 0.797917366027832
Fin; energy prediction...time: 29.98470187187195
Egy stat [32.39853, 34.50134, 33.388138, 0.25128108]
Start for  9_4_3 [18/105]
Fin;generate all combinations 400400 ...time: 1.401906967163086
Fin; energy prediction...time: 49.65713405609131
Egy stat [37.626602, 39.802063, 38.73228, 0.2809736]
Start for  9_3_4 [19/105]
Fin;generate all combinations 400400 ...time: 1.8206379413604736
Fin; energy prediction...time: 49.90595865249634
Egy stat [42.906895, 45.268055, 44.010426, 0.30446503]
Start for  9_2_5 [20/105]
Fin;generate all combinations 240240 ...time: 0.40560317039489746
Fin; energy prediction...time: 30.354864597320557
Egy stat [48.191357, 50.26017, 49.251064, 0.31631166]
Start for  9_1_6 [21/105]
Fin;generate all combinations 80080 ...time: 0.48356080055236816
Fin; energy prediction...time: 10.447785377502441
Egy stat [53.35636, 55.493553, 54.485363, 0.3126997]
Start for  8_7_1 [22/105]
Fin;generate all combinations 102960 ...time: 0.17001008987426758
Fin; energy prediction...time: 13.0799560546875
Egy stat [26.507168, 28.80434, 27.32922, 0.24436788]
Start for  8_6_2 [23/105]
Fin;generate all combinations 360360 ...time: 1.3054215908050537
Fin; energy prediction...time: 44.817646980285645
Egy stat [31.804749, 34.19414, 32.795425, 0.26921728]
Start for  8_5_3 [24/105]
Fin;generate all combinations 720720 ...time: 2.443727731704712
Fin; energy prediction...time: 91.84744000434875
Egy stat [37.018078, 39.43571, 38.15115, 0.29393473]
Start for  8_4_4 [25/105]
Fin;generate all combinations 900900 ...time: 3.4471118450164795
Fin; energy prediction...time: 114.15520429611206
Egy stat [42.241997, 44.829952, 43.419193, 0.31214315]
Start for  8_3_5 [26/105]
Fin;generate all combinations 720720 ...time: 2.6123063564300537
Fin; energy prediction...time: 92.0283055305481
Egy stat [47.464077, 49.75608, 48.62463, 0.3219344]
Start for  8_2_6 [27/105]
Fin;generate all combinations 360360 ...time: 0.6768894195556641
Fin; energy prediction...time: 46.31368899345398
Egy stat [52.561596, 54.87699, 53.79486, 0.32088193]
Start for  8_1_7 [28/105]
Fin;generate all combinations 102960 ...time: 0.7984828948974609
Fin; energy prediction...time: 13.336623430252075
Egy stat [57.84381, 59.988564, 58.95993, 0.3054307]
Start for  7_8_1 [29/105]
Fin;generate all combinations 102960 ...time: 0.38816165924072266
Fin; energy prediction...time: 13.344746589660645
Egy stat [25.817791, 28.58575, 26.666191, 0.25591704]
Start for  7_7_2 [30/105]
Fin;generate all combinations 411840 ...time: 1.7112045288085938
Fin; energy prediction...time: 51.43853211402893
Egy stat [31.096947, 33.973343, 32.177162, 0.28481779]
Start for  7_6_3 [31/105]
Fin;generate all combinations 960960 ...time: 4.00116491317749
Fin; energy prediction...time: 123.50209712982178
Egy stat [36.45532, 39.16245, 37.56276, 0.30818576]
Start for  7_5_4 [32/105]
Fin;generate all combinations 1441440 ...time: 5.227719068527222
Fin; energy prediction...time: 182.99831175804138
Egy stat [41.690445, 44.459064, 42.84306, 0.3218369]
Start for  7_4_5 [33/105]
Fin;generate all combinations 1441440 ...time: 7.224695682525635
Fin; energy prediction...time: 184.89111971855164
Egy stat [46.827335, 49.329376, 48.040028, 0.32688025]
Start for  7_3_6 [34/105]
Fin;generate all combinations 960960 ...time: 1.6858325004577637
Fin; energy prediction...time: 124.4465229511261
Egy stat [51.98276, 54.361015, 53.17772, 0.32428485]
Start for  7_2_7 [35/105]
Fin;generate all combinations 411840 ...time: 0.7688140869140625
Fin; energy prediction...time: 52.6785364151001
Egy stat [57.065536, 59.38674, 58.2823, 0.31256935]
Start for  7_1_8 [36/105]
Fin;generate all combinations 102960 ...time: 0.22574901580810547
Fin; energy prediction...time: 13.616034984588623
Egy stat [62.18071, 64.573044, 63.38247, 0.28772837]
Start for  6_9_1 [37/105]
Fin;generate all combinations 80080 ...time: 0.16006970405578613
Fin; energy prediction...time: 10.442979335784912
Egy stat [25.295341, 27.405048, 25.946974, 0.2581227]
Start for  6_8_2 [38/105]
Fin;generate all combinations 360360 ...time: 1.3214190006256104
Fin; energy prediction...time: 45.45151352882385
Egy stat [30.37307, 33.76433, 31.514147, 0.2948119]
Start for  6_7_3 [39/105]
Fin;generate all combinations 960960 ...time: 3.7841248512268066
Fin; energy prediction...time: 120.69480895996094
Egy stat [35.889923, 38.91632, 36.944263, 0.32100064]
Start for  6_6_4 [40/105]
Fin;generate all combinations 1681680 ...time: 7.431117057800293
Fin; energy prediction...time: 212.93564319610596
Egy stat [41.068283, 44.157555, 42.255077, 0.3332709]
Start for  6_5_5 [41/105]
Fin;generate all combinations 2018016 ...time: 7.536970138549805
Fin; energy prediction...time: 252.49181985855103
Egy stat [46.21881, 48.993504, 47.465927, 0.33424994]
Start for  6_4_6 [42/105]
Fin;generate all combinations 1681680 ...time: 10.208358764648438
Fin; energy prediction...time: 212.27912950515747
Egy stat [51.262966, 53.957138, 52.597725, 0.32741332]
Start for  6_3_7 [43/105]
Fin;generate all combinations 960960 ...time: 5.6850080490112305
Fin; energy prediction...time: 124.96409463882446
Egy stat [56.450546, 58.912056, 57.67316, 0.31464577]
Start for  6_2_8 [44/105]
Fin;generate all combinations 360360 ...time: 2.308910608291626
Fin; energy prediction...time: 45.74319338798523
Egy stat [61.402763, 64.026764, 62.717007, 0.29468012]
Start for  6_1_9 [45/105]
Fin;generate all combinations 80080 ...time: 0.7572042942047119
Fin; energy prediction...time: 10.72139596939087
Egy stat [66.83088, 68.67165, 67.756516, 0.2627927]
Start for  5_10_1 [46/105]
Fin;generate all combinations 48048 ...time: 0.10850906372070312
Fin; energy prediction...time: 6.777910232543945
Egy stat [24.599232, 26.238998, 25.157324, 0.24960561]
Start for  5_9_2 [47/105]
Fin;generate all combinations 240240 ...time: 0.8414080142974854
Fin; energy prediction...time: 30.83276653289795
Egy stat [29.824532, 32.580067, 30.789467, 0.29673094]
Start for  5_8_3 [48/105]
Fin;generate all combinations 720720 ...time: 2.5027241706848145
Fin; energy prediction...time: 89.6573121547699
Egy stat [35.14083, 38.460617, 36.275635, 0.3291326]
Start for  5_7_4 [49/105]
Fin;generate all combinations 1441440 ...time: 6.292039394378662
Fin; energy prediction...time: 178.83364534378052
Egy stat [40.41097, 43.70279, 41.631695, 0.3436826]
Start for  5_6_5 [50/105]
Fin;generate all combinations 2018016 ...time: 8.410988092422485
Fin; energy prediction...time: 250.82594442367554
Egy stat [45.589676, 48.657578, 46.874714, 0.3435546]
Start for  5_5_6 [51/105]
Fin;generate all combinations 2018016 ...time: 7.218264818191528
Fin; energy prediction...time: 254.9403920173645
Egy stat [50.743843, 53.559036, 52.022884, 0.33324546]
Start for  5_4_7 [52/105]
Fin;generate all combinations 1441440 ...time: 2.951967716217041
Fin; energy prediction...time: 188.17526197433472
Egy stat [55.783546, 58.38417, 57.095787, 0.31675252]
Start for  5_3_8 [53/105]
Fin;generate all combinations 720720 ...time: 1.3833613395690918
Fin; energy prediction...time: 93.17374086380005
Egy stat [60.830086, 63.42386, 62.114635, 0.2961534]
Start for  5_2_9 [54/105]
Fin;generate all combinations 240240 ...time: 0.4913032054901123
Fin; energy prediction...time: 31.03703474998474
Egy stat [66.04274, 68.108604, 67.10255, 0.27015904]
Start for  5_1_10 [55/105]
Fin;generate all combinations 48048 ...time: 0.132979154586792
Fin; energy prediction...time: 6.959921836853027
Egy stat [71.29676, 72.78555, 72.08528, 0.23328084]
Start for  4_11_1 [56/105]
Fin;generate all combinations 21840 ...time: 0.054073333740234375
Fin; energy prediction...time: 3.6033027172088623
Egy stat [23.8233, 25.02966, 24.284328, 0.22976032]
Start for  4_10_2 [57/105]
Fin;generate all combinations 120120 ...time: 0.3100428581237793
Fin; energy prediction...time: 15.870344638824463
Egy stat [29.147446, 31.39001, 29.987986, 0.28924572]
Start for  4_9_3 [58/105]
Fin;generate all combinations 400400 ...time: 1.4802210330963135
Fin; energy prediction...time: 51.00783443450928
Egy stat [34.5793, 37.239117, 35.5391, 0.33011204]
Start for  4_8_4 [59/105]
Fin;generate all combinations 900900 ...time: 3.505479097366333
Fin; energy prediction...time: 113.10328841209412
Egy stat [39.61405, 43.259293, 40.95207, 0.34979194]
Start for  4_7_5 [60/105]
Fin;generate all combinations 1441440 ...time: 5.658116579055786
Fin; energy prediction...time: 182.74112391471863
Egy stat [44.985096, 48.218296, 46.24202, 0.3518411]
Start for  4_6_6 [61/105]
Fin;generate all combinations 1681680 ...time: 5.605055332183838
Fin; energy prediction...time: 217.50316858291626
Egy stat [50.124966, 53.251873, 51.424904, 0.34093758]
Start for  4_5_7 [62/105]
Fin;generate all combinations 1441440 ...time: 7.328782081604004
Fin; energy prediction...time: 178.40033197402954
Egy stat [55.215027, 58.006783, 56.517582, 0.321668]
Start for  4_4_8 [63/105]
Fin;generate all combinations 900900 ...time: 4.372700452804565
Fin; energy prediction...time: 113.0727641582489
Egy stat [60.11953, 62.944763, 61.538063, 0.29783937]
Start for  4_3_9 [64/105]
Fin;generate all combinations 400400 ...time: 2.256298780441284
Fin; energy prediction...time: 52.816742181777954
Egy stat [65.42943, 67.56414, 66.50577, 0.27146432]
Start for  4_2_10 [65/105]
Fin;generate all combinations 120120 ...time: 0.25044822692871094
Fin; energy prediction...time: 16.243910789489746
Egy stat [70.572556, 72.21398, 71.44218, 0.24125132]
Start for  4_1_11 [66/105]
Fin;generate all combinations 21840 ...time: 0.06113481521606445
Fin; energy prediction...time: 3.6625218391418457
Egy stat [75.719475, 76.929855, 76.37132, 0.20108408]
Start for  3_12_1 [67/105]
Fin;generate all combinations 7280 ...time: 0.01998114585876465
Fin; energy prediction...time: 1.7472455501556396
Egy stat [22.84637, 23.837364, 23.31608, 0.19843946]
Start for  3_11_2 [68/105]
Fin;generate all combinations 43680 ...time: 0.08219647407531738
Fin; energy prediction...time: 6.320494890213013
Egy stat [28.325233, 30.161766, 29.09593, 0.27216396]
Start for  3_10_3 [69/105]
Fin;generate all combinations 160160 ...time: 0.7110409736633301
Fin; energy prediction...time: 21.033571004867554
Egy stat [33.830124, 36.018097, 34.718655, 0.3227549]
Start for  3_9_4 [70/105]
Fin;generate all combinations 400400 ...time: 1.5215892791748047
Fin; energy prediction...time: 50.440274477005005
Egy stat [39.038116, 41.99435, 40.197517, 0.3491726]
Start for  3_8_5 [71/105]
Fin;generate all combinations 720720 ...time: 3.16402268409729
Fin; energy prediction...time: 90.67947268486023
Egy stat [44.27165, 47.369587, 45.546196, 0.35573524]
Start for  3_7_6 [72/105]
Fin;generate all combinations 960960 ...time: 4.434478521347046
Fin; energy prediction...time: 118.319256067276
Egy stat [49.516567, 52.36356, 50.77871, 0.34720168]
Start for  3_6_7 [73/105]
Fin;generate all combinations 960960 ...time: 4.987174034118652
Fin; energy prediction...time: 121.87361574172974
Egy stat [54.602577, 57.35196, 55.90957, 0.32800397]
Start for  3_5_8 [74/105]
Fin;generate all combinations 720720 ...time: 2.8187739849090576
Fin; energy prediction...time: 91.04179883003235
Egy stat [59.629585, 62.285995, 60.954037, 0.30213502]
Start for  3_4_9 [75/105]
Fin;generate all combinations 400400 ...time: 2.4481914043426514
Fin; energy prediction...time: 51.85175323486328
Egy stat [64.90341, 67.01354, 65.928276, 0.27292538]
Start for  3_3_10 [76/105]
Fin;generate all combinations 160160 ...time: 0.34893012046813965
Fin; energy prediction...time: 21.033997774124146
Egy stat [70.04056, 71.677505, 70.84992, 0.24228702]
Start for  3_2_11 [77/105]
Fin;generate all combinations 43680 ...time: 0.3717215061187744
Fin; energy prediction...time: 6.335422515869141
Egy stat [75.10182, 76.35353, 75.73851, 0.20913467]
Start for  3_1_12 [78/105]
Fin;generate all combinations 7280 ...time: 0.02315068244934082
Fin; energy prediction...time: 1.742292881011963
Egy stat [80.12013, 81.1099, 80.61636, 0.16708149]
Start for  2_13_1 [79/105]
Fin;generate all combinations 1680 ...time: 0.006295919418334961
Fin; energy prediction...time: 0.9533624649047852
Egy stat [21.90857, 22.57008, 22.241486, 0.15559937]
Start for  2_12_2 [80/105]
Fin;generate all combinations 10920 ...time: 0.021924734115600586
Fin; energy prediction...time: 2.0699925422668457
Egy stat [27.298462, 28.918697, 28.100609, 0.24651363]
Start for  2_11_3 [81/105]
Fin;generate all combinations 43680 ...time: 0.21463894844055176
Fin; energy prediction...time: 6.291697263717651
Egy stat [33.0048, 34.81397, 33.799698, 0.3073673]
Start for  2_10_4 [82/105]
Fin;generate all combinations 120120 ...time: 0.5714008808135986
Fin; energy prediction...time: 15.76235556602478
Egy stat [38.26998, 40.770767, 39.351227, 0.3409153]
Start for  2_9_5 [83/105]
Fin;generate all combinations 240240 ...time: 0.9377517700195312
Fin; energy prediction...time: 30.869597911834717
Egy stat [43.659084, 46.278477, 44.76775, 0.35292712]
Start for  2_8_6 [84/105]
Fin;generate all combinations 360360 ...time: 1.581315517425537
Fin; energy prediction...time: 46.183663845062256
Egy stat [48.679146, 51.843956, 50.06175, 0.3485402]
Start for  2_7_7 [85/105]
Fin;generate all combinations 411840 ...time: 1.616668939590454
Fin; energy prediction...time: 52.41272687911987
Egy stat [53.989296, 56.748573, 55.24582, 0.3319938]
Start for  2_6_8 [86/105]
Fin;generate all combinations 360360 ...time: 1.5411295890808105
Fin; energy prediction...time: 45.98437428474426
Egy stat [59.010582, 61.825867, 60.33284, 0.306848]
Start for  2_5_9 [87/105]
Fin;generate all combinations 240240 ...time: 0.4841468334197998
Fin; energy prediction...time: 31.645597457885742
Egy stat [64.35925, 66.44228, 65.33612, 0.27623662]
Start for  2_4_10 [88/105]
Fin;generate all combinations 120120 ...time: 0.24686408042907715
Fin; energy prediction...time: 15.747811317443848
Egy stat [69.45673, 71.23983, 70.26991, 0.24292086]
Start for  2_3_11 [89/105]
Fin;generate all combinations 43680 ...time: 0.29584598541259766
Fin; energy prediction...time: 6.369765520095825
Egy stat [74.54957, 75.82779, 75.14982, 0.20880356]
Start for  2_2_12 [90/105]
Fin;generate all combinations 10920 ...time: 0.02745199203491211
Fin; energy prediction...time: 2.223266839981079
Egy stat [79.50287, 80.533936, 79.99345, 0.1733941]
Start for  2_1_13 [91/105]
Fin;generate all combinations 1680 ...time: 0.0053517818450927734
Fin; energy prediction...time: 0.9892292022705078
Egy stat [84.49508, 85.10015, 84.82119, 0.1307387]
Start for  1_14_1 [92/105]
Fin;generate all combinations 240 ...time: 0.001453399658203125
Fin; energy prediction...time: 0.7882184982299805
Egy stat [20.839138, 21.19641, 21.05021, 0.10050394]
Start for  1_13_2 [93/105]
Fin;generate all combinations 1680 ...time: 0.004221200942993164
Fin; energy prediction...time: 0.9693424701690674
Egy stat [26.474579, 27.47723, 26.990286, 0.21511272]
Start for  1_12_3 [94/105]
Fin;generate all combinations 7280 ...time: 0.056062936782836914
Fin; energy prediction...time: 1.740027904510498
Egy stat [31.990707, 33.638054, 32.768818, 0.2860915]
Start for  1_11_4 [95/105]
Fin;generate all combinations 21840 ...time: 0.09900665283203125
Fin; energy prediction...time: 3.513071298599243
Egy stat [37.50976, 39.62557, 38.39781, 0.32605118]
Start for  1_10_5 [96/105]
Fin;generate all combinations 48048 ...time: 0.19152092933654785
Fin; energy prediction...time: 6.746717214584351
Egy stat [42.86567, 45.161324, 43.889008, 0.34302285]
Start for  1_9_6 [97/105]
Fin;generate all combinations 80080 ...time: 0.4520587921142578
Fin; energy prediction...time: 10.714806318283081
Egy stat [48.1203, 50.738247, 49.253746, 0.34290844]
Start for  1_8_7 [98/105]
Fin;generate all combinations 102960 ...time: 0.533043384552002
Fin; energy prediction...time: 13.711788654327393
Egy stat [53.22168, 56.27636, 54.503048, 0.33002496]
Start for  1_7_8 [99/105]
Fin;generate all combinations 102960 ...time: 0.5792117118835449
Fin; energy prediction...time: 13.78094744682312
Egy stat [58.38147, 61.24324, 59.64775, 0.30756098]
Start for  1_6_9 [100/105]
Fin;generate all combinations 80080 ...time: 0.35187697410583496
Fin; energy prediction...time: 10.787048578262329
Egy stat [63.772438, 65.92365, 64.698784, 0.27801502]
Start for  1_5_10 [101/105]
Fin;generate all combinations 48048 ...time: 0.2263810634613037
Fin; energy prediction...time: 6.86420750617981
Egy stat [68.92948, 70.659294, 69.667435, 0.24358726]
Start for  1_4_11 [102/105]
Fin;generate all combinations 21840 ...time: 0.04793119430541992
Fin; energy prediction...time: 3.561960458755493
Egy stat [74.0047, 75.26318, 74.56586, 0.2064428]
Start for  1_3_12 [103/105]
Fin;generate all combinations 7280 ...time: 0.016844749450683594
Fin; energy prediction...time: 1.6898603439331055
Egy stat [79.05075, 79.888885, 79.407524, 0.16858497]
Start for  1_2_13 [104/105]
Fin;generate all combinations 1680 ...time: 0.004941225051879883
Fin; energy prediction...time: 0.984856367111206
Egy stat [83.93806, 84.4806, 84.20798, 0.13069591]
Start for  1_1_14 [105/105]
Fin;generate all combinations 240 ...time: 0.0011975765228271484
Fin; energy prediction...time: 0.762958288192749
Egy stat [88.83842, 89.126495, 88.98558, 0.08872491]
Saving....
Saved to... K_CdGeZn_I.pkl
Total elapsed time... 5675.245612382889
