Summary of calculations
Site name (A,B,C)... K Ge,Sn,Zn Br
Base cif file name... ../0.cif
Save file name... K_GeSnZn_Br.pkl
Fin; combination with repetition...time: 0.0017974376678466797
Start for  14_1_1 [1/105]
Fin;generate all combinations 240 ...time: 0.0006670951843261719
Fin; energy prediction...time: 0.2047276496887207
Egy stat [-37.86183, -37.25202, -37.523502, 0.18796651]
Start for  13_2_1 [2/105]
Fin;generate all combinations 1680 ...time: 0.0037169456481933594
Fin; energy prediction...time: 0.37507081031799316
Egy stat [-36.530388, -35.195137, -35.888496, 0.2803458]
Start for  13_1_2 [3/105]
Fin;generate all combinations 1680 ...time: 0.0037641525268554688
Fin; energy prediction...time: 0.35842013359069824
Egy stat [-32.77995, -31.128803, -31.990635, 0.34496894]
Start for  12_3_1 [4/105]
Fin;generate all combinations 7280 ...time: 0.012645959854125977
Fin; energy prediction...time: 1.1324894428253174
Egy stat [-35.34671, -33.570908, -34.38626, 0.35374027]
Start for  12_2_2 [5/105]
Fin;generate all combinations 10920 ...time: 0.01670050621032715
Fin; energy prediction...time: 1.5814082622528076
Egy stat [-31.417677, -28.847105, -30.351711, 0.4329398]
Start for  12_1_3 [6/105]
Fin;generate all combinations 7280 ...time: 0.06839632987976074
Fin; energy prediction...time: 1.1226327419281006
Egy stat [-27.71899, -25.44289, -26.656563, 0.463544]
Start for  11_4_1 [7/105]
Fin;generate all combinations 21840 ...time: 0.07480525970458984
Fin; energy prediction...time: 2.897395372390747
Egy stat [-34.43388, -31.97139, -33.013603, 0.4128663]
Start for  11_3_2 [8/105]
Fin;generate all combinations 43680 ...time: 0.12597870826721191
Fin; energy prediction...time: 5.719243764877319
Egy stat [-30.326612, -27.011843, -28.841484, 0.5065869]
Start for  11_2_3 [9/105]
Fin;generate all combinations 43680 ...time: 0.1522972583770752
Fin; energy prediction...time: 5.706443786621094
Egy stat [-26.521244, -22.95939, -25.016523, 0.5506714]
Start for  11_1_4 [10/105]
Fin;generate all combinations 21840 ...time: 0.040758371353149414
Fin; energy prediction...time: 3.09169340133667
Egy stat [-22.947895, -19.595867, -21.511494, 0.5435897]
Start for  10_5_1 [11/105]
Fin;generate all combinations 48048 ...time: 0.19423890113830566
Fin; energy prediction...time: 6.2941906452178955
Egy stat [-33.567856, -30.402586, -31.766462, 0.45920426]
Start for  10_4_2 [12/105]
Fin;generate all combinations 120120 ...time: 0.47602176666259766
Fin; energy prediction...time: 14.927114963531494
Egy stat [-29.45427, -25.15081, -27.456533, 0.5676859]
Start for  10_3_3 [13/105]
Fin;generate all combinations 160160 ...time: 0.5837404727935791
Fin; energy prediction...time: 19.897446632385254
Egy stat [-25.539911, -20.91669, -23.50021, 0.62550515]
Start for  10_2_4 [14/105]
Fin;generate all combinations 120120 ...time: 0.40203285217285156
Fin; energy prediction...time: 15.228338479995728
Egy stat [-21.96206, -16.939432, -19.871548, 0.63193643]
Start for  10_1_5 [15/105]
Fin;generate all combinations 48048 ...time: 0.09598159790039062
Fin; energy prediction...time: 6.153342008590698
Egy stat [-18.284325, -14.6707735, -16.543407, 0.58671707]
Start for  9_6_1 [16/105]
Fin;generate all combinations 80080 ...time: 0.2624640464782715
Fin; energy prediction...time: 10.163576602935791
Egy stat [-32.88378, -28.852243, -30.640085, 0.49343306]
Start for  9_5_2 [17/105]
Fin;generate all combinations 240240 ...time: 0.6229538917541504
Fin; energy prediction...time: 29.643839120864868
Egy stat [-28.646803, -23.641129, -26.192692, 0.6169712]
Start for  9_4_3 [18/105]
Fin;generate all combinations 400400 ...time: 1.4148104190826416
Fin; energy prediction...time: 49.028451681137085
Egy stat [-24.739532, -18.885834, -22.104086, 0.689021]
Start for  9_3_4 [19/105]
Fin;generate all combinations 400400 ...time: 1.6203534603118896
Fin; energy prediction...time: 49.1739227771759
Egy stat [-21.033924, -14.647022, -18.349583, 0.70938575]
Start for  9_2_5 [20/105]
Fin;generate all combinations 240240 ...time: 0.8971149921417236
Fin; energy prediction...time: 30.21922731399536
Egy stat [-17.165863, -12.089382, -14.903614, 0.6787299]
Start for  9_1_6 [21/105]
Fin;generate all combinations 80080 ...time: 0.5928375720977783
Fin; energy prediction...time: 10.305644989013672
Egy stat [-13.795364, -9.657312, -11.73662, 0.59644824]
Start for  8_7_1 [22/105]
Fin;generate all combinations 102960 ...time: 0.476762056350708
Fin; energy prediction...time: 12.91544485092163
Egy stat [-32.44147, -27.665956, -29.629171, 0.5159192]
Start for  8_6_2 [23/105]
Fin;generate all combinations 360360 ...time: 1.3897788524627686
Fin; energy prediction...time: 44.572954177856445
Egy stat [-28.111855, -22.109755, -25.045227, 0.65475833]
Start for  8_5_3 [24/105]
Fin;generate all combinations 720720 ...time: 2.2897956371307373
Fin; energy prediction...time: 88.48972249031067
Egy stat [-23.992065, -17.436167, -20.823992, 0.7415945]
Start for  8_4_4 [25/105]
Fin;generate all combinations 900900 ...time: 2.4254953861236572
Fin; energy prediction...time: 109.60515141487122
Egy stat [-20.276829, -12.367352, -16.94203, 0.7765155]
Start for  8_3_5 [26/105]
Fin;generate all combinations 720720 ...time: 4.1091532707214355
Fin; energy prediction...time: 88.36885404586792
Egy stat [-16.299438, -9.830626, -13.375394, 0.76077104]
Start for  8_2_6 [27/105]
Fin;generate all combinations 360360 ...time: 1.8321115970611572
Fin; energy prediction...time: 45.7167181968689
Egy stat [-12.650103, -7.1086006, -10.096287, 0.69532645]
Start for  8_1_7 [28/105]
Fin;generate all combinations 102960 ...time: 0.2733113765716553
Fin; energy prediction...time: 13.03783631324768
Egy stat [-9.097414, -5.117314, -7.0708017, 0.57896876]
Start for  7_8_1 [29/105]
Fin;generate all combinations 102960 ...time: 0.18710756301879883
Fin; energy prediction...time: 12.971638679504395
Egy stat [-32.172478, -26.697203, -28.728035, 0.526816]
Start for  7_7_2 [30/105]
Fin;generate all combinations 411840 ...time: 1.8093507289886475
Fin; energy prediction...time: 51.04307317733765
Egy stat [-27.640598, -21.199724, -24.008963, 0.68111604]
Start for  7_6_3 [31/105]
Fin;generate all combinations 960960 ...time: 2.6835083961486816
Fin; energy prediction...time: 116.41530919075012
Egy stat [-23.449833, -16.178997, -19.655308, 0.7832785]
Start for  7_5_4 [32/105]
Fin;generate all combinations 1441440 ...time: 6.05730414390564
Fin; energy prediction...time: 174.7498333454132
Egy stat [-19.548721, -11.295423, -15.64483, 0.8334588]
Start for  7_4_5 [33/105]
Fin;generate all combinations 1441440 ...time: 8.72383999824524
Fin; energy prediction...time: 180.75803112983704
Egy stat [-15.513037, -7.8718376, -11.955248, 0.83317757]
Start for  7_3_6 [34/105]
Fin;generate all combinations 960960 ...time: 1.7035605907440186
Fin; energy prediction...time: 119.44471645355225
Egy stat [-11.706063, -5.1795845, -8.560623, 0.7844203]
Start for  7_2_7 [35/105]
Fin;generate all combinations 411840 ...time: 0.7825226783752441
Fin; energy prediction...time: 52.05618596076965
Egy stat [-8.112484, -2.7605586, -5.4289055, 0.688652]
Start for  7_1_8 [36/105]
Fin;generate all combinations 102960 ...time: 0.24054861068725586
Fin; energy prediction...time: 13.745694875717163
Egy stat [-4.6039124, -0.74180603, -2.5205436, 0.5437213]
Start for  6_9_1 [37/105]
Fin;generate all combinations 80080 ...time: 0.345156192779541
Fin; energy prediction...time: 10.573308944702148
Egy stat [-30.858856, -26.097633, -27.930655, 0.52604276]
Start for  6_8_2 [38/105]
Fin;generate all combinations 360360 ...time: 1.382035493850708
Fin; energy prediction...time: 44.866943359375
Egy stat [-27.34125, -20.258717, -23.078447, 0.6959009]
Start for  6_7_3 [39/105]
Fin;generate all combinations 960960 ...time: 3.280179262161255
Fin; energy prediction...time: 120.28884053230286
Egy stat [-23.059769, -15.277477, -18.593088, 0.8138948]
Start for  6_6_4 [40/105]
Fin;generate all combinations 1681680 ...time: 7.69677996635437
Fin; energy prediction...time: 203.69316816329956
Egy stat [-19.031755, -10.152684, -14.453558, 0.8800647]
Start for  6_5_5 [41/105]
Fin;generate all combinations 2018016 ...time: 6.052285432815552
Fin; energy prediction...time: 257.98715448379517
Egy stat [-14.906084, -6.5820684, -10.639264, 0.8959298]
Start for  6_4_6 [42/105]
Fin;generate all combinations 1681680 ...time: 6.631640434265137
Fin; energy prediction...time: 207.17719650268555
Egy stat [-10.998845, -3.2538638, -7.126249, 0.8640154]
Start for  6_3_7 [43/105]
Fin;generate all combinations 960960 ...time: 4.48954439163208
Fin; energy prediction...time: 120.17904949188232
Egy stat [-7.387806, -0.865983, -3.8844357, 0.78752965]
Start for  6_2_8 [44/105]
Fin;generate all combinations 360360 ...time: 0.6956791877746582
Fin; energy prediction...time: 47.027169704437256
Egy stat [-3.8718734, 1.6945982, -0.8761304, 0.66850084]
Start for  6_1_9 [45/105]
Fin;generate all combinations 80080 ...time: 0.18403363227844238
Fin; energy prediction...time: 10.942686319351196
Egy stat [-0.08708, 3.4699163, 1.9446476, 0.50319165]
Start for  5_10_1 [46/105]
Fin;generate all combinations 48048 ...time: 0.10882687568664551
Fin; energy prediction...time: 6.761563539505005
Egy stat [-29.706453, -25.513968, -27.23076, 0.51320434]
Start for  5_9_2 [47/105]
Fin;generate all combinations 240240 ...time: 0.6032822132110596
Fin; energy prediction...time: 29.992496728897095
Egy stat [-26.010487, -19.48056, -22.247963, 0.69873184]
Start for  5_8_3 [48/105]
Fin;generate all combinations 720720 ...time: 2.9641201496124268
Fin; energy prediction...time: 89.18573760986328
Egy stat [-22.734066, -14.398998, -17.632195, 0.8330563]
Start for  5_7_4 [49/105]
Fin;generate all combinations 1441440 ...time: 5.105968713760376
Fin; energy prediction...time: 178.40707564353943
Egy stat [-18.64298, -9.315207, -13.363598, 0.9159609]
Start for  5_6_5 [50/105]
Fin;generate all combinations 2018016 ...time: 7.283247947692871
Fin; energy prediction...time: 248.01454401016235
Egy stat [-14.403492, -5.2832837, -9.423324, 0.9487482]
Start for  5_5_6 [51/105]
Fin;generate all combinations 2018016 ...time: 7.188010931015015
Fin; energy prediction...time: 253.39695358276367
Egy stat [-10.427199, -1.7474136, -5.789487, 0.9340807]
Start for  5_4_7 [52/105]
Fin;generate all combinations 1441440 ...time: 7.458409547805786
Fin; energy prediction...time: 176.5590488910675
Egy stat [-6.740695, 0.9129362, -2.4341786, 0.87619907]
Start for  5_3_8 [53/105]
Fin;generate all combinations 720720 ...time: 3.8190343379974365
Fin; energy prediction...time: 92.05245971679688
Egy stat [-3.2359796, 3.4274979, 0.67828584, 0.7797511]
Start for  5_2_9 [54/105]
Fin;generate all combinations 240240 ...time: 0.5316548347473145
Fin; energy prediction...time: 30.36465311050415
Egy stat [0.70395374, 5.9862766, 3.59208, 0.6466194]
Start for  5_1_10 [55/105]
Fin;generate all combinations 48048 ...time: 0.13672137260437012
Fin; energy prediction...time: 7.27278995513916
Egy stat [4.393819, 7.826479, 6.35994, 0.47035548]
Start for  4_11_1 [56/105]
Fin;generate all combinations 21840 ...time: 0.05462789535522461
Fin; energy prediction...time: 3.480257272720337
Egy stat [-28.580095, -25.214848, -26.621878, 0.48745307]
Start for  4_10_2 [57/105]
Fin;generate all combinations 120120 ...time: 0.2102956771850586
Fin; energy prediction...time: 15.63892936706543
Egy stat [-24.876858, -18.696815, -21.511637, 0.6889243]
Start for  4_9_3 [58/105]
Fin;generate all combinations 400400 ...time: 1.6378889083862305
Fin; energy prediction...time: 49.292245864868164
Egy stat [-21.252707, -13.642886, -16.767302, 0.8401511]
Start for  4_8_4 [59/105]
Fin;generate all combinations 900900 ...time: 3.500460386276245
Fin; energy prediction...time: 110.08302116394043
Egy stat [-18.340637, -8.447043, -12.370168, 0.94057405]
Start for  4_7_5 [60/105]
Fin;generate all combinations 1441440 ...time: 7.19634222984314
Fin; energy prediction...time: 176.1498076915741
Egy stat [-14.006734, -4.239089, -8.30314, 0.99114394]
Start for  4_6_6 [61/105]
Fin;generate all combinations 1681680 ...time: 7.990407228469849
Fin; energy prediction...time: 208.9808177947998
Egy stat [-9.939944, -0.2321825, -4.546519, 0.9943385]
Start for  4_5_7 [62/105]
Fin;generate all combinations 1441440 ...time: 6.5205254554748535
Fin; energy prediction...time: 175.53080439567566
Egy stat [-6.1683583, 2.5743217, -1.074723, 0.9548644]
Start for  4_4_8 [63/105]
Fin;generate all combinations 900900 ...time: 5.511583089828491
Fin; energy prediction...time: 112.59089350700378
Egy stat [-2.667882, 5.341197, 2.1457093, 0.879031]
Start for  4_3_9 [64/105]
Fin;generate all combinations 400400 ...time: 0.8322019577026367
Fin; energy prediction...time: 51.03935503959656
Egy stat [1.4646425, 7.6357746, 5.156979, 0.7720569]
Start for  4_2_10 [65/105]
Fin;generate all combinations 120120 ...time: 0.2902801036834717
Fin; energy prediction...time: 16.00342607498169
Egy stat [5.14324, 10.392462, 8.01008, 0.63351476]
Start for  4_1_11 [66/105]
Fin;generate all combinations 21840 ...time: 0.06721735000610352
Fin; energy prediction...time: 3.7474722862243652
Egy stat [9.184469, 12.252899, 10.764499, 0.4522338]
Start for  3_12_1 [67/105]
Fin;generate all combinations 7280 ...time: 0.021266698837280273
Fin; energy prediction...time: 1.7661521434783936
Egy stat [-27.572498, -24.907593, -26.097338, 0.44724122]
Start for  3_11_2 [68/105]
Fin;generate all combinations 43680 ...time: 0.1495203971862793
Fin; energy prediction...time: 6.475670576095581
Egy stat [-23.50048, -18.497843, -20.86343, 0.6653775]
Start for  3_10_3 [69/105]
Fin;generate all combinations 160160 ...time: 0.6271584033966064
Fin; energy prediction...time: 20.245938777923584
Egy stat [-19.858616, -13.205261, -15.992994, 0.8342959]
Start for  3_9_4 [70/105]
Fin;generate all combinations 400400 ...time: 1.3107960224151611
Fin; energy prediction...time: 49.25076961517334
Egy stat [-16.617702, -7.921288, -11.468419, 0.9531261]
Start for  3_8_5 [71/105]
Fin;generate all combinations 720720 ...time: 2.5433545112609863
Fin; energy prediction...time: 89.33861589431763
Egy stat [-13.675161, -3.1865268, -7.2743797, 1.0224369]
Start for  3_7_6 [72/105]
Fin;generate all combinations 960960 ...time: 3.7114310264587402
Fin; energy prediction...time: 120.02784776687622
Egy stat [-9.526826, 0.97476196, -3.3934588, 1.0443044]
Start for  3_6_7 [73/105]
Fin;generate all combinations 960960 ...time: 3.5231354236602783
Fin; energy prediction...time: 119.75685453414917
Egy stat [-5.707318, 4.244095, 0.19741598, 1.0234451]
Start for  3_5_8 [74/105]
Fin;generate all combinations 720720 ...time: 1.4537601470947266
Fin; energy prediction...time: 94.94216585159302
Egy stat [-2.068946, 7.116787, 3.5292737, 0.9671306]
Start for  3_4_9 [75/105]
Fin;generate all combinations 400400 ...time: 1.9975996017456055
Fin; energy prediction...time: 50.26534605026245
Egy stat [2.2065, 9.37582, 6.6421223, 0.88284713]
Start for  3_3_10 [76/105]
Fin;generate all combinations 160160 ...time: 0.3460850715637207
Fin; energy prediction...time: 20.867079973220825
Egy stat [6.0678425, 12.220505, 9.585065, 0.77368456]
Start for  3_2_11 [77/105]
Fin;generate all combinations 43680 ...time: 0.36249709129333496
Fin; energy prediction...time: 6.201166868209839
Egy stat [10.117731, 14.677799, 12.415896, 0.63307106]
Start for  3_1_12 [78/105]
Fin;generate all combinations 7280 ...time: 0.022504806518554688
Fin; energy prediction...time: 1.7445745468139648
Egy stat [13.944155, 16.800068, 15.200635, 0.44251883]
Start for  2_13_1 [79/105]
Fin;generate all combinations 1680 ...time: 0.006501436233520508
Fin; energy prediction...time: 0.9558782577514648
Egy stat [-26.592136, -24.876999, -25.650293, 0.38976434]
Start for  2_12_2 [80/105]
Fin;generate all combinations 10920 ...time: 0.07259988784790039
Fin; energy prediction...time: 2.065342664718628
Egy stat [-22.322117, -18.288002, -20.297163, 0.62637085]
Start for  2_11_3 [81/105]
Fin;generate all combinations 43680 ...time: 0.14400053024291992
Fin; energy prediction...time: 6.274659156799316
Egy stat [-18.516224, -12.947663, -15.303739, 0.8142525]
Start for  2_10_4 [82/105]
Fin;generate all combinations 120120 ...time: 0.5362091064453125
Fin; energy prediction...time: 15.239336013793945
Egy stat [-15.054623, -7.291545, -10.653435, 0.9526076]
Start for  2_9_5 [83/105]
Fin;generate all combinations 240240 ...time: 0.8898811340332031
Fin; energy prediction...time: 30.334288835525513
Egy stat [-11.791712, -2.7954068, -6.3326883, 1.0417619]
Start for  2_8_6 [84/105]
Fin;generate all combinations 360360 ...time: 1.0997211933135986
Fin; energy prediction...time: 45.02388143539429
Egy stat [-9.179681, 2.1882954, -2.3264387, 1.0833051]
Start for  2_7_7 [85/105]
Fin;generate all combinations 411840 ...time: 1.5119678974151611
Fin; energy prediction...time: 51.07415509223938
Egy stat [-5.2563477, 5.6730976, 1.3857133, 1.0816271]
Start for  2_6_8 [86/105]
Fin;generate all combinations 360360 ...time: 1.257324457168579
Fin; energy prediction...time: 45.01094460487366
Egy stat [-1.5740538, 8.88838, 4.832121, 1.0444032]
Start for  2_5_9 [87/105]
Fin;generate all combinations 240240 ...time: 0.471773624420166
Fin; energy prediction...time: 30.30858302116394
Egy stat [2.9448042, 11.107397, 8.050357, 0.9806954]
Start for  2_4_10 [88/105]
Fin;generate all combinations 120120 ...time: 0.2623295783996582
Fin; energy prediction...time: 15.694248676300049
Egy stat [6.9405365, 14.205336, 11.087434, 0.8962958]
Start for  2_3_11 [89/105]
Fin;generate all combinations 43680 ...time: 0.10157084465026855
Fin; energy prediction...time: 6.470147371292114
Egy stat [11.01808, 16.79275, 13.99934, 0.7877146]
Start for  2_2_12 [90/105]
Fin;generate all combinations 10920 ...time: 0.04021310806274414
Fin; energy prediction...time: 2.322796583175659
Egy stat [15.001947, 19.216713, 16.850414, 0.6381946]
Start for  2_1_13 [91/105]
Fin;generate all combinations 1680 ...time: 0.00547480583190918
Fin; energy prediction...time: 1.0469260215759277
Egy stat [18.91967, 20.763445, 19.712923, 0.41998515]
Start for  1_14_1 [92/105]
Fin;generate all combinations 240 ...time: 0.0016050338745117188
Fin; energy prediction...time: 0.7848601341247559
Egy stat [-25.805107, -24.780136, -25.273682, 0.30921057]
Start for  1_13_2 [93/105]
Fin;generate all combinations 1680 ...time: 0.004251241683959961
Fin; energy prediction...time: 0.9523413181304932
Egy stat [-21.070713, -18.423578, -19.806494, 0.5691446]
Start for  1_12_3 [94/105]
Fin;generate all combinations 7280 ...time: 0.01714038848876953
Fin; energy prediction...time: 1.7024023532867432
Egy stat [-17.22293, -12.505988, -14.693898, 0.7782725]
Start for  1_11_4 [95/105]
Fin;generate all combinations 21840 ...time: 0.048715829849243164
Fin; energy prediction...time: 3.594273090362549
Egy stat [-13.607171, -6.71601, -9.920249, 0.93772185]
Start for  1_10_5 [96/105]
Fin;generate all combinations 48048 ...time: 0.23618006706237793
Fin; energy prediction...time: 6.769684791564941
Egy stat [-9.997093, -2.2195559, -5.473702, 1.0480586]
Start for  1_9_6 [97/105]
Fin;generate all combinations 80080 ...time: 0.3651692867279053
Fin; energy prediction...time: 10.541505575180054
Egy stat [-7.169855, 2.6186018, -1.3416151, 1.110492]
Start for  1_8_7 [98/105]
Fin;generate all combinations 102960 ...time: 0.5732054710388184
Fin; energy prediction...time: 13.328182220458984
Egy stat [-4.876927, 7.165722, 2.4935796, 1.1288906]
Start for  1_7_8 [99/105]
Fin;generate all combinations 102960 ...time: 0.39432191848754883
Fin; energy prediction...time: 13.481118440628052
Egy stat [-1.1120329, 10.608332, 6.0573263, 1.11089]
Start for  1_6_9 [100/105]
Fin;generate all combinations 80080 ...time: 0.33037638664245605
Fin; energy prediction...time: 10.987943410873413
Egy stat [3.612094, 12.988594, 9.3845, 1.0665753]
Start for  1_5_10 [101/105]
Fin;generate all combinations 48048 ...time: 0.24537420272827148
Fin; energy prediction...time: 6.854955196380615
Egy stat [7.842581, 15.922617, 12.51976, 1.0039924]
Start for  1_4_11 [102/105]
Fin;generate all combinations 21840 ...time: 0.04987311363220215
Fin; energy prediction...time: 3.421306848526001
Egy stat [12.026583, 18.92843, 15.517129, 0.92258227]
Start for  1_3_12 [103/105]
Fin;generate all combinations 7280 ...time: 0.017544984817504883
Fin; energy prediction...time: 1.7587268352508545
Egy stat [16.031618, 21.480164, 18.439217, 0.8078977]
Start for  1_2_13 [104/105]
Fin;generate all combinations 1680 ...time: 0.004973411560058594
Fin; energy prediction...time: 0.9583492279052734
Egy stat [20.144365, 23.139767, 21.356554, 0.63065517]
Start for  1_1_14 [105/105]
Fin;generate all combinations 240 ...time: 0.0020194053649902344
Fin; energy prediction...time: 0.7588775157928467
Egy stat [23.87442, 25.450867, 24.347485, 0.34820354]
Saving....
Saved to... K_GeSnZn_Br.pkl
Total elapsed time... 5560.6264815330505
