Summary of calculations
Site name (A,B,C)... K Ge,Hg,Zn Br
Base cif file name... ../0.cif
Save file name... K_GeHgZn_Br.pkl
Fin; combination with repetition...time: 0.0018601417541503906
Start for  14_1_1 [1/105]
Fin;generate all combinations 240 ...time: 0.0006263256072998047
Fin; energy prediction...time: 0.20148134231567383
Egy stat [-37.15117, -36.41936, -36.62161, 0.18612072]
Start for  13_2_1 [2/105]
Fin;generate all combinations 1680 ...time: 0.0034546852111816406
Fin; energy prediction...time: 0.3670837879180908
Egy stat [-34.746254, -33.545, -34.006374, 0.28425154]
Start for  13_1_2 [3/105]
Fin;generate all combinations 1680 ...time: 0.003744840621948242
Fin; energy prediction...time: 0.35434484481811523
Egy stat [-32.044853, -30.46896, -31.154781, 0.3403711]
Start for  12_3_1 [4/105]
Fin;generate all combinations 7280 ...time: 0.011761665344238281
Fin; energy prediction...time: 1.137040138244629
Egy stat [-32.574623, -30.643167, -31.480541, 0.37584493]
Start for  12_2_2 [5/105]
Fin;generate all combinations 10920 ...time: 0.01688241958618164
Fin; energy prediction...time: 1.5405185222625732
Egy stat [-29.9648, -27.530664, -28.630861, 0.43019554]
Start for  12_1_3 [6/105]
Fin;generate all combinations 7280 ...time: 0.05494952201843262
Fin; energy prediction...time: 1.1628854274749756
Egy stat [-27.21443, -24.726362, -25.895777, 0.45197654]
Start for  11_4_1 [7/105]
Fin;generate all combinations 21840 ...time: 0.07744693756103516
Fin; energy prediction...time: 3.033515453338623
Egy stat [-30.18574, -27.708559, -29.071165, 0.45712292]
Start for  11_3_2 [8/105]
Fin;generate all combinations 43680 ...time: 0.14664530754089355
Fin; energy prediction...time: 5.956189155578613
Egy stat [-27.529087, -24.600235, -26.217024, 0.50650895]
Start for  11_2_3 [9/105]
Fin;generate all combinations 43680 ...time: 0.13527536392211914
Fin; energy prediction...time: 5.638999700546265
Egy stat [-25.032948, -22.095848, -23.471483, 0.5268923]
Start for  11_1_4 [10/105]
Fin;generate all combinations 21840 ...time: 0.040093421936035156
Fin; energy prediction...time: 2.9249534606933594
Egy stat [-22.362255, -19.381054, -20.832315, 0.5195379]
Start for  10_5_1 [11/105]
Fin;generate all combinations 48048 ...time: 0.17785310745239258
Fin; energy prediction...time: 6.125047445297241
Egy stat [-27.985058, -24.956715, -26.796963, 0.5158776]
Start for  10_4_2 [12/105]
Fin;generate all combinations 120120 ...time: 0.5012948513031006
Fin; energy prediction...time: 14.943418979644775
Egy stat [-25.38882, -21.63477, -23.93335, 0.56059885]
Start for  10_3_3 [13/105]
Fin;generate all combinations 160160 ...time: 0.6201879978179932
Fin; energy prediction...time: 19.97738480567932
Egy stat [-22.931412, -19.122942, -21.171524, 0.58012253]
Start for  10_2_4 [14/105]
Fin;generate all combinations 120120 ...time: 0.3779783248901367
Fin; energy prediction...time: 14.857357501983643
Egy stat [-20.480343, -16.578064, -18.510136, 0.5751288]
Start for  10_1_5 [15/105]
Fin;generate all combinations 48048 ...time: 0.09313035011291504
Fin; energy prediction...time: 6.106520652770996
Egy stat [-17.79846, -14.411311, -15.9480715, 0.5448513]
Start for  9_6_1 [16/105]
Fin;generate all combinations 80080 ...time: 0.22358489036560059
Fin; energy prediction...time: 10.276199340820312
Egy stat [-25.91308, -22.24472, -24.666378, 0.5404256]
Start for  9_5_2 [17/105]
Fin;generate all combinations 240240 ...time: 0.6405246257781982
Fin; energy prediction...time: 29.422212600708008
Egy stat [-23.277157, -18.872705, -21.789772, 0.5822887]
Start for  9_4_3 [18/105]
Fin;generate all combinations 400400 ...time: 1.2414376735687256
Fin; energy prediction...time: 49.14356207847595
Egy stat [-20.842842, -16.12093, -19.007334, 0.60293674]
Start for  9_3_4 [19/105]
Fin;generate all combinations 400400 ...time: 1.864426851272583
Fin; energy prediction...time: 48.77013182640076
Egy stat [-18.493294, -13.61049, -16.318676, 0.6024521]
Start for  9_2_5 [20/105]
Fin;generate all combinations 240240 ...time: 0.9092175960540771
Fin; energy prediction...time: 30.464601516723633
Egy stat [-15.707216, -11.57797, -13.723485, 0.57977027]
Start for  9_1_6 [21/105]
Fin;generate all combinations 80080 ...time: 0.1587083339691162
Fin; energy prediction...time: 10.085417747497559
Egy stat [-13.138006, -9.4515085, -11.221562, 0.5327332]
Start for  8_7_1 [22/105]
Fin;generate all combinations 102960 ...time: 0.3312108516693115
Fin; energy prediction...time: 12.644548177719116
Egy stat [-23.901318, -19.454374, -22.676409, 0.5243113]
Start for  8_6_2 [23/105]
Fin;generate all combinations 360360 ...time: 1.3180341720581055
Fin; energy prediction...time: 43.843493700027466
Egy stat [-21.30302, -16.07041, -19.78479, 0.5651316]
Start for  8_5_3 [24/105]
Fin;generate all combinations 720720 ...time: 2.3713080883026123
Fin; energy prediction...time: 87.88541579246521
Egy stat [-18.735277, -13.29088, -16.978924, 0.5891256]
Start for  8_4_4 [25/105]
Fin;generate all combinations 900900 ...time: 3.3632349967956543
Fin; energy prediction...time: 110.33980178833008
Egy stat [-16.309532, -10.501937, -14.259513, 0.5957048]
Start for  8_3_5 [26/105]
Fin;generate all combinations 720720 ...time: 5.064606666564941
Fin; energy prediction...time: 88.42377877235413
Egy stat [-13.683714, -8.588415, -11.627134, 0.58337903]
Start for  8_2_6 [27/105]
Fin;generate all combinations 360360 ...time: 0.6885132789611816
Fin; energy prediction...time: 45.38749146461487
Egy stat [-11.162472, -6.627386, -9.082313, 0.5498687]
Start for  8_1_7 [28/105]
Fin;generate all combinations 102960 ...time: 0.24406147003173828
Fin; energy prediction...time: 13.35065507888794
Egy stat [-8.43858, -4.800046, -6.6255894, 0.49164456]
Start for  7_8_1 [29/105]
Fin;generate all combinations 102960 ...time: 0.18680763244628906
Fin; energy prediction...time: 13.06252646446228
Egy stat [-21.806995, -18.541008, -20.812365, 0.4688015]
Start for  7_7_2 [30/105]
Fin;generate all combinations 411840 ...time: 1.314634084701538
Fin; energy prediction...time: 50.40181827545166
Egy stat [-19.13008, -15.160871, -17.905025, 0.5096734]
Start for  7_6_3 [31/105]
Fin;generate all combinations 960960 ...time: 3.726287841796875
Fin; energy prediction...time: 117.56620240211487
Egy stat [-16.587782, -12.03154, -15.074308, 0.5387619]
Start for  7_5_4 [32/105]
Fin;generate all combinations 1441440 ...time: 6.334187746047974
Fin; energy prediction...time: 175.01910662651062
Egy stat [-14.140526, -9.284857, -12.322087, 0.5545837]
Start for  7_4_5 [33/105]
Fin;generate all combinations 1441440 ...time: 4.696751594543457
Fin; energy prediction...time: 178.90434956550598
Egy stat [-11.59653, -6.449817, -9.649991, 0.5550475]
Start for  7_3_6 [34/105]
Fin;generate all combinations 960960 ...time: 4.079833030700684
Fin; energy prediction...time: 117.7792456150055
Egy stat [-9.141864, -4.5069942, -7.0593796, 0.53758585]
Start for  7_2_7 [35/105]
Fin;generate all combinations 411840 ...time: 0.7793922424316406
Fin; energy prediction...time: 51.16497826576233
Egy stat [-6.6997685, -2.4974022, -4.5514207, 0.49893224]
Start for  7_1_8 [36/105]
Fin;generate all combinations 102960 ...time: 0.7436277866363525
Fin; energy prediction...time: 13.369687795639038
Egy stat [-3.9916015, -0.70664597, -2.127197, 0.4341481]
Start for  6_9_1 [37/105]
Fin;generate all combinations 80080 ...time: 0.3335895538330078
Fin; energy prediction...time: 10.506624221801758
Egy stat [-19.908787, -17.552774, -19.048355, 0.38413322]
Start for  6_8_2 [38/105]
Fin;generate all combinations 360360 ...time: 1.4962332248687744
Fin; energy prediction...time: 44.488810777664185
Egy stat [-17.20016, -14.120376, -16.125584, 0.4252331]
Start for  6_7_3 [39/105]
Fin;generate all combinations 960960 ...time: 4.127432584762573
Fin; energy prediction...time: 117.39725041389465
Egy stat [-14.648272, -10.921536, -13.269705, 0.4604735]
Start for  6_6_4 [40/105]
Fin;generate all combinations 1681680 ...time: 7.679269790649414
Fin; energy prediction...time: 203.99199438095093
Egy stat [-12.098896, -7.8979883, -10.483841, 0.48697]
Start for  6_5_5 [41/105]
Fin;generate all combinations 2018016 ...time: 7.651849985122681
Fin; energy prediction...time: 248.05206513404846
Egy stat [-9.7894745, -5.2040915, -7.7707715, 0.50174046]
Start for  6_4_6 [42/105]
Fin;generate all combinations 1681680 ...time: 11.887150049209595
Fin; energy prediction...time: 204.97302436828613
Egy stat [-7.2329564, -2.330944, -5.1328516, 0.501757]
Start for  6_3_7 [43/105]
Fin;generate all combinations 960960 ...time: 5.685911178588867
Fin; energy prediction...time: 119.01062083244324
Egy stat [-4.971006, -0.41191292, -2.5720491, 0.4838139]
Start for  6_2_8 [44/105]
Fin;generate all combinations 360360 ...time: 2.1765828132629395
Fin; energy prediction...time: 45.86733055114746
Egy stat [-2.4605675, 1.7565298, -0.08998095, 0.44404173]
Start for  6_1_9 [45/105]
Fin;generate all combinations 80080 ...time: 0.1982738971710205
Fin; energy prediction...time: 10.98893666267395
Egy stat [0.69600105, 3.4569302, 2.3119316, 0.37635714]
Start for  5_10_1 [46/105]
Fin;generate all combinations 48048 ...time: 0.10699796676635742
Fin; energy prediction...time: 6.789248943328857
Egy stat [-18.086063, -16.244652, -17.348309, 0.2902782]
Start for  5_9_2 [47/105]
Fin;generate all combinations 240240 ...time: 0.8650462627410889
Fin; energy prediction...time: 29.907007932662964
Egy stat [-15.346836, -12.873241, -14.410976, 0.33079907]
Start for  5_8_3 [48/105]
Fin;generate all combinations 720720 ...time: 3.038076877593994
Fin; energy prediction...time: 88.30624651908875
Egy stat [-12.686681, -9.627628, -11.530381, 0.3723911]
Start for  5_7_4 [49/105]
Fin;generate all combinations 1441440 ...time: 6.136427640914917
Fin; energy prediction...time: 178.26502919197083
Egy stat [-10.212494, -6.574245, -8.710918, 0.40978348]
Start for  5_6_5 [50/105]
Fin;generate all combinations 2018016 ...time: 7.288361549377441
Fin; energy prediction...time: 248.29493117332458
Egy stat [-7.799863, -3.7774777, -5.956603, 0.43872583]
Start for  5_5_6 [51/105]
Fin;generate all combinations 2018016 ...time: 9.046844244003296
Fin; energy prediction...time: 249.66618394851685
Egy stat [-5.5087748, -1.0613232, -3.2709281, 0.4556231]
Start for  5_4_7 [52/105]
Fin;generate all combinations 1441440 ...time: 7.8625569343566895
Fin; energy prediction...time: 175.1790850162506
Egy stat [-2.9214783, 1.678463, -0.65682435, 0.457248]
Start for  5_3_8 [53/105]
Fin;generate all combinations 720720 ...time: 1.4391658306121826
Fin; energy prediction...time: 98.2315354347229
Egy stat [-0.6948452, 3.696992, 1.88335, 0.44041324]
Start for  5_2_9 [54/105]
Fin;generate all combinations 240240 ...time: 0.5078060626983643
Fin; energy prediction...time: 31.94122552871704
Egy stat [2.3725643, 5.959074, 4.347721, 0.40131927]
Start for  5_1_10 [55/105]
Fin;generate all combinations 48048 ...time: 0.13242697715759277
Fin; energy prediction...time: 6.657147169113159
Egy stat [5.2311754, 7.7065773, 6.7347436, 0.33363518]
Start for  4_11_1 [56/105]
Fin;generate all combinations 21840 ...time: 0.0549774169921875
Fin; energy prediction...time: 3.4953620433807373
Egy stat [-16.355936, -14.736656, -15.667348, 0.21574795]
Start for  4_10_2 [57/105]
Fin;generate all combinations 120120 ...time: 0.20955467224121094
Fin; energy prediction...time: 15.214485883712769
Egy stat [-13.602907, -11.243135, -12.716396, 0.25349748]
Start for  4_9_3 [58/105]
Fin;generate all combinations 400400 ...time: 1.6322383880615234
Fin; energy prediction...time: 49.559725284576416
Egy stat [-10.907924, -8.213981, -9.811811, 0.29965457]
Start for  4_8_4 [59/105]
Fin;generate all combinations 900900 ...time: 3.3945417404174805
Fin; energy prediction...time: 110.29330539703369
Egy stat [-8.353958, -4.644537, -6.959287, 0.34543794]
Start for  4_7_5 [60/105]
Fin;generate all combinations 1441440 ...time: 7.272964954376221
Fin; energy prediction...time: 177.8720211982727
Egy stat [-5.890273, -2.1382904, -4.164107, 0.3852324]
Start for  4_6_6 [61/105]
Fin;generate all combinations 1681680 ...time: 10.33723521232605
Fin; energy prediction...time: 207.7751796245575
Egy stat [-3.4454503, 0.6250057, -1.4309845, 0.41505337]
Start for  4_5_7 [62/105]
Fin;generate all combinations 1441440 ...time: 5.538194179534912
Fin; energy prediction...time: 177.40771794319153
Egy stat [-1.191145, 3.1746302, 1.2360507, 0.43174464]
Start for  4_4_8 [63/105]
Fin;generate all combinations 900900 ...time: 1.6809332370758057
Fin; energy prediction...time: 114.20553517341614
Egy stat [1.2046604, 5.895218, 3.8337083, 0.4325907]
Start for  4_3_9 [64/105]
Fin;generate all combinations 400400 ...time: 0.8298089504241943
Fin; energy prediction...time: 51.212523460388184
Egy stat [4.2054214, 8.028532, 6.359424, 0.41499528]
Start for  4_2_10 [65/105]
Fin;generate all combinations 120120 ...time: 0.8232665061950684
Fin; energy prediction...time: 15.354219436645508
Egy stat [7.060253, 10.291599, 8.811286, 0.37587547]
Start for  4_1_11 [66/105]
Fin;generate all combinations 21840 ...time: 0.06233954429626465
Fin; energy prediction...time: 3.6280548572540283
Egy stat [10.067642, 12.178461, 11.187857, 0.30986473]
Start for  3_12_1 [67/105]
Fin;generate all combinations 7280 ...time: 0.02087259292602539
Fin; energy prediction...time: 1.602616786956787
Egy stat [-14.397238, -13.34973, -13.95331, 0.17890577]
Start for  3_11_2 [68/105]
Fin;generate all combinations 43680 ...time: 0.14848017692565918
Fin; energy prediction...time: 6.358409404754639
Egy stat [-11.616428, -9.975909, -10.989116, 0.21216302]
Start for  3_10_3 [69/105]
Fin;generate all combinations 160160 ...time: 0.6158194541931152
Fin; energy prediction...time: 20.30207347869873
Egy stat [-8.994345, -6.700999, -8.06102, 0.2585827]
Start for  3_9_4 [70/105]
Fin;generate all combinations 400400 ...time: 1.5715770721435547
Fin; energy prediction...time: 48.86935997009277
Egy stat [-6.4105625, -3.4283624, -5.175992, 0.30682114]
Start for  3_8_5 [71/105]
Fin;generate all combinations 720720 ...time: 2.914085626602173
Fin; energy prediction...time: 89.1339807510376
Egy stat [-3.9947972, -0.24514866, -2.3405855, 0.3507303]
Start for  3_7_6 [72/105]
Fin;generate all combinations 960960 ...time: 5.807183027267456
Fin; energy prediction...time: 116.32051134109497
Egy stat [-1.6219101, 2.3184566, 0.4392448, 0.38643318]
Start for  3_6_7 [73/105]
Fin;generate all combinations 960960 ...time: 5.361717462539673
Fin; energy prediction...time: 118.09679579734802
Egy stat [0.6682749, 4.9963503, 3.1582923, 0.41101316]
Start for  3_5_8 [74/105]
Fin;generate all combinations 720720 ...time: 3.020632266998291
Fin; energy prediction...time: 89.29094576835632
Egy stat [3.4939585, 7.6137657, 5.812199, 0.42206997]
Start for  3_4_9 [75/105]
Fin;generate all combinations 400400 ...time: 1.9855091571807861
Fin; energy prediction...time: 50.01613092422485
Egy stat [6.4581776, 10.08337, 8.39752, 0.41756037]
Start for  3_3_10 [76/105]
Fin;generate all combinations 160160 ...time: 0.3319683074951172
Fin; energy prediction...time: 20.20770835876465
Egy stat [9.245913, 12.354004, 10.911718, 0.395629]
Start for  3_2_11 [77/105]
Fin;generate all combinations 43680 ...time: 0.10475802421569824
Fin; energy prediction...time: 6.110031604766846
Egy stat [12.113379, 14.617975, 13.353078, 0.3541646]
Start for  3_1_12 [78/105]
Fin;generate all combinations 7280 ...time: 0.02195906639099121
Fin; energy prediction...time: 1.4898250102996826
Egy stat [14.870821, 16.73353, 15.720521, 0.28939077]
Start for  2_13_1 [79/105]
Fin;generate all combinations 1680 ...time: 0.005971193313598633
Fin; energy prediction...time: 0.8111972808837891
Egy stat [-12.454081, -11.670179, -12.148276, 0.14858875]
Start for  2_12_2 [80/105]
Fin;generate all combinations 10920 ...time: 0.023188352584838867
Fin; energy prediction...time: 1.9935948848724365
Egy stat [-9.629345, -8.320397, -9.170007, 0.18392996]
Start for  2_11_3 [81/105]
Fin;generate all combinations 43680 ...time: 0.14669322967529297
Fin; energy prediction...time: 5.986670255661011
Egy stat [-6.9818835, -5.1001277, -6.2179976, 0.23088065]
Start for  2_10_4 [82/105]
Fin;generate all combinations 120120 ...time: 0.44675254821777344
Fin; energy prediction...time: 15.140279769897461
Egy stat [-4.3745947, -1.5504808, -3.3004785, 0.27819645]
Start for  2_9_5 [83/105]
Fin;generate all combinations 240240 ...time: 0.9473519325256348
Fin; energy prediction...time: 29.48704195022583
Egy stat [-1.8605251, 1.4852772, -0.42525122, 0.32108808]
Start for  2_8_6 [84/105]
Fin;generate all combinations 360360 ...time: 1.4457426071166992
Fin; energy prediction...time: 44.79268956184387
Egy stat [0.40324306, 4.849704, 2.4005024, 0.3567522]
Start for  2_7_7 [85/105]
Fin;generate all combinations 411840 ...time: 1.367840051651001
Fin; energy prediction...time: 50.917439222335815
Egy stat [3.112813, 7.2241554, 5.1703877, 0.3829367]
Start for  2_6_8 [86/105]
Fin;generate all combinations 360360 ...time: 1.2674908638000488
Fin; energy prediction...time: 44.79762578010559
Egy stat [5.94491, 9.733601, 7.8789315, 0.3976186]
Start for  2_5_9 [87/105]
Fin;generate all combinations 240240 ...time: 0.4719665050506592
Fin; energy prediction...time: 29.65386128425598
Egy stat [8.861927, 12.126204, 10.52169, 0.39902052]
Start for  2_4_10 [88/105]
Fin;generate all combinations 120120 ...time: 0.25768065452575684
Fin; energy prediction...time: 15.402058601379395
Egy stat [11.623356, 14.49147, 13.095312, 0.38568133]
Start for  2_3_11 [89/105]
Fin;generate all combinations 43680 ...time: 0.29297590255737305
Fin; energy prediction...time: 5.79767370223999
Egy stat [14.4616165, 16.664602, 15.597543, 0.3564285]
Start for  2_2_12 [90/105]
Fin;generate all combinations 10920 ...time: 0.028544902801513672
Fin; energy prediction...time: 1.993060827255249
Egy stat [17.160809, 19.087278, 18.027145, 0.31007862]
Start for  2_1_13 [91/105]
Fin;generate all combinations 1680 ...time: 0.0062863826751708984
Fin; energy prediction...time: 0.8213872909545898
Egy stat [19.89216, 21.081194, 20.383686, 0.24431977]
Start for  1_14_1 [92/105]
Fin;generate all combinations 240 ...time: 0.0013353824615478516
Fin; energy prediction...time: 0.6323857307434082
Egy stat [-10.281158, -10.093582, -10.189976, 0.048097294]
Start for  1_13_2 [93/105]
Fin;generate all combinations 1680 ...time: 0.0036611557006835938
Fin; energy prediction...time: 0.8254404067993164
Egy stat [-7.4277716, -6.7961497, -7.1949463, 0.12129262]
Start for  1_12_3 [94/105]
Fin;generate all combinations 7280 ...time: 0.01706218719482422
Fin; energy prediction...time: 1.5867559909820557
Egy stat [-4.7926965, -3.5533967, -4.217098, 0.18098573]
Start for  1_11_4 [95/105]
Fin;generate all combinations 21840 ...time: 0.0931706428527832
Fin; energy prediction...time: 3.318953037261963
Egy stat [-2.0791082, -0.033249855, -1.2659309, 0.231052]
Start for  1_10_5 [96/105]
Fin;generate all combinations 48048 ...time: 0.17897891998291016
Fin; energy prediction...time: 6.615594863891602
Egy stat [0.53301144, 3.045555, 1.6495172, 0.27275074]
Start for  1_9_6 [97/105]
Fin;generate all combinations 80080 ...time: 0.37453126907348633
Fin; energy prediction...time: 10.337477207183838
Egy stat [3.212184, 6.4007874, 4.5208645, 0.30623916]
Start for  1_8_7 [98/105]
Fin;generate all combinations 102960 ...time: 0.5006275177001953
Fin; energy prediction...time: 12.872168779373169
Egy stat [6.0553513, 9.69948, 7.3405576, 0.3308189]
Start for  1_7_8 [99/105]
Fin;generate all combinations 102960 ...time: 0.5545172691345215
Fin; energy prediction...time: 13.257105112075806
Egy stat [8.935738, 12.331814, 10.102022, 0.34522727]
Start for  1_6_9 [100/105]
Fin;generate all combinations 80080 ...time: 0.35138535499572754
Fin; energy prediction...time: 10.356445074081421
Egy stat [11.712925, 14.543186, 12.79979, 0.3479772]
Start for  1_5_10 [101/105]
Fin;generate all combinations 48048 ...time: 0.10388946533203125
Fin; energy prediction...time: 6.607961416244507
Egy stat [14.384228, 16.862257, 15.429623, 0.33767104]
Start for  1_4_11 [102/105]
Fin;generate all combinations 21840 ...time: 0.05098223686218262
Fin; energy prediction...time: 3.370666742324829
Egy stat [17.038221, 19.137823, 17.988565, 0.31321463]
Start for  1_3_12 [103/105]
Fin;generate all combinations 7280 ...time: 0.018237829208374023
Fin; energy prediction...time: 1.610738754272461
Egy stat [19.805653, 21.480919, 20.474972, 0.27384672]
Start for  1_2_13 [104/105]
Fin;generate all combinations 1680 ...time: 0.004782676696777344
Fin; energy prediction...time: 0.8649795055389404
Egy stat [22.45139, 23.542038, 22.888388, 0.21878403]
Start for  1_1_14 [105/105]
Fin;generate all combinations 240 ...time: 0.0011687278747558594
Fin; energy prediction...time: 0.6095259189605713
Egy stat [25.02504, 25.620491, 25.229319, 0.1453861]
Saving....
Saved to... K_GeHgZn_Br.pkl
Total elapsed time... 5537.792755365372
