Summary of calculations
Site name (A,B,C)... K Ge,Pb,Sn Br
Base cif file name... ../0.cif
Save file name... K_GePbSn_Br.pkl
Fin; combination with repetition...time: 0.0016527175903320312
Start for  14_1_1 [1/105]
Fin;generate all combinations 240 ...time: 0.0006139278411865234
Fin; energy prediction...time: 0.19801807403564453
Egy stat [-40.431263, -39.89232, -40.192955, 0.15632367]
Start for  13_2_1 [2/105]
Fin;generate all combinations 1680 ...time: 0.003436565399169922
Fin; energy prediction...time: 0.36228370666503906
Egy stat [-37.94823, -36.669033, -37.383877, 0.25583085]
Start for  13_1_2 [3/105]
Fin;generate all combinations 1680 ...time: 0.0037369728088378906
Fin; energy prediction...time: 0.46298718452453613
Egy stat [-39.273605, -38.163498, -38.75937, 0.22204655]
Start for  12_3_1 [4/105]
Fin;generate all combinations 7280 ...time: 0.013625383377075195
Fin; energy prediction...time: 1.1353464126586914
Egy stat [-35.863113, -33.504913, -34.830048, 0.3361827]
Start for  12_2_2 [5/105]
Fin;generate all combinations 10920 ...time: 0.01672196388244629
Fin; energy prediction...time: 1.57118558883667
Egy stat [-37.124153, -34.978737, -36.13687, 0.30500597]
Start for  12_1_3 [6/105]
Fin;generate all combinations 7280 ...time: 0.05229377746582031
Fin; energy prediction...time: 1.1444907188415527
Egy stat [-38.37195, -36.465218, -37.4571, 0.27350485]
Start for  11_4_1 [7/105]
Fin;generate all combinations 21840 ...time: 0.07555055618286133
Fin; energy prediction...time: 3.0629284381866455
Egy stat [-33.824505, -31.156597, -32.52271, 0.3972455]
Start for  11_3_2 [8/105]
Fin;generate all combinations 43680 ...time: 0.1274890899658203
Fin; energy prediction...time: 5.656310319900513
Egy stat [-35.0813, -32.505836, -33.762333, 0.36967146]
Start for  11_2_3 [9/105]
Fin;generate all combinations 43680 ...time: 0.15339064598083496
Fin; energy prediction...time: 5.510221719741821
Egy stat [-36.277016, -33.892303, -35.015575, 0.34117147]
Start for  11_1_4 [10/105]
Fin;generate all combinations 21840 ...time: 0.04009604454040527
Fin; energy prediction...time: 2.9111487865448
Egy stat [-37.451782, -35.316875, -36.282288, 0.31209236]
Start for  10_5_1 [11/105]
Fin;generate all combinations 48048 ...time: 0.19556522369384766
Fin; energy prediction...time: 6.116128206253052
Egy stat [-32.106308, -29.078342, -30.452095, 0.4395615]
Start for  10_4_2 [12/105]
Fin;generate all combinations 120120 ...time: 0.49172186851501465
Fin; energy prediction...time: 14.913111209869385
Egy stat [-33.293365, -30.284588, -31.626156, 0.41571376]
Start for  10_3_3 [13/105]
Fin;generate all combinations 160160 ...time: 0.6552276611328125
Fin; energy prediction...time: 19.721158027648926
Egy stat [-34.46743, -31.566639, -32.81394, 0.39083314]
Start for  10_2_4 [14/105]
Fin;generate all combinations 120120 ...time: 0.3727097511291504
Fin; energy prediction...time: 15.119925498962402
Egy stat [-35.66066, -32.77744, -34.015354, 0.36500773]
Start for  10_1_5 [15/105]
Fin;generate all combinations 48048 ...time: 0.0981597900390625
Fin; energy prediction...time: 6.277160167694092
Egy stat [-36.757507, -34.135235, -35.230263, 0.33847675]
Start for  9_6_1 [16/105]
Fin;generate all combinations 80080 ...time: 0.23396539688110352
Fin; energy prediction...time: 9.996622800827026
Egy stat [-30.84501, -27.008722, -28.60783, 0.4639459]
Start for  9_5_2 [17/105]
Fin;generate all combinations 240240 ...time: 0.9673471450805664
Fin; energy prediction...time: 29.551639556884766
Egy stat [-31.930145, -28.143682, -29.717999, 0.4436652]
Start for  9_4_3 [18/105]
Fin;generate all combinations 400400 ...time: 1.2334516048431396
Fin; energy prediction...time: 49.45193791389465
Egy stat [-33.02307, -29.275188, -30.841957, 0.42244244]
Start for  9_3_4 [19/105]
Fin;generate all combinations 400400 ...time: 1.6038103103637695
Fin; energy prediction...time: 49.76546812057495
Egy stat [-34.123524, -30.457174, -31.979618, 0.4002364]
Start for  9_2_5 [20/105]
Fin;generate all combinations 240240 ...time: 0.4226248264312744
Fin; energy prediction...time: 30.135345220565796
Egy stat [-35.2434, -31.682041, -33.130898, 0.37709746]
Start for  9_1_6 [21/105]
Fin;generate all combinations 80080 ...time: 0.49501943588256836
Fin; energy prediction...time: 9.98358941078186
Egy stat [-36.33692, -32.975906, -34.29573, 0.35319436]
Start for  8_7_1 [22/105]
Fin;generate all combinations 102960 ...time: 0.4623119831085205
Fin; energy prediction...time: 13.050330877304077
Egy stat [-29.967573, -24.875908, -26.979277, 0.47128507]
Start for  8_6_2 [23/105]
Fin;generate all combinations 360360 ...time: 1.2852063179016113
Fin; energy prediction...time: 44.27944564819336
Egy stat [-30.95044, -25.94475, -28.027172, 0.45433465]
Start for  8_5_3 [24/105]
Fin;generate all combinations 720720 ...time: 2.627023696899414
Fin; energy prediction...time: 87.55431008338928
Egy stat [-31.95477, -27.02514, -29.088923, 0.4366027]
Start for  8_4_4 [25/105]
Fin;generate all combinations 900900 ...time: 4.253334283828735
Fin; energy prediction...time: 110.17205929756165
Egy stat [-32.969788, -28.096392, -30.16443, 0.4179859]
Start for  8_3_5 [26/105]
Fin;generate all combinations 720720 ...time: 2.9310381412506104
Fin; energy prediction...time: 88.85290122032166
Egy stat [-33.99658, -29.33166, -31.253616, 0.39843476]
Start for  8_2_6 [27/105]
Fin;generate all combinations 360360 ...time: 1.7168540954589844
Fin; energy prediction...time: 46.676172971725464
Egy stat [-35.04542, -30.564333, -32.356453, 0.37797374]
Start for  8_1_7 [28/105]
Fin;generate all combinations 102960 ...time: 0.2244582176208496
Fin; energy prediction...time: 13.092649936676025
Egy stat [-36.115013, -31.81493, -33.47289, 0.35672185]
Start for  7_8_1 [29/105]
Fin;generate all combinations 102960 ...time: 0.1829357147216797
Fin; energy prediction...time: 13.183483600616455
Egy stat [-28.048748, -23.834908, -25.555819, 0.46237698]
Start for  7_7_2 [30/105]
Fin;generate all combinations 411840 ...time: 1.6021397113800049
Fin; energy prediction...time: 50.6920645236969
Egy stat [-28.996391, -24.811985, -26.54289, 0.44854388]
Start for  7_6_3 [31/105]
Fin;generate all combinations 960960 ...time: 3.627457618713379
Fin; energy prediction...time: 118.38012886047363
Egy stat [-29.94302, -25.796661, -27.543947, 0.43409002]
Start for  7_5_4 [32/105]
Fin;generate all combinations 1441440 ...time: 6.158459901809692
Fin; energy prediction...time: 175.4756121635437
Egy stat [-30.913364, -26.780912, -28.558853, 0.4188896]
Start for  7_4_5 [33/105]
Fin;generate all combinations 1441440 ...time: 7.139274835586548
Fin; energy prediction...time: 177.77552938461304
Egy stat [-31.902777, -27.855913, -29.587484, 0.40284583]
Start for  7_3_6 [34/105]
Fin;generate all combinations 960960 ...time: 4.348851919174194
Fin; energy prediction...time: 118.33676791191101
Egy stat [-32.892426, -28.9696, -30.6298, 0.38590467]
Start for  7_2_7 [35/105]
Fin;generate all combinations 411840 ...time: 0.7560665607452393
Fin; energy prediction...time: 52.17552614212036
Egy stat [-33.906387, -30.173359, -31.68582, 0.36807173]
Start for  7_1_8 [36/105]
Fin;generate all combinations 102960 ...time: 0.259753942489624
Fin; energy prediction...time: 13.81397533416748
Egy stat [-34.936787, -31.421148, -32.75552, 0.34942943]
Start for  6_9_1 [37/105]
Fin;generate all combinations 80080 ...time: 0.16246938705444336
Fin; energy prediction...time: 10.528752565383911
Egy stat [-26.332798, -22.77633, -24.32708, 0.43779343]
Start for  6_8_2 [38/105]
Fin;generate all combinations 360360 ...time: 1.4300706386566162
Fin; energy prediction...time: 44.96726393699646
Egy stat [-27.236088, -23.656425, -25.254534, 0.42694393]
Start for  6_7_3 [39/105]
Fin;generate all combinations 960960 ...time: 3.271247148513794
Fin; energy prediction...time: 119.06005144119263
Egy stat [-28.155516, -24.549568, -26.196203, 0.41559663]
Start for  6_6_4 [40/105]
Fin;generate all combinations 1681680 ...time: 9.356320858001709
Fin; energy prediction...time: 204.19228863716125
Egy stat [-29.08872, -25.446774, -27.151873, 0.40362558]
Start for  6_5_5 [41/105]
Fin;generate all combinations 2018016 ...time: 7.621534824371338
Fin; energy prediction...time: 254.13961720466614
Egy stat [-30.034748, -26.522013, -28.121391, 0.39091623]
Start for  6_4_6 [42/105]
Fin;generate all combinations 1681680 ...time: 6.730479001998901
Fin; energy prediction...time: 207.17592358589172
Egy stat [-30.978472, -27.60301, -29.104677, 0.37737885]
Start for  6_3_7 [43/105]
Fin;generate all combinations 960960 ...time: 5.911866664886475
Fin; energy prediction...time: 118.43567419052124
Egy stat [-31.94634, -28.722603, -30.101704, 0.3629576]
Start for  6_2_8 [44/105]
Fin;generate all combinations 360360 ...time: 0.7643680572509766
Fin; energy prediction...time: 44.18288779258728
Egy stat [-32.912987, -29.844584, -31.1125, 0.34764487]
Start for  6_1_9 [45/105]
Fin;generate all combinations 80080 ...time: 0.8528027534484863
Fin; energy prediction...time: 11.185097217559814
Egy stat [-33.82453, -31.05998, -32.13707, 0.33149558]
Start for  5_10_1 [46/105]
Fin;generate all combinations 48048 ...time: 0.11523675918579102
Fin; energy prediction...time: 7.059725046157837
Egy stat [-24.84364, -22.030548, -23.283154, 0.39774972]
Start for  5_9_2 [47/105]
Fin;generate all combinations 240240 ...time: 0.9328668117523193
Fin; energy prediction...time: 30.552745580673218
Egy stat [-25.728958, -22.769234, -24.151865, 0.38986322]
Start for  5_8_3 [48/105]
Fin;generate all combinations 720720 ...time: 2.8693933486938477
Fin; energy prediction...time: 89.10247015953064
Egy stat [-26.60284, -23.60854, -25.035168, 0.38154754]
Start for  5_7_4 [49/105]
Fin;generate all combinations 1441440 ...time: 6.5127036571502686
Fin; energy prediction...time: 177.65914845466614
Egy stat [-27.484358, -24.479961, -25.932762, 0.372681]
Start for  5_6_5 [50/105]
Fin;generate all combinations 2018016 ...time: 11.08384895324707
Fin; energy prediction...time: 247.2984335422516
Egy stat [-28.387863, -25.382607, -26.84441, 0.36314914]
Start for  5_5_6 [51/105]
Fin;generate all combinations 2018016 ...time: 8.894446611404419
Fin; energy prediction...time: 249.27584981918335
Egy stat [-29.30138, -26.44168, -27.769943, 0.35284916]
Start for  5_4_7 [52/105]
Fin;generate all combinations 1441440 ...time: 6.577295303344727
Fin; energy prediction...time: 177.09795379638672
Egy stat [-30.230045, -27.48505, -28.709343, 0.34169903]
Start for  5_3_8 [53/105]
Fin;generate all combinations 720720 ...time: 4.338758230209351
Fin; energy prediction...time: 93.08303093910217
Egy stat [-31.16961, -28.552965, -29.662577, 0.3296442]
Start for  5_2_9 [54/105]
Fin;generate all combinations 240240 ...time: 0.4952549934387207
Fin; energy prediction...time: 30.456149339675903
Egy stat [-32.02545, -29.60283, -30.629679, 0.31666866]
Start for  5_1_10 [55/105]
Fin;generate all combinations 48048 ...time: 0.1446671485900879
Fin; energy prediction...time: 7.030636787414551
Egy stat [-32.89132, -30.741467, -31.610712, 0.30280766]
Start for  4_11_1 [56/105]
Fin;generate all combinations 21840 ...time: 0.054734230041503906
Fin; energy prediction...time: 3.563878297805786
Egy stat [-23.636337, -21.389996, -22.414795, 0.34198374]
Start for  4_10_2 [57/105]
Fin;generate all combinations 120120 ...time: 0.21375250816345215
Fin; energy prediction...time: 15.77528190612793
Egy stat [-24.504658, -22.131607, -23.225239, 0.3371778]
Start for  4_9_3 [58/105]
Fin;generate all combinations 400400 ...time: 1.6796412467956543
Fin; energy prediction...time: 49.5372097492218
Egy stat [-25.323936, -22.889248, -24.050825, 0.33195615]
Start for  4_8_4 [59/105]
Fin;generate all combinations 900900 ...time: 3.3679893016815186
Fin; energy prediction...time: 111.68253517150879
Egy stat [-26.157616, -23.645065, -24.89113, 0.3261932]
Start for  4_7_5 [60/105]
Fin;generate all combinations 1441440 ...time: 7.436480760574341
Fin; energy prediction...time: 174.2300522327423
Egy stat [-27.016573, -24.475449, -25.745823, 0.31977287]
Start for  4_6_6 [61/105]
Fin;generate all combinations 1681680 ...time: 10.188621520996094
Fin; energy prediction...time: 206.3430621623993
Egy stat [-27.886517, -25.309452, -26.614706, 0.31259093]
Start for  4_5_7 [62/105]
Fin;generate all combinations 1441440 ...time: 8.621999979019165
Fin; energy prediction...time: 178.69769763946533
Egy stat [-28.780176, -26.321426, -27.497608, 0.30455723]
Start for  4_4_8 [63/105]
Fin;generate all combinations 900900 ...time: 5.025456190109253
Fin; energy prediction...time: 111.78639888763428
Egy stat [-29.673748, -27.320902, -28.394514, 0.29559997]
Start for  4_3_9 [64/105]
Fin;generate all combinations 400400 ...time: 0.8419482707977295
Fin; energy prediction...time: 50.74421000480652
Egy stat [-30.503603, -28.34434, -29.305403, 0.28567]
Start for  4_2_10 [65/105]
Fin;generate all combinations 120120 ...time: 0.26665639877319336
Fin; energy prediction...time: 16.319368839263916
Egy stat [-31.341389, -29.326849, -30.230328, 0.27474907]
Start for  4_1_11 [66/105]
Fin;generate all combinations 21840 ...time: 0.062328338623046875
Fin; energy prediction...time: 3.4855763912200928
Egy stat [-32.17115, -30.351799, -31.16938, 0.26285985]
Start for  3_12_1 [67/105]
Fin;generate all combinations 7280 ...time: 0.020322084426879883
Fin; energy prediction...time: 1.6248836517333984
Egy stat [-22.467457, -21.02555, -21.71365, 0.26960886]
Start for  3_11_2 [68/105]
Fin;generate all combinations 43680 ...time: 0.08237504959106445
Fin; energy prediction...time: 6.227758884429932
Egy stat [-23.321507, -21.711065, -22.465857, 0.268198]
Start for  3_10_3 [69/105]
Fin;generate all combinations 160160 ...time: 0.6141476631164551
Fin; energy prediction...time: 20.587061882019043
Egy stat [-24.120224, -22.44339, -23.233906, 0.26633984]
Start for  3_9_4 [70/105]
Fin;generate all combinations 400400 ...time: 1.5795974731445312
Fin; energy prediction...time: 49.52247333526611
Egy stat [-24.901337, -23.210487, -24.017292, 0.26387832]
Start for  3_8_5 [71/105]
Fin;generate all combinations 720720 ...time: 3.259117841720581
Fin; energy prediction...time: 88.19239091873169
Egy stat [-25.706133, -23.978752, -24.815607, 0.2606791]
Start for  3_7_6 [72/105]
Fin;generate all combinations 960960 ...time: 4.472132205963135
Fin; energy prediction...time: 117.80357241630554
Egy stat [-26.522959, -24.733633, -25.62852, 0.2566297]
Start for  3_6_7 [73/105]
Fin;generate all combinations 960960 ...time: 3.4510416984558105
Fin; energy prediction...time: 119.56457877159119
Egy stat [-27.339426, -25.56646, -26.455801, 0.25163814]
Start for  3_5_8 [74/105]
Fin;generate all combinations 720720 ...time: 1.371807336807251
Fin; energy prediction...time: 90.35155153274536
Egy stat [-28.139355, -26.45972, -27.297327, 0.2456313]
Start for  3_4_9 [75/105]
Fin;generate all combinations 400400 ...time: 1.9008114337921143
Fin; energy prediction...time: 49.900749921798706
Egy stat [-28.95468, -27.425076, -28.153036, 0.23855339]
Start for  3_3_10 [76/105]
Fin;generate all combinations 160160 ...time: 0.3587825298309326
Fin; energy prediction...time: 20.659887075424194
Egy stat [-29.769339, -28.383312, -29.02297, 0.2303678]
Start for  3_2_11 [77/105]
Fin;generate all combinations 43680 ...time: 0.10555076599121094
Fin; energy prediction...time: 6.208256721496582
Egy stat [-30.595705, -29.35305, -29.90718, 0.22106078]
Start for  3_1_12 [78/105]
Fin;generate all combinations 7280 ...time: 0.02254962921142578
Fin; energy prediction...time: 1.7341322898864746
Egy stat [-31.403152, -30.322077, -30.805777, 0.21065067]
Start for  2_13_1 [79/105]
Fin;generate all combinations 1680 ...time: 0.0059735774993896484
Fin; energy prediction...time: 1.0277295112609863
Egy stat [-21.528172, -20.816963, -21.17249, 0.1786696]
Start for  2_12_2 [80/105]
Fin;generate all combinations 10920 ...time: 0.022583723068237305
Fin; energy prediction...time: 2.265840530395508
Egy stat [-22.309517, -21.439814, -21.865982, 0.1814647]
Start for  2_11_3 [81/105]
Fin;generate all combinations 43680 ...time: 0.14914822578430176
Fin; energy prediction...time: 6.277432680130005
Egy stat [-23.076063, -22.130043, -22.576183, 0.18373136]
Start for  2_10_4 [82/105]
Fin;generate all combinations 120120 ...time: 0.46944212913513184
Fin; energy prediction...time: 15.564950942993164
Egy stat [-23.893326, -22.765514, -23.302519, 0.18521768]
Start for  2_9_5 [83/105]
Fin;generate all combinations 240240 ...time: 1.1106669902801514
Fin; energy prediction...time: 30.400425910949707
Egy stat [-24.639822, -23.503094, -24.044485, 0.18573128]
Start for  2_8_6 [84/105]
Fin;generate all combinations 360360 ...time: 1.6060736179351807
Fin; energy prediction...time: 44.873393058776855
Egy stat [-25.395407, -24.146336, -24.80167, 0.18513058]
Start for  2_7_7 [85/105]
Fin;generate all combinations 411840 ...time: 2.272663116455078
Fin; energy prediction...time: 52.254638671875
Egy stat [-26.137867, -24.968338, -25.573751, 0.18331623]
Start for  2_6_8 [86/105]
Fin;generate all combinations 360360 ...time: 0.7247452735900879
Fin; energy prediction...time: 45.61916518211365
Egy stat [-26.89207, -25.759003, -26.360504, 0.18022148]
Start for  2_5_9 [87/105]
Fin;generate all combinations 240240 ...time: 1.0878090858459473
Fin; energy prediction...time: 30.697248458862305
Egy stat [-27.660295, -26.57834, -27.161797, 0.17580362]
Start for  2_4_10 [88/105]
Fin;generate all combinations 120120 ...time: 0.2645699977874756
Fin; energy prediction...time: 16.250590801239014
Egy stat [-28.457903, -27.495678, -27.977577, 0.17003484]
Start for  2_3_11 [89/105]
Fin;generate all combinations 43680 ...time: 0.09950947761535645
Fin; energy prediction...time: 6.399843215942383
Egy stat [-29.236685, -28.386087, -28.807875, 0.16289867]
Start for  2_2_12 [90/105]
Fin;generate all combinations 10920 ...time: 0.02789020538330078
Fin; energy prediction...time: 2.263352632522583
Egy stat [-30.045357, -29.259907, -29.652777, 0.15438889]
Start for  2_1_13 [91/105]
Fin;generate all combinations 1680 ...time: 0.006206989288330078
Fin; energy prediction...time: 1.004915714263916
Egy stat [-30.815641, -30.254662, -30.512394, 0.14451708]
Start for  1_14_1 [92/105]
Fin;generate all combinations 240 ...time: 0.0015025138854980469
Fin; energy prediction...time: 0.8113207817077637
Egy stat [-20.900074, -20.690426, -20.785501, 0.060301322]
Start for  1_13_2 [93/105]
Fin;generate all combinations 1680 ...time: 0.003907918930053711
Fin; energy prediction...time: 0.9333579540252686
Egy stat [-21.601177, -21.209904, -21.419271, 0.07268514]
Start for  1_12_3 [94/105]
Fin;generate all combinations 7280 ...time: 0.06923937797546387
Fin; energy prediction...time: 1.6010448932647705
Egy stat [-22.304485, -21.84012, -22.070744, 0.08311256]
Start for  1_11_4 [95/105]
Fin;generate all combinations 21840 ...time: 0.09824705123901367
Fin; energy prediction...time: 3.513442039489746
Egy stat [-23.023033, -22.402039, -22.739311, 0.09149593]
Start for  1_10_5 [96/105]
Fin;generate all combinations 48048 ...time: 0.18559598922729492
Fin; energy prediction...time: 6.561792850494385
Egy stat [-23.745338, -23.03418, -23.424414, 0.09779652]
Start for  1_9_6 [97/105]
Fin;generate all combinations 80080 ...time: 0.39952564239501953
Fin; energy prediction...time: 10.72140645980835
Egy stat [-24.482666, -23.6688, -24.125555, 0.102005325]
Start for  1_8_7 [98/105]
Fin;generate all combinations 102960 ...time: 0.5213191509246826
Fin; energy prediction...time: 13.270479202270508
Egy stat [-25.19421, -24.321266, -24.842321, 0.1041346]
Start for  1_7_8 [99/105]
Fin;generate all combinations 102960 ...time: 0.5834126472473145
Fin; energy prediction...time: 13.327882766723633
Egy stat [-25.90577, -25.115612, -25.574383, 0.10421073]
Start for  1_6_9 [100/105]
Fin;generate all combinations 80080 ...time: 0.34041857719421387
Fin; energy prediction...time: 10.438515663146973
Egy stat [-26.628746, -25.918905, -26.321531, 0.102263846]
Start for  1_5_10 [101/105]
Fin;generate all combinations 48048 ...time: 0.25367093086242676
Fin; energy prediction...time: 6.705486059188843
Egy stat [-27.366013, -26.683634, -27.083614, 0.09831397]
Start for  1_4_11 [102/105]
Fin;generate all combinations 21840 ...time: 0.050176382064819336
Fin; energy prediction...time: 3.433464527130127
Egy stat [-28.103594, -27.52257, -27.860598, 0.09235011]
Start for  1_3_12 [103/105]
Fin;generate all combinations 7280 ...time: 0.01847386360168457
Fin; energy prediction...time: 1.7042996883392334
Egy stat [-28.853737, -28.376677, -28.652508, 0.08430111]
Start for  1_2_13 [104/105]
Fin;generate all combinations 1680 ...time: 0.0045032501220703125
Fin; energy prediction...time: 0.9258852005004883
Egy stat [-29.63241, -29.248999, -29.459435, 0.07397944]
Start for  1_1_14 [105/105]
Fin;generate all combinations 240 ...time: 0.0011906623840332031
Fin; energy prediction...time: 0.8116741180419922
Egy stat [-30.397943, -30.132944, -30.281502, 0.060942907]
Saving....
Saved to... K_GePbSn_Br.pkl
Total elapsed time... 5563.237142324448
