Summary of calculations
Site name (A,B,C)... K Ge,Pb,Zn Cl
Base cif file name... ../0.cif
Save file name... K_GePbZn_Cl.pkl
Fin; combination with repetition...time: 0.0018444061279296875
Start for  14_1_1 [1/105]
Fin;generate all combinations 240 ...time: 0.0006382465362548828
Fin; energy prediction...time: 0.19649219512939453
Egy stat [-31.661642, -30.789427, -31.184576, 0.26028237]
Start for  13_2_1 [2/105]
Fin;generate all combinations 1680 ...time: 0.0035583972930908203
Fin; energy prediction...time: 0.38248181343078613
Egy stat [-29.780851, -27.7753, -28.90567, 0.40859222]
Start for  13_1_2 [3/105]
Fin;generate all combinations 1680 ...time: 0.0038034915924072266
Fin; energy prediction...time: 0.3875153064727783
Egy stat [-27.310764, -25.177574, -26.319338, 0.4456271]
Start for  12_3_1 [4/105]
Fin;generate all combinations 7280 ...time: 0.015061378479003906
Fin; energy prediction...time: 1.1161096096038818
Egy stat [-28.206198, -25.548958, -26.939247, 0.52458066]
Start for  12_2_2 [5/105]
Fin;generate all combinations 10920 ...time: 0.016877412796020508
Fin; energy prediction...time: 1.6103465557098389
Egy stat [-25.571306, -21.754223, -23.998783, 0.59465486]
Start for  12_1_3 [6/105]
Fin;generate all combinations 7280 ...time: 0.053627729415893555
Fin; energy prediction...time: 1.1172008514404297
Egy stat [-23.195938, -20.027914, -21.623108, 0.5966559]
Start for  11_4_1 [7/105]
Fin;generate all combinations 21840 ...time: 0.07554364204406738
Fin; energy prediction...time: 2.885111093521118
Egy stat [-27.146315, -23.24768, -25.267494, 0.61422133]
Start for  11_3_2 [8/105]
Fin;generate all combinations 43680 ...time: 0.11365032196044922
Fin; energy prediction...time: 5.686084508895874
Egy stat [-24.078293, -19.124783, -21.98917, 0.71482384]
Start for  11_2_3 [9/105]
Fin;generate all combinations 43680 ...time: 0.1695549488067627
Fin; energy prediction...time: 5.710849046707153
Egy stat [-21.537224, -16.289848, -19.272686, 0.74759126]
Start for  11_1_4 [10/105]
Fin;generate all combinations 21840 ...time: 0.03961658477783203
Fin; energy prediction...time: 3.164285898208618
Egy stat [-19.30046, -14.653138, -17.105495, 0.7093855]
Start for  10_5_1 [11/105]
Fin;generate all combinations 48048 ...time: 0.20265650749206543
Fin; energy prediction...time: 6.111734390258789
Egy stat [-26.112907, -21.73645, -23.87247, 0.6811321]
Start for  10_4_2 [12/105]
Fin;generate all combinations 120120 ...time: 0.5119709968566895
Fin; energy prediction...time: 15.0178964138031
Egy stat [-23.02874, -16.47927, -20.271627, 0.81044775]
Start for  10_3_3 [13/105]
Fin;generate all combinations 160160 ...time: 0.3852827548980713
Fin; energy prediction...time: 20.71133065223694
Egy stat [-20.269226, -13.3951235, -17.230022, 0.8711043]
Start for  10_2_4 [14/105]
Fin;generate all combinations 120120 ...time: 0.589890718460083
Fin; energy prediction...time: 15.134106397628784
Egy stat [-17.874084, -10.625349, -14.734305, 0.86285657]
Start for  10_1_5 [15/105]
Fin;generate all combinations 48048 ...time: 0.09824681282043457
Fin; energy prediction...time: 6.286558628082275
Egy stat [-15.20804, -10.12048, -12.771229, 0.782074]
Start for  9_6_1 [16/105]
Fin;generate all combinations 80080 ...time: 0.2549934387207031
Fin; energy prediction...time: 10.218118667602539
Egy stat [-25.453838, -20.06417, -22.736683, 0.72811836]
Start for  9_5_2 [17/105]
Fin;generate all combinations 240240 ...time: 0.806175947189331
Fin; energy prediction...time: 29.908084392547607
Egy stat [-22.021729, -15.008837, -18.827223, 0.88470656]
Start for  9_4_3 [18/105]
Fin;generate all combinations 400400 ...time: 1.1863172054290771
Fin; energy prediction...time: 49.031580686569214
Egy stat [-19.249504, -10.435256, -15.475266, 0.9716781]
Start for  9_3_4 [19/105]
Fin;generate all combinations 400400 ...time: 1.541773796081543
Fin; energy prediction...time: 49.83504939079285
Egy stat [-16.706966, -7.322151, -12.665888, 0.98997515]
Start for  9_2_5 [20/105]
Fin;generate all combinations 240240 ...time: 0.4180760383605957
Fin; energy prediction...time: 29.901252031326294
Egy stat [-13.923174, -6.1454315, -10.385448, 0.9399655]
Start for  9_1_6 [21/105]
Fin;generate all combinations 80080 ...time: 0.17841649055480957
Fin; energy prediction...time: 10.398778200149536
Egy stat [-11.413475, -5.4672713, -8.617922, 0.816769]
Start for  8_7_1 [22/105]
Fin;generate all combinations 102960 ...time: 0.4868161678314209
Fin; energy prediction...time: 12.890377521514893
Egy stat [-25.219662, -19.164045, -21.84357, 0.7573087]
Start for  8_6_2 [23/105]
Fin;generate all combinations 360360 ...time: 1.2470221519470215
Fin; energy prediction...time: 44.17691254615784
Egy stat [-21.446426, -13.468002, -17.637543, 0.94008416]
Start for  8_5_3 [24/105]
Fin;generate all combinations 720720 ...time: 2.284719944000244
Fin; energy prediction...time: 88.84693050384521
Egy stat [-18.31468, -8.998869, -13.988666, 1.0524342]
Start for  8_4_4 [25/105]
Fin;generate all combinations 900900 ...time: 2.454866409301758
Fin; energy prediction...time: 110.27240347862244
Egy stat [-15.794661, -4.039775, -10.879583, 1.0958526]
Start for  8_3_5 [26/105]
Fin;generate all combinations 720720 ...time: 4.882363557815552
Fin; energy prediction...time: 89.7892336845398
Egy stat [-12.856102, -2.8673291, -8.295684, 1.0723178]
Start for  8_2_6 [27/105]
Fin;generate all combinations 360360 ...time: 2.2510902881622314
Fin; energy prediction...time: 45.5045108795166
Egy stat [-10.3155, -1.4991322, -6.220782, 0.9825865]
Start for  8_1_7 [28/105]
Fin;generate all combinations 102960 ...time: 0.21961355209350586
Fin; energy prediction...time: 13.163172483444214
Egy stat [-7.799328, -1.4676933, -4.634783, 0.8201327]
Start for  7_8_1 [29/105]
Fin;generate all combinations 102960 ...time: 0.18288087844848633
Fin; energy prediction...time: 13.302842378616333
Egy stat [-25.311398, -18.241951, -21.177902, 0.7701208]
Start for  7_7_2 [30/105]
Fin;generate all combinations 411840 ...time: 1.674250602722168
Fin; energy prediction...time: 50.65042972564697
Egy stat [-21.2274, -12.764036, -16.685177, 0.97838223]
Start for  7_6_3 [31/105]
Fin;generate all combinations 960960 ...time: 3.808572769165039
Fin; energy prediction...time: 117.02611351013184
Egy stat [-17.718863, -7.8766375, -12.751077, 1.1156154]
Start for  7_5_4 [32/105]
Fin;generate all combinations 1441440 ...time: 6.2946295738220215
Fin; energy prediction...time: 177.21608686447144
Egy stat [-14.770735, -3.0465374, -9.354962, 1.1836734]
Start for  7_4_5 [33/105]
Fin;generate all combinations 1441440 ...time: 7.68078088760376
Fin; energy prediction...time: 183.14684748649597
Egy stat [-11.94515, -0.19401836, -6.480616, 1.1851224]
Start for  7_3_6 [34/105]
Fin;generate all combinations 960960 ...time: 1.593428134918213
Fin; energy prediction...time: 121.8043200969696
Egy stat [-9.207605, 1.1528139, -4.111239, 1.1230562]
Start for  7_2_7 [35/105]
Fin;generate all combinations 411840 ...time: 0.708385705947876
Fin; energy prediction...time: 52.597036361694336
Egy stat [-6.694806, 2.1306114, -2.226678, 0.9986434]
Start for  7_1_8 [36/105]
Fin;generate all combinations 102960 ...time: 0.22941231727600098
Fin; energy prediction...time: 13.920922040939331
Egy stat [-4.4746957, 2.0341578, -0.8021907, 0.8031716]
Start for  6_9_1 [37/105]
Fin;generate all combinations 80080 ...time: 0.15760540962219238
Fin; energy prediction...time: 10.626898050308228
Egy stat [-24.449585, -18.18257, -20.726109, 0.76724076]
Start for  6_8_2 [38/105]
Fin;generate all combinations 360360 ...time: 1.5545849800109863
Fin; energy prediction...time: 44.581849336624146
Egy stat [-21.28273, -12.021742, -15.954084, 1.0006897]
Start for  6_7_3 [39/105]
Fin;generate all combinations 960960 ...time: 4.197319984436035
Fin; energy prediction...time: 118.71747708320618
Egy stat [-17.549934, -7.2483654, -11.744426, 1.1626874]
Start for  6_6_4 [40/105]
Fin;generate all combinations 1681680 ...time: 8.821200370788574
Fin; energy prediction...time: 205.230238199234
Egy stat [-14.274214, -1.9916067, -8.07235, 1.2554486]
Start for  6_5_5 [41/105]
Fin;generate all combinations 2018016 ...time: 9.233667850494385
Fin; energy prediction...time: 253.45582246780396
Egy stat [-11.080225, 1.0799713, -4.9193273, 1.2816894]
Start for  6_4_6 [42/105]
Fin;generate all combinations 1681680 ...time: 7.406067848205566
Fin; energy prediction...time: 209.32830500602722
Egy stat [-8.359861, 3.7925816, -2.2674906, 1.2453492]
Start for  6_3_7 [43/105]
Fin;generate all combinations 960960 ...time: 5.86155104637146
Fin; energy prediction...time: 119.52384805679321
Egy stat [-5.844635, 4.7530785, -0.09628112, 1.1508006]
Start for  6_2_8 [44/105]
Fin;generate all combinations 360360 ...time: 0.6718583106994629
Fin; energy prediction...time: 46.37548828125
Egy stat [-3.5122676, 5.890505, 1.6190735, 0.9992011]
Start for  6_1_9 [45/105]
Fin;generate all combinations 80080 ...time: 0.19225287437438965
Fin; energy prediction...time: 11.269825458526611
Egy stat [-0.49415493, 5.3092356, 2.9079893, 0.7790849]
Start for  5_10_1 [46/105]
Fin;generate all combinations 48048 ...time: 0.1069178581237793
Fin; energy prediction...time: 6.700958490371704
Egy stat [-23.740393, -17.890844, -20.476532, 0.7486386]
Start for  5_9_2 [47/105]
Fin;generate all combinations 240240 ...time: 0.7765350341796875
Fin; energy prediction...time: 30.786499738693237
Egy stat [-20.443468, -11.523339, -15.429931, 1.0073785]
Start for  5_8_3 [48/105]
Fin;generate all combinations 720720 ...time: 2.9937045574188232
Fin; energy prediction...time: 88.0613431930542
Egy stat [-17.60598, -6.139596, -10.952073, 1.1943737]
Start for  5_7_4 [49/105]
Fin;generate all combinations 1441440 ...time: 6.307309627532959
Fin; energy prediction...time: 176.73961400985718
Egy stat [-14.170616, -1.3857908, -7.013198, 1.3122734]
Start for  5_6_5 [50/105]
Fin;generate all combinations 2018016 ...time: 13.996381282806396
Fin; energy prediction...time: 252.21756625175476
Egy stat [-10.63121, 2.379799, -3.5917697, 1.3637948]
Start for  5_5_6 [51/105]
Fin;generate all combinations 2018016 ...time: 7.377911329269409
Fin; energy prediction...time: 255.87801003456116
Egy stat [-7.6579537, 5.307868, -0.66830623, 1.3529849]
Start for  5_4_7 [52/105]
Fin;generate all combinations 1441440 ...time: 2.597273349761963
Fin; energy prediction...time: 179.62529039382935
Egy stat [-5.1439385, 7.105604, 1.7785094, 1.2854187]
Start for  5_3_8 [53/105]
Fin;generate all combinations 720720 ...time: 1.347358226776123
Fin; energy prediction...time: 91.38138127326965
Egy stat [-2.7606564, 8.1888275, 3.773749, 1.1662124]
Start for  5_2_9 [54/105]
Fin;generate all combinations 240240 ...time: 1.9966282844543457
Fin; energy prediction...time: 30.526087045669556
Egy stat [0.58949757, 9.461824, 5.3468466, 0.99543923]
Start for  5_1_10 [55/105]
Fin;generate all combinations 48048 ...time: 0.14787888526916504
Fin; energy prediction...time: 7.408679008483887
Egy stat [3.3340902, 9.035151, 6.5315537, 0.7584608]
Start for  4_11_1 [56/105]
Fin;generate all combinations 21840 ...time: 0.05472922325134277
Fin; energy prediction...time: 3.718080520629883
Egy stat [-23.110687, -18.333708, -20.419674, 0.71359205]
Start for  4_10_2 [57/105]
Fin;generate all combinations 120120 ...time: 0.44842100143432617
Fin; energy prediction...time: 15.903608083724976
Egy stat [-19.797611, -10.96361, -15.10033, 0.9981353]
Start for  4_9_3 [58/105]
Fin;generate all combinations 400400 ...time: 1.642437219619751
Fin; energy prediction...time: 49.92657423019409
Egy stat [-16.486353, -5.9032507, -10.359137, 1.2106955]
Start for  4_8_4 [59/105]
Fin;generate all combinations 900900 ...time: 2.857306957244873
Fin; energy prediction...time: 115.11646294593811
Egy stat [-14.2584715, -0.014967918, -6.160484, 1.3544617]
Start for  4_7_5 [60/105]
Fin;generate all combinations 1441440 ...time: 7.121189832687378
Fin; energy prediction...time: 182.2874937057495
Egy stat [-10.469756, 3.3107004, -2.479126, 1.4321442]
Start for  4_6_6 [61/105]
Fin;generate all combinations 1681680 ...time: 7.014780044555664
Fin; energy prediction...time: 206.23513793945312
Egy stat [-7.183828, 6.879881, 0.70656544, 1.4475378]
Start for  4_5_7 [62/105]
Fin;generate all combinations 1441440 ...time: 6.553868770599365
Fin; energy prediction...time: 181.93073987960815
Egy stat [-4.5522466, 8.784235, 3.4190702, 1.4063905]
Start for  4_4_8 [63/105]
Fin;generate all combinations 900900 ...time: 5.0833611488342285
Fin; energy prediction...time: 112.84459233283997
Egy stat [-2.2559595, 10.557341, 5.6840553, 1.3153169]
Start for  4_3_9 [64/105]
Fin;generate all combinations 400400 ...time: 2.756150245666504
Fin; energy prediction...time: 51.54454326629639
Egy stat [1.4955149, 11.528702, 7.531205, 1.1786954]
Start for  4_2_10 [65/105]
Fin;generate all combinations 120120 ...time: 0.2920501232147217
Fin; energy prediction...time: 16.340136766433716
Egy stat [4.3878326, 13.138363, 8.994252, 0.9938402]
Start for  4_1_11 [66/105]
Fin;generate all combinations 21840 ...time: 0.06633734703063965
Fin; energy prediction...time: 3.5458462238311768
Egy stat [7.556841, 12.592285, 10.11076, 0.7428206]
Start for  3_12_1 [67/105]
Fin;generate all combinations 7280 ...time: 0.020960092544555664
Fin; energy prediction...time: 1.6661863327026367
Egy stat [-22.665966, -18.6829, -20.5484, 0.6606496]
Start for  3_11_2 [68/105]
Fin;generate all combinations 43680 ...time: 0.08239603042602539
Fin; energy prediction...time: 6.238945245742798
Egy stat [-18.78273, -11.480561, -14.955107, 0.97200716]
Start for  3_10_3 [69/105]
Fin;generate all combinations 160160 ...time: 0.6829369068145752
Fin; energy prediction...time: 20.649070739746094
Egy stat [-15.370045, -5.7524505, -9.952711, 1.2110344]
Start for  3_9_4 [70/105]
Fin;generate all combinations 400400 ...time: 1.5265941619873047
Fin; energy prediction...time: 50.00933384895325
Egy stat [-12.7175045, -0.008734703, -5.4989514, 1.3816469]
Start for  3_8_5 [71/105]
Fin;generate all combinations 720720 ...time: 2.8443262577056885
Fin; energy prediction...time: 89.1502742767334
Egy stat [-10.535239, 4.728073, -1.5641369, 1.4866259]
Start for  3_7_6 [72/105]
Fin;generate all combinations 960960 ...time: 5.3898022174835205
Fin; energy prediction...time: 119.21880221366882
Egy stat [-7.061571, 8.115498, 1.8760608, 1.5293542]
Start for  3_6_7 [73/105]
Fin;generate all combinations 960960 ...time: 6.112463712692261
Fin; energy prediction...time: 117.75537514686584
Egy stat [-4.1550317, 10.641762, 4.8456974, 1.5151954]
Start for  3_5_8 [74/105]
Fin;generate all combinations 720720 ...time: 2.8675897121429443
Fin; energy prediction...time: 91.32037234306335
Egy stat [-1.6768446, 12.478546, 7.3713493, 1.45103]
Start for  3_4_9 [75/105]
Fin;generate all combinations 400400 ...time: 1.9121286869049072
Fin; energy prediction...time: 51.20005488395691
Egy stat [2.2792826, 13.987478, 9.483223, 1.3428468]
Start for  3_3_10 [76/105]
Fin;generate all combinations 160160 ...time: 0.36118125915527344
Fin; energy prediction...time: 21.70824408531189
Egy stat [5.567459, 15.58429, 11.215251, 1.192046]
Start for  3_2_11 [77/105]
Fin;generate all combinations 43680 ...time: 0.1141209602355957
Fin; energy prediction...time: 6.89103102684021
Egy stat [8.942627, 16.474333, 12.604889, 0.9914293]
Start for  3_1_12 [78/105]
Fin;generate all combinations 7280 ...time: 0.02277994155883789
Fin; energy prediction...time: 1.8270611763000488
Egy stat [11.617937, 16.273935, 13.692956, 0.72030896]
Start for  2_13_1 [79/105]
Fin;generate all combinations 1680 ...time: 0.0058345794677734375
Fin; energy prediction...time: 1.0296833515167236
Egy stat [-22.29976, -19.60711, -20.858145, 0.5873748]
Start for  2_12_2 [80/105]
Fin;generate all combinations 10920 ...time: 0.0693519115447998
Fin; energy prediction...time: 2.3341541290283203
Egy stat [-18.069489, -11.917694, -14.986491, 0.9274084]
Start for  2_11_3 [81/105]
Fin;generate all combinations 43680 ...time: 0.20516467094421387
Fin; energy prediction...time: 6.51176381111145
Egy stat [-14.423792, -5.8581433, -9.722144, 1.1941984]
Start for  2_10_4 [82/105]
Fin;generate all combinations 120120 ...time: 0.502310037612915
Fin; energy prediction...time: 16.09139323234558
Egy stat [-11.31907, 0.08416653, -5.0153813, 1.39288]
Start for  2_9_5 [83/105]
Fin;generate all combinations 240240 ...time: 0.9645378589630127
Fin; energy prediction...time: 30.497703790664673
Egy stat [-8.752376, 4.788707, -0.8313642, 1.5264797]
Start for  2_8_6 [84/105]
Fin;generate all combinations 360360 ...time: 1.5869483947753906
Fin; energy prediction...time: 45.19807720184326
Egy stat [-7.143577, 9.616146, 2.8575182, 1.5979369]
Start for  2_7_7 [85/105]
Fin;generate all combinations 411840 ...time: 1.3615503311157227
Fin; energy prediction...time: 51.61900806427002
Egy stat [-3.9968352, 12.529007, 6.0773096, 1.6119256]
Start for  2_6_8 [86/105]
Fin;generate all combinations 360360 ...time: 1.338444709777832
Fin; energy prediction...time: 45.96113967895508
Egy stat [-1.3424749, 14.666029, 8.85583, 1.574918]
Start for  2_5_9 [87/105]
Fin;generate all combinations 240240 ...time: 1.000922679901123
Fin; energy prediction...time: 30.973050832748413
Egy stat [3.1172543, 16.142374, 11.224077, 1.4932604]
Start for  2_4_10 [88/105]
Fin;generate all combinations 120120 ...time: 0.2503035068511963
Fin; energy prediction...time: 15.897956609725952
Egy stat [6.61537, 18.096008, 13.216456, 1.3698872]
Start for  2_3_11 [89/105]
Fin;generate all combinations 43680 ...time: 0.290463924407959
Fin; energy prediction...time: 6.480340242385864
Egy stat [10.106007, 19.349266, 14.870553, 1.2009381]
Start for  2_2_12 [90/105]
Fin;generate all combinations 10920 ...time: 0.028112173080444336
Fin; energy prediction...time: 2.1455066204071045
Egy stat [13.2987995, 19.93264, 16.226915, 0.97362244]
Start for  2_1_13 [91/105]
Fin;generate all combinations 1680 ...time: 0.0054743289947509766
Fin; energy prediction...time: 1.020805835723877
Egy stat [15.989086, 19.052523, 17.329195, 0.6656351]
Start for  1_14_1 [92/105]
Fin;generate all combinations 240 ...time: 0.0015444755554199219
Fin; energy prediction...time: 0.8260972499847412
Egy stat [-22.206753, -20.518097, -21.347124, 0.4893793]
Start for  1_13_2 [93/105]
Fin;generate all combinations 1680 ...time: 0.0043010711669921875
Fin; energy prediction...time: 1.0012798309326172
Egy stat [-17.198164, -12.976635, -15.189348, 0.86200154]
Start for  1_12_3 [94/105]
Fin;generate all combinations 7280 ...time: 0.0178530216217041
Fin; energy prediction...time: 1.788133144378662
Egy stat [-13.430026, -5.9925275, -9.659231, 1.1584632]
Start for  1_11_4 [95/105]
Fin;generate all combinations 21840 ...time: 0.09254097938537598
Fin; energy prediction...time: 3.734198570251465
Egy stat [-10.142834, 0.16581345, -4.69883, 1.3867203]
Start for  1_10_5 [96/105]
Fin;generate all combinations 48048 ...time: 0.16422772407531738
Fin; energy prediction...time: 6.965266704559326
Egy stat [-6.982798, 4.8373976, -0.26743346, 1.5504384]
Start for  1_9_6 [97/105]
Fin;generate all combinations 80080 ...time: 0.4259042739868164
Fin; energy prediction...time: 10.678104639053345
Egy stat [-5.1038265, 9.632561, 3.666425, 1.6521897]
Start for  1_8_7 [98/105]
Fin;generate all combinations 102960 ...time: 0.49977922439575195
Fin; energy prediction...time: 13.607972621917725
Egy stat [-4.043095, 14.495987, 7.1312075, 1.6958174]
Start for  1_7_8 [99/105]
Fin;generate all combinations 102960 ...time: 0.616131067276001
Fin; energy prediction...time: 13.580331563949585
Egy stat [-1.2007685, 17.03258, 10.156285, 1.6870004]
Start for  1_6_9 [100/105]
Fin;generate all combinations 80080 ...time: 0.34073400497436523
Fin; energy prediction...time: 10.978659629821777
Egy stat [3.7205954, 18.064198, 12.773733, 1.6317846]
Start for  1_5_10 [101/105]
Fin;generate all combinations 48048 ...time: 0.22005605697631836
Fin; energy prediction...time: 7.491546154022217
Egy stat [7.736624, 20.297266, 15.018717, 1.5335821]
Start for  1_4_11 [102/105]
Fin;generate all combinations 21840 ...time: 0.05015444755554199
Fin; energy prediction...time: 3.7399256229400635
Egy stat [11.418608, 22.30046, 16.929237, 1.3898507]
Start for  1_3_12 [103/105]
Fin;generate all combinations 7280 ...time: 0.01756596565246582
Fin; energy prediction...time: 1.785583257675171
Egy stat [14.726599, 23.24062, 18.545832, 1.1898746]
Start for  1_2_13 [104/105]
Fin;generate all combinations 1680 ...time: 0.004438877105712891
Fin; energy prediction...time: 0.9978885650634766
Egy stat [18.002045, 22.314487, 19.911633, 0.9144599]
Start for  1_1_14 [105/105]
Fin;generate all combinations 240 ...time: 0.0012464523315429688
Fin; energy prediction...time: 0.8152422904968262
Egy stat [20.20789, 22.739296, 21.07299, 0.53730804]
Saving....
Saved to... K_GePbZn_Cl.pkl
Total elapsed time... 5612.663119316101
