Summary of calculations
Site name (A,B,C)... K Ge,Hg,Zn I
Base cif file name... ../0.cif
Save file name... K_GeHgZn_I.pkl
Fin; combination with repetition...time: 0.0018870830535888672
Start for  14_1_1 [1/105]
Fin;generate all combinations 240 ...time: 0.0006251335144042969
Fin; energy prediction...time: 0.20341777801513672
Egy stat [21.382484, 21.869175, 21.660126, 0.17343624]
Start for  13_2_1 [2/105]
Fin;generate all combinations 1680 ...time: 0.0034911632537841797
Fin; energy prediction...time: 0.37752294540405273
Egy stat [23.006699, 23.940945, 23.452898, 0.2789705]
Start for  13_1_2 [3/105]
Fin;generate all combinations 1680 ...time: 0.003874063491821289
Fin; energy prediction...time: 0.3659813404083252
Egy stat [26.95575, 28.148544, 27.575832, 0.2850211]
Start for  12_3_1 [4/105]
Fin;generate all combinations 7280 ...time: 0.01184391975402832
Fin; energy prediction...time: 1.2063353061676025
Egy stat [24.242222, 25.98019, 25.092999, 0.37489974]
Start for  12_2_2 [5/105]
Fin;generate all combinations 10920 ...time: 0.016628265380859375
Fin; energy prediction...time: 1.6015253067016602
Egy stat [28.393185, 30.255692, 29.249508, 0.37664753]
Start for  12_1_3 [6/105]
Fin;generate all combinations 7280 ...time: 0.06261324882507324
Fin; energy prediction...time: 1.1962180137634277
Egy stat [32.397537, 34.360977, 33.325157, 0.3599439]
Start for  11_4_1 [7/105]
Fin;generate all combinations 21840 ...time: 0.10109663009643555
Fin; energy prediction...time: 3.1071126461029053
Egy stat [25.491772, 27.953575, 26.565235, 0.45960754]
Start for  11_3_2 [8/105]
Fin;generate all combinations 43680 ...time: 0.11512160301208496
Fin; energy prediction...time: 5.648305177688599
Egy stat [29.701267, 32.238342, 30.758354, 0.4583431]
Start for  11_2_3 [9/105]
Fin;generate all combinations 43680 ...time: 0.14028501510620117
Fin; energy prediction...time: 5.647797107696533
Egy stat [33.730995, 36.24134, 34.874916, 0.44414985]
Start for  11_1_4 [10/105]
Fin;generate all combinations 21840 ...time: 0.05551791191101074
Fin; energy prediction...time: 3.029780864715576
Egy stat [37.808292, 40.30439, 38.918716, 0.40633795]
Start for  10_5_1 [11/105]
Fin;generate all combinations 48048 ...time: 0.1720104217529297
Fin; energy prediction...time: 6.257139444351196
Egy stat [26.442478, 29.952244, 27.859127, 0.5262658]
Start for  10_4_2 [12/105]
Fin;generate all combinations 120120 ...time: 0.34990477561950684
Fin; energy prediction...time: 14.855185270309448
Egy stat [30.696129, 34.285286, 32.089935, 0.52487147]
Start for  10_3_3 [13/105]
Fin;generate all combinations 160160 ...time: 0.5719897747039795
Fin; energy prediction...time: 20.031208992004395
Egy stat [34.928375, 38.282993, 36.248665, 0.51390326]
Start for  10_2_4 [14/105]
Fin;generate all combinations 120120 ...time: 0.36256957054138184
Fin; energy prediction...time: 15.23263669013977
Egy stat [38.933968, 42.31839, 40.339523, 0.48580313]
Start for  10_1_5 [15/105]
Fin;generate all combinations 48048 ...time: 0.09828996658325195
Fin; energy prediction...time: 6.426964282989502
Egy stat [43.096897, 45.884842, 44.367157, 0.43118924]
Start for  9_6_1 [16/105]
Fin;generate all combinations 80080 ...time: 0.23071932792663574
Fin; energy prediction...time: 10.042776107788086
Egy stat [27.256992, 31.880669, 28.97043, 0.5673254]
Start for  9_5_2 [17/105]
Fin;generate all combinations 240240 ...time: 0.972855806350708
Fin; energy prediction...time: 29.523118495941162
Egy stat [31.476868, 36.27461, 33.237846, 0.56922066]
Start for  9_4_3 [18/105]
Fin;generate all combinations 400400 ...time: 1.2252554893493652
Fin; energy prediction...time: 48.84428548812866
Egy stat [35.76956, 40.346962, 37.43788, 0.56360555]
Start for  9_3_4 [19/105]
Fin;generate all combinations 400400 ...time: 1.8211867809295654
Fin; energy prediction...time: 49.15916204452515
Egy stat [39.899593, 44.38998, 41.575054, 0.544789]
Start for  9_2_5 [20/105]
Fin;generate all combinations 240240 ...time: 0.9205479621887207
Fin; energy prediction...time: 30.96196413040161
Egy stat [44.010376, 47.721, 45.65438, 0.5066764]
Start for  9_1_6 [21/105]
Fin;generate all combinations 80080 ...time: 0.17672228813171387
Fin; energy prediction...time: 10.394574165344238
Egy stat [48.333637, 51.45044, 49.68106, 0.43974063]
Start for  8_7_1 [22/105]
Fin;generate all combinations 102960 ...time: 0.32483816146850586
Fin; energy prediction...time: 13.089169263839722
Egy stat [27.74096, 33.825138, 29.90226, 0.57736826]
Start for  8_6_2 [23/105]
Fin;generate all combinations 360360 ...time: 1.4331026077270508
Fin; energy prediction...time: 44.236430168151855
Egy stat [32.003277, 38.29071, 34.202976, 0.58552223]
Start for  8_5_3 [24/105]
Fin;generate all combinations 720720 ...time: 2.8498728275299072
Fin; energy prediction...time: 87.49737238883972
Egy stat [36.3684, 42.375347, 38.44127, 0.58756083]
Start for  8_4_4 [25/105]
Fin;generate all combinations 900900 ...time: 3.7903382778167725
Fin; energy prediction...time: 109.60776567459106
Egy stat [40.684196, 46.49703, 42.62181, 0.5788926]
Start for  8_3_5 [26/105]
Fin;generate all combinations 720720 ...time: 3.0355594158172607
Fin; energy prediction...time: 91.40058970451355
Egy stat [44.85336, 49.80391, 46.7499, 0.5552229]
Start for  8_2_6 [27/105]
Fin;generate all combinations 360360 ...time: 1.7766945362091064
Fin; energy prediction...time: 45.48569416999817
Egy stat [48.858315, 53.30372, 50.831112, 0.5109356]
Start for  8_1_7 [28/105]
Fin;generate all combinations 102960 ...time: 0.2240586280822754
Fin; energy prediction...time: 13.664882183074951
Egy stat [53.420715, 57.020523, 54.87101, 0.4356628]
Start for  7_8_1 [29/105]
Fin;generate all combinations 102960 ...time: 0.3812987804412842
Fin; energy prediction...time: 13.396631479263306
Egy stat [28.827053, 33.894665, 30.666012, 0.5549257]
Start for  7_7_2 [30/105]
Fin;generate all combinations 411840 ...time: 1.6025431156158447
Fin; energy prediction...time: 50.39240026473999
Egy stat [32.99845, 38.399254, 34.994488, 0.57125676]
Start for  7_6_3 [31/105]
Fin;generate all combinations 960960 ...time: 3.7033021450042725
Fin; energy prediction...time: 117.1324532032013
Egy stat [37.166367, 42.9613, 39.265778, 0.5825916]
Start for  7_5_4 [32/105]
Fin;generate all combinations 1441440 ...time: 5.038390636444092
Fin; energy prediction...time: 174.75032091140747
Egy stat [41.38643, 47.115414, 43.48459, 0.5848957]
Start for  7_4_5 [33/105]
Fin;generate all combinations 1441440 ...time: 7.347857713699341
Fin; energy prediction...time: 175.928631067276
Egy stat [45.593605, 51.324898, 47.656345, 0.57491744]
Start for  7_3_6 [34/105]
Fin;generate all combinations 960960 ...time: 4.834211826324463
Fin; energy prediction...time: 121.8807384967804
Egy stat [49.615513, 54.803314, 51.78686, 0.5490598]
Start for  7_2_7 [35/105]
Fin;generate all combinations 411840 ...time: 0.7768232822418213
Fin; energy prediction...time: 51.68172335624695
Egy stat [54.090324, 58.22484, 55.882114, 0.50171363]
Start for  7_1_8 [36/105]
Fin;generate all combinations 102960 ...time: 0.7663488388061523
Fin; energy prediction...time: 13.222792863845825
Egy stat [58.758873, 61.742958, 59.947777, 0.42139077]
Start for  6_9_1 [37/105]
Fin;generate all combinations 80080 ...time: 0.3368229866027832
Fin; energy prediction...time: 10.656673431396484
Egy stat [29.730324, 33.50926, 31.281906, 0.5034048]
Start for  6_8_2 [38/105]
Fin;generate all combinations 360360 ...time: 1.2392115592956543
Fin; energy prediction...time: 44.29236960411072
Egy stat [33.822674, 38.391006, 35.630543, 0.52853346]
Start for  6_7_3 [39/105]
Fin;generate all combinations 960960 ...time: 3.7107203006744385
Fin; energy prediction...time: 117.34215021133423
Egy stat [37.989246, 42.977623, 39.927452, 0.5497194]
Start for  6_6_4 [40/105]
Fin;generate all combinations 1681680 ...time: 5.79626989364624
Fin; energy prediction...time: 206.5452916622162
Egy stat [42.117596, 47.64517, 44.177296, 0.56306547]
Start for  6_5_5 [41/105]
Fin;generate all combinations 2018016 ...time: 7.3307507038116455
Fin; energy prediction...time: 256.72386050224304
Egy stat [46.26688, 51.87927, 48.385487, 0.5659016]
Start for  6_4_6 [42/105]
Fin;generate all combinations 1681680 ...time: 2.857064962387085
Fin; energy prediction...time: 215.4777431488037
Egy stat [50.378235, 56.187416, 52.557983, 0.55580634]
Start for  6_3_7 [43/105]
Fin;generate all combinations 960960 ...time: 5.619871616363525
Fin; energy prediction...time: 119.57498240470886
Egy stat [54.51693, 59.678146, 56.701008, 0.52952313]
Start for  6_2_8 [44/105]
Fin;generate all combinations 360360 ...time: 2.185528039932251
Fin; energy prediction...time: 46.29321002960205
Egy stat [59.201622, 63.308838, 60.82069, 0.48127666]
Start for  6_1_9 [45/105]
Fin;generate all combinations 80080 ...time: 0.21013450622558594
Fin; energy prediction...time: 10.721554040908813
Egy stat [63.907867, 66.53991, 64.92256, 0.39849097]
Start for  5_10_1 [46/105]
Fin;generate all combinations 48048 ...time: 0.10652327537536621
Fin; energy prediction...time: 6.662621259689331
Egy stat [30.519047, 33.294483, 31.779362, 0.4310744]
Start for  5_9_2 [47/105]
Fin;generate all combinations 240240 ...time: 0.8661823272705078
Fin; energy prediction...time: 30.19093108177185
Egy stat [34.633003, 38.073677, 36.138756, 0.4643501]
Start for  5_8_3 [48/105]
Fin;generate all combinations 720720 ...time: 2.923990249633789
Fin; energy prediction...time: 88.08316040039062
Egy stat [38.686775, 42.824707, 40.452026, 0.4947398]
Start for  5_7_4 [49/105]
Fin;generate all combinations 1441440 ...time: 6.898665904998779
Fin; energy prediction...time: 175.17993640899658
Egy stat [42.722218, 47.31469, 44.723694, 0.518139]
Start for  5_6_5 [50/105]
Fin;generate all combinations 2018016 ...time: 10.983299732208252
Fin; energy prediction...time: 245.38844990730286
Egy stat [46.775826, 52.042973, 48.9591, 0.5321634]
Start for  5_5_6 [51/105]
Fin;generate all combinations 2018016 ...time: 7.779420375823975
Fin; energy prediction...time: 247.43525528907776
Egy stat [50.914837, 56.413345, 53.164204, 0.535121]
Start for  5_4_7 [52/105]
Fin;generate all combinations 1441440 ...time: 5.983277320861816
Fin; energy prediction...time: 181.1694004535675
Egy stat [55.07579, 60.88237, 57.345375, 0.5251272]
Start for  5_3_8 [53/105]
Fin;generate all combinations 720720 ...time: 4.789819955825806
Fin; energy prediction...time: 88.80891990661621
Egy stat [59.481354, 64.33829, 61.509064, 0.49911794]
Start for  5_2_9 [54/105]
Fin;generate all combinations 240240 ...time: 1.7073323726654053
Fin; energy prediction...time: 30.766338348388672
Egy stat [64.24393, 67.82311, 65.66127, 0.45118964]
Start for  5_1_10 [55/105]
Fin;generate all combinations 48048 ...time: 0.13066363334655762
Fin; energy prediction...time: 7.08254861831665
Egy stat [68.89389, 71.201035, 69.80729, 0.36797526]
Start for  4_11_1 [56/105]
Fin;generate all combinations 21840 ...time: 0.05396080017089844
Fin; energy prediction...time: 3.3423967361450195
Egy stat [31.149593, 33.301712, 32.197006, 0.34948412]
Start for  4_10_2 [57/105]
Fin;generate all combinations 120120 ...time: 0.20992302894592285
Fin; energy prediction...time: 15.532572031021118
Egy stat [35.251625, 38.092976, 36.556374, 0.38929304]
Start for  4_9_3 [58/105]
Fin;generate all combinations 400400 ...time: 1.590362310409546
Fin; energy prediction...time: 50.047693967819214
Egy stat [39.350983, 42.700676, 40.875214, 0.42722225]
Start for  4_8_4 [59/105]
Fin;generate all combinations 900900 ...time: 3.16302227973938
Fin; energy prediction...time: 110.3881664276123
Egy stat [43.315914, 47.463142, 45.157875, 0.45867828]
Start for  4_7_5 [60/105]
Fin;generate all combinations 1441440 ...time: 5.927313566207886
Fin; energy prediction...time: 174.8411602973938
Egy stat [47.473793, 51.706146, 49.409508, 0.4813907]
Start for  4_6_6 [61/105]
Fin;generate all combinations 1681680 ...time: 8.03951120376587
Fin; energy prediction...time: 206.42535543441772
Egy stat [51.38577, 56.452538, 53.636017, 0.49415046]
Start for  4_5_7 [62/105]
Fin;generate all combinations 1441440 ...time: 6.233685255050659
Fin; energy prediction...time: 177.41425919532776
Egy stat [55.704697, 60.967117, 57.843807, 0.49596435]
Start for  4_4_8 [63/105]
Fin;generate all combinations 900900 ...time: 5.009099721908569
Fin; energy prediction...time: 113.46176815032959
Egy stat [59.61271, 65.604645, 62.039513, 0.48533386]
Start for  4_3_9 [64/105]
Fin;generate all combinations 400400 ...time: 0.7961537837982178
Fin; energy prediction...time: 50.44929814338684
Egy stat [64.39471, 69.01163, 66.22956, 0.45939013]
Start for  4_2_10 [65/105]
Fin;generate all combinations 120120 ...time: 0.26434898376464844
Fin; energy prediction...time: 16.082348346710205
Egy stat [69.20996, 72.46131, 70.41979, 0.41230378]
Start for  4_1_11 [66/105]
Fin;generate all combinations 21840 ...time: 0.06188178062438965
Fin; energy prediction...time: 3.732491970062256
Egy stat [73.82282, 75.796394, 74.61496, 0.33045766]
Start for  3_12_1 [67/105]
Fin;generate all combinations 7280 ...time: 0.02003931999206543
Fin; energy prediction...time: 1.731372594833374
Egy stat [31.893753, 33.244514, 32.582344, 0.2686597]
Start for  3_11_2 [68/105]
Fin;generate all combinations 43680 ...time: 0.08203840255737305
Fin; energy prediction...time: 6.253443002700806
Egy stat [35.965374, 37.93528, 36.93013, 0.31332698]
Start for  3_10_3 [69/105]
Fin;generate all combinations 160160 ...time: 0.5878925323486328
Fin; energy prediction...time: 20.53803586959839
Egy stat [39.979057, 42.54889, 41.24271, 0.35683393]
Start for  3_9_4 [70/105]
Fin;generate all combinations 400400 ...time: 1.578162431716919
Fin; energy prediction...time: 49.695828676223755
Egy stat [43.947475, 47.128536, 45.524277, 0.39390796]
Start for  3_8_5 [71/105]
Fin;generate all combinations 720720 ...time: 3.843552589416504
Fin; energy prediction...time: 88.820720911026
Egy stat [47.783264, 51.682743, 49.779793, 0.4223592]
Start for  3_7_6 [72/105]
Fin;generate all combinations 960960 ...time: 4.7228617668151855
Fin; energy prediction...time: 119.04890584945679
Egy stat [52.031944, 56.189842, 54.015022, 0.44135264]
Start for  3_6_7 [73/105]
Fin;generate all combinations 960960 ...time: 5.849763631820679
Fin; energy prediction...time: 120.56655883789062
Egy stat [55.983482, 60.561317, 58.236305, 0.4505262]
Start for  3_5_8 [74/105]
Fin;generate all combinations 720720 ...time: 3.1455256938934326
Fin; energy prediction...time: 89.49260449409485
Egy stat [60.063995, 65.010605, 62.45038, 0.44940174]
Start for  3_4_9 [75/105]
Fin;generate all combinations 400400 ...time: 2.4078471660614014
Fin; energy prediction...time: 51.04449272155762
Egy stat [64.59833, 69.33597, 66.663956, 0.43683395]
Start for  3_3_10 [76/105]
Fin;generate all combinations 160160 ...time: 0.3348104953765869
Fin; energy prediction...time: 20.813141584396362
Egy stat [69.34205, 72.95831, 70.88337, 0.4102791]
Start for  3_2_11 [77/105]
Fin;generate all combinations 43680 ...time: 0.3373744487762451
Fin; energy prediction...time: 6.17671537399292
Egy stat [74.03266, 76.64725, 75.114075, 0.36433274]
Start for  3_1_12 [78/105]
Fin;generate all combinations 7280 ...time: 0.02241230010986328
Fin; energy prediction...time: 1.7300114631652832
Egy stat [78.79007, 80.182686, 79.36022, 0.28592572]
Start for  2_13_1 [79/105]
Fin;generate all combinations 1680 ...time: 0.0057294368743896484
Fin; energy prediction...time: 0.947101354598999
Egy stat [32.574234, 33.54867, 32.990936, 0.18771248]
Start for  2_12_2 [80/105]
Fin;generate all combinations 10920 ...time: 0.06899070739746094
Fin; energy prediction...time: 2.1301491260528564
Egy stat [36.6793, 38.149334, 37.315647, 0.23813023]
Start for  2_11_3 [81/105]
Fin;generate all combinations 43680 ...time: 0.19295144081115723
Fin; energy prediction...time: 6.233574867248535
Egy stat [40.749733, 42.7129, 41.60986, 0.2867832]
Start for  2_10_4 [82/105]
Fin;generate all combinations 120120 ...time: 0.5264904499053955
Fin; energy prediction...time: 15.620452642440796
Egy stat [44.706577, 47.23531, 45.87766, 0.32793877]
Start for  2_9_5 [83/105]
Fin;generate all combinations 240240 ...time: 0.996497392654419
Fin; energy prediction...time: 30.522242546081543
Egy stat [48.50874, 51.68184, 50.123856, 0.35979426]
Start for  2_8_6 [84/105]
Fin;generate all combinations 360360 ...time: 1.2563292980194092
Fin; energy prediction...time: 46.15714740753174
Egy stat [52.302402, 56.128212, 54.354008, 0.38197646]
Start for  2_7_7 [85/105]
Fin;generate all combinations 411840 ...time: 1.3776919841766357
Fin; energy prediction...time: 51.42439889907837
Egy stat [56.41973, 60.28115, 58.574383, 0.39465544]
Start for  2_6_8 [86/105]
Fin;generate all combinations 360360 ...time: 1.3071393966674805
Fin; energy prediction...time: 46.14472818374634
Egy stat [60.60334, 64.690704, 62.791775, 0.39808515]
Start for  2_5_9 [87/105]
Fin;generate all combinations 240240 ...time: 1.1469004154205322
Fin; energy prediction...time: 30.592368841171265
Egy stat [65.06517, 68.83297, 67.01314, 0.39224046]
Start for  2_4_10 [88/105]
Fin;generate all combinations 120120 ...time: 0.2512552738189697
Fin; energy prediction...time: 16.024836778640747
Egy stat [69.642456, 73.1372, 71.24516, 0.376421]
Start for  2_3_11 [89/105]
Fin;generate all combinations 43680 ...time: 0.09647154808044434
Fin; energy prediction...time: 6.222925901412964
Egy stat [74.31497, 76.98247, 75.493904, 0.3486713]
Start for  2_2_12 [90/105]
Fin;generate all combinations 10920 ...time: 0.02783989906311035
Fin; energy prediction...time: 2.3464274406433105
Egy stat [78.95718, 80.91887, 79.76435, 0.30452904]
Start for  2_1_13 [91/105]
Fin;generate all combinations 1680 ...time: 0.006036996841430664
Fin; energy prediction...time: 0.9685153961181641
Egy stat [83.6619, 84.6492, 84.05994, 0.23261964]
Start for  1_14_1 [92/105]
Fin;generate all combinations 240 ...time: 0.0014629364013671875
Fin; energy prediction...time: 0.7271082401275635
Egy stat [33.331192, 33.641052, 33.485294, 0.08436323]
Start for  1_13_2 [93/105]
Fin;generate all combinations 1680 ...time: 0.004149436950683594
Fin; energy prediction...time: 0.9565255641937256
Egy stat [37.37917, 38.167606, 37.776455, 0.15456213]
Start for  1_12_3 [94/105]
Fin;generate all combinations 7280 ...time: 0.016611337661743164
Fin; energy prediction...time: 1.7481763362884521
Egy stat [41.387268, 42.66433, 42.040787, 0.21234529]
Start for  1_11_4 [95/105]
Fin;generate all combinations 21840 ...time: 0.09527778625488281
Fin; energy prediction...time: 3.533907413482666
Egy stat [45.4171, 47.096397, 46.28236, 0.25799093]
Start for  1_10_5 [96/105]
Fin;generate all combinations 48048 ...time: 0.17142963409423828
Fin; energy prediction...time: 6.844388246536255
Egy stat [49.461533, 51.502, 50.50585, 0.29202732]
Start for  1_9_6 [97/105]
Fin;generate all combinations 80080 ...time: 0.43712711334228516
Fin; energy prediction...time: 10.637823581695557
Egy stat [53.395462, 56.00508, 54.71672, 0.31515852]
Start for  1_8_7 [98/105]
Fin;generate all combinations 102960 ...time: 0.5695223808288574
Fin; energy prediction...time: 13.708518981933594
Egy stat [57.38594, 60.400978, 58.921154, 0.32821313]
Start for  1_7_8 [99/105]
Fin;generate all combinations 102960 ...time: 0.42368650436401367
Fin; energy prediction...time: 13.495506525039673
Egy stat [61.49501, 64.45894, 63.125946, 0.33205414]
Start for  1_6_9 [100/105]
Fin;generate all combinations 80080 ...time: 0.3385608196258545
Fin; energy prediction...time: 10.668799877166748
Egy stat [65.916084, 68.583565, 67.33821, 0.3274439]
Start for  1_5_10 [101/105]
Fin;generate all combinations 48048 ...time: 0.25282812118530273
Fin; energy prediction...time: 6.727776765823364
Egy stat [70.40868, 72.73149, 71.56501, 0.31486645]
Start for  1_4_11 [102/105]
Fin;generate all combinations 21840 ...time: 0.04995107650756836
Fin; energy prediction...time: 3.4569737911224365
Egy stat [74.87778, 76.830505, 75.81297, 0.29429382]
Start for  1_3_12 [103/105]
Fin;generate all combinations 7280 ...time: 0.017496347427368164
Fin; energy prediction...time: 1.6916859149932861
Egy stat [79.36649, 80.844154, 80.08779, 0.26480922]
Start for  1_2_13 [104/105]
Fin;generate all combinations 1680 ...time: 0.004438638687133789
Fin; energy prediction...time: 0.9666485786437988
Egy stat [83.883064, 84.96522, 84.39386, 0.22372216]
Start for  1_1_14 [105/105]
Fin;generate all combinations 240 ...time: 0.0011067390441894531
Fin; energy prediction...time: 0.7600703239440918
Egy stat [88.51999, 88.98464, 88.733864, 0.16323824]
Saving....
Saved to... K_GeHgZn_I.pkl
Total elapsed time... 5567.636310815811
