Summary of calculations
Site name (A,B,C)... K Ge,Hg,Sn Cl
Base cif file name... ../0.cif
Save file name... K_GeHgSn_Cl.pkl
Fin; combination with repetition...time: 0.0017771720886230469
Start for  14_1_1 [1/105]
Fin;generate all combinations 240 ...time: 0.000621795654296875
Fin; energy prediction...time: 0.18552589416503906
Egy stat [-35.500664, -35.031006, -35.2096, 0.1268358]
Start for  13_2_1 [2/105]
Fin;generate all combinations 1680 ...time: 0.003391742706298828
Fin; energy prediction...time: 0.47154855728149414
Egy stat [-34.365635, -33.616394, -34.00015, 0.16916308]
Start for  13_1_2 [3/105]
Fin;generate all combinations 1680 ...time: 0.0037970542907714844
Fin; energy prediction...time: 0.3809633255004883
Egy stat [-33.662525, -32.7845, -33.16337, 0.18248953]
Start for  12_3_1 [4/105]
Fin;generate all combinations 7280 ...time: 0.012195587158203125
Fin; energy prediction...time: 1.1176724433898926
Egy stat [-33.460453, -32.24523, -32.817398, 0.20386896]
Start for  12_2_2 [5/105]
Fin;generate all combinations 10920 ...time: 0.017078161239624023
Fin; energy prediction...time: 1.6432604789733887
Egy stat [-32.716965, -31.448658, -32.081146, 0.21647155]
Start for  12_1_3 [6/105]
Fin;generate all combinations 7280 ...time: 0.0527193546295166
Fin; energy prediction...time: 1.1115670204162598
Egy stat [-31.971645, -30.660517, -31.270836, 0.23302837]
Start for  11_4_1 [7/105]
Fin;generate all combinations 21840 ...time: 0.07526493072509766
Fin; energy prediction...time: 3.0528204441070557
Egy stat [-32.407932, -30.851011, -31.699026, 0.25509024]
Start for  11_3_2 [8/105]
Fin;generate all combinations 43680 ...time: 0.12333846092224121
Fin; energy prediction...time: 5.5226030349731445
Egy stat [-31.686165, -30.135323, -31.01526, 0.23826046]
Start for  11_2_3 [9/105]
Fin;generate all combinations 43680 ...time: 0.1498889923095703
Fin; energy prediction...time: 5.6665143966674805
Egy stat [-31.172918, -29.385384, -30.303001, 0.25821698]
Start for  11_1_4 [10/105]
Fin;generate all combinations 21840 ...time: 0.05057835578918457
Fin; energy prediction...time: 3.1506400108337402
Egy stat [-30.606604, -28.671432, -29.525692, 0.27468956]
Start for  10_5_1 [11/105]
Fin;generate all combinations 48048 ...time: 0.17460846900939941
Fin; energy prediction...time: 6.37211012840271
Egy stat [-31.56044, -29.476358, -30.675468, 0.31608346]
Start for  10_4_2 [12/105]
Fin;generate all combinations 120120 ...time: 0.4708268642425537
Fin; energy prediction...time: 14.894041061401367
Egy stat [-30.941763, -28.843046, -30.00165, 0.269282]
Start for  10_3_3 [13/105]
Fin;generate all combinations 160160 ...time: 0.6021687984466553
Fin; energy prediction...time: 19.972719430923462
Egy stat [-30.245125, -28.339405, -29.341366, 0.27112362]
Start for  10_2_4 [14/105]
Fin;generate all combinations 120120 ...time: 0.40424466133117676
Fin; energy prediction...time: 15.26782751083374
Egy stat [-29.918062, -27.56167, -28.659798, 0.29299664]
Start for  10_1_5 [15/105]
Fin;generate all combinations 48048 ...time: 0.0977480411529541
Fin; energy prediction...time: 6.479355096817017
Egy stat [-29.202381, -26.951159, -27.921244, 0.30675355]
Start for  9_6_1 [16/105]
Fin;generate all combinations 80080 ...time: 0.22634124755859375
Fin; energy prediction...time: 10.239048480987549
Egy stat [-30.941046, -28.145193, -29.766582, 0.36564457]
Start for  9_5_2 [17/105]
Fin;generate all combinations 240240 ...time: 0.6507232189178467
Fin; energy prediction...time: 29.85312533378601
Egy stat [-30.078661, -27.709475, -29.069765, 0.31173855]
Start for  9_4_3 [18/105]
Fin;generate all combinations 400400 ...time: 1.414489507675171
Fin; energy prediction...time: 50.303226470947266
Egy stat [-29.562555, -27.058426, -28.42017, 0.2888317]
Start for  9_3_4 [19/105]
Fin;generate all combinations 400400 ...time: 1.744067907333374
Fin; energy prediction...time: 49.60789465904236
Egy stat [-29.034224, -26.583694, -27.790207, 0.3002512]
Start for  9_2_5 [20/105]
Fin;generate all combinations 240240 ...time: 1.022613525390625
Fin; energy prediction...time: 30.770211458206177
Egy stat [-28.536922, -25.846558, -27.145273, 0.32021815]
Start for  9_1_6 [21/105]
Fin;generate all combinations 80080 ...time: 0.18008089065551758
Fin; energy prediction...time: 10.876877307891846
Egy stat [-28.078197, -25.325516, -26.450533, 0.3291576]
Start for  8_7_1 [22/105]
Fin;generate all combinations 102960 ...time: 0.3329474925994873
Fin; energy prediction...time: 12.86579966545105
Egy stat [-30.176226, -27.072168, -28.979403, 0.3859963]
Start for  8_6_2 [23/105]
Fin;generate all combinations 360360 ...time: 1.2879822254180908
Fin; energy prediction...time: 44.16998910903931
Egy stat [-29.591843, -26.430168, -28.239252, 0.3497568]
Start for  8_5_3 [24/105]
Fin;generate all combinations 720720 ...time: 2.510512351989746
Fin; energy prediction...time: 88.91266441345215
Egy stat [-28.785444, -26.16992, -27.567915, 0.31788772]
Start for  8_4_4 [25/105]
Fin;generate all combinations 900900 ...time: 2.867135524749756
Fin; energy prediction...time: 110.97618079185486
Egy stat [-28.281286, -25.331806, -26.94955, 0.30988187]
Start for  8_3_5 [26/105]
Fin;generate all combinations 720720 ...time: 3.041548490524292
Fin; energy prediction...time: 90.01254343986511
Egy stat [-27.783756, -25.07016, -26.356009, 0.32413432]
Start for  8_2_6 [27/105]
Fin;generate all combinations 360360 ...time: 1.8332703113555908
Fin; energy prediction...time: 45.75457215309143
Egy stat [-27.52508, -24.184238, -25.752935, 0.3394503]
Start for  8_1_7 [28/105]
Fin;generate all combinations 102960 ...time: 0.21741533279418945
Fin; energy prediction...time: 13.29543399810791
Egy stat [-27.232645, -23.808, -25.106466, 0.34191003]
Start for  7_8_1 [29/105]
Fin;generate all combinations 102960 ...time: 0.190047025680542
Fin; energy prediction...time: 13.179345846176147
Egy stat [-29.474314, -25.850193, -28.307163, 0.36918747]
Start for  7_7_2 [30/105]
Fin;generate all combinations 411840 ...time: 1.5836801528930664
Fin; energy prediction...time: 50.26181507110596
Egy stat [-28.847017, -25.499916, -27.517664, 0.3661766]
Start for  7_6_3 [31/105]
Fin;generate all combinations 960960 ...time: 3.9409828186035156
Fin; energy prediction...time: 118.59774899482727
Egy stat [-28.219982, -25.110157, -26.80409, 0.3476435]
Start for  7_5_4 [32/105]
Fin;generate all combinations 1441440 ...time: 5.178738594055176
Fin; energy prediction...time: 177.16466975212097
Egy stat [-27.522982, -24.470259, -26.165424, 0.33024225]
Start for  7_4_5 [33/105]
Fin;generate all combinations 1441440 ...time: 8.443440675735474
Fin; energy prediction...time: 180.86872911453247
Egy stat [-27.03112, -23.98043, -25.584526, 0.32917458]
Start for  7_3_6 [34/105]
Fin;generate all combinations 960960 ...time: 1.6383914947509766
Fin; energy prediction...time: 120.63205409049988
Egy stat [-26.824144, -23.640858, -25.032776, 0.34153014]
Start for  7_2_7 [35/105]
Fin;generate all combinations 411840 ...time: 0.771437406539917
Fin; energy prediction...time: 52.05707883834839
Egy stat [-26.735645, -22.932648, -24.476152, 0.35020652]
Start for  7_1_8 [36/105]
Fin;generate all combinations 102960 ...time: 0.22911715507507324
Fin; energy prediction...time: 13.586486101150513
Egy stat [-26.601713, -22.292156, -23.881845, 0.34488615]
Start for  6_9_1 [37/105]
Fin;generate all combinations 80080 ...time: 0.4235668182373047
Fin; energy prediction...time: 10.414178371429443
Egy stat [-28.562826, -25.994728, -27.72953, 0.3198303]
Start for  6_8_2 [38/105]
Fin;generate all combinations 360360 ...time: 1.59674072265625
Fin; energy prediction...time: 44.59140467643738
Egy stat [-28.238964, -24.251575, -26.899351, 0.3530303]
Start for  6_7_3 [39/105]
Fin;generate all combinations 960960 ...time: 3.5467429161071777
Fin; energy prediction...time: 117.80282425880432
Egy stat [-27.666685, -24.018612, -26.13678, 0.36275145]
Start for  6_6_4 [40/105]
Fin;generate all combinations 1681680 ...time: 6.721997022628784
Fin; energy prediction...time: 203.94186115264893
Egy stat [-27.00344, -23.390326, -25.457129, 0.35471117]
Start for  6_5_5 [41/105]
Fin;generate all combinations 2018016 ...time: 10.65419054031372
Fin; energy prediction...time: 246.57761144638062
Egy stat [-26.482018, -23.105154, -24.85752, 0.34429982]
Start for  6_4_6 [42/105]
Fin;generate all combinations 1681680 ...time: 6.226454257965088
Fin; energy prediction...time: 210.4639401435852
Egy stat [-26.07471, -22.514282, -24.319618, 0.34406704]
Start for  6_3_7 [43/105]
Fin;generate all combinations 960960 ...time: 4.619696855545044
Fin; energy prediction...time: 120.31921100616455
Egy stat [-26.052633, -22.17857, -23.814365, 0.3512779]
Start for  6_2_8 [44/105]
Fin;generate all combinations 360360 ...time: 2.2693817615509033
Fin; energy prediction...time: 45.13698625564575
Egy stat [-26.128212, -21.431973, -23.308228, 0.35186526]
Start for  6_1_9 [45/105]
Fin;generate all combinations 80080 ...time: 0.20958542823791504
Fin; energy prediction...time: 11.983500242233276
Egy stat [-24.878525, -21.522251, -22.76948, 0.33774564]
Start for  5_10_1 [46/105]
Fin;generate all combinations 48048 ...time: 0.28600239753723145
Fin; energy prediction...time: 6.697604417800903
Egy stat [-28.098635, -25.785793, -27.213747, 0.25895813]
Start for  5_9_2 [47/105]
Fin;generate all combinations 240240 ...time: 0.944282054901123
Fin; energy prediction...time: 29.959982872009277
Egy stat [-27.38229, -24.373127, -26.365551, 0.31639206]
Start for  5_8_3 [48/105]
Fin;generate all combinations 720720 ...time: 2.6792712211608887
Fin; energy prediction...time: 90.55111742019653
Egy stat [-27.11429, -22.874666, -25.561453, 0.3557639]
Start for  5_7_4 [49/105]
Fin;generate all combinations 1441440 ...time: 6.467567205429077
Fin; energy prediction...time: 176.34767723083496
Egy stat [-26.548254, -22.424095, -24.8333, 0.37011942]
Start for  5_6_5 [50/105]
Fin;generate all combinations 2018016 ...time: 8.553793907165527
Fin; energy prediction...time: 255.89430594444275
Egy stat [-25.897614, -22.049828, -24.194157, 0.3656636]
Start for  5_5_6 [51/105]
Fin;generate all combinations 2018016 ...time: 8.879574060440063
Fin; energy prediction...time: 252.7759006023407
Egy stat [-25.541718, -21.669924, -23.639317, 0.35613886]
Start for  5_4_7 [52/105]
Fin;generate all combinations 1441440 ...time: 7.723303318023682
Fin; energy prediction...time: 177.95659255981445
Egy stat [-25.318611, -21.092102, -23.149235, 0.35240284]
Start for  5_3_8 [53/105]
Fin;generate all combinations 720720 ...time: 4.4535346031188965
Fin; energy prediction...time: 89.23000311851501
Egy stat [-25.491735, -20.714321, -22.694592, 0.35223952]
Start for  5_2_9 [54/105]
Fin;generate all combinations 240240 ...time: 0.5478699207305908
Fin; energy prediction...time: 30.876248359680176
Egy stat [-24.43914, -20.758255, -22.242462, 0.34365976]
Start for  5_1_10 [55/105]
Fin;generate all combinations 48048 ...time: 0.1397693157196045
Fin; energy prediction...time: 6.8968939781188965
Egy stat [-23.371613, -20.698547, -21.762268, 0.31990504]
Start for  4_11_1 [56/105]
Fin;generate all combinations 21840 ...time: 0.055715084075927734
Fin; energy prediction...time: 3.639821767807007
Egy stat [-27.348763, -25.66346, -26.716497, 0.2261414]
Start for  4_10_2 [57/105]
Fin;generate all combinations 120120 ...time: 0.41969799995422363
Fin; energy prediction...time: 15.375509262084961
Egy stat [-26.869432, -24.114803, -25.885412, 0.28039014]
Start for  4_9_3 [58/105]
Fin;generate all combinations 400400 ...time: 1.8075196743011475
Fin; energy prediction...time: 49.31714940071106
Egy stat [-26.269308, -22.997189, -25.060936, 0.33379313]
Start for  4_8_4 [59/105]
Fin;generate all combinations 900900 ...time: 3.7355141639709473
Fin; energy prediction...time: 110.33225989341736
Egy stat [-26.144009, -21.235699, -24.290554, 0.36965507]
Start for  4_7_5 [60/105]
Fin;generate all combinations 1441440 ...time: 7.588948011398315
Fin; energy prediction...time: 176.71602988243103
Egy stat [-25.531647, -21.115772, -23.603613, 0.38205478]
Start for  4_6_6 [61/105]
Fin;generate all combinations 1681680 ...time: 10.808488368988037
Fin; energy prediction...time: 205.4185013771057
Egy stat [-25.00422, -20.548967, -23.010859, 0.3757559]
Start for  4_5_7 [62/105]
Fin;generate all combinations 1441440 ...time: 8.405256509780884
Fin; energy prediction...time: 178.41292071342468
Egy stat [-24.8518, -20.320072, -22.505762, 0.36265594]
Start for  4_4_8 [63/105]
Fin;generate all combinations 900900 ...time: 4.012064456939697
Fin; energy prediction...time: 114.29761123657227
Egy stat [-24.791437, -19.564766, -22.067743, 0.35241696]
Start for  4_3_9 [64/105]
Fin;generate all combinations 400400 ...time: 0.7816178798675537
Fin; energy prediction...time: 51.41304612159729
Egy stat [-23.829231, -20.063057, -21.667318, 0.34331504]
Start for  4_2_10 [65/105]
Fin;generate all combinations 120120 ...time: 0.2878556251525879
Fin; energy prediction...time: 16.458345413208008
Egy stat [-22.966871, -19.932953, -21.272247, 0.32471702]
Start for  4_1_11 [66/105]
Fin;generate all combinations 21840 ...time: 0.06701803207397461
Fin; energy prediction...time: 3.771657943725586
Egy stat [-22.043352, -19.881447, -20.853243, 0.29054382]
Start for  3_12_1 [67/105]
Fin;generate all combinations 7280 ...time: 0.020658254623413086
Fin; energy prediction...time: 1.8616902828216553
Egy stat [-26.99567, -24.946552, -26.1861, 0.2443806]
Start for  3_11_2 [68/105]
Fin;generate all combinations 43680 ...time: 0.13942551612854004
Fin; energy prediction...time: 6.480511665344238
Egy stat [-26.150316, -23.996273, -25.41766, 0.28034028]
Start for  3_10_3 [69/105]
Fin;generate all combinations 160160 ...time: 0.6738908290863037
Fin; energy prediction...time: 20.669776439666748
Egy stat [-25.80629, -22.710224, -24.60626, 0.32087997]
Start for  3_9_4 [70/105]
Fin;generate all combinations 400400 ...time: 1.541407823562622
Fin; energy prediction...time: 50.0103325843811
Egy stat [-25.269438, -21.371403, -23.813272, 0.3605699]
Start for  3_8_5 [71/105]
Fin;generate all combinations 720720 ...time: 2.962987184524536
Fin; energy prediction...time: 91.18189263343811
Egy stat [-25.150686, -19.974098, -23.083588, 0.38721883]
Start for  3_7_6 [72/105]
Fin;generate all combinations 960960 ...time: 3.576799154281616
Fin; energy prediction...time: 118.27365303039551
Egy stat [-24.562502, -19.637405, -22.443954, 0.39326632]
Start for  3_6_7 [73/105]
Fin;generate all combinations 960960 ...time: 4.952807903289795
Fin; energy prediction...time: 119.86023902893066
Egy stat [-24.333456, -19.218204, -21.902794, 0.38133192]
Start for  3_5_8 [74/105]
Fin;generate all combinations 720720 ...time: 2.946749687194824
Fin; energy prediction...time: 89.33085656166077
Egy stat [-23.773426, -18.853603, -21.451826, 0.36156034]
Start for  3_4_9 [75/105]
Fin;generate all combinations 400400 ...time: 2.344176769256592
Fin; energy prediction...time: 50.960670948028564
Egy stat [-23.161095, -19.025972, -21.069544, 0.34273487]
Start for  3_3_10 [76/105]
Fin;generate all combinations 160160 ...time: 0.3495304584503174
Fin; energy prediction...time: 21.295828342437744
Egy stat [-22.379929, -19.391642, -20.726439, 0.32354018]
Start for  3_2_11 [77/105]
Fin;generate all combinations 43680 ...time: 0.1105656623840332
Fin; energy prediction...time: 6.897720098495483
Egy stat [-21.639088, -19.267044, -20.391129, 0.29416195]
Start for  3_1_12 [78/105]
Fin;generate all combinations 7280 ...time: 0.1183781623840332
Fin; energy prediction...time: 1.936697244644165
Egy stat [-20.941584, -19.160751, -20.035646, 0.24862452]
Start for  2_13_1 [79/105]
Fin;generate all combinations 1680 ...time: 0.00667262077331543
Fin; energy prediction...time: 1.2014024257659912
Egy stat [-26.185722, -24.750679, -25.564854, 0.27298003]
Start for  2_12_2 [80/105]
Fin;generate all combinations 10920 ...time: 0.0226132869720459
Fin; energy prediction...time: 2.314065933227539
Egy stat [-25.856539, -23.294983, -24.912638, 0.32236195]
Start for  2_11_3 [81/105]
Fin;generate all combinations 43680 ...time: 0.14795374870300293
Fin; energy prediction...time: 6.293824195861816
Egy stat [-25.006006, -22.548859, -24.158178, 0.3448008]
Start for  2_10_4 [82/105]
Fin;generate all combinations 120120 ...time: 0.48256707191467285
Fin; energy prediction...time: 15.737375020980835
Egy stat [-24.731022, -21.027504, -23.374367, 0.36509693]
Start for  2_9_5 [83/105]
Fin;generate all combinations 240240 ...time: 1.0322794914245605
Fin; energy prediction...time: 30.03116226196289
Egy stat [-24.250652, -20.080212, -22.620056, 0.38811648]
Start for  2_8_6 [84/105]
Fin;generate all combinations 360360 ...time: 1.7710623741149902
Fin; energy prediction...time: 44.9328076839447
Egy stat [-24.238213, -18.457624, -21.937407, 0.4029009]
Start for  2_7_7 [85/105]
Fin;generate all combinations 411840 ...time: 1.5322377681732178
Fin; energy prediction...time: 54.288713216781616
Egy stat [-23.44662, -18.335182, -21.350517, 0.39997995]
Start for  2_6_8 [86/105]
Fin;generate all combinations 360360 ...time: 1.4049303531646729
Fin; energy prediction...time: 45.143287897109985
Egy stat [-22.759205, -17.722172, -20.865532, 0.37993476]
Start for  2_5_9 [87/105]
Fin;generate all combinations 240240 ...time: 1.0830810070037842
Fin; energy prediction...time: 30.956993341445923
Egy stat [-22.192955, -18.284834, -20.472498, 0.3514031]
Start for  2_4_10 [88/105]
Fin;generate all combinations 120120 ...time: 0.2577662467956543
Fin; energy prediction...time: 16.460342407226562
Egy stat [-21.690775, -18.389046, -20.149113, 0.3225237]
Start for  2_3_11 [89/105]
Fin;generate all combinations 43680 ...time: 0.09790945053100586
Fin; energy prediction...time: 6.382659912109375
Egy stat [-21.096798, -18.700447, -19.866049, 0.29233038]
Start for  2_2_12 [90/105]
Fin;generate all combinations 10920 ...time: 0.02792644500732422
Fin; energy prediction...time: 2.468893527984619
Egy stat [-20.524563, -18.49199, -19.592875, 0.25136462]
Start for  2_1_13 [91/105]
Fin;generate all combinations 1680 ...time: 0.00590062141418457
Fin; energy prediction...time: 1.1630616188049316
Egy stat [-19.832432, -18.803822, -19.303022, 0.19288243]
Start for  1_14_1 [92/105]
Fin;generate all combinations 240 ...time: 0.0025064945220947266
Fin; energy prediction...time: 0.8914997577667236
Egy stat [-25.157127, -23.90469, -24.79122, 0.24964139]
Start for  1_13_2 [93/105]
Fin;generate all combinations 1680 ...time: 0.0036287307739257812
Fin; energy prediction...time: 1.150282621383667
Egy stat [-25.035778, -23.081501, -24.314451, 0.36851797]
Start for  1_12_3 [94/105]
Fin;generate all combinations 7280 ...time: 0.01683807373046875
Fin; energy prediction...time: 1.90582275390625
Egy stat [-24.678574, -21.875568, -23.669043, 0.40482348]
Start for  1_11_4 [95/105]
Fin;generate all combinations 21840 ...time: 0.047308921813964844
Fin; energy prediction...time: 3.518352746963501
Egy stat [-23.870174, -20.847635, -22.93661, 0.4058505]
Start for  1_10_5 [96/105]
Fin;generate all combinations 48048 ...time: 0.2575197219848633
Fin; energy prediction...time: 6.9178626537323
Egy stat [-23.663137, -19.749573, -22.187777, 0.4053416]
Start for  1_9_6 [97/105]
Fin;generate all combinations 80080 ...time: 0.4020049571990967
Fin; energy prediction...time: 10.756013631820679
Egy stat [-23.192844, -18.542854, -21.478727, 0.4114081]
Start for  1_8_7 [98/105]
Fin;generate all combinations 102960 ...time: 0.3625187873840332
Fin; energy prediction...time: 13.4222891330719
Egy stat [-22.609299, -17.16243, -20.84883, 0.41331634]
Start for  1_7_8 [99/105]
Fin;generate all combinations 102960 ...time: 0.4184243679046631
Fin; energy prediction...time: 13.712360382080078
Egy stat [-21.886253, -16.857506, -20.31951, 0.40002242]
Start for  1_6_9 [100/105]
Fin;generate all combinations 80080 ...time: 0.3853733539581299
Fin; energy prediction...time: 10.683403730392456
Egy stat [-21.262173, -17.269611, -19.894684, 0.3704023]
Start for  1_5_10 [101/105]
Fin;generate all combinations 48048 ...time: 0.24352478981018066
Fin; energy prediction...time: 6.740184545516968
Egy stat [-20.738039, -17.78372, -19.562862, 0.33182842]
Start for  1_4_11 [102/105]
Fin;generate all combinations 21840 ...time: 0.13892459869384766
Fin; energy prediction...time: 3.6253504753112793
Egy stat [-20.270405, -17.906052, -19.301119, 0.2919533]
Start for  1_3_12 [103/105]
Fin;generate all combinations 7280 ...time: 0.01787090301513672
Fin; energy prediction...time: 1.828042984008789
Egy stat [-19.843613, -18.146223, -19.080458, 0.25012386]
Start for  1_2_13 [104/105]
Fin;generate all combinations 1680 ...time: 0.00537109375
Fin; energy prediction...time: 1.1473519802093506
Egy stat [-19.324856, -18.184546, -18.871538, 0.19668522]
Start for  1_1_14 [105/105]
Fin;generate all combinations 240 ...time: 0.0020525455474853516
Fin; energy prediction...time: 0.9395132064819336
Egy stat [-18.856007, -18.442408, -18.649235, 0.12152188]
Saving....
Saved to... K_GeHgSn_Cl.pkl
Total elapsed time... 5593.78702712059
