Summary of calculations
Site name (A,B,C)... K Ge,Sn,Zn I
Base cif file name... ../0.cif
Save file name... K_GeSnZn_I.pkl
Fin; combination with repetition...time: 0.0015869140625
Start for  14_1_1 [1/105]
Fin;generate all combinations 240 ...time: 0.0006208419799804688
Fin; energy prediction...time: 0.2315843105316162
Egy stat [18.935555, 19.440031, 19.18089, 0.13890369]
Start for  13_2_1 [2/105]
Fin;generate all combinations 1680 ...time: 0.003664255142211914
Fin; energy prediction...time: 0.3963179588317871
Egy stat [17.947634, 19.143154, 18.491528, 0.2247962]
Start for  13_1_2 [3/105]
Fin;generate all combinations 1680 ...time: 0.004040718078613281
Fin; energy prediction...time: 0.42902660369873047
Egy stat [24.636318, 25.899574, 25.160059, 0.25766218]
Start for  12_3_1 [4/105]
Fin;generate all combinations 7280 ...time: 0.012555837631225586
Fin; energy prediction...time: 1.190683364868164
Egy stat [16.798664, 18.468971, 17.669853, 0.29715464]
Start for  12_2_2 [5/105]
Fin;generate all combinations 10920 ...time: 0.016875743865966797
Fin; energy prediction...time: 1.6862974166870117
Egy stat [23.621887, 25.763615, 24.437288, 0.33364913]
Start for  12_1_3 [6/105]
Fin;generate all combinations 7280 ...time: 0.052446842193603516
Fin; energy prediction...time: 1.198695182800293
Egy stat [30.164246, 32.087578, 30.98126, 0.33333847]
Start for  11_4_1 [7/105]
Fin;generate all combinations 21840 ...time: 0.0749671459197998
Fin; energy prediction...time: 3.12465763092041
Egy stat [15.399109, 17.755075, 16.72188, 0.3569497]
Start for  11_3_2 [8/105]
Fin;generate all combinations 43680 ...time: 0.12498211860656738
Fin; energy prediction...time: 5.743940591812134
Egy stat [22.40203, 25.015476, 23.591045, 0.4038917]
Start for  11_2_3 [9/105]
Fin;generate all combinations 43680 ...time: 0.15444064140319824
Fin; energy prediction...time: 5.75446629524231
Egy stat [29.061905, 32.028053, 30.228525, 0.40754727]
Start for  11_1_4 [10/105]
Fin;generate all combinations 21840 ...time: 0.05286693572998047
Fin; energy prediction...time: 3.2237346172332764
Egy stat [35.585453, 38.341946, 36.657425, 0.37640882]
Start for  10_5_1 [11/105]
Fin;generate all combinations 48048 ...time: 0.1766517162322998
Fin; energy prediction...time: 6.159026145935059
Egy stat [14.019104, 16.881977, 15.654386, 0.40424737]
Start for  10_4_2 [12/105]
Fin;generate all combinations 120120 ...time: 0.4794611930847168
Fin; energy prediction...time: 15.322800397872925
Egy stat [20.897879, 24.316917, 22.627214, 0.4654509]
Start for  10_3_3 [13/105]
Fin;generate all combinations 160160 ...time: 0.4307081699371338
Fin; energy prediction...time: 20.153529405593872
Egy stat [27.826965, 31.422565, 29.360645, 0.47841886]
Start for  10_2_4 [14/105]
Fin;generate all combinations 120120 ...time: 0.6410925388336182
Fin; energy prediction...time: 15.06967830657959
Egy stat [34.4211, 38.359253, 35.879135, 0.45066932]
Start for  10_1_5 [15/105]
Fin;generate all combinations 48048 ...time: 0.09682297706604004
Fin; energy prediction...time: 6.240759611129761
Egy stat [41.116318, 43.807182, 42.20084, 0.395438]
Start for  9_6_1 [16/105]
Fin;generate all combinations 80080 ...time: 0.22772455215454102
Fin; energy prediction...time: 10.198465585708618
Egy stat [12.368149, 16.067863, 14.474866, 0.4389706]
Start for  9_5_2 [17/105]
Fin;generate all combinations 240240 ...time: 0.9157111644744873
Fin; energy prediction...time: 29.641021490097046
Egy stat [19.393934, 23.54321, 21.552351, 0.51695853]
Start for  9_4_3 [18/105]
Fin;generate all combinations 400400 ...time: 1.2467503547668457
Fin; energy prediction...time: 49.48416566848755
Egy stat [26.221794, 30.9184, 28.383356, 0.5424705]
Start for  9_3_4 [19/105]
Fin;generate all combinations 400400 ...time: 1.6841285228729248
Fin; energy prediction...time: 50.530163049697876
Egy stat [33.09704, 37.941513, 34.993378, 0.52297926]
Start for  9_2_5 [20/105]
Fin;generate all combinations 240240 ...time: 0.42695140838623047
Fin; energy prediction...time: 30.39808988571167
Egy stat [39.79365, 43.778137, 41.402336, 0.47032133]
Start for  9_1_6 [21/105]
Fin;generate all combinations 80080 ...time: 0.17684149742126465
Fin; energy prediction...time: 10.274556398391724
Egy stat [46.338745, 49.318317, 47.623, 0.39697105]
Start for  8_7_1 [22/105]
Fin;generate all combinations 102960 ...time: 0.34490394592285156
Fin; energy prediction...time: 13.310763597488403
Egy stat [10.608339, 14.940119, 13.191461, 0.46102655]
Start for  8_6_2 [23/105]
Fin;generate all combinations 360360 ...time: 1.277543306350708
Fin; energy prediction...time: 45.93354678153992
Egy stat [17.682886, 22.815506, 20.373667, 0.5576181]
Start for  8_5_3 [24/105]
Fin;generate all combinations 720720 ...time: 2.862619400024414
Fin; energy prediction...time: 89.21373462677002
Egy stat [24.683151, 30.043102, 27.302982, 0.5979001]
Start for  8_4_4 [25/105]
Fin;generate all combinations 900900 ...time: 3.8157875537872314
Fin; energy prediction...time: 113.18585729598999
Egy stat [31.451809, 37.611397, 34.005707, 0.589546]
Start for  8_3_5 [26/105]
Fin;generate all combinations 720720 ...time: 3.1852054595947266
Fin; energy prediction...time: 90.70026588439941
Egy stat [38.494858, 43.287098, 40.50331, 0.54431754]
Start for  8_2_6 [27/105]
Fin;generate all combinations 360360 ...time: 0.6356236934661865
Fin; energy prediction...time: 45.463176250457764
Egy stat [44.98032, 49.27145, 46.810574, 0.47289303]
Start for  8_1_7 [28/105]
Fin;generate all combinations 102960 ...time: 0.22852349281311035
Fin; energy prediction...time: 13.811202049255371
Egy stat [51.508274, 54.721703, 52.934685, 0.38581643]
Start for  7_8_1 [29/105]
Fin;generate all combinations 102960 ...time: 0.38016438484191895
Fin; energy prediction...time: 13.187686681747437
Egy stat [8.826088, 13.830383, 11.8129, 0.4703141]
Start for  7_7_2 [30/105]
Fin;generate all combinations 411840 ...time: 1.4979970455169678
Fin; energy prediction...time: 51.06926226615906
Egy stat [15.988874, 21.57029, 19.098948, 0.58688045]
Start for  7_6_3 [31/105]
Fin;generate all combinations 960960 ...time: 3.3099424839019775
Fin; energy prediction...time: 118.20007419586182
Egy stat [23.00515, 29.181541, 26.1264, 0.6436037]
Start for  7_5_4 [32/105]
Fin;generate all combinations 1441440 ...time: 5.077934741973877
Fin; energy prediction...time: 182.01468658447266
Egy stat [29.944855, 36.603794, 32.922188, 0.64832926]
Start for  7_4_5 [33/105]
Fin;generate all combinations 1441440 ...time: 4.743582010269165
Fin; energy prediction...time: 178.75728249549866
Egy stat [36.893024, 42.616165, 39.509098, 0.6132447]
Start for  7_3_6 [34/105]
Fin;generate all combinations 960960 ...time: 4.09854793548584
Fin; energy prediction...time: 120.5187315940857
Egy stat [43.738136, 48.305557, 45.90373, 0.5488641]
Start for  7_2_7 [35/105]
Fin;generate all combinations 411840 ...time: 2.7065412998199463
Fin; energy prediction...time: 52.78375816345215
Egy stat [50.163692, 54.291702, 52.11555, 0.46342456]
Start for  7_1_8 [36/105]
Fin;generate all combinations 102960 ...time: 0.23993134498596191
Fin; energy prediction...time: 14.476540327072144
Egy stat [56.669876, 60.170753, 58.146072, 0.36542043]
Start for  6_9_1 [37/105]
Fin;generate all combinations 80080 ...time: 0.3648512363433838
Fin; energy prediction...time: 11.219157934188843
Egy stat [7.8696175, 12.123129, 10.348444, 0.46668223]
Start for  6_8_2 [38/105]
Fin;generate all combinations 360360 ...time: 1.4617056846618652
Fin; energy prediction...time: 45.420745611190796
Egy stat [14.242491, 20.381643, 17.736555, 0.6043139]
Start for  6_7_3 [39/105]
Fin;generate all combinations 960960 ...time: 3.362590789794922
Fin; energy prediction...time: 118.30935072898865
Egy stat [21.366142, 27.972355, 24.861078, 0.6787984]
Start for  6_6_4 [40/105]
Fin;generate all combinations 1681680 ...time: 6.8442254066467285
Fin; energy prediction...time: 206.8564510345459
Egy stat [28.265598, 35.640156, 31.74943, 0.6980555]
Start for  6_5_5 [41/105]
Fin;generate all combinations 2018016 ...time: 9.469917058944702
Fin; energy prediction...time: 246.9869167804718
Egy stat [35.440113, 41.65959, 38.425465, 0.6748541]
Start for  6_4_6 [42/105]
Fin;generate all combinations 1681680 ...time: 9.953629493713379
Fin; energy prediction...time: 209.282057762146
Egy stat [42.218166, 47.69344, 44.907578, 0.62018836]
Start for  6_3_7 [43/105]
Fin;generate all combinations 960960 ...time: 4.842627048492432
Fin; energy prediction...time: 120.31832242012024
Egy stat [48.91012, 53.665024, 51.207302, 0.5419574]
Start for  6_2_8 [44/105]
Fin;generate all combinations 360360 ...time: 2.313783884048462
Fin; energy prediction...time: 46.46805548667908
Egy stat [55.25753, 59.690704, 57.328476, 0.44575953]
Start for  6_1_9 [45/105]
Fin;generate all combinations 80080 ...time: 0.19290661811828613
Fin; energy prediction...time: 10.96757173538208
Egy stat [62.07367, 64.96183, 63.267063, 0.33822355]
Start for  5_10_1 [46/105]
Fin;generate all combinations 48048 ...time: 0.10776257514953613
Fin; energy prediction...time: 6.928644418716431
Egy stat [6.672056, 10.426346, 8.807825, 0.44984096]
Start for  5_9_2 [47/105]
Fin;generate all combinations 240240 ...time: 0.5986373424530029
Fin; energy prediction...time: 30.264708757400513
Egy stat [13.367964, 18.778444, 16.29536, 0.60952663]
Start for  5_8_3 [48/105]
Fin;generate all combinations 720720 ...time: 2.8403193950653076
Fin; energy prediction...time: 88.54032778739929
Egy stat [19.530079, 26.790176, 23.515013, 0.70285845]
Start for  5_7_4 [49/105]
Fin;generate all combinations 1441440 ...time: 6.381190538406372
Fin; energy prediction...time: 180.16131901741028
Egy stat [26.588238, 34.40428, 30.494493, 0.73780817]
Start for  5_6_5 [50/105]
Fin;generate all combinations 2018016 ...time: 10.410354614257812
Fin; energy prediction...time: 249.54908561706543
Egy stat [33.70937, 40.74437, 37.25872, 0.7277547]
Start for  5_5_6 [51/105]
Fin;generate all combinations 2018016 ...time: 13.591627836227417
Fin; energy prediction...time: 251.0528426170349
Egy stat [40.755165, 46.78475, 43.82763, 0.684403]
Start for  5_4_7 [52/105]
Fin;generate all combinations 1441440 ...time: 6.842729091644287
Fin; energy prediction...time: 182.98679447174072
Egy stat [47.469402, 53.081917, 50.214745, 0.6160841]
Start for  5_3_8 [53/105]
Fin;generate all combinations 720720 ...time: 1.3783867359161377
Fin; energy prediction...time: 92.68455934524536
Egy stat [54.01519, 59.140198, 56.426167, 0.52783585]
Start for  5_2_9 [54/105]
Fin;generate all combinations 240240 ...time: 0.5098321437835693
Fin; energy prediction...time: 30.677222728729248
Egy stat [60.75199, 64.5087, 62.460228, 0.42278868]
Start for  5_1_10 [55/105]
Fin;generate all combinations 48048 ...time: 0.1395549774169922
Fin; energy prediction...time: 6.891356706619263
Egy stat [67.38026, 69.759026, 68.30748, 0.30594328]
Start for  4_11_1 [56/105]
Fin;generate all combinations 21840 ...time: 0.05560612678527832
Fin; energy prediction...time: 3.367823362350464
Egy stat [5.5599785, 8.517805, 7.2011886, 0.41919753]
Start for  4_10_2 [57/105]
Fin;generate all combinations 120120 ...time: 0.32886481285095215
Fin; energy prediction...time: 15.466700553894043
Egy stat [12.097059, 17.219784, 14.784739, 0.602113]
Start for  4_9_3 [58/105]
Fin;generate all combinations 400400 ...time: 1.458056926727295
Fin; energy prediction...time: 50.14242744445801
Egy stat [18.703608, 25.043884, 22.096699, 0.71523696]
Start for  4_8_4 [59/105]
Fin;generate all combinations 900900 ...time: 3.6267614364624023
Fin; energy prediction...time: 111.85014009475708
Egy stat [24.776653, 33.270035, 29.165054, 0.7668442]
Start for  4_7_5 [60/105]
Fin;generate all combinations 1441440 ...time: 7.282477617263794
Fin; energy prediction...time: 181.74373483657837
Egy stat [31.947514, 39.378147, 36.015617, 0.7709492]
Start for  4_6_6 [61/105]
Fin;generate all combinations 1681680 ...time: 6.5487706661224365
Fin; energy prediction...time: 208.0005521774292
Egy stat [39.06927, 46.000454, 42.66983, 0.74002683]
Start for  4_5_7 [62/105]
Fin;generate all combinations 1441440 ...time: 5.51768159866333
Fin; energy prediction...time: 180.21755599975586
Egy stat [46.0728, 52.24656, 49.143097, 0.6831286]
Start for  4_4_8 [63/105]
Fin;generate all combinations 900900 ...time: 5.139684200286865
Fin; energy prediction...time: 113.76086187362671
Egy stat [52.617905, 58.725914, 55.4437, 0.6055948]
Start for  4_3_9 [64/105]
Fin;generate all combinations 400400 ...time: 2.3163647651672363
Fin; energy prediction...time: 51.23853302001953
Egy stat [59.4506, 64.05722, 61.57228, 0.5097764]
Start for  4_2_10 [65/105]
Fin;generate all combinations 120120 ...time: 0.28341078758239746
Fin; energy prediction...time: 15.893675088882446
Egy stat [66.070564, 69.474785, 67.52174, 0.39664885]
Start for  4_1_11 [66/105]
Fin;generate all combinations 21840 ...time: 0.0724637508392334
Fin; energy prediction...time: 3.562481641769409
Egy stat [72.54909, 74.375626, 73.27755, 0.26973334]
Start for  3_12_1 [67/105]
Fin;generate all combinations 7280 ...time: 0.021524429321289062
Fin; energy prediction...time: 1.5656261444091797
Egy stat [4.3590746, 6.6551704, 5.539049, 0.37352604]
Start for  3_11_2 [68/105]
Fin;generate all combinations 43680 ...time: 0.15343093872070312
Fin; energy prediction...time: 6.093441486358643
Egy stat [11.206913, 15.269091, 13.214489, 0.5816029]
Start for  3_10_3 [69/105]
Fin;generate all combinations 160160 ...time: 0.7267231941223145
Fin; energy prediction...time: 20.175142765045166
Egy stat [17.67585, 23.010078, 20.615152, 0.7154251]
Start for  3_9_4 [70/105]
Fin;generate all combinations 400400 ...time: 1.759291648864746
Fin; energy prediction...time: 49.92174553871155
Egy stat [24.058662, 31.296638, 27.769281, 0.7845092]
Start for  3_8_5 [71/105]
Fin;generate all combinations 720720 ...time: 3.341266632080078
Fin; energy prediction...time: 88.46647453308105
Egy stat [30.122559, 38.240185, 34.703495, 0.8036264]
Start for  3_7_6 [72/105]
Fin;generate all combinations 960960 ...time: 4.557744026184082
Fin; energy prediction...time: 118.9284815788269
Egy stat [37.267876, 44.81601, 41.440636, 0.78602093]
Start for  3_6_7 [73/105]
Fin;generate all combinations 960960 ...time: 3.552126884460449
Fin; energy prediction...time: 119.72797751426697
Egy stat [44.309925, 51.44136, 47.99799, 0.74154955]
Start for  3_5_8 [74/105]
Fin;generate all combinations 720720 ...time: 3.7686100006103516
Fin; energy prediction...time: 90.48183178901672
Egy stat [51.261948, 57.820107, 54.38593, 0.67617625]
Start for  3_4_9 [75/105]
Fin;generate all combinations 400400 ...time: 0.8536026477813721
Fin; energy prediction...time: 51.537018060684204
Egy stat [58.064606, 63.589973, 60.60744, 0.59238213]
Start for  3_3_10 [76/105]
Fin;generate all combinations 160160 ...time: 0.35473012924194336
Fin; energy prediction...time: 21.109243392944336
Egy stat [64.71283, 68.99445, 66.65766, 0.49021506]
Start for  3_2_11 [77/105]
Fin;generate all combinations 43680 ...time: 0.11051774024963379
Fin; energy prediction...time: 6.236181020736694
Egy stat [71.3347, 74.10698, 72.52434, 0.36882746]
Start for  3_1_12 [78/105]
Fin;generate all combinations 7280 ...time: 0.022699356079101562
Fin; energy prediction...time: 1.7199671268463135
Egy stat [77.64581, 79.00325, 78.18831, 0.23011358]
Start for  2_13_1 [79/105]
Fin;generate all combinations 1680 ...time: 0.006348133087158203
Fin; energy prediction...time: 0.8861956596374512
Egy stat [3.084834, 4.4865694, 3.8322272, 0.31012833]
Start for  2_12_2 [80/105]
Fin;generate all combinations 10920 ...time: 0.023239612579345703
Fin; energy prediction...time: 2.0935633182525635
Egy stat [10.07872, 13.368488, 11.594829, 0.54741615]
Start for  2_11_3 [81/105]
Fin;generate all combinations 43680 ...time: 0.13939738273620605
Fin; energy prediction...time: 6.111863374710083
Egy stat [16.704742, 21.238272, 19.07987, 0.7029387]
Start for  2_10_4 [82/105]
Fin;generate all combinations 120120 ...time: 0.43099522590637207
Fin; energy prediction...time: 15.644835233688354
Egy stat [23.178802, 29.376896, 26.31583, 0.79019994]
Start for  2_9_5 [83/105]
Fin;generate all combinations 240240 ...time: 1.1491265296936035
Fin; energy prediction...time: 29.889092206954956
Egy stat [29.546616, 36.4226, 33.330154, 0.825062]
Start for  2_8_6 [84/105]
Fin;generate all combinations 360360 ...time: 1.5447819232940674
Fin; energy prediction...time: 45.443544149398804
Egy stat [35.43494, 43.6984, 40.14705, 0.8215442]
Start for  2_7_7 [85/105]
Fin;generate all combinations 411840 ...time: 2.3412487506866455
Fin; energy prediction...time: 51.15340185165405
Egy stat [42.492535, 50.49093, 46.78555, 0.79030347]
Start for  2_6_8 [86/105]
Fin;generate all combinations 360360 ...time: 1.864670991897583
Fin; energy prediction...time: 45.45029592514038
Egy stat [49.526443, 57.067947, 53.25822, 0.7380256]
Start for  2_5_9 [87/105]
Fin;generate all combinations 240240 ...time: 1.1193435192108154
Fin; energy prediction...time: 30.877304792404175
Egy stat [56.64167, 62.629944, 59.57022, 0.66763985]
Start for  2_4_10 [88/105]
Fin;generate all combinations 120120 ...time: 0.7204129695892334
Fin; energy prediction...time: 16.416696071624756
Egy stat [63.41574, 68.56498, 65.719086, 0.57916564]
Start for  2_3_11 [89/105]
Fin;generate all combinations 43680 ...time: 0.10595226287841797
Fin; energy prediction...time: 6.788839340209961
Egy stat [69.98304, 73.818794, 71.69476, 0.4708231]
Start for  2_2_12 [90/105]
Fin;generate all combinations 10920 ...time: 0.02874898910522461
Fin; energy prediction...time: 2.3685693740844727
Egy stat [76.435616, 78.901566, 77.48017, 0.3401617]
Start for  2_1_13 [91/105]
Fin;generate all combinations 1680 ...time: 0.005712032318115234
Fin; energy prediction...time: 0.9915196895599365
Egy stat [82.67851, 83.577736, 83.052086, 0.18642195]
Start for  1_14_1 [92/105]
Fin;generate all combinations 240 ...time: 0.0014472007751464844
Fin; energy prediction...time: 0.7288134098052979
Egy stat [1.7247171, 2.3832579, 2.0918033, 0.22162685]
Start for  1_13_2 [93/105]
Fin;generate all combinations 1680 ...time: 0.0037393569946289062
Fin; energy prediction...time: 0.9572775363922119
Egy stat [8.89378, 11.138695, 9.9363165, 0.4988377]
Start for  1_12_3 [94/105]
Fin;generate all combinations 7280 ...time: 0.017595529556274414
Fin; energy prediction...time: 1.839205265045166
Egy stat [15.7032585, 19.630598, 17.500774, 0.67735344]
Start for  1_11_4 [95/105]
Fin;generate all combinations 21840 ...time: 0.1020517349243164
Fin; energy prediction...time: 3.514019012451172
Egy stat [22.255745, 27.747437, 24.81392, 0.7833666]
Start for  1_10_5 [96/105]
Fin;generate all combinations 48048 ...time: 0.2823669910430908
Fin; energy prediction...time: 6.89084792137146
Egy stat [28.882881, 34.66228, 31.904005, 0.83457965]
Start for  1_9_6 [97/105]
Fin;generate all combinations 80080 ...time: 0.38741278648376465
Fin; energy prediction...time: 10.818565845489502
Egy stat [34.90344, 41.987885, 38.796566, 0.84584135]
Start for  1_8_7 [98/105]
Fin;generate all combinations 102960 ...time: 0.3698904514312744
Fin; energy prediction...time: 13.72578501701355
Egy stat [40.605026, 49.591885, 45.51245, 0.82856226]
Start for  1_7_8 [99/105]
Fin;generate all combinations 102960 ...time: 0.45241737365722656
Fin; energy prediction...time: 13.82698917388916
Egy stat [47.69983, 56.234, 52.06631, 0.7901425]
Start for  1_6_9 [100/105]
Fin;generate all combinations 80080 ...time: 0.16293859481811523
Fin; energy prediction...time: 11.021461725234985
Egy stat [55.044083, 61.81202, 58.465614, 0.73405063]
Start for  1_5_10 [101/105]
Fin;generate all combinations 48048 ...time: 0.1008601188659668
Fin; energy prediction...time: 7.230716705322266
Egy stat [62.067047, 67.51414, 64.7102, 0.660561]
Start for  1_4_11 [102/105]
Fin;generate all combinations 21840 ...time: 0.04840350151062012
Fin; energy prediction...time: 3.4510910511016846
Egy stat [68.68036, 73.52455, 70.792274, 0.5677914]
Start for  1_3_12 [103/105]
Fin;generate all combinations 7280 ...time: 0.017388582229614258
Fin; energy prediction...time: 1.7701849937438965
Egy stat [75.20222, 78.67441, 76.69689, 0.4525782]
Start for  1_2_13 [104/105]
Fin;generate all combinations 1680 ...time: 0.004362821578979492
Fin; energy prediction...time: 0.9758284091949463
Egy stat [81.63302, 83.35152, 82.40274, 0.31079265]
Start for  1_1_14 [105/105]
Fin;generate all combinations 240 ...time: 0.001100778579711914
Fin; energy prediction...time: 0.7888078689575195
Egy stat [87.6781, 88.16318, 87.883316, 0.13494253]
Saving....
Saved to... K_GeSnZn_I.pkl
Total elapsed time... 5615.094187259674
