Summary of calculations
Site name (A,B,C)... K Ge,Pb,Zn I
Base cif file name... ../0.cif
Save file name... K_GePbZn_I.pkl
Fin; combination with repetition...time: 0.001556396484375
Start for  14_1_1 [1/105]
Fin;generate all combinations 240 ...time: 0.0006232261657714844
Fin; energy prediction...time: 0.20603513717651367
Egy stat [20.54011, 21.201424, 20.87141, 0.18322814]
Start for  13_2_1 [2/105]
Fin;generate all combinations 1680 ...time: 0.003560304641723633
Fin; energy prediction...time: 0.41330742835998535
Egy stat [21.023087, 22.668621, 21.731304, 0.3196844]
Start for  13_1_2 [3/105]
Fin;generate all combinations 1680 ...time: 0.0037839412689208984
Fin; energy prediction...time: 0.3677957057952881
Egy stat [26.315872, 27.698399, 26.847698, 0.29589403]
Start for  12_3_1 [4/105]
Fin;generate all combinations 7280 ...time: 0.01319575309753418
Fin; energy prediction...time: 1.214440107345581
Egy stat [21.219877, 23.4309, 22.326487, 0.43260312]
Start for  12_2_2 [5/105]
Fin;generate all combinations 10920 ...time: 0.016951322555541992
Fin; energy prediction...time: 1.5524044036865234
Egy stat [26.593967, 29.365128, 27.666327, 0.41795957]
Start for  12_1_3 [6/105]
Fin;generate all combinations 7280 ...time: 0.0535273551940918
Fin; energy prediction...time: 1.2138304710388184
Egy stat [31.819347, 33.894787, 32.663456, 0.36828747]
Start for  11_4_1 [7/105]
Fin;generate all combinations 21840 ...time: 0.08967781066894531
Fin; energy prediction...time: 3.0879530906677246
Egy stat [21.022661, 24.339375, 22.672594, 0.52402425]
Start for  11_3_2 [8/105]
Fin;generate all combinations 43680 ...time: 0.12659454345703125
Fin; energy prediction...time: 5.848877191543579
Egy stat [26.74009, 30.08382, 28.225065, 0.5268306]
Start for  11_2_3 [9/105]
Fin;generate all combinations 43680 ...time: 0.1596667766571045
Fin; energy prediction...time: 5.746736764907837
Egy stat [32.154613, 35.643265, 33.441452, 0.4840533]
Start for  11_1_4 [10/105]
Fin;generate all combinations 21840 ...time: 0.04075765609741211
Fin; energy prediction...time: 3.094320297241211
Egy stat [37.28254, 40.153557, 38.33284, 0.4086833]
Start for  10_5_1 [11/105]
Fin;generate all combinations 48048 ...time: 0.22106599807739258
Fin; energy prediction...time: 6.284836053848267
Egy stat [20.731794, 24.559563, 22.786308, 0.59595984]
Start for  10_4_2 [12/105]
Fin;generate all combinations 120120 ...time: 0.4299614429473877
Fin; energy prediction...time: 15.621577024459839
Egy stat [26.446396, 30.909721, 28.540321, 0.619184]
Start for  10_3_3 [13/105]
Fin;generate all combinations 160160 ...time: 0.39848971366882324
Fin; energy prediction...time: 20.394799947738647
Egy stat [32.09536, 36.58964, 33.9634, 0.5904711]
Start for  10_2_4 [14/105]
Fin;generate all combinations 120120 ...time: 0.557081937789917
Fin; energy prediction...time: 15.126984596252441
Egy stat [37.488342, 41.979916, 39.073112, 0.520859]
Start for  10_1_5 [15/105]
Fin;generate all combinations 48048 ...time: 0.0924830436706543
Fin; energy prediction...time: 6.524830102920532
Egy stat [42.747566, 45.561405, 43.86935, 0.4254216]
Start for  9_6_1 [16/105]
Fin;generate all combinations 80080 ...time: 0.24456143379211426
Fin; energy prediction...time: 10.507825136184692
Egy stat [20.008478, 25.088879, 22.684814, 0.6501692]
Start for  9_5_2 [17/105]
Fin;generate all combinations 240240 ...time: 0.6584577560424805
Fin; energy prediction...time: 29.892817974090576
Egy stat [26.03003, 31.35389, 28.629356, 0.69533527]
Start for  9_4_3 [18/105]
Fin;generate all combinations 400400 ...time: 1.436540126800537
Fin; energy prediction...time: 51.47050476074219
Egy stat [31.68435, 37.65478, 34.246178, 0.6831269]
Start for  9_3_4 [19/105]
Fin;generate all combinations 400400 ...time: 1.853914499282837
Fin; energy prediction...time: 50.03783369064331
Egy stat [37.46641, 43.15442, 39.560112, 0.62562305]
Start for  9_2_5 [20/105]
Fin;generate all combinations 240240 ...time: 0.9283537864685059
Fin; energy prediction...time: 29.86479663848877
Egy stat [42.877758, 47.47867, 44.577023, 0.53532416]
Start for  9_1_6 [21/105]
Fin;generate all combinations 80080 ...time: 0.1760256290435791
Fin; energy prediction...time: 10.308045387268066
Egy stat [48.008736, 51.01407, 49.28566, 0.42511272]
Start for  8_7_1 [22/105]
Fin;generate all combinations 102960 ...time: 0.479600191116333
Fin; energy prediction...time: 13.025946617126465
Egy stat [18.985516, 25.226418, 22.385324, 0.6879263]
Start for  8_6_2 [23/105]
Fin;generate all combinations 360360 ...time: 1.279325008392334
Fin; energy prediction...time: 45.60429835319519
Egy stat [25.105175, 31.89014, 28.509851, 0.7563019]
Start for  8_5_3 [24/105]
Fin;generate all combinations 720720 ...time: 1.9658071994781494
Fin; energy prediction...time: 91.47681188583374
Egy stat [31.180546, 37.93613, 34.307415, 0.76162964]
Start for  8_4_4 [25/105]
Fin;generate all combinations 900900 ...time: 2.3640196323394775
Fin; energy prediction...time: 110.7244086265564
Egy stat [36.821217, 44.47866, 39.810955, 0.71812683]
Start for  8_3_5 [26/105]
Fin;generate all combinations 720720 ...time: 4.083046197891235
Fin; energy prediction...time: 89.73578476905823
Egy stat [42.86588, 48.587135, 45.033176, 0.6390044]
Start for  8_2_6 [27/105]
Fin;generate all combinations 360360 ...time: 1.8046131134033203
Fin; energy prediction...time: 45.405921936035156
Egy stat [48.046917, 53.048748, 49.968143, 0.5338916]
Start for  8_1_7 [28/105]
Fin;generate all combinations 102960 ...time: 0.21143198013305664
Fin; energy prediction...time: 13.399437189102173
Egy stat [53.194374, 56.366196, 54.593754, 0.41269642]
Start for  7_8_1 [29/105]
Fin;generate all combinations 102960 ...time: 0.18254518508911133
Fin; energy prediction...time: 13.189107894897461
Egy stat [17.904175, 25.427128, 21.904598, 0.70983833]
Start for  7_7_2 [30/105]
Fin;generate all combinations 411840 ...time: 1.613034963607788
Fin; energy prediction...time: 51.71837377548218
Egy stat [24.277443, 31.899727, 28.199455, 0.8029583]
Start for  7_6_3 [31/105]
Fin;generate all combinations 960960 ...time: 3.105990171432495
Fin; energy prediction...time: 118.12830877304077
Egy stat [30.35926, 38.282246, 34.16506, 0.8265992]
Start for  7_5_4 [32/105]
Fin;generate all combinations 1441440 ...time: 5.113292217254639
Fin; energy prediction...time: 176.5684473514557
Egy stat [36.324944, 44.57209, 39.843395, 0.7976002]
Start for  7_4_5 [33/105]
Fin;generate all combinations 1441440 ...time: 7.385989427566528
Fin; energy prediction...time: 178.97636485099792
Egy stat [42.26515, 49.254463, 45.25495, 0.731211]
Start for  7_3_6 [34/105]
Fin;generate all combinations 960960 ...time: 4.845935344696045
Fin; energy prediction...time: 123.10370087623596
Egy stat [48.06275, 53.41286, 50.3999, 0.6372798]
Start for  7_2_7 [35/105]
Fin;generate all combinations 411840 ...time: 0.7560863494873047
Fin; energy prediction...time: 53.79152584075928
Egy stat [53.16641, 57.96987, 55.260723, 0.52178025]
Start for  7_1_8 [36/105]
Fin;generate all combinations 102960 ...time: 0.7529077529907227
Fin; energy prediction...time: 13.834583282470703
Egy stat [58.378784, 61.76748, 59.805077, 0.39177182]
Start for  6_9_1 [37/105]
Fin;generate all combinations 80080 ...time: 0.3496840000152588
Fin; energy prediction...time: 10.665526390075684
Egy stat [17.763021, 24.370716, 21.258537, 0.71573836]
Start for  6_8_2 [38/105]
Fin;generate all combinations 360360 ...time: 1.4844939708709717
Fin; energy prediction...time: 45.62993264198303
Egy stat [23.124912, 31.9785, 27.715368, 0.8356922]
Start for  6_7_3 [39/105]
Fin;generate all combinations 960960 ...time: 3.8447086811065674
Fin; energy prediction...time: 119.71980881690979
Egy stat [29.424637, 38.20237, 33.837082, 0.878689]
Start for  6_6_4 [40/105]
Fin;generate all combinations 1681680 ...time: 5.862330913543701
Fin; energy prediction...time: 210.56057834625244
Egy stat [35.509808, 44.75008, 39.67554, 0.8644333]
Start for  6_5_5 [41/105]
Fin;generate all combinations 2018016 ...time: 9.3648521900177
Fin; energy prediction...time: 250.89618754386902
Egy stat [41.664337, 49.38103, 45.25999, 0.81090015]
Start for  6_4_6 [42/105]
Fin;generate all combinations 1681680 ...time: 12.891461849212646
Fin; energy prediction...time: 211.92389965057373
Egy stat [47.540775, 54.1108, 50.597893, 0.7295357]
Start for  6_3_7 [43/105]
Fin;generate all combinations 960960 ...time: 5.180502891540527
Fin; energy prediction...time: 120.92003130912781
Egy stat [53.244724, 58.31118, 55.676987, 0.6260639]
Start for  6_2_8 [44/105]
Fin;generate all combinations 360360 ...time: 2.1842353343963623
Fin; energy prediction...time: 46.6508686542511
Egy stat [58.208305, 62.96884, 60.468597, 0.5030292]
Start for  6_1_9 [45/105]
Fin;generate all combinations 80080 ...time: 0.19631314277648926
Fin; energy prediction...time: 10.96017050743103
Egy stat [63.72159, 66.62493, 64.93075, 0.36491793]
Start for  5_10_1 [46/105]
Fin;generate all combinations 48048 ...time: 0.10672163963317871
Fin; energy prediction...time: 6.61467432975769
Egy stat [17.476734, 23.32299, 20.46175, 0.7046542]
Start for  5_9_2 [47/105]
Fin;generate all combinations 240240 ...time: 0.6101639270782471
Fin; energy prediction...time: 30.726909160614014
Egy stat [22.95824, 31.129887, 27.074005, 0.85426337]
Start for  5_8_3 [48/105]
Fin;generate all combinations 720720 ...time: 3.3493032455444336
Fin; energy prediction...time: 92.65999794006348
Egy stat [28.240837, 38.163277, 33.341015, 0.9181804]
Start for  5_7_4 [49/105]
Fin;generate all combinations 1441440 ...time: 7.606861591339111
Fin; energy prediction...time: 182.87760615348816
Egy stat [34.496468, 44.54962, 39.32538, 0.9191592]
Start for  5_6_5 [50/105]
Fin;generate all combinations 2018016 ...time: 7.487835884094238
Fin; energy prediction...time: 261.124933719635
Egy stat [40.796097, 49.53456, 45.066376, 0.87831897]
Start for  5_5_6 [51/105]
Fin;generate all combinations 2018016 ...time: 9.00446367263794
Fin; energy prediction...time: 247.11257457733154
Egy stat [46.89211, 54.211487, 50.579643, 0.8093852]
Start for  5_4_7 [52/105]
Fin;generate all combinations 1441440 ...time: 8.00114893913269
Fin; energy prediction...time: 179.46528792381287
Egy stat [52.750652, 58.926926, 55.85924, 0.7192188]
Start for  5_3_8 [53/105]
Fin;generate all combinations 720720 ...time: 3.8090908527374268
Fin; energy prediction...time: 92.5632438659668
Egy stat [58.255272, 63.5483, 60.880863, 0.6097862]
Start for  5_2_9 [54/105]
Fin;generate all combinations 240240 ...time: 0.5635616779327393
Fin; energy prediction...time: 31.91458249092102
Egy stat [63.63546, 67.884834, 65.605354, 0.4806479]
Start for  5_1_10 [55/105]
Fin;generate all combinations 48048 ...time: 0.12405943870544434
Fin; energy prediction...time: 7.341573476791382
Egy stat [68.99294, 71.47974, 69.98191, 0.33389047]
Start for  4_11_1 [56/105]
Fin;generate all combinations 21840 ...time: 0.05452919006347656
Fin; energy prediction...time: 3.821059226989746
Egy stat [17.119184, 21.897873, 19.527245, 0.674822]
Start for  4_10_2 [57/105]
Fin;generate all combinations 120120 ...time: 0.21156001091003418
Fin; energy prediction...time: 16.05441951751709
Egy stat [22.55399, 30.311481, 26.290579, 0.85779804]
Start for  4_9_3 [58/105]
Fin;generate all combinations 400400 ...time: 1.4779739379882812
Fin; energy prediction...time: 50.77846550941467
Egy stat [28.121334, 37.240627, 32.693726, 0.94481045]
Start for  4_8_4 [59/105]
Fin;generate all combinations 900900 ...time: 3.5224997997283936
Fin; energy prediction...time: 110.57169485092163
Egy stat [33.23662, 44.4143, 38.810833, 0.9620081]
Start for  4_7_5 [60/105]
Fin;generate all combinations 1441440 ...time: 8.997743844985962
Fin; energy prediction...time: 180.25921297073364
Egy stat [39.758972, 49.21961, 44.692234, 0.9339531]
Start for  4_6_6 [61/105]
Fin;generate all combinations 1681680 ...time: 6.956003427505493
Fin; energy prediction...time: 215.56140732765198
Egy stat [46.009888, 54.395416, 50.362938, 0.87699735]
Start for  4_5_7 [62/105]
Fin;generate all combinations 1441440 ...time: 6.108825922012329
Fin; energy prediction...time: 184.27026104927063
Egy stat [52.061554, 59.032074, 55.82453, 0.7997702]
Start for  4_4_8 [63/105]
Fin;generate all combinations 900900 ...time: 4.574014663696289
Fin; energy prediction...time: 116.65853929519653
Egy stat [57.87201, 64.32316, 61.05803, 0.7050639]
Start for  4_3_9 [64/105]
Fin;generate all combinations 400400 ...time: 2.8475916385650635
Fin; energy prediction...time: 52.16635298728943
Egy stat [63.598152, 68.50048, 66.02772, 0.5917205]
Start for  4_2_10 [65/105]
Fin;generate all combinations 120120 ...time: 0.8405041694641113
Fin; energy prediction...time: 15.897868633270264
Egy stat [69.01102, 72.87067, 70.68466, 0.45667556]
Start for  4_1_11 [66/105]
Fin;generate all combinations 21840 ...time: 0.06540226936340332
Fin; energy prediction...time: 3.6745455265045166
Egy stat [74.17169, 76.13246, 74.97007, 0.29960275]
Start for  3_12_1 [67/105]
Fin;generate all combinations 7280 ...time: 0.020079851150512695
Fin; energy prediction...time: 1.7161147594451904
Egy stat [16.60929, 20.534222, 18.466076, 0.6236528]
Start for  3_11_2 [68/105]
Fin;generate all combinations 43680 ...time: 0.08318853378295898
Fin; energy prediction...time: 6.29383111000061
Egy stat [22.39737, 28.829453, 25.378817, 0.84489167]
Start for  3_10_3 [69/105]
Fin;generate all combinations 160160 ...time: 0.6539323329925537
Fin; energy prediction...time: 20.414303064346313
Egy stat [27.995384, 35.580307, 31.911064, 0.9577548]
Start for  3_9_4 [70/105]
Fin;generate all combinations 400400 ...time: 1.6005868911743164
Fin; energy prediction...time: 50.065114974975586
Egy stat [33.28326, 42.636246, 38.149124, 0.9926952]
Start for  3_8_5 [71/105]
Fin;generate all combinations 720720 ...time: 3.3243350982666016
Fin; energy prediction...time: 91.81519770622253
Egy stat [38.503082, 48.9389, 44.155426, 0.97804296]
Start for  3_7_6 [72/105]
Fin;generate all combinations 960960 ...time: 5.800262451171875
Fin; energy prediction...time: 118.69131588935852
Egy stat [44.895737, 53.77191, 49.965797, 0.9328931]
Start for  3_6_7 [73/105]
Fin;generate all combinations 960960 ...time: 6.050575256347656
Fin; energy prediction...time: 122.99957418441772
Egy stat [51.12817, 59.254807, 55.590446, 0.86786795]
Start for  3_5_8 [74/105]
Fin;generate all combinations 720720 ...time: 3.7761425971984863
Fin; energy prediction...time: 93.76158499717712
Egy stat [57.162315, 64.433464, 61.016846, 0.7872124]
Start for  3_4_9 [75/105]
Fin;generate all combinations 400400 ...time: 2.016317367553711
Fin; energy prediction...time: 51.25521373748779
Egy stat [63.278442, 69.19316, 66.21349, 0.690513]
Start for  3_3_10 [76/105]
Fin;generate all combinations 160160 ...time: 0.34496450424194336
Fin; energy prediction...time: 21.179340839385986
Egy stat [68.9351, 73.534355, 71.133965, 0.5739975]
Start for  3_2_11 [77/105]
Fin;generate all combinations 43680 ...time: 0.10225987434387207
Fin; energy prediction...time: 6.846040725708008
Egy stat [74.262245, 77.514336, 75.72053, 0.43210188]
Start for  3_1_12 [78/105]
Fin;generate all combinations 7280 ...time: 0.023380517959594727
Fin; energy prediction...time: 1.7862334251403809
Egy stat [79.26242, 80.772125, 79.907486, 0.261755]
Start for  2_13_1 [79/105]
Fin;generate all combinations 1680 ...time: 0.0061185359954833984
Fin; energy prediction...time: 0.9838767051696777
Egy stat [16.038828, 18.60669, 17.287102, 0.5473934]
Start for  2_12_2 [80/105]
Fin;generate all combinations 10920 ...time: 0.023189067840576172
Fin; energy prediction...time: 2.242841958999634
Egy stat [22.004604, 27.408493, 24.35063, 0.8137909]
Start for  2_11_3 [81/105]
Fin;generate all combinations 43680 ...time: 0.19598650932312012
Fin; energy prediction...time: 6.202425956726074
Egy stat [27.678093, 34.179993, 31.00755, 0.9557393]
Start for  2_10_4 [82/105]
Fin;generate all combinations 120120 ...time: 0.5314245223999023
Fin; energy prediction...time: 15.820002555847168
Egy stat [33.24986, 41.189083, 37.356686, 1.010358]
Start for  2_9_5 [83/105]
Fin;generate all combinations 240240 ...time: 0.9825026988983154
Fin; energy prediction...time: 30.83617901802063
Egy stat [38.462902, 47.363422, 43.47357, 1.0103176]
Start for  2_8_6 [84/105]
Fin;generate all combinations 360360 ...time: 1.630310297012329
Fin; energy prediction...time: 45.125367641448975
Egy stat [43.640156, 53.5717, 49.406193, 0.97742456]
Start for  2_7_7 [85/105]
Fin;generate all combinations 411840 ...time: 1.4478085041046143
Fin; energy prediction...time: 51.62330222129822
Egy stat [50.027664, 59.030365, 55.17477, 0.92415744]
Start for  2_6_8 [86/105]
Fin;generate all combinations 360360 ...time: 1.2675440311431885
Fin; energy prediction...time: 45.65764904022217
Egy stat [56.19007, 64.577385, 60.774387, 0.8563946]
Start for  2_5_9 [87/105]
Fin;generate all combinations 240240 ...time: 1.0077183246612549
Fin; energy prediction...time: 30.799668788909912
Egy stat [62.787933, 69.34546, 66.17885, 0.7752135]
Start for  2_4_10 [88/105]
Fin;generate all combinations 120120 ...time: 0.24679183959960938
Fin; energy prediction...time: 16.04896569252014
Egy stat [68.631615, 74.1688, 71.344894, 0.6777038]
Start for  2_3_11 [89/105]
Fin;generate all combinations 43680 ...time: 0.09546852111816406
Fin; energy prediction...time: 6.253087282180786
Egy stat [74.13852, 78.38186, 76.21634, 0.55762655]
Start for  2_2_12 [90/105]
Fin;generate all combinations 10920 ...time: 0.027681589126586914
Fin; energy prediction...time: 2.2738571166992188
Egy stat [79.48875, 82.25537, 80.72772, 0.40671426]
Start for  2_1_13 [91/105]
Fin;generate all combinations 1680 ...time: 0.005881309509277344
Fin; energy prediction...time: 1.0018811225891113
Egy stat [84.36937, 85.42138, 84.80772, 0.21783508]
Start for  1_14_1 [92/105]
Fin;generate all combinations 240 ...time: 0.00249481201171875
Fin; energy prediction...time: 0.8006739616394043
Egy stat [15.319315, 16.735989, 15.996748, 0.4395626]
Start for  1_13_2 [93/105]
Fin;generate all combinations 1680 ...time: 0.003826141357421875
Fin; energy prediction...time: 0.9553160667419434
Egy stat [21.756035, 25.423485, 23.215834, 0.76262337]
Start for  1_12_3 [94/105]
Fin;generate all combinations 7280 ...time: 0.06463980674743652
Fin; energy prediction...time: 1.737006664276123
Egy stat [27.343353, 33.18913, 29.996048, 0.9372758]
Start for  1_11_4 [95/105]
Fin;generate all combinations 21840 ...time: 0.09791183471679688
Fin; energy prediction...time: 3.7056329250335693
Egy stat [33.003654, 40.475998, 36.448845, 1.0136322]
Start for  1_10_5 [96/105]
Fin;generate all combinations 48048 ...time: 0.19648981094360352
Fin; energy prediction...time: 6.8728978633880615
Egy stat [38.54762, 46.122887, 42.66368, 1.0298623]
Start for  1_9_6 [97/105]
Fin;generate all combinations 80080 ...time: 0.2885007858276367
Fin; energy prediction...time: 10.9843168258667
Egy stat [43.64301, 52.26131, 48.701935, 1.010453]
Start for  1_8_7 [98/105]
Fin;generate all combinations 102960 ...time: 0.545922040939331
Fin; energy prediction...time: 13.735637903213501
Egy stat [48.725883, 58.828667, 54.595406, 0.969242]
Start for  1_7_8 [99/105]
Fin;generate all combinations 102960 ...time: 0.5530321598052979
Fin; energy prediction...time: 13.884093523025513
Egy stat [55.07402, 64.633606, 60.34816, 0.913444]
Start for  1_6_9 [100/105]
Fin;generate all combinations 80080 ...time: 0.3647797107696533
Fin; energy prediction...time: 10.72370171546936
Egy stat [62.05577, 69.45794, 65.94044, 0.8459709]
Start for  1_5_10 [101/105]
Fin;generate all combinations 48048 ...time: 0.10079622268676758
Fin; energy prediction...time: 6.853253126144409
Egy stat [68.37704, 74.31094, 71.333015, 0.76580393]
Start for  1_4_11 [102/105]
Fin;generate all combinations 21840 ...time: 0.048996686935424805
Fin; energy prediction...time: 3.6401638984680176
Egy stat [74.080765, 79.18126, 76.471886, 0.6677207]
Start for  1_3_12 [103/105]
Fin;generate all combinations 7280 ...time: 0.01790595054626465
Fin; energy prediction...time: 1.7697117328643799
Egy stat [79.59907, 83.29122, 81.29221, 0.54269034]
Start for  1_2_13 [104/105]
Fin;generate all combinations 1680 ...time: 0.0045320987701416016
Fin; energy prediction...time: 0.9456720352172852
Egy stat [84.85746, 86.8542, 85.72219, 0.37912333]
Start for  1_1_14 [105/105]
Fin;generate all combinations 240 ...time: 0.0010433197021484375
Fin; energy prediction...time: 0.7736790180206299
Egy stat [89.43649, 90.01685, 89.686295, 0.16034925]
Saving....
Saved to... K_GePbZn_I.pkl
Total elapsed time... 5673.25231719017
