Summary of calculations
Site name (A,B,C)... K Hg,Pb,Sn I
Base cif file name... ../0.cif
Save file name... K_HgPbSn_I.pkl
Fin; combination with repetition...time: 0.0016429424285888672
Start for  14_1_1 [1/105]
Fin;generate all combinations 240 ...time: 0.000644683837890625
Fin; energy prediction...time: 0.21354269981384277
Egy stat [28.073093, 28.85606, 28.395792, 0.22999471]
Start for  13_2_1 [2/105]
Fin;generate all combinations 1680 ...time: 0.003558635711669922
Fin; energy prediction...time: 0.398897647857666
Egy stat [27.533302, 29.414371, 28.31178, 0.3778809]
Start for  13_1_2 [3/105]
Fin;generate all combinations 1680 ...time: 0.003774404525756836
Fin; energy prediction...time: 0.3951756954193115
Egy stat [26.026691, 27.85365, 26.701284, 0.33264437]
Start for  12_3_1 [4/105]
Fin;generate all combinations 7280 ...time: 0.012736797332763672
Fin; energy prediction...time: 1.117112636566162
Egy stat [26.543972, 29.838184, 27.987629, 0.51221573]
Start for  12_2_2 [5/105]
Fin;generate all combinations 10920 ...time: 0.01742863655090332
Fin; energy prediction...time: 1.5416545867919922
Egy stat [25.151943, 28.325752, 26.470879, 0.46210617]
Start for  12_1_3 [6/105]
Fin;generate all combinations 7280 ...time: 0.06389045715332031
Fin; energy prediction...time: 1.179069995880127
Egy stat [23.750858, 26.75785, 24.941864, 0.41447622]
Start for  11_4_1 [7/105]
Fin;generate all combinations 21840 ...time: 0.07715106010437012
Fin; energy prediction...time: 3.0973784923553467
Egy stat [25.727089, 30.119041, 27.412935, 0.62554216]
Start for  11_3_2 [8/105]
Fin;generate all combinations 43680 ...time: 0.11527585983276367
Fin; energy prediction...time: 5.757899761199951
Egy stat [24.351597, 28.616371, 25.981194, 0.5776994]
Start for  11_2_3 [9/105]
Fin;generate all combinations 43680 ...time: 0.1532726287841797
Fin; energy prediction...time: 5.791171073913574
Egy stat [22.971725, 26.98056, 24.537151, 0.5292621]
Start for  11_1_4 [10/105]
Fin;generate all combinations 21840 ...time: 0.04095864295959473
Fin; energy prediction...time: 3.0979092121124268
Egy stat [21.703178, 25.415497, 23.079363, 0.4820499]
Start for  10_5_1 [11/105]
Fin;generate all combinations 48048 ...time: 0.1945500373840332
Fin; energy prediction...time: 6.219244718551636
Egy stat [24.485027, 30.22295, 26.584774, 0.7115948]
Start for  10_4_2 [12/105]
Fin;generate all combinations 120120 ...time: 0.43228864669799805
Fin; energy prediction...time: 14.939454793930054
Egy stat [23.229557, 28.800209, 25.229097, 0.6686533]
Start for  10_3_3 [13/105]
Fin;generate all combinations 160160 ...time: 0.589430570602417
Fin; energy prediction...time: 20.10249090194702
Egy stat [21.974972, 27.284508, 23.861391, 0.624215]
Start for  10_2_4 [14/105]
Fin;generate all combinations 120120 ...time: 0.36696672439575195
Fin; energy prediction...time: 15.224447011947632
Egy stat [20.641037, 25.773056, 22.48033, 0.57911587]
Start for  10_1_5 [15/105]
Fin;generate all combinations 48048 ...time: 0.09471607208251953
Fin; energy prediction...time: 6.356727838516235
Egy stat [19.449722, 24.069187, 21.08441, 0.53498495]
Start for  9_6_1 [16/105]
Fin;generate all combinations 80080 ...time: 0.22768211364746094
Fin; energy prediction...time: 10.192257642745972
Egy stat [22.989742, 30.233658, 25.506548, 0.7664897]
Start for  9_5_2 [17/105]
Fin;generate all combinations 240240 ...time: 0.6371586322784424
Fin; energy prediction...time: 29.916022300720215
Egy stat [21.724487, 28.82246, 24.218302, 0.7290931]
Start for  9_4_3 [18/105]
Fin;generate all combinations 400400 ...time: 1.2348647117614746
Fin; energy prediction...time: 50.171231746673584
Egy stat [20.498526, 27.369713, 22.918432, 0.6900457]
Start for  9_3_4 [19/105]
Fin;generate all combinations 400400 ...time: 1.8737421035766602
Fin; energy prediction...time: 48.92063283920288
Egy stat [19.28416, 25.90998, 21.605816, 0.6497065]
Start for  9_2_5 [20/105]
Fin;generate all combinations 240240 ...time: 1.0359010696411133
Fin; energy prediction...time: 30.733604669570923
Egy stat [18.137497, 24.461735, 20.279085, 0.60888106]
Start for  9_1_6 [21/105]
Fin;generate all combinations 80080 ...time: 0.16694855690002441
Fin; energy prediction...time: 11.109558582305908
Egy stat [16.999092, 22.9454, 18.936705, 0.5689956]
Start for  8_7_1 [22/105]
Fin;generate all combinations 102960 ...time: 0.3252418041229248
Fin; energy prediction...time: 13.144931316375732
Egy stat [21.045103, 30.394455, 24.18635, 0.7887964]
Start for  8_6_2 [23/105]
Fin;generate all combinations 360360 ...time: 1.2862257957458496
Fin; energy prediction...time: 44.2419273853302
Egy stat [19.921139, 28.959156, 22.957777, 0.7566936]
Start for  8_5_3 [24/105]
Fin;generate all combinations 720720 ...time: 2.552562713623047
Fin; energy prediction...time: 88.14249157905579
Egy stat [18.834673, 27.489056, 21.71792, 0.7230389]
Start for  8_4_4 [25/105]
Fin;generate all combinations 900900 ...time: 3.410411834716797
Fin; energy prediction...time: 111.22544169425964
Egy stat [17.73144, 26.061047, 20.465942, 0.6879337]
Start for  8_3_5 [26/105]
Fin;generate all combinations 720720 ...time: 3.9459054470062256
Fin; energy prediction...time: 89.49954652786255
Egy stat [16.616367, 24.582218, 19.200695, 0.65174025]
Start for  8_2_6 [27/105]
Fin;generate all combinations 360360 ...time: 1.8280999660491943
Fin; energy prediction...time: 45.004462003707886
Egy stat [15.475868, 23.133278, 17.920841, 0.61518234]
Start for  8_1_7 [28/105]
Fin;generate all combinations 102960 ...time: 0.2305898666381836
Fin; energy prediction...time: 14.222018718719482
Egy stat [14.349035, 21.661945, 16.62483, 0.57946306]
Start for  7_8_1 [29/105]
Fin;generate all combinations 102960 ...time: 0.18587660789489746
Fin; energy prediction...time: 13.402102708816528
Egy stat [20.284933, 27.607578, 22.635033, 0.7791207]
Start for  7_7_2 [30/105]
Fin;generate all combinations 411840 ...time: 1.3633568286895752
Fin; energy prediction...time: 51.21986150741577
Egy stat [19.164576, 26.22789, 21.459715, 0.75176156]
Start for  7_6_3 [31/105]
Fin;generate all combinations 960960 ...time: 3.5010735988616943
Fin; energy prediction...time: 117.61363816261292
Egy stat [18.03188, 24.862476, 20.273266, 0.7230112]
Start for  7_5_4 [32/105]
Fin;generate all combinations 1441440 ...time: 5.831994533538818
Fin; energy prediction...time: 180.8096113204956
Egy stat [16.908861, 23.487537, 19.07516, 0.6928276]
Start for  7_4_5 [33/105]
Fin;generate all combinations 1441440 ...time: 5.8987367153167725
Fin; energy prediction...time: 177.82738828659058
Egy stat [15.781271, 22.129303, 17.864542, 0.6613257]
Start for  7_3_6 [34/105]
Fin;generate all combinations 960960 ...time: 4.282356262207031
Fin; energy prediction...time: 121.19579768180847
Egy stat [14.658316, 20.69543, 16.640339, 0.6288305]
Start for  7_2_7 [35/105]
Fin;generate all combinations 411840 ...time: 2.7202398777008057
Fin; energy prediction...time: 52.14331579208374
Egy stat [13.511019, 19.275267, 15.401233, 0.5959493]
Start for  7_1_8 [36/105]
Fin;generate all combinations 102960 ...time: 0.2517104148864746
Fin; energy prediction...time: 14.227519035339355
Egy stat [12.369759, 17.849092, 14.145755, 0.5636647]
Start for  6_9_1 [37/105]
Fin;generate all combinations 80080 ...time: 0.363574743270874
Fin; energy prediction...time: 10.661068677902222
Egy stat [18.924252, 24.427769, 20.86401, 0.73940045]
Start for  6_8_2 [38/105]
Fin;generate all combinations 360360 ...time: 1.3569841384887695
Fin; energy prediction...time: 45.23690581321716
Egy stat [17.790394, 23.529675, 19.737305, 0.7163041]
Start for  6_7_3 [39/105]
Fin;generate all combinations 960960 ...time: 3.853348970413208
Fin; energy prediction...time: 118.23002815246582
Egy stat [16.654886, 22.216171, 18.599329, 0.69196284]
Start for  6_6_4 [40/105]
Fin;generate all combinations 1681680 ...time: 5.846815824508667
Fin; energy prediction...time: 206.39109206199646
Egy stat [15.525831, 20.929487, 17.44987, 0.6662592]
Start for  6_5_5 [41/105]
Fin;generate all combinations 2018016 ...time: 10.228187799453735
Fin; energy prediction...time: 246.40329265594482
Egy stat [14.422688, 19.617647, 16.288424, 0.6391667]
Start for  6_4_6 [42/105]
Fin;generate all combinations 1681680 ...time: 10.056114196777344
Fin; energy prediction...time: 208.34820008277893
Egy stat [13.339569, 18.321602, 15.114225, 0.6107832]
Start for  6_3_7 [43/105]
Fin;generate all combinations 960960 ...time: 4.6332337856292725
Fin; energy prediction...time: 120.97172689437866
Egy stat [12.245094, 16.925089, 13.9262495, 0.5813697]
Start for  6_2_8 [44/105]
Fin;generate all combinations 360360 ...time: 2.7976903915405273
Fin; energy prediction...time: 46.3793568611145
Egy stat [11.185646, 15.541716, 12.72329, 0.55141014]
Start for  6_1_9 [45/105]
Fin;generate all combinations 80080 ...time: 0.19197916984558105
Fin; energy prediction...time: 11.098996639251709
Egy stat [10.119129, 14.1461315, 11.503974, 0.52168715]
Start for  5_10_1 [46/105]
Fin;generate all combinations 48048 ...time: 0.10596370697021484
Fin; energy prediction...time: 6.819697856903076
Egy stat [17.45544, 21.714272, 18.882965, 0.6719936]
Start for  5_9_2 [47/105]
Fin;generate all combinations 240240 ...time: 0.5778295993804932
Fin; energy prediction...time: 31.2924222946167
Egy stat [16.293692, 20.615343, 17.802391, 0.6530092]
Start for  5_8_3 [48/105]
Fin;generate all combinations 720720 ...time: 2.9767017364501953
Fin; energy prediction...time: 89.79281377792358
Egy stat [15.185408, 19.53096, 16.709986, 0.63287777]
Start for  5_7_4 [49/105]
Fin;generate all combinations 1441440 ...time: 6.24989652633667
Fin; energy prediction...time: 181.50670051574707
Egy stat [14.098558, 18.271137, 15.60591, 0.6114456]
Start for  5_6_5 [50/105]
Fin;generate all combinations 2018016 ...time: 6.1803224086761475
Fin; energy prediction...time: 257.71047735214233
Egy stat [12.978828, 17.018843, 14.490026, 0.58861285]
Start for  5_5_6 [51/105]
Fin;generate all combinations 2018016 ...time: 9.746114253997803
Fin; energy prediction...time: 252.92037510871887
Egy stat [11.85697, 15.731354, 13.361903, 0.56434864]
Start for  5_4_7 [52/105]
Fin;generate all combinations 1441440 ...time: 8.098169803619385
Fin; energy prediction...time: 179.43575811386108
Egy stat [10.767435, 14.453556, 12.220862, 0.5387146]
Start for  5_3_8 [53/105]
Fin;generate all combinations 720720 ...time: 3.763390302658081
Fin; energy prediction...time: 89.82647562026978
Egy stat [9.675583, 13.131002, 11.066003, 0.5118974]
Start for  5_2_9 [54/105]
Fin;generate all combinations 240240 ...time: 0.5081334114074707
Fin; energy prediction...time: 31.359663009643555
Egy stat [8.592318, 11.816702, 9.896243, 0.48425764]
Start for  5_1_10 [55/105]
Fin;generate all combinations 48048 ...time: 0.1370835304260254
Fin; energy prediction...time: 7.336378574371338
Egy stat [7.514368, 10.485844, 8.710357, 0.45640093]
Start for  4_11_1 [56/105]
Fin;generate all combinations 21840 ...time: 0.053582191467285156
Fin; energy prediction...time: 3.923780679702759
Egy stat [15.381035, 19.29265, 16.697718, 0.57864124]
Start for  4_10_2 [57/105]
Fin;generate all combinations 120120 ...time: 0.47957539558410645
Fin; energy prediction...time: 16.568090438842773
Egy stat [14.224178, 18.183872, 15.663139, 0.564156]
Start for  4_9_3 [58/105]
Fin;generate all combinations 400400 ...time: 1.7911982536315918
Fin; energy prediction...time: 50.796226024627686
Egy stat [13.1681, 17.05797, 14.615768, 0.54855174]
Start for  4_8_4 [59/105]
Fin;generate all combinations 900900 ...time: 3.7450857162475586
Fin; energy prediction...time: 113.12803483009338
Egy stat [12.117323, 15.953142, 13.556105, 0.5316631]
Start for  4_7_5 [60/105]
Fin;generate all combinations 1441440 ...time: 6.283827781677246
Fin; energy prediction...time: 179.38523316383362
Egy stat [11.084606, 14.702446, 12.484372, 0.513356]
Start for  4_6_6 [61/105]
Fin;generate all combinations 1681680 ...time: 6.0809056758880615
Fin; energy prediction...time: 208.5722780227661
Egy stat [10.058126, 13.505163, 11.400524, 0.49353346]
Start for  4_5_7 [62/105]
Fin;generate all combinations 1441440 ...time: 8.693248510360718
Fin; energy prediction...time: 177.29244899749756
Egy stat [9.027388, 12.34815, 10.304226, 0.47214577]
Start for  4_4_8 [63/105]
Fin;generate all combinations 900900 ...time: 5.4469029903411865
Fin; energy prediction...time: 115.50559949874878
Egy stat [7.9662895, 11.209999, 9.194931, 0.44920588]
Start for  4_3_9 [64/105]
Fin;generate all combinations 400400 ...time: 0.7954590320587158
Fin; energy prediction...time: 52.26242184638977
Egy stat [6.91428, 9.881725, 8.071887, 0.4248152]
Start for  4_2_10 [65/105]
Fin;generate all combinations 120120 ...time: 0.26024699211120605
Fin; energy prediction...time: 16.88081455230713
Egy stat [5.841915, 8.56819, 6.934168, 0.39920682]
Start for  4_1_11 [66/105]
Fin;generate all combinations 21840 ...time: 0.06392359733581543
Fin; energy prediction...time: 3.701948881149292
Egy stat [4.7717466, 7.247364, 5.78074, 0.37281257]
Start for  3_12_1 [67/105]
Fin;generate all combinations 7280 ...time: 0.020565271377563477
Fin; energy prediction...time: 1.9280197620391846
Egy stat [13.327045, 15.968424, 14.308551, 0.4593729]
Start for  3_11_2 [68/105]
Fin;generate all combinations 43680 ...time: 0.0823521614074707
Fin; energy prediction...time: 6.724491596221924
Egy stat [12.264643, 15.130449, 13.322308, 0.45054522]
Start for  3_10_3 [69/105]
Fin;generate all combinations 160160 ...time: 0.513068675994873
Fin; energy prediction...time: 21.310574769973755
Egy stat [11.256439, 14.03051, 12.321884, 0.44052386]
Start for  3_9_4 [70/105]
Fin;generate all combinations 400400 ...time: 1.5918126106262207
Fin; energy prediction...time: 50.56104850769043
Egy stat [10.282709, 12.936487, 11.308121, 0.42914367]
Start for  3_8_5 [71/105]
Fin;generate all combinations 720720 ...time: 3.4319095611572266
Fin; energy prediction...time: 90.73202013969421
Egy stat [9.269428, 11.817617, 10.281588, 0.41626132]
Start for  3_7_6 [72/105]
Fin;generate all combinations 960960 ...time: 5.205523490905762
Fin; energy prediction...time: 120.19572019577026
Egy stat [8.270142, 10.704382, 9.242582, 0.40175366]
Start for  3_6_7 [73/105]
Fin;generate all combinations 960960 ...time: 6.360426902770996
Fin; energy prediction...time: 120.30072140693665
Egy stat [7.2876396, 9.57674, 8.191157, 0.38551727]
Start for  3_5_8 [74/105]
Fin;generate all combinations 720720 ...time: 3.3643577098846436
Fin; energy prediction...time: 91.24209117889404
Egy stat [6.306961, 8.46143, 7.127123, 0.36747122]
Start for  3_4_9 [75/105]
Fin;generate all combinations 400400 ...time: 0.798940896987915
Fin; energy prediction...time: 51.913437843322754
Egy stat [5.2702045, 7.3273067, 6.0500774, 0.34756336]
Start for  3_3_10 [76/105]
Fin;generate all combinations 160160 ...time: 0.36546969413757324
Fin; energy prediction...time: 21.637856483459473
Egy stat [4.2436275, 6.204071, 4.95944, 0.32578707]
Start for  3_2_11 [77/105]
Fin;generate all combinations 43680 ...time: 0.11145853996276855
Fin; energy prediction...time: 7.01590371131897
Egy stat [3.216055, 4.89085, 3.8544867, 0.30221245]
Start for  3_1_12 [78/105]
Fin;generate all combinations 7280 ...time: 0.023102760314941406
Fin; energy prediction...time: 1.9102952480316162
Egy stat [2.1792336, 3.5879278, 2.7343874, 0.2770426]
Start for  2_13_1 [79/105]
Fin;generate all combinations 1680 ...time: 0.006417274475097656
Fin; energy prediction...time: 1.1873645782470703
Egy stat [11.13802, 12.498453, 11.709305, 0.31125984]
Start for  2_12_2 [80/105]
Fin;generate all combinations 10920 ...time: 0.023415803909301758
Fin; energy prediction...time: 2.452061653137207
Egy stat [10.08399, 11.706171, 10.776123, 0.3104876]
Start for  2_11_3 [81/105]
Fin;generate all combinations 43680 ...time: 0.08998441696166992
Fin; energy prediction...time: 6.309022426605225
Egy stat [9.064224, 10.9007435, 9.827012, 0.30822223]
Start for  2_10_4 [82/105]
Fin;generate all combinations 120120 ...time: 0.5563175678253174
Fin; energy prediction...time: 16.03659701347351
Egy stat [8.109041, 10.076977, 8.863103, 0.30431366]
Start for  2_9_5 [83/105]
Fin;generate all combinations 240240 ...time: 0.9560606479644775
Fin; energy prediction...time: 30.72450351715088
Egy stat [7.135998, 8.987995, 7.885278, 0.29863775]
Start for  2_8_6 [84/105]
Fin;generate all combinations 360360 ...time: 1.8493950366973877
Fin; energy prediction...time: 45.61088013648987
Egy stat [6.1707478, 7.939039, 6.8941836, 0.29108503]
Start for  2_7_7 [85/105]
Fin;generate all combinations 411840 ...time: 1.6004531383514404
Fin; energy prediction...time: 52.300660610198975
Egy stat [5.216687, 6.874935, 5.89022, 0.28155094]
Start for  2_6_8 [86/105]
Fin;generate all combinations 360360 ...time: 1.2819490432739258
Fin; energy prediction...time: 46.33865761756897
Egy stat [4.2545567, 5.8158703, 4.8735585, 0.26992607]
Start for  2_5_9 [87/105]
Fin;generate all combinations 240240 ...time: 0.956993579864502
Fin; energy prediction...time: 30.901554584503174
Egy stat [3.2762651, 4.6979055, 3.8441582, 0.2560867]
Start for  2_4_10 [88/105]
Fin;generate all combinations 120120 ...time: 0.253936767578125
Fin; energy prediction...time: 16.303074836730957
Egy stat [2.2854137, 3.5938787, 2.8017943, 0.23988664]
Start for  2_3_11 [89/105]
Fin;generate all combinations 43680 ...time: 0.09798336029052734
Fin; energy prediction...time: 6.575035095214844
Egy stat [1.2704496, 2.4888, 1.7460794, 0.22114795]
Start for  2_2_12 [90/105]
Fin;generate all combinations 10920 ...time: 0.028058290481567383
Fin; energy prediction...time: 2.3635780811309814
Egy stat [0.2853775, 1.4178514, 0.6765018, 0.1996489]
Start for  2_1_13 [91/105]
Fin;generate all combinations 1680 ...time: 0.005894184112548828
Fin; energy prediction...time: 1.1917777061462402
Egy stat [-0.70085526, 0.100055695, -0.40753835, 0.17509437]
Start for  1_14_1 [92/105]
Fin;generate all combinations 240 ...time: 0.001744985580444336
Fin; energy prediction...time: 0.9611489772796631
Egy stat [8.644802, 9.08984, 8.887366, 0.12232349]
Start for  1_13_2 [93/105]
Fin;generate all combinations 1680 ...time: 0.004087209701538086
Fin; energy prediction...time: 1.142796277999878
Egy stat [7.7036953, 8.306871, 8.014168, 0.13715829]
Start for  1_12_3 [94/105]
Fin;generate all combinations 7280 ...time: 0.016378164291381836
Fin; energy prediction...time: 1.860422134399414
Egy stat [6.757786, 7.475292, 7.122991, 0.14824839]
Start for  1_11_4 [95/105]
Fin;generate all combinations 21840 ...time: 0.04787182807922363
Fin; energy prediction...time: 3.7211551666259766
Egy stat [5.8175564, 6.6357822, 6.215208, 0.1560981]
Start for  1_10_5 [96/105]
Fin;generate all combinations 48048 ...time: 0.23558473587036133
Fin; energy prediction...time: 6.907812118530273
Egy stat [4.875931, 5.8132725, 5.291981, 0.16100676]
Start for  1_9_6 [97/105]
Fin;generate all combinations 80080 ...time: 0.36856985092163086
Fin; energy prediction...time: 10.930118322372437
Egy stat [3.9321308, 5.0400686, 4.354257, 0.16315849]
Start for  1_8_7 [98/105]
Fin;generate all combinations 102960 ...time: 0.379894495010376
Fin; energy prediction...time: 13.793647289276123
Egy stat [2.987173, 4.0341854, 3.4027617, 0.16265619]
Start for  1_7_8 [99/105]
Fin;generate all combinations 102960 ...time: 0.38716769218444824
Fin; energy prediction...time: 14.981744766235352
Egy stat [2.0431366, 2.961255, 2.4380085, 0.15953162]
Start for  1_6_9 [100/105]
Fin;generate all combinations 80080 ...time: 0.38680195808410645
Fin; energy prediction...time: 10.780434608459473
Egy stat [1.0716372, 1.8969278, 1.4603082, 0.15374011]
Start for  1_5_10 [101/105]
Fin;generate all combinations 48048 ...time: 0.10222697257995605
Fin; energy prediction...time: 7.214040279388428
Egy stat [0.10998535, 0.8647051, 0.46978405, 0.1451416]
Start for  1_4_11 [102/105]
Fin;generate all combinations 21840 ...time: 0.1366574764251709
Fin; energy prediction...time: 3.8624355792999268
Egy stat [-0.85520744, -0.20360088, -0.53360456, 0.13345776]
Start for  1_3_12 [103/105]
Fin;generate all combinations 7280 ...time: 0.018349885940551758
Fin; energy prediction...time: 1.9178178310394287
Egy stat [-1.8321791, -1.2431145, -1.5500363, 0.118170656]
Start for  1_2_13 [104/105]
Fin;generate all combinations 1680 ...time: 0.005246400833129883
Fin; energy prediction...time: 1.1624243259429932
Egy stat [-2.809956, -2.3071442, -2.5797977, 0.09823543]
Start for  1_1_14 [105/105]
Fin;generate all combinations 240 ...time: 0.0011937618255615234
Fin; energy prediction...time: 0.9456546306610107
Egy stat [-3.7587962, -3.3627882, -3.6232476, 0.07093037]
Saving....
Saved to... K_HgPbSn_I.pkl
Total elapsed time... 5632.918248653412
