Summary of calculations
Site name (A,B,C)... K Hg,Pb,Zn I
Base cif file name... ../0.cif
Save file name... K_HgPbZn_I.pkl
Fin; combination with repetition...time: 0.002005338668823242
Start for  14_1_1 [1/105]
Fin;generate all combinations 240 ...time: 0.0006022453308105469
Fin; energy prediction...time: 0.19432735443115234
Egy stat [34.00996, 34.709854, 34.393246, 0.20667638]
Start for  13_2_1 [2/105]
Fin;generate all combinations 1680 ...time: 0.0034775733947753906
Fin; energy prediction...time: 0.3723015785217285
Egy stat [33.757652, 35.396885, 34.454025, 0.35922676]
Start for  13_1_2 [3/105]
Fin;generate all combinations 1680 ...time: 0.003996610641479492
Fin; energy prediction...time: 0.3737294673919678
Egy stat [37.97506, 39.340775, 38.685753, 0.28168187]
Start for  12_3_1 [4/105]
Fin;generate all combinations 7280 ...time: 0.01194310188293457
Fin; energy prediction...time: 1.1635754108428955
Egy stat [32.960503, 35.7636, 34.291386, 0.49679902]
Start for  12_2_2 [5/105]
Fin;generate all combinations 10920 ...time: 0.01746344566345215
Fin; energy prediction...time: 1.6345789432525635
Egy stat [37.613003, 40.247604, 38.778366, 0.4291765]
Start for  12_1_3 [6/105]
Fin;generate all combinations 7280 ...time: 0.06283068656921387
Fin; energy prediction...time: 1.1877892017364502
Egy stat [41.915028, 43.84715, 42.954277, 0.3400168]
Start for  11_4_1 [7/105]
Fin;generate all combinations 21840 ...time: 0.08503961563110352
Fin; energy prediction...time: 3.091022253036499
Egy stat [31.994522, 36.203274, 33.889503, 0.61529666]
Start for  11_3_2 [8/105]
Fin;generate all combinations 43680 ...time: 0.12733936309814453
Fin; energy prediction...time: 5.570002317428589
Egy stat [36.956947, 40.629066, 38.63703, 0.5589611]
Start for  11_2_3 [9/105]
Fin;generate all combinations 43680 ...time: 0.1954517364501953
Fin; energy prediction...time: 5.5272886753082275
Egy stat [41.546253, 44.90346, 43.078026, 0.48634794]
Start for  11_1_4 [10/105]
Fin;generate all combinations 21840 ...time: 0.039754629135131836
Fin; energy prediction...time: 2.977936029434204
Egy stat [45.89136, 48.441082, 47.203995, 0.38432446]
Start for  10_5_1 [11/105]
Fin;generate all combinations 48048 ...time: 0.18268823623657227
Fin; energy prediction...time: 6.053286790847778
Egy stat [30.878159, 36.34499, 33.240852, 0.70982814]
Start for  10_4_2 [12/105]
Fin;generate all combinations 120120 ...time: 0.46305227279663086
Fin; energy prediction...time: 15.174458980560303
Egy stat [36.005272, 41.154095, 38.247654, 0.6681719]
Start for  10_3_3 [13/105]
Fin;generate all combinations 160160 ...time: 0.4342997074127197
Fin; energy prediction...time: 19.962899208068848
Egy stat [41.061237, 45.507687, 42.956112, 0.61231464]
Start for  10_2_4 [14/105]
Fin;generate all combinations 120120 ...time: 0.5954079627990723
Fin; energy prediction...time: 14.861891984939575
Egy stat [45.435486, 49.641933, 47.35924, 0.5311547]
Start for  10_1_5 [15/105]
Fin;generate all combinations 48048 ...time: 0.09756588935852051
Fin; energy prediction...time: 5.9535136222839355
Egy stat [49.90737, 52.902275, 51.440502, 0.41604516]
Start for  9_6_1 [16/105]
Fin;generate all combinations 80080 ...time: 0.24783635139465332
Fin; energy prediction...time: 9.960851669311523
Egy stat [29.585526, 36.346336, 32.34529, 0.7766793]
Start for  9_5_2 [17/105]
Fin;generate all combinations 240240 ...time: 0.7511005401611328
Fin; energy prediction...time: 29.371708393096924
Egy stat [34.70188, 41.08948, 37.60501, 0.7529546]
Start for  9_4_3 [18/105]
Fin;generate all combinations 400400 ...time: 1.3725597858428955
Fin; energy prediction...time: 49.20696043968201
Egy stat [40.046993, 46.256817, 42.57623, 0.71610546]
Start for  9_3_4 [19/105]
Fin;generate all combinations 400400 ...time: 1.5727009773254395
Fin; energy prediction...time: 49.24185013771057
Egy stat [44.938545, 50.465992, 47.25591, 0.65561]
Start for  9_2_5 [20/105]
Fin;generate all combinations 240240 ...time: 0.4445984363555908
Fin; energy prediction...time: 29.87456488609314
Egy stat [49.230072, 54.217506, 51.628555, 0.5642633]
Start for  9_1_6 [21/105]
Fin;generate all combinations 80080 ...time: 0.1785447597503662
Fin; energy prediction...time: 10.144379138946533
Egy stat [53.836555, 57.42919, 55.669956, 0.43625456]
Start for  8_7_1 [22/105]
Fin;generate all combinations 102960 ...time: 0.461301326751709
Fin; energy prediction...time: 13.264965772628784
Egy stat [27.915787, 36.333492, 31.208769, 0.8142115]
Start for  8_6_2 [23/105]
Fin;generate all combinations 360360 ...time: 1.3810994625091553
Fin; energy prediction...time: 44.072237968444824
Egy stat [33.14662, 41.09537, 36.711723, 0.8108221]
Start for  8_5_3 [24/105]
Fin;generate all combinations 720720 ...time: 2.460974931716919
Fin; energy prediction...time: 90.42311525344849
Egy stat [38.901695, 46.031254, 41.935474, 0.7948859]
Start for  8_4_4 [25/105]
Fin;generate all combinations 900900 ...time: 3.9025721549987793
Fin; energy prediction...time: 114.25287175178528
Egy stat [43.981197, 51.435307, 46.88355, 0.7564605]
Start for  8_3_5 [26/105]
Fin;generate all combinations 720720 ...time: 5.020925760269165
Fin; energy prediction...time: 89.3068916797638
Egy stat [48.656853, 55.08555, 51.543922, 0.6885516]
Start for  8_2_6 [27/105]
Fin;generate all combinations 360360 ...time: 1.8107092380523682
Fin; energy prediction...time: 44.53885221481323
Egy stat [53.03851, 58.92063, 55.892944, 0.5863771]
Start for  8_1_7 [28/105]
Fin;generate all combinations 102960 ...time: 0.23518037796020508
Fin; energy prediction...time: 13.172639846801758
Egy stat [57.841988, 61.62023, 59.89916, 0.44584143]
Start for  7_8_1 [29/105]
Fin;generate all combinations 102960 ...time: 0.442493200302124
Fin; energy prediction...time: 13.059122085571289
Egy stat [27.027729, 36.043133, 29.841503, 0.8230255]
Start for  7_7_2 [30/105]
Fin;generate all combinations 411840 ...time: 1.5082523822784424
Fin; energy prediction...time: 50.82693862915039
Egy stat [32.215252, 40.789486, 35.576714, 0.841681]
Start for  7_6_3 [31/105]
Fin;generate all combinations 960960 ...time: 3.7298266887664795
Fin; energy prediction...time: 118.28708219528198
Egy stat [37.57097, 45.794247, 41.039165, 0.8474503]
Start for  7_5_4 [32/105]
Fin;generate all combinations 1441440 ...time: 6.594419479370117
Fin; energy prediction...time: 175.68112111091614
Egy stat [42.98867, 50.736378, 46.241573, 0.8316926]
Start for  7_4_5 [33/105]
Fin;generate all combinations 1441440 ...time: 6.093051433563232
Fin; energy prediction...time: 183.06203317642212
Egy stat [48.022488, 55.896065, 51.178066, 0.7878986]
Start for  7_3_6 [34/105]
Fin;generate all combinations 960960 ...time: 1.6972017288208008
Fin; energy prediction...time: 119.46220016479492
Egy stat [52.546062, 59.636215, 55.828003, 0.7111898]
Start for  7_2_7 [35/105]
Fin;generate all combinations 411840 ...time: 0.7905027866363525
Fin; energy prediction...time: 52.21398591995239
Egy stat [57.129723, 63.040962, 60.15989, 0.5981012]
Start for  7_1_8 [36/105]
Fin;generate all combinations 102960 ...time: 0.9649498462677002
Fin; energy prediction...time: 13.502774477005005
Egy stat [62.018997, 65.73613, 64.13539, 0.44551295]
Start for  6_9_1 [37/105]
Fin;generate all combinations 80080 ...time: 0.3951833248138428
Fin; energy prediction...time: 10.547354936599731
Egy stat [26.047989, 32.91471, 28.25601, 0.80565554]
Start for  6_8_2 [38/105]
Fin;generate all combinations 360360 ...time: 1.686497449874878
Fin; energy prediction...time: 44.094037771224976
Egy stat [31.043877, 40.238476, 34.21333, 0.8480775]
Start for  6_7_3 [39/105]
Fin;generate all combinations 960960 ...time: 4.020691633224487
Fin; energy prediction...time: 119.2791006565094
Egy stat [36.38203, 45.289867, 39.89913, 0.87533784]
Start for  6_6_4 [40/105]
Fin;generate all combinations 1681680 ...time: 6.659590005874634
Fin; energy prediction...time: 204.5713129043579
Egy stat [41.781666, 50.601906, 45.337967, 0.88129634]
Start for  6_5_5 [41/105]
Fin;generate all combinations 2018016 ...time: 10.645148277282715
Fin; energy prediction...time: 247.08007192611694
Egy stat [46.90541, 55.425896, 50.532784, 0.8609185]
Start for  6_4_6 [42/105]
Fin;generate all combinations 1681680 ...time: 11.004015922546387
Fin; energy prediction...time: 205.45221853256226
Egy stat [51.75091, 60.483772, 55.46855, 0.8096279]
Start for  6_3_7 [43/105]
Fin;generate all combinations 960960 ...time: 4.657479524612427
Fin; energy prediction...time: 121.1209626197815
Egy stat [56.34855, 63.83017, 60.116287, 0.7235812]
Start for  6_2_8 [44/105]
Fin;generate all combinations 360360 ...time: 0.693885326385498
Fin; energy prediction...time: 45.32949686050415
Egy stat [61.268562, 67.26962, 64.43717, 0.5998237]
Start for  6_1_9 [45/105]
Fin;generate all combinations 80080 ...time: 0.19757485389709473
Fin; energy prediction...time: 10.81393575668335
Egy stat [66.45143, 69.90122, 68.38619, 0.43572974]
Start for  5_10_1 [46/105]
Fin;generate all combinations 48048 ...time: 0.10567307472229004
Fin; energy prediction...time: 6.997007608413696
Egy stat [24.468304, 30.172173, 26.4648, 0.7659173]
Start for  5_9_2 [47/105]
Fin;generate all combinations 240240 ...time: 0.8431563377380371
Fin; energy prediction...time: 29.975587606430054
Egy stat [29.791859, 37.249214, 32.637196, 0.8349653]
Start for  5_8_3 [48/105]
Fin;generate all combinations 720720 ...time: 2.587254285812378
Fin; energy prediction...time: 90.69133949279785
Egy stat [35.039032, 44.353794, 38.531803, 0.88311917]
Start for  5_7_4 [49/105]
Fin;generate all combinations 1441440 ...time: 7.524850368499756
Fin; energy prediction...time: 174.699321269989
Egy stat [40.569645, 49.6354, 44.187363, 0.9083838]
Start for  5_6_5 [50/105]
Fin;generate all combinations 2018016 ...time: 9.121573686599731
Fin; energy prediction...time: 256.54745149612427
Egy stat [45.664043, 55.26941, 49.61854, 0.9086879]
Start for  5_5_6 [51/105]
Fin;generate all combinations 2018016 ...time: 7.379188776016235
Fin; energy prediction...time: 249.18778944015503
Egy stat [50.83334, 60.16011, 54.818657, 0.880778]
Start for  5_4_7 [52/105]
Fin;generate all combinations 1441440 ...time: 6.376454830169678
Fin; energy prediction...time: 178.7241792678833
Egy stat [55.40986, 64.77234, 59.763905, 0.820933]
Start for  5_3_8 [53/105]
Fin;generate all combinations 720720 ...time: 3.8065192699432373
Fin; energy prediction...time: 89.7517900466919
Egy stat [60.30414, 68.08944, 64.4172, 0.72555894]
Start for  5_2_9 [54/105]
Fin;generate all combinations 240240 ...time: 0.5434916019439697
Fin; energy prediction...time: 31.21858024597168
Egy stat [65.825035, 71.49272, 68.732666, 0.5915947]
Start for  5_1_10 [55/105]
Fin;generate all combinations 48048 ...time: 0.13641715049743652
Fin; energy prediction...time: 7.008193016052246
Egy stat [70.98247, 74.078094, 72.659065, 0.41659352]
Start for  4_11_1 [56/105]
Fin;generate all combinations 21840 ...time: 0.05481123924255371
Fin; energy prediction...time: 3.488300085067749
Egy stat [22.70544, 27.75597, 24.4781, 0.70790476]
Start for  4_10_2 [57/105]
Fin;generate all combinations 120120 ...time: 0.43764209747314453
Fin; energy prediction...time: 15.342326164245605
Egy stat [28.4622, 34.823162, 30.863888, 0.80906695]
Start for  4_9_3 [58/105]
Fin;generate all combinations 400400 ...time: 1.6739754676818848
Fin; energy prediction...time: 49.338133335113525
Egy stat [33.75331, 41.622543, 36.95589, 0.8781396]
Start for  4_8_4 [59/105]
Fin;generate all combinations 900900 ...time: 3.12786865234375
Fin; energy prediction...time: 111.97578406333923
Egy stat [38.968212, 48.52229, 42.809185, 0.91943425]
Start for  4_7_5 [60/105]
Fin;generate all combinations 1441440 ...time: 7.3245391845703125
Fin; energy prediction...time: 176.05855441093445
Egy stat [44.555683, 54.02307, 48.452797, 0.9358086]
Start for  4_6_6 [61/105]
Fin;generate all combinations 1681680 ...time: 8.681184530258179
Fin; energy prediction...time: 215.2678530216217
Egy stat [49.595013, 60.00009, 53.891426, 0.9267172]
Start for  4_5_7 [62/105]
Fin;generate all combinations 1441440 ...time: 6.6513519287109375
Fin; energy prediction...time: 179.80421686172485
Egy stat [54.37005, 64.4461, 59.109047, 0.88958734]
Start for  4_4_8 [63/105]
Fin;generate all combinations 900900 ...time: 4.262160539627075
Fin; energy prediction...time: 109.73708486557007
Egy stat [59.059418, 69.19114, 64.073105, 0.82084894]
Start for  4_3_9 [64/105]
Fin;generate all combinations 400400 ...time: 0.7773990631103516
Fin; energy prediction...time: 49.62924265861511
Egy stat [65.055084, 72.45678, 68.739, 0.71654576]
Start for  4_2_10 [65/105]
Fin;generate all combinations 120120 ...time: 0.26924657821655273
Fin; energy prediction...time: 16.39184880256653
Egy stat [70.40853, 75.842, 73.05406, 0.57298625]
Start for  4_1_11 [66/105]
Fin;generate all combinations 21840 ...time: 0.05749630928039551
Fin; energy prediction...time: 3.8203275203704834
Egy stat [75.58012, 78.15534, 76.96102, 0.3876676]
Start for  3_12_1 [67/105]
Fin;generate all combinations 7280 ...time: 0.0198671817779541
Fin; energy prediction...time: 1.807708740234375
Egy stat [20.78548, 25.367748, 22.301752, 0.634574]
Start for  3_11_2 [68/105]
Fin;generate all combinations 43680 ...time: 0.0813450813293457
Fin; energy prediction...time: 6.2740349769592285
Egy stat [27.055462, 32.389397, 28.906502, 0.7776914]
Start for  3_10_3 [69/105]
Fin;generate all combinations 160160 ...time: 0.6270103454589844
Fin; energy prediction...time: 20.31509232521057
Egy stat [32.431572, 39.19121, 35.19, 0.86965466]
Start for  3_9_4 [70/105]
Fin;generate all combinations 400400 ...time: 1.5271730422973633
Fin; energy prediction...time: 49.20249128341675
Egy stat [37.691307, 45.81066, 41.225163, 0.92387104]
Start for  3_8_5 [71/105]
Fin;generate all combinations 720720 ...time: 3.1171462535858154
Fin; energy prediction...time: 87.88855719566345
Egy stat [43.03703, 52.524017, 47.05784, 0.9505417]
Start for  3_7_6 [72/105]
Fin;generate all combinations 960960 ...time: 4.878725051879883
Fin; energy prediction...time: 118.69031000137329
Egy stat [48.220757, 57.854546, 52.706944, 0.9534997]
Start for  3_6_7 [73/105]
Fin;generate all combinations 960960 ...time: 3.457916736602783
Fin; energy prediction...time: 116.32411599159241
Egy stat [53.36903, 63.569855, 58.167244, 0.9325727]
Start for  3_5_8 [74/105]
Fin;generate all combinations 720720 ...time: 4.6029675006866455
Fin; energy prediction...time: 88.07562446594238
Egy stat [58.08474, 67.80424, 63.41352, 0.8853437]
Start for  3_4_9 [75/105]
Fin;generate all combinations 400400 ...time: 0.8380448818206787
Fin; energy prediction...time: 51.17786455154419
Egy stat [64.11971, 72.337685, 68.40497, 0.80789536]
Start for  3_3_10 [76/105]
Fin;generate all combinations 160160 ...time: 0.366959810256958
Fin; energy prediction...time: 20.595288276672363
Egy stat [69.92738, 75.97587, 73.08966, 0.69536066]
Start for  3_2_11 [77/105]
Fin;generate all combinations 43680 ...time: 0.34538888931274414
Fin; energy prediction...time: 6.595737934112549
Egy stat [75.32963, 79.74233, 77.40838, 0.5428889]
Start for  3_1_12 [78/105]
Fin;generate all combinations 7280 ...time: 0.02354145050048828
Fin; energy prediction...time: 1.8184535503387451
Egy stat [80.23998, 82.19756, 81.29822, 0.34760723]
Start for  2_13_1 [79/105]
Fin;generate all combinations 1680 ...time: 0.006157398223876953
Fin; energy prediction...time: 1.026845932006836
Egy stat [18.694736, 21.779594, 19.93558, 0.5458188]
Start for  2_12_2 [80/105]
Fin;generate all combinations 10920 ...time: 0.023188114166259766
Fin; energy prediction...time: 2.283759355545044
Egy stat [24.950737, 30.335262, 26.773518, 0.74683255]
Start for  2_11_3 [81/105]
Fin;generate all combinations 43680 ...time: 0.15571045875549316
Fin; energy prediction...time: 6.340213298797607
Egy stat [30.874557, 36.99135, 33.250217, 0.86705357]
Start for  2_10_4 [82/105]
Fin;generate all combinations 120120 ...time: 0.46645331382751465
Fin; energy prediction...time: 15.818676233291626
Egy stat [36.330116, 43.52589, 39.45696, 0.93276215]
Start for  2_9_5 [83/105]
Fin;generate all combinations 240240 ...time: 1.1389837265014648
Fin; energy prediction...time: 29.9564471244812
Egy stat [41.90653, 49.772366, 45.458336, 0.96410376]
Start for  2_8_6 [84/105]
Fin;generate all combinations 360360 ...time: 1.5896034240722656
Fin; energy prediction...time: 45.013160705566406
Egy stat [46.971134, 56.572983, 51.29024, 0.97113943]
Start for  2_7_7 [85/105]
Fin;generate all combinations 411840 ...time: 1.4025511741638184
Fin; energy prediction...time: 53.54964828491211
Egy stat [51.75233, 61.727043, 56.961285, 0.9574315]
Start for  2_6_8 [86/105]
Fin;generate all combinations 360360 ...time: 1.5299530029296875
Fin; energy prediction...time: 46.41395163536072
Egy stat [56.824196, 67.1856, 62.456455, 0.9229871]
Start for  2_5_9 [87/105]
Fin;generate all combinations 240240 ...time: 1.123445987701416
Fin; energy prediction...time: 30.53271245956421
Egy stat [63.33799, 71.378716, 67.74153, 0.8653364]
Start for  2_4_10 [88/105]
Fin;generate all combinations 120120 ...time: 0.25771617889404297
Fin; energy prediction...time: 16.25080966949463
Egy stat [69.175705, 75.75666, 72.76779, 0.7797793]
Start for  2_3_11 [89/105]
Fin;generate all combinations 43680 ...time: 0.09811210632324219
Fin; energy prediction...time: 6.387279987335205
Egy stat [74.8893, 79.68535, 77.476265, 0.6599321]
Start for  2_2_12 [90/105]
Fin;generate all combinations 10920 ...time: 0.029572725296020508
Fin; energy prediction...time: 2.2480878829956055
Egy stat [80.198105, 83.73947, 81.80163, 0.49910536]
Start for  2_1_13 [91/105]
Fin;generate all combinations 1680 ...time: 0.006119489669799805
Fin; energy prediction...time: 1.0640912055969238
Egy stat [84.95521, 86.34957, 85.67553, 0.29317084]
Start for  1_14_1 [92/105]
Fin;generate all combinations 240 ...time: 0.001506805419921875
Fin; energy prediction...time: 0.824671745300293
Egy stat [16.412735, 18.37953, 17.372562, 0.43551287]
Start for  1_13_2 [93/105]
Fin;generate all combinations 1680 ...time: 0.0040361881256103516
Fin; energy prediction...time: 1.0067822933197021
Egy stat [23.063541, 26.80677, 24.467054, 0.71871656]
Start for  1_12_3 [94/105]
Fin;generate all combinations 7280 ...time: 0.0161898136138916
Fin; energy prediction...time: 1.7384982109069824
Egy stat [28.998562, 35.07805, 31.14784, 0.8770974]
Start for  1_11_4 [95/105]
Fin;generate all combinations 21840 ...time: 0.04688596725463867
Fin; energy prediction...time: 3.4986188411712646
Egy stat [34.547123, 41.463436, 37.523674, 0.9563592]
Start for  1_10_5 [96/105]
Fin;generate all combinations 48048 ...time: 0.23326849937438965
Fin; energy prediction...time: 7.085143327713013
Egy stat [40.317482, 47.406128, 43.67897, 0.9888314]
Start for  1_9_6 [97/105]
Fin;generate all combinations 80080 ...time: 0.2764015197753906
Fin; energy prediction...time: 10.753586053848267
Egy stat [45.577175, 53.754303, 49.6689, 0.99255973]
Start for  1_8_7 [98/105]
Fin;generate all combinations 102960 ...time: 0.3757326602935791
Fin; energy prediction...time: 13.513549566268921
Egy stat [50.321194, 60.626633, 55.518867, 0.97607183]
Start for  1_7_8 [99/105]
Fin;generate all combinations 102960 ...time: 0.38230252265930176
Fin; energy prediction...time: 13.61855411529541
Egy stat [55.37319, 65.55462, 61.227146, 0.9429314]
Start for  1_6_9 [100/105]
Fin;generate all combinations 80080 ...time: 0.338606595993042
Fin; energy prediction...time: 11.003058433532715
Egy stat [62.37902, 70.80267, 66.769066, 0.89365417]
Start for  1_5_10 [101/105]
Fin;generate all combinations 48048 ...time: 0.22692584991455078
Fin; energy prediction...time: 6.84256911277771
Egy stat [68.67425, 75.31071, 72.10179, 0.8256445]
Start for  1_4_11 [102/105]
Fin;generate all combinations 21840 ...time: 0.04829692840576172
Fin; energy prediction...time: 3.58845853805542
Egy stat [74.35483, 79.99613, 77.16895, 0.73290306]
Start for  1_3_12 [103/105]
Fin;generate all combinations 7280 ...time: 0.01831841468811035
Fin; energy prediction...time: 1.8052070140838623
Egy stat [79.999115, 83.89696, 81.90489, 0.6067022]
Start for  1_2_13 [104/105]
Fin;generate all combinations 1680 ...time: 0.058383941650390625
Fin; energy prediction...time: 1.0445663928985596
Egy stat [85.22352, 87.59568, 86.23842, 0.43731833]
Start for  1_1_14 [105/105]
Fin;generate all combinations 240 ...time: 0.0014443397521972656
Fin; energy prediction...time: 0.8192625045776367
Egy stat [89.74387, 90.48488, 90.096146, 0.21540402]
Saving....
Saved to... K_HgPbZn_I.pkl
Total elapsed time... 5581.05141544342
