Summary of calculations
Site name (A,B,C)... K Hg,Sn,Zn Br
Base cif file name... ../0.cif
Save file name... K_HgSnZn_Br.pkl
Fin; combination with repetition...time: 0.0017957687377929688
Start for  14_1_1 [1/105]
Fin;generate all combinations 240 ...time: 0.0006222724914550781
Fin; energy prediction...time: 0.18862128257751465
Egy stat [-9.443081, -9.099103, -9.26596, 0.08978296]
Start for  13_2_1 [2/105]
Fin;generate all combinations 1680 ...time: 0.0037271976470947266
Fin; energy prediction...time: 0.3588690757751465
Egy stat [-10.7290125, -9.186156, -10.302897, 0.29991162]
Start for  13_1_2 [3/105]
Fin;generate all combinations 1680 ...time: 0.004069089889526367
Fin; energy prediction...time: 0.3595466613769531
Egy stat [-6.690745, -5.7011766, -6.2242546, 0.16731113]
Start for  12_3_1 [4/105]
Fin;generate all combinations 7280 ...time: 0.012125015258789062
Fin; energy prediction...time: 1.1065261363983154
Egy stat [-11.885484, -10.125239, -11.193231, 0.37081933]
Start for  12_2_2 [5/105]
Fin;generate all combinations 10920 ...time: 0.016988754272460938
Fin; energy prediction...time: 1.563971996307373
Egy stat [-7.956069, -5.580994, -7.2207413, 0.3465881]
Start for  12_1_3 [6/105]
Fin;generate all combinations 7280 ...time: 0.06459784507751465
Fin; energy prediction...time: 1.1862432956695557
Egy stat [-4.0238047, -2.4818869, -3.1963928, 0.23406494]
Start for  11_4_1 [7/105]
Fin;generate all combinations 21840 ...time: 0.08718729019165039
Fin; energy prediction...time: 2.8908417224884033
Egy stat [-12.947132, -9.993201, -12.001978, 0.38266042]
Start for  11_3_2 [8/105]
Fin;generate all combinations 43680 ...time: 0.11794304847717285
Fin; energy prediction...time: 5.797551870346069
Egy stat [-9.086001, -6.4485703, -8.05947, 0.41684535]
Start for  11_2_3 [9/105]
Fin;generate all combinations 43680 ...time: 0.13803791999816895
Fin; energy prediction...time: 5.618452548980713
Egy stat [-5.3272686, -2.3365517, -4.1588798, 0.40245056]
Start for  11_1_4 [10/105]
Fin;generate all combinations 21840 ...time: 0.04060244560241699
Fin; energy prediction...time: 2.98134708404541
Egy stat [-1.2548866, 1.1150789, -0.19214252, 0.28906718]
Start for  10_5_1 [11/105]
Fin;generate all combinations 48048 ...time: 0.1823585033416748
Fin; energy prediction...time: 6.053828477859497
Egy stat [-13.710651, -10.854766, -12.7874975, 0.38225302]
Start for  10_4_2 [12/105]
Fin;generate all combinations 120120 ...time: 0.5016164779663086
Fin; energy prediction...time: 15.103569030761719
Egy stat [-10.156997, -6.2488785, -8.808732, 0.43203494]
Start for  10_3_3 [13/105]
Fin;generate all combinations 160160 ...time: 0.4091315269470215
Fin; energy prediction...time: 20.08411407470703
Egy stat [-6.4808354, -3.1962, -4.9538245, 0.47687355]
Start for  10_2_4 [14/105]
Fin;generate all combinations 120120 ...time: 0.588078498840332
Fin; energy prediction...time: 14.927547931671143
Egy stat [-2.7489767, 1.2799549, -1.1261275, 0.45751962]
Start for  10_1_5 [15/105]
Fin;generate all combinations 48048 ...time: 0.09782004356384277
Fin; energy prediction...time: 6.269624710083008
Egy stat [1.435689, 4.101877, 2.7790139, 0.33354047]
Start for  9_6_1 [16/105]
Fin;generate all combinations 80080 ...time: 0.24703288078308105
Fin; energy prediction...time: 10.26729440689087
Egy stat [-14.876228, -10.807593, -13.599459, 0.39849225]
Start for  9_5_2 [17/105]
Fin;generate all combinations 240240 ...time: 0.6541318893432617
Fin; energy prediction...time: 29.744487524032593
Egy stat [-10.845517, -7.060237, -9.5290785, 0.43778202]
Start for  9_4_3 [18/105]
Fin;generate all combinations 400400 ...time: 1.2278776168823242
Fin; energy prediction...time: 49.038750410079956
Egy stat [-7.464938, -2.9685416, -5.65237, 0.49979225]
Start for  9_3_4 [19/105]
Fin;generate all combinations 400400 ...time: 1.5948402881622314
Fin; energy prediction...time: 49.57552766799927
Egy stat [-3.9852023, 0.57060146, -1.8841925, 0.53980625]
Start for  9_2_5 [20/105]
Fin;generate all combinations 240240 ...time: 0.8785891532897949
Fin; energy prediction...time: 29.82706117630005
Egy stat [-0.22025299, 4.2534876, 1.8687888, 0.50773495]
Start for  9_1_6 [21/105]
Fin;generate all combinations 80080 ...time: 0.1769561767578125
Fin; energy prediction...time: 11.140801191329956
Egy stat [4.1965036, 7.479782, 5.7080755, 0.36831424]
Start for  8_7_1 [22/105]
Fin;generate all combinations 102960 ...time: 0.4836084842681885
Fin; energy prediction...time: 13.00048542022705
Egy stat [-15.91503, -11.306231, -14.47721, 0.4312952]
Start for  8_6_2 [23/105]
Fin;generate all combinations 360360 ...time: 1.4058942794799805
Fin; energy prediction...time: 44.3386607170105
Egy stat [-12.084629, -6.9656672, -10.271464, 0.461794]
Start for  8_5_3 [24/105]
Fin;generate all combinations 720720 ...time: 2.688859701156616
Fin; energy prediction...time: 88.40790128707886
Egy stat [-8.325417, -3.7550764, -6.3168454, 0.5144362]
Start for  8_4_4 [25/105]
Fin;generate all combinations 900900 ...time: 4.005676507949829
Fin; energy prediction...time: 112.21946239471436
Egy stat [-5.2508817, 0.9250879, -2.539862, 0.5728992]
Start for  8_3_5 [26/105]
Fin;generate all combinations 720720 ...time: 5.245006322860718
Fin; energy prediction...time: 91.06723880767822
Egy stat [-1.477212, 3.6525774, 1.1414562, 0.60018736]
Start for  8_2_6 [27/105]
Fin;generate all combinations 360360 ...time: 0.6693754196166992
Fin; energy prediction...time: 48.46053409576416
Egy stat [2.2015104, 7.6891003, 4.8174324, 0.5512591]
Start for  8_1_7 [28/105]
Fin;generate all combinations 102960 ...time: 0.226806640625
Fin; energy prediction...time: 13.487377882003784
Egy stat [7.0456142, 10.646973, 8.58671, 0.39343488]
Start for  7_8_1 [29/105]
Fin;generate all combinations 102960 ...time: 0.4086437225341797
Fin; energy prediction...time: 13.080169677734375
Egy stat [-17.258696, -11.039875, -15.44867, 0.46260145]
Start for  7_7_2 [30/105]
Fin;generate all combinations 411840 ...time: 1.5292062759399414
Fin; energy prediction...time: 50.762035608291626
Egy stat [-13.135948, -7.752807, -11.075848, 0.50369203]
Start for  7_6_3 [31/105]
Fin;generate all combinations 960960 ...time: 3.233508586883545
Fin; energy prediction...time: 119.57684016227722
Egy stat [-9.219923, -3.69584, -6.999149, 0.54649943]
Start for  7_5_4 [32/105]
Fin;generate all combinations 1441440 ...time: 5.298413515090942
Fin; energy prediction...time: 179.14471697807312
Egy stat [-6.0345054, -0.32537937, -3.1568213, 0.59765714]
Start for  7_4_5 [33/105]
Fin;generate all combinations 1441440 ...time: 5.972358703613281
Fin; energy prediction...time: 183.00509309768677
Egy stat [-2.6820006, 4.0416775, 0.5216011, 0.6447184]
Start for  7_3_6 [34/105]
Fin;generate all combinations 960960 ...time: 4.125366449356079
Fin; energy prediction...time: 118.84931778907776
Egy stat [0.9301481, 6.826456, 4.1152797, 0.65520185]
Start for  7_2_7 [35/105]
Fin;generate all combinations 411840 ...time: 0.7139930725097656
Fin; energy prediction...time: 52.92235589027405
Egy stat [5.0575285, 10.443224, 7.7118564, 0.5869082]
Start for  7_1_8 [36/105]
Fin;generate all combinations 102960 ...time: 0.23790621757507324
Fin; energy prediction...time: 14.345349550247192
Egy stat [9.86887, 14.012938, 11.40743, 0.40821436]
Start for  6_9_1 [37/105]
Fin;generate all combinations 80080 ...time: 0.15373444557189941
Fin; energy prediction...time: 11.155404090881348
Egy stat [-17.981073, -12.995792, -16.529858, 0.47607335]
Start for  6_8_2 [38/105]
Fin;generate all combinations 360360 ...time: 1.425920009613037
Fin; energy prediction...time: 44.77544569969177
Egy stat [-14.470394, -7.3296127, -11.970299, 0.54647875]
Start for  6_7_3 [39/105]
Fin;generate all combinations 960960 ...time: 4.067124843597412
Fin; energy prediction...time: 119.30806612968445
Egy stat [-10.071507, -4.163685, -7.739572, 0.5961328]
Start for  6_6_4 [40/105]
Fin;generate all combinations 1681680 ...time: 5.9668474197387695
Fin; energy prediction...time: 208.03186464309692
Egy stat [-6.7970467, -0.19999313, -3.7875516, 0.6380542]
Start for  6_5_5 [41/105]
Fin;generate all combinations 2018016 ...time: 9.306696891784668
Fin; energy prediction...time: 251.45744848251343
Egy stat [-3.7134628, 3.1665907, -0.055383783, 0.6801423]
Start for  6_4_6 [42/105]
Fin;generate all combinations 1681680 ...time: 6.495877265930176
Fin; energy prediction...time: 214.45932579040527
Egy stat [-0.2201395, 7.2301483, 3.524812, 0.7117961]
Start for  6_3_7 [43/105]
Fin;generate all combinations 960960 ...time: 1.733062982559204
Fin; energy prediction...time: 121.61432194709778
Egy stat [3.2624817, 9.595272, 7.0297737, 0.7031276]
Start for  6_2_8 [44/105]
Fin;generate all combinations 360360 ...time: 2.716167449951172
Fin; energy prediction...time: 47.01076865196228
Egy stat [7.9858303, 13.880909, 10.544804, 0.61365384]
Start for  6_1_9 [45/105]
Fin;generate all combinations 80080 ...time: 0.22127032279968262
Fin; energy prediction...time: 11.08073353767395
Egy stat [12.628506, 16.33053, 14.163776, 0.41147658]
Start for  5_10_1 [46/105]
Fin;generate all combinations 48048 ...time: 0.10825061798095703
Fin; energy prediction...time: 6.628602743148804
Egy stat [-18.92877, -15.071722, -17.72513, 0.46488753]
Start for  5_9_2 [47/105]
Fin;generate all combinations 240240 ...time: 0.8231790065765381
Fin; energy prediction...time: 30.282853603363037
Egy stat [-15.095296, -9.491841, -12.97072, 0.57482624]
Start for  5_8_3 [48/105]
Fin;generate all combinations 720720 ...time: 3.169616222381592
Fin; energy prediction...time: 89.1800434589386
Egy stat [-11.399914, -3.8524542, -8.5661545, 0.6486757]
Start for  5_7_4 [49/105]
Fin;generate all combinations 1441440 ...time: 6.236634969711304
Fin; energy prediction...time: 181.2068066596985
Egy stat [-7.455003, -0.64365673, -4.472424, 0.6951974]
Start for  5_6_5 [50/105]
Fin;generate all combinations 2018016 ...time: 6.039146184921265
Fin; energy prediction...time: 261.1105237007141
Egy stat [-4.4412346, 2.886835, -0.6422235, 0.7292156]
Start for  5_5_6 [51/105]
Fin;generate all combinations 2018016 ...time: 7.7752745151519775
Fin; energy prediction...time: 250.67739462852478
Egy stat [-1.4010229, 6.1043243, 2.9809213, 0.7581699]
Start for  5_4_7 [52/105]
Fin;generate all combinations 1441440 ...time: 6.1529481410980225
Fin; energy prediction...time: 177.86946988105774
Egy stat [2.0271826, 10.165621, 6.462758, 0.7721185]
Start for  5_3_8 [53/105]
Fin;generate all combinations 720720 ...time: 3.7302303314208984
Fin; energy prediction...time: 89.49342632293701
Egy stat [6.201456, 12.890808, 9.877982, 0.7427691]
Start for  5_2_9 [54/105]
Fin;generate all combinations 240240 ...time: 0.50370192527771
Fin; energy prediction...time: 30.820388555526733
Egy stat [10.938633, 16.31514, 13.309911, 0.63062406]
Start for  5_1_10 [55/105]
Fin;generate all combinations 48048 ...time: 0.13822507858276367
Fin; energy prediction...time: 7.780547857284546
Egy stat [15.477495, 18.697128, 16.85049, 0.401875]
Start for  4_11_1 [56/105]
Fin;generate all combinations 21840 ...time: 0.054157257080078125
Fin; energy prediction...time: 3.5200798511505127
Egy stat [-20.128275, -16.948065, -19.02828, 0.43076563]
Start for  4_10_2 [57/105]
Fin;generate all combinations 120120 ...time: 0.5084896087646484
Fin; energy prediction...time: 15.49817943572998
Egy stat [-15.973808, -11.076137, -14.081226, 0.58239067]
Start for  4_9_3 [58/105]
Fin;generate all combinations 400400 ...time: 1.655282974243164
Fin; energy prediction...time: 49.859440326690674
Egy stat [-12.120967, -5.835441, -9.494567, 0.6904654]
Start for  4_8_4 [59/105]
Fin;generate all combinations 900900 ...time: 3.8228116035461426
Fin; energy prediction...time: 113.4249017238617
Egy stat [-8.522634, -0.13150787, -5.239267, 0.75695896]
Start for  4_7_5 [60/105]
Fin;generate all combinations 1441440 ...time: 6.19601845741272
Fin; energy prediction...time: 177.55979251861572
Egy stat [-5.191723, 2.484231, -1.2791234, 0.7941863]
Start for  4_6_6 [61/105]
Fin;generate all combinations 1681680 ...time: 6.949514150619507
Fin; energy prediction...time: 206.66941666603088
Egy stat [-2.5091658, 6.209482, 2.430956, 0.81630445]
Start for  4_5_7 [62/105]
Fin;generate all combinations 1441440 ...time: 8.408575534820557
Fin; energy prediction...time: 179.62983632087708
Egy stat [0.76173973, 9.095409, 5.9455905, 0.8296632]
Start for  4_4_8 [63/105]
Fin;generate all combinations 900900 ...time: 4.017652273178101
Fin; energy prediction...time: 113.78409314155579
Egy stat [4.5548067, 13.175182, 9.32884, 0.8244557]
Start for  4_3_9 [64/105]
Fin;generate all combinations 400400 ...time: 2.8285694122314453
Fin; energy prediction...time: 51.20884823799133
Egy stat [9.365744, 15.369108, 12.653737, 0.7733987]
Start for  4_2_10 [65/105]
Fin;generate all combinations 120120 ...time: 0.2951664924621582
Fin; energy prediction...time: 16.527026891708374
Egy stat [13.788794, 18.743132, 16.00192, 0.6373335]
Start for  4_1_11 [66/105]
Fin;generate all combinations 21840 ...time: 0.06841063499450684
Fin; energy prediction...time: 3.5241618156433105
Egy stat [18.257404, 21.000282, 19.463665, 0.37816066]
Start for  3_12_1 [67/105]
Fin;generate all combinations 7280 ...time: 0.021254539489746094
Fin; energy prediction...time: 1.717829942703247
Egy stat [-21.442722, -18.691563, -20.424576, 0.38014808]
Start for  3_11_2 [68/105]
Fin;generate all combinations 43680 ...time: 0.14650440216064453
Fin; energy prediction...time: 6.100846767425537
Egy stat [-16.901237, -12.825122, -15.29534, 0.5709639]
Start for  3_10_3 [69/105]
Fin;generate all combinations 160160 ...time: 0.619642972946167
Fin; energy prediction...time: 20.480371713638306
Egy stat [-12.977577, -7.457697, -10.528631, 0.7156506]
Start for  3_9_4 [70/105]
Fin;generate all combinations 400400 ...time: 1.6074950695037842
Fin; energy prediction...time: 50.15743279457092
Egy stat [-9.355671, -1.9669247, -6.1034193, 0.81144243]
Start for  3_8_5 [71/105]
Fin;generate all combinations 720720 ...time: 2.580089807510376
Fin; energy prediction...time: 91.00843381881714
Egy stat [-5.927122, 2.9080324, -1.9935422, 0.86531323]
Start for  3_7_6 [72/105]
Fin;generate all combinations 960960 ...time: 3.6675221920013428
Fin; energy prediction...time: 124.41802048683167
Egy stat [-3.2035542, 5.6499653, 1.8350911, 0.88965535]
Start for  3_6_7 [73/105]
Fin;generate all combinations 960960 ...time: 4.248276710510254
Fin; energy prediction...time: 120.03331851959229
Egy stat [-0.29481697, 9.087324, 5.425974, 0.89731073]
Start for  3_5_8 [74/105]
Fin;generate all combinations 720720 ...time: 5.71523118019104
Fin; energy prediction...time: 90.4646098613739
Egy stat [3.2059526, 12.190363, 8.832382, 0.89347994]
Start for  3_4_9 [75/105]
Fin;generate all combinations 400400 ...time: 0.8167757987976074
Fin; energy prediction...time: 53.66852521896362
Egy stat [7.9114933, 15.733704, 12.117103, 0.86825925]
Start for  3_3_10 [76/105]
Fin;generate all combinations 160160 ...time: 0.36296796798706055
Fin; energy prediction...time: 21.213054180145264
Egy stat [12.419893, 17.990236, 15.351851, 0.79493356]
Start for  3_2_11 [77/105]
Fin;generate all combinations 43680 ...time: 0.10279321670532227
Fin; energy prediction...time: 6.269891977310181
Egy stat [16.665281, 21.243988, 18.616825, 0.6339916]
Start for  3_1_12 [78/105]
Fin;generate all combinations 7280 ...time: 0.022913217544555664
Fin; energy prediction...time: 1.6552371978759766
Egy stat [21.07381, 23.318153, 22.000824, 0.33927184]
Start for  2_13_1 [79/105]
Fin;generate all combinations 1680 ...time: 0.006289958953857422
Fin; energy prediction...time: 0.959557056427002
Egy stat [-22.61314, -20.859917, -21.893671, 0.31988713]
Start for  2_12_2 [80/105]
Fin;generate all combinations 10920 ...time: 0.02324533462524414
Fin; energy prediction...time: 2.0058279037475586
Egy stat [-18.014557, -14.314709, -16.598091, 0.54688287]
Start for  2_11_3 [81/105]
Fin;generate all combinations 43680 ...time: 0.18198823928833008
Fin; energy prediction...time: 6.1833391189575195
Egy stat [-13.977363, -8.797179, -11.661583, 0.7257055]
Start for  2_10_4 [82/105]
Fin;generate all combinations 120120 ...time: 0.4478304386138916
Fin; energy prediction...time: 15.677779912948608
Egy stat [-10.219515, -3.6565528, -7.0683484, 0.85326535]
Start for  2_9_5 [83/105]
Fin;generate all combinations 240240 ...time: 1.1304149627685547
Fin; energy prediction...time: 29.882906913757324
Egy stat [-6.7004156, 1.3819456, -2.8003852, 0.9323757]
Start for  2_8_6 [84/105]
Fin;generate all combinations 360360 ...time: 1.541494369506836
Fin; energy prediction...time: 44.905786991119385
Egy stat [-3.7995853, 6.20735, 1.1663871, 0.9706445]
Start for  2_7_7 [85/105]
Fin;generate all combinations 411840 ...time: 1.3301033973693848
Fin; energy prediction...time: 51.00041913986206
Egy stat [-1.3796616, 8.80932, 4.864659, 0.97972727]
Start for  2_6_8 [86/105]
Fin;generate all combinations 360360 ...time: 1.4372308254241943
Fin; energy prediction...time: 45.61232328414917
Egy stat [1.7818527, 12.457624, 8.336907, 0.97121704]
Start for  2_5_9 [87/105]
Fin;generate all combinations 240240 ...time: 0.9473526477813721
Fin; energy prediction...time: 30.70658826828003
Egy stat [6.613558, 14.875904, 11.6355505, 0.94930166]
Start for  2_4_10 [88/105]
Fin;generate all combinations 120120 ...time: 0.2511882781982422
Fin; energy prediction...time: 15.884598016738892
Egy stat [11.02862, 18.40052, 14.822462, 0.9038159]
Start for  2_3_11 [89/105]
Fin;generate all combinations 43680 ...time: 0.10109925270080566
Fin; energy prediction...time: 6.317131042480469
Egy stat [15.329071, 20.611202, 17.968283, 0.8081863]
Start for  2_2_12 [90/105]
Fin;generate all combinations 10920 ...time: 0.028049707412719727
Fin; energy prediction...time: 2.0478878021240234
Egy stat [19.428616, 23.67992, 21.151962, 0.62179875]
Start for  2_1_13 [91/105]
Fin;generate all combinations 1680 ...time: 0.006061553955078125
Fin; energy prediction...time: 0.8757152557373047
Egy stat [23.848164, 25.353298, 24.460903, 0.2840142]
Start for  1_14_1 [92/105]
Fin;generate all combinations 240 ...time: 0.0017101764678955078
Fin; energy prediction...time: 0.731224775314331
Egy stat [-23.853323, -22.855366, -23.412895, 0.2543441]
Start for  1_13_2 [93/105]
Fin;generate all combinations 1680 ...time: 0.004187107086181641
Fin; energy prediction...time: 0.889695405960083
Egy stat [-18.983261, -16.492647, -17.96891, 0.5173681]
Start for  1_12_3 [94/105]
Fin;generate all combinations 7280 ...time: 0.017244577407836914
Fin; energy prediction...time: 1.7252585887908936
Egy stat [-15.037573, -10.193795, -12.878202, 0.72622937]
Start for  1_11_4 [95/105]
Fin;generate all combinations 21840 ...time: 0.0477447509765625
Fin; energy prediction...time: 3.543971300125122
Egy stat [-11.261355, -5.1316495, -8.126972, 0.88345826]
Start for  1_10_5 [96/105]
Fin;generate all combinations 48048 ...time: 0.2565314769744873
Fin; energy prediction...time: 6.693509817123413
Egy stat [-7.5434723, -0.32594967, -3.7026994, 0.99042773]
Start for  1_9_6 [97/105]
Fin;generate all combinations 80080 ...time: 0.40849781036376953
Fin; energy prediction...time: 10.651729822158813
Egy stat [-4.592285, 4.3884516, 0.4104761, 1.0505648]
Start for  1_8_7 [98/105]
Fin;generate all combinations 102960 ...time: 0.350696325302124
Fin; energy prediction...time: 13.915907621383667
Egy stat [-2.1239119, 9.251619, 4.235356, 1.0712628]
Start for  1_7_8 [99/105]
Fin;generate all combinations 102960 ...time: 0.37854909896850586
Fin; energy prediction...time: 13.481438875198364
Egy stat [0.56651974, 12.045168, 7.8039045, 1.0635036]
Start for  1_6_9 [100/105]
Fin;generate all combinations 80080 ...time: 0.3784022331237793
Fin; energy prediction...time: 10.515460968017578
Egy stat [5.3408556, 15.089746, 11.158138, 1.0379139]
Start for  1_5_10 [101/105]
Fin;generate all combinations 48048 ...time: 0.1063232421875
Fin; energy prediction...time: 7.097198009490967
Egy stat [9.869223, 17.557823, 14.350026, 0.9977864]
Start for  1_4_11 [102/105]
Fin;generate all combinations 21840 ...time: 0.1370837688446045
Fin; energy prediction...time: 3.5455920696258545
Egy stat [14.079578, 21.075243, 17.440807, 0.9324682]
Start for  1_3_12 [103/105]
Fin;generate all combinations 7280 ...time: 0.01711869239807129
Fin; energy prediction...time: 1.667421817779541
Egy stat [18.224972, 23.243355, 20.50021, 0.8150786]
Start for  1_2_13 [104/105]
Fin;generate all combinations 1680 ...time: 0.004294633865356445
Fin; energy prediction...time: 0.8217196464538574
Egy stat [22.36705, 25.723583, 23.605968, 0.60317403]
Start for  1_1_14 [105/105]
Fin;generate all combinations 240 ...time: 0.0011165142059326172
Fin; energy prediction...time: 0.6396675109863281
Egy stat [26.496677, 27.416016, 26.844088, 0.20942275]
Saving....
Saved to... K_HgSnZn_Br.pkl
Total elapsed time... 5621.011533498764
