Summary of calculations
Site name (A,B,C)... K Hg,Pb,Zn Cl
Base cif file name... ../0.cif
Save file name... K_HgPbZn_Cl.pkl
Fin; combination with repetition...time: 0.0017750263214111328
Start for  14_1_1 [1/105]
Fin;generate all combinations 240 ...time: 0.0006368160247802734
Fin; energy prediction...time: 0.19658422470092773
Egy stat [-19.719082, -19.002728, -19.225029, 0.17231654]
Start for  13_2_1 [2/105]
Fin;generate all combinations 1680 ...time: 0.0035393238067626953
Fin; energy prediction...time: 0.3905618190765381
Egy stat [-19.225368, -17.609032, -18.51828, 0.30240875]
Start for  13_1_2 [3/105]
Fin;generate all combinations 1680 ...time: 0.003852367401123047
Fin; energy prediction...time: 0.37398219108581543
Egy stat [-16.268362, -14.679148, -15.434388, 0.2848954]
Start for  12_3_1 [4/105]
Fin;generate all combinations 7280 ...time: 0.012804269790649414
Fin; energy prediction...time: 1.172121524810791
Egy stat [-18.836872, -16.548168, -17.865084, 0.37901965]
Start for  12_2_2 [5/105]
Fin;generate all combinations 10920 ...time: 0.017220735549926758
Fin; energy prediction...time: 1.685992956161499
Egy stat [-16.147816, -13.081603, -14.672284, 0.41704234]
Start for  12_1_3 [6/105]
Fin;generate all combinations 7280 ...time: 0.05390453338623047
Fin; energy prediction...time: 1.2052125930786133
Egy stat [-12.912646, -10.494095, -11.69717, 0.3843544]
Start for  11_4_1 [7/105]
Fin;generate all combinations 21840 ...time: 0.07860398292541504
Fin; energy prediction...time: 3.060317039489746
Egy stat [-18.535248, -15.014176, -17.310446, 0.43423402]
Start for  11_3_2 [8/105]
Fin;generate all combinations 43680 ...time: 0.12535929679870605
Fin; energy prediction...time: 5.912152051925659
Egy stat [-15.798079, -11.956172, -13.953211, 0.49983704]
Start for  11_2_3 [9/105]
Fin;generate all combinations 43680 ...time: 0.15360283851623535
Fin; energy prediction...time: 5.807976722717285
Egy stat [-12.787621, -8.830232, -10.89192, 0.52817094]
Start for  11_1_4 [10/105]
Fin;generate all combinations 21840 ...time: 0.04005694389343262
Fin; energy prediction...time: 3.104752779006958
Egy stat [-9.410333, -5.975613, -8.025768, 0.4694945]
Start for  10_5_1 [11/105]
Fin;generate all combinations 48048 ...time: 0.19500350952148438
Fin; energy prediction...time: 6.229178190231323
Egy stat [-18.215046, -14.450882, -16.892742, 0.4868236]
Start for  10_4_2 [12/105]
Fin;generate all combinations 120120 ...time: 0.46768689155578613
Fin; energy prediction...time: 15.238606691360474
Egy stat [-15.457957, -10.303928, -13.322247, 0.55869347]
Start for  10_3_3 [13/105]
Fin;generate all combinations 160160 ...time: 0.6287026405334473
Fin; energy prediction...time: 19.984325170516968
Egy stat [-12.872439, -7.502535, -10.118955, 0.62286663]
Start for  10_2_4 [14/105]
Fin;generate all combinations 120120 ...time: 0.3990144729614258
Fin; energy prediction...time: 15.275100708007812
Egy stat [-9.731675, -4.2048507, -7.1875005, 0.62793726]
Start for  10_1_5 [15/105]
Fin;generate all combinations 48048 ...time: 0.10122275352478027
Fin; energy prediction...time: 6.176817893981934
Egy stat [-6.010413, -2.126624, -4.4327574, 0.5405086]
Start for  9_6_1 [16/105]
Fin;generate all combinations 80080 ...time: 0.22851324081420898
Fin; energy prediction...time: 10.463948965072632
Egy stat [-18.138708, -13.495496, -16.641167, 0.5393668]
Start for  9_5_2 [17/105]
Fin;generate all combinations 240240 ...time: 0.6600275039672852
Fin; energy prediction...time: 29.940544843673706
Egy stat [-14.965841, -9.655795, -12.817553, 0.61331177]
Start for  9_4_3 [18/105]
Fin;generate all combinations 400400 ...time: 1.3441040515899658
Fin; energy prediction...time: 49.794374227523804
Egy stat [-12.63466, -5.759699, -9.423468, 0.6912056]
Start for  9_3_4 [19/105]
Fin;generate all combinations 400400 ...time: 1.6774911880493164
Fin; energy prediction...time: 49.71085262298584
Egy stat [-9.854507, -2.7140164, -6.37064, 0.7373726]
Start for  9_2_5 [20/105]
Fin;generate all combinations 240240 ...time: 0.9107728004455566
Fin; energy prediction...time: 29.870819807052612
Egy stat [-6.586357, -0.3182993, -3.569424, 0.71400183]
Start for  9_1_6 [21/105]
Fin;generate all combinations 80080 ...time: 0.16282153129577637
Fin; energy prediction...time: 10.623191118240356
Egy stat [-2.7730136, 2.1924496, -0.9304983, 0.5970177]
Start for  8_7_1 [22/105]
Fin;generate all combinations 102960 ...time: 0.47737789154052734
Fin; energy prediction...time: 13.198683738708496
Egy stat [-18.460112, -12.695965, -16.57419, 0.5845649]
Start for  8_6_2 [23/105]
Fin;generate all combinations 360360 ...time: 1.3306665420532227
Fin; energy prediction...time: 44.48156142234802
Egy stat [-14.719791, -8.657845, -12.468053, 0.6699599]
Start for  8_5_3 [24/105]
Fin;generate all combinations 720720 ...time: 1.9872360229492188
Fin; energy prediction...time: 88.6871063709259
Egy stat [-12.166827, -5.558499, -8.843459, 0.75337714]
Start for  8_4_4 [25/105]
Fin;generate all combinations 900900 ...time: 2.8666396141052246
Fin; energy prediction...time: 110.5553789138794
Egy stat [-10.199215, -0.7644434, -5.620527, 0.81864524]
Start for  8_3_5 [26/105]
Fin;generate all combinations 720720 ...time: 4.1463096141815186
Fin; energy prediction...time: 90.35806369781494
Egy stat [-6.688952, 0.85609055, -2.7166083, 0.8395939]
Start for  8_2_6 [27/105]
Fin;generate all combinations 360360 ...time: 2.2409489154815674
Fin; energy prediction...time: 45.59438967704773
Egy stat [-3.5710254, 4.038582, -0.0478385, 0.7852089]
Start for  8_1_7 [28/105]
Fin;generate all combinations 102960 ...time: 0.7028231620788574
Fin; energy prediction...time: 13.794588088989258
Egy stat [0.2995596, 6.0444355, 2.469178, 0.6378908]
Start for  7_8_1 [29/105]
Fin;generate all combinations 102960 ...time: 0.5947473049163818
Fin; energy prediction...time: 13.126803874969482
Egy stat [-19.066181, -11.666525, -16.699102, 0.61422807]
Start for  7_7_2 [30/105]
Fin;generate all combinations 411840 ...time: 1.5988383293151855
Fin; energy prediction...time: 50.8192675113678
Egy stat [-15.120171, -8.104482, -12.292051, 0.7245799]
Start for  7_6_3 [31/105]
Fin;generate all combinations 960960 ...time: 2.686523914337158
Fin; energy prediction...time: 121.7087013721466
Egy stat [-11.855114, -4.5472665, -8.407616, 0.81811625]
Start for  7_5_4 [32/105]
Fin;generate all combinations 1441440 ...time: 5.639987468719482
Fin; energy prediction...time: 179.6724660396576
Egy stat [-9.653958, -0.7548857, -4.975016, 0.8921322]
Start for  7_4_5 [33/105]
Fin;generate all combinations 1441440 ...time: 6.862571716308594
Fin; energy prediction...time: 184.9805748462677
Egy stat [-7.0090647, 2.7857695, -1.919809, 0.9359804]
Start for  7_3_6 [34/105]
Fin;generate all combinations 960960 ...time: 1.7273106575012207
Fin; energy prediction...time: 123.03457450866699
Egy stat [-3.6483831, 4.723009, 0.83506393, 0.9278398]
Start for  7_2_7 [35/105]
Fin;generate all combinations 411840 ...time: 0.7578473091125488
Fin; energy prediction...time: 52.41460561752319
Egy stat [-0.22616386, 7.5327263, 3.3676107, 0.8405984]
Start for  7_1_8 [36/105]
Fin;generate all combinations 102960 ...time: 0.2388319969177246
Fin; energy prediction...time: 14.04933762550354
Egy stat [3.5265646, 10.328302, 5.755257, 0.66143906]
Start for  6_9_1 [37/105]
Fin;generate all combinations 80080 ...time: 0.16131806373596191
Fin; energy prediction...time: 10.427072525024414
Egy stat [-19.055187, -12.950469, -17.012766, 0.6241912]
Start for  6_8_2 [38/105]
Fin;generate all combinations 360360 ...time: 1.5265312194824219
Fin; energy prediction...time: 44.83974862098694
Egy stat [-15.749648, -6.82211, -12.296921, 0.770198]
Start for  6_7_3 [39/105]
Fin;generate all combinations 960960 ...time: 4.097917318344116
Fin; energy prediction...time: 117.97259330749512
Egy stat [-11.653133, -3.4975815, -8.134127, 0.8840574]
Start for  6_6_4 [40/105]
Fin;generate all combinations 1681680 ...time: 7.59515118598938
Fin; energy prediction...time: 204.23294115066528
Egy stat [-9.340448, 0.3842554, -4.4625907, 0.9681587]
Start for  6_5_5 [41/105]
Fin;generate all combinations 2018016 ...time: 9.391949653625488
Fin; energy prediction...time: 256.3065240383148
Egy stat [-7.0577807, 3.0960188, -1.2167563, 1.0233954]
Start for  6_4_6 [42/105]
Fin;generate all combinations 1681680 ...time: 8.368312358856201
Fin; energy prediction...time: 210.36378169059753
Egy stat [-3.9503527, 6.44084, 1.6725461, 1.0409437]
Start for  6_3_7 [43/105]
Fin;generate all combinations 960960 ...time: 5.82931661605835
Fin; energy prediction...time: 117.93672704696655
Egy stat [-0.6033106, 8.722029, 4.2767606, 1.0011373]
Start for  6_2_8 [44/105]
Fin;generate all combinations 360360 ...time: 0.696380615234375
Fin; energy prediction...time: 45.97369956970215
Egy stat [2.9776182, 11.962458, 6.6680036, 0.8792721]
Start for  6_1_9 [45/105]
Fin;generate all combinations 80080 ...time: 0.20196080207824707
Fin; energy prediction...time: 10.937812805175781
Egy stat [6.823202, 12.733782, 8.91784, 0.6657288]
Start for  5_10_1 [46/105]
Fin;generate all combinations 48048 ...time: 0.10823607444763184
Fin; energy prediction...time: 7.315101861953735
Egy stat [-19.282978, -14.339592, -17.503483, 0.6148712]
Start for  5_9_2 [47/105]
Fin;generate all combinations 240240 ...time: 0.7775077819824219
Fin; energy prediction...time: 30.352643966674805
Egy stat [-15.708147, -8.225153, -12.479898, 0.80217147]
Start for  5_8_3 [48/105]
Fin;generate all combinations 720720 ...time: 3.0162594318389893
Fin; energy prediction...time: 88.45000457763672
Egy stat [-11.979103, -2.2861624, -8.030511, 0.9456388]
Start for  5_7_4 [49/105]
Fin;generate all combinations 1441440 ...time: 7.419646263122559
Fin; energy prediction...time: 176.24700665473938
Egy stat [-9.16431, 1.2232141, -4.1013637, 1.0473331]
Start for  5_6_5 [50/105]
Fin;generate all combinations 2018016 ...time: 12.094880819320679
Fin; energy prediction...time: 250.82964825630188
Egy stat [-6.740501, 4.260829, -0.6357371, 1.1131327]
Start for  5_5_6 [51/105]
Fin;generate all combinations 2018016 ...time: 7.344854354858398
Fin; energy prediction...time: 250.68550205230713
Egy stat [-4.28063, 7.182701, 2.427007, 1.1442713]
Start for  5_4_7 [52/105]
Fin;generate all combinations 1441440 ...time: 11.708877086639404
Fin; energy prediction...time: 180.5244002342224
Egy stat [-1.0130367, 10.384464, 5.1508017, 1.1323657]
Start for  5_3_8 [53/105]
Fin;generate all combinations 720720 ...time: 1.4121613502502441
Fin; energy prediction...time: 91.75242972373962
Egy stat [2.752283, 12.837296, 7.6014833, 1.0589095]
Start for  5_2_9 [54/105]
Fin;generate all combinations 240240 ...time: 0.5475711822509766
Fin; energy prediction...time: 30.801080465316772
Egy stat [6.3814106, 14.445002, 9.845377, 0.9005458]
Start for  5_1_10 [55/105]
Fin;generate all combinations 48048 ...time: 0.13677310943603516
Fin; energy prediction...time: 7.207911968231201
Egy stat [10.019562, 15.253475, 11.948492, 0.6489202]
Start for  4_11_1 [56/105]
Fin;generate all combinations 21840 ...time: 0.05623340606689453
Fin; energy prediction...time: 3.6345484256744385
Egy stat [-19.684837, -15.341211, -18.153973, 0.58943903]
Start for  4_10_2 [57/105]
Fin;generate all combinations 120120 ...time: 0.5250942707061768
Fin; energy prediction...time: 15.707027912139893
Egy stat [-15.854486, -8.941449, -12.829931, 0.8195587]
Start for  4_9_3 [58/105]
Fin;generate all combinations 400400 ...time: 1.7383859157562256
Fin; energy prediction...time: 49.960805892944336
Egy stat [-12.088676, -3.1512566, -8.094445, 0.9981305]
Start for  4_8_4 [59/105]
Fin;generate all combinations 900900 ...time: 3.7994425296783447
Fin; energy prediction...time: 112.47601962089539
Egy stat [-9.21942, 2.7300367, -3.899014, 1.1253358]
Start for  4_7_5 [60/105]
Fin;generate all combinations 1441440 ...time: 6.167398691177368
Fin; energy prediction...time: 176.81338739395142
Egy stat [-6.6935997, 5.2726364, -0.19478498, 1.2071965]
Start for  4_6_6 [61/105]
Fin;generate all combinations 1681680 ...time: 6.871358633041382
Fin; energy prediction...time: 209.3264331817627
Egy stat [-4.597366, 8.447065, 3.070352, 1.249619]
Start for  4_5_7 [62/105]
Fin;generate all combinations 1441440 ...time: 9.441266536712646
Fin; energy prediction...time: 177.8939070701599
Egy stat [-1.6318321, 11.242918, 5.952269, 1.2532564]
Start for  4_4_8 [63/105]
Fin;generate all combinations 900900 ...time: 4.772047996520996
Fin; energy prediction...time: 113.24346232414246
Egy stat [1.8295813, 14.647026, 8.509711, 1.2096916]
Start for  4_3_9 [64/105]
Fin;generate all combinations 400400 ...time: 0.7814545631408691
Fin; energy prediction...time: 51.84308385848999
Egy stat [6.1926746, 15.625515, 10.803011, 1.1010076]
Start for  4_2_10 [65/105]
Fin;generate all combinations 120120 ...time: 0.3000507354736328
Fin; energy prediction...time: 16.23948073387146
Egy stat [9.740227, 17.056595, 12.892996, 0.904218]
Start for  4_1_11 [66/105]
Fin;generate all combinations 21840 ...time: 0.0628817081451416
Fin; energy prediction...time: 3.448312997817993
Egy stat [13.099218, 17.505892, 14.840645, 0.6095742]
Start for  3_12_1 [67/105]
Fin;generate all combinations 7280 ...time: 0.02019524574279785
Fin; energy prediction...time: 1.7179927825927734
Egy stat [-20.317839, -16.529972, -18.945034, 0.55131096]
Start for  3_11_2 [68/105]
Fin;generate all combinations 43680 ...time: 0.17616033554077148
Fin; energy prediction...time: 6.3090550899505615
Egy stat [-16.058971, -9.9072, -13.330492, 0.8239468]
Start for  3_10_3 [69/105]
Fin;generate all combinations 160160 ...time: 0.6179113388061523
Fin; energy prediction...time: 20.45905089378357
Egy stat [-12.327954, -3.9069052, -8.315584, 1.039543]
Start for  3_9_4 [70/105]
Fin;generate all combinations 400400 ...time: 1.657236099243164
Fin; energy prediction...time: 49.68945670127869
Egy stat [-9.156694, 1.8762522, -3.8536923, 1.197567]
Start for  3_8_5 [71/105]
Fin;generate all combinations 720720 ...time: 3.5491576194763184
Fin; energy prediction...time: 89.1548957824707
Egy stat [-6.6994534, 6.7008877, 0.098242134, 1.3022816]
Start for  3_7_6 [72/105]
Fin;generate all combinations 960960 ...time: 4.384134769439697
Fin; energy prediction...time: 119.54504895210266
Egy stat [-4.5171194, 9.422106, 3.58463, 1.3599542]
Start for  3_6_7 [73/105]
Fin;generate all combinations 960960 ...time: 6.270343065261841
Fin; energy prediction...time: 117.9534981250763
Egy stat [-1.9696321, 12.437214, 6.6532674, 1.3757585]
Start for  3_5_8 [74/105]
Fin;generate all combinations 720720 ...time: 3.547255039215088
Fin; energy prediction...time: 91.64317798614502
Egy stat [1.1809425, 15.398577, 9.355362, 1.3496189]
Start for  3_4_9 [75/105]
Fin;generate all combinations 400400 ...time: 0.8583889007568359
Fin; energy prediction...time: 51.89757680892944
Egy stat [5.580206, 17.515532, 11.744615, 1.2729043]
Start for  3_3_10 [76/105]
Fin;generate all combinations 160160 ...time: 0.4107024669647217
Fin; energy prediction...time: 21.245823621749878
Egy stat [9.56665, 18.543352, 13.876111, 1.127867]
Start for  3_2_11 [77/105]
Fin;generate all combinations 43680 ...time: 0.10652399063110352
Fin; energy prediction...time: 6.232074975967407
Egy stat [12.95788, 19.628914, 15.805685, 0.89089054]
Start for  3_1_12 [78/105]
Fin;generate all combinations 7280 ...time: 0.02330923080444336
Fin; energy prediction...time: 1.640594720840454
Egy stat [16.224178, 19.85934, 17.590021, 0.54684126]
Start for  2_13_1 [79/105]
Fin;generate all combinations 1680 ...time: 0.006573200225830078
Fin; energy prediction...time: 0.9393129348754883
Egy stat [-20.878304, -18.331383, -19.859375, 0.5020332]
Start for  2_12_2 [80/105]
Fin;generate all combinations 10920 ...time: 0.023476123809814453
Fin; energy prediction...time: 2.219162702560425
Egy stat [-16.361597, -10.641803, -13.963048, 0.8174201]
Start for  2_11_3 [81/105]
Fin;generate all combinations 43680 ...time: 0.14924860000610352
Fin; energy prediction...time: 6.105835199356079
Egy stat [-12.576094, -4.649689, -8.678231, 1.070105]
Start for  2_10_4 [82/105]
Fin;generate all combinations 120120 ...time: 0.4124622344970703
Fin; energy prediction...time: 15.575811624526978
Egy stat [-9.163309, 1.2277269, -3.955788, 1.2613487]
Start for  2_9_5 [83/105]
Fin;generate all combinations 240240 ...time: 1.0249919891357422
Fin; energy prediction...time: 30.200158834457397
Egy stat [-6.3723097, 6.1585426, 0.24472925, 1.3940319]
Start for  2_8_6 [84/105]
Fin;generate all combinations 360360 ...time: 1.5588958263397217
Fin; energy prediction...time: 45.48244333267212
Egy stat [-4.5806437, 10.996372, 3.9618409, 1.4727932]
Start for  2_7_7 [85/105]
Fin;generate all combinations 411840 ...time: 1.3894784450531006
Fin; energy prediction...time: 51.87396550178528
Egy stat [-2.5444999, 13.54344, 7.2359705, 1.5034903]
Start for  2_6_8 [86/105]
Fin;generate all combinations 360360 ...time: 1.4732437133789062
Fin; energy prediction...time: 45.2829008102417
Egy stat [0.3522091, 16.836199, 10.110791, 1.4905536]
Start for  2_5_9 [87/105]
Fin;generate all combinations 240240 ...time: 1.1897222995758057
Fin; energy prediction...time: 30.72051239013672
Egy stat [5.16296, 18.293562, 12.63302, 1.4332359]
Start for  2_4_10 [88/105]
Fin;generate all combinations 120120 ...time: 0.26521730422973633
Fin; energy prediction...time: 15.906089305877686
Egy stat [9.192091, 20.527426, 14.85157, 1.3225954]
Start for  2_3_11 [89/105]
Fin;generate all combinations 43680 ...time: 0.10297703742980957
Fin; energy prediction...time: 6.403124570846558
Egy stat [12.814074, 21.233873, 16.81678, 1.1407013]
Start for  2_2_12 [90/105]
Fin;generate all combinations 10920 ...time: 0.029294490814208984
Fin; energy prediction...time: 2.1240525245666504
Egy stat [15.9753685, 22.245384, 18.580158, 0.86228925]
Start for  2_1_13 [91/105]
Fin;generate all combinations 1680 ...time: 0.006726503372192383
Fin; energy prediction...time: 1.019956350326538
Egy stat [19.25963, 21.752853, 20.194986, 0.46029818]
Start for  1_14_1 [92/105]
Fin;generate all combinations 240 ...time: 0.0015819072723388672
Fin; energy prediction...time: 0.7362666130065918
Egy stat [-21.631584, -19.993694, -20.884855, 0.4396363]
Start for  1_13_2 [93/105]
Fin;generate all combinations 1680 ...time: 0.004173994064331055
Fin; energy prediction...time: 0.9522714614868164
Egy stat [-16.443161, -12.3912945, -14.710716, 0.8007733]
Start for  1_12_3 [94/105]
Fin;generate all combinations 7280 ...time: 0.01700448989868164
Fin; energy prediction...time: 1.7217738628387451
Egy stat [-12.585458, -5.1428204, -9.164639, 1.0907339]
Start for  1_11_4 [95/105]
Fin;generate all combinations 21840 ...time: 0.11402416229248047
Fin; energy prediction...time: 3.5534756183624268
Egy stat [-9.12685, 0.41713905, -4.1904783, 1.315913]
Start for  1_10_5 [96/105]
Fin;generate all combinations 48048 ...time: 0.17613744735717773
Fin; energy prediction...time: 7.015695095062256
Egy stat [-5.8434815, 5.4783173, 0.25357094, 1.4793675]
Start for  1_9_6 [97/105]
Fin;generate all combinations 80080 ...time: 0.4294009208679199
Fin; energy prediction...time: 10.594779968261719
Egy stat [-3.9153376, 10.118973, 4.2029457, 1.584092]
Start for  1_8_7 [98/105]
Fin;generate all combinations 102960 ...time: 0.4797670841217041
Fin; energy prediction...time: 13.934810638427734
Egy stat [-2.7310605, 14.976131, 7.692277, 1.63465]
Start for  1_7_8 [99/105]
Fin;generate all combinations 102960 ...time: 0.40243101119995117
Fin; energy prediction...time: 13.79332184791565
Egy stat [-0.3581686, 17.819572, 10.758326, 1.6365584]
Start for  1_6_9 [100/105]
Fin;generate all combinations 80080 ...time: 0.3690643310546875
Fin; energy prediction...time: 10.554188966751099
Egy stat [4.6094475, 19.735586, 13.44087, 1.5936579]
Start for  1_5_10 [101/105]
Fin;generate all combinations 48048 ...time: 0.22808623313903809
Fin; energy prediction...time: 6.785367012023926
Egy stat [9.058081, 21.134464, 15.782415, 1.5046037]
Start for  1_4_11 [102/105]
Fin;generate all combinations 21840 ...time: 0.04896283149719238
Fin; energy prediction...time: 3.6127514839172363
Egy stat [12.707743, 23.475399, 17.827543, 1.3600641]
Start for  1_3_12 [103/105]
Fin;generate all combinations 7280 ...time: 0.01741814613342285
Fin; energy prediction...time: 1.8235149383544922
Egy stat [16.100136, 24.041054, 19.622494, 1.1416453]
Start for  1_2_13 [104/105]
Fin;generate all combinations 1680 ...time: 0.004224061965942383
Fin; energy prediction...time: 1.0055787563323975
Egy stat [19.336502, 24.13781, 21.215286, 0.8215116]
Start for  1_1_14 [105/105]
Fin;generate all combinations 240 ...time: 0.0011162757873535156
Fin; energy prediction...time: 0.7676956653594971
Egy stat [22.108097, 23.608154, 22.656755, 0.3485831]
Saving....
Saved to... K_HgPbZn_Cl.pkl
Total elapsed time... 5615.0379049777985
