Summary of calculations
Site name (A,B,C)... K Pb,Sn,Zn I
Base cif file name... ../0.cif
Save file name... K_PbSnZn_I.pkl
Fin; combination with repetition...time: 0.009462833404541016
Start for  14_1_1 [1/105]
Fin;generate all combinations 240 ...time: 0.0005955696105957031
Fin; energy prediction...time: 0.22671985626220703
Egy stat [13.369261, 14.142389, 13.763805, 0.27636015]
Start for  13_2_1 [2/105]
Fin;generate all combinations 1680 ...time: 0.003409862518310547
Fin; energy prediction...time: 0.356813907623291
Egy stat [12.425535, 13.400536, 12.907982, 0.26974556]
Start for  13_1_2 [3/105]
Fin;generate all combinations 1680 ...time: 0.0037877559661865234
Fin; energy prediction...time: 0.3615078926086426
Egy stat [19.610416, 22.77113, 21.115713, 0.67238027]
Start for  12_3_1 [4/105]
Fin;generate all combinations 7280 ...time: 0.011919021606445312
Fin; energy prediction...time: 1.154632806777954
Egy stat [11.495512, 12.56893, 12.032977, 0.26218435]
Start for  12_2_2 [5/105]
Fin;generate all combinations 10920 ...time: 0.01713705062866211
Fin; energy prediction...time: 1.630911111831665
Egy stat [18.69556, 22.041603, 20.228987, 0.6549114]
Start for  12_1_3 [6/105]
Fin;generate all combinations 7280 ...time: 0.06554985046386719
Fin; energy prediction...time: 1.1730024814605713
Egy stat [26.098831, 30.634895, 28.004726, 0.88026166]
Start for  11_4_1 [7/105]
Fin;generate all combinations 21840 ...time: 0.08761334419250488
Fin; energy prediction...time: 3.067833185195923
Egy stat [10.546635, 11.7384815, 11.140153, 0.25361368]
Start for  11_3_2 [8/105]
Fin;generate all combinations 43680 ...time: 0.13577914237976074
Fin; energy prediction...time: 5.862982749938965
Egy stat [17.777115, 21.1718, 19.323103, 0.6372386]
Start for  11_2_3 [9/105]
Fin;generate all combinations 43680 ...time: 0.1471109390258789
Fin; energy prediction...time: 5.746823072433472
Egy stat [25.09628, 29.757923, 27.100796, 0.85951227]
Start for  11_1_4 [10/105]
Fin;generate all combinations 21840 ...time: 0.040909767150878906
Fin; energy prediction...time: 2.891216993331909
Egy stat [31.56194, 38.81303, 34.547146, 0.98011965]
Start for  10_5_1 [11/105]
Fin;generate all combinations 48048 ...time: 0.20107054710388184
Fin; energy prediction...time: 6.261543273925781
Egy stat [9.600523, 10.829187, 10.230666, 0.24399088]
Start for  10_4_2 [12/105]
Fin;generate all combinations 120120 ...time: 0.5102982521057129
Fin; energy prediction...time: 15.021855115890503
Egy stat [16.828423, 20.302977, 18.399158, 0.61938196]
Start for  10_3_3 [13/105]
Fin;generate all combinations 160160 ...time: 0.41455817222595215
Fin; energy prediction...time: 20.59599733352661
Egy stat [24.084583, 28.811111, 26.176773, 0.8387916]
Start for  10_2_4 [14/105]
Fin;generate all combinations 120120 ...time: 0.5798020362854004
Fin; energy prediction...time: 14.995769500732422
Egy stat [30.526562, 37.804794, 33.63225, 0.95948166]
Start for  10_1_5 [15/105]
Fin;generate all combinations 48048 ...time: 0.09663963317871094
Fin; energy prediction...time: 6.473168134689331
Egy stat [37.51063, 44.352867, 40.839466, 1.015795]
Start for  9_6_1 [16/105]
Fin;generate all combinations 80080 ...time: 0.25271177291870117
Fin; energy prediction...time: 10.267210483551025
Egy stat [8.641827, 9.923405, 9.305457, 0.23328087]
Start for  9_5_2 [17/105]
Fin;generate all combinations 240240 ...time: 0.764214038848877
Fin; energy prediction...time: 29.980414867401123
Egy stat [15.886032, 19.318354, 17.458023, 0.60136706]
Start for  9_4_3 [18/105]
Fin;generate all combinations 400400 ...time: 1.2099907398223877
Fin; energy prediction...time: 49.69209837913513
Egy stat [23.097942, 27.86681, 25.233442, 0.8181314]
Start for  9_3_4 [19/105]
Fin;generate all combinations 400400 ...time: 1.0862650871276855
Fin; energy prediction...time: 49.700236082077026
Egy stat [29.486706, 36.788803, 32.695526, 0.93896914]
Start for  9_2_5 [20/105]
Fin;generate all combinations 240240 ...time: 0.41948461532592773
Fin; energy prediction...time: 30.967296600341797
Egy stat [36.47115, 43.41885, 39.912548, 0.99658036]
Start for  9_1_6 [21/105]
Fin;generate all combinations 80080 ...time: 0.17647504806518555
Fin; energy prediction...time: 10.22752857208252
Egy stat [42.735683, 50.420834, 46.951004, 1.0139458]
Start for  8_7_1 [22/105]
Fin;generate all combinations 102960 ...time: 0.3467240333557129
Fin; energy prediction...time: 13.075910568237305
Egy stat [7.726389, 8.9754505, 8.365249, 0.22144249]
Start for  8_6_2 [23/105]
Fin;generate all combinations 360360 ...time: 1.2764017581939697
Fin; energy prediction...time: 44.08092379570007
Egy stat [14.945536, 18.340778, 16.500313, 0.583221]
Start for  8_5_3 [24/105]
Fin;generate all combinations 720720 ...time: 2.248321533203125
Fin; energy prediction...time: 89.2587993144989
Egy stat [22.125263, 26.863503, 24.27132, 0.7975652]
Start for  8_4_4 [25/105]
Fin;generate all combinations 900900 ...time: 2.401486396789551
Fin; energy prediction...time: 111.02480101585388
Egy stat [28.461063, 35.79304, 31.737352, 0.918608]
Start for  8_3_5 [26/105]
Fin;generate all combinations 720720 ...time: 4.037033557891846
Fin; energy prediction...time: 89.82969045639038
Egy stat [35.453785, 42.44416, 38.961376, 0.9774783]
Start for  8_2_6 [27/105]
Fin;generate all combinations 360360 ...time: 0.6373138427734375
Fin; energy prediction...time: 45.33294916152954
Egy stat [41.78421, 49.53961, 46.00452, 0.9966299]
Start for  8_1_7 [28/105]
Fin;generate all combinations 102960 ...time: 0.21815085411071777
Fin; energy prediction...time: 13.335002422332764
Egy stat [47.89536, 56.83673, 52.921227, 0.98891395]
Start for  7_8_1 [29/105]
Fin;generate all combinations 102960 ...time: 0.37967538833618164
Fin; energy prediction...time: 13.113640785217285
Egy stat [6.837452, 8.036783, 7.410555, 0.208412]
Start for  7_7_2 [30/105]
Fin;generate all combinations 411840 ...time: 1.49395751953125
Fin; energy prediction...time: 51.70453953742981
Egy stat [14.057638, 17.322699, 15.526424, 0.56496674]
Start for  7_6_3 [31/105]
Fin;generate all combinations 960960 ...time: 3.2651889324188232
Fin; energy prediction...time: 117.96173930168152
Egy stat [21.182287, 25.822548, 23.290676, 0.7771231]
Start for  7_5_4 [32/105]
Fin;generate all combinations 1441440 ...time: 5.9036705493927
Fin; energy prediction...time: 180.33028960227966
Egy stat [27.585949, 34.688435, 30.757874, 0.8984259]
Start for  7_4_5 [33/105]
Fin;generate all combinations 1441440 ...time: 4.784736394882202
Fin; energy prediction...time: 179.4164981842041
Egy stat [34.541145, 41.469006, 37.985943, 0.9585034]
Start for  7_3_6 [34/105]
Fin;generate all combinations 960960 ...time: 4.075838804244995
Fin; energy prediction...time: 120.08029961585999
Egy stat [40.86334, 48.50981, 45.030888, 0.97919023]
Start for  7_2_7 [35/105]
Fin;generate all combinations 411840 ...time: 2.7430243492126465
Fin; energy prediction...time: 53.01819372177124
Egy stat [46.94768, 55.810593, 51.942398, 0.9737297]
Start for  7_1_8 [36/105]
Fin;generate all combinations 102960 ...time: 0.27492523193359375
Fin; energy prediction...time: 13.651145458221436
Egy stat [52.76383, 63.654366, 58.7608, 0.9479329]
Start for  6_9_1 [37/105]
Fin;generate all combinations 80080 ...time: 0.3826882839202881
Fin; energy prediction...time: 10.898566007614136
Egy stat [5.9241333, 7.00247, 6.441692, 0.1940843]
Start for  6_8_2 [38/105]
Fin;generate all combinations 360360 ...time: 1.3084814548492432
Fin; energy prediction...time: 44.43403434753418
Egy stat [13.144943, 16.314573, 14.536537, 0.5466186]
Start for  6_7_3 [39/105]
Fin;generate all combinations 960960 ...time: 3.366757392883301
Fin; energy prediction...time: 119.9476671218872
Egy stat [20.277693, 24.75367, 22.291546, 0.7568247]
Start for  6_6_4 [40/105]
Fin;generate all combinations 1681680 ...time: 7.3015313148498535
Fin; energy prediction...time: 203.36307168006897
Egy stat [26.67461, 33.623245, 29.757008, 0.8784446]
Start for  6_5_5 [41/105]
Fin;generate all combinations 2018016 ...time: 10.623095273971558
Fin; energy prediction...time: 247.90963411331177
Egy stat [33.621662, 40.41679, 36.98602, 0.9396725]
Start for  6_4_6 [42/105]
Fin;generate all combinations 1681680 ...time: 10.01427435874939
Fin; energy prediction...time: 207.50388407707214
Egy stat [39.965168, 47.54306, 44.02971, 0.96164656]
Start for  6_3_7 [43/105]
Fin;generate all combinations 960960 ...time: 4.385110139846802
Fin; energy prediction...time: 119.87930536270142
Egy stat [45.99136, 54.77922, 50.93327, 0.95782036]
Start for  6_2_8 [44/105]
Fin;generate all combinations 360360 ...time: 0.6580336093902588
Fin; energy prediction...time: 47.7714900970459
Egy stat [51.77248, 62.5904, 57.733067, 0.9346384]
Start for  6_1_9 [45/105]
Fin;generate all combinations 80080 ...time: 0.20048093795776367
Fin; energy prediction...time: 10.908524513244629
Egy stat [60.033974, 68.36189, 64.455124, 0.8942792]
Start for  5_10_1 [46/105]
Fin;generate all combinations 48048 ...time: 0.10748076438903809
Fin; energy prediction...time: 6.661253213882446
Egy stat [5.0107536, 5.952839, 5.458791, 0.17828985]
Start for  5_9_2 [47/105]
Fin;generate all combinations 240240 ...time: 0.6032614707946777
Fin; energy prediction...time: 30.330547094345093
Egy stat [12.205111, 15.16363, 13.530625, 0.5281807]
Start for  5_8_3 [48/105]
Fin;generate all combinations 720720 ...time: 2.5045883655548096
Fin; energy prediction...time: 89.49094843864441
Egy stat [19.337751, 23.63057, 21.273767, 0.7366796]
Start for  5_7_4 [49/105]
Fin;generate all combinations 1441440 ...time: 6.343735694885254
Fin; energy prediction...time: 175.96567749977112
Egy stat [25.757748, 32.55178, 28.734426, 0.85867834]
Start for  5_6_5 [50/105]
Fin;generate all combinations 2018016 ...time: 10.031126737594604
Fin; energy prediction...time: 254.76599669456482
Egy stat [32.667126, 39.32195, 35.961117, 0.921006]
Start for  5_5_6 [51/105]
Fin;generate all combinations 2018016 ...time: 9.078727722167969
Fin; energy prediction...time: 252.284166097641
Egy stat [39.034176, 46.510998, 43.00033, 0.94403356]
Start for  5_4_7 [52/105]
Fin;generate all combinations 1441440 ...time: 2.709272623062134
Fin; energy prediction...time: 179.8730652332306
Egy stat [45.03365, 53.740623, 49.893005, 0.941272]
Start for  5_3_8 [53/105]
Fin;generate all combinations 720720 ...time: 1.4348225593566895
Fin; energy prediction...time: 91.22933769226074
Egy stat [50.777195, 61.503136, 56.671757, 0.9196643]
Start for  5_2_9 [54/105]
Fin;generate all combinations 240240 ...time: 1.7922861576080322
Fin; energy prediction...time: 31.266157627105713
Egy stat [58.87201, 67.265945, 63.35952, 0.8816065]
Start for  5_1_10 [55/105]
Fin;generate all combinations 48048 ...time: 0.14434099197387695
Fin; energy prediction...time: 6.783107757568359
Egy stat [66.61065, 73.31084, 69.968834, 0.82785195]
Start for  4_11_1 [56/105]
Fin;generate all combinations 21840 ...time: 0.05490469932556152
Fin; energy prediction...time: 3.3962433338165283
Egy stat [4.0694323, 4.895134, 4.461828, 0.1607615]
Start for  4_10_2 [57/105]
Fin;generate all combinations 120120 ...time: 0.3347339630126953
Fin; energy prediction...time: 15.526036977767944
Egy stat [11.24913, 14.022444, 12.508498, 0.5096505]
Start for  4_9_3 [58/105]
Fin;generate all combinations 400400 ...time: 1.6138677597045898
Fin; energy prediction...time: 49.79216814041138
Egy stat [18.413319, 22.474564, 20.236982, 0.71668506]
Start for  4_8_4 [59/105]
Fin;generate all combinations 900900 ...time: 2.814575672149658
Fin; energy prediction...time: 111.18808388710022
Egy stat [24.809002, 31.490875, 27.689636, 0.839134]
Start for  4_7_5 [60/105]
Fin;generate all combinations 1441440 ...time: 5.906769037246704
Fin; energy prediction...time: 177.12389254570007
Egy stat [31.747257, 38.196644, 34.9106, 0.9025272]
Start for  4_6_6 [61/105]
Fin;generate all combinations 1681680 ...time: 9.555397272109985
Fin; energy prediction...time: 207.237487077713
Egy stat [38.128746, 45.475998, 41.941998, 0.9264086]
Start for  4_5_7 [62/105]
Fin;generate all combinations 1441440 ...time: 5.36835503578186
Fin; energy prediction...time: 180.44152760505676
Egy stat [44.08914, 52.723286, 48.820675, 0.9242134]
Start for  4_4_8 [63/105]
Fin;generate all combinations 900900 ...time: 4.313694715499878
Fin; energy prediction...time: 113.63672208786011
Egy stat [49.780933, 60.42353, 55.575718, 0.903271]
Start for  4_3_9 [64/105]
Fin;generate all combinations 400400 ...time: 2.253859043121338
Fin; energy prediction...time: 50.96340489387512
Egy stat [57.751564, 66.12894, 62.227146, 0.8662319]
Start for  4_2_10 [65/105]
Fin;generate all combinations 120120 ...time: 0.2841668128967285
Fin; energy prediction...time: 16.32835292816162
Egy stat [65.321175, 72.14607, 68.78519, 0.81335044]
Start for  4_1_11 [66/105]
Fin;generate all combinations 21840 ...time: 0.06335234642028809
Fin; energy prediction...time: 3.531658172607422
Egy stat [72.739876, 78.08614, 75.25047, 0.7446258]
Start for  3_12_1 [67/105]
Fin;generate all combinations 7280 ...time: 0.020357370376586914
Fin; energy prediction...time: 1.774662971496582
Egy stat [3.132123, 3.7850819, 3.4506514, 0.14107668]
Start for  3_11_2 [68/105]
Fin;generate all combinations 43680 ...time: 0.0817713737487793
Fin; energy prediction...time: 6.594048023223877
Egy stat [10.297964, 12.78289, 11.469818, 0.4910279]
Start for  3_10_3 [69/105]
Fin;generate all combinations 160160 ...time: 0.7259697914123535
Fin; energy prediction...time: 20.39254665374756
Egy stat [17.522314, 21.271025, 19.18068, 0.69683695]
Start for  3_9_4 [70/105]
Fin;generate all combinations 400400 ...time: 1.631155014038086
Fin; energy prediction...time: 49.578941106796265
Egy stat [23.867104, 30.202911, 26.621925, 0.8198175]
Start for  3_8_5 [71/105]
Fin;generate all combinations 720720 ...time: 3.663330316543579
Fin; energy prediction...time: 89.96316289901733
Egy stat [30.79158, 36.986706, 33.833595, 0.8842691]
Start for  3_7_6 [72/105]
Fin;generate all combinations 960960 ...time: 4.514371633529663
Fin; energy prediction...time: 118.79221248626709
Egy stat [37.21619, 44.190525, 40.853653, 0.90885806]
Start for  3_6_7 [73/105]
Fin;generate all combinations 960960 ...time: 3.476468801498413
Fin; energy prediction...time: 119.00876975059509
Egy stat [43.150944, 51.509712, 47.715096, 0.90682566]
Start for  3_5_8 [74/105]
Fin;generate all combinations 720720 ...time: 3.482813835144043
Fin; energy prediction...time: 90.62252521514893
Egy stat [48.790585, 59.21582, 54.443657, 0.88579565]
Start for  3_4_9 [75/105]
Fin;generate all combinations 400400 ...time: 0.8280239105224609
Fin; energy prediction...time: 51.081424951553345
Egy stat [56.63437, 64.913124, 61.056534, 0.84870875]
Start for  3_3_10 [76/105]
Fin;generate all combinations 160160 ...time: 0.3983914852142334
Fin; energy prediction...time: 20.66956329345703
Egy stat [64.04665, 70.761086, 67.56181, 0.7955896]
Start for  3_2_11 [77/105]
Fin;generate all combinations 43680 ...time: 0.3575632572174072
Fin; energy prediction...time: 6.159654855728149
Egy stat [71.34591, 76.81311, 73.95845, 0.7253082]
Start for  3_1_12 [78/105]
Fin;generate all combinations 7280 ...time: 0.022666215896606445
Fin; energy prediction...time: 1.8950011730194092
Egy stat [78.08063, 82.99203, 80.236885, 0.63668895]
Start for  2_13_1 [79/105]
Fin;generate all combinations 1680 ...time: 0.005450010299682617
Fin; energy prediction...time: 0.9273812770843506
Egy stat [2.173151, 2.6718493, 2.4250102, 0.11851703]
Start for  2_12_2 [80/105]
Fin;generate all combinations 10920 ...time: 0.022277355194091797
Fin; energy prediction...time: 2.2805652618408203
Egy stat [9.339375, 11.55085, 10.414151, 0.47233263]
Start for  2_11_3 [81/105]
Fin;generate all combinations 43680 ...time: 0.14187335968017578
Fin; energy prediction...time: 6.468896865844727
Egy stat [16.634466, 20.052568, 18.10424, 0.67714214]
Start for  2_10_4 [82/105]
Fin;generate all combinations 120120 ...time: 0.44961118698120117
Fin; energy prediction...time: 15.585553884506226
Egy stat [22.936172, 28.927296, 25.530535, 0.80074584]
Start for  2_9_5 [83/105]
Fin;generate all combinations 240240 ...time: 1.118699073791504
Fin; energy prediction...time: 30.548614501953125
Egy stat [29.842636, 35.729115, 32.72918, 0.8662858]
Start for  2_8_6 [84/105]
Fin;generate all combinations 360360 ...time: 1.7316627502441406
Fin; energy prediction...time: 45.27732706069946
Egy stat [36.308025, 42.904377, 39.734234, 0.8915082]
Start for  2_7_7 [85/105]
Fin;generate all combinations 411840 ...time: 1.940202236175537
Fin; energy prediction...time: 50.7184693813324
Egy stat [42.18836, 50.292454, 46.57502, 0.8893582]
Start for  2_6_8 [86/105]
Fin;generate all combinations 360360 ...time: 1.9137639999389648
Fin; energy prediction...time: 44.76219868659973
Egy stat [47.790485, 58.009483, 53.274094, 0.8676707]
Start for  2_5_9 [87/105]
Fin;generate all combinations 240240 ...time: 1.0604135990142822
Fin; energy prediction...time: 30.093446969985962
Egy stat [55.51445, 63.63302, 59.846073, 0.82971096]
Start for  2_4_10 [88/105]
Fin;generate all combinations 120120 ...time: 0.6097321510314941
Fin; energy prediction...time: 16.013131618499756
Egy stat [62.76832, 69.42569, 66.29696, 0.77550465]
Start for  2_3_11 [89/105]
Fin;generate all combinations 43680 ...time: 0.1035912036895752
Fin; energy prediction...time: 6.7347447872161865
Egy stat [70.03309, 75.38222, 72.624115, 0.70329845]
Start for  2_2_12 [90/105]
Fin;generate all combinations 10920 ...time: 0.027605533599853516
Fin; energy prediction...time: 2.4208643436431885
Egy stat [76.67408, 81.65122, 78.81686, 0.61047983]
Start for  2_1_13 [91/105]
Fin;generate all combinations 1680 ...time: 0.005413055419921875
Fin; energy prediction...time: 1.0781841278076172
Egy stat [83.73216, 86.4559, 84.85727, 0.49363488]
Start for  1_14_1 [92/105]
Fin;generate all combinations 240 ...time: 0.0014379024505615234
Fin; energy prediction...time: 0.849757194519043
Egy stat [1.2234726, 1.5505114, 1.3845931, 0.09161408]
Start for  1_13_2 [93/105]
Fin;generate all combinations 1680 ...time: 0.004099845886230469
Fin; energy prediction...time: 1.0167763233184814
Egy stat [8.33799, 10.253696, 9.340991, 0.45362973]
Start for  1_12_3 [94/105]
Fin;generate all combinations 7280 ...time: 0.01678466796875
Fin; energy prediction...time: 1.7378466129302979
Egy stat [15.705898, 18.811977, 17.006975, 0.657637]
Start for  1_11_4 [95/105]
Fin;generate all combinations 21840 ...time: 0.04710531234741211
Fin; energy prediction...time: 3.676725149154663
Egy stat [22.054588, 27.64946, 24.414587, 0.7819639]
Start for  1_10_5 [96/105]
Fin;generate all combinations 48048 ...time: 0.23264122009277344
Fin; energy prediction...time: 6.974823713302612
Egy stat [28.940811, 34.44748, 31.596321, 0.84866685]
Start for  1_9_6 [97/105]
Fin;generate all combinations 80080 ...time: 0.3681330680847168
Fin; energy prediction...time: 11.08884882926941
Egy stat [35.36237, 41.58136, 38.58252, 0.8745388]
Start for  1_8_7 [98/105]
Fin;generate all combinations 102960 ...time: 0.5311107635498047
Fin; energy prediction...time: 13.769162654876709
Egy stat [41.219376, 49.063572, 45.39908, 0.8721391]
Start for  1_7_8 [99/105]
Fin;generate all combinations 102960 ...time: 0.41508030891418457
Fin; energy prediction...time: 13.6542387008667
Egy stat [46.788757, 56.78785, 52.06558, 0.84943885]
Start for  1_6_9 [100/105]
Fin;generate all combinations 80080 ...time: 0.33574628829956055
Fin; energy prediction...time: 10.942575454711914
Egy stat [54.43068, 62.30081, 58.59415, 0.8100553]
Start for  1_5_10 [101/105]
Fin;generate all combinations 48048 ...time: 0.2323472499847412
Fin; energy prediction...time: 6.719655990600586
Egy stat [61.648354, 67.99618, 64.98882, 0.75421417]
Start for  1_4_11 [102/105]
Fin;generate all combinations 21840 ...time: 0.04831719398498535
Fin; energy prediction...time: 3.509222984313965
Egy stat [68.74326, 73.92358, 71.245514, 0.67997104]
Start for  1_3_12 [103/105]
Fin;generate all combinations 7280 ...time: 0.017592906951904297
Fin; energy prediction...time: 1.8301665782928467
Egy stat [75.259834, 80.13253, 77.352425, 0.58406246]
Start for  1_2_13 [104/105]
Fin;generate all combinations 1680 ...time: 0.005034923553466797
Fin; energy prediction...time: 0.9996993541717529
Egy stat [82.17174, 84.92817, 83.29092, 0.461853]
Start for  1_1_14 [105/105]
Fin;generate all combinations 240 ...time: 0.0011098384857177734
Fin; energy prediction...time: 0.8664400577545166
Egy stat [88.496086, 89.71065, 89.03667, 0.30490848]
Saving....
Saved to... K_PbSnZn_I.pkl
Total elapsed time... 5587.760885477066
