Summary of calculations
Site name (A,B,C)... K Pb,Sn,Zn Br
Base cif file name... ../0.cif
Save file name... K_PbSnZn_Br.pkl
Fin; combination with repetition...time: 0.0018279552459716797
Start for  14_1_1 [1/105]
Fin;generate all combinations 240 ...time: 0.0006270408630371094
Fin; energy prediction...time: 0.19683480262756348
Egy stat [-15.072837, -14.208711, -14.618771, 0.30702403]
Start for  13_2_1 [2/105]
Fin;generate all combinations 1680 ...time: 0.003750324249267578
Fin; energy prediction...time: 0.3917579650878906
Egy stat [-15.857433, -14.734632, -15.259619, 0.30959177]
Start for  13_1_2 [3/105]
Fin;generate all combinations 1680 ...time: 0.003951072692871094
Fin; energy prediction...time: 0.3859291076660156
Egy stat [-10.424053, -7.765527, -9.227503, 0.6519731]
Start for  12_3_1 [4/105]
Fin;generate all combinations 7280 ...time: 0.012578725814819336
Fin; energy prediction...time: 1.1512079238891602
Egy stat [-16.596447, -15.326251, -15.9169, 0.31085482]
Start for  12_2_2 [5/105]
Fin;generate all combinations 10920 ...time: 0.017559528350830078
Fin; energy prediction...time: 1.5547351837158203
Egy stat [-11.326589, -8.2833, -9.92763, 0.646829]
Start for  12_1_3 [6/105]
Fin;generate all combinations 7280 ...time: 0.06543684005737305
Fin; energy prediction...time: 1.094435691833496
Egy stat [-6.8186674, -1.9794531, -4.302042, 0.92170256]
Start for  11_4_1 [7/105]
Fin;generate all combinations 21840 ...time: 0.07758569717407227
Fin; energy prediction...time: 2.901221990585327
Egy stat [-17.342915, -15.913836, -16.589994, 0.31065407]
Start for  11_3_2 [8/105]
Fin;generate all combinations 43680 ...time: 0.11382699012756348
Fin; energy prediction...time: 5.837939739227295
Egy stat [-12.197977, -8.872809, -10.641921, 0.64058185]
Start for  11_2_3 [9/105]
Fin;generate all combinations 43680 ...time: 0.16551423072814941
Fin; energy prediction...time: 5.781999826431274
Egy stat [-7.7826104, -2.6791425, -5.0553627, 0.91073006]
Start for  11_1_4 [10/105]
Fin;generate all combinations 21840 ...time: 0.04073596000671387
Fin; energy prediction...time: 3.128509521484375
Egy stat [-3.9665294, 3.904192, 0.2082206, 1.1288067]
Start for  10_5_1 [11/105]
Fin;generate all combinations 48048 ...time: 0.18396401405334473
Fin; energy prediction...time: 6.309677362442017
Egy stat [-18.080078, -16.521843, -17.27836, 0.3088559]
Start for  10_4_2 [12/105]
Fin;generate all combinations 120120 ...time: 0.4958682060241699
Fin; energy prediction...time: 15.271969079971313
Egy stat [-13.095054, -9.466445, -11.369852, 0.63316524]
Start for  10_3_3 [13/105]
Fin;generate all combinations 160160 ...time: 0.4007296562194824
Fin; energy prediction...time: 20.3322856426239
Egy stat [-8.635123, -3.3964443, -5.820838, 0.8987982]
Start for  10_2_4 [14/105]
Fin;generate all combinations 120120 ...time: 0.6760191917419434
Fin; energy prediction...time: 15.308323860168457
Egy stat [-4.931595, 3.118517, -0.59520733, 1.1126931]
Start for  10_1_5 [15/105]
Fin;generate all combinations 48048 ...time: 0.09619474411010742
Fin; energy prediction...time: 6.131472110748291
Egy stat [-0.7198839, 7.924732, 4.335854, 1.2784895]
Start for  9_6_1 [16/105]
Fin;generate all combinations 80080 ...time: 0.24126815795898438
Fin; energy prediction...time: 10.311529159545898
Egy stat [-18.823233, -17.212097, -17.981546, 0.3053537]
Start for  9_5_2 [17/105]
Fin;generate all combinations 240240 ...time: 0.6350400447845459
Fin; energy prediction...time: 29.63785982131958
Egy stat [-13.809767, -10.174851, -12.111036, 0.6245231]
Start for  9_4_3 [18/105]
Fin;generate all combinations 400400 ...time: 1.263129472732544
Fin; energy prediction...time: 49.73092842102051
Egy stat [-9.478247, -4.1433363, -6.598139, 0.88587844]
Start for  9_3_4 [19/105]
Fin;generate all combinations 400400 ...time: 1.6684279441833496
Fin; energy prediction...time: 50.31450653076172
Egy stat [-5.8400903, 2.3060122, -1.4091686, 1.0957685]
Start for  9_2_5 [20/105]
Fin;generate all combinations 240240 ...time: 0.9596316814422607
Fin; energy prediction...time: 30.643877029418945
Egy stat [-1.7736778, 7.1486015, 3.482589, 1.2577639]
Start for  9_1_6 [21/105]
Fin;generate all combinations 80080 ...time: 0.17322206497192383
Fin; energy prediction...time: 10.581403732299805
Egy stat [1.5601282, 12.369659, 8.101132, 1.3737948]
Start for  8_7_1 [22/105]
Fin;generate all combinations 102960 ...time: 0.4826340675354004
Fin; energy prediction...time: 12.899492502212524
Egy stat [-19.512722, -17.935598, -18.69922, 0.30006838]
Start for  8_6_2 [23/105]
Fin;generate all combinations 360360 ...time: 1.3088603019714355
Fin; energy prediction...time: 44.23705577850342
Egy stat [-14.537575, -10.890203, -12.865218, 0.61461365]
Start for  8_5_3 [24/105]
Fin;generate all combinations 720720 ...time: 2.6431524753570557
Fin; energy prediction...time: 89.09942197799683
Egy stat [-10.230168, -4.8881536, -7.3871207, 0.87194896]
Start for  8_4_4 [25/105]
Fin;generate all combinations 900900 ...time: 3.4936890602111816
Fin; energy prediction...time: 110.79840660095215
Egy stat [-6.733638, 1.5264988, -2.2336104, 1.0780269]
Start for  8_3_5 [26/105]
Fin;generate all combinations 720720 ...time: 4.066731691360474
Fin; energy prediction...time: 90.1715669631958
Egy stat [-2.7324119, 6.3695946, 2.6199496, 1.2363338]
Start for  8_2_6 [27/105]
Fin;generate all combinations 360360 ...time: 0.6694507598876953
Fin; energy prediction...time: 46.24150347709656
Egy stat [0.5569, 11.553368, 7.195839, 1.3489426]
Start for  8_1_7 [28/105]
Fin;generate all combinations 102960 ...time: 0.24270296096801758
Fin; energy prediction...time: 13.882274389266968
Egy stat [3.1799164, 16.585924, 11.518267, 1.4174075]
Start for  7_8_1 [29/105]
Fin;generate all combinations 102960 ...time: 0.18267822265625
Fin; energy prediction...time: 13.797967195510864
Egy stat [-20.179314, -18.671022, -19.431168, 0.29294443]
Start for  7_7_2 [30/105]
Fin;generate all combinations 411840 ...time: 1.4457848072052002
Fin; energy prediction...time: 51.28260159492493
Egy stat [-15.1623535, -11.643698, -13.632315, 0.6034113]
Start for  7_6_3 [31/105]
Fin;generate all combinations 960960 ...time: 3.5962677001953125
Fin; energy prediction...time: 118.94159030914307
Egy stat [-10.918242, -5.712871, -8.18781, 0.85699683]
Start for  7_5_4 [32/105]
Fin;generate all combinations 1441440 ...time: 5.28045654296875
Fin; energy prediction...time: 177.52710676193237
Egy stat [-7.4268513, 0.5721388, -3.0686877, 1.0594655]
Start for  7_4_5 [33/105]
Fin;generate all combinations 1441440 ...time: 6.027094841003418
Fin; energy prediction...time: 180.39626717567444
Egy stat [-3.4363608, 5.434869, 1.7476705, 1.2142013]
Start for  7_3_6 [34/105]
Fin;generate all combinations 960960 ...time: 5.459262847900391
Fin; energy prediction...time: 118.07787609100342
Egy stat [-0.15821552, 10.734493, 6.2818513, 1.3233782]
Start for  7_2_7 [35/105]
Fin;generate all combinations 411840 ...time: 0.7819938659667969
Fin; energy prediction...time: 52.63697409629822
Egy stat [2.4300299, 15.534481, 10.556752, 1.3889544]
Start for  7_1_8 [36/105]
Fin;generate all combinations 102960 ...time: 0.24183988571166992
Fin; energy prediction...time: 13.889251470565796
Egy stat [4.553358, 20.727423, 14.601016, 1.4131261]
Start for  6_9_1 [37/105]
Fin;generate all combinations 80080 ...time: 0.15467453002929688
Fin; energy prediction...time: 11.267736911773682
Egy stat [-20.868801, -19.432858, -20.177294, 0.2839428]
Start for  6_8_2 [38/105]
Fin;generate all combinations 360360 ...time: 1.4158897399902344
Fin; energy prediction...time: 45.204466581344604
Egy stat [-15.821614, -12.3993435, -14.412376, 0.5909054]
Start for  6_7_3 [39/105]
Fin;generate all combinations 960960 ...time: 3.9208221435546875
Fin; energy prediction...time: 119.21180057525635
Egy stat [-11.625259, -6.5379224, -9.000429, 0.8410174]
Start for  6_6_4 [40/105]
Fin;generate all combinations 1681680 ...time: 6.07883095741272
Fin; energy prediction...time: 207.14905285835266
Egy stat [-8.109048, -0.34998798, -3.914757, 1.0400839]
Start for  6_5_5 [41/105]
Fin;generate all combinations 2018016 ...time: 10.145563840866089
Fin; energy prediction...time: 248.8637990951538
Egy stat [-4.1351213, 4.500269, 0.86526054, 1.1913681]
Start for  6_4_6 [42/105]
Fin;generate all combinations 1681680 ...time: 8.394098281860352
Fin; energy prediction...time: 212.18576908111572
Egy stat [-0.87606144, 9.921139, 5.3585734, 1.2970961]
Start for  6_3_7 [43/105]
Fin;generate all combinations 960960 ...time: 1.740860939025879
Fin; energy prediction...time: 124.66661095619202
Egy stat [1.7015676, 14.485123, 9.586787, 1.3596021]
Start for  6_2_8 [44/105]
Fin;generate all combinations 360360 ...time: 0.7402238845825195
Fin; energy prediction...time: 45.31888127326965
Egy stat [3.7997513, 19.580698, 13.577599, 1.3818953]
Start for  6_1_9 [45/105]
Fin;generate all combinations 80080 ...time: 0.21518635749816895
Fin; energy prediction...time: 11.093980073928833
Egy stat [9.428375, 21.595554, 17.366926, 1.3667756]
Start for  5_10_1 [46/105]
Fin;generate all combinations 48048 ...time: 0.10791993141174316
Fin; energy prediction...time: 7.08573842048645
Egy stat [-21.568708, -20.255516, -20.937628, 0.27303058]
Start for  5_9_2 [47/105]
Fin;generate all combinations 240240 ...time: 1.05759859085083
Fin; energy prediction...time: 30.78431534767151
Egy stat [-16.501678, -13.350328, -15.205616, 0.5770955]
Start for  5_8_3 [48/105]
Fin;generate all combinations 720720 ...time: 3.000012159347534
Fin; energy prediction...time: 88.47783637046814
Egy stat [-12.33516, -7.4345903, -9.825354, 0.8240113]
Start for  5_7_4 [49/105]
Fin;generate all combinations 1441440 ...time: 6.30042290687561
Fin; energy prediction...time: 180.13996863365173
Egy stat [-8.798788, -1.3034725, -4.772371, 1.0198847]
Start for  5_6_5 [50/105]
Fin;generate all combinations 2018016 ...time: 6.378595352172852
Fin; energy prediction...time: 257.88139033317566
Egy stat [-4.8461294, 3.5415125, -0.027977271, 1.1678367]
Start for  5_5_6 [51/105]
Fin;generate all combinations 2018016 ...time: 8.227511167526245
Fin; energy prediction...time: 248.35583066940308
Egy stat [-1.579258, 8.997654, 4.4251776, 1.2700915]
Start for  5_4_7 [52/105]
Fin;generate all combinations 1441440 ...time: 6.3596296310424805
Fin; energy prediction...time: 176.6802110671997
Egy stat [0.9750004, 13.418047, 8.607447, 1.3293245]
Start for  5_3_8 [53/105]
Fin;generate all combinations 720720 ...time: 4.149261474609375
Fin; energy prediction...time: 89.45588827133179
Egy stat [3.0490732, 18.405764, 12.545589, 1.3493632]
Start for  5_2_9 [54/105]
Fin;generate all combinations 240240 ...time: 0.5170321464538574
Fin; energy prediction...time: 30.901512622833252
Egy stat [8.494263, 20.444641, 16.27486, 1.3342915]
Start for  5_1_10 [55/105]
Fin;generate all combinations 48048 ...time: 0.1383206844329834
Fin; energy prediction...time: 7.358763217926025
Egy stat [13.595488, 24.018372, 19.839926, 1.285459]
Start for  4_11_1 [56/105]
Fin;generate all combinations 21840 ...time: 0.05701851844787598
Fin; energy prediction...time: 3.6252048015594482
Egy stat [-22.289585, -21.085161, -21.712309, 0.26016712]
Start for  4_10_2 [57/105]
Fin;generate all combinations 120120 ...time: 0.47126269340515137
Fin; energy prediction...time: 16.22970986366272
Egy stat [-17.206198, -14.308318, -16.012371, 0.561988]
Start for  4_9_3 [58/105]
Fin;generate all combinations 400400 ...time: 1.7908895015716553
Fin; energy prediction...time: 50.132991552352905
Egy stat [-13.021973, -8.387514, -10.663132, 0.80598277]
Start for  4_8_4 [59/105]
Fin;generate all combinations 900900 ...time: 3.578145742416382
Fin; energy prediction...time: 112.73009371757507
Egy stat [-9.503395, -2.2243223, -5.642261, 0.99887043]
Start for  4_7_5 [60/105]
Fin;generate all combinations 1441440 ...time: 6.303399324417114
Fin; energy prediction...time: 177.5196840763092
Egy stat [-5.5574994, 2.5839539, -0.9329372, 1.1436102]
Start for  4_6_6 [61/105]
Fin;generate all combinations 1681680 ...time: 5.694941520690918
Fin; energy prediction...time: 206.4720139503479
Egy stat [-2.3037949, 8.071011, 3.480633, 1.2423666]
Start for  4_5_7 [62/105]
Fin;generate all combinations 1441440 ...time: 9.284927129745483
Fin; energy prediction...time: 176.5873682498932
Egy stat [0.24515629, 12.47397, 7.61759, 1.2981066]
Start for  4_4_8 [63/105]
Fin;generate all combinations 900900 ...time: 4.742744445800781
Fin; energy prediction...time: 116.76117706298828
Egy stat [2.294489, 17.27253, 11.50377, 1.3154688]
Start for  4_3_9 [64/105]
Fin;generate all combinations 400400 ...time: 0.7842979431152344
Fin; energy prediction...time: 50.47413969039917
Egy stat [7.6059036, 19.290033, 15.173769, 1.2998649]
Start for  4_2_10 [65/105]
Fin;generate all combinations 120120 ...time: 0.8307301998138428
Fin; energy prediction...time: 15.881693601608276
Egy stat [12.498495, 22.81437, 18.67175, 1.2542661]
Start for  4_1_11 [66/105]
Fin;generate all combinations 21840 ...time: 0.06440925598144531
Fin; energy prediction...time: 3.816897392272949
Egy stat [17.446861, 25.446041, 22.051443, 1.1744564]
Start for  3_12_1 [67/105]
Fin;generate all combinations 7280 ...time: 0.02016615867614746
Fin; energy prediction...time: 1.8322117328643799
Egy stat [-22.989378, -21.969772, -22.501574, 0.24528837]
Start for  3_11_2 [68/105]
Fin;generate all combinations 43680 ...time: 0.12873005867004395
Fin; energy prediction...time: 6.4316511154174805
Egy stat [-17.903694, -15.314125, -16.833097, 0.5455921]
Start for  3_10_3 [69/105]
Fin;generate all combinations 160160 ...time: 0.6375894546508789
Fin; energy prediction...time: 20.749316215515137
Egy stat [-13.72535, -9.354598, -11.514435, 0.7869361]
Start for  3_9_4 [70/105]
Fin;generate all combinations 400400 ...time: 1.5517995357513428
Fin; energy prediction...time: 49.59853649139404
Egy stat [-10.211778, -3.207405, -6.5253034, 0.97704273]
Start for  3_8_5 [71/105]
Fin;generate all combinations 720720 ...time: 3.3907129764556885
Fin; energy prediction...time: 89.30371689796448
Egy stat [-6.274947, 1.5191784, -1.8506817, 1.1186953]
Start for  3_7_6 [72/105]
Fin;generate all combinations 960960 ...time: 4.736342668533325
Fin; energy prediction...time: 118.71061968803406
Egy stat [-3.016644, 6.851099, 2.5237305, 1.2139335]
Start for  3_6_7 [73/105]
Fin;generate all combinations 960960 ...time: 4.990765333175659
Fin; energy prediction...time: 118.12165188789368
Egy stat [-0.492074, 11.250694, 6.6158805, 1.2659549]
Start for  3_5_8 [74/105]
Fin;generate all combinations 720720 ...time: 3.012240171432495
Fin; energy prediction...time: 88.54620862007141
Egy stat [1.5432463, 16.080948, 10.450715, 1.2801782]
Start for  3_4_9 [75/105]
Fin;generate all combinations 400400 ...time: 2.0426676273345947
Fin; energy prediction...time: 50.44416689872742
Egy stat [6.715933, 18.126835, 14.062156, 1.2633686]
Start for  3_3_10 [76/105]
Fin;generate all combinations 160160 ...time: 0.33806395530700684
Fin; energy prediction...time: 21.859291315078735
Egy stat [11.425528, 21.593987, 17.493868, 1.2201862]
Start for  3_2_11 [77/105]
Fin;generate all combinations 43680 ...time: 0.10087823867797852
Fin; energy prediction...time: 6.6792311668396
Egy stat [16.246775, 24.15826, 20.799139, 1.1480287]
Start for  3_1_12 [78/105]
Fin;generate all combinations 7280 ...time: 0.022253036499023438
Fin; energy prediction...time: 1.8342680931091309
Egy stat [20.59819, 28.150753, 24.040337, 1.0324054]
Start for  2_13_1 [79/105]
Fin;generate all combinations 1680 ...time: 0.006628751754760742
Fin; energy prediction...time: 1.1157927513122559
Egy stat [-23.712307, -22.881435, -23.305737, 0.22828813]
Start for  2_12_2 [80/105]
Fin;generate all combinations 10920 ...time: 0.022946834564208984
Fin; energy prediction...time: 2.267871141433716
Egy stat [-18.631447, -16.323921, -17.66835, 0.52791893]
Start for  2_11_3 [81/105]
Fin;generate all combinations 43680 ...time: 0.09032273292541504
Fin; energy prediction...time: 6.272235870361328
Egy stat [-14.434596, -10.342677, -12.380053, 0.7668775]
Start for  2_10_4 [82/105]
Fin;generate all combinations 120120 ...time: 0.44397854804992676
Fin; energy prediction...time: 16.13224959373474
Egy stat [-10.93947, -4.1621475, -7.4225082, 0.9544062]
Start for  2_9_5 [83/105]
Fin;generate all combinations 240240 ...time: 1.0368824005126953
Fin; energy prediction...time: 30.310572624206543
Egy stat [-6.982107, 0.45307255, -2.7824075, 1.093105]
Start for  2_8_6 [84/105]
Fin;generate all combinations 360360 ...time: 1.5092146396636963
Fin; energy prediction...time: 45.70164203643799
Egy stat [-3.7176514, 5.6281815, 1.5531129, 1.1848223]
Start for  2_7_7 [85/105]
Fin;generate all combinations 411840 ...time: 1.3617873191833496
Fin; energy prediction...time: 51.278552532196045
Egy stat [-1.2124214, 10.0287075, 5.6008487, 1.2329079]
Start for  2_6_8 [86/105]
Fin;generate all combinations 360360 ...time: 1.2913334369659424
Fin; energy prediction...time: 45.79991626739502
Egy stat [0.7881956, 14.92556, 9.3848505, 1.2435033]
Start for  2_5_9 [87/105]
Fin;generate all combinations 240240 ...time: 1.1496238708496094
Fin; energy prediction...time: 31.494995832443237
Egy stat [5.845827, 16.905567, 12.938386, 1.2247216]
Start for  2_4_10 [88/105]
Fin;generate all combinations 120120 ...time: 0.2612013816833496
Fin; energy prediction...time: 16.71571397781372
Egy stat [10.353367, 20.356422, 16.304594, 1.1829627]
Start for  2_3_11 [89/105]
Fin;generate all combinations 43680 ...time: 0.27401208877563477
Fin; energy prediction...time: 6.794867277145386
Egy stat [15.157524, 22.908993, 19.536303, 1.1172618]
Start for  2_2_12 [90/105]
Fin;generate all combinations 10920 ...time: 0.028120756149291992
Fin; energy prediction...time: 2.3639988899230957
Egy stat [19.398735, 26.764763, 22.69537, 1.0143129]
Start for  2_1_13 [91/105]
Fin;generate all combinations 1680 ...time: 0.005116462707519531
Fin; energy prediction...time: 1.1093480587005615
Egy stat [24.045975, 28.001137, 25.85206, 0.84638]
Start for  1_14_1 [92/105]
Fin;generate all combinations 240 ...time: 0.0013380050659179688
Fin; energy prediction...time: 0.876711368560791
Egy stat [-24.455128, -23.825478, -24.125158, 0.20899397]
Start for  1_13_2 [93/105]
Fin;generate all combinations 1680 ...time: 0.004335165023803711
Fin; energy prediction...time: 1.0475821495056152
Egy stat [-19.33532, -17.43435, -18.518738, 0.50898504]
Start for  1_12_3 [94/105]
Fin;generate all combinations 7280 ...time: 0.018041610717773438
Fin; energy prediction...time: 1.8631258010864258
Egy stat [-15.134451, -11.370091, -13.260841, 0.74582005]
Start for  1_11_4 [95/105]
Fin;generate all combinations 21840 ...time: 0.04852104187011719
Fin; energy prediction...time: 3.6574039459228516
Egy stat [-11.649846, -5.150281, -8.334963, 0.930974]
Start for  1_10_5 [96/105]
Fin;generate all combinations 48048 ...time: 0.24997878074645996
Fin; energy prediction...time: 6.791027307510376
Egy stat [-7.698683, -0.621665, -3.7294092, 1.0668682]
Start for  1_9_6 [97/105]
Fin;generate all combinations 80080 ...time: 0.39595866203308105
Fin; energy prediction...time: 11.10866379737854
Egy stat [-4.428442, 4.350458, 0.5673152, 1.155092]
Start for  1_8_7 [98/105]
Fin;generate all combinations 102960 ...time: 0.3478391170501709
Fin; energy prediction...time: 13.431791067123413
Egy stat [-1.9355402, 8.832476, 4.5708904, 1.1990504]
Start for  1_7_8 [99/105]
Fin;generate all combinations 102960 ...time: 0.6639506816864014
Fin; energy prediction...time: 13.844460248947144
Egy stat [0.035881996, 13.735348, 8.304489, 1.2055174]
Start for  1_6_9 [100/105]
Fin;generate all combinations 80080 ...time: 0.38130736351013184
Fin; energy prediction...time: 11.086857795715332
Egy stat [5.0150642, 15.6327, 11.8006935, 1.1839118]
Start for  1_5_10 [101/105]
Fin;generate all combinations 48048 ...time: 0.2751033306121826
Fin; energy prediction...time: 6.8850932121276855
Egy stat [9.518057, 19.09415, 15.102113, 1.1423969]
Start for  1_4_11 [102/105]
Fin;generate all combinations 21840 ...time: 0.04926776885986328
Fin; energy prediction...time: 3.7655208110809326
Egy stat [14.12475, 21.457132, 18.261086, 1.0816637]
Start for  1_3_12 [103/105]
Fin;generate all combinations 7280 ...time: 0.017524242401123047
Fin; energy prediction...time: 1.9612138271331787
Egy stat [18.196302, 25.319881, 21.338938, 0.9894068]
Start for  1_2_13 [104/105]
Fin;generate all combinations 1680 ...time: 0.004406929016113281
Fin; energy prediction...time: 1.1153030395507812
Egy stat [22.692402, 26.547523, 24.405222, 0.83834654]
Start for  1_1_14 [105/105]
Fin;generate all combinations 240 ...time: 0.0010750293731689453
Fin; energy prediction...time: 0.9037163257598877
Egy stat [26.738121, 29.28104, 27.537436, 0.5856047]
Saving....
Saved to... K_PbSnZn_Br.pkl
Total elapsed time... 5600.02116727829
