Summary of calculations
Site name (A,B,C)... K Pb,Sn,Zn Cl
Base cif file name... ../0.cif
Save file name... K_PbSnZn_Cl.pkl
Fin; combination with repetition...time: 0.0016236305236816406
Start for  14_1_1 [1/105]
Fin;generate all combinations 240 ...time: 0.0006411075592041016
Fin; energy prediction...time: 0.18534421920776367
Egy stat [-21.81289, -20.823483, -21.28462, 0.35789126]
Start for  13_2_1 [2/105]
Fin;generate all combinations 1680 ...time: 0.0035343170166015625
Fin; energy prediction...time: 0.3658628463745117
Egy stat [-21.254154, -19.978832, -20.565641, 0.3587248]
Start for  13_1_2 [3/105]
Fin;generate all combinations 1680 ...time: 0.0037572383880615234
Fin; energy prediction...time: 0.4248011112213135
Egy stat [-16.22904, -13.154411, -14.910056, 0.7649981]
Start for  12_3_1 [4/105]
Fin;generate all combinations 7280 ...time: 0.012363910675048828
Fin; energy prediction...time: 1.1563904285430908
Egy stat [-20.657272, -19.198523, -19.86001, 0.35850495]
Start for  12_2_2 [5/105]
Fin;generate all combinations 10920 ...time: 0.016747713088989258
Fin; energy prediction...time: 1.5546536445617676
Egy stat [-15.823261, -12.335476, -14.269785, 0.7568878]
Start for  12_1_3 [6/105]
Fin;generate all combinations 7280 ...time: 0.06331276893615723
Fin; energy prediction...time: 1.1100287437438965
Egy stat [-12.044493, -6.1912, -9.17378, 1.0885003]
Start for  11_4_1 [7/105]
Fin;generate all combinations 21840 ...time: 0.07559823989868164
Fin; energy prediction...time: 2.7680869102478027
Egy stat [-20.060286, -18.417595, -19.168179, 0.35704166]
Start for  11_3_2 [8/105]
Fin;generate all combinations 43680 ...time: 0.1138145923614502
Fin; energy prediction...time: 5.655806303024292
Egy stat [-15.390978, -11.616125, -13.641283, 0.7477988]
Start for  11_2_3 [9/105]
Fin;generate all combinations 43680 ...time: 0.18300819396972656
Fin; energy prediction...time: 5.693540573120117
Egy stat [-11.708912, -5.587244, -8.598932, 1.074586]
Start for  11_1_4 [10/105]
Fin;generate all combinations 21840 ...time: 0.04152226448059082
Fin; energy prediction...time: 2.9135921001434326
Egy stat [-8.873153, 0.8175106, -4.013785, 1.343393]
Start for  10_5_1 [11/105]
Fin;generate all combinations 48048 ...time: 0.18140935897827148
Fin; energy prediction...time: 6.039793252944946
Egy stat [-19.39994, -17.710764, -18.490622, 0.3541736]
Start for  10_4_2 [12/105]
Fin;generate all combinations 120120 ...time: 0.46805524826049805
Fin; energy prediction...time: 14.87211799621582
Egy stat [-14.978281, -10.895377, -13.02529, 0.7376385]
Start for  10_3_3 [13/105]
Fin;generate all combinations 160160 ...time: 0.42507433891296387
Fin; energy prediction...time: 20.77365207672119
Egy stat [-11.254137, -4.987543, -8.034922, 1.059704]
Start for  10_2_4 [14/105]
Fin;generate all combinations 120120 ...time: 0.19304656982421875
Fin; energy prediction...time: 14.917588949203491
Egy stat [-8.545337, 1.3209381, -3.4959, 1.3246214]
Start for  10_1_5 [15/105]
Fin;generate all combinations 48048 ...time: 0.09942889213562012
Fin; energy prediction...time: 6.405994176864624
Egy stat [-5.2357707, 5.3709135, 0.612888, 1.5342834]
Start for  9_6_1 [16/105]
Fin;generate all combinations 80080 ...time: 0.26125097274780273
Fin; energy prediction...time: 10.004053354263306
Egy stat [-18.726574, -17.028532, -17.827852, 0.34976122]
Start for  9_5_2 [17/105]
Fin;generate all combinations 240240 ...time: 0.685814380645752
Fin; energy prediction...time: 29.75762677192688
Egy stat [-14.2938175, -10.242124, -12.422587, 0.72632277]
Start for  9_4_3 [18/105]
Fin;generate all combinations 400400 ...time: 1.4511187076568604
Fin; energy prediction...time: 48.665799617767334
Egy stat [-10.722329, -4.439317, -7.4827886, 1.0437803]
Start for  9_3_4 [19/105]
Fin;generate all combinations 400400 ...time: 1.570885181427002
Fin; energy prediction...time: 48.602130651474
Egy stat [-8.114294, 1.8160524, -2.9884846, 1.3049111]
Start for  9_2_5 [20/105]
Fin;generate all combinations 240240 ...time: 0.3984975814819336
Fin; energy prediction...time: 29.89632511138916
Egy stat [-4.9981875, 5.887846, 1.0780522, 1.5109185]
Start for  9_1_6 [21/105]
Fin;generate all combinations 80080 ...time: 0.15803217887878418
Fin; energy prediction...time: 10.199069261550903
Egy stat [-2.87568, 10.265596, 4.7384152, 1.6633644]
Start for  8_7_1 [22/105]
Fin;generate all combinations 102960 ...time: 0.45613765716552734
Fin; energy prediction...time: 13.10764455795288
Egy stat [-18.03609, -16.39081, -17.180407, 0.34367704]
Start for  8_6_2 [23/105]
Fin;generate all combinations 360360 ...time: 1.2060234546661377
Fin; energy prediction...time: 43.51869058609009
Egy stat [-13.62913, -9.59019, -11.833967, 0.71377414]
Start for  8_5_3 [24/105]
Fin;generate all combinations 720720 ...time: 2.7138376235961914
Fin; energy prediction...time: 87.1919572353363
Egy stat [-10.095392, -3.8836498, -6.943596, 1.0267454]
Start for  8_4_4 [25/105]
Fin;generate all combinations 900900 ...time: 3.3940589427948
Fin; energy prediction...time: 110.11732292175293
Egy stat [-7.6731963, 2.3248653, -2.492861, 1.2841891]
Start for  8_3_5 [26/105]
Fin;generate all combinations 720720 ...time: 2.5071983337402344
Fin; energy prediction...time: 88.02706480026245
Egy stat [-4.659011, 6.4084816, 1.532668, 1.4866656]
Start for  8_2_6 [27/105]
Fin;generate all combinations 360360 ...time: 1.7422473430633545
Fin; energy prediction...time: 45.13598680496216
Egy stat [-2.5811138, 10.798325, 5.151496, 1.63538]
Start for  8_1_7 [28/105]
Fin;generate all combinations 102960 ...time: 0.2361006736755371
Fin; energy prediction...time: 13.4684739112854
Egy stat [-1.5392656, 14.929626, 8.390977, 1.7336776]
Start for  7_8_1 [29/105]
Fin;generate all combinations 102960 ...time: 0.3743762969970703
Fin; energy prediction...time: 13.202720880508423
Egy stat [-17.353344, -15.765099, -16.54882, 0.3357995]
Start for  7_7_2 [30/105]
Fin;generate all combinations 411840 ...time: 1.6482329368591309
Fin; energy prediction...time: 49.58787536621094
Egy stat [-12.950087, -9.0205555, -11.260246, 0.6999202]
Start for  7_6_3 [31/105]
Fin;generate all combinations 960960 ...time: 3.629838705062866
Fin; energy prediction...time: 118.38129234313965
Egy stat [-9.503706, -3.4230494, -6.418432, 1.0085318]
Start for  7_5_4 [32/105]
Fin;generate all combinations 1441440 ...time: 5.074845314025879
Fin; energy prediction...time: 173.72467970848083
Egy stat [-7.0884166, 2.5990705, -2.0103672, 1.2623836]
Start for  7_4_5 [33/105]
Fin;generate all combinations 1441440 ...time: 8.325091123580933
Fin; energy prediction...time: 177.18607115745544
Egy stat [-4.071644, 6.7100315, 1.975158, 1.461446]
Start for  7_3_6 [34/105]
Fin;generate all combinations 960960 ...time: 4.034995079040527
Fin; energy prediction...time: 118.33300018310547
Egy stat [-1.9962788, 11.131802, 5.553634, 1.606553]
Start for  7_2_7 [35/105]
Fin;generate all combinations 411840 ...time: 0.7684202194213867
Fin; energy prediction...time: 51.274446964263916
Egy stat [-0.9418535, 15.103388, 8.749607, 1.7010435]
Start for  7_1_8 [36/105]
Fin;generate all combinations 102960 ...time: 0.7962086200714111
Fin; energy prediction...time: 13.774194478988647
Egy stat [-0.6707716, 19.519234, 11.599274, 1.7503101]
Start for  6_9_1 [37/105]
Fin;generate all combinations 80080 ...time: 0.15770673751831055
Fin; energy prediction...time: 10.632873058319092
Egy stat [-16.689276, -15.159594, -15.933654, 0.32600483]
Start for  6_8_2 [38/105]
Fin;generate all combinations 360360 ...time: 1.3273234367370605
Fin; energy prediction...time: 44.60586071014404
Egy stat [-12.289763, -8.446, -10.702245, 0.6846912]
Start for  6_7_3 [39/105]
Fin;generate all combinations 960960 ...time: 3.3165009021759033
Fin; energy prediction...time: 116.63714814186096
Egy stat [-8.902795, -2.955298, -5.908375, 0.98907405]
Start for  6_6_4 [40/105]
Fin;generate all combinations 1681680 ...time: 6.069774866104126
Fin; energy prediction...time: 205.10078620910645
Egy stat [-6.5005836, 2.8932762, -1.542348, 1.239421]
Start for  6_5_5 [41/105]
Fin;generate all combinations 2018016 ...time: 11.428785800933838
Fin; energy prediction...time: 243.66319727897644
Egy stat [-3.473351, 7.0195103, 2.4039416, 1.4351763]
Start for  6_4_6 [42/105]
Fin;generate all combinations 1681680 ...time: 13.141846179962158
Fin; energy prediction...time: 204.22380018234253
Egy stat [-1.3968325, 11.579842, 5.943045, 1.5767912]
Start for  6_3_7 [43/105]
Fin;generate all combinations 960960 ...time: 5.713626861572266
Fin; energy prediction...time: 118.37381982803345
Egy stat [-0.34490204, 15.28813, 9.096739, 1.6675538]
Start for  6_2_8 [44/105]
Fin;generate all combinations 360360 ...time: 2.7359817028045654
Fin; energy prediction...time: 46.41777777671814
Egy stat [-0.08478832, 19.582842, 11.898687, 1.7133415]
Start for  6_1_9 [45/105]
Fin;generate all combinations 80080 ...time: 0.19378161430358887
Fin; energy prediction...time: 10.70401930809021
Egy stat [4.545024, 20.188555, 14.394785, 1.7194297]
Start for  5_10_1 [46/105]
Fin;generate all combinations 48048 ...time: 0.10883378982543945
Fin; energy prediction...time: 6.5841851234436035
Egy stat [-16.027761, -14.612986, -15.335445, 0.31415936]
Start for  5_9_2 [47/105]
Fin;generate all combinations 240240 ...time: 0.5990350246429443
Fin; energy prediction...time: 29.677041053771973
Egy stat [-11.619746, -8.081103, -10.160761, 0.6680191]
Start for  5_8_3 [48/105]
Fin;generate all combinations 720720 ...time: 2.827537775039673
Fin; energy prediction...time: 87.41506671905518
Egy stat [-8.266787, -2.6005292, -5.414493, 0.96830577]
Start for  5_7_4 [49/105]
Fin;generate all combinations 1441440 ...time: 6.380358457565308
Fin; energy prediction...time: 176.19900178909302
Egy stat [-5.879808, 3.1732388, -1.0901281, 1.2152259]
Start for  5_6_5 [50/105]
Fin;generate all combinations 2018016 ...time: 10.983014822006226
Fin; energy prediction...time: 246.25145149230957
Egy stat [-2.8704042, 7.2821407, 2.8174484, 1.4077696]
Start for  5_5_6 [51/105]
Fin;generate all combinations 2018016 ...time: 11.55833888053894
Fin; energy prediction...time: 245.97989106178284
Egy stat [-0.7941332, 11.940256, 6.3179364, 1.545997]
Start for  5_4_7 [52/105]
Fin;generate all combinations 1441440 ...time: 6.069187879562378
Fin; energy prediction...time: 182.31675362586975
Egy stat [0.24051094, 15.438507, 9.430402, 1.6330943]
Start for  5_3_8 [53/105]
Fin;generate all combinations 720720 ...time: 1.4153320789337158
Fin; energy prediction...time: 91.02069091796875
Egy stat [0.5133581, 19.636044, 12.185985, 1.6753684]
Start for  5_2_9 [54/105]
Fin;generate all combinations 240240 ...time: 0.5112254619598389
Fin; energy prediction...time: 29.959561586380005
Egy stat [4.95109, 20.23676, 14.628359, 1.6791564]
Start for  5_1_10 [55/105]
Fin;generate all combinations 48048 ...time: 0.13578152656555176
Fin; energy prediction...time: 6.880778074264526
Egy stat [8.95998, 22.650242, 16.812294, 1.6454582]
Start for  4_11_1 [56/105]
Fin;generate all combinations 21840 ...time: 0.05541038513183594
Fin; energy prediction...time: 3.5368597507476807
Egy stat [-15.373184, -14.084214, -14.754715, 0.30010912]
Start for  4_10_2 [57/105]
Fin;generate all combinations 120120 ...time: 0.3182413578033447
Fin; energy prediction...time: 15.169715881347656
Egy stat [-10.965611, -7.7220306, -9.636568, 0.64983684]
Start for  4_9_3 [58/105]
Fin;generate all combinations 400400 ...time: 1.6420116424560547
Fin; energy prediction...time: 48.93535113334656
Egy stat [-7.647894, -2.2596874, -4.9378185, 0.9461611]
Start for  4_8_4 [59/105]
Fin;generate all combinations 900900 ...time: 3.72261905670166
Fin; energy prediction...time: 109.87438559532166
Egy stat [-5.268057, 3.5089788, -0.6549927, 1.18972]
Start for  4_7_5 [60/105]
Fin;generate all combinations 1441440 ...time: 5.906948089599609
Fin; energy prediction...time: 176.04840874671936
Egy stat [-2.2745428, 7.5519924, 3.214157, 1.3791323]
Start for  4_6_6 [61/105]
Fin;generate all combinations 1681680 ...time: 10.112505674362183
Fin; energy prediction...time: 202.79080295562744
Egy stat [-0.19037914, 12.298889, 6.676577, 1.5140642]
Start for  4_5_7 [62/105]
Fin;generate all combinations 1441440 ...time: 6.456583023071289
Fin; energy prediction...time: 178.68926119804382
Egy stat [0.8306627, 15.612164, 9.748668, 1.5975442]
Start for  4_4_8 [63/105]
Fin;generate all combinations 900900 ...time: 5.043155908584595
Fin; energy prediction...time: 112.45843410491943
Egy stat [1.0993843, 19.71874, 12.459081, 1.6362306]
Start for  4_3_9 [64/105]
Fin;generate all combinations 400400 ...time: 0.7804715633392334
Fin; energy prediction...time: 50.25722813606262
Egy stat [5.3846474, 20.273619, 14.849243, 1.6374872]
Start for  4_2_10 [65/105]
Fin;generate all combinations 120120 ...time: 0.26065587997436523
Fin; energy prediction...time: 15.694660186767578
Egy stat [9.198755, 22.679798, 16.972038, 1.6038479]
Start for  4_1_11 [66/105]
Fin;generate all combinations 21840 ...time: 0.059462785720825195
Fin; energy prediction...time: 3.5045316219329834
Egy stat [12.999514, 23.699322, 18.889517, 1.5274587]
Start for  3_12_1 [67/105]
Fin;generate all combinations 7280 ...time: 0.020456552505493164
Fin; energy prediction...time: 1.7044663429260254
Egy stat [-14.728296, -13.629379, -14.191937, 0.28366762]
Start for  3_11_2 [68/105]
Fin;generate all combinations 43680 ...time: 0.08133935928344727
Fin; energy prediction...time: 6.241120100021362
Egy stat [-10.329565, -7.4129877, -9.130385, 0.63007796]
Start for  3_10_3 [69/105]
Fin;generate all combinations 160160 ...time: 0.6134426593780518
Fin; energy prediction...time: 20.057881116867065
Egy stat [-7.046381, -1.9562473, -4.4793243, 0.9225752]
Start for  3_9_4 [70/105]
Fin;generate all combinations 400400 ...time: 1.3654227256774902
Fin; energy prediction...time: 50.14650511741638
Egy stat [-4.661081, 3.7772312, -0.23816255, 1.1628239]
Start for  3_8_5 [71/105]
Fin;generate all combinations 720720 ...time: 2.549656867980957
Fin; energy prediction...time: 88.11880564689636
Egy stat [-1.6712523, 7.714735, 3.5926075, 1.3491673]
Start for  3_7_6 [72/105]
Fin;generate all combinations 960960 ...time: 4.511949300765991
Fin; energy prediction...time: 119.53236150741577
Egy stat [0.41378403, 12.338566, 7.017278, 1.4808788]
Start for  3_6_7 [73/105]
Fin;generate all combinations 960960 ...time: 3.970010995864868
Fin; energy prediction...time: 118.57240915298462
Egy stat [1.4105959, 15.659811, 10.0496645, 1.5607704]
Start for  3_5_8 [74/105]
Fin;generate all combinations 720720 ...time: 1.4265921115875244
Fin; energy prediction...time: 90.5101945400238
Egy stat [1.6824007, 19.77091, 12.715945, 1.5957597]
Start for  3_4_9 [75/105]
Fin;generate all combinations 400400 ...time: 2.1683712005615234
Fin; energy prediction...time: 50.28389525413513
Egy stat [5.8220367, 20.331898, 15.055275, 1.5941627]
Start for  3_3_10 [76/105]
Fin;generate all combinations 160160 ...time: 0.34051966667175293
Fin; energy prediction...time: 20.780749320983887
Egy stat [9.458702, 22.64146, 17.118607, 1.5600702]
Start for  3_2_11 [77/105]
Fin;generate all combinations 43680 ...time: 0.10149097442626953
Fin; energy prediction...time: 6.552725791931152
Egy stat [13.125113, 23.65511, 18.966442, 1.4873074]
Start for  3_1_12 [78/105]
Fin;generate all combinations 7280 ...time: 0.022299766540527344
Fin; energy prediction...time: 1.7938425540924072
Egy stat [16.125317, 26.395184, 20.66654, 1.3561616]
Start for  2_13_1 [79/105]
Fin;generate all combinations 1680 ...time: 0.0057871341705322266
Fin; energy prediction...time: 0.9970283508300781
Egy stat [-14.1160965, -13.190865, -13.647535, 0.2645963]
Start for  2_12_2 [80/105]
Fin;generate all combinations 10920 ...time: 0.02345132827758789
Fin; energy prediction...time: 2.2053587436676025
Egy stat [-9.711018, -7.111285, -8.642866, 0.60867906]
Start for  2_11_3 [81/105]
Fin;generate all combinations 43680 ...time: 0.19168567657470703
Fin; energy prediction...time: 6.180566072463989
Egy stat [-6.4322624, -1.6583223, -4.0399013, 0.89748555]
Start for  2_10_4 [82/105]
Fin;generate all combinations 120120 ...time: 0.49253392219543457
Fin; energy prediction...time: 15.181231021881104
Egy stat [-4.0517387, 4.047843, 0.1592284, 1.1344583]
Start for  2_9_5 [83/105]
Fin;generate all combinations 240240 ...time: 0.9266161918640137
Fin; energy prediction...time: 30.545332431793213
Egy stat [-1.0910158, 7.8789864, 3.9514356, 1.3177732]
Start for  2_8_6 [84/105]
Fin;generate all combinations 360360 ...time: 1.5412352085113525
Fin; energy prediction...time: 44.06547427177429
Egy stat [0.99354744, 12.374342, 7.338467, 1.4463185]
Start for  2_7_7 [85/105]
Fin;generate all combinations 411840 ...time: 1.3453474044799805
Fin; energy prediction...time: 51.10498118400574
Egy stat [1.9862423, 15.709511, 10.33162, 1.5226294]
Start for  2_6_8 [86/105]
Fin;generate all combinations 360360 ...time: 1.4457926750183105
Fin; energy prediction...time: 46.09283661842346
Egy stat [2.2535057, 19.844795, 12.954633, 1.5537722]
Start for  2_5_9 [87/105]
Fin;generate all combinations 240240 ...time: 1.0888962745666504
Fin; energy prediction...time: 30.890161752700806
Egy stat [6.3203583, 20.320263, 15.244371, 1.5489112]
Start for  2_4_10 [88/105]
Fin;generate all combinations 120120 ...time: 0.2631821632385254
Fin; energy prediction...time: 16.069679737091064
Egy stat [9.72299, 22.57771, 17.249798, 1.5136687]
Start for  2_3_11 [89/105]
Fin;generate all combinations 43680 ...time: 0.09674525260925293
Fin; energy prediction...time: 6.523884534835815
Egy stat [13.380436, 23.61855, 19.029789, 1.443639]
Start for  2_2_12 [90/105]
Fin;generate all combinations 10920 ...time: 0.11180615425109863
Fin; energy prediction...time: 2.1077795028686523
Egy stat [16.250471, 26.183357, 20.650846, 1.3205111]
Start for  2_1_13 [91/105]
Fin;generate all combinations 1680 ...time: 0.006039857864379883
Fin; energy prediction...time: 0.9735093116760254
Egy stat [19.770596, 25.170456, 22.18549, 1.1121572]
Start for  1_14_1 [92/105]
Fin;generate all combinations 240 ...time: 0.0013723373413085938
Fin; energy prediction...time: 0.7920153141021729
Egy stat [-13.463386, -12.776162, -13.121853, 0.24257176]
Start for  1_13_2 [93/105]
Fin;generate all combinations 1680 ...time: 0.0037717819213867188
Fin; energy prediction...time: 0.9491002559661865
Egy stat [-9.09891, -6.916972, -8.174575, 0.58558184]
Start for  1_12_3 [94/105]
Fin;generate all combinations 7280 ...time: 0.016739368438720703
Fin; energy prediction...time: 1.6859800815582275
Egy stat [-5.8154716, -1.4228802, -3.620342, 0.8708357]
Start for  1_11_4 [95/105]
Fin;generate all combinations 21840 ...time: 0.047242164611816406
Fin; energy prediction...time: 3.5576558113098145
Egy stat [-3.4372764, 4.3070774, 0.53616, 1.104547]
Start for  1_10_5 [96/105]
Fin;generate all combinations 48048 ...time: 0.24449992179870605
Fin; energy prediction...time: 6.849813938140869
Egy stat [-0.50290775, 8.018335, 4.2893963, 1.2848471]
Start for  1_9_6 [97/105]
Fin;generate all combinations 80080 ...time: 0.27941226959228516
Fin; energy prediction...time: 10.600595712661743
Egy stat [1.5807753, 12.26239, 7.6386857, 1.4102527]
Start for  1_8_7 [98/105]
Fin;generate all combinations 102960 ...time: 0.3786625862121582
Fin; energy prediction...time: 13.274132490158081
Egy stat [2.567008, 15.744371, 10.592891, 1.4829619]
Start for  1_7_8 [99/105]
Fin;generate all combinations 102960 ...time: 0.3822214603424072
Fin; energy prediction...time: 13.301525831222534
Egy stat [2.8296652, 19.900013, 13.173324, 1.5100662]
Start for  1_6_9 [100/105]
Fin;generate all combinations 80080 ...time: 0.33289480209350586
Fin; energy prediction...time: 10.708970546722412
Egy stat [6.8738194, 20.30264, 15.414565, 1.5014396]
Start for  1_5_10 [101/105]
Fin;generate all combinations 48048 ...time: 0.2301959991455078
Fin; energy prediction...time: 6.630828857421875
Egy stat [10.286446, 22.511845, 17.363522, 1.4641652]
Start for  1_4_11 [102/105]
Fin;generate all combinations 21840 ...time: 0.05052042007446289
Fin; energy prediction...time: 3.3884811401367188
Egy stat [13.756857, 23.382236, 19.077366, 1.3956454]
Start for  1_3_12 [103/105]
Fin;generate all combinations 7280 ...time: 0.017488956451416016
Fin; energy prediction...time: 1.7875211238861084
Egy stat [16.447931, 25.961124, 20.621231, 1.2790476]
Start for  1_2_13 [104/105]
Fin;generate all combinations 1680 ...time: 0.004519462585449219
Fin; energy prediction...time: 0.9602165222167969
Egy stat [19.774221, 24.945602, 22.066568, 1.082942]
Start for  1_1_14 [105/105]
Fin;generate all combinations 240 ...time: 0.0013887882232666016
Fin; energy prediction...time: 0.7740230560302734
Egy stat [22.325268, 25.807285, 23.490856, 0.7614263]
Saving....
Saved to... K_PbSnZn_Cl.pkl
Total elapsed time... 5530.338369369507
