Summary of calculations
Site name (A,B,C)... Rb Cd,Ge,Zn I
Base cif file name... ../0.cif
Save file name... Rb_CdGeZn_I.pkl
Fin; combination with repetition...time: 0.00538325309753418
Start for  14_1_1 [1/105]
Fin;generate all combinations 240 ...time: 0.0007295608520507812
Fin; energy prediction...time: 0.19797253608703613
Egy stat [23.559616, 23.866905, 23.712898, 0.0622082]
Start for  13_2_1 [2/105]
Fin;generate all combinations 1680 ...time: 0.0034646987915039062
Fin; energy prediction...time: 0.3897106647491455
Egy stat [22.497234, 23.11594, 22.787037, 0.11973447]
Start for  13_1_2 [3/105]
Fin;generate all combinations 1680 ...time: 0.003718137741088867
Fin; energy prediction...time: 0.3949737548828125
Egy stat [27.875637, 28.925335, 28.499426, 0.18769096]
Start for  12_3_1 [4/105]
Fin;generate all combinations 7280 ...time: 0.011806488037109375
Fin; energy prediction...time: 1.1715061664581299
Egy stat [21.463432, 22.38718, 21.94909, 0.15901732]
Start for  12_2_2 [5/105]
Fin;generate all combinations 10920 ...time: 0.016663312911987305
Fin; energy prediction...time: 1.6903493404388428
Egy stat [26.838863, 28.187431, 27.598673, 0.21078931]
Start for  12_1_3 [6/105]
Fin;generate all combinations 7280 ...time: 0.052754878997802734
Fin; energy prediction...time: 1.2159802913665771
Egy stat [32.51686, 33.877686, 33.19373, 0.25894043]
Start for  11_4_1 [7/105]
Fin;generate all combinations 21840 ...time: 0.0740821361541748
Fin; energy prediction...time: 2.86733341217041
Egy stat [20.436651, 21.841194, 21.159761, 0.1991057]
Start for  11_3_2 [8/105]
Fin;generate all combinations 43680 ...time: 0.11319375038146973
Fin; energy prediction...time: 5.645409345626831
Egy stat [25.838814, 27.522564, 26.783733, 0.23138903]
Start for  11_2_3 [9/105]
Fin;generate all combinations 43680 ...time: 0.15598154067993164
Fin; energy prediction...time: 5.731177568435669
Egy stat [31.467339, 33.15134, 32.319195, 0.27258232]
Start for  11_1_4 [10/105]
Fin;generate all combinations 21840 ...time: 0.04050493240356445
Fin; energy prediction...time: 2.960801362991333
Egy stat [36.842068, 38.87019, 37.80623, 0.29433686]
Start for  10_5_1 [11/105]
Fin;generate all combinations 48048 ...time: 0.17514514923095703
Fin; energy prediction...time: 6.2359583377838135
Egy stat [19.622623, 21.369123, 20.385109, 0.2443361]
Start for  10_4_2 [12/105]
Fin;generate all combinations 120120 ...time: 0.35330939292907715
Fin; energy prediction...time: 15.227845668792725
Egy stat [25.001827, 27.008793, 26.015017, 0.25689444]
Start for  10_3_3 [13/105]
Fin;generate all combinations 160160 ...time: 0.6410956382751465
Fin; energy prediction...time: 20.226234674453735
Egy stat [30.449116, 32.518578, 31.527248, 0.28498244]
Start for  10_2_4 [14/105]
Fin;generate all combinations 120120 ...time: 0.43421077728271484
Fin; energy prediction...time: 15.568238735198975
Egy stat [35.83932, 38.145283, 36.957844, 0.3041168]
Start for  10_1_5 [15/105]
Fin;generate all combinations 48048 ...time: 0.09745621681213379
Fin; energy prediction...time: 6.243367433547974
Egy stat [41.487675, 43.293293, 42.34803, 0.30213967]
Start for  9_6_1 [16/105]
Fin;generate all combinations 80080 ...time: 0.3123302459716797
Fin; energy prediction...time: 10.430358409881592
Egy stat [18.76353, 20.912697, 19.595694, 0.2904329]
Start for  9_5_2 [17/105]
Fin;generate all combinations 240240 ...time: 0.7266635894775391
Fin; energy prediction...time: 29.853575944900513
Egy stat [24.144585, 26.517273, 25.258154, 0.2907275]
Start for  9_4_3 [18/105]
Fin;generate all combinations 400400 ...time: 1.4626212120056152
Fin; energy prediction...time: 50.04279613494873
Egy stat [29.657173, 31.964958, 30.778025, 0.30298582]
Start for  9_3_4 [19/105]
Fin;generate all combinations 400400 ...time: 1.5893092155456543
Fin; energy prediction...time: 50.09206414222717
Egy stat [35.04545, 37.56198, 36.18779, 0.31281063]
Start for  9_2_5 [20/105]
Fin;generate all combinations 240240 ...time: 1.2213096618652344
Fin; energy prediction...time: 30.45431661605835
Egy stat [40.477528, 42.557415, 41.52458, 0.31090716]
Start for  9_1_6 [21/105]
Fin;generate all combinations 80080 ...time: 0.1771092414855957
Fin; energy prediction...time: 10.18099331855774
Egy stat [45.8265, 47.798485, 46.830345, 0.2900025]
Start for  8_7_1 [22/105]
Fin;generate all combinations 102960 ...time: 0.34505128860473633
Fin; energy prediction...time: 13.254918813705444
Egy stat [17.829144, 20.586275, 18.76577, 0.33100164]
Start for  8_6_2 [23/105]
Fin;generate all combinations 360360 ...time: 1.2625470161437988
Fin; energy prediction...time: 44.735435247421265
Egy stat [23.142551, 26.108685, 24.483147, 0.32909322]
Start for  8_5_3 [24/105]
Fin;generate all combinations 720720 ...time: 2.4088528156280518
Fin; energy prediction...time: 91.22648978233337
Egy stat [28.74886, 31.459705, 30.036768, 0.33034417]
Start for  8_4_4 [25/105]
Fin;generate all combinations 900900 ...time: 4.092015504837036
Fin; energy prediction...time: 113.90049457550049
Egy stat [34.10657, 36.99239, 35.45601, 0.32752514]
Start for  8_3_5 [26/105]
Fin;generate all combinations 720720 ...time: 2.6029391288757324
Fin; energy prediction...time: 92.48906302452087
Egy stat [39.554405, 41.99042, 40.77437, 0.31841844]
Start for  8_2_6 [27/105]
Fin;generate all combinations 360360 ...time: 1.7397003173828125
Fin; energy prediction...time: 46.69205379486084
Egy stat [44.84655, 47.081074, 46.02964, 0.29968503]
Start for  8_1_7 [28/105]
Fin;generate all combinations 102960 ...time: 0.2327711582183838
Fin; energy prediction...time: 13.787863731384277
Egy stat [50.30206, 52.21812, 51.263966, 0.26533356]
Start for  7_8_1 [29/105]
Fin;generate all combinations 102960 ...time: 0.40460658073425293
Fin; energy prediction...time: 13.559934854507446
Egy stat [16.831045, 20.326172, 17.872618, 0.36048898]
Start for  7_7_2 [30/105]
Fin;generate all combinations 411840 ...time: 1.4355554580688477
Fin; energy prediction...time: 51.34635782241821
Egy stat [22.284317, 25.790646, 23.663622, 0.36524248]
Start for  7_6_3 [31/105]
Fin;generate all combinations 960960 ...time: 3.3590922355651855
Fin; energy prediction...time: 119.11282992362976
Egy stat [27.981613, 31.120724, 29.272959, 0.36402473]
Start for  7_5_4 [32/105]
Fin;generate all combinations 1441440 ...time: 6.615950345993042
Fin; energy prediction...time: 178.08361506462097
Egy stat [33.425217, 36.543213, 34.72734, 0.35221052]
Start for  7_4_5 [33/105]
Fin;generate all combinations 1441440 ...time: 6.093393802642822
Fin; energy prediction...time: 183.15099453926086
Egy stat [38.764236, 41.44672, 40.057117, 0.33233643]
Start for  7_3_6 [34/105]
Fin;generate all combinations 960960 ...time: 1.6613280773162842
Fin; energy prediction...time: 123.62882399559021
Egy stat [44.060337, 46.53392, 45.296356, 0.30769688]
Start for  7_2_7 [35/105]
Fin;generate all combinations 411840 ...time: 0.8428101539611816
Fin; energy prediction...time: 54.217408418655396
Egy stat [49.337307, 51.548855, 50.482964, 0.27743885]
Start for  7_1_8 [36/105]
Fin;generate all combinations 102960 ...time: 0.9371564388275146
Fin; energy prediction...time: 13.583020687103271
Egy stat [54.674553, 56.757263, 55.65874, 0.23505366]
Start for  6_9_1 [37/105]
Fin;generate all combinations 80080 ...time: 0.16041803359985352
Fin; energy prediction...time: 10.608811855316162
Egy stat [15.879601, 18.766754, 16.895967, 0.3747881]
Start for  6_8_2 [38/105]
Fin;generate all combinations 360360 ...time: 1.4872324466705322
Fin; energy prediction...time: 45.39184594154358
Egy stat [21.237537, 25.542217, 22.77615, 0.3929195]
Start for  6_7_3 [39/105]
Fin;generate all combinations 960960 ...time: 3.351686954498291
Fin; energy prediction...time: 124.6047751903534
Egy stat [27.147648, 30.792938, 28.45962, 0.39749444]
Start for  6_6_4 [40/105]
Fin;generate all combinations 1681680 ...time: 7.707655668258667
Fin; energy prediction...time: 206.93740582466125
Egy stat [32.44695, 36.1186, 33.970806, 0.3840831]
Start for  6_5_5 [41/105]
Fin;generate all combinations 2018016 ...time: 9.29119062423706
Fin; energy prediction...time: 258.1005403995514
Egy stat [37.87321, 40.97451, 39.337307, 0.35668704]
Start for  6_4_6 [42/105]
Fin;generate all combinations 1681680 ...time: 11.782247543334961
Fin; energy prediction...time: 210.90138292312622
Egy stat [43.132374, 46.007004, 44.59001, 0.32238403]
Start for  6_3_7 [43/105]
Fin;generate all combinations 960960 ...time: 5.832604169845581
Fin; energy prediction...time: 121.60882067680359
Egy stat [48.525604, 51.00113, 49.763012, 0.2871222]
Start for  6_2_8 [44/105]
Fin;generate all combinations 360360 ...time: 0.8028151988983154
Fin; energy prediction...time: 46.167412757873535
Egy stat [53.731285, 56.103683, 54.89377, 0.2508075]
Start for  6_1_9 [45/105]
Fin;generate all combinations 80080 ...time: 0.21984457969665527
Fin; energy prediction...time: 11.658912420272827
Egy stat [59.293144, 60.864906, 60.02315, 0.20508152]
Start for  5_10_1 [46/105]
Fin;generate all combinations 48048 ...time: 0.11158967018127441
Fin; energy prediction...time: 6.901695728302002
Egy stat [14.859825, 17.23308, 15.817573, 0.37110454]
Start for  5_9_2 [47/105]
Fin;generate all combinations 240240 ...time: 1.049492597579956
Fin; energy prediction...time: 30.90650701522827
Egy stat [20.507006, 23.98304, 21.799736, 0.40750507]
Start for  5_8_3 [48/105]
Fin;generate all combinations 720720 ...time: 2.974738121032715
Fin; energy prediction...time: 91.14231538772583
Egy stat [26.093418, 30.302658, 27.572641, 0.42430317]
Start for  5_7_4 [49/105]
Fin;generate all combinations 1441440 ...time: 5.96748948097229
Fin; energy prediction...time: 180.18119740486145
Egy stat [31.605602, 35.644047, 33.158794, 0.41665116]
Start for  5_6_5 [50/105]
Fin;generate all combinations 2018016 ...time: 9.221392631530762
Fin; energy prediction...time: 253.61109590530396
Egy stat [37.09677, 40.572933, 38.58347, 0.3885209]
Start for  5_5_6 [51/105]
Fin;generate all combinations 2018016 ...time: 9.163599252700806
Fin; energy prediction...time: 257.54661297798157
Egy stat [42.37151, 45.487938, 43.874733, 0.34770548]
Start for  5_4_7 [52/105]
Fin;generate all combinations 1441440 ...time: 2.7223925590515137
Fin; energy prediction...time: 184.22354245185852
Egy stat [47.650703, 50.33546, 49.06338, 0.30342168]
Start for  5_3_8 [53/105]
Fin;generate all combinations 720720 ...time: 1.4241726398468018
Fin; energy prediction...time: 93.87750840187073
Egy stat [52.977676, 55.41201, 54.18302, 0.26282045]
Start for  5_2_9 [54/105]
Fin;generate all combinations 240240 ...time: 0.4871561527252197
Fin; energy prediction...time: 31.775763750076294
Egy stat [58.342224, 60.176186, 59.270096, 0.22527333]
Start for  5_1_10 [55/105]
Fin;generate all combinations 48048 ...time: 0.1354830265045166
Fin; energy prediction...time: 7.246104955673218
Egy stat [63.77807, 65.14792, 64.36393, 0.17944625]
Start for  4_11_1 [56/105]
Fin;generate all combinations 21840 ...time: 0.05554914474487305
Fin; energy prediction...time: 3.6481850147247314
Egy stat [13.8387985, 15.663765, 14.620902, 0.34771672]
Start for  4_10_2 [57/105]
Fin;generate all combinations 120120 ...time: 0.21293973922729492
Fin; energy prediction...time: 15.855803489685059
Egy stat [19.407343, 22.421822, 20.715422, 0.40612158]
Start for  4_9_3 [58/105]
Fin;generate all combinations 400400 ...time: 1.365668535232544
Fin; energy prediction...time: 50.21325373649597
Egy stat [25.232693, 28.712097, 26.590359, 0.43966967]
Start for  4_8_4 [59/105]
Fin;generate all combinations 900900 ...time: 3.428184747695923
Fin; energy prediction...time: 112.09225583076477
Egy stat [30.554546, 35.162334, 32.266613, 0.4433859]
Start for  4_7_5 [60/105]
Fin;generate all combinations 1441440 ...time: 7.722004413604736
Fin; energy prediction...time: 180.56112360954285
Egy stat [36.239895, 40.112347, 37.767426, 0.42113802]
Start for  4_6_6 [61/105]
Fin;generate all combinations 1681680 ...time: 6.986104726791382
Fin; energy prediction...time: 208.90769457817078
Egy stat [41.616943, 45.11972, 43.118477, 0.3802429]
Start for  4_5_7 [62/105]
Fin;generate all combinations 1441440 ...time: 8.50455641746521
Fin; energy prediction...time: 183.45671558380127
Egy stat [46.881977, 49.876816, 48.347748, 0.33005932]
Start for  4_4_8 [63/105]
Fin;generate all combinations 900900 ...time: 4.502049922943115
Fin; energy prediction...time: 117.8554265499115
Egy stat [52.04043, 54.832687, 53.485447, 0.2807243]
Start for  4_3_9 [64/105]
Fin;generate all combinations 400400 ...time: 0.8127384185791016
Fin; energy prediction...time: 52.22375822067261
Egy stat [57.59623, 59.56566, 58.56411, 0.23950334]
Start for  4_2_10 [65/105]
Fin;generate all combinations 120120 ...time: 0.26822900772094727
Fin; energy prediction...time: 16.480087280273438
Egy stat [62.871017, 64.47302, 63.61849, 0.20398618]
Start for  4_1_11 [66/105]
Fin;generate all combinations 21840 ...time: 0.06743907928466797
Fin; energy prediction...time: 3.7746076583862305
Egy stat [68.206116, 69.35269, 68.685875, 0.15915823]
Start for  3_12_1 [67/105]
Fin;generate all combinations 7280 ...time: 0.020237207412719727
Fin; energy prediction...time: 1.800365686416626
Egy stat [12.409332, 14.11129, 13.291, 0.3037805]
Start for  3_11_2 [68/105]
Fin;generate all combinations 43680 ...time: 0.13549137115478516
Fin; energy prediction...time: 6.432797908782959
Egy stat [18.411772, 20.807505, 19.506037, 0.38760972]
Start for  3_10_3 [69/105]
Fin;generate all combinations 160160 ...time: 0.6689105033874512
Fin; energy prediction...time: 21.4596951007843
Egy stat [24.204227, 27.122974, 25.493141, 0.44089165]
Start for  3_9_4 [70/105]
Fin;generate all combinations 400400 ...time: 1.5498335361480713
Fin; energy prediction...time: 49.70580863952637
Egy stat [29.797329, 33.53423, 31.2719, 0.45955077]
Start for  3_8_5 [71/105]
Fin;generate all combinations 720720 ...time: 2.7607431411743164
Fin; energy prediction...time: 90.86372303962708
Egy stat [35.17586, 39.37958, 36.86386, 0.44793835]
Start for  3_7_6 [72/105]
Fin;generate all combinations 960960 ...time: 3.3074097633361816
Fin; energy prediction...time: 123.07288432121277
Egy stat [40.76911, 44.330696, 42.292614, 0.4129312]
Start for  3_6_7 [73/105]
Fin;generate all combinations 960960 ...time: 4.281588554382324
Fin; energy prediction...time: 119.59287548065186
Egy stat [46.110397, 49.263577, 47.583652, 0.36296082]
Start for  3_5_8 [74/105]
Fin;generate all combinations 720720 ...time: 5.43972635269165
Fin; energy prediction...time: 90.0752465724945
Egy stat [51.403606, 54.080574, 52.764362, 0.3078544]
Start for  3_4_9 [75/105]
Fin;generate all combinations 400400 ...time: 2.3786797523498535
Fin; energy prediction...time: 50.45551538467407
Egy stat [56.867805, 59.04299, 57.863796, 0.25781065]
Start for  3_3_10 [76/105]
Fin;generate all combinations 160160 ...time: 0.36627960205078125
Fin; energy prediction...time: 20.87541675567627
Egy stat [62.17103, 63.877716, 62.912743, 0.21913835]
Start for  3_2_11 [77/105]
Fin;generate all combinations 43680 ...time: 0.1010894775390625
Fin; energy prediction...time: 6.282189607620239
Egy stat [67.368935, 68.74271, 67.94381, 0.1866225]
Start for  3_1_12 [78/105]
Fin;generate all combinations 7280 ...time: 0.023022174835205078
Fin; energy prediction...time: 1.8736302852630615
Egy stat [72.626724, 73.72072, 72.99177, 0.14167768]
Start for  2_13_1 [79/105]
Fin;generate all combinations 1680 ...time: 0.005675792694091797
Fin; energy prediction...time: 1.0787601470947266
Egy stat [11.268827, 12.286079, 11.814482, 0.23911919]
Start for  2_12_2 [80/105]
Fin;generate all combinations 10920 ...time: 0.023601293563842773
Fin; energy prediction...time: 2.3359735012054443
Egy stat [16.920815, 19.213572, 18.156109, 0.35282627]
Start for  2_11_3 [81/105]
Fin;generate all combinations 43680 ...time: 0.15884804725646973
Fin; energy prediction...time: 6.463833332061768
Egy stat [23.120125, 25.50932, 24.26324, 0.4275704]
Start for  2_10_4 [82/105]
Fin;generate all combinations 120120 ...time: 0.48998546600341797
Fin; energy prediction...time: 15.530659675598145
Egy stat [28.630821, 31.957638, 30.154425, 0.46282822]
Start for  2_9_5 [83/105]
Fin;generate all combinations 240240 ...time: 1.1689927577972412
Fin; energy prediction...time: 30.351789474487305
Egy stat [34.351887, 37.780113, 35.849796, 0.46438697]
Start for  2_8_6 [84/105]
Fin;generate all combinations 360360 ...time: 1.5660414695739746
Fin; energy prediction...time: 45.28656458854675
Egy stat [39.64271, 43.71731, 41.371128, 0.43914652]
Start for  2_7_7 [85/105]
Fin;generate all combinations 411840 ...time: 1.940880298614502
Fin; energy prediction...time: 51.328850984573364
Egy stat [45.255943, 48.611958, 46.741825, 0.3946703]
Start for  2_6_8 [86/105]
Fin;generate all combinations 360360 ...time: 1.4114625453948975
Fin; energy prediction...time: 46.56689167022705
Egy stat [50.58937, 53.56951, 51.986725, 0.3394512]
Start for  2_5_9 [87/105]
Fin;generate all combinations 240240 ...time: 1.2714910507202148
Fin; energy prediction...time: 30.7498300075531
Egy stat [56.15728, 58.433975, 57.13194, 0.28307366]
Start for  2_4_10 [88/105]
Fin;generate all combinations 120120 ...time: 0.254025936126709
Fin; energy prediction...time: 15.89924693107605
Egy stat [61.51876, 63.3928, 62.204803, 0.23504418]
Start for  2_3_11 [89/105]
Fin;generate all combinations 43680 ...time: 0.09707093238830566
Fin; energy prediction...time: 6.80475926399231
Egy stat [66.64878, 68.15943, 67.23384, 0.1998434]
Start for  2_2_12 [90/105]
Fin;generate all combinations 10920 ...time: 0.028522253036499023
Fin; energy prediction...time: 2.384815216064453
Egy stat [71.82404, 73.01857, 72.24907, 0.16917625]
Start for  2_1_13 [91/105]
Fin;generate all combinations 1680 ...time: 0.005687236785888672
Fin; energy prediction...time: 1.0466573238372803
Egy stat [77.000435, 77.67841, 77.28241, 0.121674225]
Start for  1_14_1 [92/105]
Fin;generate all combinations 240 ...time: 0.001600503921508789
Fin; energy prediction...time: 0.8908901214599609
Egy stat [9.729544, 10.374699, 10.179662, 0.15339144]
Start for  1_13_2 [93/105]
Fin;generate all combinations 1680 ...time: 0.003650188446044922
Fin; energy prediction...time: 1.0661723613739014
Egy stat [15.857496, 17.313698, 16.65189, 0.3057114]
Start for  1_12_3 [94/105]
Fin;generate all combinations 7280 ...time: 0.017312049865722656
Fin; energy prediction...time: 1.799302577972412
Egy stat [21.704193, 24.030529, 22.884722, 0.40219602]
Start for  1_11_4 [95/105]
Fin;generate all combinations 21840 ...time: 0.09980630874633789
Fin; energy prediction...time: 3.6992406845092773
Egy stat [27.663147, 30.367378, 28.895905, 0.4537565]
Start for  1_10_5 [96/105]
Fin;generate all combinations 48048 ...time: 0.26290369033813477
Fin; energy prediction...time: 6.888893127441406
Egy stat [33.234623, 36.178368, 34.70441, 0.46880135]
Start for  1_9_6 [97/105]
Fin;generate all combinations 80080 ...time: 0.3958101272583008
Fin; energy prediction...time: 10.894493103027344
Egy stat [38.837387, 42.035103, 40.330494, 0.45475265]
Start for  1_8_7 [98/105]
Fin;generate all combinations 102960 ...time: 0.3990192413330078
Fin; energy prediction...time: 13.854241847991943
Egy stat [44.224308, 47.6891, 45.795692, 0.41865844]
Start for  1_7_8 [99/105]
Fin;generate all combinations 102960 ...time: 0.4130113124847412
Fin; energy prediction...time: 13.658804178237915
Egy stat [49.7443, 52.68356, 51.12265, 0.36774883]
Start for  1_6_9 [100/105]
Fin;generate all combinations 80080 ...time: 0.3355374336242676
Fin; energy prediction...time: 10.785158157348633
Egy stat [55.358765, 57.47561, 56.334953, 0.30994105]
Start for  1_5_10 [101/105]
Fin;generate all combinations 48048 ...time: 0.23730802536010742
Fin; energy prediction...time: 6.9902894496917725
Egy stat [60.767166, 62.361122, 61.456917, 0.25403252]
Start for  1_4_11 [102/105]
Fin;generate all combinations 21840 ...time: 0.04897427558898926
Fin; energy prediction...time: 3.7420287132263184
Egy stat [65.93916, 67.3306, 66.513565, 0.2083562]
Start for  1_3_12 [103/105]
Fin;generate all combinations 7280 ...time: 0.017072439193725586
Fin; energy prediction...time: 1.8459551334381104
Egy stat [71.10507, 72.27147, 71.530754, 0.17543386]
Start for  1_2_13 [104/105]
Fin;generate all combinations 1680 ...time: 0.004933357238769531
Fin; energy prediction...time: 1.0643844604492188
Egy stat [76.25287, 76.9758, 76.53552, 0.14448527]
Start for  1_1_14 [105/105]
Fin;generate all combinations 240 ...time: 0.0011501312255859375
Fin; energy prediction...time: 0.8438916206359863
Egy stat [81.35908, 81.77035, 81.556786, 0.09154242]
Saving....
Saved to... Rb_CdGeZn_I.pkl
Total elapsed time... 5678.742703914642
