Summary of calculations
Site name (A,B,C)... Rb Cd,Hg,Zn Cl
Base cif file name... ../0.cif
Save file name... Rb_CdHgZn_Cl.pkl
Fin; combination with repetition...time: 0.0046346187591552734
Start for  14_1_1 [1/105]
Fin;generate all combinations 240 ...time: 0.0006036758422851562
Fin; energy prediction...time: 0.19855308532714844
Egy stat [-23.723942, -23.149525, -23.262695, 0.12749365]
Start for  13_2_1 [2/105]
Fin;generate all combinations 1680 ...time: 0.003503561019897461
Fin; energy prediction...time: 0.3853421211242676
Egy stat [-24.327923, -23.144386, -23.55434, 0.32720846]
Start for  13_1_2 [3/105]
Fin;generate all combinations 1680 ...time: 0.0037512779235839844
Fin; energy prediction...time: 0.44943809509277344
Egy stat [-21.0436, -19.9762, -20.48031, 0.21141593]
Start for  12_3_1 [4/105]
Fin;generate all combinations 7280 ...time: 0.011849164962768555
Fin; energy prediction...time: 1.1661245822906494
Egy stat [-25.16527, -23.079515, -23.972055, 0.48623803]
Start for  12_2_2 [5/105]
Fin;generate all combinations 10920 ...time: 0.016758203506469727
Fin; energy prediction...time: 1.6236472129821777
Egy stat [-22.00565, -19.991043, -20.801008, 0.37752885]
Start for  12_1_3 [6/105]
Fin;generate all combinations 7280 ...time: 0.06364703178405762
Fin; energy prediction...time: 1.0872538089752197
Egy stat [-18.465715, -17.071312, -17.806593, 0.28862253]
Start for  11_4_1 [7/105]
Fin;generate all combinations 21840 ...time: 0.08377766609191895
Fin; energy prediction...time: 2.882859230041504
Egy stat [-25.95154, -22.904255, -24.509172, 0.611393]
Start for  11_3_2 [8/105]
Fin;generate all combinations 43680 ...time: 0.12555384635925293
Fin; energy prediction...time: 5.786672830581665
Egy stat [-22.569454, -19.902134, -21.247437, 0.52248436]
Start for  11_2_3 [9/105]
Fin;generate all combinations 43680 ...time: 0.15123844146728516
Fin; energy prediction...time: 5.7677412033081055
Egy stat [-19.405252, -17.04518, -18.157278, 0.43478003]
Start for  11_1_4 [10/105]
Fin;generate all combinations 21840 ...time: 0.041285037994384766
Fin; energy prediction...time: 3.1147406101226807
Egy stat [-16.079376, -13.981381, -15.234852, 0.3590067]
Start for  10_5_1 [11/105]
Fin;generate all combinations 48048 ...time: 0.20099353790283203
Fin; energy prediction...time: 6.342112302780151
Egy stat [-26.861122, -22.801243, -25.158989, 0.7034719]
Start for  10_4_2 [12/105]
Fin;generate all combinations 120120 ...time: 0.47786426544189453
Fin; energy prediction...time: 15.249660730361938
Egy stat [-23.597305, -19.801773, -21.813786, 0.6385035]
Start for  10_3_3 [13/105]
Fin;generate all combinations 160160 ...time: 0.3971683979034424
Fin; energy prediction...time: 20.36020016670227
Egy stat [-20.332865, -17.048737, -18.633417, 0.5677037]
Start for  10_2_4 [14/105]
Fin;generate all combinations 120120 ...time: 0.3946871757507324
Fin; energy prediction...time: 15.852560997009277
Egy stat [-16.97388, -13.9188, -15.616878, 0.49271864]
Start for  10_1_5 [15/105]
Fin;generate all combinations 48048 ...time: 0.09888076782226562
Fin; energy prediction...time: 6.32361626625061
Egy stat [-13.757131, -11.354785, -12.758638, 0.42097208]
Start for  9_6_1 [16/105]
Fin;generate all combinations 80080 ...time: 0.3450460433959961
Fin; energy prediction...time: 10.120301723480225
Egy stat [-28.009947, -22.670713, -25.914843, 0.76291174]
Start for  9_5_2 [17/105]
Fin;generate all combinations 240240 ...time: 0.880547046661377
Fin; energy prediction...time: 29.735583543777466
Egy stat [-24.42844, -19.666058, -22.494188, 0.7238463]
Start for  9_4_3 [18/105]
Fin;generate all combinations 400400 ...time: 1.1972715854644775
Fin; energy prediction...time: 48.956706523895264
Egy stat [-21.371613, -16.847033, -19.229996, 0.67571986]
Start for  9_3_4 [19/105]
Fin;generate all combinations 400400 ...time: 1.857398271560669
Fin; energy prediction...time: 50.298882722854614
Egy stat [-17.958374, -13.985565, -16.124086, 0.6161019]
Start for  9_2_5 [20/105]
Fin;generate all combinations 240240 ...time: 0.4261469841003418
Fin; energy prediction...time: 30.098247051239014
Egy stat [-14.632668, -11.414983, -13.173831, 0.5466027]
Start for  9_1_6 [21/105]
Fin;generate all combinations 80080 ...time: 0.5435740947723389
Fin; energy prediction...time: 10.863873481750488
Egy stat [-11.578418, -8.479564, -10.371879, 0.4727176]
Start for  8_7_1 [22/105]
Fin;generate all combinations 102960 ...time: 0.17242026329040527
Fin; energy prediction...time: 13.021669864654541
Egy stat [-29.189705, -22.406963, -26.770233, 0.7903249]
Start for  8_6_2 [23/105]
Fin;generate all combinations 360360 ...time: 1.1157591342926025
Fin; energy prediction...time: 44.74434542655945
Egy stat [-25.694118, -19.586449, -23.282787, 0.77809805]
Start for  8_5_3 [24/105]
Fin;generate all combinations 720720 ...time: 2.0726377964019775
Fin; energy prediction...time: 90.73552775382996
Egy stat [-22.211418, -16.71787, -19.941927, 0.7555025]
Start for  8_4_4 [25/105]
Fin;generate all combinations 900900 ...time: 3.6059062480926514
Fin; energy prediction...time: 110.97954034805298
Egy stat [-19.282845, -13.811655, -16.752193, 0.7173936]
Start for  8_3_5 [26/105]
Fin;generate all combinations 720720 ...time: 3.2847678661346436
Fin; energy prediction...time: 90.77476239204407
Egy stat [-15.654251, -11.325449, -13.713884, 0.66254026]
Start for  8_2_6 [27/105]
Fin;generate all combinations 360360 ...time: 2.194725751876831
Fin; energy prediction...time: 45.66554880142212
Egy stat [-12.4696245, -8.561844, -10.822561, 0.5928524]
Start for  8_1_7 [28/105]
Fin;generate all combinations 102960 ...time: 0.23496389389038086
Fin; energy prediction...time: 13.374209642410278
Egy stat [-9.534769, -5.9501944, -8.068902, 0.5125388]
Start for  7_8_1 [29/105]
Fin;generate all combinations 102960 ...time: 0.4056422710418701
Fin; energy prediction...time: 13.322265148162842
Egy stat [-30.76575, -22.6986, -27.718964, 0.7866164]
Start for  7_7_2 [30/105]
Fin;generate all combinations 411840 ...time: 1.7171247005462646
Fin; energy prediction...time: 51.22767114639282
Egy stat [-26.85524, -19.349348, -24.173794, 0.8015192]
Start for  7_6_3 [31/105]
Fin;generate all combinations 960960 ...time: 3.474165201187134
Fin; energy prediction...time: 118.27493214607239
Egy stat [-23.501894, -16.577072, -20.764063, 0.8059924]
Start for  7_5_4 [32/105]
Fin;generate all combinations 1441440 ...time: 5.18526029586792
Fin; energy prediction...time: 177.59857201576233
Egy stat [-20.114122, -13.684303, -17.496813, 0.7925944]
Start for  7_4_5 [33/105]
Fin;generate all combinations 1441440 ...time: 8.436696290969849
Fin; energy prediction...time: 181.02801036834717
Egy stat [-16.931557, -11.133029, -14.375162, 0.7582009]
Start for  7_3_6 [34/105]
Fin;generate all combinations 960960 ...time: 1.7009496688842773
Fin; energy prediction...time: 121.75835990905762
Egy stat [-13.490486, -8.496222, -11.397676, 0.7028423]
Start for  7_2_7 [35/105]
Fin;generate all combinations 411840 ...time: 0.7990989685058594
Fin; energy prediction...time: 52.75625681877136
Egy stat [-10.352125, -5.952569, -8.557917, 0.62869626]
Start for  7_1_8 [36/105]
Fin;generate all combinations 102960 ...time: 0.24643754959106445
Fin; energy prediction...time: 14.147757530212402
Egy stat [-7.533523, -3.1406097, -5.8444185, 0.5388703]
Start for  6_9_1 [37/105]
Fin;generate all combinations 80080 ...time: 0.15819811820983887
Fin; energy prediction...time: 10.620648860931396
Egy stat [-31.072355, -25.035679, -28.75529, 0.7530027]
Start for  6_8_2 [38/105]
Fin;generate all combinations 360360 ...time: 1.232908010482788
Fin; energy prediction...time: 45.945738315582275
Egy stat [-28.412271, -20.25401, -25.161627, 0.79492337]
Start for  6_7_3 [39/105]
Fin;generate all combinations 960960 ...time: 4.69841456413269
Fin; energy prediction...time: 120.00599598884583
Egy stat [-24.6609, -16.918869, -21.691275, 0.827219]
Start for  6_6_4 [40/105]
Fin;generate all combinations 1681680 ...time: 8.384626865386963
Fin; energy prediction...time: 207.74158000946045
Egy stat [-21.410225, -13.514805, -18.353436, 0.8402862]
Start for  6_5_5 [41/105]
Fin;generate all combinations 2018016 ...time: 12.070677042007446
Fin; energy prediction...time: 251.67284393310547
Egy stat [-18.162592, -11.028329, -15.153902, 0.8295141]
Start for  6_4_6 [42/105]
Fin;generate all combinations 1681680 ...time: 10.173608303070068
Fin; energy prediction...time: 209.40449738502502
Egy stat [-14.721315, -8.304544, -12.094153, 0.7936452]
Start for  6_3_7 [43/105]
Fin;generate all combinations 960960 ...time: 5.453442573547363
Fin; energy prediction...time: 121.54917216300964
Egy stat [-11.374263, -5.8896494, -9.170763, 0.7336775]
Start for  6_2_8 [44/105]
Fin;generate all combinations 360360 ...time: 0.732123851776123
Fin; energy prediction...time: 47.102071046829224
Egy stat [-8.334355, -3.1552124, -6.3751144, 0.65185916]
Start for  6_1_9 [45/105]
Fin;generate all combinations 80080 ...time: 0.8566367626190186
Fin; energy prediction...time: 11.170145273208618
Egy stat [-5.0380006, -1.4856672, -3.693444, 0.5502103]
Start for  5_10_1 [46/105]
Fin;generate all combinations 48048 ...time: 0.29641079902648926
Fin; energy prediction...time: 7.0039896965026855
Egy stat [-31.754515, -27.204227, -29.874054, 0.6909918]
Start for  5_9_2 [47/105]
Fin;generate all combinations 240240 ...time: 0.9233646392822266
Fin; energy prediction...time: 30.698301792144775
Egy stat [-28.772259, -22.608797, -26.241058, 0.7596811]
Start for  5_8_3 [48/105]
Fin;generate all combinations 720720 ...time: 2.9469869136810303
Fin; energy prediction...time: 90.28765892982483
Egy stat [-26.247173, -17.903894, -22.71853, 0.82004625]
Start for  5_7_4 [49/105]
Fin;generate all combinations 1441440 ...time: 6.409366607666016
Fin; energy prediction...time: 178.91416573524475
Egy stat [-22.662441, -14.624901, -19.317522, 0.8603929]
Start for  5_6_5 [50/105]
Fin;generate all combinations 2018016 ...time: 10.623217105865479
Fin; energy prediction...time: 247.24147820472717
Egy stat [-19.468231, -11.361098, -16.046173, 0.87494284]
Start for  5_5_6 [51/105]
Fin;generate all combinations 2018016 ...time: 7.548254728317261
Fin; energy prediction...time: 249.44451332092285
Egy stat [-15.992184, -8.223174, -12.90877, 0.86146575]
Start for  5_4_7 [52/105]
Fin;generate all combinations 1441440 ...time: 7.523595571517944
Fin; energy prediction...time: 184.77831482887268
Egy stat [-12.625075, -5.6883574, -9.904849, 0.8200502]
Start for  5_3_8 [53/105]
Fin;generate all combinations 720720 ...time: 1.4458122253417969
Fin; energy prediction...time: 93.19878244400024
Egy stat [-9.354446, -3.1203299, -7.0287995, 0.7522784]
Start for  5_2_9 [54/105]
Fin;generate all combinations 240240 ...time: 0.49122190475463867
Fin; energy prediction...time: 30.91074562072754
Egy stat [-5.952595, -1.5374651, -4.2696223, 0.6602706]
Start for  5_1_10 [55/105]
Fin;generate all combinations 48048 ...time: 0.5161726474761963
Fin; energy prediction...time: 6.794848680496216
Egy stat [-2.704936, 0.7121401, -1.6111897, 0.5449692]
Start for  4_11_1 [56/105]
Fin;generate all combinations 21840 ...time: 0.05581045150756836
Fin; energy prediction...time: 3.395670175552368
Egy stat [-32.452904, -29.280022, -31.070791, 0.60234815]
Start for  4_10_2 [57/105]
Fin;generate all combinations 120120 ...time: 0.4438927173614502
Fin; energy prediction...time: 15.741410255432129
Egy stat [-29.495255, -24.689995, -27.407305, 0.6978208]
Start for  4_9_3 [58/105]
Fin;generate all combinations 400400 ...time: 1.483307123184204
Fin; energy prediction...time: 50.46441650390625
Egy stat [-26.647099, -20.181812, -23.841019, 0.7862095]
Start for  4_8_4 [59/105]
Fin;generate all combinations 900900 ...time: 2.9141197204589844
Fin; energy prediction...time: 112.15554356575012
Egy stat [-24.269552, -15.294942, -20.384493, 0.8539045]
Start for  4_7_5 [60/105]
Fin;generate all combinations 1441440 ...time: 6.068720817565918
Fin; energy prediction...time: 177.82062149047852
Egy stat [-20.737339, -12.442194, -17.047932, 0.89440286]
Start for  4_6_6 [61/105]
Fin;generate all combinations 1681680 ...time: 9.815751314163208
Fin; energy prediction...time: 210.12025427818298
Egy stat [-17.66645, -9.236733, -13.838089, 0.90481937]
Start for  4_5_7 [62/105]
Fin;generate all combinations 1441440 ...time: 10.362811088562012
Fin; energy prediction...time: 178.99724650382996
Egy stat [-13.906551, -6.1131887, -10.757411, 0.8844887]
Start for  4_4_8 [63/105]
Fin;generate all combinations 900900 ...time: 5.24749231338501
Fin; energy prediction...time: 113.01711893081665
Egy stat [-10.646477, -2.9231496, -7.8032846, 0.83429915]
Start for  4_3_9 [64/105]
Fin;generate all combinations 400400 ...time: 2.8968136310577393
Fin; energy prediction...time: 50.076143741607666
Egy stat [-6.9825454, -1.5245066, -4.967669, 0.75609684]
Start for  4_2_10 [65/105]
Fin;generate all combinations 120120 ...time: 0.8551511764526367
Fin; energy prediction...time: 16.015535354614258
Egy stat [-3.7126145, 0.61321926, -2.2370636, 0.6517459]
Start for  4_1_11 [66/105]
Fin;generate all combinations 21840 ...time: 0.0648343563079834
Fin; energy prediction...time: 3.5922374725341797
Egy stat [-0.3997774, 2.2899733, 0.40704513, 0.5212324]
Start for  3_12_1 [67/105]
Fin;generate all combinations 7280 ...time: 0.020140886306762695
Fin; energy prediction...time: 1.6670284271240234
Egy stat [-33.377495, -31.17235, -32.341778, 0.48906386]
Start for  3_11_2 [68/105]
Fin;generate all combinations 43680 ...time: 0.13779640197753906
Fin; energy prediction...time: 6.180955410003662
Egy stat [-30.174252, -26.207281, -28.656141, 0.6123418]
Start for  3_10_3 [69/105]
Fin;generate all combinations 160160 ...time: 0.6224842071533203
Fin; energy prediction...time: 20.878180980682373
Egy stat [-27.368782, -21.875011, -25.054287, 0.7285846]
Start for  3_9_4 [70/105]
Fin;generate all combinations 400400 ...time: 1.2786026000976562
Fin; energy prediction...time: 50.428093910217285
Egy stat [-24.68333, -17.073227, -21.549946, 0.8229672]
Start for  3_8_5 [71/105]
Fin;generate all combinations 720720 ...time: 2.6198160648345947
Fin; energy prediction...time: 91.09506130218506
Egy stat [-22.358997, -12.713721, -18.15502, 0.8890339]
Start for  3_7_6 [72/105]
Fin;generate all combinations 960960 ...time: 3.708190679550171
Fin; energy prediction...time: 120.48681116104126
Egy stat [-18.914028, -9.607522, -14.878494, 0.92368114]
Start for  3_6_7 [73/105]
Fin;generate all combinations 960960 ...time: 4.201180934906006
Fin; energy prediction...time: 121.70151877403259
Egy stat [-15.60438, -6.705682, -11.7254505, 0.92567563]
Start for  3_5_8 [74/105]
Fin;generate all combinations 720720 ...time: 1.4281890392303467
Fin; energy prediction...time: 96.29682421684265
Egy stat [-11.948004, -3.5064259, -8.696201, 0.8951813]
Start for  3_4_9 [75/105]
Fin;generate all combinations 400400 ...time: 2.398604154586792
Fin; energy prediction...time: 50.28473258018494
Egy stat [-8.34587, -1.7941532, -5.78571, 0.8334618]
Start for  3_3_10 [76/105]
Fin;generate all combinations 160160 ...time: 0.34014248847961426
Fin; energy prediction...time: 21.069043397903442
Egy stat [-4.7145267, 0.58144283, -2.983355, 0.7423958]
Start for  3_2_11 [77/105]
Fin;generate all combinations 43680 ...time: 0.3315610885620117
Fin; energy prediction...time: 6.610586404800415
Egy stat [-1.4692793, 2.1225367, -0.27307215, 0.6235602]
Start for  3_1_12 [78/105]
Fin;generate all combinations 7280 ...time: 0.02225661277770996
Fin; energy prediction...time: 1.7214796543121338
Egy stat [1.753418, 4.425647, 2.3659635, 0.47632906]
Start for  2_13_1 [79/105]
Fin;generate all combinations 1680 ...time: 0.0058650970458984375
Fin; energy prediction...time: 0.881561279296875
Egy stat [-34.370277, -33.05474, -33.684032, 0.35338423]
Start for  2_12_2 [80/105]
Fin;generate all combinations 10920 ...time: 0.022712230682373047
Fin; energy prediction...time: 2.126709461212158
Egy stat [-31.127794, -28.29874, -29.983948, 0.50814676]
Start for  2_11_3 [81/105]
Fin;generate all combinations 43680 ...time: 0.13924264907836914
Fin; energy prediction...time: 6.181072235107422
Egy stat [-28.060036, -23.876167, -26.354298, 0.65187806]
Start for  2_10_4 [82/105]
Fin;generate all combinations 120120 ...time: 0.45807600021362305
Fin; energy prediction...time: 15.802177429199219
Egy stat [-25.43721, -18.761082, -22.80967, 0.7712806]
Start for  2_9_5 [83/105]
Fin;generate all combinations 240240 ...time: 1.0147616863250732
Fin; energy prediction...time: 30.519744157791138
Egy stat [-22.820976, -14.532964, -19.363344, 0.8613445]
Start for  2_8_6 [84/105]
Fin;generate all combinations 360360 ...time: 1.5060696601867676
Fin; energy prediction...time: 45.48725080490112
Egy stat [-20.629585, -9.82676, -16.026222, 0.9193402]
Start for  2_7_7 [85/105]
Fin;generate all combinations 411840 ...time: 2.23764967918396
Fin; energy prediction...time: 51.00240135192871
Egy stat [-17.294521, -7.0763664, -12.805727, 0.9436947]
Start for  2_6_8 [86/105]
Fin;generate all combinations 360360 ...time: 1.4683077335357666
Fin; energy prediction...time: 45.333863973617554
Egy stat [-13.670271, -3.9173088, -9.704909, 0.9338552]
Start for  2_5_9 [87/105]
Fin;generate all combinations 240240 ...time: 0.4750027656555176
Fin; energy prediction...time: 30.721242427825928
Egy stat [-9.649202, -2.3601665, -6.7216935, 0.89028645]
Start for  2_4_10 [88/105]
Fin;generate all combinations 120120 ...time: 0.25243091583251953
Fin; energy prediction...time: 15.843158960342407
Egy stat [-6.138844, -0.11190605, -3.8484278, 0.8143137]
Start for  2_3_11 [89/105]
Fin;generate all combinations 43680 ...time: 0.09802675247192383
Fin; energy prediction...time: 6.527824401855469
Egy stat [-2.5063982, 1.7039757, -1.0717956, 0.7076712]
Start for  2_2_12 [90/105]
Fin;generate all combinations 10920 ...time: 0.03211617469787598
Fin; energy prediction...time: 2.2532432079315186
Egy stat [0.67415714, 4.2413254, 1.6268038, 0.57167906]
Start for  2_1_13 [91/105]
Fin;generate all combinations 1680 ...time: 0.006236553192138672
Fin; energy prediction...time: 0.9349372386932373
Egy stat [3.8361588, 5.588545, 4.2703266, 0.40577963]
Start for  1_14_1 [92/105]
Fin;generate all combinations 240 ...time: 0.0022335052490234375
Fin; energy prediction...time: 0.789677619934082
Egy stat [-35.418907, -34.85214, -35.09527, 0.1982027]
Start for  1_13_2 [93/105]
Fin;generate all combinations 1680 ...time: 0.0037088394165039062
Fin; energy prediction...time: 0.9093112945556641
Egy stat [-32.03611, -30.186785, -31.387728, 0.39507872]
Start for  1_12_3 [94/105]
Fin;generate all combinations 7280 ...time: 0.01763463020324707
Fin; energy prediction...time: 1.7373178005218506
Egy stat [-29.023142, -25.964598, -27.737495, 0.5642905]
Start for  1_11_4 [95/105]
Fin;generate all combinations 21840 ...time: 0.10678410530090332
Fin; energy prediction...time: 3.6361052989959717
Egy stat [-26.101652, -21.057947, -24.159763, 0.7049805]
Start for  1_10_5 [96/105]
Fin;generate all combinations 48048 ...time: 0.18224835395812988
Fin; energy prediction...time: 6.762258052825928
Egy stat [-23.543526, -16.67947, -20.668917, 0.8156819]
Start for  1_9_6 [97/105]
Fin;generate all combinations 80080 ...time: 0.3839681148529053
Fin; energy prediction...time: 10.952539443969727
Egy stat [-21.097088, -11.689711, -17.277426, 0.8945966]
Start for  1_8_7 [98/105]
Fin;generate all combinations 102960 ...time: 0.5637078285217285
Fin; energy prediction...time: 13.64878225326538
Egy stat [-19.014511, -7.3173027, -13.99478, 0.93997884]
Start for  1_7_8 [99/105]
Fin;generate all combinations 102960 ...time: 0.4048738479614258
Fin; energy prediction...time: 13.479722738265991
Egy stat [-15.384567, -4.297287, -10.826499, 0.9505483]
Start for  1_6_9 [100/105]
Fin;generate all combinations 80080 ...time: 0.3438081741333008
Fin; energy prediction...time: 10.762756109237671
Egy stat [-11.455086, -2.8256378, -7.7733016, 0.9258051]
Start for  1_5_10 [101/105]
Fin;generate all combinations 48048 ...time: 0.2664909362792969
Fin; energy prediction...time: 6.942100524902344
Egy stat [-7.5059915, -0.66368866, -4.830494, 0.86613363]
Start for  1_4_11 [102/105]
Fin;generate all combinations 21840 ...time: 0.04979515075683594
Fin; energy prediction...time: 3.5239503383636475
Egy stat [-3.9711952, 0.9818764, -1.9876614, 0.7726194]
Start for  1_3_12 [103/105]
Fin;generate all combinations 7280 ...time: 0.017829179763793945
Fin; energy prediction...time: 1.6292123794555664
Egy stat [-0.40904522, 3.362646, 0.7712178, 0.6465696]
Start for  1_2_13 [104/105]
Fin;generate all combinations 1680 ...time: 0.004262208938598633
Fin; energy prediction...time: 0.8479170799255371
Egy stat [2.6919432, 4.921588, 3.467159, 0.4888338]
Start for  1_1_14 [105/105]
Fin;generate all combinations 240 ...time: 0.001140594482421875
Fin; energy prediction...time: 0.6932690143585205
Egy stat [5.7909317, 7.3274784, 6.1249604, 0.29932433]
Saving....
Saved to... Rb_CdHgZn_Cl.pkl
Total elapsed time... 5634.077164173126
