Summary of calculations
Site name (A,B,C)... Rb Cd,Ge,Sn I
Base cif file name... ../0.cif
Save file name... Rb_CdGeSn_I.pkl
Fin; combination with repetition...time: 0.005909919738769531
Start for  14_1_1 [1/105]
Fin;generate all combinations 240 ...time: 0.0008068084716796875
Fin; energy prediction...time: 0.1972212791442871
Egy stat [16.389963, 16.765413, 16.54406, 0.09335851]
Start for  13_2_1 [2/105]
Fin;generate all combinations 1680 ...time: 0.0034241676330566406
Fin; energy prediction...time: 0.39292001724243164
Egy stat [15.412523, 16.005947, 15.700314, 0.11923999]
Start for  13_1_2 [3/105]
Fin;generate all combinations 1680 ...time: 0.0036568641662597656
Fin; energy prediction...time: 0.42678070068359375
Egy stat [14.001371, 14.73502, 14.353583, 0.13926356]
Start for  12_3_1 [4/105]
Fin;generate all combinations 7280 ...time: 0.011744260787963867
Fin; energy prediction...time: 1.0565476417541504
Egy stat [14.458282, 15.406601, 14.908924, 0.15640403]
Start for  12_2_2 [5/105]
Fin;generate all combinations 10920 ...time: 0.016745567321777344
Fin; energy prediction...time: 1.499823808670044
Egy stat [13.119709, 14.070864, 13.57672, 0.1596303]
Start for  12_1_3 [6/105]
Fin;generate all combinations 7280 ...time: 0.053493499755859375
Fin; energy prediction...time: 1.1272146701812744
Egy stat [11.691549, 12.755667, 12.210235, 0.17776123]
Start for  11_4_1 [7/105]
Fin;generate all combinations 21840 ...time: 0.07353615760803223
Fin; energy prediction...time: 2.854207754135132
Egy stat [13.58095, 14.893438, 14.137328, 0.2043578]
Start for  11_3_2 [8/105]
Fin;generate all combinations 43680 ...time: 0.12279224395751953
Fin; energy prediction...time: 5.560520172119141
Egy stat [12.247646, 13.581419, 12.822682, 0.1995892]
Start for  11_2_3 [9/105]
Fin;generate all combinations 43680 ...time: 0.13357162475585938
Fin; energy prediction...time: 5.533215045928955
Egy stat [10.707375, 12.119272, 11.469118, 0.20930892]
Start for  11_1_4 [10/105]
Fin;generate all combinations 21840 ...time: 0.0399167537689209
Fin; energy prediction...time: 3.0339577198028564
Egy stat [9.244772, 10.988478, 10.077382, 0.22190414]
Start for  10_5_1 [11/105]
Fin;generate all combinations 48048 ...time: 0.19455409049987793
Fin; energy prediction...time: 6.186605215072632
Egy stat [12.725542, 14.461058, 13.357588, 0.25415173]
Start for  10_4_2 [12/105]
Fin;generate all combinations 120120 ...time: 0.47467851638793945
Fin; energy prediction...time: 14.821154356002808
Egy stat [11.318649, 13.138508, 12.064406, 0.24651077]
Start for  10_3_3 [13/105]
Fin;generate all combinations 160160 ...time: 0.39878177642822266
Fin; energy prediction...time: 20.208831310272217
Egy stat [9.86418, 11.627449, 10.727238, 0.2525056]
Start for  10_2_4 [14/105]
Fin;generate all combinations 120120 ...time: 0.6080670356750488
Fin; energy prediction...time: 14.928338050842285
Egy stat [8.378445, 10.450207, 9.346829, 0.26291862]
Start for  10_1_5 [15/105]
Fin;generate all combinations 48048 ...time: 0.09351658821105957
Fin; energy prediction...time: 6.227574825286865
Egy stat [6.8223534, 8.893076, 7.9243336, 0.26992646]
Start for  9_6_1 [16/105]
Fin;generate all combinations 80080 ...time: 0.24145007133483887
Fin; energy prediction...time: 10.146257400512695
Egy stat [11.780588, 14.123957, 12.545578, 0.297696]
Start for  9_5_2 [17/105]
Fin;generate all combinations 240240 ...time: 0.6010642051696777
Fin; energy prediction...time: 29.89113163948059
Egy stat [10.484743, 12.796839, 11.278656, 0.28941587]
Start for  9_4_3 [18/105]
Fin;generate all combinations 400400 ...time: 1.2255136966705322
Fin; energy prediction...time: 49.085397243499756
Egy stat [9.011372, 11.192125, 9.962197, 0.294248]
Start for  9_3_4 [19/105]
Fin;generate all combinations 400400 ...time: 1.576476812362671
Fin; energy prediction...time: 49.86308932304382
Egy stat [7.4119473, 9.780336, 8.597012, 0.3043997]
Start for  9_2_5 [20/105]
Fin;generate all combinations 240240 ...time: 0.39823341369628906
Fin; energy prediction...time: 30.089650869369507
Egy stat [5.8393745, 8.328331, 7.184325, 0.31295025]
Start for  9_1_6 [21/105]
Fin;generate all combinations 80080 ...time: 0.47782325744628906
Fin; energy prediction...time: 10.859777688980103
Egy stat [4.3248234, 6.780792, 5.7257676, 0.31439164]
Start for  8_7_1 [22/105]
Fin;generate all combinations 102960 ...time: 0.1730489730834961
Fin; energy prediction...time: 13.030069828033447
Egy stat [10.7282295, 13.814337, 11.680243, 0.32939675]
Start for  8_6_2 [23/105]
Fin;generate all combinations 360360 ...time: 1.1580634117126465
Fin; energy prediction...time: 44.46274971961975
Egy stat [9.53561, 12.456955, 10.445266, 0.32159066]
Start for  8_5_3 [24/105]
Fin;generate all combinations 720720 ...time: 2.4567410945892334
Fin; energy prediction...time: 88.38040566444397
Egy stat [8.0788765, 10.826628, 9.154701, 0.32665703]
Start for  8_4_4 [25/105]
Fin;generate all combinations 900900 ...time: 3.423736810684204
Fin; energy prediction...time: 110.94109082221985
Egy stat [6.4901924, 9.264751, 7.809447, 0.33759195]
Start for  8_3_5 [26/105]
Fin;generate all combinations 720720 ...time: 3.95041561126709
Fin; energy prediction...time: 89.70611929893494
Egy stat [4.900564, 7.818699, 6.4108667, 0.34806287]
Start for  8_2_6 [27/105]
Fin;generate all combinations 360360 ...time: 2.1893324851989746
Fin; energy prediction...time: 45.61226534843445
Egy stat [3.1569977, 6.482092, 4.9607363, 0.35301498]
Start for  8_1_7 [28/105]
Fin;generate all combinations 102960 ...time: 0.22536683082580566
Fin; energy prediction...time: 13.677342891693115
Egy stat [1.9213152, 4.871497, 3.4612403, 0.34833962]
Start for  7_8_1 [29/105]
Fin;generate all combinations 102960 ...time: 0.18019914627075195
Fin; energy prediction...time: 13.427306652069092
Egy stat [9.733215, 12.653629, 10.742978, 0.3456856]
Start for  7_7_2 [30/105]
Fin;generate all combinations 411840 ...time: 1.3595094680786133
Fin; energy prediction...time: 50.4841570854187
Egy stat [8.507185, 11.349274, 9.54652, 0.33927372]
Start for  7_6_3 [31/105]
Fin;generate all combinations 960960 ...time: 3.2800729274749756
Fin; energy prediction...time: 117.4750828742981
Egy stat [7.066221, 10.122498, 8.287875, 0.34566417]
Start for  7_5_4 [32/105]
Fin;generate all combinations 1441440 ...time: 4.956845760345459
Fin; energy prediction...time: 180.21217226982117
Egy stat [5.5676537, 8.5793495, 6.9680896, 0.35821]
Start for  7_4_5 [33/105]
Fin;generate all combinations 1441440 ...time: 4.743609666824341
Fin; energy prediction...time: 179.8956913948059
Egy stat [3.9943104, 7.1707726, 5.588697, 0.3709085]
Start for  7_3_6 [34/105]
Fin;generate all combinations 960960 ...time: 4.1062397956848145
Fin; energy prediction...time: 117.85228300094604
Egy stat [2.2709942, 5.8039, 4.151669, 0.37900537]
Start for  7_2_7 [35/105]
Fin;generate all combinations 411840 ...time: 2.310225248336792
Fin; energy prediction...time: 51.99677872657776
Egy stat [0.7472563, 4.1892014, 2.6594155, 0.37877536]
Start for  7_1_8 [36/105]
Fin;generate all combinations 102960 ...time: 0.2579345703125
Fin; energy prediction...time: 13.22573208808899
Egy stat [-0.60526276, 2.6218128, 1.1147255, 0.3670193]
Start for  6_9_1 [37/105]
Fin;generate all combinations 80080 ...time: 0.1569533348083496
Fin; energy prediction...time: 10.526620626449585
Egy stat [8.712835, 11.1675415, 9.717129, 0.3444633]
Start for  6_8_2 [38/105]
Fin;generate all combinations 360360 ...time: 1.619347095489502
Fin; energy prediction...time: 44.450517654418945
Egy stat [7.5068474, 10.168539, 8.566598, 0.34061354]
Start for  6_7_3 [39/105]
Fin;generate all combinations 960960 ...time: 4.043704271316528
Fin; energy prediction...time: 118.9156494140625
Egy stat [6.180517, 9.0389, 7.346731, 0.34958076]
Start for  6_6_4 [40/105]
Fin;generate all combinations 1681680 ...time: 9.217307090759277
Fin; energy prediction...time: 203.98595809936523
Egy stat [4.6689377, 7.9462147, 6.0587482, 0.3647169]
Start for  6_5_5 [41/105]
Fin;generate all combinations 2018016 ...time: 6.047719240188599
Fin; energy prediction...time: 254.6522831916809
Egy stat [3.0891218, 6.509577, 4.7044, 0.38015023]
Start for  6_4_6 [42/105]
Fin;generate all combinations 1681680 ...time: 6.577636480331421
Fin; energy prediction...time: 208.50910711288452
Egy stat [1.3709822, 5.11279, 3.2859042, 0.39133948]
Start for  6_3_7 [43/105]
Fin;generate all combinations 960960 ...time: 5.8403637409210205
Fin; energy prediction...time: 118.63038158416748
Egy stat [-0.41769505, 3.5198345, 1.8059281, 0.39484823]
Start for  6_2_8 [44/105]
Fin;generate all combinations 360360 ...time: 0.7331204414367676
Fin; energy prediction...time: 46.83698844909668
Egy stat [-1.7872438, 1.9577255, 0.26754493, 0.3879063]
Start for  6_1_9 [45/105]
Fin;generate all combinations 80080 ...time: 0.19477224349975586
Fin; energy prediction...time: 11.367770433425903
Egy stat [-2.778679, -0.022174835, -1.3257838, 0.36793616]
Start for  5_10_1 [46/105]
Fin;generate all combinations 48048 ...time: 0.10825681686401367
Fin; energy prediction...time: 6.648357391357422
Egy stat [7.7468796, 9.669186, 8.587602, 0.32472083]
Start for  5_9_2 [47/105]
Fin;generate all combinations 240240 ...time: 0.599177360534668
Fin; energy prediction...time: 30.293601036071777
Egy stat [6.5547695, 8.775965, 7.49116, 0.32513157]
Start for  5_8_3 [48/105]
Fin;generate all combinations 720720 ...time: 2.9285128116607666
Fin; energy prediction...time: 89.54154419898987
Egy stat [5.163233, 7.73934, 6.317701, 0.33839]
Start for  5_7_4 [49/105]
Fin;generate all combinations 1441440 ...time: 5.08456015586853
Fin; energy prediction...time: 177.9136221408844
Egy stat [3.6115294, 6.7347183, 5.068633, 0.35745597]
Start for  5_6_5 [50/105]
Fin;generate all combinations 2018016 ...time: 5.992869138717651
Fin; energy prediction...time: 256.8032443523407
Egy stat [2.099885, 5.391675, 3.745941, 0.37643468]
Start for  5_5_6 [51/105]
Fin;generate all combinations 2018016 ...time: 8.888678312301636
Fin; energy prediction...time: 252.9427936077118
Egy stat [0.36662197, 4.087579, 2.3521297, 0.39098078]
Start for  5_4_7 [52/105]
Fin;generate all combinations 1441440 ...time: 6.156572341918945
Fin; energy prediction...time: 178.4749538898468
Egy stat [-1.485343, 2.819725, 0.8901701, 0.39794952]
Start for  5_3_8 [53/105]
Fin;generate all combinations 720720 ...time: 4.628737926483154
Fin; energy prediction...time: 91.22408556938171
Egy stat [-2.957953, 1.2638187, -0.63653344, 0.39493442]
Start for  5_2_9 [54/105]
Fin;generate all combinations 240240 ...time: 0.5261106491088867
Fin; energy prediction...time: 31.93058466911316
Egy stat [-3.9589005, -0.7088156, -2.2241867, 0.3798592]
Start for  5_1_10 [55/105]
Fin;generate all combinations 48048 ...time: 0.5970571041107178
Fin; energy prediction...time: 6.69261622428894
Egy stat [-5.0671053, -2.649507, -3.8686287, 0.35056233]
Start for  4_11_1 [56/105]
Fin;generate all combinations 21840 ...time: 0.054520368576049805
Fin; energy prediction...time: 3.37675404548645
Egy stat [6.467697, 8.217646, 7.340622, 0.28633487]
Start for  4_10_2 [57/105]
Fin;generate all combinations 120120 ...time: 0.5649490356445312
Fin; energy prediction...time: 15.568306922912598
Egy stat [5.3710556, 7.371889, 6.3070803, 0.29356515]
Start for  4_9_3 [58/105]
Fin;generate all combinations 400400 ...time: 1.664442539215088
Fin; energy prediction...time: 49.506861209869385
Egy stat [4.0427446, 6.429825, 5.1883364, 0.31356534]
Start for  4_8_4 [59/105]
Fin;generate all combinations 900900 ...time: 3.354580879211426
Fin; energy prediction...time: 111.48063945770264
Egy stat [2.5303879, 5.5144787, 3.9859858, 0.33838174]
Start for  4_7_5 [60/105]
Fin;generate all combinations 1441440 ...time: 7.658709764480591
Fin; energy prediction...time: 177.99763917922974
Egy stat [1.0483122, 4.238303, 2.7022672, 0.36202008]
Start for  4_6_6 [61/105]
Fin;generate all combinations 1681680 ...time: 6.91795015335083
Fin; energy prediction...time: 207.6449146270752
Egy stat [-0.6207533, 2.9926882, 1.3399892, 0.38042292]
Start for  4_5_7 [62/105]
Fin;generate all combinations 1441440 ...time: 10.24195146560669
Fin; energy prediction...time: 176.83621954917908
Egy stat [-2.562337, 1.7843704, -0.0975311, 0.39083436]
Start for  4_4_8 [63/105]
Fin;generate all combinations 900900 ...time: 5.052832126617432
Fin; energy prediction...time: 113.51790881156921
Egy stat [-4.1447573, 0.6177969, -1.6065253, 0.39125112]
Start for  4_3_9 [64/105]
Fin;generate all combinations 400400 ...time: 0.8069789409637451
Fin; energy prediction...time: 49.608808517456055
Egy stat [-5.153915, -1.4006891, -3.1828187, 0.38003618]
Start for  4_2_10 [65/105]
Fin;generate all combinations 120120 ...time: 0.2751591205596924
Fin; energy prediction...time: 15.678285837173462
Egy stat [-6.2483807, -3.3576298, -4.821867, 0.3556043]
Start for  4_1_11 [66/105]
Fin;generate all combinations 21840 ...time: 0.06409215927124023
Fin; energy prediction...time: 3.5179367065429688
Egy stat [-7.519644, -5.596831, -6.518782, 0.31602618]
Start for  3_12_1 [67/105]
Fin;generate all combinations 7280 ...time: 0.02092146873474121
Fin; energy prediction...time: 1.7047600746154785
Egy stat [5.3371706, 6.497389, 5.963628, 0.23004861]
Start for  3_11_2 [68/105]
Fin;generate all combinations 43680 ...time: 0.13789939880371094
Fin; energy prediction...time: 6.2547760009765625
Egy stat [4.2404776, 5.746258, 5.0022736, 0.2481808]
Start for  3_10_3 [69/105]
Fin;generate all combinations 160160 ...time: 0.6638739109039307
Fin; energy prediction...time: 20.532949686050415
Egy stat [2.9253883, 4.8855047, 3.9471002, 0.2784145]
Start for  3_9_4 [70/105]
Fin;generate all combinations 400400 ...time: 1.4643232822418213
Fin; energy prediction...time: 49.60717797279358
Egy stat [1.4668627, 4.039955, 2.7998695, 0.31124228]
Start for  3_8_5 [71/105]
Fin;generate all combinations 720720 ...time: 2.593502998352051
Fin; energy prediction...time: 89.21812987327576
Egy stat [-0.0058813095, 2.898037, 1.5630662, 0.3407808]
Start for  3_7_6 [72/105]
Fin;generate all combinations 960960 ...time: 3.1541459560394287
Fin; energy prediction...time: 119.16845297813416
Egy stat [-1.6899681, 1.6720066, 0.23981312, 0.36356497]
Start for  3_6_7 [73/105]
Fin;generate all combinations 960960 ...time: 4.879711151123047
Fin; energy prediction...time: 119.55660629272461
Egy stat [-3.5332484, 0.48403263, -1.1662102, 0.37743542]
Start for  3_5_8 [74/105]
Fin;generate all combinations 720720 ...time: 3.711095094680786
Fin; energy prediction...time: 90.12392926216125
Egy stat [-5.3519406, -0.6643772, -2.6508384, 0.38090244]
Start for  3_4_9 [75/105]
Fin;generate all combinations 400400 ...time: 2.403714418411255
Fin; energy prediction...time: 50.80197834968567
Egy stat [-6.3545895, -2.6025333, -4.2094803, 0.3727916]
Start for  3_3_10 [76/105]
Fin;generate all combinations 160160 ...time: 0.3432152271270752
Fin; energy prediction...time: 21.592470407485962
Egy stat [-7.4188805, -4.4830422, -5.837167, 0.35200566]
Start for  3_2_11 [77/105]
Fin;generate all combinations 43680 ...time: 0.10505056381225586
Fin; energy prediction...time: 6.333753347396851
Egy stat [-8.699431, -6.394039, -7.528586, 0.31728044]
Start for  3_1_12 [78/105]
Fin;generate all combinations 7280 ...time: 0.022039175033569336
Fin; energy prediction...time: 1.6643860340118408
Egy stat [-10.136891, -8.504544, -9.278108, 0.2667342]
Start for  2_13_1 [79/105]
Fin;generate all combinations 1680 ...time: 0.005439043045043945
Fin; energy prediction...time: 0.8372745513916016
Egy stat [3.9049377, 4.741021, 4.445313, 0.15780155]
Start for  2_12_2 [80/105]
Fin;generate all combinations 10920 ...time: 0.0223538875579834
Fin; energy prediction...time: 2.16682505607605
Egy stat [2.8961916, 4.087886, 3.5657015, 0.19421096]
Start for  2_11_3 [81/105]
Fin;generate all combinations 43680 ...time: 0.0889730453491211
Fin; energy prediction...time: 6.15523099899292
Egy stat [1.6793995, 3.2996397, 2.583329, 0.23921774]
Start for  2_10_4 [82/105]
Fin;generate all combinations 120120 ...time: 0.44444942474365234
Fin; energy prediction...time: 15.468195915222168
Egy stat [0.2823162, 2.5364904, 1.5000745, 0.282129]
Start for  2_9_5 [83/105]
Fin;generate all combinations 240240 ...time: 0.9313700199127197
Fin; energy prediction...time: 30.483024835586548
Egy stat [-1.1350298, 1.4254436, 0.31864163, 0.31833643]
Start for  2_8_6 [84/105]
Fin;generate all combinations 360360 ...time: 1.5459392070770264
Fin; energy prediction...time: 44.9219753742218
Egy stat [-2.764279, 0.3300438, -0.9575465, 0.3455976]
Start for  2_7_7 [85/105]
Fin;generate all combinations 411840 ...time: 1.8730416297912598
Fin; energy prediction...time: 51.810540199279785
Egy stat [-4.5880322, -0.8352175, -2.3244445, 0.3626281]
Start for  2_6_8 [86/105]
Fin;generate all combinations 360360 ...time: 0.6931004524230957
Fin; energy prediction...time: 46.979676246643066
Egy stat [-6.5819817, -1.9522505, -3.7774749, 0.3685687]
Start for  2_5_9 [87/105]
Fin;generate all combinations 240240 ...time: 1.0093507766723633
Fin; energy prediction...time: 30.933300495147705
Egy stat [-7.5266695, -3.818215, -5.311604, 0.362743]
Start for  2_4_10 [88/105]
Fin;generate all combinations 120120 ...time: 0.25386762619018555
Fin; energy prediction...time: 16.102092742919922
Egy stat [-8.582395, -5.6196656, -6.9214025, 0.34450832]
Start for  2_3_11 [89/105]
Fin;generate all combinations 43680 ...time: 0.10278534889221191
Fin; energy prediction...time: 6.416776418685913
Egy stat [-9.824101, -7.527823, -8.6011, 0.31311646]
Start for  2_2_12 [90/105]
Fin;generate all combinations 10920 ...time: 0.12258315086364746
Fin; energy prediction...time: 2.1759471893310547
Egy stat [-11.279262, -9.394812, -10.344614, 0.26749444]
Start for  2_1_13 [91/105]
Fin;generate all combinations 1680 ...time: 0.006236076354980469
Fin; energy prediction...time: 0.9742927551269531
Egy stat [-12.644111, -11.613944, -12.145571, 0.20564657]
Start for  1_14_1 [92/105]
Fin;generate all combinations 240 ...time: 0.0013475418090820312
Fin; energy prediction...time: 0.7571346759796143
Egy stat [2.627821, 2.8871784, 2.7758057, 0.0753684]
Start for  1_13_2 [93/105]
Fin;generate all combinations 1680 ...time: 0.0036191940307617188
Fin; energy prediction...time: 0.9293942451477051
Egy stat [1.6366396, 2.3125439, 1.9875082, 0.14499313]
Start for  1_12_3 [94/105]
Fin;generate all combinations 7280 ...time: 0.016611576080322266
Fin; energy prediction...time: 1.652174472808838
Egy stat [0.4768772, 1.6124821, 1.0873203, 0.2073032]
Start for  1_11_4 [95/105]
Fin;generate all combinations 21840 ...time: 0.047838687896728516
Fin; energy prediction...time: 3.5080838203430176
Egy stat [-0.91976166, 0.8847532, 0.07716932, 0.25983346]
Start for  1_10_5 [96/105]
Fin;generate all combinations 48048 ...time: 0.2477877140045166
Fin; energy prediction...time: 6.790669202804565
Egy stat [-2.2803316, -0.14214039, -1.040077, 0.30170488]
Start for  1_9_6 [97/105]
Fin;generate all combinations 80080 ...time: 0.27643346786499023
Fin; energy prediction...time: 10.635125398635864
Egy stat [-3.8983774, -1.1819925, -2.260731, 0.33239114]
Start for  1_8_7 [98/105]
Fin;generate all combinations 102960 ...time: 0.35234522819519043
Fin; energy prediction...time: 13.488328456878662
Egy stat [-5.7303486, -2.250228, -3.5804017, 0.35153317]
Start for  1_7_8 [99/105]
Fin;generate all combinations 102960 ...time: 0.37626004219055176
Fin; energy prediction...time: 13.655581951141357
Egy stat [-7.792386, -3.283359, -4.994102, 0.3588654]
Start for  1_6_9 [100/105]
Fin;generate all combinations 80080 ...time: 0.33219313621520996
Fin; energy prediction...time: 10.57463550567627
Egy stat [-8.695045, -5.1248603, -6.4963474, 0.35415694]
Start for  1_5_10 [101/105]
Fin;generate all combinations 48048 ...time: 0.2280261516571045
Fin; energy prediction...time: 6.592078685760498
Egy stat [-9.745973, -6.9183316, -8.081228, 0.3371521]
Start for  1_4_11 [102/105]
Fin;generate all combinations 21840 ...time: 0.048859357833862305
Fin; energy prediction...time: 3.3249802589416504
Egy stat [-10.967791, -8.757602, -9.742485, 0.30749816]
Start for  1_3_12 [103/105]
Fin;generate all combinations 7280 ...time: 0.017508268356323242
Fin; energy prediction...time: 1.7856247425079346
Egy stat [-12.402539, -10.624884, -11.473541, 0.26464537]
Start for  1_2_13 [104/105]
Fin;generate all combinations 1680 ...time: 0.004297494888305664
Fin; energy prediction...time: 0.9367005825042725
Egy stat [-13.778614, -12.780994, -13.267552, 0.20763242]
Start for  1_1_14 [105/105]
Fin;generate all combinations 240 ...time: 0.0011096000671386719
Fin; energy prediction...time: 0.7538518905639648
Egy stat [-15.329908, -14.938881, -15.117412, 0.13422503]
Saving....
Saved to... Rb_CdGeSn_I.pkl
Total elapsed time... 5583.634206533432
