Summary of calculations
Site name (A,B,C)... Rb Cd,Hg,Sn I
Base cif file name... ../0.cif
Save file name... Rb_CdHgSn_I.pkl
Fin; combination with repetition...time: 0.007704019546508789
Start for  14_1_1 [1/105]
Fin;generate all combinations 240 ...time: 0.0006036758422851562
Fin; energy prediction...time: 0.2226254940032959
Egy stat [17.628439, 17.874392, 17.754566, 0.075013876]
Start for  13_2_1 [2/105]
Fin;generate all combinations 1680 ...time: 0.003421306610107422
Fin; energy prediction...time: 0.5183391571044922
Egy stat [17.373434, 18.25834, 17.9235, 0.24398819]
Start for  13_1_2 [3/105]
Fin;generate all combinations 1680 ...time: 0.003677845001220703
Fin; energy prediction...time: 0.39229750633239746
Egy stat [15.149582, 15.961622, 15.483798, 0.15009926]
Start for  12_3_1 [4/105]
Fin;generate all combinations 7280 ...time: 0.011935710906982422
Fin; energy prediction...time: 1.208385705947876
Egy stat [17.264511, 18.682436, 17.993702, 0.37535146]
Start for  12_2_2 [5/105]
Fin;generate all combinations 10920 ...time: 0.01714181900024414
Fin; energy prediction...time: 1.5413899421691895
Egy stat [14.877409, 16.388826, 15.678663, 0.2758426]
Start for  12_1_3 [6/105]
Fin;generate all combinations 7280 ...time: 0.061402320861816406
Fin; energy prediction...time: 1.1753771305084229
Egy stat [12.787563, 13.920465, 13.297747, 0.18168351]
Start for  11_4_1 [7/105]
Fin;generate all combinations 21840 ...time: 0.08252501487731934
Fin; energy prediction...time: 2.8704380989074707
Egy stat [16.713417, 19.156212, 17.973886, 0.4789065]
Start for  11_3_2 [8/105]
Fin;generate all combinations 43680 ...time: 0.11252403259277344
Fin; energy prediction...time: 5.994245529174805
Egy stat [14.833279, 16.831936, 15.777272, 0.39510536]
Start for  11_2_3 [9/105]
Fin;generate all combinations 43680 ...time: 0.14810538291931152
Fin; energy prediction...time: 5.85349178314209
Egy stat [12.603073, 14.418291, 13.517752, 0.29217714]
Start for  11_1_4 [10/105]
Fin;generate all combinations 21840 ...time: 0.04080939292907715
Fin; energy prediction...time: 3.054509401321411
Egy stat [10.463085, 12.212351, 11.151893, 0.20447123]
Start for  10_5_1 [11/105]
Fin;generate all combinations 48048 ...time: 0.2280886173248291
Fin; energy prediction...time: 6.2819130420684814
Egy stat [16.501574, 19.616919, 17.872501, 0.55588627]
Start for  10_4_2 [12/105]
Fin;generate all combinations 120120 ...time: 0.4757709503173828
Fin; energy prediction...time: 15.197309255599976
Egy stat [14.404167, 17.313435, 15.787377, 0.49261963]
Start for  10_3_3 [13/105]
Fin;generate all combinations 160160 ...time: 0.3996593952178955
Fin; energy prediction...time: 20.591104745864868
Egy stat [12.541203, 14.873938, 13.643599, 0.40426898]
Start for  10_2_4 [14/105]
Fin;generate all combinations 120120 ...time: 0.6393983364105225
Fin; energy prediction...time: 15.470575094223022
Egy stat [10.353025, 12.750673, 11.395262, 0.3044352]
Start for  10_1_5 [15/105]
Fin;generate all combinations 48048 ...time: 0.09819269180297852
Fin; energy prediction...time: 6.390820026397705
Egy stat [8.168144, 9.953358, 9.008664, 0.23464276]
Start for  9_6_1 [16/105]
Fin;generate all combinations 80080 ...time: 0.22615790367126465
Fin; energy prediction...time: 10.322797298431396
Egy stat [15.860651, 20.103132, 17.697477, 0.6070301]
Start for  9_5_2 [17/105]
Fin;generate all combinations 240240 ...time: 0.6180098056793213
Fin; energy prediction...time: 29.894838094711304
Egy stat [14.137526, 17.854864, 15.716462, 0.56576705]
Start for  9_4_3 [18/105]
Fin;generate all combinations 400400 ...time: 1.2030484676361084
Fin; energy prediction...time: 50.20506310462952
Egy stat [12.097561, 15.362299, 13.682112, 0.49773464]
Start for  9_3_4 [19/105]
Fin;generate all combinations 400400 ...time: 1.50276517868042
Fin; energy prediction...time: 50.576659202575684
Egy stat [10.320135, 13.201942, 11.546255, 0.41094175]
Start for  9_2_5 [20/105]
Fin;generate all combinations 240240 ...time: 0.38626980781555176
Fin; energy prediction...time: 31.38109588623047
Egy stat [8.107748, 10.5335865, 9.272796, 0.323468]
Start for  9_1_6 [21/105]
Fin;generate all combinations 80080 ...time: 0.15162897109985352
Fin; energy prediction...time: 10.502629518508911
Egy stat [5.820326, 7.8949013, 6.8368173, 0.27158704]
Start for  8_7_1 [22/105]
Fin;generate all combinations 102960 ...time: 0.31702756881713867
Fin; energy prediction...time: 13.395943880081177
Egy stat [15.266985, 20.673056, 17.456106, 0.63306135]
Start for  8_6_2 [23/105]
Fin;generate all combinations 360360 ...time: 1.2551426887512207
Fin; energy prediction...time: 45.21587538719177
Egy stat [13.559416, 18.336946, 15.571516, 0.61406225]
Start for  8_5_3 [24/105]
Fin;generate all combinations 720720 ...time: 1.982314109802246
Fin; energy prediction...time: 91.67017078399658
Egy stat [11.884151, 15.869663, 13.639839, 0.5681785]
Start for  8_4_4 [25/105]
Fin;generate all combinations 900900 ...time: 2.8798563480377197
Fin; energy prediction...time: 112.79636645317078
Egy stat [9.88316, 13.686773, 11.6107855, 0.50137466]
Start for  8_3_5 [26/105]
Fin;generate all combinations 720720 ...time: 5.176955461502075
Fin; energy prediction...time: 91.2028820514679
Egy stat [8.119806, 11.088242, 9.446037, 0.42370856]
Start for  8_2_6 [27/105]
Fin;generate all combinations 360360 ...time: 2.281193256378174
Fin; energy prediction...time: 45.06917643547058
Egy stat [5.851431, 8.487415, 7.11843, 0.34979]
Start for  8_1_7 [28/105]
Fin;generate all combinations 102960 ...time: 0.8845207691192627
Fin; energy prediction...time: 13.476056814193726
Egy stat [3.482627, 5.84025, 4.6108756, 0.3066406]
Start for  7_8_1 [29/105]
Fin;generate all combinations 102960 ...time: 0.5524551868438721
Fin; energy prediction...time: 13.550068855285645
Egy stat [14.38471, 21.26666, 17.15502, 0.63474256]
Start for  7_7_2 [30/105]
Fin;generate all combinations 411840 ...time: 1.7405829429626465
Fin; energy prediction...time: 51.02838206291199
Egy stat [12.959919, 18.937696, 15.358903, 0.63768905]
Start for  7_6_3 [31/105]
Fin;generate all combinations 960960 ...time: 3.0633535385131836
Fin; energy prediction...time: 121.86634492874146
Egy stat [11.326704, 16.395845, 13.52286, 0.61441743]
Start for  7_5_4 [32/105]
Fin;generate all combinations 1441440 ...time: 5.008130311965942
Fin; energy prediction...time: 177.5293788909912
Egy stat [9.720707, 14.221577, 11.594528, 0.57007396]
Start for  7_4_5 [33/105]
Fin;generate all combinations 1441440 ...time: 6.638264417648315
Fin; energy prediction...time: 183.51843285560608
Egy stat [7.7438927, 11.676376, 9.533455, 0.51110804]
Start for  7_3_6 [34/105]
Fin;generate all combinations 960960 ...time: 5.290228605270386
Fin; energy prediction...time: 122.7889678478241
Egy stat [5.9083424, 9.096636, 7.310375, 0.4434424]
Start for  7_2_7 [35/105]
Fin;generate all combinations 411840 ...time: 0.7451648712158203
Fin; energy prediction...time: 52.76793813705444
Egy stat [3.571619, 6.469845, 4.9061713, 0.37657952]
Start for  7_1_8 [36/105]
Fin;generate all combinations 102960 ...time: 0.7694766521453857
Fin; energy prediction...time: 13.847666025161743
Egy stat [1.1209717, 3.9434385, 2.3106067, 0.33130303]
Start for  6_9_1 [37/105]
Fin;generate all combinations 80080 ...time: 0.15910911560058594
Fin; energy prediction...time: 10.613080501556396
Egy stat [14.685701, 19.887535, 16.800262, 0.6128849]
Start for  6_8_2 [38/105]
Fin;generate all combinations 360360 ...time: 1.1688690185546875
Fin; energy prediction...time: 46.224506855010986
Egy stat [12.110075, 19.120571, 15.084341, 0.6371328]
Start for  6_7_3 [39/105]
Fin;generate all combinations 960960 ...time: 4.643609046936035
Fin; energy prediction...time: 120.76248836517334
Egy stat [10.718784, 16.887758, 13.336647, 0.6362959]
Start for  6_6_4 [40/105]
Fin;generate all combinations 1681680 ...time: 7.572389364242554
Fin; energy prediction...time: 207.8480043411255
Egy stat [9.187798, 14.822102, 11.502677, 0.6153297]
Start for  6_5_5 [41/105]
Fin;generate all combinations 2018016 ...time: 6.0634026527404785
Fin; energy prediction...time: 262.3929588794708
Egy stat [7.67449, 12.178137, 9.539869, 0.5786405]
Start for  6_4_6 [42/105]
Fin;generate all combinations 1681680 ...time: 8.46293330192566
Fin; energy prediction...time: 215.28307151794434
Egy stat [5.637682, 9.75732, 7.416917, 0.52788216]
Start for  6_3_7 [43/105]
Fin;generate all combinations 960960 ...time: 5.731192350387573
Fin; energy prediction...time: 119.7066478729248
Egy stat [3.6110516, 7.146797, 5.112765, 0.46472934]
Start for  6_2_8 [44/105]
Fin;generate all combinations 360360 ...time: 0.7618989944458008
Fin; energy prediction...time: 47.93758511543274
Egy stat [1.1818695, 4.60637, 2.6154246, 0.39581212]
Start for  6_1_9 [45/105]
Fin;generate all combinations 80080 ...time: 0.21612143516540527
Fin; energy prediction...time: 11.30140995979309
Egy stat [-1.1233549, 1.1638756, -0.079452686, 0.33989465]
Start for  5_10_1 [46/105]
Fin;generate all combinations 48048 ...time: 0.10660719871520996
Fin; energy prediction...time: 7.008131265640259
Egy stat [14.649412, 18.686985, 16.397413, 0.5683612]
Start for  5_9_2 [47/105]
Fin;generate all combinations 240240 ...time: 0.743433952331543
Fin; energy prediction...time: 32.10412931442261
Egy stat [12.40255, 17.788431, 14.753011, 0.6130655]
Start for  5_8_3 [48/105]
Fin;generate all combinations 720720 ...time: 2.959169864654541
Fin; energy prediction...time: 89.79412817955017
Egy stat [9.926371, 16.940294, 13.086062, 0.6341188]
Start for  5_7_4 [49/105]
Fin;generate all combinations 1441440 ...time: 6.049190998077393
Fin; energy prediction...time: 180.09749555587769
Egy stat [8.564751, 14.766541, 11.339858, 0.6367558]
Start for  5_6_5 [50/105]
Fin;generate all combinations 2018016 ...time: 7.103264093399048
Fin; energy prediction...time: 267.87907552719116
Egy stat [7.2049713, 12.707054, 9.469649, 0.6240184]
Start for  5_5_6 [51/105]
Fin;generate all combinations 2018016 ...time: 7.148786306381226
Fin; energy prediction...time: 253.22194385528564
Egy stat [5.4481287, 10.239435, 7.44207, 0.5948605]
Start for  5_4_7 [52/105]
Fin;generate all combinations 1441440 ...time: 6.111497402191162
Fin; energy prediction...time: 180.24472665786743
Egy stat [3.3105164, 7.8711224, 5.234162, 0.5469858]
Start for  5_3_8 [53/105]
Fin;generate all combinations 720720 ...time: 4.683426856994629
Fin; energy prediction...time: 92.42804479598999
Egy stat [1.1983461, 5.2872505, 2.8322368, 0.48047084]
Start for  5_2_9 [54/105]
Fin;generate all combinations 240240 ...time: 0.513695478439331
Fin; energy prediction...time: 31.967706441879272
Egy stat [-1.1379375, 1.7646513, 0.23051527, 0.40165263]
Start for  5_1_10 [55/105]
Fin;generate all combinations 48048 ...time: 0.13318967819213867
Fin; energy prediction...time: 6.772855520248413
Egy stat [-3.6264558, -1.648963, -2.5704281, 0.32959127]
Start for  4_11_1 [56/105]
Fin;generate all combinations 21840 ...time: 0.05527663230895996
Fin; energy prediction...time: 3.4838109016418457
Egy stat [14.676672, 17.52541, 15.951717, 0.50213647]
Start for  4_10_2 [57/105]
Fin;generate all combinations 120120 ...time: 0.21077895164489746
Fin; energy prediction...time: 15.222557306289673
Egy stat [12.444977, 16.596642, 14.369639, 0.56633437]
Start for  4_9_3 [58/105]
Fin;generate all combinations 400400 ...time: 1.6317188739776611
Fin; energy prediction...time: 49.737388610839844
Egy stat [10.308105, 15.6723175, 12.775427, 0.6084759]
Start for  4_8_4 [59/105]
Fin;generate all combinations 900900 ...time: 3.252668857574463
Fin; energy prediction...time: 112.37465071678162
Egy stat [7.793644, 14.877573, 11.110104, 0.6345905]
Start for  4_7_5 [60/105]
Fin;generate all combinations 1441440 ...time: 5.835623264312744
Fin; energy prediction...time: 178.57044625282288
Egy stat [6.6613693, 12.666565, 9.326615, 0.6466651]
Start for  4_6_6 [61/105]
Fin;generate all combinations 1681680 ...time: 8.044899463653564
Fin; energy prediction...time: 213.04479026794434
Egy stat [5.009163, 10.673216, 7.3894153, 0.6415241]
Start for  4_5_7 [62/105]
Fin;generate all combinations 1441440 ...time: 5.321059703826904
Fin; energy prediction...time: 181.68726515769958
Egy stat [3.134265, 8.285688, 5.273628, 0.614323]
Start for  4_4_8 [63/105]
Fin;generate all combinations 900900 ...time: 4.092853546142578
Fin; energy prediction...time: 113.6175274848938
Egy stat [0.86620045, 6.0491104, 2.9638562, 0.5619214]
Start for  4_3_9 [64/105]
Fin;generate all combinations 400400 ...time: 0.7999589443206787
Fin; energy prediction...time: 55.98836588859558
Egy stat [-1.1452665, 2.4222155, 0.45290193, 0.48517218]
Start for  4_2_10 [65/105]
Fin;generate all combinations 120120 ...time: 0.26914501190185547
Fin; energy prediction...time: 16.102731466293335
Egy stat [-3.5998015, -1.041522, -2.2597387, 0.3912672]
Start for  4_1_11 [66/105]
Fin;generate all combinations 21840 ...time: 0.06797337532043457
Fin; energy prediction...time: 3.6478042602539062
Egy stat [-6.0249166, -4.3404255, -5.169486, 0.29995537]
Start for  3_12_1 [67/105]
Fin;generate all combinations 7280 ...time: 0.02024674415588379
Fin; energy prediction...time: 1.6172070503234863
Egy stat [14.478363, 16.521353, 15.468158, 0.41530836]
Start for  3_11_2 [68/105]
Fin;generate all combinations 43680 ...time: 0.08242964744567871
Fin; energy prediction...time: 6.572644472122192
Egy stat [12.539532, 15.65233, 13.938652, 0.498033]
Start for  3_10_3 [69/105]
Fin;generate all combinations 160160 ...time: 0.5820066928863525
Fin; energy prediction...time: 20.94065284729004
Egy stat [10.360638, 14.66815, 12.40865, 0.560234]
Start for  3_9_4 [70/105]
Fin;generate all combinations 400400 ...time: 1.4953994750976562
Fin; energy prediction...time: 51.07695960998535
Egy stat [8.253513, 13.982517, 10.81692, 0.60950136]
Start for  3_8_5 [71/105]
Fin;generate all combinations 720720 ...time: 3.3123183250427246
Fin; energy prediction...time: 90.40286159515381
Egy stat [5.995075, 12.970867, 9.113982, 0.6468757]
Start for  3_7_6 [72/105]
Fin;generate all combinations 960960 ...time: 5.634978771209717
Fin; energy prediction...time: 119.21800422668457
Egy stat [4.485553, 10.896826, 7.261993, 0.66715896]
Start for  3_6_7 [73/105]
Fin;generate all combinations 960960 ...time: 4.861676216125488
Fin; energy prediction...time: 121.51743936538696
Egy stat [2.9432564, 8.608627, 5.233996, 0.66348505]
Start for  3_5_8 [74/105]
Fin;generate all combinations 720720 ...time: 3.633248805999756
Fin; energy prediction...time: 92.20096254348755
Egy stat [0.67912674, 6.439787, 3.0128427, 0.6307887]
Start for  3_4_9 [75/105]
Fin;generate all combinations 400400 ...time: 2.426626682281494
Fin; energy prediction...time: 52.22925329208374
Egy stat [-1.4243479, 3.105688, 0.5898799, 0.56748587]
Start for  3_3_10 [76/105]
Fin;generate all combinations 160160 ...time: 0.3442525863647461
Fin; energy prediction...time: 21.67731261253357
Egy stat [-3.5928607, -0.44845963, -2.0364964, 0.47616434]
Start for  3_2_11 [77/105]
Fin;generate all combinations 43680 ...time: 0.11052584648132324
Fin; energy prediction...time: 6.479995489120483
Egy stat [-5.935509, -3.7910624, -4.8624144, 0.3647164]
Start for  3_1_12 [78/105]
Fin;generate all combinations 7280 ...time: 0.022931814193725586
Fin; energy prediction...time: 1.6649889945983887
Egy stat [-8.59785, -6.980406, -7.8801723, 0.252492]
Start for  2_13_1 [79/105]
Fin;generate all combinations 1680 ...time: 0.006372213363647461
Fin; energy prediction...time: 0.8808202743530273
Egy stat [14.334642, 15.526432, 14.951472, 0.30919075]
Start for  2_12_2 [80/105]
Fin;generate all combinations 10920 ...time: 0.022831439971923828
Fin; energy prediction...time: 2.0928759574890137
Egy stat [12.350924, 14.677721, 13.464229, 0.4097242]
Start for  2_11_3 [81/105]
Fin;generate all combinations 43680 ...time: 0.14553189277648926
Fin; energy prediction...time: 6.38799262046814
Egy stat [10.456381, 13.800528, 11.989335, 0.4906736]
Start for  2_10_4 [82/105]
Fin;generate all combinations 120120 ...time: 0.531684398651123
Fin; energy prediction...time: 15.741167306900024
Egy stat [8.481054, 13.20113, 10.4634075, 0.56263447]
Start for  2_9_5 [83/105]
Fin;generate all combinations 240240 ...time: 0.913607120513916
Fin; energy prediction...time: 31.183345794677734
Egy stat [6.430313, 12.045395, 8.83449, 0.62562263]
Start for  2_8_6 [84/105]
Fin;generate all combinations 360360 ...time: 1.6098413467407227
Fin; energy prediction...time: 45.92768430709839
Egy stat [4.0380077, 11.3570595, 7.06227, 0.6722257]
Start for  2_7_7 [85/105]
Fin;generate all combinations 411840 ...time: 1.8155601024627686
Fin; energy prediction...time: 51.886412620544434
Egy stat [2.4278479, 9.035091, 5.1175694, 0.6937127]
Start for  2_6_8 [86/105]
Fin;generate all combinations 360360 ...time: 1.236081600189209
Fin; energy prediction...time: 46.656611919403076
Egy stat [0.52400017, 6.9171658, 2.9813304, 0.68364]
Start for  2_5_9 [87/105]
Fin;generate all combinations 240240 ...time: 0.46987271308898926
Fin; energy prediction...time: 32.54431748390198
Egy stat [-1.5044031, 3.4732685, 0.6433607, 0.63915026]
Start for  2_4_10 [88/105]
Fin;generate all combinations 120120 ...time: 0.2460486888885498
Fin; energy prediction...time: 16.135514497756958
Egy stat [-3.8207626, 0.18553352, -1.8991063, 0.5610955]
Start for  2_3_11 [89/105]
Fin;generate all combinations 43680 ...time: 0.09990501403808594
Fin; energy prediction...time: 6.267101764678955
Egy stat [-5.869327, -3.2158709, -4.642955, 0.45372173]
Start for  2_2_12 [90/105]
Fin;generate all combinations 10920 ...time: 0.027100563049316406
Fin; energy prediction...time: 2.190626859664917
Egy stat [-8.421406, -6.466646, -7.580823, 0.32476765]
Start for  2_1_13 [91/105]
Fin;generate all combinations 1680 ...time: 0.005307435989379883
Fin; energy prediction...time: 0.8984277248382568
Egy stat [-11.109984, -10.196116, -10.702704, 0.19021982]
Start for  1_14_1 [92/105]
Fin;generate all combinations 240 ...time: 0.0016357898712158203
Fin; energy prediction...time: 0.7039644718170166
Egy stat [14.05785, 14.633495, 14.406083, 0.18570554]
Start for  1_13_2 [93/105]
Fin;generate all combinations 1680 ...time: 0.003996610641479492
Fin; energy prediction...time: 0.9551777839660645
Egy stat [12.328804, 13.591572, 12.950333, 0.30422324]
Start for  1_12_3 [94/105]
Fin;generate all combinations 7280 ...time: 0.017369508743286133
Fin; energy prediction...time: 1.6719224452972412
Egy stat [10.492533, 12.814917, 11.520868, 0.40195373]
Start for  1_11_4 [95/105]
Fin;generate all combinations 21840 ...time: 0.09708070755004883
Fin; energy prediction...time: 3.5516035556793213
Egy stat [8.6417675, 11.992441, 10.052381, 0.49594456]
Start for  1_10_5 [96/105]
Fin;generate all combinations 48048 ...time: 0.16770386695861816
Fin; energy prediction...time: 6.656149625778198
Egy stat [6.55735, 11.218664, 8.490461, 0.5847152]
Start for  1_9_6 [97/105]
Fin;generate all combinations 80080 ...time: 0.27942800521850586
Fin; energy prediction...time: 10.793055534362793
Egy stat [4.464946, 10.398258, 6.792232, 0.6581635]
Start for  1_8_7 [98/105]
Fin;generate all combinations 102960 ...time: 0.49660730361938477
Fin; energy prediction...time: 13.756349086761475
Egy stat [2.1883736, 9.538435, 4.926104, 0.7056997]
Start for  1_7_8 [99/105]
Fin;generate all combinations 102960 ...time: 0.4259500503540039
Fin; energy prediction...time: 13.84848403930664
Egy stat [0.55004215, 7.3984146, 2.8709345, 0.7197814]
Start for  1_6_9 [100/105]
Fin;generate all combinations 80080 ...time: 0.36844754219055176
Fin; energy prediction...time: 10.715956449508667
Egy stat [-1.3306971, 3.8868904, 0.6148332, 0.69677067]
Start for  1_5_10 [101/105]
Fin;generate all combinations 48048 ...time: 0.23249292373657227
Fin; energy prediction...time: 6.893819093704224
Egy stat [-3.6262302, 0.5085335, -1.8462455, 0.63675284]
Start for  1_4_11 [102/105]
Fin;generate all combinations 21840 ...time: 0.13695144653320312
Fin; energy prediction...time: 3.5579299926757812
Egy stat [-6.044884, -2.624179, -4.51003, 0.5429341]
Start for  1_3_12 [103/105]
Fin;generate all combinations 7280 ...time: 0.017348527908325195
Fin; energy prediction...time: 1.782057285308838
Egy stat [-8.352327, -5.9339423, -7.369556, 0.42077127]
Start for  1_2_13 [104/105]
Fin;generate all combinations 1680 ...time: 0.004399299621582031
Fin; energy prediction...time: 0.909231424331665
Egy stat [-10.94706, -9.721793, -10.414814, 0.27690253]
Start for  1_1_14 [105/105]
Fin;generate all combinations 240 ...time: 0.0012786388397216797
Fin; energy prediction...time: 0.6991488933563232
Egy stat [-13.823039, -13.373335, -13.634231, 0.11710918]
Saving....
Saved to... Rb_CdHgSn_I.pkl
Total elapsed time... 5684.025604009628
