Summary of calculations
Site name (A,B,C)... Rb Cd,Pb,Zn I
Base cif file name... ../0.cif
Save file name... Rb_CdPbZn_I.pkl
Fin; combination with repetition...time: 0.0016438961029052734
Start for  14_1_1 [1/105]
Fin;generate all combinations 240 ...time: 0.0006351470947265625
Fin; energy prediction...time: 0.19668793678283691
Egy stat [23.713814, 24.332264, 24.028708, 0.1558035]
Start for  13_2_1 [2/105]
Fin;generate all combinations 1680 ...time: 0.0035877227783203125
Fin; energy prediction...time: 0.373227596282959
Egy stat [22.611263, 23.933105, 23.25581, 0.2647903]
Start for  13_1_2 [3/105]
Fin;generate all combinations 1680 ...time: 0.0037887096405029297
Fin; energy prediction...time: 0.4141724109649658
Egy stat [28.00581, 29.51625, 28.85093, 0.25017187]
Start for  12_3_1 [4/105]
Fin;generate all combinations 7280 ...time: 0.011832952499389648
Fin; energy prediction...time: 1.1425292491912842
Egy stat [21.509384, 23.576595, 22.430555, 0.35217986]
Start for  12_2_2 [5/105]
Fin;generate all combinations 10920 ...time: 0.01674056053161621
Fin; energy prediction...time: 1.5447208881378174
Egy stat [26.878983, 29.357605, 28.135353, 0.34242582]
Start for  12_1_3 [6/105]
Fin;generate all combinations 7280 ...time: 0.05169034004211426
Fin; energy prediction...time: 1.1337611675262451
Egy stat [32.65402, 34.440884, 33.579422, 0.3158869]
Start for  11_4_1 [7/105]
Fin;generate all combinations 21840 ...time: 0.0870814323425293
Fin; energy prediction...time: 3.055272102355957
Egy stat [20.031517, 23.311218, 21.535872, 0.42821345]
Start for  11_3_2 [8/105]
Fin;generate all combinations 43680 ...time: 0.12487411499023438
Fin; energy prediction...time: 5.709582567214966
Egy stat [25.889362, 29.01841, 27.363596, 0.42661005]
Start for  11_2_3 [9/105]
Fin;generate all combinations 43680 ...time: 0.19644379615783691
Fin; energy prediction...time: 5.839261531829834
Egy stat [31.539558, 34.321217, 32.920258, 0.40098745]
Start for  11_1_4 [10/105]
Fin;generate all combinations 21840 ...time: 0.04086017608642578
Fin; energy prediction...time: 2.9565587043762207
Egy stat [37.12001, 39.50679, 38.225582, 0.35057232]
Start for  10_5_1 [11/105]
Fin;generate all combinations 48048 ...time: 0.19079923629760742
Fin; energy prediction...time: 6.1410744190216064
Egy stat [18.636135, 22.119816, 20.55972, 0.4963986]
Start for  10_4_2 [12/105]
Fin;generate all combinations 120120 ...time: 0.38576340675354004
Fin; energy prediction...time: 14.790382862091064
Egy stat [24.660519, 28.8177, 26.520311, 0.50401807]
Start for  10_3_3 [13/105]
Fin;generate all combinations 160160 ...time: 0.6273982524871826
Fin; energy prediction...time: 19.668588876724243
Egy stat [30.470974, 33.88148, 32.199455, 0.4836935]
Start for  10_2_4 [14/105]
Fin;generate all combinations 120120 ...time: 0.3726065158843994
Fin; energy prediction...time: 14.830130577087402
Egy stat [36.062935, 39.566433, 37.621746, 0.43430957]
Start for  10_1_5 [15/105]
Fin;generate all combinations 48048 ...time: 0.09330010414123535
Fin; energy prediction...time: 6.296724557876587
Egy stat [41.684956, 44.038177, 42.801434, 0.3600565]
Start for  9_6_1 [16/105]
Fin;generate all combinations 80080 ...time: 0.2596900463104248
Fin; energy prediction...time: 10.15706992149353
Egy stat [16.998514, 21.210884, 19.494154, 0.55653095]
Start for  9_5_2 [17/105]
Fin;generate all combinations 240240 ...time: 0.6426165103912354
Fin; energy prediction...time: 29.03926968574524
Egy stat [23.27895, 27.817146, 25.595238, 0.5760463]
Start for  9_4_3 [18/105]
Fin;generate all combinations 400400 ...time: 1.2394073009490967
Fin; energy prediction...time: 48.717249631881714
Egy stat [29.279903, 33.6672, 31.403397, 0.56251377]
Start for  9_3_4 [19/105]
Fin;generate all combinations 400400 ...time: 1.8938860893249512
Fin; energy prediction...time: 49.393906354904175
Egy stat [35.100746, 39.108326, 36.94932, 0.5179675]
Start for  9_2_5 [20/105]
Fin;generate all combinations 240240 ...time: 0.9511981010437012
Fin; energy prediction...time: 29.788392066955566
Egy stat [40.52809, 44.149876, 42.251648, 0.44638327]
Start for  9_1_6 [21/105]
Fin;generate all combinations 80080 ...time: 0.16501927375793457
Fin; energy prediction...time: 10.319202661514282
Egy stat [46.12904, 48.667675, 47.319023, 0.35169032]
Start for  8_7_1 [22/105]
Fin;generate all combinations 102960 ...time: 0.42589235305786133
Fin; energy prediction...time: 12.97354006767273
Egy stat [15.149416, 20.52349, 18.3343, 0.6069383]
Start for  8_6_2 [23/105]
Fin;generate all combinations 360360 ...time: 1.130873680114746
Fin; energy prediction...time: 44.28339862823486
Egy stat [21.704739, 27.104954, 24.582275, 0.64221954]
Start for  8_5_3 [24/105]
Fin;generate all combinations 720720 ...time: 1.964606761932373
Fin; energy prediction...time: 87.39990282058716
Egy stat [27.91787, 32.788258, 30.523643, 0.63774425]
Start for  8_4_4 [25/105]
Fin;generate all combinations 900900 ...time: 3.5320990085601807
Fin; energy prediction...time: 109.4179093837738
Egy stat [33.79028, 38.962543, 36.196476, 0.599027]
Start for  8_3_5 [26/105]
Fin;generate all combinations 720720 ...time: 4.064161777496338
Fin; energy prediction...time: 87.59292244911194
Egy stat [39.663574, 43.87113, 41.62505, 0.5330955]
Start for  8_2_6 [27/105]
Fin;generate all combinations 360360 ...time: 1.772933006286621
Fin; energy prediction...time: 44.92708420753479
Egy stat [44.94912, 48.83268, 46.82193, 0.44381487]
Start for  8_1_7 [28/105]
Fin;generate all combinations 102960 ...time: 0.21384239196777344
Fin; energy prediction...time: 12.993248224258423
Egy stat [50.64027, 53.158936, 51.789917, 0.33295843]
Start for  7_8_1 [29/105]
Fin;generate all combinations 102960 ...time: 0.1867213249206543
Fin; energy prediction...time: 13.185201406478882
Egy stat [13.053377, 19.968584, 17.077251, 0.6455973]
Start for  7_7_2 [30/105]
Fin;generate all combinations 411840 ...time: 1.5971260070800781
Fin; energy prediction...time: 50.80741763114929
Egy stat [19.89766, 26.369015, 23.478476, 0.70116144]
Start for  7_6_3 [31/105]
Fin;generate all combinations 960960 ...time: 3.181561231613159
Fin; energy prediction...time: 116.45843362808228
Egy stat [26.325115, 32.38528, 29.555931, 0.70873874]
Start for  7_5_4 [32/105]
Fin;generate all combinations 1441440 ...time: 5.026670455932617
Fin; energy prediction...time: 175.6640510559082
Egy stat [32.44343, 38.17664, 35.356556, 0.6772733]
Start for  7_4_5 [33/105]
Fin;generate all combinations 1441440 ...time: 4.651880741119385
Fin; energy prediction...time: 179.03481078147888
Egy stat [38.391838, 43.810104, 40.911568, 0.6172474]
Start for  7_3_6 [34/105]
Fin;generate all combinations 960960 ...time: 8.057947158813477
Fin; energy prediction...time: 119.40593886375427
Egy stat [44.081364, 48.73174, 46.238663, 0.5353537]
Start for  7_2_7 [35/105]
Fin;generate all combinations 411840 ...time: 0.7699587345123291
Fin; energy prediction...time: 52.33764290809631
Egy stat [49.493435, 53.281364, 51.344093, 0.43352342]
Start for  7_1_8 [36/105]
Fin;generate all combinations 102960 ...time: 0.2263171672821045
Fin; energy prediction...time: 13.345552206039429
Egy stat [55.146233, 57.731216, 56.224655, 0.3106013]
Start for  6_9_1 [37/105]
Fin;generate all combinations 80080 ...time: 0.1572272777557373
Fin; energy prediction...time: 10.478123664855957
Egy stat [12.182863, 18.340172, 15.720985, 0.6704296]
Start for  6_8_2 [38/105]
Fin;generate all combinations 360360 ...time: 1.3704309463500977
Fin; energy prediction...time: 43.94105505943298
Egy stat [17.87407, 25.768372, 22.282953, 0.7513105]
Start for  6_7_3 [39/105]
Fin;generate all combinations 960960 ...time: 3.429030418395996
Fin; energy prediction...time: 116.9050452709198
Egy stat [24.543453, 31.675442, 28.499222, 0.7743231]
Start for  6_6_4 [40/105]
Fin;generate all combinations 1681680 ...time: 7.281313896179199
Fin; energy prediction...time: 201.2648468017578
Egy stat [30.824444, 37.795536, 34.42717, 0.7520291]
Start for  6_5_5 [41/105]
Fin;generate all combinations 2018016 ...time: 10.624934911727905
Fin; energy prediction...time: 244.86469101905823
Egy stat [37.173862, 43.066216, 40.10634, 0.6984429]
Start for  6_4_6 [42/105]
Fin;generate all combinations 1681680 ...time: 10.126161336898804
Fin; energy prediction...time: 204.0619523525238
Egy stat [42.95148, 48.75521, 45.560936, 0.62332]
Start for  6_3_7 [43/105]
Fin;generate all combinations 960960 ...time: 5.7970290184021
Fin; energy prediction...time: 117.84844160079956
Egy stat [48.561783, 53.273254, 50.801815, 0.53119487]
Start for  6_2_8 [44/105]
Fin;generate all combinations 360360 ...time: 0.7443006038665771
Fin; energy prediction...time: 47.570284605026245
Egy stat [53.98964, 57.821007, 55.828777, 0.42138237]
Start for  6_1_9 [45/105]
Fin;generate all combinations 80080 ...time: 0.21776247024536133
Fin; energy prediction...time: 11.332324743270874
Egy stat [59.617607, 61.947357, 60.632263, 0.28961265]
Start for  5_10_1 [46/105]
Fin;generate all combinations 48048 ...time: 0.1076819896697998
Fin; energy prediction...time: 7.14814019203186
Egy stat [11.256086, 16.75736, 14.263219, 0.6791498]
Start for  5_9_2 [47/105]
Fin;generate all combinations 240240 ...time: 0.6337859630584717
Fin; energy prediction...time: 30.092994213104248
Egy stat [16.970688, 24.335423, 20.995804, 0.7911174]
Start for  5_8_3 [48/105]
Fin;generate all combinations 720720 ...time: 3.2984542846679688
Fin; energy prediction...time: 88.19911193847656
Egy stat [22.569878, 31.046558, 27.354664, 0.8332531]
Start for  5_7_4 [49/105]
Fin;generate all combinations 1441440 ...time: 6.082212209701538
Fin; energy prediction...time: 177.88474464416504
Egy stat [29.13971, 37.061947, 33.409134, 0.82229924]
Start for  5_6_5 [50/105]
Fin;generate all combinations 2018016 ...time: 6.0470170974731445
Fin; energy prediction...time: 249.01476979255676
Egy stat [35.546806, 42.51465, 39.208782, 0.77609557]
Start for  5_5_6 [51/105]
Fin;generate all combinations 2018016 ...time: 7.150033473968506
Fin; energy prediction...time: 249.25400590896606
Egy stat [41.781136, 48.0459, 44.785625, 0.70740974]
Start for  5_4_7 [52/105]
Fin;generate all combinations 1441440 ...time: 2.5443687438964844
Fin; energy prediction...time: 178.7184910774231
Egy stat [47.50296, 53.38447, 50.15653, 0.62340283]
Start for  5_3_8 [53/105]
Fin;generate all combinations 720720 ...time: 3.79592227935791
Fin; energy prediction...time: 88.13372921943665
Egy stat [53.122646, 57.89261, 55.32538, 0.52578753]
Start for  5_2_9 [54/105]
Fin;generate all combinations 240240 ...time: 1.6130714416503906
Fin; energy prediction...time: 31.530953407287598
Egy stat [58.578888, 62.1894, 60.285213, 0.41108242]
Start for  5_1_10 [55/105]
Fin;generate all combinations 48048 ...time: 0.13494873046875
Fin; energy prediction...time: 6.759698390960693
Egy stat [64.15502, 66.27998, 65.02, 0.2721765]
Start for  4_11_1 [56/105]
Fin;generate all combinations 21840 ...time: 0.05423760414123535
Fin; energy prediction...time: 3.5217957496643066
Egy stat [10.249258, 14.858187, 12.700395, 0.6689303]
Start for  4_10_2 [57/105]
Fin;generate all combinations 120120 ...time: 0.3354027271270752
Fin; energy prediction...time: 15.462311506271362
Egy stat [15.963884, 23.015457, 19.616972, 0.8189468]
Start for  4_9_3 [58/105]
Fin;generate all combinations 400400 ...time: 1.728104591369629
Fin; energy prediction...time: 49.24252462387085
Egy stat [21.82808, 29.545273, 26.12446, 0.88433546]
Start for  4_8_4 [59/105]
Fin;generate all combinations 900900 ...time: 3.3595941066741943
Fin; energy prediction...time: 110.26073908805847
Egy stat [27.183247, 36.463158, 32.305588, 0.88705665]
Start for  4_7_5 [60/105]
Fin;generate all combinations 1441440 ...time: 6.15803337097168
Fin; energy prediction...time: 175.47732830047607
Egy stat [33.848637, 41.617893, 38.22159, 0.84940094]
Start for  4_6_6 [61/105]
Fin;generate all combinations 1681680 ...time: 5.510591745376587
Fin; energy prediction...time: 203.0939769744873
Egy stat [40.152866, 47.423065, 43.91393, 0.78726375]
Start for  4_5_7 [62/105]
Fin;generate all combinations 1441440 ...time: 8.233884334564209
Fin; energy prediction...time: 177.5094118118286
Egy stat [46.32552, 52.735134, 49.4068, 0.71021813]
Start for  4_4_8 [63/105]
Fin;generate all combinations 900900 ...time: 4.272854566574097
Fin; energy prediction...time: 115.89803075790405
Egy stat [51.95806, 58.089783, 54.709564, 0.62221324]
Start for  4_3_9 [64/105]
Fin;generate all combinations 400400 ...time: 0.7787983417510986
Fin; energy prediction...time: 50.06130409240723
Egy stat [57.70117, 62.290237, 59.81894, 0.52198154]
Start for  4_2_10 [65/105]
Fin;generate all combinations 120120 ...time: 0.7953414916992188
Fin; energy prediction...time: 16.2038893699646
Egy stat [63.118355, 66.67023, 64.72094, 0.40339607]
Start for  4_1_11 [66/105]
Fin;generate all combinations 21840 ...time: 0.060263872146606445
Fin; energy prediction...time: 3.5643460750579834
Egy stat [68.69071, 70.58108, 69.39303, 0.25707662]
Start for  3_12_1 [67/105]
Fin;generate all combinations 7280 ...time: 0.020075082778930664
Fin; energy prediction...time: 1.7569890022277832
Egy stat [9.014088, 13.051359, 11.026784, 0.6359512]
Start for  3_11_2 [68/105]
Fin;generate all combinations 43680 ...time: 0.08251070976257324
Fin; energy prediction...time: 6.2215375900268555
Egy stat [15.1489105, 21.221336, 18.145208, 0.8329192]
Start for  3_10_3 [69/105]
Fin;generate all combinations 160160 ...time: 0.6021895408630371
Fin; energy prediction...time: 20.600305795669556
Egy stat [21.086647, 28.01965, 24.810808, 0.92636156]
Start for  3_9_4 [70/105]
Fin;generate all combinations 400400 ...time: 1.597844123840332
Fin; energy prediction...time: 50.03288197517395
Egy stat [26.62698, 34.79867, 31.120825, 0.9452993]
Start for  3_8_5 [71/105]
Fin;generate all combinations 720720 ...time: 3.433004856109619
Fin; energy prediction...time: 89.37748050689697
Egy stat [31.99451, 41.06955, 37.14978, 0.91748965]
Start for  3_7_6 [72/105]
Fin;generate all combinations 960960 ...time: 4.549906492233276
Fin; energy prediction...time: 119.81480884552002
Egy stat [38.485382, 46.70033, 42.950333, 0.86231667]
Start for  3_6_7 [73/105]
Fin;generate all combinations 960960 ...time: 3.5253207683563232
Fin; energy prediction...time: 119.4997136592865
Egy stat [44.69917, 52.157055, 48.555546, 0.79166037]
Start for  3_5_8 [74/105]
Fin;generate all combinations 720720 ...time: 4.5500452518463135
Fin; energy prediction...time: 89.18118071556091
Egy stat [50.850197, 57.499214, 53.981598, 0.711361]
Start for  3_4_9 [75/105]
Fin;generate all combinations 400400 ...time: 2.227499485015869
Fin; energy prediction...time: 50.29578733444214
Egy stat [56.582794, 62.473152, 59.230156, 0.62210196]
Start for  3_3_10 [76/105]
Fin;generate all combinations 160160 ...time: 0.33965349197387695
Fin; energy prediction...time: 20.93704080581665
Egy stat [62.284637, 66.88512, 64.290504, 0.51983774]
Start for  3_2_11 [77/105]
Fin;generate all combinations 43680 ...time: 0.10191750526428223
Fin; energy prediction...time: 6.476060628890991
Egy stat [67.8242, 71.078705, 69.14165, 0.39618358]
Start for  3_1_12 [78/105]
Fin;generate all combinations 7280 ...time: 0.022850513458251953
Fin; energy prediction...time: 1.8374073505401611
Egy stat [73.19238, 74.96167, 73.75443, 0.23998195]
Start for  2_13_1 [79/105]
Fin;generate all combinations 1680 ...time: 0.0061337947845458984
Fin; energy prediction...time: 1.0665309429168701
Egy stat [7.965891, 10.630039, 9.233758, 0.57461095]
Start for  2_12_2 [80/105]
Fin;generate all combinations 10920 ...time: 0.06525993347167969
Fin; energy prediction...time: 2.1756958961486816
Egy stat [14.125174, 19.520483, 16.577108, 0.8308118]
Start for  2_11_3 [81/105]
Fin;generate all combinations 43680 ...time: 0.1414480209350586
Fin; energy prediction...time: 6.3001954555511475
Egy stat [20.173286, 26.81707, 23.414827, 0.9580543]
Start for  2_10_4 [82/105]
Fin;generate all combinations 120120 ...time: 0.5794229507446289
Fin; energy prediction...time: 15.705360412597656
Egy stat [26.005062, 33.7438, 29.859266, 0.9960009]
Start for  2_9_5 [83/105]
Fin;generate all combinations 240240 ...time: 0.9831802845001221
Fin; energy prediction...time: 30.054719924926758
Egy stat [31.448013, 39.744167, 35.99971, 0.9794221]
Start for  2_8_6 [84/105]
Fin;generate all combinations 360360 ...time: 2.2109756469726562
Fin; energy prediction...time: 45.33471155166626
Egy stat [36.651573, 46.188873, 41.90174, 0.93183804]
Start for  2_7_7 [85/105]
Fin;generate all combinations 411840 ...time: 1.6187372207641602
Fin; energy prediction...time: 52.04765772819519
Egy stat [43.06474, 51.62828, 47.609013, 0.8674769]
Start for  2_6_8 [86/105]
Fin;generate all combinations 360360 ...time: 1.4398043155670166
Fin; energy prediction...time: 45.320894718170166
Egy stat [49.2521, 57.049805, 53.14602, 0.79376435]
Start for  2_5_9 [87/105]
Fin;generate all combinations 240240 ...time: 0.9611709117889404
Fin; energy prediction...time: 30.751359224319458
Egy stat [55.489944, 61.769073, 58.52071, 0.7129219]
Start for  2_4_10 [88/105]
Fin;generate all combinations 120120 ...time: 0.24842071533203125
Fin; energy prediction...time: 16.249053955078125
Egy stat [61.18258, 67.19803, 63.726864, 0.6227295]
Start for  2_3_11 [89/105]
Fin;generate all combinations 43680 ...time: 0.09858131408691406
Fin; energy prediction...time: 6.524389982223511
Egy stat [66.9563, 71.38012, 68.7463, 0.5168404]
Start for  2_2_12 [90/105]
Fin;generate all combinations 10920 ...time: 0.11876773834228516
Fin; energy prediction...time: 2.2669482231140137
Egy stat [72.425385, 75.54681, 73.550964, 0.38501102]
Start for  2_1_13 [91/105]
Fin;generate all combinations 1680 ...time: 0.005479574203491211
Fin; energy prediction...time: 1.0746800899505615
Egy stat [77.645584, 78.90013, 78.10521, 0.21388799]
Start for  1_14_1 [92/105]
Fin;generate all combinations 240 ...time: 0.0015211105346679688
Fin; energy prediction...time: 0.8543384075164795
Egy stat [6.6026936, 8.2759, 7.3093324, 0.47524172]
Start for  1_13_2 [93/105]
Fin;generate all combinations 1680 ...time: 0.003722667694091797
Fin; energy prediction...time: 1.095430850982666
Egy stat [13.257622, 17.18121, 14.906355, 0.8100697]
Start for  1_12_3 [94/105]
Fin;generate all combinations 7280 ...time: 0.01705002784729004
Fin; energy prediction...time: 1.7717151641845703
Egy stat [19.242626, 25.71885, 21.935564, 0.9781604]
Start for  1_11_4 [95/105]
Fin;generate all combinations 21840 ...time: 0.04679560661315918
Fin; energy prediction...time: 3.6252331733703613
Egy stat [25.234348, 32.81009, 28.524387, 1.0381364]
Start for  1_10_5 [96/105]
Fin;generate all combinations 48048 ...time: 0.23127269744873047
Fin; energy prediction...time: 7.019716024398804
Egy stat [30.985573, 38.571033, 34.777943, 1.03414]
Start for  1_9_6 [97/105]
Fin;generate all combinations 80080 ...time: 0.30648183822631836
Fin; energy prediction...time: 10.846542358398438
Egy stat [36.195644, 44.76846, 40.7764, 0.9948686]
Start for  1_8_7 [98/105]
Fin;generate all combinations 102960 ...time: 0.3651547431945801
Fin; energy prediction...time: 13.518880605697632
Egy stat [41.26336, 51.30271, 46.57585, 0.9371008]
Start for  1_7_8 [99/105]
Fin;generate all combinations 102960 ...time: 0.39137721061706543
Fin; energy prediction...time: 13.793089389801025
Egy stat [47.63404, 56.643196, 52.210728, 0.86956614]
Start for  1_6_9 [100/105]
Fin;generate all combinations 80080 ...time: 0.34914278984069824
Fin; energy prediction...time: 10.809659242630005
Egy stat [54.111122, 61.208885, 57.69671, 0.7955742]
Start for  1_5_10 [101/105]
Fin;generate all combinations 48048 ...time: 0.2559776306152344
Fin; energy prediction...time: 6.910608530044556
Egy stat [60.169373, 66.328, 63.033382, 0.71432203]
Start for  1_4_11 [102/105]
Fin;generate all combinations 21840 ...time: 0.04835176467895508
Fin; energy prediction...time: 3.6406455039978027
Egy stat [65.98534, 71.77132, 68.206604, 0.6213415]
Start for  1_3_12 [103/105]
Fin;generate all combinations 7280 ...time: 0.017362117767333984
Fin; energy prediction...time: 1.791208028793335
Egy stat [71.684845, 75.932274, 73.1907, 0.50850636]
Start for  1_2_13 [104/105]
Fin;generate all combinations 1680 ...time: 0.004801511764526367
Fin; energy prediction...time: 1.0970022678375244
Egy stat [77.11006, 79.18641, 77.95063, 0.3636553]
Start for  1_1_14 [105/105]
Fin;generate all combinations 240 ...time: 0.0010907649993896484
Fin; energy prediction...time: 0.8512585163116455
Egy stat [82.131516, 82.98555, 82.44453, 0.16695143]
Saving....
Saved to... Rb_CdPbZn_I.pkl
Total elapsed time... 5533.905922412872
