Summary of calculations
Site name (A,B,C)... Rb Cd,Ge,Pb Br
Base cif file name... ../0.cif
Save file name... Rb_CdGePb_Br.pkl
Fin; combination with repetition...time: 0.0018107891082763672
Start for  14_1_1 [1/105]
Fin;generate all combinations 240 ...time: 0.0006144046783447266
Fin; energy prediction...time: 0.1996762752532959
Egy stat [-5.988006, -4.8798585, -5.638507, 0.2312176]
Start for  13_2_1 [2/105]
Fin;generate all combinations 1680 ...time: 0.003644227981567383
Fin; energy prediction...time: 0.36791205406188965
Egy stat [-9.954742, -8.678702, -9.3112955, 0.24285157]
Start for  13_1_2 [3/105]
Fin;generate all combinations 1680 ...time: 0.00386810302734375
Fin; energy prediction...time: 0.40116214752197266
Egy stat [-7.9068727, -6.1777534, -6.9811516, 0.36807477]
Start for  12_3_1 [4/105]
Fin;generate all combinations 7280 ...time: 0.012179136276245117
Fin; energy prediction...time: 1.1984295845031738
Egy stat [-13.673224, -12.005927, -12.870982, 0.22526062]
Start for  12_2_2 [5/105]
Fin;generate all combinations 10920 ...time: 0.01738262176513672
Fin; energy prediction...time: 1.7039499282836914
Egy stat [-11.6601305, -9.314028, -10.516691, 0.34313157]
Start for  12_1_3 [6/105]
Fin;generate all combinations 7280 ...time: 0.054016828536987305
Fin; energy prediction...time: 1.0757920742034912
Egy stat [-9.595663, -6.675378, -8.343599, 0.46148995]
Start for  11_4_1 [7/105]
Fin;generate all combinations 21840 ...time: 0.07493233680725098
Fin; energy prediction...time: 3.0421173572540283
Egy stat [-17.039995, -15.671952, -16.374994, 0.24812545]
Start for  11_3_2 [8/105]
Fin;generate all combinations 43680 ...time: 0.12369012832641602
Fin; energy prediction...time: 5.636164903640747
Egy stat [-14.916941, -12.807229, -13.981996, 0.3300331]
Start for  11_2_3 [9/105]
Fin;generate all combinations 43680 ...time: 0.15064144134521484
Fin; energy prediction...time: 5.597323894500732
Egy stat [-13.135197, -10.243851, -11.778867, 0.43301803]
Start for  11_1_4 [10/105]
Fin;generate all combinations 21840 ...time: 0.04085659980773926
Fin; energy prediction...time: 2.9625155925750732
Egy stat [-11.699299, -7.6398973, -9.763238, 0.5334804]
Start for  10_5_1 [11/105]
Fin;generate all combinations 48048 ...time: 0.19791817665100098
Fin; energy prediction...time: 6.28447961807251
Egy stat [-20.831087, -18.762783, -19.872911, 0.32584497]
Start for  10_4_2 [12/105]
Fin;generate all combinations 120120 ...time: 0.4760401248931885
Fin; energy prediction...time: 15.008798122406006
Egy stat [-18.599361, -16.13464, -17.42727, 0.3607075]
Start for  10_3_3 [13/105]
Fin;generate all combinations 160160 ...time: 0.4307854175567627
Fin; energy prediction...time: 20.819968938827515
Egy stat [-16.763954, -13.779581, -15.179977, 0.43198246]
Start for  10_2_4 [14/105]
Fin;generate all combinations 120120 ...time: 0.6566774845123291
Fin; energy prediction...time: 15.136507987976074
Egy stat [-15.196817, -11.250028, -13.128539, 0.51451135]
Start for  10_1_5 [15/105]
Fin;generate all combinations 48048 ...time: 0.0930325984954834
Fin; energy prediction...time: 6.6136674880981445
Egy stat [-13.760286, -9.494642, -11.270682, 0.5940507]
Start for  9_6_1 [16/105]
Fin;generate all combinations 80080 ...time: 0.2418203353881836
Fin; energy prediction...time: 10.326650619506836
Egy stat [-24.522297, -21.790117, -23.405834, 0.41951331]
Start for  9_5_2 [17/105]
Fin;generate all combinations 240240 ...time: 0.6122651100158691
Fin; energy prediction...time: 29.831525325775146
Egy stat [-22.212872, -19.088577, -20.894491, 0.42387244]
Start for  9_4_3 [18/105]
Fin;generate all combinations 400400 ...time: 1.2423779964447021
Fin; energy prediction...time: 48.97427701950073
Egy stat [-20.31378, -16.916985, -18.589687, 0.46336132]
Start for  9_3_4 [19/105]
Fin;generate all combinations 400400 ...time: 1.5393831729888916
Fin; energy prediction...time: 49.37414526939392
Egy stat [-18.719887, -14.711267, -16.488882, 0.5216456]
Start for  9_2_5 [20/105]
Fin;generate all combinations 240240 ...time: 0.39725661277770996
Fin; energy prediction...time: 30.770932912826538
Egy stat [-17.251757, -12.623985, -14.5896435, 0.58484745]
Start for  9_1_6 [21/105]
Fin;generate all combinations 80080 ...time: 0.15960025787353516
Fin; energy prediction...time: 10.331772089004517
Egy stat [-16.011162, -10.590412, -12.889879, 0.6435474]
Start for  8_7_1 [22/105]
Fin;generate all combinations 102960 ...time: 0.4462137222290039
Fin; energy prediction...time: 13.16078805923462
Egy stat [-28.226988, -24.650589, -27.005905, 0.49754834]
Start for  8_6_2 [23/105]
Fin;generate all combinations 360360 ...time: 1.246152639389038
Fin; energy prediction...time: 44.74505567550659
Egy stat [-25.965197, -21.939777, -24.417, 0.4892042]
Start for  8_5_3 [24/105]
Fin;generate all combinations 720720 ...time: 2.2942378520965576
Fin; energy prediction...time: 88.09410905838013
Egy stat [-24.03466, -19.761621, -22.04239, 0.5087443]
Start for  8_4_4 [25/105]
Fin;generate all combinations 900900 ...time: 2.628145217895508
Fin; energy prediction...time: 114.40256094932556
Egy stat [-22.378792, -17.568077, -19.879602, 0.5467273]
Start for  8_3_5 [26/105]
Fin;generate all combinations 720720 ...time: 2.658048152923584
Fin; energy prediction...time: 89.77292847633362
Egy stat [-20.706444, -15.61203, -17.926144, 0.5928791]
Start for  8_2_6 [27/105]
Fin;generate all combinations 360360 ...time: 1.7611944675445557
Fin; energy prediction...time: 44.64539909362793
Egy stat [-19.318293, -13.379538, -16.179726, 0.638659]
Start for  8_1_7 [28/105]
Fin;generate all combinations 102960 ...time: 0.2061784267425537
Fin; energy prediction...time: 13.40519666671753
Egy stat [-18.380503, -11.602368, -14.638456, 0.67751384]
Start for  7_8_1 [29/105]
Fin;generate all combinations 102960 ...time: 0.1849057674407959
Fin; energy prediction...time: 13.058941841125488
Egy stat [-32.260002, -28.089201, -30.69611, 0.5436611]
Start for  7_7_2 [30/105]
Fin;generate all combinations 411840 ...time: 1.606626272201538
Fin; energy prediction...time: 50.343358755111694
Egy stat [-29.648329, -25.348232, -28.019314, 0.5347106]
Start for  7_6_3 [31/105]
Fin;generate all combinations 960960 ...time: 3.3554372787475586
Fin; energy prediction...time: 117.78552675247192
Egy stat [-27.50181, -23.177277, -25.563993, 0.5466146]
Start for  7_5_4 [32/105]
Fin;generate all combinations 1441440 ...time: 6.287145614624023
Fin; energy prediction...time: 178.6849992275238
Egy stat [-25.803303, -21.032248, -23.327858, 0.573132]
Start for  7_4_5 [33/105]
Fin;generate all combinations 1441440 ...time: 5.558474779129028
Fin; energy prediction...time: 179.81202816963196
Egy stat [-24.096004, -18.99709, -21.308456, 0.60700506]
Start for  7_3_6 [34/105]
Fin;generate all combinations 960960 ...time: 4.862989664077759
Fin; energy prediction...time: 121.01984405517578
Egy stat [-22.601551, -16.754251, -19.503408, 0.6415445]
Start for  7_2_7 [35/105]
Fin;generate all combinations 411840 ...time: 0.7611711025238037
Fin; energy prediction...time: 55.626415729522705
Egy stat [-21.613344, -14.9918375, -17.910597, 0.6711055]
Start for  7_1_8 [36/105]
Fin;generate all combinations 102960 ...time: 0.23355889320373535
Fin; energy prediction...time: 13.425215482711792
Egy stat [-21.068798, -13.15877, -16.52835, 0.69092]
Start for  6_9_1 [37/105]
Fin;generate all combinations 80080 ...time: 0.15935683250427246
Fin; energy prediction...time: 10.275025844573975
Egy stat [-35.997986, -32.33931, -34.490387, 0.55125064]
Start for  6_8_2 [38/105]
Fin;generate all combinations 360360 ...time: 1.4100074768066406
Fin; energy prediction...time: 44.80406951904297
Egy stat [-33.389797, -28.718483, -31.71729, 0.5496801]
Start for  6_7_3 [39/105]
Fin;generate all combinations 960960 ...time: 3.301980972290039
Fin; energy prediction...time: 119.44774103164673
Egy stat [-31.152512, -26.563726, -29.172068, 0.56336546]
Start for  6_6_4 [40/105]
Fin;generate all combinations 1681680 ...time: 5.774631023406982
Fin; energy prediction...time: 205.72308135032654
Egy stat [-29.223692, -24.370815, -26.852777, 0.5871182]
Start for  6_5_5 [41/105]
Fin;generate all combinations 2018016 ...time: 9.279919862747192
Fin; energy prediction...time: 245.457200050354
Egy stat [-27.382908, -22.341751, -24.757132, 0.6153719]
Start for  6_4_6 [42/105]
Fin;generate all combinations 1681680 ...time: 12.237909317016602
Fin; energy prediction...time: 212.46377635002136
Egy stat [-26.008518, -20.093225, -22.882767, 0.6430139]
Start for  6_3_7 [43/105]
Fin;generate all combinations 960960 ...time: 5.6316258907318115
Fin; energy prediction...time: 119.20778465270996
Egy stat [-24.903334, -18.342295, -21.227453, 0.66559905]
Start for  6_2_8 [44/105]
Fin;generate all combinations 360360 ...time: 2.7892606258392334
Fin; energy prediction...time: 46.07657480239868
Egy stat [-24.287727, -16.510567, -19.78928, 0.6792223]
Start for  6_1_9 [45/105]
Fin;generate all combinations 80080 ...time: 0.2154679298400879
Fin; energy prediction...time: 10.666774034500122
Egy stat [-22.170387, -15.914524, -18.566702, 0.6802691]
Start for  5_10_1 [46/105]
Fin;generate all combinations 48048 ...time: 0.10868716239929199
Fin; energy prediction...time: 6.397365093231201
Egy stat [-39.85669, -36.60504, -38.39414, 0.52028686]
Start for  5_9_2 [47/105]
Fin;generate all combinations 240240 ...time: 1.081615924835205
Fin; energy prediction...time: 30.029953956604004
Egy stat [-37.118645, -33.023094, -35.518547, 0.53149587]
Start for  5_8_3 [48/105]
Fin;generate all combinations 720720 ...time: 3.06425142288208
Fin; energy prediction...time: 90.56700611114502
Egy stat [-34.75295, -30.083508, -32.876293, 0.55370015]
Start for  5_7_4 [49/105]
Fin;generate all combinations 1441440 ...time: 4.999509334564209
Fin; energy prediction...time: 178.65731930732727
Egy stat [-32.772434, -27.910074, -30.465929, 0.5816113]
Start for  5_6_5 [50/105]
Fin;generate all combinations 2018016 ...time: 7.282766580581665
Fin; energy prediction...time: 251.26812863349915
Egy stat [-30.874165, -25.723005, -28.285473, 0.61040586]
Start for  5_5_6 [51/105]
Fin;generate all combinations 2018016 ...time: 7.201609134674072
Fin; energy prediction...time: 249.01537585258484
Egy stat [-29.361383, -23.517372, -26.332706, 0.6360281]
Start for  5_4_7 [52/105]
Fin;generate all combinations 1441440 ...time: 6.8126161098480225
Fin; energy prediction...time: 180.6625952720642
Egy stat [-28.277603, -21.723452, -24.605417, 0.65508646]
Start for  5_3_8 [53/105]
Fin;generate all combinations 720720 ...time: 1.6775398254394531
Fin; energy prediction...time: 91.29031109809875
Egy stat [-27.503317, -19.85399, -23.101496, 0.6646179]
Start for  5_2_9 [54/105]
Fin;generate all combinations 240240 ...time: 0.5106303691864014
Fin; energy prediction...time: 31.009900331497192
Egy stat [-25.395485, -19.220533, -21.819147, 0.66184145]
Start for  5_1_10 [55/105]
Fin;generate all combinations 48048 ...time: 0.13564705848693848
Fin; energy prediction...time: 6.966032981872559
Egy stat [-23.52398, -18.540855, -20.756943, 0.64391154]
Start for  4_11_1 [56/105]
Fin;generate all combinations 21840 ...time: 0.05365896224975586
Fin; energy prediction...time: 3.501873016357422
Egy stat [-43.655167, -40.818214, -42.40511, 0.45553446]
Start for  4_10_2 [57/105]
Fin;generate all combinations 120120 ...time: 0.4649820327758789
Fin; energy prediction...time: 15.37924599647522
Egy stat [-40.772118, -37.25111, -39.423264, 0.4831717]
Start for  4_9_3 [58/105]
Fin;generate all combinations 400400 ...time: 1.3443357944488525
Fin; energy prediction...time: 49.909664154052734
Egy stat [-38.407158, -34.287586, -36.679146, 0.518557]
Start for  4_8_4 [59/105]
Fin;generate all combinations 900900 ...time: 3.3796560764312744
Fin; energy prediction...time: 114.22089290618896
Egy stat [-36.361744, -31.32479, -34.171947, 0.55558884]
Start for  4_7_5 [60/105]
Fin;generate all combinations 1441440 ...time: 8.115433692932129
Fin; energy prediction...time: 176.30322694778442
Egy stat [-34.32465, -29.14702, -31.90015, 0.5896617]
Start for  4_6_6 [61/105]
Fin;generate all combinations 1681680 ...time: 9.58550763130188
Fin; energy prediction...time: 205.2070391178131
Egy stat [-32.747185, -26.903385, -29.861794, 0.61740595]
Start for  4_5_7 [62/105]
Fin;generate all combinations 1441440 ...time: 8.806692838668823
Fin; energy prediction...time: 180.21352887153625
Egy stat [-31.584707, -25.039434, -28.054756, 0.6362596]
Start for  4_4_8 [63/105]
Fin;generate all combinations 900900 ...time: 5.167422294616699
Fin; energy prediction...time: 117.13655996322632
Egy stat [-30.742373, -23.127728, -26.47689, 0.6441039]
Start for  4_3_9 [64/105]
Fin;generate all combinations 400400 ...time: 0.828566312789917
Fin; energy prediction...time: 50.093745470047
Egy stat [-28.630888, -22.541752, -25.126245, 0.63898563]
Start for  4_2_10 [65/105]
Fin;generate all combinations 120120 ...time: 0.9400472640991211
Fin; energy prediction...time: 15.55400562286377
Egy stat [-26.737482, -21.767876, -24.001066, 0.6188917]
Start for  4_1_11 [66/105]
Fin;generate all combinations 21840 ...time: 0.06285977363586426
Fin; energy prediction...time: 3.746920585632324
Egy stat [-25.269634, -21.383162, -23.099943, 0.5814884]
Start for  3_12_1 [67/105]
Fin;generate all combinations 7280 ...time: 0.02022242546081543
Fin; energy prediction...time: 1.7118995189666748
Egy stat [-47.633865, -45.529457, -46.51463, 0.3652616]
Start for  3_11_2 [68/105]
Fin;generate all combinations 43680 ...time: 0.13706421852111816
Fin; energy prediction...time: 6.275368928909302
Egy stat [-44.698666, -41.892754, -43.42527, 0.41180798]
Start for  3_10_3 [69/105]
Fin;generate all combinations 160160 ...time: 0.6358780860900879
Fin; energy prediction...time: 20.871777296066284
Egy stat [-42.11376, -38.845, -40.576916, 0.4633514]
Start for  3_9_4 [70/105]
Fin;generate all combinations 400400 ...time: 1.511716604232788
Fin; energy prediction...time: 49.600098609924316
Egy stat [-39.89939, -35.900394, -37.969494, 0.51256514]
Start for  3_8_5 [71/105]
Fin;generate all combinations 720720 ...time: 3.075575590133667
Fin; energy prediction...time: 89.56089663505554
Egy stat [-37.84607, -33.272068, -35.60204, 0.5549306]
Start for  3_7_6 [72/105]
Fin;generate all combinations 960960 ...time: 3.736344337463379
Fin; energy prediction...time: 121.7967324256897
Egy stat [-36.15965, -31.006058, -33.473015, 0.5876184]
Start for  3_6_7 [73/105]
Fin;generate all combinations 960960 ...time: 5.375996828079224
Fin; energy prediction...time: 120.09254431724548
Egy stat [-34.87826, -29.027674, -31.580465, 0.60873175]
Start for  3_5_8 [74/105]
Fin;generate all combinations 720720 ...time: 2.968177080154419
Fin; energy prediction...time: 89.07639789581299
Egy stat [-33.91131, -27.088202, -29.922344, 0.61685026]
Start for  3_4_9 [75/105]
Fin;generate all combinations 400400 ...time: 1.9211647510528564
Fin; energy prediction...time: 50.58894062042236
Egy stat [-31.802736, -25.823162, -28.496576, 0.6107451]
Start for  3_3_10 [76/105]
Fin;generate all combinations 160160 ...time: 0.3547234535217285
Fin; energy prediction...time: 21.051327228546143
Egy stat [-29.89649, -25.079493, -27.30123, 0.5891729]
Start for  3_2_11 [77/105]
Fin;generate all combinations 43680 ...time: 0.10498380661010742
Fin; energy prediction...time: 6.210152626037598
Egy stat [-28.409725, -24.588684, -26.334555, 0.5506682]
Start for  3_1_12 [78/105]
Fin;generate all combinations 7280 ...time: 0.02353644371032715
Fin; energy prediction...time: 1.7000393867492676
Egy stat [-27.241, -24.121937, -25.59505, 0.4932128]
Start for  2_13_1 [79/105]
Fin;generate all combinations 1680 ...time: 0.006151676177978516
Fin; energy prediction...time: 0.8934056758880615
Egy stat [-51.576077, -50.150955, -50.70914, 0.26027504]
Start for  2_12_2 [80/105]
Fin;generate all combinations 10920 ...time: 0.02237081527709961
Fin; energy prediction...time: 2.0181846618652344
Egy stat [-48.536667, -46.449245, -47.51342, 0.32770297]
Start for  2_11_3 [81/105]
Fin;generate all combinations 43680 ...time: 0.1607370376586914
Fin; energy prediction...time: 6.172083616256714
Egy stat [-45.761776, -43.37686, -44.560875, 0.39675224]
Start for  2_10_4 [82/105]
Fin;generate all combinations 120120 ...time: 0.4876587390899658
Fin; energy prediction...time: 15.641061067581177
Egy stat [-43.545876, -40.107086, -41.852245, 0.4592032]
Start for  2_9_5 [83/105]
Fin;generate all combinations 240240 ...time: 1.2153396606445312
Fin; energy prediction...time: 29.635884046554565
Egy stat [-41.41771, -37.503136, -39.387207, 0.5109932]
Start for  2_8_6 [84/105]
Fin;generate all combinations 360360 ...time: 1.8629159927368164
Fin; energy prediction...time: 44.807273387908936
Egy stat [-39.65131, -34.951477, -37.16469, 0.54988444]
Start for  2_7_7 [85/105]
Fin;generate all combinations 411840 ...time: 1.5410282611846924
Fin; energy prediction...time: 51.44691586494446
Egy stat [-38.168278, -32.998177, -35.18305, 0.5745336]
Start for  2_6_8 [86/105]
Fin;generate all combinations 360360 ...time: 1.4489803314208984
Fin; energy prediction...time: 45.58102512359619
Egy stat [-37.1006, -30.975113, -33.44036, 0.5840557]
Start for  2_5_9 [87/105]
Fin;generate all combinations 240240 ...time: 0.47179579734802246
Fin; energy prediction...time: 30.188104391098022
Egy stat [-34.993248, -29.703829, -31.934607, 0.5777846]
Start for  2_4_10 [88/105]
Fin;generate all combinations 120120 ...time: 0.566802978515625
Fin; energy prediction...time: 15.730177640914917
Egy stat [-33.095688, -28.354961, -30.663685, 0.55510604]
Start for  2_3_11 [89/105]
Fin;generate all combinations 43680 ...time: 0.27970337867736816
Fin; energy prediction...time: 6.05517315864563
Egy stat [-31.552097, -27.83006, -29.625635, 0.5153007]
Start for  2_2_12 [90/105]
Fin;generate all combinations 10920 ...time: 0.027575969696044922
Fin; energy prediction...time: 2.04726505279541
Egy stat [-30.398964, -27.278381, -28.818615, 0.4573174]
Start for  2_1_13 [91/105]
Fin;generate all combinations 1680 ...time: 0.005399942398071289
Fin; energy prediction...time: 0.9001712799072266
Egy stat [-29.131325, -27.336508, -28.240925, 0.37926996]
Start for  1_14_1 [92/105]
Fin;generate all combinations 240 ...time: 0.0013427734375
Fin; energy prediction...time: 0.6861109733581543
Egy stat [-55.27702, -54.731064, -54.971916, 0.15361647]
Start for  1_13_2 [93/105]
Fin;generate all combinations 1680 ...time: 0.0041391849517822266
Fin; energy prediction...time: 0.9129042625427246
Egy stat [-52.28036, -51.022774, -51.67308, 0.24398118]
Start for  1_12_3 [94/105]
Fin;generate all combinations 7280 ...time: 0.016915321350097656
Fin; energy prediction...time: 1.6853010654449463
Egy stat [-49.633457, -47.56485, -48.61862, 0.32949373]
Start for  1_11_4 [95/105]
Fin;generate all combinations 21840 ...time: 0.046823740005493164
Fin; energy prediction...time: 3.48654842376709
Egy stat [-47.20813, -44.268623, -45.81009, 0.40381196]
Start for  1_10_5 [96/105]
Fin;generate all combinations 48048 ...time: 0.25432395935058594
Fin; energy prediction...time: 6.564400672912598
Egy stat [-44.91845, -41.626663, -43.24785, 0.4641572]
Start for  1_9_6 [97/105]
Fin;generate all combinations 80080 ...time: 0.3610575199127197
Fin; energy prediction...time: 10.617104768753052
Egy stat [-42.966434, -39.02052, -40.931313, 0.5089379]
Start for  1_8_7 [98/105]
Fin;generate all combinations 102960 ...time: 0.5185141563415527
Fin; energy prediction...time: 13.391398906707764
Egy stat [-41.46782, -36.5725, -38.859222, 0.5371925]
Start for  1_7_8 [99/105]
Fin;generate all combinations 102960 ...time: 0.4118671417236328
Fin; energy prediction...time: 13.646437644958496
Egy stat [-40.30288, -34.54399, -37.029884, 0.54835355]
Start for  1_6_9 [100/105]
Fin;generate all combinations 80080 ...time: 0.3764946460723877
Fin; energy prediction...time: 10.573228597640991
Egy stat [-38.15596, -33.578354, -35.4413, 0.5421015]
Start for  1_5_10 [101/105]
Fin;generate all combinations 48048 ...time: 0.22647643089294434
Fin; energy prediction...time: 6.675217390060425
Egy stat [-36.233196, -32.276505, -34.091366, 0.518247]
Start for  1_4_11 [102/105]
Fin;generate all combinations 21840 ...time: 0.05050492286682129
Fin; energy prediction...time: 3.466242551803589
Egy stat [-34.720688, -31.593412, -32.977943, 0.47661465]
Start for  1_3_12 [103/105]
Fin;generate all combinations 7280 ...time: 0.017088890075683594
Fin; energy prediction...time: 1.6098675727844238
Egy stat [-33.520493, -30.848005, -32.09893, 0.4168897]
Start for  1_2_13 [104/105]
Fin;generate all combinations 1680 ...time: 0.004564046859741211
Fin; energy prediction...time: 0.8883066177368164
Egy stat [-32.271828, -30.737709, -31.452307, 0.33833084]
Start for  1_1_14 [105/105]
Fin;generate all combinations 240 ...time: 0.0012392997741699219
Fin; energy prediction...time: 0.6835601329803467
Egy stat [-31.416288, -30.637064, -31.036072, 0.23887645]
Saving....
Saved to... Rb_CdGePb_Br.pkl
Total elapsed time... 5594.866423606873
