Summary of calculations
Site name (A,B,C)... Rb Cd,Ge,Hg Br
Base cif file name... ../0.cif
Save file name... Rb_CdGeHg_Br.pkl
Fin; combination with repetition...time: 0.009067773818969727
Start for  14_1_1 [1/105]
Fin;generate all combinations 240 ...time: 0.0005991458892822266
Fin; energy prediction...time: 0.22915315628051758
Egy stat [-5.621939, -5.227554, -5.3849263, 0.085260205]
Start for  13_2_1 [2/105]
Fin;generate all combinations 1680 ...time: 0.0034792423248291016
Fin; energy prediction...time: 0.40336179733276367
Egy stat [-9.693574, -8.567568, -9.25311, 0.18046851]
Start for  13_1_2 [3/105]
Fin;generate all combinations 1680 ...time: 0.0037260055541992188
Fin; energy prediction...time: 0.43514251708984375
Egy stat [-7.32982, -6.173024, -6.6140394, 0.26062703]
Start for  12_3_1 [4/105]
Fin;generate all combinations 7280 ...time: 0.0118865966796875
Fin; energy prediction...time: 1.127309799194336
Egy stat [-13.473659, -12.375248, -12.955261, 0.18731403]
Start for  12_2_2 [5/105]
Fin;generate all combinations 10920 ...time: 0.016649484634399414
Fin; energy prediction...time: 1.6368541717529297
Egy stat [-11.418662, -9.508631, -10.493091, 0.2995097]
Start for  12_1_3 [6/105]
Fin;generate all combinations 7280 ...time: 0.05314183235168457
Fin; energy prediction...time: 1.101259708404541
Egy stat [-8.924844, -7.034499, -7.9493394, 0.39610124]
Start for  11_4_1 [7/105]
Fin;generate all combinations 21840 ...time: 0.07591009140014648
Fin; energy prediction...time: 2.873202323913574
Egy stat [-17.11297, -15.603295, -16.55662, 0.19129187]
Start for  11_3_2 [8/105]
Fin;generate all combinations 43680 ...time: 0.12675142288208008
Fin; energy prediction...time: 5.72122859954834
Egy stat [-15.126921, -13.264138, -14.202602, 0.2956085]
Start for  11_2_3 [9/105]
Fin;generate all combinations 43680 ...time: 0.15158724784851074
Fin; energy prediction...time: 5.640094041824341
Egy stat [-13.019199, -10.367747, -11.835856, 0.41219395]
Start for  11_1_4 [10/105]
Fin;generate all combinations 21840 ...time: 0.04093122482299805
Fin; energy prediction...time: 2.913475751876831
Egy stat [-10.827565, -7.8930087, -9.38058, 0.50198466]
Start for  10_5_1 [11/105]
Fin;generate all combinations 48048 ...time: 0.1974027156829834
Fin; energy prediction...time: 6.091888427734375
Egy stat [-20.859596, -19.252716, -20.115223, 0.25381666]
Start for  10_4_2 [12/105]
Fin;generate all combinations 120120 ...time: 0.47571682929992676
Fin; energy prediction...time: 14.883881092071533
Egy stat [-18.78247, -16.44945, -17.808683, 0.286727]
Start for  10_3_3 [13/105]
Fin;generate all combinations 160160 ...time: 0.3963329792022705
Fin; energy prediction...time: 20.479173183441162
Egy stat [-16.737076, -14.320248, -15.549343, 0.39782768]
Start for  10_2_4 [14/105]
Fin;generate all combinations 120120 ...time: 0.36826109886169434
Fin; energy prediction...time: 15.654454231262207
Egy stat [-14.817911, -11.426716, -13.271547, 0.502791]
Start for  10_1_5 [15/105]
Fin;generate all combinations 48048 ...time: 0.09727978706359863
Fin; energy prediction...time: 6.3031697273254395
Egy stat [-12.408435, -8.848372, -10.897121, 0.5792493]
Start for  9_6_1 [16/105]
Fin;generate all combinations 80080 ...time: 0.3481004238128662
Fin; energy prediction...time: 10.27560830116272
Egy stat [-24.574224, -22.33793, -23.681059, 0.35405293]
Start for  9_5_2 [17/105]
Fin;generate all combinations 240240 ...time: 0.8058018684387207
Fin; energy prediction...time: 29.683658123016357
Egy stat [-22.506044, -20.166977, -21.37032, 0.31913376]
Start for  9_4_3 [18/105]
Fin;generate all combinations 400400 ...time: 1.2681031227111816
Fin; energy prediction...time: 49.602415800094604
Egy stat [-20.453625, -17.581652, -19.156643, 0.37811887]
Start for  9_3_4 [19/105]
Fin;generate all combinations 400400 ...time: 1.6250643730163574
Fin; energy prediction...time: 50.360817670822144
Egy stat [-18.53219, -15.304352, -16.985996, 0.4787671]
Start for  9_2_5 [20/105]
Fin;generate all combinations 240240 ...time: 0.399141788482666
Fin; energy prediction...time: 29.871323823928833
Egy stat [-16.357077, -12.429102, -14.789859, 0.5678498]
Start for  9_1_6 [21/105]
Fin;generate all combinations 80080 ...time: 0.4773120880126953
Fin; energy prediction...time: 10.288732051849365
Egy stat [-14.236162, -9.802109, -12.488277, 0.6284365]
Start for  8_7_1 [22/105]
Fin;generate all combinations 102960 ...time: 0.16872239112854004
Fin; energy prediction...time: 13.102698564529419
Egy stat [-28.466936, -25.336506, -27.295244, 0.45080876]
Start for  8_6_2 [23/105]
Fin;generate all combinations 360360 ...time: 1.3024523258209229
Fin; energy prediction...time: 44.89073467254639
Egy stat [-26.271942, -23.278309, -24.938444, 0.39160717]
Start for  8_5_3 [24/105]
Fin;generate all combinations 720720 ...time: 2.895209312438965
Fin; energy prediction...time: 88.60275030136108
Egy stat [-24.153694, -21.090054, -22.717533, 0.3901383]
Start for  8_4_4 [25/105]
Fin;generate all combinations 900900 ...time: 3.4552526473999023
Fin; energy prediction...time: 111.77185869216919
Egy stat [-22.150097, -18.590128, -20.591366, 0.44971567]
Start for  8_3_5 [26/105]
Fin;generate all combinations 720720 ...time: 2.5249905586242676
Fin; energy prediction...time: 90.082688331604
Egy stat [-20.039272, -16.233559, -18.502583, 0.53481364]
Start for  8_2_6 [27/105]
Fin;generate all combinations 360360 ...time: 0.6334197521209717
Fin; energy prediction...time: 45.481348276138306
Egy stat [-18.193222, -13.360542, -16.38037, 0.60656905]
Start for  8_1_7 [28/105]
Fin;generate all combinations 102960 ...time: 0.6720287799835205
Fin; energy prediction...time: 13.711952924728394
Egy stat [-15.998304, -10.61481, -14.143658, 0.65026194]
Start for  7_8_1 [29/105]
Fin;generate all combinations 102960 ...time: 0.5427670478820801
Fin; energy prediction...time: 13.201261043548584
Egy stat [-32.27156, -28.614494, -30.98941, 0.51950336]
Start for  7_7_2 [30/105]
Fin;generate all combinations 411840 ...time: 1.5252797603607178
Fin; energy prediction...time: 51.0557005405426
Egy stat [-30.03917, -26.63888, -28.555109, 0.46963242]
Start for  7_6_3 [31/105]
Fin;generate all combinations 960960 ...time: 3.2964253425598145
Fin; energy prediction...time: 118.00287365913391
Egy stat [-27.84153, -24.558125, -26.283787, 0.43992797]
Start for  7_5_4 [32/105]
Fin;generate all combinations 1441440 ...time: 5.11228609085083
Fin; energy prediction...time: 177.60429644584656
Egy stat [-25.842112, -22.367172, -24.14809, 0.4481512]
Start for  7_4_5 [33/105]
Fin;generate all combinations 1441440 ...time: 8.734089851379395
Fin; energy prediction...time: 182.12371063232422
Egy stat [-23.638557, -19.606287, -22.103224, 0.4975039]
Start for  7_3_6 [34/105]
Fin;generate all combinations 960960 ...time: 1.7919602394104004
Fin; energy prediction...time: 122.07598829269409
Egy stat [-21.781773, -17.100494, -20.088997, 0.5650997]
Start for  7_2_7 [35/105]
Fin;generate all combinations 411840 ...time: 0.831995964050293
Fin; energy prediction...time: 52.16105008125305
Egy stat [-19.95327, -14.232627, -18.032892, 0.6191961]
Start for  7_1_8 [36/105]
Fin;generate all combinations 102960 ...time: 0.26352834701538086
Fin; energy prediction...time: 13.952021360397339
Egy stat [-17.805681, -12.02337, -15.85348, 0.6456859]
Start for  6_9_1 [37/105]
Fin;generate all combinations 80080 ...time: 0.16530084609985352
Fin; energy prediction...time: 10.981852293014526
Egy stat [-36.240173, -32.95356, -34.785408, 0.54763716]
Start for  6_8_2 [38/105]
Fin;generate all combinations 360360 ...time: 1.375063180923462
Fin; energy prediction...time: 45.31829023361206
Egy stat [-34.04303, -29.860514, -32.252743, 0.5246698]
Start for  6_7_3 [39/105]
Fin;generate all combinations 960960 ...time: 3.5117552280426025
Fin; energy prediction...time: 118.51951742172241
Egy stat [-31.677769, -27.857151, -29.898256, 0.50085926]
Start for  6_6_4 [40/105]
Fin;generate all combinations 1681680 ...time: 6.988609313964844
Fin; energy prediction...time: 207.43572545051575
Egy stat [-29.46758, -25.668354, -27.70867, 0.4830411]
Start for  6_5_5 [41/105]
Fin;generate all combinations 2018016 ...time: 12.032557010650635
Fin; energy prediction...time: 248.75848364830017
Egy stat [-27.253471, -23.283117, -25.65274, 0.48673752]
Start for  6_4_6 [42/105]
Fin;generate all combinations 1681680 ...time: 13.153724670410156
Fin; energy prediction...time: 210.17848706245422
Egy stat [-25.285435, -20.496002, -23.68243, 0.5204894]
Start for  6_3_7 [43/105]
Fin;generate all combinations 960960 ...time: 5.15847373008728
Fin; energy prediction...time: 121.31493544578552
Egy stat [-23.503202, -18.50238, -21.735268, 0.56989264]
Start for  6_2_8 [44/105]
Fin;generate all combinations 360360 ...time: 2.2904069423675537
Fin; energy prediction...time: 46.909425258636475
Egy stat [-21.790363, -16.329983, -19.737755, 0.6065964]
Start for  6_1_9 [45/105]
Fin;generate all combinations 80080 ...time: 0.20286226272583008
Fin; energy prediction...time: 11.175328969955444
Egy stat [-19.33532, -14.710331, -17.60881, 0.61589086]
Start for  5_10_1 [46/105]
Fin;generate all combinations 48048 ...time: 0.10988140106201172
Fin; energy prediction...time: 6.719884634017944
Egy stat [-40.012833, -37.224403, -38.69539, 0.53097045]
Start for  5_9_2 [47/105]
Fin;generate all combinations 240240 ...time: 0.5975196361541748
Fin; energy prediction...time: 30.497851610183716
Egy stat [-37.63968, -34.1981, -36.053818, 0.54114586]
Start for  5_8_3 [48/105]
Fin;generate all combinations 720720 ...time: 2.5906810760498047
Fin; energy prediction...time: 89.30844974517822
Egy stat [-35.306065, -31.067255, -33.594173, 0.54400015]
Start for  5_7_4 [49/105]
Fin;generate all combinations 1441440 ...time: 7.537585735321045
Fin; energy prediction...time: 179.0932309627533
Egy stat [-33.19285, -28.977152, -31.316683, 0.5327837]
Start for  5_6_5 [50/105]
Fin;generate all combinations 2018016 ...time: 8.959265947341919
Fin; energy prediction...time: 247.45319175720215
Egy stat [-30.864197, -26.659624, -29.204233, 0.51343703]
Start for  5_5_6 [51/105]
Fin;generate all combinations 2018016 ...time: 11.273367881774902
Fin; energy prediction...time: 251.80444478988647
Egy stat [-28.851063, -24.669247, -27.222088, 0.50392956]
Start for  5_4_7 [52/105]
Fin;generate all combinations 1441440 ...time: 6.329463243484497
Fin; energy prediction...time: 183.0909824371338
Egy stat [-26.904617, -22.619184, -25.319342, 0.5189754]
Start for  5_3_8 [53/105]
Fin;generate all combinations 720720 ...time: 3.8099842071533203
Fin; energy prediction...time: 92.45956230163574
Egy stat [-25.148891, -20.354412, -23.43191, 0.5501641]
Start for  5_2_9 [54/105]
Fin;generate all combinations 240240 ...time: 0.5404362678527832
Fin; energy prediction...time: 30.57586646080017
Egy stat [-23.281961, -18.929646, -21.486069, 0.5701061]
Start for  5_1_10 [55/105]
Fin;generate all combinations 48048 ...time: 0.1367042064666748
Fin; energy prediction...time: 7.094045162200928
Egy stat [-20.886063, -17.300943, -19.401731, 0.5622384]
Start for  4_11_1 [56/105]
Fin;generate all combinations 21840 ...time: 0.05480694770812988
Fin; energy prediction...time: 3.5996735095977783
Egy stat [-44.038574, -41.39727, -42.72235, 0.47168708]
Start for  4_10_2 [57/105]
Fin;generate all combinations 120120 ...time: 0.4283609390258789
Fin; energy prediction...time: 15.496762037277222
Egy stat [-41.60685, -38.356255, -39.970848, 0.5136132]
Start for  4_9_3 [58/105]
Fin;generate all combinations 400400 ...time: 1.6454100608825684
Fin; energy prediction...time: 50.30882930755615
Egy stat [-39.199646, -35.282448, -37.394566, 0.5517936]
Start for  4_8_4 [59/105]
Fin;generate all combinations 900900 ...time: 3.2582895755767822
Fin; energy prediction...time: 111.60351800918579
Egy stat [-37.026688, -32.141075, -35.006004, 0.56923264]
Start for  4_7_5 [60/105]
Fin;generate all combinations 1441440 ...time: 6.230304956436157
Fin; energy prediction...time: 178.08595418930054
Egy stat [-34.61853, -30.389044, -32.80192, 0.5587716]
Start for  4_6_6 [61/105]
Fin;generate all combinations 1681680 ...time: 10.238322496414185
Fin; energy prediction...time: 207.67046546936035
Egy stat [-32.388496, -28.44472, -30.761515, 0.5283968]
Start for  4_5_7 [62/105]
Fin;generate all combinations 1441440 ...time: 6.766180038452148
Fin; energy prediction...time: 180.36621689796448
Egy stat [-30.366167, -26.515316, -28.846788, 0.499892]
Start for  4_4_8 [63/105]
Fin;generate all combinations 900900 ...time: 5.295082330703735
Fin; energy prediction...time: 113.74004554748535
Egy stat [-28.622654, -24.091896, -27.00468, 0.49413356]
Start for  4_3_9 [64/105]
Fin;generate all combinations 400400 ...time: 2.4006803035736084
Fin; energy prediction...time: 50.50678300857544
Egy stat [-26.615667, -22.931355, -25.17016, 0.50748265]
Start for  4_2_10 [65/105]
Fin;generate all combinations 120120 ...time: 0.2602524757385254
Fin; energy prediction...time: 16.069818019866943
Egy stat [-24.713852, -21.208668, -23.26991, 0.5115319]
Start for  4_1_11 [66/105]
Fin;generate all combinations 21840 ...time: 0.06275177001953125
Fin; energy prediction...time: 3.5428149700164795
Egy stat [-22.407051, -19.695938, -21.225431, 0.48622635]
Start for  3_12_1 [67/105]
Fin;generate all combinations 7280 ...time: 0.020211458206176758
Fin; energy prediction...time: 1.895319938659668
Egy stat [-47.82998, -45.802467, -46.861214, 0.3771131]
Start for  3_11_2 [68/105]
Fin;generate all combinations 43680 ...time: 0.08193373680114746
Fin; energy prediction...time: 6.632675409317017
Egy stat [-45.251915, -42.776245, -44.00697, 0.44459492]
Start for  3_10_3 [69/105]
Fin;generate all combinations 160160 ...time: 0.7920181751251221
Fin; energy prediction...time: 20.721038579940796
Egy stat [-42.848347, -39.72024, -41.31247, 0.51812863]
Start for  3_9_4 [70/105]
Fin;generate all combinations 400400 ...time: 1.5411453247070312
Fin; energy prediction...time: 49.393622398376465
Egy stat [-40.686214, -36.6155, -38.800404, 0.57405454]
Start for  3_8_5 [71/105]
Fin;generate all combinations 720720 ...time: 3.443016767501831
Fin; energy prediction...time: 89.57382488250732
Egy stat [-38.192642, -33.598244, -36.480328, 0.5950774]
Start for  3_7_6 [72/105]
Fin;generate all combinations 960960 ...time: 4.771605014801025
Fin; energy prediction...time: 118.63270831108093
Egy stat [-35.949215, -31.81753, -34.34547, 0.57619864]
Start for  3_6_7 [73/105]
Fin;generate all combinations 960960 ...time: 3.479863405227661
Fin; energy prediction...time: 120.24673056602478
Egy stat [-33.84538, -29.927269, -32.371593, 0.528112]
Start for  3_5_8 [74/105]
Fin;generate all combinations 720720 ...time: 3.038465976715088
Fin; energy prediction...time: 90.19890236854553
Egy stat [-31.945347, -27.768898, -30.517984, 0.47634318]
Start for  3_4_9 [75/105]
Fin;generate all combinations 400400 ...time: 0.8626141548156738
Fin; energy prediction...time: 52.12628769874573
Egy stat [-30.097485, -26.553482, -28.72992, 0.44801098]
Start for  3_3_10 [76/105]
Fin;generate all combinations 160160 ...time: 0.35624194145202637
Fin; energy prediction...time: 21.03534197807312
Egy stat [-28.185225, -25.207542, -26.942158, 0.44414362]
Start for  3_2_11 [77/105]
Fin;generate all combinations 43680 ...time: 0.11075115203857422
Fin; energy prediction...time: 6.6343278884887695
Egy stat [-26.310223, -23.273827, -25.082407, 0.43337098]
Start for  3_1_12 [78/105]
Fin;generate all combinations 7280 ...time: 0.023440837860107422
Fin; energy prediction...time: 1.870025396347046
Egy stat [-24.09634, -21.986473, -23.074224, 0.38945237]
Start for  2_13_1 [79/105]
Fin;generate all combinations 1680 ...time: 0.0062503814697265625
Fin; energy prediction...time: 1.1022939682006836
Egy stat [-51.890144, -50.537582, -51.100323, 0.25901544]
Start for  2_12_2 [80/105]
Fin;generate all combinations 10920 ...time: 0.07001566886901855
Fin; energy prediction...time: 2.3278186321258545
Egy stat [-49.240948, -47.153164, -48.15699, 0.34381938]
Start for  2_11_3 [81/105]
Fin;generate all combinations 43680 ...time: 0.2342545986175537
Fin; energy prediction...time: 6.308506965637207
Egy stat [-46.7261, -44.13332, -45.351242, 0.44698513]
Start for  2_10_4 [82/105]
Fin;generate all combinations 120120 ...time: 0.5297837257385254
Fin; energy prediction...time: 15.824756622314453
Egy stat [-44.51178, -41.030903, -42.713383, 0.54141206]
Start for  2_9_5 [83/105]
Fin;generate all combinations 240240 ...time: 0.946519136428833
Fin; energy prediction...time: 30.467132329940796
Egy stat [-42.070297, -38.018936, -40.263878, 0.60379726]
Start for  2_8_6 [84/105]
Fin;generate all combinations 360360 ...time: 1.6893489360809326
Fin; energy prediction...time: 45.286319971084595
Egy stat [-39.764725, -34.912804, -38.009155, 0.61928785]
Start for  2_7_7 [85/105]
Fin;generate all combinations 411840 ...time: 1.426957130432129
Fin; energy prediction...time: 51.517417907714844
Egy stat [-37.549686, -33.10219, -35.939007, 0.5854195]
Start for  2_6_8 [86/105]
Fin;generate all combinations 360360 ...time: 1.3286564350128174
Fin; energy prediction...time: 45.966522455215454
Egy stat [-35.434616, -31.178793, -34.026073, 0.5151068]
Start for  2_5_9 [87/105]
Fin;generate all combinations 240240 ...time: 0.48323583602905273
Fin; energy prediction...time: 31.07719588279724
Egy stat [-33.4317, -30.214983, -32.22742, 0.43678886]
Start for  2_4_10 [88/105]
Fin;generate all combinations 120120 ...time: 0.2528340816497803
Fin; energy prediction...time: 15.998149394989014
Egy stat [-31.57251, -28.546059, -30.487377, 0.38401714]
Start for  2_3_11 [89/105]
Fin;generate all combinations 43680 ...time: 0.29044508934020996
Fin; energy prediction...time: 6.566684007644653
Egy stat [-29.795765, -27.313467, -28.741077, 0.36381707]
Start for  2_2_12 [90/105]
Fin;generate all combinations 10920 ...time: 0.12148404121398926
Fin; energy prediction...time: 2.303270101547241
Egy stat [-27.950035, -25.705198, -26.917799, 0.33970824]
Start for  2_1_13 [91/105]
Fin;generate all combinations 1680 ...time: 0.0063860416412353516
Fin; energy prediction...time: 1.0797243118286133
Egy stat [-25.680902, -24.357204, -24.943506, 0.27357703]
Start for  1_14_1 [92/105]
Fin;generate all combinations 240 ...time: 0.0016627311706542969
Fin; energy prediction...time: 0.8841941356658936
Egy stat [-55.809704, -55.17597, -55.423355, 0.13698855]
Start for  1_13_2 [93/105]
Fin;generate all combinations 1680 ...time: 0.0036439895629882812
Fin; energy prediction...time: 1.0929458141326904
Egy stat [-52.99626, -51.859417, -52.409004, 0.23138672]
Start for  1_12_3 [94/105]
Fin;generate all combinations 7280 ...time: 0.01603555679321289
Fin; energy prediction...time: 1.8421220779418945
Egy stat [-50.37559, -48.488167, -49.505802, 0.35349867]
Start for  1_11_4 [95/105]
Fin;generate all combinations 21840 ...time: 0.09013581275939941
Fin; energy prediction...time: 3.5656704902648926
Egy stat [-47.984856, -45.416584, -46.748737, 0.47788456]
Start for  1_10_5 [96/105]
Fin;generate all combinations 48048 ...time: 0.23424816131591797
Fin; energy prediction...time: 6.794300317764282
Egy stat [-45.528526, -42.39125, -44.166687, 0.5799306]
Start for  1_9_6 [97/105]
Fin;generate all combinations 80080 ...time: 0.4243276119232178
Fin; energy prediction...time: 10.832446813583374
Egy stat [-43.317875, -39.35693, -41.77761, 0.63890386]
Start for  1_8_7 [98/105]
Fin;generate all combinations 102960 ...time: 0.3918161392211914
Fin; energy prediction...time: 14.54135513305664
Egy stat [-41.010956, -36.207516, -39.584732, 0.64216834]
Start for  1_7_8 [99/105]
Fin;generate all combinations 102960 ...time: 0.4156949520111084
Fin; energy prediction...time: 14.00719404220581
Egy stat [-38.951363, -34.36943, -37.574574, 0.5892334]
Start for  1_6_9 [100/105]
Fin;generate all combinations 80080 ...time: 0.16335129737854004
Fin; energy prediction...time: 11.42425799369812
Egy stat [-36.787132, -33.41651, -35.717094, 0.4944255]
Start for  1_5_10 [101/105]
Fin;generate all combinations 48048 ...time: 0.10292506217956543
Fin; energy prediction...time: 7.006194591522217
Egy stat [-34.910503, -32.394043, -33.967697, 0.38768476]
Start for  1_4_11 [102/105]
Fin;generate all combinations 21840 ...time: 0.04885435104370117
Fin; energy prediction...time: 3.6551706790924072
Egy stat [-33.07583, -30.971407, -32.27037, 0.30871063]
Start for  1_3_12 [103/105]
Fin;generate all combinations 7280 ...time: 0.01695537567138672
Fin; energy prediction...time: 1.8192822933197021
Egy stat [-31.261974, -29.731026, -30.561184, 0.27407843]
Start for  1_2_13 [104/105]
Fin;generate all combinations 1680 ...time: 0.004358530044555664
Fin; energy prediction...time: 1.1119554042816162
Egy stat [-29.34431, -27.972448, -28.77142, 0.24005216]
Start for  1_1_14 [105/105]
Fin;generate all combinations 240 ...time: 0.0010814666748046875
Fin; energy prediction...time: 0.9009385108947754
Egy stat [-27.118093, -26.592344, -26.829699, 0.14026839]
Saving....
Saved to... Rb_CdGeHg_Br.pkl
Total elapsed time... 5621.876307010651
