Summary of calculations
Site name (A,B,C)... Rb Cd,Ge,Pb I
Base cif file name... ../0.cif
Save file name... Rb_CdGePb_I.pkl
Fin; combination with repetition...time: 0.0017313957214355469
Start for  14_1_1 [1/105]
Fin;generate all combinations 240 ...time: 0.0006127357482910156
Fin; energy prediction...time: 0.19338417053222656
Egy stat [17.94199, 18.474173, 18.142458, 0.1370092]
Start for  13_2_1 [2/105]
Fin;generate all combinations 1680 ...time: 0.003610372543334961
Fin; energy prediction...time: 0.4027225971221924
Egy stat [16.988943, 17.639545, 17.282963, 0.15283477]
Start for  13_1_2 [3/105]
Fin;generate all combinations 1680 ...time: 0.0038781166076660156
Fin; energy prediction...time: 0.40858960151672363
Egy stat [16.813972, 17.9615, 17.40675, 0.22208065]
Start for  12_3_1 [4/105]
Fin;generate all combinations 7280 ...time: 0.01227879524230957
Fin; energy prediction...time: 1.1217186450958252
Egy stat [16.03772, 16.920975, 16.484713, 0.17656164]
Start for  12_2_2 [5/105]
Fin;generate all combinations 10920 ...time: 0.01746368408203125
Fin; energy prediction...time: 1.6841773986816406
Egy stat [15.995388, 17.279394, 16.61438, 0.22943863]
Start for  12_1_3 [6/105]
Fin;generate all combinations 7280 ...time: 0.05645179748535156
Fin; energy prediction...time: 1.1189897060394287
Egy stat [15.789433, 17.58943, 16.598337, 0.29923683]
Start for  11_4_1 [7/105]
Fin;generate all combinations 21840 ...time: 0.11618542671203613
Fin; energy prediction...time: 3.0707998275756836
Egy stat [15.096281, 16.436398, 15.714152, 0.2127913]
Start for  11_3_2 [8/105]
Fin;generate all combinations 43680 ...time: 0.11816930770874023
Fin; energy prediction...time: 5.858604669570923
Egy stat [15.201643, 16.625544, 15.860682, 0.24821833]
Start for  11_2_3 [9/105]
Fin;generate all combinations 43680 ...time: 0.16278553009033203
Fin; energy prediction...time: 5.573939085006714
Egy stat [14.895435, 16.803783, 15.855662, 0.3086096]
Start for  11_1_4 [10/105]
Fin;generate all combinations 21840 ...time: 0.04023885726928711
Fin; energy prediction...time: 2.970017910003662
Egy stat [14.441118, 17.105928, 15.702928, 0.37154448]
Start for  10_5_1 [11/105]
Fin;generate all combinations 48048 ...time: 0.18428349494934082
Fin; energy prediction...time: 6.033106088638306
Egy stat [14.269794, 15.935003, 14.94252, 0.25525692]
Start for  10_4_2 [12/105]
Fin;generate all combinations 120120 ...time: 0.45919036865234375
Fin; energy prediction...time: 14.881693124771118
Egy stat [14.291126, 16.12568, 15.116894, 0.27713704]
Start for  10_3_3 [13/105]
Fin;generate all combinations 160160 ...time: 0.4150676727294922
Fin; energy prediction...time: 19.926085233688354
Egy stat [14.069593, 16.17802, 15.133381, 0.3270726]
Start for  10_2_4 [14/105]
Fin;generate all combinations 120120 ...time: 0.578096866607666
Fin; energy prediction...time: 14.81571102142334
Egy stat [13.540331, 16.387217, 14.996328, 0.38423628]
Start for  10_1_5 [15/105]
Fin;generate all combinations 48048 ...time: 0.09962892532348633
Fin; energy prediction...time: 6.196889162063599
Egy stat [13.024481, 16.028368, 14.710466, 0.43709317]
Start for  9_6_1 [16/105]
Fin;generate all combinations 80080 ...time: 0.22257232666015625
Fin; energy prediction...time: 9.967902660369873
Egy stat [13.314938, 15.579908, 14.145005, 0.29544085]
Start for  9_5_2 [17/105]
Fin;generate all combinations 240240 ...time: 0.8347744941711426
Fin; energy prediction...time: 29.387526750564575
Egy stat [13.436409, 15.699156, 14.358375, 0.30910105]
Start for  9_4_3 [18/105]
Fin;generate all combinations 400400 ...time: 1.2786509990692139
Fin; energy prediction...time: 49.21961212158203
Egy stat [13.274574, 15.755228, 14.406938, 0.35064235]
Start for  9_3_4 [19/105]
Fin;generate all combinations 400400 ...time: 1.1257109642028809
Fin; energy prediction...time: 50.448943853378296
Egy stat [12.7221775, 15.874531, 14.2955265, 0.40206888]
Start for  9_2_5 [20/105]
Fin;generate all combinations 240240 ...time: 0.42304515838623047
Fin; energy prediction...time: 30.29186224937439
Egy stat [12.2000885, 15.365059, 14.0294285, 0.45168296]
Start for  9_1_6 [21/105]
Fin;generate all combinations 80080 ...time: 0.5710747241973877
Fin; energy prediction...time: 10.38181471824646
Egy stat [11.4091, 15.055895, 13.614177, 0.49276206]
Start for  8_7_1 [22/105]
Fin;generate all combinations 102960 ...time: 0.4601612091064453
Fin; energy prediction...time: 12.716737031936646
Egy stat [12.334576, 15.25112, 13.299969, 0.3267977]
Start for  8_6_2 [23/105]
Fin;generate all combinations 360360 ...time: 1.2356276512145996
Fin; energy prediction...time: 44.81501507759094
Egy stat [12.449369, 15.32094, 13.563789, 0.33698946]
Start for  8_5_3 [24/105]
Fin;generate all combinations 720720 ...time: 1.971252679824829
Fin; energy prediction...time: 87.4983777999878
Egy stat [12.425039, 15.334669, 13.6552305, 0.3735145]
Start for  8_4_4 [25/105]
Fin;generate all combinations 900900 ...time: 2.9105002880096436
Fin; energy prediction...time: 113.38641691207886
Egy stat [11.819338, 15.411974, 13.579575, 0.4208026]
Start for  8_3_5 [26/105]
Fin;generate all combinations 720720 ...time: 1.2257444858551025
Fin; energy prediction...time: 94.24492263793945
Egy stat [11.326307, 14.882069, 13.342632, 0.46775383]
Start for  8_2_6 [27/105]
Fin;generate all combinations 360360 ...time: 2.2488560676574707
Fin; energy prediction...time: 44.93326735496521
Egy stat [10.589708, 14.639788, 12.95054, 0.50753015]
Start for  8_1_7 [28/105]
Fin;generate all combinations 102960 ...time: 0.23087859153747559
Fin; energy prediction...time: 13.491649866104126
Egy stat [9.573755, 14.429239, 12.409531, 0.53566265]
Start for  7_8_1 [29/105]
Fin;generate all combinations 102960 ...time: 0.18177008628845215
Fin; energy prediction...time: 13.166432857513428
Egy stat [11.203707, 14.535427, 12.388294, 0.34507793]
Start for  7_7_2 [30/105]
Fin;generate all combinations 411840 ...time: 1.662898302078247
Fin; energy prediction...time: 51.31462526321411
Egy stat [11.497868, 14.633707, 12.714387, 0.3558522]
Start for  7_6_3 [31/105]
Fin;generate all combinations 960960 ...time: 3.317514419555664
Fin; energy prediction...time: 118.28151059150696
Egy stat [11.5219555, 14.693186, 12.859835, 0.3909362]
Start for  7_5_4 [32/105]
Fin;generate all combinations 1441440 ...time: 6.3046417236328125
Fin; energy prediction...time: 175.39173221588135
Egy stat [11.09384, 14.799774, 12.830318, 0.43637568]
Start for  7_4_5 [33/105]
Fin;generate all combinations 1441440 ...time: 8.300256967544556
Fin; energy prediction...time: 176.87045001983643
Egy stat [10.614861, 14.369026, 12.632131, 0.48191628]
Start for  7_3_6 [34/105]
Fin;generate all combinations 960960 ...time: 4.109119415283203
Fin; energy prediction...time: 118.82462048530579
Egy stat [9.8130245, 14.129683, 12.271992, 0.5210128]
Start for  7_2_7 [35/105]
Fin;generate all combinations 411840 ...time: 0.8032212257385254
Fin; energy prediction...time: 52.178877115249634
Egy stat [8.792944, 13.915119, 11.756754, 0.5492977]
Start for  7_1_8 [36/105]
Fin;generate all combinations 102960 ...time: 0.8951065540313721
Fin; energy prediction...time: 13.633111000061035
Egy stat [7.384346, 13.833824, 11.093163, 0.5633902]
Start for  6_9_1 [37/105]
Fin;generate all combinations 80080 ...time: 0.39395594596862793
Fin; energy prediction...time: 10.547137260437012
Egy stat [10.296192, 13.04022, 11.392833, 0.3477948]
Start for  6_8_2 [38/105]
Fin;generate all combinations 360360 ...time: 1.4060733318328857
Fin; energy prediction...time: 45.83486342430115
Egy stat [10.36154, 13.958757, 11.793382, 0.36291906]
Start for  6_7_3 [39/105]
Fin;generate all combinations 960960 ...time: 5.000288724899292
Fin; energy prediction...time: 118.61168837547302
Egy stat [10.645401, 14.063845, 12.004333, 0.4000593]
Start for  6_6_4 [40/105]
Fin;generate all combinations 1681680 ...time: 7.975647211074829
Fin; energy prediction...time: 203.09957718849182
Egy stat [10.285658, 14.216867, 12.031676, 0.44612703]
Start for  6_5_5 [41/105]
Fin;generate all combinations 2018016 ...time: 7.596954822540283
Fin; energy prediction...time: 257.11713576316833
Egy stat [9.86429, 13.846746, 11.882153, 0.491752]
Start for  6_4_6 [42/105]
Fin;generate all combinations 1681680 ...time: 8.366974115371704
Fin; energy prediction...time: 206.72253704071045
Egy stat [9.057514, 13.630171, 11.562985, 0.53095984]
Start for  6_3_7 [43/105]
Fin;generate all combinations 960960 ...time: 4.727451324462891
Fin; energy prediction...time: 120.05145144462585
Egy stat [8.04866, 13.450098, 11.0816555, 0.5597394]
Start for  6_2_8 [44/105]
Fin;generate all combinations 360360 ...time: 0.6887016296386719
Fin; energy prediction...time: 46.32300925254822
Egy stat [6.617388, 13.361898, 10.445573, 0.5749748]
Start for  6_1_9 [45/105]
Fin;generate all combinations 80080 ...time: 0.19800209999084473
Fin; energy prediction...time: 10.722924947738647
Egy stat [6.5656147, 11.944708, 9.661774, 0.5737715]
Start for  5_10_1 [46/105]
Fin;generate all combinations 48048 ...time: 0.10891604423522949
Fin; energy prediction...time: 6.614579200744629
Egy stat [9.352947, 11.555847, 10.297987, 0.33377168]
Start for  5_9_2 [47/105]
Fin;generate all combinations 240240 ...time: 0.8836681842803955
Fin; energy prediction...time: 29.919642448425293
Egy stat [9.600382, 12.537779, 10.785487, 0.3571687]
Start for  5_8_3 [48/105]
Fin;generate all combinations 720720 ...time: 2.593416213989258
Fin; energy prediction...time: 88.25368428230286
Egy stat [9.707884, 12.861109, 11.073772, 0.39985377]
Start for  5_7_4 [49/105]
Fin;generate all combinations 1441440 ...time: 5.516772985458374
Fin; energy prediction...time: 176.39711666107178
Egy stat [9.461063, 13.162687, 11.169042, 0.44902033]
Start for  5_6_5 [50/105]
Fin;generate all combinations 2018016 ...time: 10.146960258483887
Fin; energy prediction...time: 247.3751118183136
Egy stat [9.0479965, 13.2305355, 11.078389, 0.49622732]
Start for  5_5_6 [51/105]
Fin;generate all combinations 2018016 ...time: 7.3171656131744385
Fin; energy prediction...time: 251.46186566352844
Egy stat [8.295958, 13.033663, 10.809531, 0.53629947]
Start for  5_4_7 [52/105]
Fin;generate all combinations 1441440 ...time: 2.5601773262023926
Fin; energy prediction...time: 176.42612099647522
Egy stat [7.2871437, 12.910036, 10.370508, 0.565802]
Start for  5_3_8 [53/105]
Fin;generate all combinations 720720 ...time: 1.384554147720337
Fin; energy prediction...time: 93.77196955680847
Egy stat [5.8796024, 12.861443, 9.769386, 0.5820505]
Start for  5_2_9 [54/105]
Fin;generate all combinations 240240 ...time: 0.49454188346862793
Fin; energy prediction...time: 30.18957781791687
Egy stat [5.770605, 11.449638, 9.013909, 0.58252585]
Start for  5_1_10 [55/105]
Fin;generate all combinations 48048 ...time: 0.1365504264831543
Fin; energy prediction...time: 6.735476970672607
Egy stat [5.63752, 10.1725025, 8.111128, 0.56448436]
Start for  4_11_1 [56/105]
Fin;generate all combinations 21840 ...time: 0.054421186447143555
Fin; energy prediction...time: 3.4324960708618164
Egy stat [8.171816, 10.0871105, 9.089424, 0.3029249]
Start for  4_10_2 [57/105]
Fin;generate all combinations 120120 ...time: 0.2161111831665039
Fin; energy prediction...time: 15.39124059677124
Egy stat [8.505365, 11.110279, 9.676511, 0.33907413]
Start for  4_9_3 [58/105]
Fin;generate all combinations 400400 ...time: 1.678539514541626
Fin; energy prediction...time: 49.30762600898743
Egy stat [8.788036, 11.564949, 10.054205, 0.3908724]
Start for  4_8_4 [59/105]
Fin;generate all combinations 900900 ...time: 3.882979393005371
Fin; energy prediction...time: 111.02213144302368
Egy stat [8.528267, 12.397305, 10.22876, 0.44550332]
Start for  4_7_5 [60/105]
Fin;generate all combinations 1441440 ...time: 7.699214220046997
Fin; energy prediction...time: 176.17081713676453
Egy stat [8.221148, 12.194208, 10.207516, 0.49565557]
Start for  4_6_6 [61/105]
Fin;generate all combinations 1681680 ...time: 5.76386833190918
Fin; energy prediction...time: 217.7655143737793
Egy stat [7.5215607, 12.432987, 9.998604, 0.53719014]
Start for  4_5_7 [62/105]
Fin;generate all combinations 1441440 ...time: 7.104281902313232
Fin; energy prediction...time: 175.4778687953949
Egy stat [6.5192165, 12.368052, 9.610577, 0.567446]
Start for  4_4_8 [63/105]
Fin;generate all combinations 900900 ...time: 5.103872060775757
Fin; energy prediction...time: 111.0150899887085
Egy stat [5.1225214, 12.381817, 9.052138, 0.5843194]
Start for  4_3_9 [64/105]
Fin;generate all combinations 400400 ...time: 2.8399627208709717
Fin; energy prediction...time: 51.42333745956421
Egy stat [5.023774, 10.865715, 8.331718, 0.58576435]
Start for  4_2_10 [65/105]
Fin;generate all combinations 120120 ...time: 0.2724423408508301
Fin; energy prediction...time: 16.030256748199463
Egy stat [4.887556, 9.670593, 7.4571314, 0.56949335]
Start for  4_1_11 [66/105]
Fin;generate all combinations 21840 ...time: 0.06483793258666992
Fin; energy prediction...time: 3.6381654739379883
Egy stat [4.4958687, 8.175795, 6.435154, 0.53272986]
Start for  3_12_1 [67/105]
Fin;generate all combinations 7280 ...time: 0.02067732810974121
Fin; energy prediction...time: 1.846433401107788
Egy stat [6.958311, 8.399027, 7.7539406, 0.2563836]
Start for  3_11_2 [68/105]
Fin;generate all combinations 43680 ...time: 0.08277392387390137
Fin; energy prediction...time: 6.775097370147705
Egy stat [7.5157413, 9.552563, 8.453181, 0.3107155]
Start for  3_10_3 [69/105]
Fin;generate all combinations 160160 ...time: 0.6587331295013428
Fin; energy prediction...time: 20.27774167060852
Egy stat [7.6689587, 10.257416, 8.932413, 0.3751566]
Start for  3_9_4 [70/105]
Fin;generate all combinations 400400 ...time: 1.68556547164917
Fin; energy prediction...time: 48.79874587059021
Egy stat [7.5624123, 11.133902, 9.197768, 0.43732232]
Start for  3_8_5 [71/105]
Fin;generate all combinations 720720 ...time: 3.385747194290161
Fin; energy prediction...time: 88.69990611076355
Egy stat [7.386324, 11.074532, 9.256703, 0.49151608]
Start for  3_7_6 [72/105]
Fin;generate all combinations 960960 ...time: 4.518054723739624
Fin; energy prediction...time: 117.08615183830261
Egy stat [6.7545033, 11.206446, 9.117638, 0.53488636]
Start for  3_6_7 [73/105]
Fin;generate all combinations 960960 ...time: 3.3556199073791504
Fin; energy prediction...time: 117.35316467285156
Egy stat [5.7390842, 11.316481, 8.7895975, 0.5656989]
Start for  3_5_8 [74/105]
Fin;generate all combinations 720720 ...time: 3.502671718597412
Fin; energy prediction...time: 92.01635932922363
Egy stat [4.354294, 11.370884, 8.28185, 0.5825468]
Start for  3_4_9 [75/105]
Fin;generate all combinations 400400 ...time: 0.8191535472869873
Fin; energy prediction...time: 51.683088064193726
Egy stat [4.300951, 10.276686, 7.603511, 0.5839438]
Start for  3_3_10 [76/105]
Fin;generate all combinations 160160 ...time: 0.36011791229248047
Fin; energy prediction...time: 20.511388540267944
Egy stat [4.153866, 8.972229, 6.763143, 0.56809425]
Start for  3_2_11 [77/105]
Fin;generate all combinations 43680 ...time: 0.10193562507629395
Fin; energy prediction...time: 6.538487672805786
Egy stat [3.8082523, 7.63908, 5.7683253, 0.532747]
Start for  3_1_12 [78/105]
Fin;generate all combinations 7280 ...time: 0.023055315017700195
Fin; energy prediction...time: 1.7342264652252197
Egy stat [3.0737238, 6.2230473, 4.6252275, 0.47500873]
Start for  2_13_1 [79/105]
Fin;generate all combinations 1680 ...time: 0.006292581558227539
Fin; energy prediction...time: 1.0114617347717285
Egy stat [5.6580906, 6.6750546, 6.2794795, 0.19739294]
Start for  2_12_2 [80/105]
Fin;generate all combinations 10920 ...time: 0.023089885711669922
Fin; energy prediction...time: 2.2031638622283936
Egy stat [6.14764, 7.9628696, 7.1030564, 0.27643663]
Start for  2_11_3 [81/105]
Fin;generate all combinations 43680 ...time: 0.138563871383667
Fin; energy prediction...time: 6.196422338485718
Egy stat [6.666605, 8.882923, 7.6957746, 0.356304]
Start for  2_10_4 [82/105]
Fin;generate all combinations 120120 ...time: 0.5932559967041016
Fin; energy prediction...time: 15.319831132888794
Egy stat [6.559126, 9.849171, 8.063421, 0.42734736]
Start for  2_9_5 [83/105]
Fin;generate all combinations 240240 ...time: 0.9240090847015381
Fin; energy prediction...time: 30.100252628326416
Egy stat [6.3959293, 9.877491, 8.213377, 0.48622462]
Start for  2_8_6 [84/105]
Fin;generate all combinations 360360 ...time: 1.5349006652832031
Fin; energy prediction...time: 44.52860689163208
Egy stat [5.8508816, 9.990643, 8.154229, 0.531529]
Start for  2_7_7 [85/105]
Fin;generate all combinations 411840 ...time: 2.2022879123687744
Fin; energy prediction...time: 51.33126878738403
Egy stat [4.9126053, 10.264708, 7.8953733, 0.562498]
Start for  2_6_8 [86/105]
Fin;generate all combinations 360360 ...time: 1.362652063369751
Fin; energy prediction...time: 46.018383264541626
Egy stat [3.5577812, 10.410191, 7.4465914, 0.5784654]
Start for  2_5_9 [87/105]
Fin;generate all combinations 240240 ...time: 0.4998447895050049
Fin; energy prediction...time: 30.623706340789795
Egy stat [3.5899258, 9.327917, 6.81764, 0.5785545]
Start for  2_4_10 [88/105]
Fin;generate all combinations 120120 ...time: 0.6342926025390625
Fin; energy prediction...time: 15.706968307495117
Egy stat [3.437685, 8.263187, 6.0178165, 0.56149536]
Start for  2_3_11 [89/105]
Fin;generate all combinations 43680 ...time: 0.27120018005371094
Fin; energy prediction...time: 6.321098327636719
Egy stat [3.1035337, 6.9487267, 5.055508, 0.52552915]
Start for  2_2_12 [90/105]
Fin;generate all combinations 10920 ...time: 0.028746366500854492
Fin; energy prediction...time: 2.3113341331481934
Egy stat [2.352995, 5.69907, 3.937734, 0.46835414]
Start for  2_1_13 [91/105]
Fin;generate all combinations 1680 ...time: 0.006175518035888672
Fin; energy prediction...time: 1.0595643520355225
Egy stat [1.7818651, 3.7118979, 2.669699, 0.38693723]
Start for  1_14_1 [92/105]
Fin;generate all combinations 240 ...time: 0.001771688461303711
Fin; energy prediction...time: 0.8446230888366699
Egy stat [4.406082, 4.8422728, 4.655294, 0.13541277]
Start for  1_13_2 [93/105]
Fin;generate all combinations 1680 ...time: 0.00397491455078125
Fin; energy prediction...time: 1.003096103668213
Egy stat [5.104785, 6.231619, 5.6146407, 0.24414909]
Start for  1_12_3 [94/105]
Fin;generate all combinations 7280 ...time: 0.01668238639831543
Fin; energy prediction...time: 1.8149030208587646
Egy stat [5.430546, 7.4528427, 6.332287, 0.33946174]
Start for  1_11_4 [95/105]
Fin;generate all combinations 21840 ...time: 0.12301921844482422
Fin; energy prediction...time: 3.6426002979278564
Egy stat [5.420682, 8.485508, 6.813411, 0.4192541]
Start for  1_10_5 [96/105]
Fin;generate all combinations 48048 ...time: 0.17987346649169922
Fin; energy prediction...time: 6.842980861663818
Egy stat [5.357255, 8.602009, 7.0651107, 0.48277628]
Start for  1_9_6 [97/105]
Fin;generate all combinations 80080 ...time: 0.27780699729919434
Fin; energy prediction...time: 10.669098854064941
Egy stat [4.9272346, 8.749865, 7.095964, 0.5298332]
Start for  1_8_7 [98/105]
Fin;generate all combinations 102960 ...time: 0.5755643844604492
Fin; energy prediction...time: 13.760401487350464
Egy stat [4.0656176, 9.150536, 6.915599, 0.5604552]
Start for  1_7_8 [99/105]
Fin;generate all combinations 102960 ...time: 0.4140772819519043
Fin; energy prediction...time: 13.469778060913086
Egy stat [2.7647, 9.414316, 6.5342307, 0.57463056]
Start for  1_6_9 [100/105]
Fin;generate all combinations 80080 ...time: 0.3602900505065918
Fin; energy prediction...time: 10.517762184143066
Egy stat [2.860489, 8.342106, 5.9622064, 0.5720733]
Start for  1_5_10 [101/105]
Fin;generate all combinations 48048 ...time: 0.27975010871887207
Fin; energy prediction...time: 6.859436750411987
Egy stat [2.7552786, 7.2920265, 5.20953, 0.5520459]
Start for  1_4_11 [102/105]
Fin;generate all combinations 21840 ...time: 0.05090761184692383
Fin; energy prediction...time: 3.6581952571868896
Egy stat [2.3866444, 5.9984016, 4.2853894, 0.5132624]
Start for  1_3_12 [103/105]
Fin;generate all combinations 7280 ...time: 0.01759171485900879
Fin; energy prediction...time: 1.7490181922912598
Egy stat [1.6979856, 4.7657614, 3.197667, 0.4538717]
Start for  1_2_13 [104/105]
Fin;generate all combinations 1680 ...time: 0.004578828811645508
Fin; energy prediction...time: 1.0056853294372559
Egy stat [1.0833817, 2.8502874, 1.9524673, 0.37145668]
Start for  1_1_14 [105/105]
Fin;generate all combinations 240 ...time: 0.001135110855102539
Fin; energy prediction...time: 0.8343102931976318
Egy stat [0.17941189, 0.99598885, 0.55365837, 0.2626811]
Saving....
Saved to... Rb_CdGePb_I.pkl
Total elapsed time... 5568.923265695572
