Summary of calculations
Site name (A,B,C)... Rb Cd,Pb,Sn I
Base cif file name... ../0.cif
Save file name... Rb_CdPbSn_I.pkl
Fin; combination with repetition...time: 0.007454872131347656
Start for  14_1_1 [1/105]
Fin;generate all combinations 240 ...time: 0.0006225109100341797
Fin; energy prediction...time: 0.21790146827697754
Egy stat [16.37477, 17.188963, 16.738018, 0.18755431]
Start for  13_2_1 [2/105]
Fin;generate all combinations 1680 ...time: 0.0033981800079345703
Fin; energy prediction...time: 0.37314653396606445
Egy stat [15.283167, 16.733007, 15.939761, 0.26623157]
Start for  13_1_2 [3/105]
Fin;generate all combinations 1680 ...time: 0.0036344528198242188
Fin; energy prediction...time: 0.37367844581604004
Egy stat [13.9429245, 15.119211, 14.468225, 0.22525913]
Start for  12_3_1 [4/105]
Fin;generate all combinations 7280 ...time: 0.012029886245727539
Fin; energy prediction...time: 1.2003562450408936
Egy stat [13.939693, 16.446386, 15.064675, 0.3339036]
Start for  12_2_2 [5/105]
Fin;generate all combinations 10920 ...time: 0.016852855682373047
Fin; energy prediction...time: 1.6424710750579834
Egy stat [12.646713, 14.929106, 13.667208, 0.2956768]
Start for  12_1_3 [6/105]
Fin;generate all combinations 7280 ...time: 0.06342554092407227
Fin; energy prediction...time: 1.2035231590270996
Egy stat [11.42614, 13.316376, 12.248704, 0.25040844]
Start for  11_4_1 [7/105]
Fin;generate all combinations 21840 ...time: 0.07761621475219727
Fin; energy prediction...time: 2.8520781993865967
Egy stat [12.602596, 15.337225, 14.09905, 0.39558262]
Start for  11_3_2 [8/105]
Fin;generate all combinations 43680 ...time: 0.11244463920593262
Fin; energy prediction...time: 5.728682041168213
Egy stat [11.325327, 13.900074, 12.768241, 0.36021388]
Start for  11_2_3 [9/105]
Fin;generate all combinations 43680 ...time: 0.15099740028381348
Fin; energy prediction...time: 5.680756092071533
Egy stat [10.152628, 12.478081, 11.415482, 0.32085544]
Start for  11_1_4 [10/105]
Fin;generate all combinations 21840 ...time: 0.04138755798339844
Fin; energy prediction...time: 3.1430985927581787
Egy stat [9.023441, 10.971039, 10.041922, 0.27720612]
Start for  10_5_1 [11/105]
Fin;generate all combinations 48048 ...time: 0.19983363151550293
Fin; energy prediction...time: 6.151395082473755
Egy stat [11.045418, 14.279861, 13.033387, 0.4497336]
Start for  10_4_2 [12/105]
Fin;generate all combinations 120120 ...time: 0.4248812198638916
Fin; energy prediction...time: 15.18818211555481
Egy stat [9.858471, 12.969826, 11.762019, 0.41752338]
Start for  10_3_3 [13/105]
Fin;generate all combinations 160160 ...time: 0.435133695602417
Fin; energy prediction...time: 20.190559148788452
Egy stat [8.696693, 11.622904, 10.467968, 0.38307828]
Start for  10_2_4 [14/105]
Fin;generate all combinations 120120 ...time: 0.35810256004333496
Fin; energy prediction...time: 15.884581327438354
Egy stat [7.5323334, 10.292334, 9.152446, 0.34649283]
Start for  10_1_5 [15/105]
Fin;generate all combinations 48048 ...time: 0.0982673168182373
Fin; energy prediction...time: 6.41392183303833
Egy stat [6.52055, 8.825174, 7.8165526, 0.30787483]
Start for  9_6_1 [16/105]
Fin;generate all combinations 80080 ...time: 0.33181262016296387
Fin; energy prediction...time: 10.454683542251587
Egy stat [9.291725, 13.571598, 11.86142, 0.49321082]
Start for  9_5_2 [17/105]
Fin;generate all combinations 240240 ...time: 0.8063690662384033
Fin; energy prediction...time: 30.16458821296692
Egy stat [8.226856, 12.295904, 10.6426935, 0.46405703]
Start for  9_4_3 [18/105]
Fin;generate all combinations 400400 ...time: 1.1982779502868652
Fin; energy prediction...time: 50.317869901657104
Egy stat [7.188942, 11.005686, 9.400638, 0.4336897]
Start for  9_3_4 [19/105]
Fin;generate all combinations 400400 ...time: 1.5685336589813232
Fin; energy prediction...time: 50.76238942146301
Egy stat [6.151287, 9.721447, 8.136555, 0.40224883]
Start for  9_2_5 [20/105]
Fin;generate all combinations 240240 ...time: 0.396026611328125
Fin; energy prediction...time: 30.453646421432495
Egy stat [5.0907497, 8.253662, 6.8516216, 0.36993092]
Start for  9_1_6 [21/105]
Fin;generate all combinations 80080 ...time: 0.49750351905822754
Fin; energy prediction...time: 10.414973258972168
Egy stat [4.0829964, 6.717455, 5.5468993, 0.33702984]
Start for  8_7_1 [22/105]
Fin;generate all combinations 102960 ...time: 0.16857075691223145
Fin; energy prediction...time: 13.08953332901001
Egy stat [7.2228317, 13.062685, 10.579041, 0.5230254]
Start for  8_6_2 [23/105]
Fin;generate all combinations 360360 ...time: 1.3076200485229492
Fin; energy prediction...time: 45.377058029174805
Egy stat [6.287285, 11.797779, 9.406848, 0.49662653]
Start for  8_5_3 [24/105]
Fin;generate all combinations 720720 ...time: 2.7516024112701416
Fin; energy prediction...time: 89.7296359539032
Egy stat [5.3701954, 10.522894, 8.210659, 0.46957347]
Start for  8_4_4 [25/105]
Fin;generate all combinations 900900 ...time: 4.151693820953369
Fin; energy prediction...time: 111.56637406349182
Egy stat [4.4284105, 9.257206, 6.9918933, 0.44197235]
Start for  8_3_5 [26/105]
Fin;generate all combinations 720720 ...time: 2.6232247352600098
Fin; energy prediction...time: 93.50154566764832
Egy stat [3.47396, 7.771147, 5.751839, 0.4139699]
Start for  8_2_6 [27/105]
Fin;generate all combinations 360360 ...time: 0.6744542121887207
Fin; energy prediction...time: 45.98194432258606
Egy stat [2.4971352, 6.2979774, 4.491643, 0.3857775]
Start for  8_1_7 [28/105]
Fin;generate all combinations 102960 ...time: 0.24683547019958496
Fin; energy prediction...time: 13.502047538757324
Egy stat [1.5335302, 4.811283, 3.212355, 0.3576986]
Start for  7_8_1 [29/105]
Fin;generate all combinations 102960 ...time: 0.18898415565490723
Fin; energy prediction...time: 13.57874345779419
Egy stat [6.1821575, 11.396812, 9.183211, 0.5366883]
Start for  7_7_2 [30/105]
Fin;generate all combinations 411840 ...time: 1.37030029296875
Fin; energy prediction...time: 51.25897979736328
Egy stat [5.2177105, 10.1973, 8.052405, 0.5128049]
Start for  7_6_3 [31/105]
Fin;generate all combinations 960960 ...time: 3.591872453689575
Fin; energy prediction...time: 121.73044991493225
Egy stat [4.248872, 9.0003395, 6.896819, 0.48851982]
Start for  7_5_4 [32/105]
Fin;generate all combinations 1441440 ...time: 4.96467924118042
Fin; energy prediction...time: 182.485413312912
Egy stat [3.2957678, 7.775997, 5.718016, 0.46389776]
Start for  7_4_5 [33/105]
Fin;generate all combinations 1441440 ...time: 4.611648321151733
Fin; energy prediction...time: 184.97926807403564
Egy stat [2.3183374, 6.5573273, 4.5174046, 0.43902773]
Start for  7_3_6 [34/105]
Fin;generate all combinations 960960 ...time: 4.07737398147583
Fin; energy prediction...time: 121.5800051689148
Egy stat [1.3294506, 5.0869703, 3.296258, 0.41403478]
Start for  7_2_7 [35/105]
Fin;generate all combinations 411840 ...time: 2.519050359725952
Fin; energy prediction...time: 51.69909882545471
Egy stat [0.34297562, 3.6140947, 2.055738, 0.389094]
Start for  7_1_8 [36/105]
Fin;generate all combinations 102960 ...time: 0.8298048973083496
Fin; energy prediction...time: 13.726580619812012
Egy stat [-0.63881207, 2.1322756, 0.79691213, 0.36444503]
Start for  6_9_1 [37/105]
Fin;generate all combinations 80080 ...time: 0.16059541702270508
Fin; energy prediction...time: 10.848782062530518
Egy stat [5.2052755, 9.613255, 7.6708555, 0.53196925]
Start for  6_8_2 [38/105]
Fin;generate all combinations 360360 ...time: 1.5395581722259521
Fin; energy prediction...time: 45.88435387611389
Egy stat [4.0752783, 8.551937, 6.5775356, 0.51060885]
Start for  6_7_3 [39/105]
Fin;generate all combinations 960960 ...time: 4.0313942432403564
Fin; energy prediction...time: 119.15794157981873
Egy stat [3.0926027, 7.4245853, 5.458443, 0.4888914]
Start for  6_6_4 [40/105]
Fin;generate all combinations 1681680 ...time: 7.453678607940674
Fin; energy prediction...time: 208.23254704475403
Egy stat [2.1050987, 6.300186, 4.315285, 0.4668475]
Start for  6_5_5 [41/105]
Fin;generate all combinations 2018016 ...time: 9.063408136367798
Fin; energy prediction...time: 257.6251721382141
Egy stat [1.1137972, 5.117524, 3.1496239, 0.4445218]
Start for  6_4_6 [42/105]
Fin;generate all combinations 1681680 ...time: 8.613446474075317
Fin; energy prediction...time: 212.63545179367065
Egy stat [0.107907295, 3.9388514, 1.9628832, 0.42197773]
Start for  6_3_7 [43/105]
Fin;generate all combinations 960960 ...time: 5.911188840866089
Fin; energy prediction...time: 121.95814323425293
Egy stat [-0.9225254, 2.4723616, 0.75636786, 0.3993041]
Start for  6_2_8 [44/105]
Fin;generate all combinations 360360 ...time: 0.7480125427246094
Fin; energy prediction...time: 46.76418423652649
Egy stat [-1.9479542, 1.0149088, -0.4687239, 0.3766224]
Start for  6_1_9 [45/105]
Fin;generate all combinations 80080 ...time: 0.1978747844696045
Fin; energy prediction...time: 10.981934785842896
Egy stat [-2.9380078, -0.4692068, -1.7112767, 0.35409394]
Start for  5_10_1 [46/105]
Fin;generate all combinations 48048 ...time: 0.1086883544921875
Fin; energy prediction...time: 6.801181316375732
Egy stat [4.087923, 7.748808, 6.037841, 0.5065117]
Start for  5_9_2 [47/105]
Fin;generate all combinations 240240 ...time: 0.6215295791625977
Fin; energy prediction...time: 30.36900043487549
Egy stat [2.9043627, 6.673689, 4.979599, 0.48802787]
Start for  5_8_3 [48/105]
Fin;generate all combinations 720720 ...time: 2.509063243865967
Fin; energy prediction...time: 90.0688259601593
Egy stat [1.7970362, 5.590067, 3.8943014, 0.4690962]
Start for  5_7_4 [49/105]
Fin;generate all combinations 1441440 ...time: 7.1466734409332275
Fin; energy prediction...time: 181.49878311157227
Egy stat [0.81426525, 4.45382, 2.783801, 0.4497187]
Start for  5_6_5 [50/105]
Fin;generate all combinations 2018016 ...time: 8.694170951843262
Fin; energy prediction...time: 249.6319146156311
Egy stat [-0.20576859, 3.3097134, 1.6498287, 0.42990738]
Start for  5_5_6 [51/105]
Fin;generate all combinations 2018016 ...time: 8.696362733840942
Fin; energy prediction...time: 251.7143166065216
Egy stat [-1.2213802, 2.0933313, 0.49397543, 0.40968293]
Start for  5_4_7 [52/105]
Fin;generate all combinations 1441440 ...time: 7.585882186889648
Fin; energy prediction...time: 184.52329206466675
Egy stat [-2.2466125, 0.8714247, -0.6822814, 0.38907877]
Start for  5_3_8 [53/105]
Fin;generate all combinations 720720 ...time: 1.4365131855010986
Fin; energy prediction...time: 91.73056840896606
Egy stat [-3.2726145, -0.5466423, -1.8775803, 0.36814296]
Start for  5_2_9 [54/105]
Fin;generate all combinations 240240 ...time: 0.5190422534942627
Fin; energy prediction...time: 30.84096670150757
Egy stat [-4.3181295, -1.9510555, -3.090651, 0.34694177]
Start for  5_1_10 [55/105]
Fin;generate all combinations 48048 ...time: 0.13476204872131348
Fin; energy prediction...time: 6.849149465560913
Egy stat [-5.3402686, -3.3812914, -4.320291, 0.32556236]
Start for  4_11_1 [56/105]
Fin;generate all combinations 21840 ...time: 0.05387139320373535
Fin; energy prediction...time: 3.6164944171905518
Egy stat [2.6538773, 5.7837124, 4.27807, 0.45750144]
Start for  4_10_2 [57/105]
Fin;generate all combinations 120120 ...time: 0.4564847946166992
Fin; energy prediction...time: 15.575361251831055
Egy stat [1.5303802, 4.8714314, 3.254204, 0.44263572]
Start for  4_9_3 [58/105]
Fin;generate all combinations 400400 ...time: 1.567122220993042
Fin; energy prediction...time: 51.12985563278198
Egy stat [0.43601894, 3.7573347, 2.2016401, 0.4271479]
Start for  4_8_4 [59/105]
Fin;generate all combinations 900900 ...time: 3.0712411403656006
Fin; energy prediction...time: 111.85143995285034
Egy stat [-0.66419506, 2.6801023, 1.1223857, 0.4110154]
Start for  4_7_5 [60/105]
Fin;generate all combinations 1441440 ...time: 7.090336561203003
Fin; energy prediction...time: 179.6206681728363
Egy stat [-1.6818905, 1.5007534, 0.018333603, 0.39422366]
Start for  4_6_6 [61/105]
Fin;generate all combinations 1681680 ...time: 7.947543621063232
Fin; energy prediction...time: 208.9001955986023
Egy stat [-2.6980376, 0.36473942, -1.1087403, 0.37676403]
Start for  4_5_7 [62/105]
Fin;generate all combinations 1441440 ...time: 5.370042562484741
Fin; energy prediction...time: 182.48662996292114
Egy stat [-3.7336879, -0.9050398, -2.2571764, 0.3586326]
Start for  4_4_8 [63/105]
Fin;generate all combinations 900900 ...time: 4.036701917648315
Fin; energy prediction...time: 114.79170608520508
Egy stat [-4.771592, -2.0915031, -3.4254196, 0.33983096]
Start for  4_3_9 [64/105]
Fin;generate all combinations 400400 ...time: 2.7765443325042725
Fin; energy prediction...time: 51.92750549316406
Egy stat [-5.8369737, -3.4425898, -4.6120133, 0.32036632]
Start for  4_2_10 [65/105]
Fin;generate all combinations 120120 ...time: 0.2784261703491211
Fin; energy prediction...time: 16.1481454372406
Egy stat [-6.9072046, -4.774854, -5.8155746, 0.30025086]
Start for  4_1_11 [66/105]
Fin;generate all combinations 21840 ...time: 0.06492900848388672
Fin; energy prediction...time: 3.535247325897217
Egy stat [-7.9565244, -6.1201878, -7.0347805, 0.2794991]
Start for  3_12_1 [67/105]
Fin;generate all combinations 7280 ...time: 0.020142078399658203
Fin; energy prediction...time: 1.7017848491668701
Egy stat [1.3262672, 3.459076, 2.3827724, 0.381442]
Start for  3_11_2 [68/105]
Fin;generate all combinations 43680 ...time: 0.0818626880645752
Fin; energy prediction...time: 6.294215202331543
Egy stat [0.21427917, 2.5400572, 1.394424, 0.3713645]
Start for  3_10_3 [69/105]
Fin;generate all combinations 160160 ...time: 0.6076633930206299
Fin; energy prediction...time: 20.635217666625977
Egy stat [-0.8595104, 1.6189594, 0.3753527, 0.36043185]
Start for  3_9_4 [70/105]
Fin;generate all combinations 400400 ...time: 1.5264225006103516
Fin; energy prediction...time: 50.55099105834961
Egy stat [-1.9308949, 0.51463604, -0.6723007, 0.3485992]
Start for  3_8_5 [71/105]
Fin;generate all combinations 720720 ...time: 3.314666509628296
Fin; energy prediction...time: 89.44327735900879
Egy stat [-2.971745, -0.5850611, -1.7464843, 0.33583266]
Start for  3_7_6 [72/105]
Fin;generate all combinations 960960 ...time: 5.4357969760894775
Fin; energy prediction...time: 120.54949021339417
Egy stat [-3.9982572, -1.7564173, -2.845242, 0.32210395]
Start for  3_6_7 [73/105]
Fin;generate all combinations 960960 ...time: 4.181777715682983
Fin; energy prediction...time: 122.2371039390564
Egy stat [-5.0486784, -2.9371085, -3.9667215, 0.307387]
Start for  3_5_8 [74/105]
Fin;generate all combinations 720720 ...time: 2.952920436859131
Fin; energy prediction...time: 91.03355932235718
Egy stat [-6.112591, -4.1699023, -5.109163, 0.2916555]
Start for  3_4_9 [75/105]
Fin;generate all combinations 400400 ...time: 2.4888739585876465
Fin; energy prediction...time: 51.681660890579224
Egy stat [-7.1763496, -5.3741856, -6.2708945, 0.27488115]
Start for  3_3_10 [76/105]
Fin;generate all combinations 160160 ...time: 0.3594062328338623
Fin; energy prediction...time: 20.906996488571167
Egy stat [-8.241647, -6.6888404, -7.450334, 0.25702965]
Start for  3_2_11 [77/105]
Fin;generate all combinations 43680 ...time: 0.11516952514648438
Fin; energy prediction...time: 6.685617208480835
Egy stat [-9.331549, -7.995125, -8.645947, 0.23805292]
Start for  3_1_12 [78/105]
Fin;generate all combinations 7280 ...time: 0.022398710250854492
Fin; energy prediction...time: 1.883296251296997
Egy stat [-10.414087, -9.315922, -9.856255, 0.21787424]
Start for  2_13_1 [79/105]
Fin;generate all combinations 1680 ...time: 0.006178855895996094
Fin; energy prediction...time: 1.0980663299560547
Egy stat [-0.22919655, 1.0081253, 0.3400185, 0.2739189]
Start for  2_12_2 [80/105]
Fin;generate all combinations 10920 ...time: 0.05761909484863281
Fin; energy prediction...time: 2.3023672103881836
Egy stat [-1.3201284, 0.22141647, -0.6097524, 0.2704361]
Start for  2_11_3 [81/105]
Fin;generate all combinations 43680 ...time: 0.18767738342285156
Fin; energy prediction...time: 6.553634405136108
Egy stat [-2.391179, -0.6783495, -1.5926613, 0.26576665]
Start for  2_10_4 [82/105]
Fin;generate all combinations 120120 ...time: 0.49388551712036133
Fin; energy prediction...time: 15.73570466041565
Egy stat [-3.4923697, -1.5807285, -2.6064591, 0.25984475]
Start for  2_9_5 [83/105]
Fin;generate all combinations 240240 ...time: 0.884549617767334
Fin; energy prediction...time: 30.900326251983643
Egy stat [-4.488616, -2.6630774, -3.6489549, 0.25262803]
Start for  2_8_6 [84/105]
Fin;generate all combinations 360360 ...time: 1.5930750370025635
Fin; energy prediction...time: 46.205236196517944
Egy stat [-5.538961, -3.7433858, -4.7180266, 0.24408549]
Start for  2_7_7 [85/105]
Fin;generate all combinations 411840 ...time: 1.3554787635803223
Fin; energy prediction...time: 51.97094392776489
Egy stat [-6.565996, -4.882549, -5.8116302, 0.23418936]
Start for  2_6_8 [86/105]
Fin;generate all combinations 360360 ...time: 1.27064847946167
Fin; energy prediction...time: 45.62537884712219
Egy stat [-7.6042213, -6.013407, -6.9278007, 0.22290917]
Start for  2_5_9 [87/105]
Fin;generate all combinations 240240 ...time: 0.9058332443237305
Fin; energy prediction...time: 31.494356870651245
Egy stat [-8.676323, -7.2512145, -8.064651, 0.2102064]
Start for  2_4_10 [88/105]
Fin;generate all combinations 120120 ...time: 0.25556063652038574
Fin; energy prediction...time: 16.415010929107666
Egy stat [-9.764426, -8.480455, -9.220362, 0.19602571]
Start for  2_3_11 [89/105]
Fin;generate all combinations 43680 ...time: 0.27504897117614746
Fin; energy prediction...time: 6.817291975021362
Egy stat [-10.845445, -9.784009, -10.393178, 0.18028043]
Start for  2_2_12 [90/105]
Fin;generate all combinations 10920 ...time: 0.10716676712036133
Fin; energy prediction...time: 2.2225289344787598
Egy stat [-11.9354725, -11.079604, -11.581392, 0.16282278]
Start for  2_1_13 [91/105]
Fin;generate all combinations 1680 ...time: 0.0061664581298828125
Fin; energy prediction...time: 1.1788499355316162
Egy stat [-13.041334, -12.431501, -12.783326, 0.14337882]
Start for  1_14_1 [92/105]
Fin;generate all combinations 240 ...time: 0.0014052391052246094
Fin; energy prediction...time: 0.8914341926574707
Egy stat [-2.0926056, -1.6599159, -1.8655182, 0.1281156]
Start for  1_13_2 [93/105]
Fin;generate all combinations 1680 ...time: 0.0037364959716796875
Fin; energy prediction...time: 1.0715458393096924
Egy stat [-3.0786996, -2.4480104, -2.7717392, 0.13552853]
Start for  1_12_3 [94/105]
Fin;generate all combinations 7280 ...time: 0.01613616943359375
Fin; energy prediction...time: 1.8267478942871094
Egy stat [-4.07876, -3.3177662, -3.7138798, 0.14070256]
Start for  1_11_4 [95/105]
Fin;generate all combinations 21840 ...time: 0.04689216613769531
Fin; energy prediction...time: 3.5715887546539307
Egy stat [-5.0849357, -4.1909876, -4.689617, 0.1436852]
Start for  1_10_5 [96/105]
Fin;generate all combinations 48048 ...time: 0.21940279006958008
Fin; energy prediction...time: 6.844692945480347
Egy stat [-6.1139746, -5.1973734, -5.6966515, 0.14454786]
Start for  1_9_6 [97/105]
Fin;generate all combinations 80080 ...time: 0.37927794456481934
Fin; energy prediction...time: 11.143054962158203
Egy stat [-7.170231, -6.2048597, -6.732719, 0.14336322]
Start for  1_8_7 [98/105]
Fin;generate all combinations 102960 ...time: 0.5555644035339355
Fin; energy prediction...time: 13.747116327285767
Egy stat [-8.22527, -7.2746725, -7.7956038, 0.14019302]
Start for  1_7_8 [99/105]
Fin;generate all combinations 102960 ...time: 0.37717223167419434
Fin; energy prediction...time: 13.584984302520752
Egy stat [-9.284548, -8.341055, -8.883145, 0.13507879]
Start for  1_6_9 [100/105]
Fin;generate all combinations 80080 ...time: 0.3267683982849121
Fin; energy prediction...time: 10.69557809829712
Egy stat [-10.344644, -9.527111, -9.993241, 0.12803496]
Start for  1_5_10 [101/105]
Fin;generate all combinations 48048 ...time: 0.25252461433410645
Fin; energy prediction...time: 6.891130685806274
Egy stat [-11.428727, -10.729433, -11.123839, 0.119034186]
Start for  1_4_11 [102/105]
Fin;generate all combinations 21840 ...time: 0.14890146255493164
Fin; energy prediction...time: 3.7273495197296143
Egy stat [-12.513188, -11.904674, -12.272948, 0.10797743]
Start for  1_3_12 [103/105]
Fin;generate all combinations 7280 ...time: 0.08235526084899902
Fin; energy prediction...time: 1.8799562454223633
Egy stat [-13.6246605, -13.18549, -13.438607, 0.09462337]
Start for  1_2_13 [104/105]
Fin;generate all combinations 1680 ...time: 0.004933834075927734
Fin; energy prediction...time: 1.1108589172363281
Egy stat [-14.753695, -14.450636, -14.6188965, 0.078396395]
Start for  1_1_14 [105/105]
Fin;generate all combinations 240 ...time: 0.002079010009765625
Fin; energy prediction...time: 0.9231040477752686
Egy stat [-15.89448, -15.715282, -15.811916, 0.057691675]
Saving....
Saved to... Rb_CdPbSn_I.pkl
Total elapsed time... 5660.31955742836
