Summary of calculations
Site name (A,B,C)... Rb Cd,Sn,Zn I
Base cif file name... ../0.cif
Save file name... Rb_CdSnZn_I.pkl
Fin; combination with repetition...time: 0.0016591548919677734
Start for  14_1_1 [1/105]
Fin;generate all combinations 240 ...time: 0.000621795654296875
Fin; energy prediction...time: 0.21645021438598633
Egy stat [22.145351, 22.665321, 22.379614, 0.12322545]
Start for  13_2_1 [2/105]
Fin;generate all combinations 1680 ...time: 0.0034644603729248047
Fin; energy prediction...time: 0.4336376190185547
Egy stat [19.682459, 20.778996, 20.122778, 0.20300764]
Start for  13_1_2 [3/105]
Fin;generate all combinations 1680 ...time: 0.003877401351928711
Fin; energy prediction...time: 0.4058997631072998
Egy stat [26.396175, 27.804897, 27.182032, 0.23074348]
Start for  12_3_1 [4/105]
Fin;generate all combinations 7280 ...time: 0.012237548828125
Fin; energy prediction...time: 1.1790940761566162
Egy stat [17.271072, 18.7731, 17.952137, 0.24534008]
Start for  12_2_2 [5/105]
Fin;generate all combinations 10920 ...time: 0.01738262176513672
Fin; energy prediction...time: 1.6880979537963867
Egy stat [23.949825, 25.9469, 24.965471, 0.29324675]
Start for  12_1_3 [6/105]
Fin;generate all combinations 7280 ...time: 0.06247091293334961
Fin; energy prediction...time: 1.1788108348846436
Egy stat [31.007355, 32.710155, 31.894897, 0.30091146]
Start for  11_4_1 [7/105]
Fin;generate all combinations 21840 ...time: 0.08506178855895996
Fin; energy prediction...time: 2.846667528152466
Egy stat [14.930687, 17.009329, 15.825463, 0.27683544]
Start for  11_3_2 [8/105]
Fin;generate all combinations 43680 ...time: 0.1130671501159668
Fin; energy prediction...time: 5.839208602905273
Egy stat [21.720444, 24.156227, 22.833895, 0.33417815]
Start for  11_2_3 [9/105]
Fin;generate all combinations 43680 ...time: 0.1394484043121338
Fin; energy prediction...time: 5.6207191944122314
Egy stat [28.551117, 30.800411, 29.721415, 0.35807362]
Start for  11_1_4 [10/105]
Fin;generate all combinations 21840 ...time: 0.045683860778808594
Fin; energy prediction...time: 3.052910327911377
Egy stat [35.45149, 37.71725, 36.52868, 0.33847356]
Start for  10_5_1 [11/105]
Fin;generate all combinations 48048 ...time: 0.20845961570739746
Fin; energy prediction...time: 6.154306411743164
Egy stat [12.588123, 14.677975, 13.707122, 0.31157]
Start for  10_4_2 [12/105]
Fin;generate all combinations 120120 ...time: 0.5189144611358643
Fin; energy prediction...time: 14.907307624816895
Egy stat [19.520569, 22.477554, 20.746462, 0.36745414]
Start for  10_3_3 [13/105]
Fin;generate all combinations 160160 ...time: 0.3931283950805664
Fin; energy prediction...time: 20.533680200576782
Egy stat [26.261032, 28.902802, 27.629618, 0.39933628]
Start for  10_2_4 [14/105]
Fin;generate all combinations 120120 ...time: 0.587468147277832
Fin; energy prediction...time: 14.91747498512268
Egy stat [33.057194, 35.993774, 34.39999, 0.39565337]
Start for  10_1_5 [15/105]
Fin;generate all combinations 48048 ...time: 0.09219837188720703
Fin; energy prediction...time: 6.225123405456543
Egy stat [39.993893, 42.2514, 41.094448, 0.3504585]
Start for  9_6_1 [16/105]
Fin;generate all combinations 80080 ...time: 0.2346653938293457
Fin; energy prediction...time: 10.341647624969482
Egy stat [10.1600895, 12.629063, 11.567418, 0.3511865]
Start for  9_5_2 [17/105]
Fin;generate all combinations 240240 ...time: 0.8083903789520264
Fin; energy prediction...time: 29.53792953491211
Egy stat [17.123306, 20.274752, 18.668768, 0.40395737]
Start for  9_4_3 [18/105]
Fin;generate all combinations 400400 ...time: 1.2299349308013916
Fin; energy prediction...time: 49.24634265899658
Egy stat [24.053192, 27.320427, 25.580164, 0.43500212]
Start for  9_3_4 [19/105]
Fin;generate all combinations 400400 ...time: 1.251035451889038
Fin; energy prediction...time: 49.300158739089966
Egy stat [30.798088, 34.13374, 32.347843, 0.43920222]
Start for  9_2_5 [20/105]
Fin;generate all combinations 240240 ...time: 0.3981614112854004
Fin; energy prediction...time: 29.994982481002808
Egy stat [37.4698, 40.58073, 39.011215, 0.41121706]
Start for  9_1_6 [21/105]
Fin;generate all combinations 80080 ...time: 0.15789461135864258
Fin; energy prediction...time: 10.681291818618774
Egy stat [44.403194, 46.88414, 45.603336, 0.34437224]
Start for  8_7_1 [22/105]
Fin;generate all combinations 102960 ...time: 0.3251216411590576
Fin; energy prediction...time: 12.913944721221924
Egy stat [7.7959156, 10.731997, 9.382, 0.39016253]
Start for  8_6_2 [23/105]
Fin;generate all combinations 360360 ...time: 1.3437252044677734
Fin; energy prediction...time: 44.22740364074707
Egy stat [14.760372, 18.344294, 16.572159, 0.4458596]
Start for  8_5_3 [24/105]
Fin;generate all combinations 720720 ...time: 1.9756124019622803
Fin; energy prediction...time: 88.45703172683716
Egy stat [21.659634, 25.182396, 23.540012, 0.47436547]
Start for  8_4_4 [25/105]
Fin;generate all combinations 900900 ...time: 2.3773910999298096
Fin; energy prediction...time: 110.7442319393158
Egy stat [28.451168, 32.38878, 30.334465, 0.47814277]
Start for  8_3_5 [26/105]
Fin;generate all combinations 720720 ...time: 4.933939456939697
Fin; energy prediction...time: 89.12266516685486
Egy stat [35.31428, 38.778778, 36.997734, 0.4588058]
Start for  8_2_6 [27/105]
Fin;generate all combinations 360360 ...time: 2.3627419471740723
Fin; energy prediction...time: 44.24098181724548
Egy stat [41.827557, 45.267498, 43.565243, 0.41157174]
Start for  8_1_7 [28/105]
Fin;generate all combinations 102960 ...time: 0.7092084884643555
Fin; energy prediction...time: 13.402765274047852
Egy stat [48.87906, 51.354664, 50.06605, 0.32759175]
Start for  7_8_1 [29/105]
Fin;generate all combinations 102960 ...time: 0.1861896514892578
Fin; energy prediction...time: 13.16024899482727
Egy stat [5.4029837, 8.847143, 7.1313467, 0.42155704]
Start for  7_7_2 [30/105]
Fin;generate all combinations 411840 ...time: 1.6903860569000244
Fin; energy prediction...time: 50.83775448799133
Egy stat [12.450438, 16.38977, 14.433072, 0.4892143]
Start for  7_6_3 [31/105]
Fin;generate all combinations 960960 ...time: 3.2719807624816895
Fin; energy prediction...time: 117.56928396224976
Egy stat [19.269646, 23.556557, 21.481674, 0.5197203]
Start for  7_5_4 [32/105]
Fin;generate all combinations 1441440 ...time: 5.110734701156616
Fin; energy prediction...time: 177.96842098236084
Egy stat [26.094566, 30.586826, 28.32828, 0.52093834]
Start for  7_4_5 [33/105]
Fin;generate all combinations 1441440 ...time: 4.74363112449646
Fin; energy prediction...time: 179.8364200592041
Egy stat [33.026463, 37.179398, 35.017918, 0.50184804]
Start for  7_3_6 [34/105]
Fin;generate all combinations 960960 ...time: 5.275255441665649
Fin; energy prediction...time: 119.77767133712769
Egy stat [39.717033, 43.633434, 41.588715, 0.46475825]
Start for  7_2_7 [35/105]
Fin;generate all combinations 411840 ...time: 2.379657745361328
Fin; energy prediction...time: 51.46499514579773
Egy stat [46.305946, 49.733635, 48.071915, 0.4035732]
Start for  7_1_8 [36/105]
Fin;generate all combinations 102960 ...time: 0.9066038131713867
Fin; energy prediction...time: 13.375190496444702
Egy stat [53.34199, 55.905075, 54.492355, 0.30669782]
Start for  6_9_1 [37/105]
Fin;generate all combinations 80080 ...time: 0.1723182201385498
Fin; energy prediction...time: 10.614501476287842
Egy stat [3.1827812, 6.374771, 4.800316, 0.4398018]
Start for  6_8_2 [38/105]
Fin;generate all combinations 360360 ...time: 1.3543541431427002
Fin; energy prediction...time: 44.63859462738037
Egy stat [10.020767, 14.511505, 12.232584, 0.5281378]
Start for  6_7_3 [39/105]
Fin;generate all combinations 960960 ...time: 3.411325216293335
Fin; energy prediction...time: 118.0811014175415
Egy stat [16.995749, 21.641945, 19.382593, 0.5679759]
Start for  6_6_4 [40/105]
Fin;generate all combinations 1681680 ...time: 7.127525091171265
Fin; energy prediction...time: 207.31800532341003
Egy stat [23.698578, 28.895927, 26.303137, 0.5699357]
Start for  6_5_5 [41/105]
Fin;generate all combinations 2018016 ...time: 6.168959379196167
Fin; energy prediction...time: 253.66200828552246
Egy stat [30.752056, 35.33273, 33.041695, 0.5483389]
Start for  6_4_6 [42/105]
Fin;generate all combinations 1681680 ...time: 11.035805702209473
Fin; energy prediction...time: 208.80836462974548
Egy stat [37.49654, 42.103817, 39.63936, 0.5125916]
Start for  6_3_7 [43/105]
Fin;generate all combinations 960960 ...time: 5.588761568069458
Fin; energy prediction...time: 121.2570149898529
Egy stat [44.122562, 48.147137, 46.130013, 0.4635936]
Start for  6_2_8 [44/105]
Fin;generate all combinations 360360 ...time: 0.6775991916656494
Fin; energy prediction...time: 45.08023166656494
Egy stat [50.72256, 54.38307, 52.540382, 0.39305246]
Start for  6_1_9 [45/105]
Fin;generate all combinations 80080 ...time: 0.794456958770752
Fin; energy prediction...time: 10.820204257965088
Egy stat [57.815277, 60.135696, 58.89063, 0.2865699]
Start for  5_10_1 [46/105]
Fin;generate all combinations 48048 ...time: 0.11217451095581055
Fin; energy prediction...time: 6.632364273071289
Egy stat [0.83525085, 3.8883743, 2.3777707, 0.4413041]
Start for  5_9_2 [47/105]
Fin;generate all combinations 240240 ...time: 0.940610408782959
Fin; energy prediction...time: 30.280715942382812
Egy stat [7.8005886, 12.160419, 9.955908, 0.5574243]
Start for  5_8_3 [48/105]
Fin;generate all combinations 720720 ...time: 3.660733461380005
Fin; energy prediction...time: 89.36568713188171
Egy stat [14.698923, 19.727224, 17.22458, 0.61397797]
Start for  5_7_4 [49/105]
Fin;generate all combinations 1441440 ...time: 7.520219802856445
Fin; energy prediction...time: 178.55555748939514
Egy stat [21.470516, 26.94868, 24.237526, 0.6226074]
Start for  5_6_5 [50/105]
Fin;generate all combinations 2018016 ...time: 8.578389406204224
Fin; energy prediction...time: 246.12652826309204
Egy stat [28.331455, 33.690334, 31.04433, 0.6006895]
Start for  5_5_6 [51/105]
Fin;generate all combinations 2018016 ...time: 10.743317365646362
Fin; energy prediction...time: 248.89844918251038
Egy stat [35.288208, 40.283993, 37.68874, 0.56279826]
Start for  5_4_7 [52/105]
Fin;generate all combinations 1441440 ...time: 6.112140893936157
Fin; energy prediction...time: 176.03506231307983
Egy stat [41.98075, 46.702217, 44.2076, 0.5166389]
Start for  5_3_8 [53/105]
Fin;generate all combinations 720720 ...time: 3.798643112182617
Fin; energy prediction...time: 91.17439079284668
Egy stat [48.62028, 52.72127, 50.630264, 0.46059334]
Start for  5_2_9 [54/105]
Fin;generate all combinations 240240 ...time: 0.4976475238800049
Fin; energy prediction...time: 30.338565587997437
Egy stat [55.3292, 58.686394, 56.978546, 0.38376084]
Start for  5_1_10 [55/105]
Fin;generate all combinations 48048 ...time: 0.13466835021972656
Fin; energy prediction...time: 7.233973026275635
Egy stat [62.339256, 64.47447, 63.267574, 0.26938957]
Start for  4_11_1 [56/105]
Fin;generate all combinations 21840 ...time: 0.056511878967285156
Fin; energy prediction...time: 3.472578525543213
Egy stat [-1.4282436, 1.0860033, -0.14374636, 0.42416894]
Start for  4_10_2 [57/105]
Fin;generate all combinations 120120 ...time: 0.5901799201965332
Fin; energy prediction...time: 15.437467098236084
Egy stat [5.486891, 9.879196, 7.5920973, 0.57345927]
Start for  4_9_3 [58/105]
Fin;generate all combinations 400400 ...time: 1.7661685943603516
Fin; energy prediction...time: 49.50594091415405
Egy stat [12.589134, 17.329353, 14.993433, 0.6528446]
Start for  4_8_4 [59/105]
Fin;generate all combinations 900900 ...time: 3.393916130065918
Fin; energy prediction...time: 112.57329630851746
Egy stat [19.149689, 25.247486, 22.114237, 0.6743573]
Start for  4_7_5 [60/105]
Fin;generate all combinations 1441440 ...time: 6.147739887237549
Fin; energy prediction...time: 177.50922274589539
Egy stat [26.045437, 31.856026, 29.005556, 0.65684503]
Start for  4_6_6 [61/105]
Fin;generate all combinations 1681680 ...time: 6.894366264343262
Fin; energy prediction...time: 205.16818475723267
Egy stat [32.829247, 38.5674, 35.713535, 0.6179108]
Start for  4_5_7 [62/105]
Fin;generate all combinations 1441440 ...time: 10.14954948425293
Fin; energy prediction...time: 176.9907898902893
Egy stat [39.70531, 44.931553, 42.277935, 0.5703032]
Start for  4_4_8 [63/105]
Fin;generate all combinations 900900 ...time: 5.072817802429199
Fin; energy prediction...time: 110.2099940776825
Egy stat [46.357357, 51.37278, 48.731014, 0.5188533]
Start for  4_3_9 [64/105]
Fin;generate all combinations 400400 ...time: 2.749021053314209
Fin; energy prediction...time: 51.3993718624115
Egy stat [53.179646, 57.268578, 55.097187, 0.45876765]
Start for  4_2_10 [65/105]
Fin;generate all combinations 120120 ...time: 0.2834498882293701
Fin; energy prediction...time: 15.572468757629395
Egy stat [59.858955, 63.199043, 61.39297, 0.37659067]
Start for  4_1_11 [66/105]
Fin;generate all combinations 21840 ...time: 0.06560826301574707
Fin; energy prediction...time: 3.4202072620391846
Egy stat [66.89214, 68.75824, 67.62799, 0.25406727]
Start for  3_12_1 [67/105]
Fin;generate all combinations 7280 ...time: 0.02059793472290039
Fin; energy prediction...time: 1.624852180480957
Egy stat [-3.8647976, -1.5736389, -2.7682676, 0.38751835]
Start for  3_11_2 [68/105]
Fin;generate all combinations 43680 ...time: 0.13346290588378906
Fin; energy prediction...time: 6.05947732925415
Egy stat [3.4004822, 7.115856, 5.133748, 0.57423985]
Start for  3_10_3 [69/105]
Fin;generate all combinations 160160 ...time: 0.6724047660827637
Fin; energy prediction...time: 20.03322720527649
Egy stat [10.403297, 15.094934, 12.678585, 0.6809445]
Start for  3_9_4 [70/105]
Fin;generate all combinations 400400 ...time: 1.4893887042999268
Fin; energy prediction...time: 49.08320236206055
Egy stat [17.213308, 22.865204, 19.919771, 0.72059876]
Start for  3_8_5 [71/105]
Fin;generate all combinations 720720 ...time: 2.9632389545440674
Fin; energy prediction...time: 89.49925684928894
Egy stat [23.783459, 30.19896, 26.909187, 0.71272695]
Start for  3_7_6 [72/105]
Fin;generate all combinations 960960 ...time: 3.7510907649993896
Fin; energy prediction...time: 119.66419100761414
Egy stat [30.574657, 36.861843, 33.69484, 0.67636836]
Start for  3_6_7 [73/105]
Fin;generate all combinations 960960 ...time: 4.968393802642822
Fin; energy prediction...time: 118.29892611503601
Egy stat [37.257847, 43.310402, 40.319153, 0.62732995]
Start for  3_5_8 [74/105]
Fin;generate all combinations 720720 ...time: 2.9347000122070312
Fin; energy prediction...time: 89.56523275375366
Egy stat [44.03304, 49.64908, 46.817482, 0.5753938]
Start for  3_4_9 [75/105]
Fin;generate all combinations 400400 ...time: 1.9879248142242432
Fin; energy prediction...time: 50.888603925704956
Egy stat [50.983047, 55.953484, 53.2172, 0.5217448]
Start for  3_3_10 [76/105]
Fin;generate all combinations 160160 ...time: 0.34820008277893066
Fin; energy prediction...time: 21.487071990966797
Egy stat [57.704193, 61.87654, 59.53728, 0.45826513]
Start for  3_2_11 [77/105]
Fin;generate all combinations 43680 ...time: 0.10275530815124512
Fin; energy prediction...time: 6.38301682472229
Egy stat [64.54254, 67.51243, 65.78854, 0.36947578]
Start for  3_1_12 [78/105]
Fin;generate all combinations 7280 ...time: 0.023005247116088867
Fin; energy prediction...time: 1.6918063163757324
Egy stat [71.394196, 73.13037, 71.9747, 0.23647553]
Start for  2_13_1 [79/105]
Fin;generate all combinations 1680 ...time: 0.006173133850097656
Fin; energy prediction...time: 1.0431201457977295
Egy stat [-6.218962, -4.72228, -5.4966164, 0.33016217]
Start for  2_12_2 [80/105]
Fin;generate all combinations 10920 ...time: 0.022884845733642578
Fin; energy prediction...time: 2.220425605773926
Egy stat [1.1281633, 4.4126625, 2.5768058, 0.5590003]
Start for  2_11_3 [81/105]
Fin;generate all combinations 43680 ...time: 0.08941936492919922
Fin; energy prediction...time: 6.180148124694824
Egy stat [8.25367, 12.631554, 10.272898, 0.69603944]
Start for  2_10_4 [82/105]
Fin;generate all combinations 120120 ...time: 0.465914249420166
Fin; energy prediction...time: 15.887072563171387
Egy stat [15.178663, 20.579401, 17.644146, 0.7577027]
Start for  2_9_5 [83/105]
Fin;generate all combinations 240240 ...time: 0.9293613433837891
Fin; energy prediction...time: 30.1859073638916
Egy stat [21.953835, 27.784973, 24.742601, 0.7640729]
Start for  2_8_6 [84/105]
Fin;generate all combinations 360360 ...time: 1.595763921737671
Fin; energy prediction...time: 44.61869955062866
Egy stat [28.301258, 35.245884, 31.617588, 0.73465496]
Start for  2_7_7 [85/105]
Fin;generate all combinations 411840 ...time: 1.3741111755371094
Fin; energy prediction...time: 51.31729578971863
Egy stat [34.968746, 41.705097, 38.313732, 0.68673164]
Start for  2_6_8 [86/105]
Fin;generate all combinations 360360 ...time: 1.4148304462432861
Fin; energy prediction...time: 45.365392208099365
Egy stat [41.62626, 48.184673, 44.86935, 0.633261]
Start for  2_5_9 [87/105]
Fin;generate all combinations 240240 ...time: 1.0359230041503906
Fin; energy prediction...time: 31.20683002471924
Egy stat [48.69911, 53.927246, 51.315037, 0.5802594]
Start for  2_4_10 [88/105]
Fin;generate all combinations 120120 ...time: 0.2581515312194824
Fin; energy prediction...time: 16.410096645355225
Egy stat [55.47129, 60.641525, 57.67276, 0.52498937]
Start for  2_3_11 [89/105]
Fin;generate all combinations 43680 ...time: 0.09978079795837402
Fin; energy prediction...time: 6.354591369628906
Egy stat [62.345047, 66.27579, 63.955666, 0.45645943]
Start for  2_2_12 [90/105]
Fin;generate all combinations 10920 ...time: 0.029163837432861328
Fin; energy prediction...time: 2.12250018119812
Egy stat [69.12249, 71.91587, 70.16845, 0.3579203]
Start for  2_1_13 [91/105]
Fin;generate all combinations 1680 ...time: 0.005928754806518555
Fin; energy prediction...time: 1.0479862689971924
Egy stat [75.83118, 77.05842, 76.308624, 0.20983347]
Start for  1_14_1 [92/105]
Fin;generate all combinations 240 ...time: 0.0015032291412353516
Fin; energy prediction...time: 0.8662848472595215
Egy stat [-8.751301, -7.8766446, -8.326586, 0.24692713]
Start for  1_13_2 [93/105]
Fin;generate all combinations 1680 ...time: 0.0041849613189697266
Fin; energy prediction...time: 0.9587256908416748
Egy stat [-1.2307959, 1.241354, -0.07959366, 0.5275847]
Start for  1_12_3 [94/105]
Fin;generate all combinations 7280 ...time: 0.01710796356201172
Fin; energy prediction...time: 1.719541072845459
Egy stat [6.0187244, 10.20492, 7.7724805, 0.69701344]
Start for  1_11_4 [95/105]
Fin;generate all combinations 21840 ...time: 0.10613203048706055
Fin; energy prediction...time: 3.8664677143096924
Egy stat [13.0577545, 18.28427, 15.280632, 0.7831852]
Start for  1_10_5 [96/105]
Fin;generate all combinations 48048 ...time: 0.18407249450683594
Fin; energy prediction...time: 6.806294918060303
Egy stat [20.10345, 25.433186, 22.496521, 0.8073134]
Start for  1_9_6 [97/105]
Fin;generate all combinations 80080 ...time: 0.41287994384765625
Fin; energy prediction...time: 10.6315598487854
Egy stat [26.512394, 32.74217, 29.470137, 0.78890884]
Start for  1_8_7 [98/105]
Fin;generate all combinations 102960 ...time: 0.5541794300079346
Fin; energy prediction...time: 13.58095645904541
Egy stat [32.67011, 40.25015, 36.247833, 0.7456479]
Start for  1_7_8 [99/105]
Fin;generate all combinations 102960 ...time: 0.43223071098327637
Fin; energy prediction...time: 13.509676218032837
Egy stat [39.321075, 46.611916, 42.870483, 0.6921323]
Start for  1_6_9 [100/105]
Fin;generate all combinations 80080 ...time: 0.35323572158813477
Fin; energy prediction...time: 10.826191902160645
Egy stat [46.43312, 52.406796, 49.371887, 0.63771653]
Start for  1_5_10 [101/105]
Fin;generate all combinations 48048 ...time: 0.23717045783996582
Fin; energy prediction...time: 6.663132429122925
Egy stat [53.34855, 58.445328, 55.777374, 0.5842876]
Start for  1_4_11 [102/105]
Fin;generate all combinations 21840 ...time: 0.1488809585571289
Fin; energy prediction...time: 3.7353594303131104
Egy stat [60.25943, 65.11105, 62.103104, 0.525554]
Start for  1_3_12 [103/105]
Fin;generate all combinations 7280 ...time: 0.01721930503845215
Fin; energy prediction...time: 1.8823797702789307
Egy stat [67.0218, 70.72628, 68.355965, 0.4484817]
Start for  1_2_13 [104/105]
Fin;generate all combinations 1680 ...time: 0.005423069000244141
Fin; energy prediction...time: 1.059138536453247
Egy stat [73.78716, 75.79414, 74.53421, 0.335418]
Start for  1_1_14 [105/105]
Fin;generate all combinations 240 ...time: 0.0011594295501708984
Fin; energy prediction...time: 0.8862619400024414
Egy stat [80.31843, 81.13485, 80.628914, 0.16255268]
Saving....
Saved to... Rb_CdSnZn_I.pkl
Total elapsed time... 5572.221986532211
