Summary of calculations
Site name (A,B,C)... Rb Cd,Ge,Hg Cl
Base cif file name... ../0.cif
Save file name... Rb_CdGeHg_Cl.pkl
Fin; combination with repetition...time: 0.0015943050384521484
Start for  14_1_1 [1/105]
Fin;generate all combinations 240 ...time: 0.0006251335144042969
Fin; energy prediction...time: 0.2035219669342041
Egy stat [-29.100664, -28.675589, -28.815405, 0.10560808]
Start for  13_2_1 [2/105]
Fin;generate all combinations 1680 ...time: 0.0035305023193359375
Fin; energy prediction...time: 0.4033780097961426
Egy stat [-31.750786, -29.989563, -31.148483, 0.3198785]
Start for  13_1_2 [3/105]
Fin;generate all combinations 1680 ...time: 0.004098176956176758
Fin; energy prediction...time: 0.3654794692993164
Egy stat [-29.86656, -28.680384, -29.144588, 0.30350858]
Start for  12_3_1 [4/105]
Fin;generate all combinations 7280 ...time: 0.012531280517578125
Fin; energy prediction...time: 1.1504967212677002
Egy stat [-34.19275, -32.324303, -33.243587, 0.37185514]
Start for  12_2_2 [5/105]
Fin;generate all combinations 10920 ...time: 0.01683950424194336
Fin; energy prediction...time: 1.6673693656921387
Egy stat [-32.681664, -30.029007, -31.534042, 0.42936814]
Start for  12_1_3 [6/105]
Fin;generate all combinations 7280 ...time: 0.06417131423950195
Fin; energy prediction...time: 1.20241117477417
Egy stat [-30.741543, -28.649927, -29.598425, 0.45615053]
Start for  11_4_1 [7/105]
Fin;generate all combinations 21840 ...time: 0.0790860652923584
Fin; energy prediction...time: 2.9853644371032715
Egy stat [-36.57743, -33.548065, -35.176712, 0.3457796]
Start for  11_3_2 [8/105]
Fin;generate all combinations 43680 ...time: 0.12567949295043945
Fin; energy prediction...time: 5.8657143115997314
Egy stat [-35.13359, -32.349197, -33.676502, 0.46710464]
Start for  11_2_3 [9/105]
Fin;generate all combinations 43680 ...time: 0.18022537231445312
Fin; energy prediction...time: 5.655992746353149
Egy stat [-33.56527, -29.968704, -32.04229, 0.54000056]
Start for  11_1_4 [10/105]
Fin;generate all combinations 21840 ...time: 0.04144096374511719
Fin; energy prediction...time: 3.1610231399536133
Egy stat [-31.686337, -28.52402, -30.168974, 0.57371795]
Start for  10_5_1 [11/105]
Fin;generate all combinations 48048 ...time: 0.1953418254852295
Fin; energy prediction...time: 6.297940731048584
Egy stat [-38.001274, -35.773552, -37.01561, 0.2954848]
Start for  10_4_2 [12/105]
Fin;generate all combinations 120120 ...time: 0.48232245445251465
Fin; energy prediction...time: 15.286274909973145
Egy stat [-37.522182, -33.547966, -35.648994, 0.43824476]
Start for  10_3_3 [13/105]
Fin;generate all combinations 160160 ...time: 0.5641913414001465
Fin; energy prediction...time: 20.63351011276245
Egy stat [-36.00611, -32.34121, -34.229923, 0.56119853]
Start for  10_2_4 [14/105]
Fin;generate all combinations 120120 ...time: 0.3686835765838623
Fin; energy prediction...time: 15.118404626846313
Egy stat [-34.400696, -30.097397, -32.665028, 0.63034964]
Start for  10_1_5 [15/105]
Fin;generate all combinations 48048 ...time: 0.09847688674926758
Fin; energy prediction...time: 6.289942502975464
Egy stat [-32.45098, -28.4731, -30.848198, 0.6576771]
Start for  9_6_1 [16/105]
Fin;generate all combinations 80080 ...time: 0.274827241897583
Fin; energy prediction...time: 10.593128204345703
Egy stat [-39.816017, -37.2333, -38.81925, 0.27311033]
Start for  9_5_2 [17/105]
Fin;generate all combinations 240240 ...time: 0.6074085235595703
Fin; energy prediction...time: 29.99012804031372
Egy stat [-38.906246, -35.791992, -37.520638, 0.38533655]
Start for  9_4_3 [18/105]
Fin;generate all combinations 400400 ...time: 1.2425329685211182
Fin; energy prediction...time: 51.22972917556763
Egy stat [-38.289474, -33.84581, -36.239235, 0.52414674]
Start for  9_3_4 [19/105]
Fin;generate all combinations 400400 ...time: 1.6037368774414062
Fin; energy prediction...time: 49.24158263206482
Egy stat [-36.839348, -32.483505, -34.895527, 0.6364678]
Start for  9_2_5 [20/105]
Fin;generate all combinations 240240 ...time: 0.8617258071899414
Fin; energy prediction...time: 30.006341695785522
Egy stat [-35.296677, -30.15699, -33.393944, 0.69425786]
Start for  9_1_6 [21/105]
Fin;generate all combinations 80080 ...time: 0.1623821258544922
Fin; energy prediction...time: 10.233754634857178
Egy stat [-33.546013, -28.332493, -31.628132, 0.7089869]
Start for  8_7_1 [22/105]
Fin;generate all combinations 102960 ...time: 0.3179492950439453
Fin; energy prediction...time: 13.35601282119751
Egy stat [-41.56962, -39.237633, -40.637283, 0.29983327]
Start for  8_6_2 [23/105]
Fin;generate all combinations 360360 ...time: 1.2553722858428955
Fin; energy prediction...time: 44.50680351257324
Egy stat [-40.718452, -37.59615, -39.352077, 0.35041887]
Start for  8_5_3 [24/105]
Fin;generate all combinations 720720 ...time: 2.2533862590789795
Fin; energy prediction...time: 89.06441259384155
Egy stat [-39.716568, -36.054672, -38.14064, 0.4638126]
Start for  8_4_4 [25/105]
Fin;generate all combinations 900900 ...time: 3.572341203689575
Fin; energy prediction...time: 115.28810691833496
Egy stat [-39.06468, -34.029976, -36.93914, 0.5894477]
Start for  8_3_5 [26/105]
Fin;generate all combinations 720720 ...time: 4.9636924266815186
Fin; energy prediction...time: 89.05409860610962
Egy stat [-37.7031, -32.553024, -35.664864, 0.68716305]
Start for  8_2_6 [27/105]
Fin;generate all combinations 360360 ...time: 1.8588590621948242
Fin; energy prediction...time: 46.251793384552
Egy stat [-36.377323, -30.157885, -34.220753, 0.7301637]
Start for  8_1_7 [28/105]
Fin;generate all combinations 102960 ...time: 0.22157669067382812
Fin; energy prediction...time: 13.457996368408203
Egy stat [-34.855995, -28.093046, -32.501015, 0.7287507]
Start for  7_8_1 [29/105]
Fin;generate all combinations 102960 ...time: 0.1794590950012207
Fin; energy prediction...time: 13.365149736404419
Egy stat [-43.550472, -40.86827, -42.50955, 0.3473519]
Start for  7_7_2 [30/105]
Fin;generate all combinations 411840 ...time: 1.57999587059021
Fin; energy prediction...time: 51.19552826881409
Egy stat [-42.51402, -39.70984, -41.194736, 0.3536313]
Start for  7_6_3 [31/105]
Fin;generate all combinations 960960 ...time: 3.450336217880249
Fin; energy prediction...time: 125.3590087890625
Egy stat [-41.61802, -37.912354, -39.996284, 0.41707027]
Start for  7_5_4 [32/105]
Fin;generate all combinations 1441440 ...time: 5.072934150695801
Fin; energy prediction...time: 177.03470826148987
Egy stat [-40.523163, -36.27066, -38.867405, 0.52003044]
Start for  7_4_5 [33/105]
Fin;generate all combinations 1441440 ...time: 8.93764877319336
Fin; energy prediction...time: 182.17725324630737
Egy stat [-40.062927, -34.20964, -37.740265, 0.6299335]
Start for  7_3_6 [34/105]
Fin;generate all combinations 960960 ...time: 4.072506904602051
Fin; energy prediction...time: 124.75272226333618
Egy stat [-38.80329, -32.537453, -36.52949, 0.7118562]
Start for  7_2_7 [35/105]
Fin;generate all combinations 411840 ...time: 0.8059291839599609
Fin; energy prediction...time: 52.05298137664795
Egy stat [-37.472183, -30.091724, -35.13739, 0.7383902]
Start for  7_1_8 [36/105]
Fin;generate all combinations 102960 ...time: 0.25774574279785156
Fin; energy prediction...time: 14.07166862487793
Egy stat [-35.965508, -29.090717, -33.459515, 0.7183407]
Start for  6_9_1 [37/105]
Fin;generate all combinations 80080 ...time: 0.15938210487365723
Fin; energy prediction...time: 10.460260152816772
Egy stat [-45.492332, -43.045795, -44.465786, 0.38198063]
Start for  6_8_2 [38/105]
Fin;generate all combinations 360360 ...time: 1.3408982753753662
Fin; energy prediction...time: 45.85586667060852
Egy stat [-44.296024, -41.2289, -43.090218, 0.37853557]
Start for  6_7_3 [39/105]
Fin;generate all combinations 960960 ...time: 4.290729522705078
Fin; energy prediction...time: 119.15287041664124
Egy stat [-43.37821, -40.050938, -41.85939, 0.40361962]
Start for  6_6_4 [40/105]
Fin;generate all combinations 1681680 ...time: 9.705953598022461
Fin; energy prediction...time: 220.01201033592224
Egy stat [-42.46182, -38.208652, -40.743984, 0.4632106]
Start for  6_5_5 [41/105]
Fin;generate all combinations 2018016 ...time: 6.4997334480285645
Fin; energy prediction...time: 255.08830213546753
Egy stat [-41.48578, -36.412937, -39.6927, 0.5512541]
Start for  6_4_6 [42/105]
Fin;generate all combinations 1681680 ...time: 7.253761291503906
Fin; energy prediction...time: 210.2626142501831
Egy stat [-41.02014, -34.278603, -38.634148, 0.64496315]
Start for  6_3_7 [43/105]
Fin;generate all combinations 960960 ...time: 5.342397689819336
Fin; energy prediction...time: 119.93211960792542
Egy stat [-39.859684, -33.4721, -37.48117, 0.71113455]
Start for  6_2_8 [44/105]
Fin;generate all combinations 360360 ...time: 0.6808927059173584
Fin; energy prediction...time: 46.70124936103821
Egy stat [-38.580574, -32.019066, -36.136204, 0.7203629]
Start for  6_1_9 [45/105]
Fin;generate all combinations 80080 ...time: 0.2026681900024414
Fin; energy prediction...time: 11.725198745727539
Egy stat [-36.47346, -31.300255, -34.4969, 0.67941535]
Start for  5_10_1 [46/105]
Fin;generate all combinations 48048 ...time: 0.10480499267578125
Fin; energy prediction...time: 6.821390390396118
Egy stat [-47.624294, -45.222073, -46.525764, 0.38672006]
Start for  5_9_2 [47/105]
Fin;generate all combinations 240240 ...time: 0.5974113941192627
Fin; energy prediction...time: 30.815135717391968
Egy stat [-46.30944, -43.40664, -45.069927, 0.39606178]
Start for  5_8_3 [48/105]
Fin;generate all combinations 720720 ...time: 3.0200345516204834
Fin; energy prediction...time: 89.82635307312012
Egy stat [-45.1737, -41.570618, -43.773277, 0.41280589]
Start for  5_7_4 [49/105]
Fin;generate all combinations 1441440 ...time: 5.885484457015991
Fin; energy prediction...time: 182.24756026268005
Egy stat [-44.156734, -40.29455, -42.623672, 0.43958881]
Start for  5_6_5 [50/105]
Fin;generate all combinations 2018016 ...time: 6.056995868682861
Fin; energy prediction...time: 257.75151228904724
Egy stat [-43.334007, -38.455936, -41.58715, 0.48659143]
Start for  5_5_6 [51/105]
Fin;generate all combinations 2018016 ...time: 7.280872106552124
Fin; energy prediction...time: 255.8511643409729
Egy stat [-42.396973, -37.2565, -40.60818, 0.55762935]
Start for  5_4_7 [52/105]
Fin;generate all combinations 1441440 ...time: 2.5936949253082275
Fin; energy prediction...time: 183.14277029037476
Egy stat [-42.025208, -35.860386, -39.61259, 0.6356861]
Start for  5_3_8 [53/105]
Fin;generate all combinations 720720 ...time: 4.810336589813232
Fin; energy prediction...time: 91.24668526649475
Egy stat [-40.834846, -35.335613, -38.512154, 0.6869063]
Start for  5_2_9 [54/105]
Fin;generate all combinations 240240 ...time: 0.5510046482086182
Fin; energy prediction...time: 30.376731634140015
Egy stat [-39.35038, -33.83658, -37.210205, 0.67843264]
Start for  5_1_10 [55/105]
Fin;generate all combinations 48048 ...time: 0.14250969886779785
Fin; energy prediction...time: 6.822138071060181
Egy stat [-37.151363, -33.35408, -35.607204, 0.61391467]
Start for  4_11_1 [56/105]
Fin;generate all combinations 21840 ...time: 0.056269168853759766
Fin; energy prediction...time: 3.5287654399871826
Egy stat [-49.68508, -47.449135, -48.699673, 0.3577707]
Start for  4_10_2 [57/105]
Fin;generate all combinations 120120 ...time: 0.45438432693481445
Fin; energy prediction...time: 15.619942903518677
Egy stat [-48.448387, -45.565895, -47.154995, 0.38798252]
Start for  4_9_3 [58/105]
Fin;generate all combinations 400400 ...time: 1.4565653800964355
Fin; energy prediction...time: 52.059693336486816
Egy stat [-47.270622, -43.71719, -45.771095, 0.41904473]
Start for  4_8_4 [59/105]
Fin;generate all combinations 900900 ...time: 3.50398850440979
Fin; energy prediction...time: 111.67275142669678
Egy stat [-46.04778, -41.8384, -44.551617, 0.44159192]
Start for  4_7_5 [60/105]
Fin;generate all combinations 1441440 ...time: 5.896249771118164
Fin; energy prediction...time: 179.45795845985413
Egy stat [-44.96809, -41.088673, -43.47997, 0.45895934]
Start for  4_6_6 [61/105]
Fin;generate all combinations 1681680 ...time: 6.239242315292358
Fin; energy prediction...time: 207.58959031105042
Egy stat [-44.20869, -39.59198, -42.51774, 0.48788327]
Start for  4_5_7 [62/105]
Fin;generate all combinations 1441440 ...time: 10.379409074783325
Fin; energy prediction...time: 178.77919387817383
Egy stat [-43.420147, -38.73223, -41.605812, 0.54089236]
Start for  4_4_8 [63/105]
Fin;generate all combinations 900900 ...time: 4.183485984802246
Fin; energy prediction...time: 113.20366621017456
Egy stat [-43.009144, -36.885082, -40.667816, 0.6045977]
Start for  4_3_9 [64/105]
Fin;generate all combinations 400400 ...time: 2.21317982673645
Fin; energy prediction...time: 50.88766002655029
Egy stat [-41.742702, -37.00052, -39.61524, 0.64234483]
Start for  4_2_10 [65/105]
Fin;generate all combinations 120120 ...time: 0.25983095169067383
Fin; energy prediction...time: 15.74812364578247
Egy stat [-40.05883, -35.55761, -38.353165, 0.616068]
Start for  4_1_11 [66/105]
Fin;generate all combinations 21840 ...time: 0.06255388259887695
Fin; energy prediction...time: 3.611171007156372
Egy stat [-38.142075, -35.31052, -36.78534, 0.524087]
Start for  3_12_1 [67/105]
Fin;generate all combinations 7280 ...time: 0.019692420959472656
Fin; energy prediction...time: 1.6168992519378662
Egy stat [-51.747547, -50.07024, -50.989105, 0.30046076]
Start for  3_11_2 [68/105]
Fin;generate all combinations 43680 ...time: 0.13165783882141113
Fin; energy prediction...time: 6.192401885986328
Egy stat [-50.54047, -48.185673, -49.35669, 0.34998107]
Start for  3_10_3 [69/105]
Fin;generate all combinations 160160 ...time: 0.6011579036712646
Fin; energy prediction...time: 20.554141998291016
Egy stat [-49.34514, -46.272667, -47.875435, 0.40421215]
Start for  3_9_4 [70/105]
Fin;generate all combinations 400400 ...time: 1.3252410888671875
Fin; energy prediction...time: 51.701350927352905
Egy stat [-48.066746, -44.40252, -46.56261, 0.44521487]
Start for  3_8_5 [71/105]
Fin;generate all combinations 720720 ...time: 3.9502038955688477
Fin; energy prediction...time: 94.44051194190979
Egy stat [-46.925148, -42.619324, -45.418003, 0.46259764]
Start for  3_7_6 [72/105]
Fin;generate all combinations 960960 ...time: 3.811333417892456
Fin; energy prediction...time: 123.22220087051392
Egy stat [-45.866016, -41.94999, -44.420647, 0.46286243]
Start for  3_6_7 [73/105]
Fin;generate all combinations 960960 ...time: 3.5186498165130615
Fin; energy prediction...time: 120.13799691200256
Egy stat [-45.17474, -40.534187, -43.528038, 0.46964556]
Start for  3_5_8 [74/105]
Fin;generate all combinations 720720 ...time: 2.978076219558716
Fin; energy prediction...time: 90.51314568519592
Egy stat [-44.45296, -39.65049, -42.67797, 0.5042422]
Start for  3_4_9 [75/105]
Fin;generate all combinations 400400 ...time: 2.495469331741333
Fin; energy prediction...time: 51.81953549385071
Egy stat [-44.047195, -38.510197, -41.792656, 0.5557318]
Start for  3_3_10 [76/105]
Fin;generate all combinations 160160 ...time: 0.36833739280700684
Fin; energy prediction...time: 21.92326283454895
Egy stat [-42.59102, -38.52663, -40.78412, 0.5823414]
Start for  3_2_11 [77/105]
Fin;generate all combinations 43680 ...time: 0.10809183120727539
Fin; energy prediction...time: 6.4872496128082275
Egy stat [-41.050438, -37.172447, -39.55979, 0.53859854]
Start for  3_1_12 [78/105]
Fin;generate all combinations 7280 ...time: 0.023774147033691406
Fin; energy prediction...time: 1.7101097106933594
Egy stat [-39.06391, -37.050858, -38.027184, 0.4126791]
Start for  2_13_1 [79/105]
Fin;generate all combinations 1680 ...time: 0.0059511661529541016
Fin; energy prediction...time: 0.9908230304718018
Egy stat [-54.068768, -52.857983, -53.38842, 0.22797102]
Start for  2_12_2 [80/105]
Fin;generate all combinations 10920 ...time: 0.02288508415222168
Fin; energy prediction...time: 2.2883143424987793
Egy stat [-52.61809, -50.78796, -51.6773, 0.28989175]
Start for  2_11_3 [81/105]
Fin;generate all combinations 43680 ...time: 0.1571824550628662
Fin; energy prediction...time: 6.133675813674927
Egy stat [-51.37125, -48.884766, -50.098797, 0.36481136]
Start for  2_10_4 [82/105]
Fin;generate all combinations 120120 ...time: 0.5282578468322754
Fin; energy prediction...time: 15.88597059249878
Egy stat [-50.15631, -46.942493, -48.680862, 0.4325875]
Start for  2_9_5 [83/105]
Fin;generate all combinations 240240 ...time: 0.9102141857147217
Fin; energy prediction...time: 30.65534019470215
Egy stat [-48.86729, -45.13544, -47.437786, 0.47311187]
Start for  2_8_6 [84/105]
Fin;generate all combinations 360360 ...time: 1.5893099308013916
Fin; energy prediction...time: 45.49949789047241
Egy stat [-47.833466, -43.325924, -46.365387, 0.47740966]
Start for  2_7_7 [85/105]
Fin;generate all combinations 411840 ...time: 1.616628646850586
Fin; energy prediction...time: 51.41110014915466
Egy stat [-46.862186, -42.70478, -45.43844, 0.45511764]
Start for  2_6_8 [86/105]
Fin;generate all combinations 360360 ...time: 1.35178542137146
Fin; energy prediction...time: 44.96257424354553
Egy stat [-46.142475, -41.18145, -44.61074, 0.43654892]
Start for  2_5_9 [87/105]
Fin;generate all combinations 240240 ...time: 1.4395859241485596
Fin; energy prediction...time: 30.34917140007019
Egy stat [-45.48434, -41.186043, -43.817677, 0.45295733]
Start for  2_4_10 [88/105]
Fin;generate all combinations 120120 ...time: 0.24537372589111328
Fin; energy prediction...time: 15.692304134368896
Egy stat [-45.028744, -39.969624, -42.980824, 0.49555498]
Start for  2_3_11 [89/105]
Fin;generate all combinations 43680 ...time: 0.10103940963745117
Fin; energy prediction...time: 6.5252838134765625
Egy stat [-43.623207, -40.062416, -42.013405, 0.514743]
Start for  2_2_12 [90/105]
Fin;generate all combinations 10920 ...time: 0.02718520164489746
Fin; energy prediction...time: 2.318993091583252
Egy stat [-42.085873, -38.977623, -40.82579, 0.4552006]
Start for  2_1_13 [91/105]
Fin;generate all combinations 1680 ...time: 0.0066149234771728516
Fin; energy prediction...time: 1.0686278343200684
Egy stat [-40.04553, -38.821533, -39.329556, 0.28391913]
Start for  1_14_1 [92/105]
Fin;generate all combinations 240 ...time: 0.0014464855194091797
Fin; energy prediction...time: 0.7998182773590088
Egy stat [-56.16617, -55.597748, -55.88658, 0.16399442]
Start for  1_13_2 [93/105]
Fin;generate all combinations 1680 ...time: 0.004057407379150391
Fin; energy prediction...time: 0.9631969928741455
Egy stat [-54.572144, -53.55879, -54.111588, 0.22914153]
Start for  1_12_3 [94/105]
Fin;generate all combinations 7280 ...time: 0.0165560245513916
Fin; energy prediction...time: 1.7270970344543457
Egy stat [-53.108574, -51.47307, -52.44439, 0.31278345]
Start for  1_11_4 [95/105]
Fin;generate all combinations 21840 ...time: 0.04882073402404785
Fin; energy prediction...time: 3.7924692630767822
Egy stat [-51.883743, -49.534855, -50.92024, 0.40167323]
Start for  1_10_5 [96/105]
Fin;generate all combinations 48048 ...time: 0.25445127487182617
Fin; energy prediction...time: 7.027879238128662
Egy stat [-50.931335, -47.641354, -49.56516, 0.472125]
Start for  1_9_6 [97/105]
Fin;generate all combinations 80080 ...time: 0.3075227737426758
Fin; energy prediction...time: 10.84770941734314
Egy stat [-49.781666, -45.832306, -48.390156, 0.5042234]
Start for  1_8_7 [98/105]
Fin;generate all combinations 102960 ...time: 0.3499777317047119
Fin; energy prediction...time: 13.635492324829102
Egy stat [-48.74652, -44.01854, -47.386993, 0.4903362]
Start for  1_7_8 [99/105]
Fin;generate all combinations 102960 ...time: 0.38223838806152344
Fin; energy prediction...time: 13.567876100540161
Egy stat [-47.743343, -43.40914, -46.526478, 0.44235882]
Start for  1_6_9 [100/105]
Fin;generate all combinations 80080 ...time: 0.3322184085845947
Fin; energy prediction...time: 10.773203372955322
Egy stat [-47.132607, -42.701447, -45.7592, 0.3965758]
Start for  1_5_10 [101/105]
Fin;generate all combinations 48048 ...time: 0.24350976943969727
Fin; energy prediction...time: 6.858109951019287
Egy stat [-46.42675, -42.8026, -45.018826, 0.39615408]
Start for  1_4_11 [102/105]
Fin;generate all combinations 21840 ...time: 0.04824209213256836
Fin; energy prediction...time: 3.7183709144592285
Egy stat [-45.927483, -41.842285, -44.226963, 0.43502417]
Start for  1_3_12 [103/105]
Fin;generate all combinations 7280 ...time: 0.017917871475219727
Fin; energy prediction...time: 1.7624340057373047
Egy stat [-44.548325, -41.844215, -43.29874, 0.4528488]
Start for  1_2_13 [104/105]
Fin;generate all combinations 1680 ...time: 0.0049283504486083984
Fin; energy prediction...time: 1.0124073028564453
Egy stat [-42.993618, -40.68958, -42.14787, 0.38348642]
Start for  1_1_14 [105/105]
Fin;generate all combinations 240 ...time: 0.0011701583862304688
Fin; energy prediction...time: 0.6895830631256104
Egy stat [-40.974487, -40.464024, -40.69017, 0.1509799]
Saving....
Saved to... Rb_CdGeHg_Cl.pkl
Total elapsed time... 5662.987122774124
