Summary of calculations
Site name (A,B,C)... Rb Cd,Sn,Zn Br
Base cif file name... ../0.cif
Save file name... Rb_CdSnZn_Br.pkl
Fin; combination with repetition...time: 0.0015838146209716797
Start for  14_1_1 [1/105]
Fin;generate all combinations 240 ...time: 0.00061798095703125
Fin; energy prediction...time: 0.22235488891601562
Egy stat [-1.7920408, -0.96096134, -1.2475301, 0.15621907]
Start for  13_2_1 [2/105]
Fin;generate all combinations 1680 ...time: 0.003446340560913086
Fin; energy prediction...time: 0.40473198890686035
Egy stat [-5.0750756, -2.9548626, -4.242742, 0.36911634]
Start for  13_1_2 [3/105]
Fin;generate all combinations 1680 ...time: 0.003841876983642578
Fin; energy prediction...time: 0.36255860328674316
Egy stat [0.096188545, 1.3549147, 0.7885299, 0.22122268]
Start for  12_3_1 [4/105]
Fin;generate all combinations 7280 ...time: 0.012046337127685547
Fin; energy prediction...time: 1.1005001068115234
Egy stat [-8.25787, -5.860488, -7.007526, 0.4447857]
Start for  12_2_2 [5/105]
Fin;generate all combinations 10920 ...time: 0.017017841339111328
Fin; energy prediction...time: 1.6210544109344482
Egy stat [-3.4906554, -0.64093685, -2.2245722, 0.43517533]
Start for  12_1_3 [6/105]
Fin;generate all combinations 7280 ...time: 0.05371260643005371
Fin; energy prediction...time: 1.2042131423950195
Egy stat [1.8357363, 3.4911184, 2.6657252, 0.27267092]
Start for  11_4_1 [7/105]
Fin;generate all combinations 21840 ...time: 0.07655143737792969
Fin; energy prediction...time: 3.0687077045440674
Egy stat [-11.231707, -7.744268, -9.615014, 0.4599491]
Start for  11_3_2 [8/105]
Fin;generate all combinations 43680 ...time: 0.11244535446166992
Fin; energy prediction...time: 5.862526178359985
Egy stat [-6.6604123, -3.4537582, -4.989546, 0.52174354]
Start for  11_2_3 [9/105]
Fin;generate all combinations 43680 ...time: 0.1543867588043213
Fin; energy prediction...time: 5.810382843017578
Egy stat [-1.9437208, 1.5968342, -0.3664702, 0.49508822]
Start for  11_1_4 [10/105]
Fin;generate all combinations 21840 ...time: 0.040807247161865234
Fin; energy prediction...time: 3.1482527256011963
Egy stat [3.3771563, 5.5135307, 4.3967066, 0.31535733]
Start for  10_5_1 [11/105]
Fin;generate all combinations 48048 ...time: 0.2341756820678711
Fin; energy prediction...time: 6.201606750488281
Egy stat [-13.935066, -10.694639, -12.130915, 0.46868327]
Start for  10_4_2 [12/105]
Fin;generate all combinations 120120 ...time: 0.4673585891723633
Fin; energy prediction...time: 15.012503147125244
Egy stat [-9.771521, -5.286104, -7.5800066, 0.54429907]
Start for  10_3_3 [13/105]
Fin;generate all combinations 160160 ...time: 0.41599440574645996
Fin; energy prediction...time: 20.458884239196777
Egy stat [-5.159269, -1.2484598, -3.13292, 0.59283715]
Start for  10_2_4 [14/105]
Fin;generate all combinations 120120 ...time: 0.5631306171417236
Fin; energy prediction...time: 15.221740245819092
Egy stat [-0.5247755, 3.667966, 1.3440773, 0.54983133]
Start for  10_1_5 [15/105]
Fin;generate all combinations 48048 ...time: 0.09275078773498535
Fin; energy prediction...time: 6.716794729232788
Egy stat [4.839384, 7.153103, 5.993655, 0.35178402]
Start for  9_6_1 [16/105]
Fin;generate all combinations 80080 ...time: 0.2382373809814453
Fin; energy prediction...time: 10.187126636505127
Egy stat [-16.733232, -12.808129, -14.612369, 0.5018438]
Start for  9_5_2 [17/105]
Fin;generate all combinations 240240 ...time: 0.7734169960021973
Fin; energy prediction...time: 29.89240074157715
Egy stat [-12.414392, -8.125467, -10.062443, 0.55537254]
Start for  9_4_3 [18/105]
Fin;generate all combinations 400400 ...time: 1.3416001796722412
Fin; energy prediction...time: 50.168280839920044
Egy stat [-8.313598, -3.0357165, -5.7078466, 0.6226416]
Start for  9_3_4 [19/105]
Fin;generate all combinations 400400 ...time: 1.108461618423462
Fin; energy prediction...time: 50.695422887802124
Egy stat [-3.899713, 0.8361521, -1.4252894, 0.659017]
Start for  9_2_5 [20/105]
Fin;generate all combinations 240240 ...time: 0.397845983505249
Fin; energy prediction...time: 30.216556787490845
Egy stat [0.7913513, 5.299082, 2.9190738, 0.6004598]
Start for  9_1_6 [21/105]
Fin;generate all combinations 80080 ...time: 0.5224981307983398
Fin; energy prediction...time: 10.439505100250244
Egy stat [6.0828476, 8.763119, 7.4680953, 0.3829601]
Start for  8_7_1 [22/105]
Fin;generate all combinations 102960 ...time: 0.4525418281555176
Fin; energy prediction...time: 13.160278797149658
Egy stat [-19.404293, -14.6462, -17.107157, 0.5563655]
Start for  8_6_2 [23/105]
Fin;generate all combinations 360360 ...time: 1.1364021301269531
Fin; energy prediction...time: 44.51545166969299
Egy stat [-15.164267, -10.172632, -12.495069, 0.58781016]
Start for  8_5_3 [24/105]
Fin;generate all combinations 720720 ...time: 2.759938955307007
Fin; energy prediction...time: 89.32487440109253
Egy stat [-10.998315, -5.8822665, -8.15859, 0.63639194]
Start for  8_4_4 [25/105]
Fin;generate all combinations 900900 ...time: 3.4667389392852783
Fin; energy prediction...time: 110.88272476196289
Egy stat [-7.0362043, -0.8147936, -3.98632, 0.6957764]
Start for  8_3_5 [26/105]
Fin;generate all combinations 720720 ...time: 2.6893842220306396
Fin; energy prediction...time: 93.57443571090698
Egy stat [-2.7935343, 2.4138546, 0.14513668, 0.7213911]
Start for  8_2_6 [27/105]
Fin;generate all combinations 360360 ...time: 1.7763745784759521
Fin; energy prediction...time: 44.4301815032959
Egy stat [2.0236692, 6.9899483, 4.369837, 0.6474987]
Start for  8_1_7 [28/105]
Fin;generate all combinations 102960 ...time: 0.22786307334899902
Fin; energy prediction...time: 13.682775974273682
Egy stat [7.22727, 10.240374, 8.830765, 0.40878934]
Start for  7_8_1 [29/105]
Fin;generate all combinations 102960 ...time: 0.18419408798217773
Fin; energy prediction...time: 13.99708366394043
Egy stat [-22.119053, -16.40502, -19.65337, 0.6105433]
Start for  7_7_2 [30/105]
Fin;generate all combinations 411840 ...time: 1.6219069957733154
Fin; energy prediction...time: 50.67225527763367
Egy stat [-17.751617, -11.939588, -14.92702, 0.6436164]
Start for  7_6_3 [31/105]
Fin;generate all combinations 960960 ...time: 3.2408697605133057
Fin; energy prediction...time: 118.16553664207458
Egy stat [-13.771072, -7.959119, -10.544466, 0.66886353]
Start for  7_5_4 [32/105]
Fin;generate all combinations 1441440 ...time: 5.268850803375244
Fin; energy prediction...time: 177.13494539260864
Egy stat [-9.749382, -3.6665235, -6.4072537, 0.7118177]
Start for  7_4_5 [33/105]
Fin;generate all combinations 1441440 ...time: 8.543249130249023
Fin; energy prediction...time: 178.53679990768433
Egy stat [-5.9580245, 0.7996731, -2.40385, 0.7648924]
Start for  7_3_6 [34/105]
Fin;generate all combinations 960960 ...time: 4.772677659988403
Fin; energy prediction...time: 126.83057975769043
Egy stat [-1.7260342, 4.0693207, 1.5894324, 0.78064394]
Start for  7_2_7 [35/105]
Fin;generate all combinations 411840 ...time: 3.0983669757843018
Fin; energy prediction...time: 51.85687232017517
Egy stat [3.0952473, 8.569853, 5.706902, 0.690883]
Start for  7_1_8 [36/105]
Fin;generate all combinations 102960 ...time: 0.8721606731414795
Fin; energy prediction...time: 13.882104873657227
Egy stat [8.306877, 11.702471, 10.091568, 0.42837477]
Start for  6_9_1 [37/105]
Fin;generate all combinations 80080 ...time: 0.1570734977722168
Fin; energy prediction...time: 11.260969400405884
Egy stat [-24.53896, -19.546738, -22.279621, 0.6447203]
Start for  6_8_2 [38/105]
Fin;generate all combinations 360360 ...time: 1.4971280097961426
Fin; energy prediction...time: 45.333306312561035
Egy stat [-20.445831, -13.596609, -17.397991, 0.7042376]
Start for  6_7_3 [39/105]
Fin;generate all combinations 960960 ...time: 3.501793622970581
Fin; energy prediction...time: 119.6188108921051
Egy stat [-16.34403, -9.650351, -12.915986, 0.7262224]
Start for  6_6_4 [40/105]
Fin;generate all combinations 1681680 ...time: 6.526828289031982
Fin; energy prediction...time: 207.13543009757996
Egy stat [-12.554439, -5.533355, -8.748524, 0.7438527]
Start for  6_5_5 [41/105]
Fin;generate all combinations 2018016 ...time: 10.024956464767456
Fin; energy prediction...time: 249.55402374267578
Egy stat [-8.640777, -1.9203386, -4.797046, 0.7826724]
Start for  6_4_6 [42/105]
Fin;generate all combinations 1681680 ...time: 12.764240026473999
Fin; energy prediction...time: 206.84725332260132
Egy stat [-5.0396543, 2.5480995, -0.9496217, 0.83088154]
Start for  6_3_7 [43/105]
Fin;generate all combinations 960960 ...time: 5.917078018188477
Fin; energy prediction...time: 121.62041568756104
Egy stat [-0.7534895, 5.5504208, 2.9178822, 0.8369621]
Start for  6_2_8 [44/105]
Fin;generate all combinations 360360 ...time: 0.7486436367034912
Fin; energy prediction...time: 47.29736542701721
Egy stat [4.1472893, 10.131813, 6.939989, 0.7300686]
Start for  6_1_9 [45/105]
Fin;generate all combinations 80080 ...time: 0.9807684421539307
Fin; energy prediction...time: 11.285619258880615
Egy stat [9.74506, 12.626007, 11.259577, 0.4402271]
Start for  5_10_1 [46/105]
Fin;generate all combinations 48048 ...time: 0.11091756820678711
Fin; energy prediction...time: 6.581833124160767
Egy stat [-27.03418, -22.689987, -25.005852, 0.64823186]
Start for  5_9_2 [47/105]
Fin;generate all combinations 240240 ...time: 0.9846618175506592
Fin; energy prediction...time: 30.575509548187256
Egy stat [-22.898327, -16.61568, -19.938385, 0.74976665]
Start for  5_8_3 [48/105]
Fin;generate all combinations 720720 ...time: 3.118116617202759
Fin; energy prediction...time: 89.61558055877686
Egy stat [-18.966259, -11.321521, -15.314451, 0.7927635]
Start for  5_7_4 [49/105]
Fin;generate all combinations 1441440 ...time: 7.707181692123413
Fin; energy prediction...time: 177.7760989665985
Egy stat [-15.091836, -7.6304274, -11.062007, 0.8018488]
Start for  5_6_5 [50/105]
Fin;generate all combinations 2018016 ...time: 10.144631385803223
Fin; energy prediction...time: 253.11273741722107
Egy stat [-11.357335, -3.649693, -7.096004, 0.8133281]
Start for  5_5_6 [51/105]
Fin;generate all combinations 2018016 ...time: 8.111185550689697
Fin; energy prediction...time: 253.82140064239502
Egy stat [-7.6568046, -0.22861004, -3.3174078, 0.8499463]
Start for  5_4_7 [52/105]
Fin;generate all combinations 1441440 ...time: 2.588101863861084
Fin; energy prediction...time: 179.11759734153748
Egy stat [-4.213105, 4.1180077, 0.3863711, 0.89421517]
Start for  5_3_8 [53/105]
Fin;generate all combinations 720720 ...time: 1.4121146202087402
Fin; energy prediction...time: 93.96829652786255
Egy stat [0.25294113, 7.137211, 4.1399717, 0.89011574]
Start for  5_2_9 [54/105]
Fin;generate all combinations 240240 ...time: 0.5408327579498291
Fin; energy prediction...time: 30.4240984916687
Egy stat [5.657587, 11.105452, 8.078034, 0.7641646]
Start for  5_1_10 [55/105]
Fin;generate all combinations 48048 ...time: 0.14399075508117676
Fin; energy prediction...time: 6.597909688949585
Egy stat [11.027828, 13.8458, 12.343066, 0.44234475]
Start for  4_11_1 [56/105]
Fin;generate all combinations 21840 ...time: 0.05485844612121582
Fin; energy prediction...time: 3.308473587036133
Egy stat [-29.573484, -26.075401, -27.844625, 0.6183121]
Start for  4_10_2 [57/105]
Fin;generate all combinations 120120 ...time: 0.21027398109436035
Fin; energy prediction...time: 15.556665182113647
Egy stat [-25.432167, -19.51775, -22.569967, 0.76793516]
Start for  4_9_3 [58/105]
Fin;generate all combinations 400400 ...time: 1.576749563217163
Fin; energy prediction...time: 49.61013317108154
Egy stat [-21.224068, -14.27153, -17.772043, 0.84858483]
Start for  4_8_4 [59/105]
Fin;generate all combinations 900900 ...time: 2.8242859840393066
Fin; energy prediction...time: 113.29590845108032
Egy stat [-17.693535, -9.05923, -13.390582, 0.8728822]
Start for  4_7_5 [60/105]
Fin;generate all combinations 1441440 ...time: 6.803913831710815
Fin; energy prediction...time: 179.88156032562256
Egy stat [-13.879665, -5.8226504, -9.353908, 0.87049377]
Start for  4_6_6 [61/105]
Fin;generate all combinations 1681680 ...time: 5.771962642669678
Fin; energy prediction...time: 206.25228142738342
Egy stat [-10.328782, -1.78407, -5.5765486, 0.87819284]
Start for  4_5_7 [62/105]
Fin;generate all combinations 1441440 ...time: 6.615840435028076
Fin; energy prediction...time: 180.56752800941467
Egy stat [-6.830937, 1.3395405, -1.9586087, 0.9143533]
Start for  4_4_8 [63/105]
Fin;generate all combinations 900900 ...time: 4.194345235824585
Fin; energy prediction...time: 112.82045030593872
Egy stat [-3.51237, 5.8025513, 1.61335, 0.9549947]
Start for  4_3_9 [64/105]
Fin;generate all combinations 400400 ...time: 2.695317029953003
Fin; energy prediction...time: 51.2346830368042
Egy stat [1.7859707, 8.297108, 5.2644467, 0.93956685]
Start for  4_2_10 [65/105]
Fin;generate all combinations 120120 ...time: 0.2750582695007324
Fin; energy prediction...time: 16.352614641189575
Egy stat [6.9138985, 12.420324, 9.129231, 0.7920341]
Start for  4_1_11 [66/105]
Fin;generate all combinations 21840 ...time: 0.0654604434967041
Fin; energy prediction...time: 3.705275535583496
Egy stat [12.276152, 14.785059, 13.349572, 0.43212584]
Start for  3_12_1 [67/105]
Fin;generate all combinations 7280 ...time: 0.020388126373291016
Fin; energy prediction...time: 1.581355094909668
Egy stat [-32.242794, -28.94752, -30.802866, 0.5571719]
Start for  3_11_2 [68/105]
Fin;generate all combinations 43680 ...time: 0.08115720748901367
Fin; energy prediction...time: 6.114289045333862
Egy stat [-27.721935, -22.811237, -25.307072, 0.7544719]
Start for  3_10_3 [69/105]
Fin;generate all combinations 160160 ...time: 0.6669046878814697
Fin; energy prediction...time: 20.82290291786194
Egy stat [-23.489578, -17.108171, -20.312393, 0.880012]
Start for  3_9_4 [70/105]
Fin;generate all combinations 400400 ...time: 1.51568603515625
Fin; energy prediction...time: 49.77207612991333
Egy stat [-19.716913, -11.938862, -15.768209, 0.9372542]
Start for  3_8_5 [71/105]
Fin;generate all combinations 720720 ...time: 3.590486764907837
Fin; energy prediction...time: 89.40679860115051
Egy stat [-16.396545, -7.127509, -11.615202, 0.9441568]
Start for  3_7_6 [72/105]
Fin;generate all combinations 960960 ...time: 4.5663230419158936
Fin; energy prediction...time: 119.4903473854065
Egy stat [-12.794013, -4.1656537, -7.7815075, 0.9328518]
Start for  3_6_7 [73/105]
Fin;generate all combinations 960960 ...time: 6.334378719329834
Fin; energy prediction...time: 118.60576438903809
Egy stat [-9.438203, -0.058205605, -4.180703, 0.93928725]
Start for  3_5_8 [74/105]
Fin;generate all combinations 720720 ...time: 3.5368196964263916
Fin; energy prediction...time: 91.09704232215881
Egy stat [-6.1007967, 2.885316, -0.7117146, 0.9763229]
Start for  3_4_9 [75/105]
Fin;generate all combinations 400400 ...time: 2.4710609912872314
Fin; energy prediction...time: 51.31700301170349
Egy stat [-1.7562523, 6.9253006, 2.7398245, 1.0130342]
Start for  3_3_10 [76/105]
Fin;generate all combinations 160160 ...time: 0.33849382400512695
Fin; energy prediction...time: 21.218908548355103
Egy stat [3.2836866, 9.440645, 6.299375, 0.9845471]
Start for  3_2_11 [77/105]
Fin;generate all combinations 43680 ...time: 0.11466026306152344
Fin; energy prediction...time: 6.267927646636963
Egy stat [8.26903, 13.240128, 10.101117, 0.81235665]
Start for  3_1_12 [78/105]
Fin;generate all combinations 7280 ...time: 0.021361827850341797
Fin; energy prediction...time: 1.668475866317749
Egy stat [13.4601555, 15.805826, 14.285944, 0.40599477]
Start for  2_13_1 [79/105]
Fin;generate all combinations 1680 ...time: 0.006190776824951172
Fin; energy prediction...time: 0.8832709789276123
Egy stat [-34.82058, -32.723503, -33.883728, 0.46902534]
Start for  2_12_2 [80/105]
Fin;generate all combinations 10920 ...time: 0.02230691909790039
Fin; energy prediction...time: 2.068279981613159
Egy stat [-30.174353, -25.732843, -28.158155, 0.7106756]
Start for  2_11_3 [81/105]
Fin;generate all combinations 43680 ...time: 0.15149641036987305
Fin; energy prediction...time: 6.286557912826538
Egy stat [-25.817434, -20.19833, -22.951641, 0.88128]
Start for  2_10_4 [82/105]
Fin;generate all combinations 120120 ...time: 0.4239046573638916
Fin; energy prediction...time: 16.406826972961426
Egy stat [-21.793015, -14.710608, -18.220392, 0.9800017]
Start for  2_9_5 [83/105]
Fin;generate all combinations 240240 ...time: 1.2525458335876465
Fin; energy prediction...time: 30.313143253326416
Egy stat [-18.307587, -9.955512, -13.915589, 1.0150858]
Start for  2_8_6 [84/105]
Fin;generate all combinations 360360 ...time: 1.5203359127044678
Fin; energy prediction...time: 45.9066436290741
Egy stat [-15.319696, -5.2014117, -9.978221, 1.007076]
Start for  2_7_7 [85/105]
Fin;generate all combinations 411840 ...time: 2.203136444091797
Fin; energy prediction...time: 51.677281618118286
Egy stat [-11.921301, -2.5760598, -6.335579, 0.9897515]
Start for  2_6_8 [86/105]
Fin;generate all combinations 360360 ...time: 1.423238754272461
Fin; energy prediction...time: 45.448781967163086
Egy stat [-8.703495, 1.6508675, -2.899822, 0.9972986]
Start for  2_5_9 [87/105]
Fin;generate all combinations 240240 ...time: 0.9381868839263916
Fin; energy prediction...time: 30.615247011184692
Egy stat [-4.3656025, 3.9650373, 0.43151766, 1.036045]
Start for  2_4_10 [88/105]
Fin;generate all combinations 120120 ...time: 0.2503175735473633
Fin; energy prediction...time: 15.819265365600586
Egy stat [-0.21472263, 8.032927, 3.7736924, 1.0679172]
Start for  2_3_11 [89/105]
Fin;generate all combinations 43680 ...time: 0.10397601127624512
Fin; energy prediction...time: 6.435098648071289
Egy stat [4.6898804, 10.430595, 7.2522464, 1.0241095]
Start for  2_2_12 [90/105]
Fin;generate all combinations 10920 ...time: 0.02732682228088379
Fin; energy prediction...time: 2.1588823795318604
Egy stat [9.451508, 14.35256, 11.000625, 0.8236668]
Start for  2_1_13 [91/105]
Fin;generate all combinations 1680 ...time: 0.00521087646484375
Fin; energy prediction...time: 0.9249532222747803
Egy stat [14.55686, 16.211163, 15.158401, 0.35828194]
Start for  1_14_1 [92/105]
Fin;generate all combinations 240 ...time: 0.0014505386352539062
Fin; energy prediction...time: 0.7092733383178711
Egy stat [-37.786945, -36.475525, -37.08838, 0.35679257]
Start for  1_13_2 [93/105]
Fin;generate all combinations 1680 ...time: 0.004206418991088867
Fin; energy prediction...time: 0.8715460300445557
Egy stat [-32.44512, -29.499601, -31.127644, 0.6406333]
Start for  1_12_3 [94/105]
Fin;generate all combinations 7280 ...time: 0.017479658126831055
Fin; energy prediction...time: 1.695796012878418
Egy stat [-28.163847, -22.791698, -25.699875, 0.85263544]
Start for  1_11_4 [95/105]
Fin;generate all combinations 21840 ...time: 0.1120290756225586
Fin; energy prediction...time: 3.5571701526641846
Egy stat [-24.028393, -17.563454, -20.7651, 0.99384815]
Start for  1_10_5 [96/105]
Fin;generate all combinations 48048 ...time: 0.23123717308044434
Fin; energy prediction...time: 7.053885459899902
Egy stat [-20.121342, -12.687231, -16.282413, 1.067158]
Start for  1_9_6 [97/105]
Fin;generate all combinations 80080 ...time: 0.37380313873291016
Fin; energy prediction...time: 10.618297576904297
Egy stat [-17.066559, -7.986185, -12.204073, 1.0824609]
Start for  1_8_7 [98/105]
Fin;generate all combinations 102960 ...time: 0.5328283309936523
Fin; energy prediction...time: 13.461703538894653
Egy stat [-14.428023, -3.6355076, -8.470585, 1.0623763]
Start for  1_7_8 [99/105]
Fin;generate all combinations 102960 ...time: 0.3903372287750244
Fin; energy prediction...time: 13.661080360412598
Egy stat [-11.210256, -0.8561592, -5.0077586, 1.0419978]
Start for  1_6_9 [100/105]
Fin;generate all combinations 80080 ...time: 0.3187105655670166
Fin; energy prediction...time: 10.981436491012573
Egy stat [-6.9925838, 2.5163765, -1.7259558, 1.0527672]
Start for  1_5_10 [101/105]
Fin;generate all combinations 48048 ...time: 0.10299444198608398
Fin; energy prediction...time: 7.011976003646851
Egy stat [-2.797288, 5.0600824, 1.4787661, 1.0935011]
Start for  1_4_11 [102/105]
Fin;generate all combinations 21840 ...time: 0.14765143394470215
Fin; energy prediction...time: 3.5739948749542236
Egy stat [1.3340912, 9.117462, 4.7223477, 1.1190245]
Start for  1_3_12 [103/105]
Fin;generate all combinations 7280 ...time: 0.016985654830932617
Fin; energy prediction...time: 1.6163256168365479
Egy stat [6.001915, 11.40188, 8.130046, 1.0571619]
Start for  1_2_13 [104/105]
Fin;generate all combinations 1680 ...time: 0.004478931427001953
Fin; energy prediction...time: 0.8777189254760742
Egy stat [10.645201, 14.699484, 11.834149, 0.8243885]
Start for  1_1_14 [105/105]
Fin;generate all combinations 240 ...time: 0.001209259033203125
Fin; energy prediction...time: 0.6751296520233154
Egy stat [15.599485, 16.938671, 15.972577, 0.27699715]
Saving....
Saved to... Rb_CdSnZn_Br.pkl
Total elapsed time... 5621.325767278671
