Summary of calculations
Site name (A,B,C)... Rb Cd,Ge,Sn Cl
Base cif file name... ../0.cif
Save file name... Rb_CdGeSn_Cl.pkl
Fin; combination with repetition...time: 0.0015766620635986328
Start for  14_1_1 [1/105]
Fin;generate all combinations 240 ...time: 0.0006191730499267578
Fin; energy prediction...time: 0.21027016639709473
Egy stat [-29.71875, -28.296925, -29.365824, 0.31599188]
Start for  13_2_1 [2/105]
Fin;generate all combinations 1680 ...time: 0.0036127567291259766
Fin; energy prediction...time: 0.38657712936401367
Egy stat [-32.155983, -30.542389, -31.361183, 0.3628085]
Start for  13_1_2 [3/105]
Fin;generate all combinations 1680 ...time: 0.003832101821899414
Fin; energy prediction...time: 0.3689103126525879
Egy stat [-30.698858, -28.702318, -29.824604, 0.44544888]
Start for  12_3_1 [4/105]
Fin;generate all combinations 7280 ...time: 0.01244664192199707
Fin; energy prediction...time: 1.0728175640106201
Egy stat [-34.48464, -31.82067, -33.198883, 0.32751262]
Start for  12_2_2 [5/105]
Fin;generate all combinations 10920 ...time: 0.01681232452392578
Fin; energy prediction...time: 1.6920733451843262
Egy stat [-33.017273, -29.948809, -31.616959, 0.39948514]
Start for  12_1_3 [6/105]
Fin;generate all combinations 7280 ...time: 0.05223846435546875
Fin; energy prediction...time: 1.0970568656921387
Egy stat [-31.460684, -28.3067, -30.087229, 0.47963673]
Start for  11_4_1 [7/105]
Fin;generate all combinations 21840 ...time: 0.07547378540039062
Fin; energy prediction...time: 2.9268598556518555
Egy stat [-35.803135, -33.913406, -34.944653, 0.26686788]
Start for  11_3_2 [8/105]
Fin;generate all combinations 43680 ...time: 0.1144251823425293
Fin; energy prediction...time: 5.749657869338989
Egy stat [-34.292988, -32.078197, -33.313652, 0.33234322]
Start for  11_2_3 [9/105]
Fin;generate all combinations 43680 ...time: 0.13811111450195312
Fin; energy prediction...time: 5.780134916305542
Egy stat [-32.98281, -30.249819, -31.743021, 0.40359902]
Start for  11_1_4 [10/105]
Fin;generate all combinations 21840 ...time: 0.040842533111572266
Fin; energy prediction...time: 2.9595203399658203
Egy stat [-31.653555, -28.278454, -30.234924, 0.4707449]
Start for  10_5_1 [11/105]
Fin;generate all combinations 48048 ...time: 0.1938025951385498
Fin; energy prediction...time: 6.390720844268799
Egy stat [-37.61145, -35.431606, -36.655373, 0.23910554]
Start for  10_4_2 [12/105]
Fin;generate all combinations 120120 ...time: 0.49265408515930176
Fin; energy prediction...time: 15.143504858016968
Egy stat [-36.201576, -33.495033, -34.971146, 0.29166338]
Start for  10_3_3 [13/105]
Fin;generate all combinations 160160 ...time: 0.5732975006103516
Fin; energy prediction...time: 20.02106761932373
Egy stat [-34.781616, -31.847458, -33.3554, 0.35214433]
Start for  10_2_4 [14/105]
Fin;generate all combinations 120120 ...time: 0.3616063594818115
Fin; energy prediction...time: 15.273137092590332
Egy stat [-33.49231, -29.912596, -31.810307, 0.4096026]
Start for  10_1_5 [15/105]
Fin;generate all combinations 48048 ...time: 0.09457826614379883
Fin; energy prediction...time: 6.344442844390869
Egy stat [-32.225674, -28.467844, -30.337595, 0.45991784]
Start for  9_6_1 [16/105]
Fin;generate all combinations 80080 ...time: 0.22711753845214844
Fin; energy prediction...time: 10.17522144317627
Egy stat [-39.33348, -37.345764, -38.378647, 0.27214104]
Start for  9_5_2 [17/105]
Fin;generate all combinations 240240 ...time: 0.6464853286743164
Fin; energy prediction...time: 29.993303537368774
Egy stat [-37.77766, -35.519108, -36.636776, 0.3045778]
Start for  9_4_3 [18/105]
Fin;generate all combinations 400400 ...time: 1.2719192504882812
Fin; energy prediction...time: 49.52050733566284
Egy stat [-36.30789, -33.707253, -34.97139, 0.3487076]
Start for  9_3_4 [19/105]
Fin;generate all combinations 400400 ...time: 1.6368792057037354
Fin; energy prediction...time: 49.76858305931091
Egy stat [-35.084938, -31.770794, -33.38465, 0.39368933]
Start for  9_2_5 [20/105]
Fin;generate all combinations 240240 ...time: 0.9877588748931885
Fin; energy prediction...time: 30.708682775497437
Egy stat [-33.967674, -30.215427, -31.878256, 0.4340482]
Start for  9_1_6 [21/105]
Fin;generate all combinations 80080 ...time: 0.166093111038208
Fin; energy prediction...time: 10.402311563491821
Egy stat [-32.907494, -28.547245, -30.453478, 0.46689165]
Start for  8_7_1 [22/105]
Fin;generate all combinations 102960 ...time: 0.17052698135375977
Fin; energy prediction...time: 13.131625175476074
Egy stat [-41.150505, -38.596237, -40.152508, 0.33167768]
Start for  8_6_2 [23/105]
Fin;generate all combinations 360360 ...time: 1.1809051036834717
Fin; energy prediction...time: 44.84417390823364
Egy stat [-39.662292, -36.684753, -38.348457, 0.34964415]
Start for  8_5_3 [24/105]
Fin;generate all combinations 720720 ...time: 2.586726665496826
Fin; energy prediction...time: 89.35680055618286
Egy stat [-38.309788, -35.013893, -36.62874, 0.37951094]
Start for  8_4_4 [25/105]
Fin;generate all combinations 900900 ...time: 3.599261999130249
Fin; energy prediction...time: 110.55232357978821
Egy stat [-37.123978, -33.29652, -34.995518, 0.41272095]
Start for  8_3_5 [26/105]
Fin;generate all combinations 720720 ...time: 2.6797292232513428
Fin; energy prediction...time: 90.37128591537476
Egy stat [-35.896545, -31.612429, -33.450436, 0.44380406]
Start for  8_2_6 [27/105]
Fin;generate all combinations 360360 ...time: 2.1546761989593506
Fin; energy prediction...time: 45.79535722732544
Egy stat [-34.787117, -29.8764, -31.994678, 0.46925297]
Start for  8_1_7 [28/105]
Fin;generate all combinations 102960 ...time: 0.23349595069885254
Fin; energy prediction...time: 13.986792802810669
Egy stat [-33.17257, -28.4706, -30.629114, 0.48659307]
Start for  7_8_1 [29/105]
Fin;generate all combinations 102960 ...time: 0.5465719699859619
Fin; energy prediction...time: 13.391453981399536
Egy stat [-43.1071, -40.31244, -42.005287, 0.37982348]
Start for  7_7_2 [30/105]
Fin;generate all combinations 411840 ...time: 1.3098692893981934
Fin; energy prediction...time: 51.89767098426819
Egy stat [-41.489548, -38.367348, -40.13459, 0.3914419]
Start for  7_6_3 [31/105]
Fin;generate all combinations 960960 ...time: 3.1533362865448
Fin; energy prediction...time: 117.81497526168823
Egy stat [-40.013382, -36.68573, -38.35589, 0.41357437]
Start for  7_5_4 [32/105]
Fin;generate all combinations 1441440 ...time: 5.144989013671875
Fin; energy prediction...time: 178.36828541755676
Egy stat [-38.720314, -35.017685, -36.67133, 0.439488]
Start for  7_4_5 [33/105]
Fin;generate all combinations 1441440 ...time: 8.176299571990967
Fin; energy prediction...time: 184.07006001472473
Egy stat [-37.45188, -33.282516, -35.082497, 0.4643822]
Start for  7_3_6 [34/105]
Fin;generate all combinations 960960 ...time: 1.6182615756988525
Fin; energy prediction...time: 123.50303220748901
Egy stat [-36.280224, -31.59973, -33.5905, 0.48484588]
Start for  7_2_7 [35/105]
Fin;generate all combinations 411840 ...time: 0.7543034553527832
Fin; energy prediction...time: 52.95098066329956
Egy stat [-35.022408, -30.176313, -32.1961, 0.4982791]
Start for  7_1_8 [36/105]
Fin;generate all combinations 102960 ...time: 0.23348402976989746
Fin; energy prediction...time: 14.02179765701294
Egy stat [-33.598866, -28.32837, -30.89972, 0.5024856]
Start for  6_9_1 [37/105]
Fin;generate all combinations 80080 ...time: 0.15755105018615723
Fin; energy prediction...time: 10.456235647201538
Egy stat [-45.12388, -42.45262, -43.955753, 0.3992235]
Start for  6_8_2 [38/105]
Fin;generate all combinations 360360 ...time: 1.263460636138916
Fin; energy prediction...time: 45.02227807044983
Egy stat [-43.39022, -40.029114, -42.014225, 0.41011888]
Start for  6_7_3 [39/105]
Fin;generate all combinations 960960 ...time: 3.7839419841766357
Fin; energy prediction...time: 117.59474396705627
Egy stat [-41.773094, -38.312836, -40.172115, 0.43013892]
Start for  6_6_4 [40/105]
Fin;generate all combinations 1681680 ...time: 6.044534206390381
Fin; energy prediction...time: 207.7351324558258
Egy stat [-40.403595, -36.576687, -38.431526, 0.45341846]
Start for  6_5_5 [41/105]
Fin;generate all combinations 2018016 ...time: 6.651086091995239
Fin; energy prediction...time: 248.48153686523438
Egy stat [-38.96892, -34.917088, -36.79406, 0.4756951]
Start for  6_4_6 [42/105]
Fin;generate all combinations 1681680 ...time: 10.583988428115845
Fin; energy prediction...time: 209.54161310195923
Egy stat [-37.800827, -33.195747, -35.2607, 0.4938619]
Start for  6_3_7 [43/105]
Fin;generate all combinations 960960 ...time: 5.714844226837158
Fin; energy prediction...time: 122.1213788986206
Egy stat [-36.682365, -31.828537, -33.832115, 0.5055023]
Start for  6_2_8 [44/105]
Fin;generate all combinations 360360 ...time: 0.7284283638000488
Fin; energy prediction...time: 46.65418457984924
Egy stat [-35.43097, -29.993156, -32.50858, 0.5085487]
Start for  6_1_9 [45/105]
Fin;generate all combinations 80080 ...time: 0.24161148071289062
Fin; energy prediction...time: 11.12721562385559
Egy stat [-33.484875, -29.236507, -31.290138, 0.5010431]
Start for  5_10_1 [46/105]
Fin;generate all combinations 48048 ...time: 0.10747933387756348
Fin; energy prediction...time: 7.037487268447876
Egy stat [-47.14366, -44.681335, -46.013714, 0.38552484]
Start for  5_9_2 [47/105]
Fin;generate all combinations 240240 ...time: 0.8918731212615967
Fin; energy prediction...time: 30.270235776901245
Egy stat [-45.239212, -42.260765, -43.997597, 0.3995908]
Start for  5_8_3 [48/105]
Fin;generate all combinations 720720 ...time: 3.1516032218933105
Fin; energy prediction...time: 87.26789283752441
Egy stat [-43.528603, -40.179016, -42.088047, 0.4216956]
Start for  5_7_4 [49/105]
Fin;generate all combinations 1441440 ...time: 6.217763900756836
Fin; energy prediction...time: 179.38937306404114
Egy stat [-42.011887, -38.418686, -40.28718, 0.44611925]
Start for  5_6_5 [50/105]
Fin;generate all combinations 2018016 ...time: 6.108994483947754
Fin; energy prediction...time: 254.82143640518188
Egy stat [-40.621727, -36.65528, -38.59654, 0.46886218]
Start for  5_5_6 [51/105]
Fin;generate all combinations 2018016 ...time: 8.558315992355347
Fin; energy prediction...time: 250.21733236312866
Egy stat [-39.450058, -34.95517, -37.017044, 0.48710343]
Start for  5_4_7 [52/105]
Fin;generate all combinations 1441440 ...time: 8.5040283203125
Fin; energy prediction...time: 177.5260419845581
Egy stat [-38.386356, -33.301292, -35.549244, 0.4987067]
Start for  5_3_8 [53/105]
Fin;generate all combinations 720720 ...time: 3.889827013015747
Fin; energy prediction...time: 91.9671745300293
Egy stat [-37.22451, -31.696192, -34.1933, 0.5018794]
Start for  5_2_9 [54/105]
Fin;generate all combinations 240240 ...time: 0.5397975444793701
Fin; energy prediction...time: 31.296393871307373
Egy stat [-35.29772, -30.9228, -32.949085, 0.49494278]
Start for  5_1_10 [55/105]
Fin;generate all combinations 48048 ...time: 0.5787906646728516
Fin; energy prediction...time: 7.230547666549683
Egy stat [-33.58657, -30.120285, -31.816288, 0.4761515]
Start for  4_11_1 [56/105]
Fin;generate all combinations 21840 ...time: 0.0553746223449707
Fin; energy prediction...time: 3.8327298164367676
Egy stat [-49.082134, -46.8812, -48.180885, 0.34194916]
Start for  4_10_2 [57/105]
Fin;generate all combinations 120120 ...time: 0.4653935432434082
Fin; energy prediction...time: 15.486616849899292
Egy stat [-47.09589, -44.460968, -46.08705, 0.36220923]
Start for  4_9_3 [58/105]
Fin;generate all combinations 400400 ...time: 1.6842002868652344
Fin; energy prediction...time: 50.65784525871277
Egy stat [-45.352013, -42.34081, -44.106655, 0.38969406]
Start for  4_8_4 [59/105]
Fin;generate all combinations 900900 ...time: 3.243647813796997
Fin; energy prediction...time: 111.50709104537964
Egy stat [-43.85821, -40.224926, -42.24182, 0.41823602]
Start for  4_7_5 [60/105]
Fin;generate all combinations 1441440 ...time: 6.098595857620239
Fin; energy prediction...time: 176.8473834991455
Egy stat [-42.421066, -38.439987, -40.494038, 0.44389427]
Start for  4_6_6 [61/105]
Fin;generate all combinations 1681680 ...time: 8.674638748168945
Fin; energy prediction...time: 208.81083059310913
Egy stat [-41.169285, -36.64113, -38.86417, 0.4640976]
Start for  4_5_7 [62/105]
Fin;generate all combinations 1441440 ...time: 6.2844016551971436
Fin; energy prediction...time: 182.41657137870789
Egy stat [-40.08999, -35.064796, -37.352665, 0.47702253]
Start for  4_4_8 [63/105]
Fin;generate all combinations 900900 ...time: 5.145506381988525
Fin; energy prediction...time: 114.5806872844696
Egy stat [-39.021286, -33.3441, -35.95955, 0.48120806]
Start for  4_3_9 [64/105]
Fin;generate all combinations 400400 ...time: 0.8162004947662354
Fin; energy prediction...time: 51.82067251205444
Egy stat [-37.092533, -32.55433, -34.684578, 0.47532082]
Start for  4_2_10 [65/105]
Fin;generate all combinations 120120 ...time: 0.28063082695007324
Fin; energy prediction...time: 17.166865587234497
Egy stat [-35.398205, -31.71476, -33.527264, 0.45798436]
Start for  4_1_11 [66/105]
Fin;generate all combinations 21840 ...time: 0.06659889221191406
Fin; energy prediction...time: 3.872446060180664
Egy stat [-33.88542, -30.953053, -32.48698, 0.42761067]
Start for  3_12_1 [67/105]
Fin;generate all combinations 7280 ...time: 0.09261918067932129
Fin; energy prediction...time: 1.9847662448883057
Egy stat [-51.18101, -49.64713, -50.45224, 0.27642736]
Start for  3_11_2 [68/105]
Fin;generate all combinations 43680 ...time: 0.14125752449035645
Fin; energy prediction...time: 6.399062395095825
Egy stat [-49.198177, -47.17125, -48.27832, 0.30555344]
Start for  3_10_3 [69/105]
Fin;generate all combinations 160160 ...time: 0.6622624397277832
Fin; energy prediction...time: 21.068278312683105
Egy stat [-47.33791, -44.977386, -46.224415, 0.3411369]
Start for  3_9_4 [70/105]
Fin;generate all combinations 400400 ...time: 1.6039721965789795
Fin; energy prediction...time: 49.626869201660156
Egy stat [-45.73995, -42.82718, -44.29265, 0.3760458]
Start for  3_8_5 [71/105]
Fin;generate all combinations 720720 ...time: 2.624394178390503
Fin; energy prediction...time: 89.33945846557617
Egy stat [-44.193443, -40.785065, -42.48449, 0.4063555]
Start for  3_7_6 [72/105]
Fin;generate all combinations 960960 ...time: 4.73934268951416
Fin; energy prediction...time: 117.77358865737915
Egy stat [-42.812515, -39.00728, -40.800747, 0.42980546]
Start for  3_6_7 [73/105]
Fin;generate all combinations 960960 ...time: 5.031034708023071
Fin; energy prediction...time: 119.16240668296814
Egy stat [-41.729225, -37.24569, -39.24175, 0.4449322]
Start for  3_5_8 [74/105]
Fin;generate all combinations 720720 ...time: 3.1223859786987305
Fin; energy prediction...time: 90.3195629119873
Egy stat [-40.819008, -35.426228, -37.80743, 0.45063737]
Start for  3_4_9 [75/105]
Fin;generate all combinations 400400 ...time: 2.364222288131714
Fin; energy prediction...time: 51.24386167526245
Egy stat [-38.8779, -34.54367, -36.49738, 0.44594932]
Start for  3_3_10 [76/105]
Fin;generate all combinations 160160 ...time: 0.3493154048919678
Fin; energy prediction...time: 21.054086446762085
Egy stat [-37.19568, -33.692406, -35.310978, 0.42986667]
Start for  3_2_11 [77/105]
Fin;generate all combinations 43680 ...time: 0.37989306449890137
Fin; energy prediction...time: 6.868834733963013
Egy stat [-35.659344, -32.833527, -34.24745, 0.40121508]
Start for  3_1_12 [78/105]
Fin;generate all combinations 7280 ...time: 0.022615671157836914
Fin; energy prediction...time: 1.9710490703582764
Egy stat [-34.404423, -32.15516, -33.305943, 0.3584439]
Start for  2_13_1 [79/105]
Fin;generate all combinations 1680 ...time: 0.0058176517486572266
Fin; energy prediction...time: 1.1497118473052979
Egy stat [-53.443123, -52.37364, -52.81768, 0.19936378]
Start for  2_12_2 [80/105]
Fin;generate all combinations 10920 ...time: 0.02234625816345215
Fin; energy prediction...time: 2.51367449760437
Egy stat [-51.28415, -49.843594, -50.562122, 0.24010564]
Start for  2_11_3 [81/105]
Fin;generate all combinations 43680 ...time: 0.20145916938781738
Fin; energy prediction...time: 6.554180145263672
Egy stat [-49.34836, -47.5131, -48.432854, 0.28592405]
Start for  2_10_4 [82/105]
Fin;generate all combinations 120120 ...time: 0.525362491607666
Fin; energy prediction...time: 15.751974105834961
Egy stat [-47.642704, -45.09556, -46.432037, 0.32850674]
Start for  2_9_5 [83/105]
Fin;generate all combinations 240240 ...time: 0.9803926944732666
Fin; energy prediction...time: 30.40513038635254
Egy stat [-46.049053, -43.058834, -44.5611, 0.3642789]
Start for  2_8_6 [84/105]
Fin;generate all combinations 360360 ...time: 1.587296724319458
Fin; energy prediction...time: 44.58829474449158
Egy stat [-44.68226, -41.03661, -42.8208, 0.39149147]
Start for  2_7_7 [85/105]
Fin;generate all combinations 411840 ...time: 1.3411948680877686
Fin; energy prediction...time: 50.992619037628174
Egy stat [-43.55352, -39.311287, -41.211372, 0.4091232]
Start for  2_6_8 [86/105]
Fin;generate all combinations 360360 ...time: 1.407787799835205
Fin; energy prediction...time: 45.182366609573364
Egy stat [-42.6268, -37.44113, -39.73261, 0.4164497]
Start for  2_5_9 [87/105]
Fin;generate all combinations 240240 ...time: 1.0030689239501953
Fin; energy prediction...time: 30.88392162322998
Egy stat [-40.663513, -36.559906, -38.38399, 0.4128437]
Start for  2_4_10 [88/105]
Fin;generate all combinations 120120 ...time: 0.5914609432220459
Fin; energy prediction...time: 16.427834033966064
Egy stat [-38.956528, -35.62876, -37.16475, 0.39764825]
Start for  2_3_11 [89/105]
Fin;generate all combinations 43680 ...time: 0.3102390766143799
Fin; energy prediction...time: 6.60946249961853
Egy stat [-37.42658, -34.759445, -36.07397, 0.37006074]
Start for  2_2_12 [90/105]
Fin;generate all combinations 10920 ...time: 0.027149677276611328
Fin; energy prediction...time: 2.44745135307312
Egy stat [-36.17195, -33.841896, -35.11066, 0.3289744]
Start for  2_1_13 [91/105]
Fin;generate all combinations 1680 ...time: 0.005758523941040039
Fin; energy prediction...time: 1.235414743423462
Egy stat [-34.897255, -33.5278, -34.273777, 0.27263793]
Start for  1_14_1 [92/105]
Fin;generate all combinations 240 ...time: 0.0012917518615722656
Fin; energy prediction...time: 1.0092790126800537
Egy stat [-55.46816, -55.09014, -55.263847, 0.1201259]
Start for  1_13_2 [93/105]
Fin;generate all combinations 1680 ...time: 0.003647327423095703
Fin; energy prediction...time: 1.1498322486877441
Egy stat [-53.360348, -52.563187, -52.92593, 0.17618099]
Start for  1_12_3 [94/105]
Fin;generate all combinations 7280 ...time: 0.016761302947998047
Fin; energy prediction...time: 1.9737412929534912
Egy stat [-51.39304, -50.085228, -50.72029, 0.23336193]
Start for  1_11_4 [95/105]
Fin;generate all combinations 21840 ...time: 0.04744744300842285
Fin; energy prediction...time: 3.848684549331665
Egy stat [-49.696255, -47.614002, -48.64913, 0.28357247]
Start for  1_10_5 [96/105]
Fin;generate all combinations 48048 ...time: 0.24222898483276367
Fin; energy prediction...time: 7.269806861877441
Egy stat [-47.989674, -45.439438, -46.71385, 0.32450512]
Start for  1_9_6 [97/105]
Fin;generate all combinations 80080 ...time: 0.28461670875549316
Fin; energy prediction...time: 10.996093034744263
Egy stat [-46.58279, -43.27647, -44.91516, 0.3551981]
Start for  1_8_7 [98/105]
Fin;generate all combinations 102960 ...time: 0.3694150447845459
Fin; energy prediction...time: 14.157645463943481
Egy stat [-45.367004, -41.25213, -43.25321, 0.3751062]
Start for  1_7_8 [99/105]
Fin;generate all combinations 102960 ...time: 0.381497859954834
Fin; energy prediction...time: 14.024883031845093
Egy stat [-44.39457, -39.451385, -41.72766, 0.38384098]
Start for  1_6_9 [100/105]
Fin;generate all combinations 80080 ...time: 0.40303659439086914
Fin; energy prediction...time: 10.891923189163208
Egy stat [-42.42752, -38.56636, -40.337868, 0.38106114]
Start for  1_5_10 [101/105]
Fin;generate all combinations 48048 ...time: 0.2442781925201416
Fin; energy prediction...time: 6.824767351150513
Egy stat [-40.7285, -37.65965, -39.082916, 0.36639178]
Start for  1_4_11 [102/105]
Fin;generate all combinations 21840 ...time: 0.04981517791748047
Fin; energy prediction...time: 3.585590124130249
Egy stat [-39.22431, -36.75875, -37.961758, 0.3393456]
Start for  1_3_12 [103/105]
Fin;generate all combinations 7280 ...time: 0.016947507858276367
Fin; energy prediction...time: 1.9159071445465088
Egy stat [-37.959667, -35.816208, -36.97326, 0.29920694]
Start for  1_2_13 [104/105]
Fin;generate all combinations 1680 ...time: 0.004550457000732422
Fin; energy prediction...time: 1.2243781089782715
Egy stat [-36.692646, -35.44406, -36.116257, 0.24480139]
Start for  1_1_14 [105/105]
Fin;generate all combinations 240 ...time: 0.0011293888092041016
Fin; energy prediction...time: 0.9314632415771484
Egy stat [-35.624672, -35.08673, -35.389614, 0.17369229]
Saving....
Saved to... Rb_CdGeSn_Cl.pkl
Total elapsed time... 5614.876173496246
