Summary of calculations
Site name (A,B,C)... Rb Ge,Sn,Zn Br
Base cif file name... ../0.cif
Save file name... Rb_GeSnZn_Br.pkl
Fin; combination with repetition...time: 0.0015783309936523438
Start for  14_1_1 [1/105]
Fin;generate all combinations 240 ...time: 0.0006349086761474609
Fin; energy prediction...time: 0.18620991706848145
Egy stat [-55.110268, -54.434105, -54.70512, 0.1876341]
Start for  13_2_1 [2/105]
Fin;generate all combinations 1680 ...time: 0.0034983158111572266
Fin; energy prediction...time: 0.356234073638916
Egy stat [-53.701588, -52.35784, -52.987583, 0.28062245]
Start for  13_1_2 [3/105]
Fin;generate all combinations 1680 ...time: 0.003871917724609375
Fin; energy prediction...time: 0.42830848693847656
Egy stat [-49.432198, -47.683605, -48.563023, 0.36890385]
Start for  12_3_1 [4/105]
Fin;generate all combinations 7280 ...time: 0.01181650161743164
Fin; energy prediction...time: 1.1639087200164795
Egy stat [-52.41214, -50.58597, -51.37225, 0.35428038]
Start for  12_2_2 [5/105]
Fin;generate all combinations 10920 ...time: 0.016777992248535156
Fin; energy prediction...time: 1.6767973899841309
Egy stat [-48.125755, -45.37035, -46.84372, 0.45568416]
Start for  12_1_3 [6/105]
Fin;generate all combinations 7280 ...time: 0.053598642349243164
Fin; energy prediction...time: 1.1896071434020996
Egy stat [-44.066727, -41.412987, -42.67708, 0.51811576]
Start for  11_4_1 [7/105]
Fin;generate all combinations 21840 ...time: 0.07515716552734375
Fin; energy prediction...time: 3.080962896347046
Egy stat [-51.285336, -48.737206, -49.86219, 0.41402858]
Start for  11_3_2 [8/105]
Fin;generate all combinations 43680 ...time: 0.12544608116149902
Fin; energy prediction...time: 5.838167905807495
Egy stat [-46.87201, -43.52719, -45.221863, 0.52876]
Start for  11_2_3 [9/105]
Fin;generate all combinations 43680 ...time: 0.15127825736999512
Fin; energy prediction...time: 5.7458696365356445
Egy stat [-42.69564, -38.953392, -40.96506, 0.6016901]
Start for  11_1_4 [10/105]
Fin;generate all combinations 21840 ...time: 0.05354928970336914
Fin; energy prediction...time: 2.963113784790039
Egy stat [-38.68798, -35.013683, -37.03976, 0.6271122]
Start for  10_5_1 [11/105]
Fin;generate all combinations 48048 ...time: 0.2034618854522705
Fin; energy prediction...time: 6.098540782928467
Egy stat [-50.297672, -47.144947, -48.459587, 0.4616063]
Start for  10_4_2 [12/105]
Fin;generate all combinations 120120 ...time: 0.48078346252441406
Fin; energy prediction...time: 15.042667865753174
Egy stat [-45.814644, -41.64788, -43.70037, 0.5895192]
Start for  10_3_3 [13/105]
Fin;generate all combinations 160160 ...time: 0.4105088710784912
Fin; energy prediction...time: 20.411311149597168
Egy stat [-41.590054, -36.878372, -39.345203, 0.67378515]
Start for  10_2_4 [14/105]
Fin;generate all combinations 120120 ...time: 0.6240839958190918
Fin; energy prediction...time: 14.957915544509888
Egy stat [-37.497513, -32.410088, -35.34383, 0.7086035]
Start for  10_1_5 [15/105]
Fin;generate all combinations 48048 ...time: 0.09549427032470703
Fin; energy prediction...time: 6.204941511154175
Egy stat [-33.863205, -29.590689, -31.64286, 0.6892551]
Start for  9_6_1 [16/105]
Fin;generate all combinations 80080 ...time: 0.24596738815307617
Fin; energy prediction...time: 10.10458254814148
Egy stat [-49.42607, -45.46971, -47.16588, 0.49763224]
Start for  9_5_2 [17/105]
Fin;generate all combinations 240240 ...time: 0.8260419368743896
Fin; energy prediction...time: 30.208922863006592
Egy stat [-44.83086, -39.86183, -42.281353, 0.6388012]
Start for  9_4_3 [18/105]
Fin;generate all combinations 400400 ...time: 1.4077558517456055
Fin; energy prediction...time: 49.636518478393555
Egy stat [-40.614994, -34.81025, -37.82031, 0.73468804]
Start for  9_3_4 [19/105]
Fin;generate all combinations 400400 ...time: 1.7069082260131836
Fin; energy prediction...time: 49.703948736190796
Egy stat [-36.547787, -30.105757, -33.734165, 0.7800117]
Start for  9_2_5 [20/105]
Fin;generate all combinations 240240 ...time: 0.4001002311706543
Fin; energy prediction...time: 30.02897000312805
Egy stat [-32.501717, -27.032656, -29.971434, 0.77029455]
Start for  9_1_6 [21/105]
Fin;generate all combinations 80080 ...time: 0.16921663284301758
Fin; energy prediction...time: 10.73993730545044
Egy stat [-28.882662, -24.081234, -26.47355, 0.7014576]
Start for  8_7_1 [22/105]
Fin;generate all combinations 102960 ...time: 0.45681095123291016
Fin; energy prediction...time: 12.967503309249878
Egy stat [-48.809536, -44.070126, -45.981865, 0.522228]
Start for  8_6_2 [23/105]
Fin;generate all combinations 360360 ...time: 1.2002971172332764
Fin; energy prediction...time: 45.01413059234619
Egy stat [-44.042225, -38.0476, -40.966232, 0.67705005]
Start for  8_5_3 [24/105]
Fin;generate all combinations 720720 ...time: 2.2976746559143066
Fin; energy prediction...time: 88.38845372200012
Egy stat [-39.67509, -33.09736, -36.392452, 0.7848884]
Start for  8_4_4 [25/105]
Fin;generate all combinations 900900 ...time: 4.048261642456055
Fin; energy prediction...time: 112.00834512710571
Egy stat [-35.684166, -27.806883, -32.21348, 0.8411104]
Start for  8_3_5 [26/105]
Fin;generate all combinations 720720 ...time: 4.0767412185668945
Fin; energy prediction...time: 88.7737832069397
Egy stat [-31.39934, -24.75079, -28.379698, 0.84222287]
Start for  8_2_6 [27/105]
Fin;generate all combinations 360360 ...time: 1.7296888828277588
Fin; energy prediction...time: 45.33036422729492
Egy stat [-27.742622, -21.548615, -24.834484, 0.7851743]
Start for  8_1_7 [28/105]
Fin;generate all combinations 102960 ...time: 0.21859097480773926
Fin; energy prediction...time: 13.357677221298218
Egy stat [-23.723167, -19.134613, -21.511036, 0.66711867]
Start for  7_8_1 [29/105]
Fin;generate all combinations 102960 ...time: 0.38321876525878906
Fin; energy prediction...time: 13.328210592269897
Egy stat [-48.30573, -43.02346, -44.90785, 0.53523964]
Start for  7_7_2 [30/105]
Fin;generate all combinations 411840 ...time: 1.3645141124725342
Fin; energy prediction...time: 51.06095218658447
Egy stat [-43.37155, -36.93472, -39.755917, 0.70440614]
Start for  7_6_3 [31/105]
Fin;generate all combinations 960960 ...time: 3.314896821975708
Fin; energy prediction...time: 118.8084933757782
Egy stat [-38.881573, -31.723541, -35.063084, 0.82476205]
Start for  7_5_4 [32/105]
Fin;generate all combinations 1441440 ...time: 5.031214237213135
Fin; energy prediction...time: 180.4818799495697
Egy stat [-34.694023, -26.54067, -30.783806, 0.8922431]
Start for  7_4_5 [33/105]
Fin;generate all combinations 1441440 ...time: 4.673135280609131
Fin; energy prediction...time: 179.1655912399292
Egy stat [-30.422577, -22.95631, -26.870243, 0.9044539]
Start for  7_3_6 [34/105]
Fin;generate all combinations 960960 ...time: 5.288753509521484
Fin; energy prediction...time: 119.08180713653564
Egy stat [-26.642933, -19.772095, -23.267775, 0.8601725]
Start for  7_2_7 [35/105]
Fin;generate all combinations 411840 ...time: 0.834437370300293
Fin; energy prediction...time: 54.023061752319336
Egy stat [-22.674114, -17.109121, -19.911457, 0.75918907]
Start for  7_1_8 [36/105]
Fin;generate all combinations 102960 ...time: 0.24332380294799805
Fin; energy prediction...time: 13.320650815963745
Egy stat [-18.856209, -14.5559845, -16.724241, 0.59996736]
Start for  6_9_1 [37/105]
Fin;generate all combinations 80080 ...time: 0.15901851654052734
Fin; energy prediction...time: 10.380376815795898
Egy stat [-46.80374, -42.17803, -43.943687, 0.5363193]
Start for  6_8_2 [38/105]
Fin;generate all combinations 360360 ...time: 1.293531894683838
Fin; energy prediction...time: 45.539358377456665
Egy stat [-42.912663, -35.81287, -38.65083, 0.72076863]
Start for  6_7_3 [39/105]
Fin;generate all combinations 960960 ...time: 3.330686092376709
Fin; energy prediction...time: 118.48969101905823
Egy stat [-38.245293, -30.616402, -33.833237, 0.85447836]
Start for  6_6_4 [40/105]
Fin;generate all combinations 1681680 ...time: 5.7206127643585205
Fin; energy prediction...time: 206.75286674499512
Egy stat [-33.94062, -25.271708, -29.446648, 0.93380284]
Start for  6_5_5 [41/105]
Fin;generate all combinations 2018016 ...time: 9.322550773620605
Fin; energy prediction...time: 248.6716284751892
Egy stat [-29.57947, -21.517363, -25.445095, 0.9572866]
Start for  6_4_6 [42/105]
Fin;generate all combinations 1681680 ...time: 10.035972833633423
Fin; energy prediction...time: 209.65364933013916
Egy stat [-25.73713, -18.001257, -21.77595, 0.9255347]
Start for  6_3_7 [43/105]
Fin;generate all combinations 960960 ...time: 5.709956645965576
Fin; energy prediction...time: 121.13184714317322
Egy stat [-21.692802, -15.280368, -18.376205, 0.84170806]
Start for  6_2_8 [44/105]
Fin;generate all combinations 360360 ...time: 0.6620168685913086
Fin; energy prediction...time: 46.366371154785156
Egy stat [-17.8569, -12.424327, -15.170506, 0.70970017]
Start for  6_1_9 [45/105]
Fin;generate all combinations 80080 ...time: 0.8071620464324951
Fin; energy prediction...time: 10.666922330856323
Egy stat [-14.089529, -10.475501, -12.070678, 0.52864]
Start for  5_10_1 [46/105]
Fin;generate all combinations 48048 ...time: 0.11239123344421387
Fin; energy prediction...time: 6.906172275543213
Egy stat [-45.43278, -41.350277, -43.088917, 0.52492744]
Start for  5_9_2 [47/105]
Fin;generate all combinations 240240 ...time: 0.9575400352478027
Fin; energy prediction...time: 30.56367015838623
Egy stat [-41.343475, -34.814384, -37.65111, 0.72582006]
Start for  5_8_3 [48/105]
Fin;generate all combinations 720720 ...time: 2.9886138439178467
Fin; energy prediction...time: 89.84445214271545
Egy stat [-37.784904, -29.573025, -32.703518, 0.8739779]
Start for  5_7_4 [49/105]
Fin;generate all combinations 1441440 ...time: 4.951523065567017
Fin; energy prediction...time: 181.11804294586182
Egy stat [-33.365746, -24.207123, -28.203156, 0.96603256]
Start for  5_6_5 [50/105]
Fin;generate all combinations 2018016 ...time: 10.985226154327393
Fin; energy prediction...time: 250.2516074180603
Egy stat [-28.891027, -20.075104, -24.105812, 1.0012127]
Start for  5_5_6 [51/105]
Fin;generate all combinations 2018016 ...time: 11.360183477401733
Fin; energy prediction...time: 249.81110215187073
Egy stat [-24.695862, -16.389208, -20.360964, 0.981604]
Start for  5_4_7 [52/105]
Fin;generate all combinations 1441440 ...time: 6.057033538818359
Fin; energy prediction...time: 180.97744822502136
Egy stat [-20.886816, -13.526879, -16.907679, 0.9135104]
Start for  5_3_8 [53/105]
Fin;generate all combinations 720720 ...time: 1.333829641342163
Fin; energy prediction...time: 91.56178712844849
Egy stat [-16.973454, -10.652162, -13.672405, 0.8064397]
Start for  5_2_9 [54/105]
Fin;generate all combinations 240240 ...time: 1.7150685787200928
Fin; energy prediction...time: 30.24398374557495
Egy stat [-13.135214, -8.25999, -10.568353, 0.6678298]
Start for  5_1_10 [55/105]
Fin;generate all combinations 48048 ...time: 0.14000344276428223
Fin; energy prediction...time: 6.737805128097534
Egy stat [-9.178651, -5.8551183, -7.496365, 0.49459365]
Start for  4_11_1 [56/105]
Fin;generate all combinations 21840 ...time: 0.15981101989746094
Fin; energy prediction...time: 3.513617992401123
Egy stat [-44.258717, -40.92114, -42.342743, 0.5002609]
Start for  4_10_2 [57/105]
Fin;generate all combinations 120120 ...time: 0.5344078540802002
Fin; energy prediction...time: 15.38756775856018
Egy stat [-39.96773, -33.792, -36.756577, 0.71901786]
Start for  4_9_3 [58/105]
Fin;generate all combinations 400400 ...time: 1.8134093284606934
Fin; energy prediction...time: 50.30513119697571
Egy stat [-36.1074, -28.537735, -31.674335, 0.8829641]
Start for  4_8_4 [59/105]
Fin;generate all combinations 900900 ...time: 3.4028377532958984
Fin; energy prediction...time: 110.86081266403198
Egy stat [-32.962536, -22.846968, -27.054173, 0.988946]
Start for  4_7_5 [60/105]
Fin;generate all combinations 1441440 ...time: 6.175285339355469
Fin; energy prediction...time: 174.92395067214966
Egy stat [-28.29669, -18.879208, -22.85365, 1.0366206]
Start for  4_6_6 [61/105]
Fin;generate all combinations 1681680 ...time: 5.614538669586182
Fin; energy prediction...time: 206.2844443321228
Egy stat [-23.98684, -14.773453, -19.024418, 1.0290729]
Start for  4_5_7 [62/105]
Fin;generate all combinations 1441440 ...time: 8.837436437606812
Fin; energy prediction...time: 180.75442934036255
Egy stat [-20.069822, -11.819931, -15.507799, 0.9751406]
Start for  4_4_8 [63/105]
Fin;generate all combinations 900900 ...time: 4.054980516433716
Fin; energy prediction...time: 113.78228116035461
Egy stat [-16.175552, -8.75374, -12.232229, 0.88934094]
Start for  4_3_9 [64/105]
Fin;generate all combinations 400400 ...time: 0.7847325801849365
Fin; energy prediction...time: 50.187750816345215
Egy stat [-12.252659, -6.589562, -9.112428, 0.78630924]
Start for  4_2_10 [65/105]
Fin;generate all combinations 120120 ...time: 0.2669248580932617
Fin; energy prediction...time: 16.324333667755127
Egy stat [-8.497488, -3.5516238, -6.0503182, 0.66931766]
Start for  4_1_11 [66/105]
Fin;generate all combinations 21840 ...time: 0.2571718692779541
Fin; energy prediction...time: 3.429563045501709
Egy stat [-4.47764, -1.117384, -2.9366364, 0.5214712]
Start for  3_12_1 [67/105]
Fin;generate all combinations 7280 ...time: 0.0202181339263916
Fin; energy prediction...time: 1.6818203926086426
Egy stat [-43.169743, -40.478848, -41.704094, 0.4610526]
Start for  3_11_2 [68/105]
Fin;generate all combinations 43680 ...time: 0.13939118385314941
Fin; energy prediction...time: 6.08003568649292
Egy stat [-38.552258, -33.436638, -35.9668, 0.69954103]
Start for  3_10_3 [69/105]
Fin;generate all combinations 160160 ...time: 0.6311595439910889
Fin; energy prediction...time: 20.142677068710327
Egy stat [-34.479256, -27.877726, -30.745823, 0.8808863]
Start for  3_9_4 [70/105]
Fin;generate all combinations 400400 ...time: 1.5734567642211914
Fin; energy prediction...time: 50.460901975631714
Egy stat [-31.064987, -22.117023, -26.000332, 1.0022937]
Start for  3_8_5 [71/105]
Fin;generate all combinations 720720 ...time: 2.589639663696289
Fin; energy prediction...time: 90.55677080154419
Egy stat [-27.822672, -17.661354, -21.689646, 1.0636669]
Start for  3_7_6 [72/105]
Fin;generate all combinations 960960 ...time: 3.224198579788208
Fin; energy prediction...time: 118.50952482223511
Egy stat [-23.385273, -13.452598, -17.76766, 1.0685889]
Start for  3_6_7 [73/105]
Fin;generate all combinations 960960 ...time: 4.945281505584717
Fin; energy prediction...time: 119.99787759780884
Egy stat [-19.337044, -10.134867, -14.178164, 1.0276579]
Start for  3_5_8 [74/105]
Fin;generate all combinations 720720 ...time: 1.3910109996795654
Fin; energy prediction...time: 90.95192694664001
Egy stat [-15.453407, -7.0270476, -10.851796, 0.9595477]
Start for  3_4_9 [75/105]
Fin;generate all combinations 400400 ...time: 2.248284101486206
Fin; energy prediction...time: 51.35821509361267
Egy stat [-11.488298, -4.545784, -7.70504, 0.8853034]
Start for  3_3_10 [76/105]
Fin;generate all combinations 160160 ...time: 0.3643462657928467
Fin; energy prediction...time: 21.218212604522705
Egy stat [-7.7505603, -1.7188311, -4.6410093, 0.8135416]
Start for  3_2_11 [77/105]
Fin;generate all combinations 43680 ...time: 0.11282801628112793
Fin; energy prediction...time: 6.1964945793151855
Egy stat [-3.636034, 0.99178696, -1.5512038, 0.7254679]
Start for  3_1_12 [78/105]
Fin;generate all combinations 7280 ...time: 0.02276325225830078
Fin; energy prediction...time: 1.7036867141723633
Egy stat [0.053751945, 3.7329226, 1.6824104, 0.57920265]
Start for  2_13_1 [79/105]
Fin;generate all combinations 1680 ...time: 0.005853176116943359
Fin; energy prediction...time: 0.9177408218383789
Egy stat [-42.128414, -40.307404, -41.171574, 0.4050605]
Start for  2_12_2 [80/105]
Fin;generate all combinations 10920 ...time: 0.022861957550048828
Fin; energy prediction...time: 1.9918642044067383
Egy stat [-37.30589, -33.067825, -35.281094, 0.66616]
Start for  2_11_3 [81/105]
Fin;generate all combinations 43680 ...time: 0.20501971244812012
Fin; energy prediction...time: 6.282522916793823
Egy stat [-33.07862, -27.329813, -29.917952, 0.8668991]
Start for  2_10_4 [82/105]
Fin;generate all combinations 120120 ...time: 0.44710731506347656
Fin; energy prediction...time: 15.753758192062378
Egy stat [-29.288988, -21.360428, -25.042166, 1.0055385]
Start for  2_9_5 [83/105]
Fin;generate all combinations 240240 ...time: 1.3398420810699463
Fin; energy prediction...time: 30.00387167930603
Egy stat [-25.779654, -16.913351, -20.614723, 1.082215]
Start for  2_8_6 [84/105]
Fin;generate all combinations 360360 ...time: 1.5751538276672363
Fin; energy prediction...time: 44.3888304233551
Egy stat [-22.906755, -12.135608, -16.591911, 1.1005698]
Start for  2_7_7 [85/105]
Fin;generate all combinations 411840 ...time: 1.5897903442382812
Fin; energy prediction...time: 50.81459307670593
Egy stat [-18.763397, -8.640421, -12.920181, 1.0721364]
Start for  2_6_8 [86/105]
Fin;generate all combinations 360360 ...time: 1.4353299140930176
Fin; energy prediction...time: 45.312674045562744
Egy stat [-14.866827, -5.3134933, -9.532672, 1.0187554]
Start for  2_5_9 [87/105]
Fin;generate all combinations 240240 ...time: 0.9771497249603271
Fin; energy prediction...time: 30.638423442840576
Egy stat [-10.778051, -3.1115737, -6.347922, 0.9672493]
Start for  2_4_10 [88/105]
Fin;generate all combinations 120120 ...time: 0.7007138729095459
Fin; energy prediction...time: 15.953282117843628
Egy stat [-7.0275598, 0.30886936, -3.2704368, 0.9319173]
Start for  2_3_11 [89/105]
Fin;generate all combinations 43680 ...time: 0.10305953025817871
Fin; energy prediction...time: 6.211388349533081
Egy stat [-2.7995596, 3.0410175, -0.19257051, 0.8948018]
Start for  2_2_12 [90/105]
Fin;generate all combinations 10920 ...time: 0.028948307037353516
Fin; energy prediction...time: 2.0573408603668213
Egy stat [0.9229145, 5.9844246, 3.0031629, 0.8057395]
Start for  2_1_13 [91/105]
Fin;generate all combinations 1680 ...time: 0.005789041519165039
Fin; energy prediction...time: 0.9030435085296631
Egy stat [5.3538065, 7.995962, 6.442069, 0.60462517]
Start for  1_14_1 [92/105]
Fin;generate all combinations 240 ...time: 0.0016465187072753906
Fin; energy prediction...time: 0.669015645980835
Egy stat [-41.318, -40.21125, -40.743412, 0.32749537]
Start for  1_13_2 [93/105]
Fin;generate all combinations 1680 ...time: 0.0042378902435302734
Fin; energy prediction...time: 0.9030632972717285
Egy stat [-36.01512, -33.11796, -34.69849, 0.61694795]
Start for  1_12_3 [94/105]
Fin;generate all combinations 7280 ...time: 0.017222166061401367
Fin; energy prediction...time: 1.6714210510253906
Egy stat [-31.69857, -26.789742, -29.19047, 0.83976895]
Start for  1_11_4 [95/105]
Fin;generate all combinations 21840 ...time: 0.0490572452545166
Fin; energy prediction...time: 3.4530553817749023
Egy stat [-27.770006, -20.641445, -24.180025, 0.9978197]
Start for  1_10_5 [96/105]
Fin;generate all combinations 48048 ...time: 0.26392030715942383
Fin; energy prediction...time: 6.706228256225586
Egy stat [-23.872559, -16.20438, -19.62975, 1.091795]
Start for  1_9_6 [97/105]
Fin;generate all combinations 80080 ...time: 0.2926051616668701
Fin; energy prediction...time: 11.09684944152832
Egy stat [-20.769798, -11.42143, -15.498377, 1.1251068]
Start for  1_8_7 [98/105]
Fin;generate all combinations 102960 ...time: 0.38847899436950684
Fin; energy prediction...time: 13.28974962234497
Egy stat [-18.238735, -7.1364384, -11.73523, 1.1094313]
Start for  1_7_8 [99/105]
Fin;generate all combinations 102960 ...time: 0.43196821212768555
Fin; energy prediction...time: 13.367064476013184
Egy stat [-14.290369, -3.705256, -8.276316, 1.0686814]
Start for  1_6_9 [100/105]
Fin;generate all combinations 80080 ...time: 0.3428537845611572
Fin; energy prediction...time: 10.440772533416748
Egy stat [-10.0995865, -1.4072161, -5.0425653, 1.0347626]
Start for  1_5_10 [101/105]
Fin;generate all combinations 48048 ...time: 0.24454832077026367
Fin; energy prediction...time: 6.568925857543945
Egy stat [-6.2622766, 1.7500048, -1.9402, 1.0282999]
Start for  1_4_11 [102/105]
Fin;generate all combinations 21840 ...time: 0.04999113082885742
Fin; energy prediction...time: 3.470656394958496
Egy stat [-1.9499998, 5.167718, 1.1374073, 1.0344731]
Start for  1_3_12 [103/105]
Fin;generate all combinations 7280 ...time: 0.017089366912841797
Fin; energy prediction...time: 1.5888333320617676
Egy stat [1.8083324, 7.9055634, 4.3071923, 1.0008124]
Start for  1_2_13 [104/105]
Fin;generate all combinations 1680 ...time: 0.0051517486572265625
Fin; energy prediction...time: 0.9708750247955322
Egy stat [6.237049, 9.989754, 7.6940103, 0.855791]
Start for  1_1_14 [105/105]
Fin;generate all combinations 240 ...time: 0.0010967254638671875
Fin; energy prediction...time: 0.7116305828094482
Egy stat [10.815039, 13.205017, 11.42904, 0.52317494]
Saving....
Saved to... Rb_GeSnZn_Br.pkl
Total elapsed time... 5586.946289300919
