Summary of calculations
Site name (A,B,C)... Rb Ge,Hg,Zn Br
Base cif file name... ../0.cif
Save file name... Rb_GeHgZn_Br.pkl
Fin; combination with repetition...time: 0.006768226623535156
Start for  14_1_1 [1/105]
Fin;generate all combinations 240 ...time: 0.0006089210510253906
Fin; energy prediction...time: 0.19702720642089844
Egy stat [-54.33461, -53.21102, -53.50323, 0.24917148]
Start for  13_2_1 [2/105]
Fin;generate all combinations 1680 ...time: 0.0035805702209472656
Fin; energy prediction...time: 0.39171695709228516
Egy stat [-51.608112, -49.86125, -50.560337, 0.38884592]
Start for  13_1_2 [3/105]
Fin;generate all combinations 1680 ...time: 0.0036497116088867188
Fin; energy prediction...time: 0.4070854187011719
Egy stat [-48.557392, -46.64377, -47.46599, 0.42942756]
Start for  12_3_1 [4/105]
Fin;generate all combinations 7280 ...time: 0.012238502502441406
Fin; energy prediction...time: 1.209501028060913
Egy stat [-49.219376, -46.492455, -47.728348, 0.51897395]
Start for  12_2_2 [5/105]
Fin;generate all combinations 10920 ...time: 0.01674199104309082
Fin; energy prediction...time: 1.5068755149841309
Egy stat [-46.374966, -43.24797, -44.65819, 0.5657613]
Start for  12_1_3 [6/105]
Fin;generate all combinations 7280 ...time: 0.07204890251159668
Fin; energy prediction...time: 1.1132862567901611
Egy stat [-43.33101, -40.26265, -41.688847, 0.56897837]
Start for  11_4_1 [7/105]
Fin;generate all combinations 21840 ...time: 0.0762624740600586
Fin; energy prediction...time: 2.8838841915130615
Egy stat [-46.554947, -43.38075, -45.041187, 0.6338428]
Start for  11_3_2 [8/105]
Fin;generate all combinations 43680 ...time: 0.12490987777709961
Fin; energy prediction...time: 5.714757442474365
Egy stat [-43.73117, -40.277046, -41.98595, 0.6781516]
Start for  11_2_3 [9/105]
Fin;generate all combinations 43680 ...time: 0.13805794715881348
Fin; energy prediction...time: 5.549032926559448
Egy stat [-40.9192, -37.321205, -39.026226, 0.68315375]
Start for  11_1_4 [10/105]
Fin;generate all combinations 21840 ...time: 0.04099583625793457
Fin; energy prediction...time: 2.957991361618042
Egy stat [-37.958908, -34.7129, -36.1613, 0.65667886]
Start for  10_5_1 [11/105]
Fin;generate all combinations 48048 ...time: 0.2137753963470459
Fin; energy prediction...time: 6.271636486053467
Egy stat [-44.185696, -40.2828, -42.52614, 0.71721333]
Start for  10_4_2 [12/105]
Fin;generate all combinations 120120 ...time: 0.4636845588684082
Fin; energy prediction...time: 14.899213075637817
Egy stat [-41.496933, -36.92753, -39.476498, 0.7558236]
Start for  10_3_3 [13/105]
Fin;generate all combinations 160160 ...time: 0.6018424034118652
Fin; energy prediction...time: 20.166929244995117
Egy stat [-38.704132, -34.17269, -36.51682, 0.75981545]
Start for  10_2_4 [14/105]
Fin;generate all combinations 120120 ...time: 0.38784289360046387
Fin; energy prediction...time: 15.241769075393677
Egy stat [-35.872295, -31.400932, -33.647514, 0.73566353]
Start for  10_1_5 [15/105]
Fin;generate all combinations 48048 ...time: 0.09534549713134766
Fin; energy prediction...time: 6.261725664138794
Egy stat [-32.97271, -29.021206, -30.869074, 0.6865801]
Start for  9_6_1 [16/105]
Fin;generate all combinations 80080 ...time: 0.3190946578979492
Fin; energy prediction...time: 10.460853099822998
Egy stat [-41.951805, -37.20316, -40.19921, 0.75236994]
Start for  9_5_2 [17/105]
Fin;generate all combinations 240240 ...time: 0.7367105484008789
Fin; energy prediction...time: 30.032191038131714
Egy stat [-39.23636, -33.80326, -37.146446, 0.78547823]
Start for  9_4_3 [18/105]
Fin;generate all combinations 400400 ...time: 1.2206027507781982
Fin; energy prediction...time: 49.902262687683105
Egy stat [-36.448013, -31.036245, -34.177593, 0.78857344]
Start for  9_3_4 [19/105]
Fin;generate all combinations 400400 ...time: 1.7813873291015625
Fin; energy prediction...time: 49.75222301483154
Egy stat [-33.65901, -28.422638, -31.294323, 0.7669304]
Start for  9_2_5 [20/105]
Fin;generate all combinations 240240 ...time: 0.9403162002563477
Fin; energy prediction...time: 30.096256017684937
Egy stat [-30.672052, -26.096956, -28.498238, 0.72328043]
Start for  9_1_6 [21/105]
Fin;generate all combinations 80080 ...time: 0.17236590385437012
Fin; energy prediction...time: 10.670386791229248
Egy stat [-27.95683, -23.712706, -25.790518, 0.65851015]
Start for  8_7_1 [22/105]
Fin;generate all combinations 102960 ...time: 0.3481254577636719
Fin; energy prediction...time: 13.04471468925476
Egy stat [-39.710487, -34.00164, -38.061623, 0.7290107]
Start for  8_6_2 [23/105]
Fin;generate all combinations 360360 ...time: 1.4471449851989746
Fin; energy prediction...time: 44.491650342941284
Egy stat [-37.00566, -30.602428, -34.99796, 0.7585415]
Start for  8_5_3 [24/105]
Fin;generate all combinations 720720 ...time: 2.7491414546966553
Fin; energy prediction...time: 88.38389778137207
Egy stat [-34.148643, -27.811935, -32.01157, 0.76261675]
Start for  8_4_4 [25/105]
Fin;generate all combinations 900900 ...time: 4.094524621963501
Fin; energy prediction...time: 110.35390257835388
Egy stat [-31.554598, -25.033203, -29.105463, 0.7454274]
Start for  8_3_5 [26/105]
Fin;generate all combinations 720720 ...time: 3.0446650981903076
Fin; energy prediction...time: 95.85932493209839
Egy stat [-28.466404, -22.880087, -26.28246, 0.709125]
Start for  8_2_6 [27/105]
Fin;generate all combinations 360360 ...time: 2.1725213527679443
Fin; energy prediction...time: 45.20963788032532
Egy stat [-25.630936, -20.689808, -23.544806, 0.6544371]
Start for  8_1_7 [28/105]
Fin;generate all combinations 102960 ...time: 0.22746777534484863
Fin; energy prediction...time: 14.11974048614502
Egy stat [-22.739202, -18.645987, -20.893997, 0.5806366]
Start for  7_8_1 [29/105]
Fin;generate all combinations 102960 ...time: 0.18611550331115723
Fin; energy prediction...time: 13.300186157226562
Egy stat [-37.417328, -33.13913, -36.098152, 0.6481584]
Start for  7_7_2 [30/105]
Fin;generate all combinations 411840 ...time: 1.3628568649291992
Fin; energy prediction...time: 51.20878338813782
Egy stat [-34.73336, -29.785448, -33.01699, 0.6767845]
Start for  7_6_3 [31/105]
Fin;generate all combinations 960960 ...time: 3.4471399784088135
Fin; energy prediction...time: 117.30760860443115
Egy stat [-31.814846, -26.641289, -30.005692, 0.68475384]
Start for  7_5_4 [32/105]
Fin;generate all combinations 1441440 ...time: 6.015130996704102
Fin; energy prediction...time: 185.46240496635437
Egy stat [-29.15027, -23.886736, -27.06875, 0.6751373]
Start for  7_4_5 [33/105]
Fin;generate all combinations 1441440 ...time: 4.827275991439819
Fin; energy prediction...time: 179.2644715309143
Egy stat [-26.20919, -21.167868, -24.210384, 0.64934164]
Start for  7_3_6 [34/105]
Fin;generate all combinations 960960 ...time: 5.076133489608765
Fin; energy prediction...time: 120.41094422340393
Egy stat [-23.322533, -18.875854, -21.434084, 0.60772896]
Start for  7_2_7 [35/105]
Fin;generate all combinations 411840 ...time: 2.4071450233459473
Fin; energy prediction...time: 52.088746786117554
Egy stat [-20.534355, -16.59672, -18.742323, 0.54974365]
Start for  7_1_8 [36/105]
Fin;generate all combinations 102960 ...time: 0.22632789611816406
Fin; energy prediction...time: 13.616480588912964
Egy stat [-17.615852, -14.60271, -16.136429, 0.47344014]
Start for  6_9_1 [37/105]
Fin;generate all combinations 80080 ...time: 0.15882062911987305
Fin; energy prediction...time: 10.679508209228516
Egy stat [-35.408176, -32.276703, -34.27763, 0.5248967]
Start for  6_8_2 [38/105]
Fin;generate all combinations 360360 ...time: 1.4416046142578125
Fin; energy prediction...time: 44.347880601882935
Egy stat [-32.756313, -28.264093, -31.173374, 0.55603915]
Start for  6_7_3 [39/105]
Fin;generate all combinations 960960 ...time: 4.359918594360352
Fin; energy prediction...time: 120.35223937034607
Egy stat [-29.988016, -25.521416, -28.130726, 0.5719852]
Start for  6_6_4 [40/105]
Fin;generate all combinations 1681680 ...time: 7.730794668197632
Fin; energy prediction...time: 206.61061453819275
Egy stat [-27.188225, -22.510384, -25.155794, 0.57437027]
Start for  6_5_5 [41/105]
Fin;generate all combinations 2018016 ...time: 11.739173650741577
Fin; energy prediction...time: 254.14281344413757
Egy stat [-24.447515, -19.640244, -22.254313, 0.56353825]
Start for  6_4_6 [42/105]
Fin;generate all combinations 1681680 ...time: 8.457854986190796
Fin; energy prediction...time: 209.91471886634827
Egy stat [-21.571304, -17.040783, -19.431295, 0.53920466]
Start for  6_3_7 [43/105]
Fin;generate all combinations 960960 ...time: 5.291244029998779
Fin; energy prediction...time: 121.6417076587677
Egy stat [-18.763046, -14.691034, -16.690472, 0.5007536]
Start for  6_2_8 [44/105]
Fin;generate all combinations 360360 ...time: 0.6988403797149658
Fin; energy prediction...time: 47.212777614593506
Egy stat [-15.972352, -12.359184, -14.034125, 0.44717813]
Start for  6_1_9 [45/105]
Fin;generate all combinations 80080 ...time: 0.2152104377746582
Fin; energy prediction...time: 11.587968111038208
Egy stat [-13.197403, -10.2328205, -11.463016, 0.37637472]
Start for  5_10_1 [46/105]
Fin;generate all combinations 48048 ...time: 0.10766911506652832
Fin; energy prediction...time: 6.699925184249878
Egy stat [-33.524498, -31.137163, -32.555126, 0.38951176]
Start for  5_9_2 [47/105]
Fin;generate all combinations 240240 ...time: 0.9134106636047363
Fin; energy prediction...time: 30.65789532661438
Egy stat [-30.695414, -27.204746, -29.42291, 0.42815265]
Start for  5_8_3 [48/105]
Fin;generate all combinations 720720 ...time: 2.7828986644744873
Fin; energy prediction...time: 89.55601143836975
Egy stat [-28.0214, -23.537075, -26.343159, 0.4579807]
Start for  5_7_4 [49/105]
Fin;generate all combinations 1441440 ...time: 5.201810359954834
Fin; energy prediction...time: 177.91658115386963
Egy stat [-25.11787, -20.931175, -23.323595, 0.47828415]
Start for  5_6_5 [50/105]
Fin;generate all combinations 2018016 ...time: 11.450752973556519
Fin; energy prediction...time: 252.50912594795227
Egy stat [-22.33215, -17.995277, -20.371716, 0.4877849]
Start for  5_5_6 [51/105]
Fin;generate all combinations 2018016 ...time: 8.116687297821045
Fin; energy prediction...time: 254.76541781425476
Egy stat [-19.509914, -15.209042, -17.494204, 0.48521665]
Start for  5_4_7 [52/105]
Fin;generate all combinations 1441440 ...time: 2.568422555923462
Fin; energy prediction...time: 180.1354033946991
Egy stat [-16.655804, -12.476032, -14.696391, 0.4696602]
Start for  5_3_8 [53/105]
Fin;generate all combinations 720720 ...time: 1.3929705619812012
Fin; energy prediction...time: 94.86103940010071
Egy stat [-13.966911, -10.050431, -11.981911, 0.44069982]
Start for  5_2_9 [54/105]
Fin;generate all combinations 240240 ...time: 0.4993100166320801
Fin; energy prediction...time: 30.64202570915222
Egy stat [-11.051549, -7.839423, -9.352474, 0.3983933]
Start for  5_1_10 [55/105]
Fin;generate all combinations 48048 ...time: 0.5046999454498291
Fin; energy prediction...time: 6.7856285572052
Egy stat [-8.273161, -5.512704, -6.807893, 0.34296003]
Start for  4_11_1 [56/105]
Fin;generate all combinations 21840 ...time: 0.05408191680908203
Fin; energy prediction...time: 3.41212797164917
Egy stat [-31.765808, -29.738857, -30.875181, 0.2855518]
Start for  4_10_2 [57/105]
Fin;generate all combinations 120120 ...time: 0.4725785255432129
Fin; energy prediction...time: 15.60480785369873
Egy stat [-28.837955, -25.757633, -27.710455, 0.33707473]
Start for  4_9_3 [58/105]
Fin;generate all combinations 400400 ...time: 1.753068208694458
Fin; energy prediction...time: 49.738484382629395
Egy stat [-26.085041, -22.055643, -24.588095, 0.38588592]
Start for  4_8_4 [59/105]
Fin;generate all combinations 900900 ...time: 3.4246013164520264
Fin; energy prediction...time: 114.03061151504517
Egy stat [-23.66227, -17.84348, -21.517542, 0.42750603]
Start for  4_7_5 [60/105]
Fin;generate all combinations 1441440 ...time: 7.323199272155762
Fin; energy prediction...time: 183.17294263839722
Egy stat [-20.802605, -15.449329, -18.508091, 0.4588067]
Start for  4_6_6 [61/105]
Fin;generate all combinations 1681680 ...time: 6.7763612270355225
Fin; energy prediction...time: 205.4443473815918
Egy stat [-17.978643, -12.812253, -15.568292, 0.47764668]
Start for  4_5_7 [62/105]
Fin;generate all combinations 1441440 ...time: 8.212677717208862
Fin; energy prediction...time: 179.9008162021637
Egy stat [-14.978214, -10.1348, -12.705316, 0.48279673]
Start for  4_4_8 [63/105]
Fin;generate all combinations 900900 ...time: 4.520946264266968
Fin; energy prediction...time: 116.62766814231873
Egy stat [-12.02855, -7.263422, -9.924543, 0.47399256]
Start for  4_3_9 [64/105]
Fin;generate all combinations 400400 ...time: 0.7787659168243408
Fin; energy prediction...time: 51.55477976799011
Egy stat [-9.197393, -5.258803, -7.2291346, 0.4520175]
Start for  4_2_10 [65/105]
Fin;generate all combinations 120120 ...time: 0.26110029220581055
Fin; energy prediction...time: 15.804205179214478
Egy stat [-6.4852448, -2.9392228, -4.619928, 0.4187606]
Start for  4_1_11 [66/105]
Fin;generate all combinations 21840 ...time: 0.06214618682861328
Fin; energy prediction...time: 3.568873643875122
Egy stat [-3.6049109, -0.65112686, -2.0955186, 0.37722108]
Start for  3_12_1 [67/105]
Fin;generate all combinations 7280 ...time: 0.020358800888061523
Fin; energy prediction...time: 1.6634819507598877
Egy stat [-29.861053, -28.385746, -29.175203, 0.24134427]
Start for  3_11_2 [68/105]
Fin;generate all combinations 43680 ...time: 0.08185243606567383
Fin; energy prediction...time: 5.969741106033325
Egy stat [-26.91059, -24.419125, -25.973318, 0.30475795]
Start for  3_10_3 [69/105]
Fin;generate all combinations 160160 ...time: 0.5168282985687256
Fin; energy prediction...time: 20.617251873016357
Egy stat [-24.125496, -20.751286, -22.802782, 0.36929977]
Start for  3_9_4 [70/105]
Fin;generate all combinations 400400 ...time: 1.7086024284362793
Fin; energy prediction...time: 50.156676054000854
Egy stat [-21.48455, -16.587961, -19.674784, 0.42682147]
Start for  3_8_5 [71/105]
Fin;generate all combinations 720720 ...time: 3.287463426589966
Fin; energy prediction...time: 91.07758116722107
Egy stat [-18.793472, -12.911793, -16.600473, 0.47314602]
Start for  3_7_6 [72/105]
Fin;generate all combinations 960960 ...time: 4.511822700500488
Fin; energy prediction...time: 117.61040234565735
Egy stat [-15.945155, -10.425354, -13.5903225, 0.5057969]
Start for  3_6_7 [73/105]
Fin;generate all combinations 960960 ...time: 4.927886486053467
Fin; energy prediction...time: 119.64202833175659
Egy stat [-12.97227, -7.964115, -10.653531, 0.5233452]
Start for  3_5_8 [74/105]
Fin;generate all combinations 720720 ...time: 3.6724910736083984
Fin; energy prediction...time: 90.6187036037445
Egy stat [-9.979943, -5.438833, -7.7974777, 0.52532434]
Start for  3_4_9 [75/105]
Fin;generate all combinations 400400 ...time: 2.391071081161499
Fin; energy prediction...time: 50.92773914337158
Egy stat [-7.008852, -2.9615326, -5.0272255, 0.51233447]
Start for  3_3_10 [76/105]
Fin;generate all combinations 160160 ...time: 0.3329660892486572
Fin; energy prediction...time: 20.90724015235901
Egy stat [-4.124785, -0.44603825, -2.3452373, 0.48619822]
Start for  3_2_11 [77/105]
Fin;generate all combinations 43680 ...time: 0.3792994022369385
Fin; energy prediction...time: 6.106977462768555
Egy stat [-1.0941877, 1.633771, 0.24874333, 0.45011088]
Start for  3_1_12 [78/105]
Fin;generate all combinations 7280 ...time: 0.022516489028930664
Fin; energy prediction...time: 1.7181472778320312
Egy stat [1.797018, 4.087888, 2.7574904, 0.4087553]
Start for  2_13_1 [79/105]
Fin;generate all combinations 1680 ...time: 0.006367206573486328
Fin; energy prediction...time: 0.968623161315918
Egy stat [-27.880236, -26.663643, -27.388378, 0.21246499]
Start for  2_12_2 [80/105]
Fin;generate all combinations 10920 ...time: 0.022203922271728516
Fin; energy prediction...time: 2.030158758163452
Egy stat [-24.967823, -22.71978, -24.144258, 0.28739333]
Start for  2_11_3 [81/105]
Fin;generate all combinations 43680 ...time: 0.20614314079284668
Fin; energy prediction...time: 6.172558069229126
Egy stat [-22.066433, -19.086754, -20.919565, 0.36340794]
Start for  2_10_4 [82/105]
Fin;generate all combinations 120120 ...time: 0.5657720565795898
Fin; energy prediction...time: 15.714892625808716
Egy stat [-19.208363, -14.984409, -17.727282, 0.43071958]
Start for  2_9_5 [83/105]
Fin;generate all combinations 240240 ...time: 0.9781806468963623
Fin; energy prediction...time: 30.811811685562134
Egy stat [-16.535694, -11.218548, -14.580448, 0.48528838]
Start for  2_8_6 [84/105]
Fin;generate all combinations 360360 ...time: 1.1598880290985107
Fin; energy prediction...time: 45.480393409729004
Egy stat [-13.812433, -7.0878115, -11.491513, 0.52481055]
Start for  2_7_7 [85/105]
Fin;generate all combinations 411840 ...time: 1.3757336139678955
Fin; energy prediction...time: 51.950127840042114
Egy stat [-10.873789, -4.8184624, -8.4717455, 0.5477696]
Start for  2_6_8 [86/105]
Fin;generate all combinations 360360 ...time: 1.4432637691497803
Fin; energy prediction...time: 45.81147646903992
Egy stat [-7.8469086, -2.2574968, -5.530639, 0.5533226]
Start for  2_5_9 [87/105]
Fin;generate all combinations 240240 ...time: 0.47887158393859863
Fin; energy prediction...time: 30.501612663269043
Egy stat [-4.702892, 0.031763077, -2.675419, 0.54144967]
Start for  2_4_10 [88/105]
Fin;generate all combinations 120120 ...time: 0.25907373428344727
Fin; energy prediction...time: 16.193111181259155
Egy stat [-1.6176853, 2.6199493, 0.08938783, 0.5131884]
Start for  2_3_11 [89/105]
Fin;generate all combinations 43680 ...time: 0.28301525115966797
Fin; energy prediction...time: 6.097914457321167
Egy stat [1.5462837, 4.573699, 2.7622118, 0.47090855]
Start for  2_2_12 [90/105]
Fin;generate all combinations 10920 ...time: 0.02776789665222168
Fin; energy prediction...time: 2.0896973609924316
Egy stat [4.46354, 7.1083317, 5.3444724, 0.4186862]
Start for  2_1_13 [91/105]
Fin;generate all combinations 1680 ...time: 0.006317853927612305
Fin; energy prediction...time: 0.9149167537689209
Egy stat [7.258091, 9.078453, 7.8403273, 0.36294693]
Start for  1_14_1 [92/105]
Fin;generate all combinations 240 ...time: 0.0013842582702636719
Fin; energy prediction...time: 0.6909546852111816
Egy stat [-25.645824, -25.226227, -25.44554, 0.11911686]
Start for  1_13_2 [93/105]
Fin;generate all combinations 1680 ...time: 0.0036563873291015625
Fin; energy prediction...time: 0.9168884754180908
Egy stat [-22.572533, -21.332386, -22.153502, 0.22924693]
Start for  1_12_3 [94/105]
Fin;generate all combinations 7280 ...time: 0.01625514030456543
Fin; energy prediction...time: 1.689586877822876
Egy stat [-19.522816, -17.627178, -18.868044, 0.32331517]
Start for  1_11_4 [95/105]
Fin;generate all combinations 21840 ...time: 0.10391712188720703
Fin; energy prediction...time: 3.563885450363159
Egy stat [-16.618158, -13.507589, -15.604028, 0.40132523]
Start for  1_10_5 [96/105]
Fin;generate all combinations 48048 ...time: 0.17936229705810547
Fin; energy prediction...time: 6.738099575042725
Egy stat [-13.8447075, -9.754889, -12.376448, 0.4628829]
Start for  1_9_6 [97/105]
Fin;generate all combinations 80080 ...time: 0.45680832862854004
Fin; energy prediction...time: 10.737794160842896
Egy stat [-11.2113, -5.6459236, -9.199783, 0.50718987]
Start for  1_8_7 [98/105]
Fin;generate all combinations 102960 ...time: 0.5151102542877197
Fin; energy prediction...time: 13.838130474090576
Egy stat [-8.531385, -1.8429308, -6.087374, 0.5331843]
Start for  1_7_8 [99/105]
Fin;generate all combinations 102960 ...time: 0.601858377456665
Fin; energy prediction...time: 13.490960597991943
Egy stat [-5.5208564, 0.62862873, -3.0508683, 0.5397882]
Start for  1_6_9 [100/105]
Fin;generate all combinations 80080 ...time: 0.3533036708831787
Fin; energy prediction...time: 11.071123838424683
Egy stat [-2.1085176, 2.6828156, -0.09969542, 0.5261926]
Start for  1_5_10 [101/105]
Fin;generate all combinations 48048 ...time: 0.10301733016967773
Fin; energy prediction...time: 7.096143007278442
Egy stat [1.2591143, 5.0225153, 2.7593682, 0.4921126]
Start for  1_4_11 [102/105]
Fin;generate all combinations 21840 ...time: 0.05128169059753418
Fin; energy prediction...time: 3.607814073562622
Egy stat [4.3590755, 7.2400284, 5.522541, 0.43794855]
Start for  1_3_12 [103/105]
Fin;generate all combinations 7280 ...time: 0.01717519760131836
Fin; energy prediction...time: 1.7573432922363281
Egy stat [7.377819, 9.677284, 8.189214, 0.364793]
Start for  1_2_13 [104/105]
Fin;generate all combinations 1680 ...time: 0.0042116641998291016
Fin; energy prediction...time: 1.0360932350158691
Egy stat [10.255642, 11.622974, 10.761916, 0.274166]
Start for  1_1_14 [105/105]
Fin;generate all combinations 240 ...time: 0.00103759765625
Fin; energy prediction...time: 0.8316597938537598
Egy stat [12.973303, 13.825617, 13.2460375, 0.16676773]
Saving....
Saved to... Rb_GeHgZn_Br.pkl
Total elapsed time... 5633.879797935486
