Summary of calculations
Site name (A,B,C)... Rb Ge,Hg,Sn Br
Base cif file name... ../0.cif
Save file name... Rb_GeHgSn_Br.pkl
Fin; combination with repetition...time: 0.0017435550689697266
Start for  14_1_1 [1/105]
Fin;generate all combinations 240 ...time: 0.0006339550018310547
Fin; energy prediction...time: 0.21462011337280273
Egy stat [-58.300415, -57.95163, -58.106182, 0.10769114]
Start for  13_2_1 [2/105]
Fin;generate all combinations 1680 ...time: 0.003459453582763672
Fin; energy prediction...time: 0.41192173957824707
Egy stat [-55.61227, -54.772045, -55.147057, 0.17478204]
Start for  13_1_2 [3/105]
Fin;generate all combinations 1680 ...time: 0.003707408905029297
Fin; energy prediction...time: 0.4995441436767578
Egy stat [-56.872925, -56.154224, -56.499992, 0.15905423]
Start for  12_3_1 [4/105]
Fin;generate all combinations 7280 ...time: 0.012102842330932617
Fin; energy prediction...time: 1.1572155952453613
Egy stat [-53.057667, -51.525345, -52.27117, 0.27534524]
Start for  12_2_2 [5/105]
Fin;generate all combinations 10920 ...time: 0.01739811897277832
Fin; energy prediction...time: 1.6516802310943604
Egy stat [-54.21386, -53.024277, -53.642994, 0.20987958]
Start for  12_1_3 [6/105]
Fin;generate all combinations 7280 ...time: 0.06234002113342285
Fin; energy prediction...time: 1.1274523735046387
Egy stat [-55.625347, -54.471127, -54.99665, 0.20970263]
Start for  11_4_1 [7/105]
Fin;generate all combinations 21840 ...time: 0.08440089225769043
Fin; energy prediction...time: 3.0293216705322266
Egy stat [-50.496693, -48.222893, -49.513542, 0.39677244]
Start for  11_3_2 [8/105]
Fin;generate all combinations 43680 ...time: 0.11330962181091309
Fin; energy prediction...time: 5.578598499298096
Egy stat [-51.743534, -49.8714, -50.869152, 0.29250845]
Start for  11_2_3 [9/105]
Fin;generate all combinations 43680 ...time: 0.1495528221130371
Fin; energy prediction...time: 5.6267969608306885
Egy stat [-53.01241, -51.47112, -52.237614, 0.24761218]
Start for  11_1_4 [10/105]
Fin;generate all combinations 21840 ...time: 0.04073619842529297
Fin; energy prediction...time: 3.113809108734131
Egy stat [-54.547134, -52.820496, -53.599003, 0.2532563]
Start for  10_5_1 [11/105]
Fin;generate all combinations 48048 ...time: 0.1932992935180664
Fin; energy prediction...time: 6.326656103134155
Egy stat [-48.126266, -45.3028, -46.906723, 0.51494616]
Start for  10_4_2 [12/105]
Fin;generate all combinations 120120 ...time: 0.4232361316680908
Fin; energy prediction...time: 14.740907430648804
Egy stat [-49.299625, -46.72084, -48.211575, 0.39904153]
Start for  10_3_3 [13/105]
Fin;generate all combinations 160160 ...time: 0.5910944938659668
Fin; energy prediction...time: 19.791110515594482
Egy stat [-50.66584, -48.422764, -49.561104, 0.31392267]
Start for  10_2_4 [14/105]
Fin;generate all combinations 120120 ...time: 0.36986875534057617
Fin; energy prediction...time: 15.197123527526855
Egy stat [-51.946495, -49.896564, -50.933376, 0.28105515]
Start for  10_1_5 [15/105]
Fin;generate all combinations 48048 ...time: 0.09722733497619629
Fin; energy prediction...time: 6.291162490844727
Egy stat [-53.50452, -51.41775, -52.309044, 0.288017]
Start for  9_6_1 [16/105]
Fin;generate all combinations 80080 ...time: 0.22553682327270508
Fin; energy prediction...time: 10.150353908538818
Egy stat [-45.820282, -42.257034, -44.47621, 0.6053779]
Start for  9_5_2 [17/105]
Fin;generate all combinations 240240 ...time: 0.6485919952392578
Fin; energy prediction...time: 29.632509469985962
Egy stat [-47.029186, -43.842793, -45.70097, 0.5059652]
Start for  9_4_3 [18/105]
Fin;generate all combinations 400400 ...time: 1.2910373210906982
Fin; energy prediction...time: 48.84952235221863
Egy stat [-48.327145, -45.500393, -46.99829, 0.40574628]
Start for  9_3_4 [19/105]
Fin;generate all combinations 400400 ...time: 1.6555817127227783
Fin; energy prediction...time: 48.97784066200256
Egy stat [-49.709854, -47.189266, -48.34914, 0.33407044]
Start for  9_2_5 [20/105]
Fin;generate all combinations 240240 ...time: 0.9576020240783691
Fin; energy prediction...time: 30.21449112892151
Egy stat [-51.024235, -48.651527, -49.731968, 0.30753803]
Start for  9_1_6 [21/105]
Fin;generate all combinations 80080 ...time: 0.18985700607299805
Fin; energy prediction...time: 10.310310125350952
Egy stat [-52.683968, -49.934334, -51.127983, 0.31323633]
Start for  8_7_1 [22/105]
Fin;generate all combinations 102960 ...time: 0.16917777061462402
Fin; energy prediction...time: 13.12088942527771
Egy stat [-43.80905, -39.217697, -42.23592, 0.6478384]
Start for  8_6_2 [23/105]
Fin;generate all combinations 360360 ...time: 1.23787522315979
Fin; energy prediction...time: 44.09024405479431
Egy stat [-44.86052, -40.884842, -43.361233, 0.58829683]
Start for  8_5_3 [24/105]
Fin;generate all combinations 720720 ...time: 2.6621198654174805
Fin; energy prediction...time: 87.65050625801086
Egy stat [-46.063644, -42.65876, -44.578026, 0.5015795]
Start for  8_4_4 [25/105]
Fin;generate all combinations 900900 ...time: 3.5756053924560547
Fin; energy prediction...time: 112.47685670852661
Egy stat [-47.463158, -44.279568, -45.8755, 0.41303703]
Start for  8_3_5 [26/105]
Fin;generate all combinations 720720 ...time: 2.663347005844116
Fin; energy prediction...time: 89.69003129005432
Egy stat [-48.819233, -45.986454, -47.2347, 0.35002232]
Start for  8_2_6 [27/105]
Fin;generate all combinations 360360 ...time: 0.6791975498199463
Fin; energy prediction...time: 45.52341818809509
Egy stat [-50.271534, -47.390972, -48.634384, 0.32586437]
Start for  8_1_7 [28/105]
Fin;generate all combinations 102960 ...time: 0.2210686206817627
Fin; energy prediction...time: 13.25798225402832
Egy stat [-52.097034, -48.752857, -50.05643, 0.3284109]
Start for  7_8_1 [29/105]
Fin;generate all combinations 102960 ...time: 0.39441990852355957
Fin; energy prediction...time: 13.716706991195679
Egy stat [-41.589867, -36.73249, -40.18476, 0.63081205]
Start for  7_7_2 [30/105]
Fin;generate all combinations 411840 ...time: 1.72369384765625
Fin; energy prediction...time: 50.075374364852905
Egy stat [-42.801018, -38.286385, -41.204895, 0.6254135]
Start for  7_6_3 [31/105]
Fin;generate all combinations 960960 ...time: 3.196603536605835
Fin; energy prediction...time: 116.50950145721436
Egy stat [-43.9747, -39.94179, -42.322533, 0.5762661]
Start for  7_5_4 [32/105]
Fin;generate all combinations 1441440 ...time: 5.017090797424316
Fin; energy prediction...time: 175.17681860923767
Egy stat [-45.295708, -41.605164, -43.539417, 0.49898037]
Start for  7_4_5 [33/105]
Fin;generate all combinations 1441440 ...time: 9.010275602340698
Fin; energy prediction...time: 174.37852954864502
Egy stat [-46.669537, -43.256332, -44.844433, 0.41852292]
Start for  7_3_6 [34/105]
Fin;generate all combinations 960960 ...time: 5.038395643234253
Fin; energy prediction...time: 120.12998843193054
Egy stat [-48.156853, -44.916546, -46.218582, 0.3602008]
Start for  7_2_7 [35/105]
Fin;generate all combinations 411840 ...time: 0.8375747203826904
Fin; energy prediction...time: 51.934943199157715
Egy stat [-49.725872, -46.368904, -47.6411, 0.33536804]
Start for  7_1_8 [36/105]
Fin;generate all combinations 102960 ...time: 0.9312789440155029
Fin; energy prediction...time: 13.461192846298218
Egy stat [-51.667583, -47.573265, -49.094425, 0.33311936]
Start for  6_9_1 [37/105]
Fin;generate all combinations 80080 ...time: 0.36547327041625977
Fin; energy prediction...time: 10.855793237686157
Egy stat [-39.45761, -36.0083, -38.30522, 0.55505246]
Start for  6_8_2 [38/105]
Fin;generate all combinations 360360 ...time: 1.617218017578125
Fin; energy prediction...time: 43.40216517448425
Egy stat [-40.719196, -35.69111, -39.229687, 0.6054961]
Start for  6_7_3 [39/105]
Fin;generate all combinations 960960 ...time: 4.05427622795105
Fin; energy prediction...time: 116.1081714630127
Egy stat [-41.944153, -37.566597, -40.24292, 0.6086976]
Start for  6_6_4 [40/105]
Fin;generate all combinations 1681680 ...time: 5.708739757537842
Fin; energy prediction...time: 205.989755153656
Egy stat [-43.201874, -38.991287, -41.36139, 0.5670038]
Start for  6_5_5 [41/105]
Fin;generate all combinations 2018016 ...time: 9.2464280128479
Fin; energy prediction...time: 250.65001010894775
Egy stat [-44.57442, -40.62564, -42.58614, 0.4963402]
Start for  6_4_6 [42/105]
Fin;generate all combinations 1681680 ...time: 2.9115169048309326
Fin; energy prediction...time: 207.33738446235657
Egy stat [-46.09469, -42.190796, -43.905724, 0.42074198]
Start for  6_3_7 [43/105]
Fin;generate all combinations 960960 ...time: 4.630613565444946
Fin; energy prediction...time: 118.81548380851746
Egy stat [-47.629383, -43.86474, -45.301178, 0.3637015]
Start for  6_2_8 [44/105]
Fin;generate all combinations 360360 ...time: 2.3376896381378174
Fin; energy prediction...time: 45.30495619773865
Egy stat [-49.322678, -45.11303, -46.752087, 0.33559176]
Start for  6_1_9 [45/105]
Fin;generate all combinations 80080 ...time: 0.1999492645263672
Fin; energy prediction...time: 10.948856830596924
Egy stat [-50.225685, -47.034588, -48.241627, 0.32697746]
Start for  5_10_1 [46/105]
Fin;generate all combinations 48048 ...time: 0.10581803321838379
Fin; energy prediction...time: 6.468763589859009
Egy stat [-37.496006, -35.04129, -36.56404, 0.43541574]
Start for  5_9_2 [47/105]
Fin;generate all combinations 240240 ...time: 1.0553276538848877
Fin; energy prediction...time: 29.59249258041382
Egy stat [-38.689354, -34.961258, -37.41706, 0.52911127]
Start for  5_8_3 [48/105]
Fin;generate all combinations 720720 ...time: 3.4059157371520996
Fin; energy prediction...time: 86.36844277381897
Egy stat [-40.06566, -34.921463, -38.335716, 0.58661103]
Start for  5_7_4 [49/105]
Fin;generate all combinations 1441440 ...time: 6.160011053085327
Fin; energy prediction...time: 178.1592423915863
Egy stat [-41.3323, -36.554848, -39.35103, 0.5955485]
Start for  5_6_5 [50/105]
Fin;generate all combinations 2018016 ...time: 6.872947692871094
Fin; energy prediction...time: 252.35157132148743
Egy stat [-42.57196, -38.269947, -40.478607, 0.55902916]
Start for  5_5_6 [51/105]
Fin;generate all combinations 2018016 ...time: 8.96092176437378
Fin; energy prediction...time: 244.63153743743896
Egy stat [-44.022068, -39.671196, -41.718784, 0.49249822]
Start for  5_4_7 [52/105]
Fin;generate all combinations 1441440 ...time: 7.683678150177002
Fin; energy prediction...time: 175.5730299949646
Egy stat [-45.628716, -41.209705, -43.059685, 0.41880336]
Start for  5_3_8 [53/105]
Fin;generate all combinations 720720 ...time: 4.052403688430786
Fin; energy prediction...time: 88.4079978466034
Egy stat [-46.867367, -42.68924, -44.48239, 0.35997808]
Start for  5_2_9 [54/105]
Fin;generate all combinations 240240 ...time: 0.4945545196533203
Fin; energy prediction...time: 30.19337296485901
Egy stat [-47.93572, -44.61417, -45.966938, 0.32618028]
Start for  5_1_10 [55/105]
Fin;generate all combinations 48048 ...time: 0.1365189552307129
Fin; energy prediction...time: 6.974649906158447
Egy stat [-48.994823, -46.50091, -47.497265, 0.30962092]
Start for  4_11_1 [56/105]
Fin;generate all combinations 21840 ...time: 0.05373120307922363
Fin; energy prediction...time: 3.5084497928619385
Egy stat [-35.63914, -33.913746, -34.91447, 0.301741]
Start for  4_10_2 [57/105]
Fin;generate all combinations 120120 ...time: 0.3855462074279785
Fin; energy prediction...time: 15.559676170349121
Egy stat [-36.745277, -33.91571, -35.732758, 0.411423]
Start for  4_9_3 [58/105]
Fin;generate all combinations 400400 ...time: 1.5038022994995117
Fin; energy prediction...time: 48.74284029006958
Egy stat [-38.054756, -34.17987, -36.58129, 0.51032054]
Start for  4_8_4 [59/105]
Fin;generate all combinations 900900 ...time: 2.830629587173462
Fin; energy prediction...time: 109.07070636749268
Egy stat [-39.503357, -33.771484, -37.503635, 0.571782]
Start for  4_7_5 [60/105]
Fin;generate all combinations 1441440 ...time: 5.891843557357788
Fin; energy prediction...time: 173.76610016822815
Egy stat [-40.730312, -35.72354, -38.529854, 0.584622]
Start for  4_6_6 [61/105]
Fin;generate all combinations 1681680 ...time: 10.014314889907837
Fin; energy prediction...time: 203.93572402000427
Egy stat [-42.01698, -37.269726, -39.67461, 0.55142975]
Start for  4_5_7 [62/105]
Fin;generate all combinations 1441440 ...time: 8.744103193283081
Fin; energy prediction...time: 174.99600672721863
Egy stat [-43.48392, -38.829254, -40.93745, 0.48674676]
Start for  4_4_8 [63/105]
Fin;generate all combinations 900900 ...time: 4.673936128616333
Fin; energy prediction...time: 110.71595692634583
Egy stat [-44.394627, -40.12958, -42.306137, 0.4122028]
Start for  4_3_9 [64/105]
Fin;generate all combinations 400400 ...time: 2.9428532123565674
Fin; energy prediction...time: 50.09428858757019
Egy stat [-45.55838, -42.22306, -43.761787, 0.34873152]
Start for  4_2_10 [65/105]
Fin;generate all combinations 120120 ...time: 0.8561704158782959
Fin; energy prediction...time: 16.060344219207764
Egy stat [-46.72434, -44.125084, -45.28491, 0.30686453]
Start for  4_1_11 [66/105]
Fin;generate all combinations 21840 ...time: 0.06169843673706055
Fin; energy prediction...time: 3.6764540672302246
Egy stat [-47.955936, -45.99479, -46.860252, 0.28069773]
Start for  3_12_1 [67/105]
Fin;generate all combinations 7280 ...time: 0.02020406723022461
Fin; energy prediction...time: 1.8434736728668213
Egy stat [-33.788048, -32.456787, -33.299454, 0.2000459]
Start for  3_11_2 [68/105]
Fin;generate all combinations 43680 ...time: 0.1285545825958252
Fin; energy prediction...time: 6.180551767349243
Egy stat [-34.997246, -32.93873, -34.128937, 0.2847357]
Start for  3_10_3 [69/105]
Fin;generate all combinations 160160 ...time: 0.6687402725219727
Fin; energy prediction...time: 20.35610866546631
Egy stat [-36.133564, -33.252563, -34.944355, 0.39560443]
Start for  3_9_4 [70/105]
Fin;generate all combinations 400400 ...time: 1.3469924926757812
Fin; energy prediction...time: 49.23677730560303
Egy stat [-37.503586, -33.164024, -35.798428, 0.4955762]
Start for  3_8_5 [71/105]
Fin;generate all combinations 720720 ...time: 2.6210286617279053
Fin; energy prediction...time: 88.43665647506714
Egy stat [-38.929543, -33.09086, -36.73387, 0.55960965]
Start for  3_7_6 [72/105]
Fin;generate all combinations 960960 ...time: 3.726247787475586
Fin; energy prediction...time: 118.5669813156128
Egy stat [-40.168, -34.6885, -37.779694, 0.57518166]
Start for  3_6_7 [73/105]
Fin;generate all combinations 960960 ...time: 3.5839524269104004
Fin; energy prediction...time: 117.60621500015259
Egy stat [-41.367683, -36.357628, -38.949497, 0.5437074]
Start for  3_5_8 [74/105]
Fin;generate all combinations 720720 ...time: 1.4354641437530518
Fin; energy prediction...time: 88.37414193153381
Egy stat [-42.291473, -37.835323, -40.242046, 0.47873393]
Start for  3_4_9 [75/105]
Fin;generate all combinations 400400 ...time: 2.41910719871521
Fin; energy prediction...time: 50.063358545303345
Egy stat [-43.312553, -39.757393, -41.64468, 0.40078047]
Start for  3_3_10 [76/105]
Fin;generate all combinations 160160 ...time: 0.35132694244384766
Fin; energy prediction...time: 20.92692494392395
Egy stat [-44.41486, -41.796253, -43.13862, 0.32994434]
Start for  3_2_11 [77/105]
Fin;generate all combinations 43680 ...time: 0.10342669486999512
Fin; energy prediction...time: 6.430821895599365
Egy stat [-45.74286, -43.6542, -44.704918, 0.27752998]
Start for  3_1_12 [78/105]
Fin;generate all combinations 7280 ...time: 0.021841764450073242
Fin; energy prediction...time: 1.7981820106506348
Egy stat [-47.163216, -45.51389, -46.329174, 0.2398821]
Start for  2_13_1 [79/105]
Fin;generate all combinations 1680 ...time: 0.005331993103027344
Fin; energy prediction...time: 0.983191967010498
Egy stat [-31.978233, -31.163845, -31.654947, 0.16504462]
Start for  2_12_2 [80/105]
Fin;generate all combinations 10920 ...time: 0.022860288619995117
Fin; energy prediction...time: 2.128521203994751
Egy stat [-33.091286, -31.339289, -32.547295, 0.20371585]
Start for  2_11_3 [81/105]
Fin;generate all combinations 43680 ...time: 0.1474618911743164
Fin; energy prediction...time: 6.172981023788452
Egy stat [-34.39681, -32.22142, -33.37598, 0.27916873]
Start for  2_10_4 [82/105]
Fin;generate all combinations 120120 ...time: 0.4791569709777832
Fin; energy prediction...time: 16.16444182395935
Egy stat [-35.526962, -32.20642, -34.19909, 0.38333413]
Start for  2_9_5 [83/105]
Fin;generate all combinations 240240 ...time: 0.9255383014678955
Fin; energy prediction...time: 29.864392042160034
Egy stat [-36.924046, -32.434776, -35.06874, 0.48325154]
Start for  2_8_6 [84/105]
Fin;generate all combinations 360360 ...time: 1.4581425189971924
Fin; energy prediction...time: 44.755149126052856
Egy stat [-38.441887, -32.062683, -36.026627, 0.5495418]
Start for  2_7_7 [85/105]
Fin;generate all combinations 411840 ...time: 1.4015400409698486
Fin; energy prediction...time: 51.26386260986328
Egy stat [-38.981766, -33.901814, -37.10058, 0.5669831]
Start for  2_6_8 [86/105]
Fin;generate all combinations 360360 ...time: 1.3313195705413818
Fin; energy prediction...time: 43.89092421531677
Egy stat [-40.21208, -35.32926, -38.30307, 0.5357239]
Start for  2_5_9 [87/105]
Fin;generate all combinations 240240 ...time: 0.4633781909942627
Fin; energy prediction...time: 30.75174856185913
Egy stat [-41.240246, -37.50193, -39.632072, 0.46848]
Start for  2_4_10 [88/105]
Fin;generate all combinations 120120 ...time: 0.25862741470336914
Fin; energy prediction...time: 15.634304761886597
Egy stat [-42.367367, -39.36195, -41.074528, 0.38482198]
Start for  2_3_11 [89/105]
Fin;generate all combinations 43680 ...time: 0.09879374504089355
Fin; energy prediction...time: 6.626775503158569
Egy stat [-43.53005, -41.38942, -42.611805, 0.30409962]
Start for  2_2_12 [90/105]
Fin;generate all combinations 10920 ...time: 0.027645587921142578
Fin; energy prediction...time: 2.1166698932647705
Egy stat [-44.974545, -43.220036, -44.225548, 0.2384725]
Start for  2_1_13 [91/105]
Fin;generate all combinations 1680 ...time: 0.005346059799194336
Fin; energy prediction...time: 1.007646083831787
Egy stat [-46.3347, -45.403778, -45.902267, 0.18698193]
Start for  1_14_1 [92/105]
Fin;generate all combinations 240 ...time: 0.0014843940734863281
Fin; energy prediction...time: 0.866706132888794
Egy stat [-30.106234, -29.467577, -29.912731, 0.13844402]
Start for  1_13_2 [93/105]
Fin;generate all combinations 1680 ...time: 0.004250288009643555
Fin; energy prediction...time: 0.9775464534759521
Egy stat [-31.20037, -30.091843, -30.9223, 0.20581213]
Start for  1_12_3 [94/105]
Fin;generate all combinations 7280 ...time: 0.054901838302612305
Fin; energy prediction...time: 1.7167479991912842
Egy stat [-32.429832, -30.683414, -31.816635, 0.22791368]
Start for  1_11_4 [95/105]
Fin;generate all combinations 21840 ...time: 0.09546852111816406
Fin; energy prediction...time: 3.5193495750427246
Egy stat [-33.76284, -31.25262, -32.655575, 0.27765557]
Start for  1_10_5 [96/105]
Fin;generate all combinations 48048 ...time: 0.171583890914917
Fin; energy prediction...time: 6.965679883956909
Egy stat [-34.956116, -31.56281, -33.497, 0.372712]
Start for  1_9_6 [97/105]
Fin;generate all combinations 80080 ...time: 0.45342469215393066
Fin; energy prediction...time: 10.698935985565186
Egy stat [-35.752743, -31.496025, -34.39225, 0.47320276]
Start for  1_8_7 [98/105]
Fin;generate all combinations 102960 ...time: 0.5340328216552734
Fin; energy prediction...time: 13.745949983596802
Egy stat [-37.28015, -31.362425, -35.38182, 0.54180527]
Start for  1_7_8 [99/105]
Fin;generate all combinations 102960 ...time: 0.6382966041564941
Fin; energy prediction...time: 13.820895910263062
Egy stat [-38.045307, -32.853996, -36.492256, 0.5602516]
Start for  1_6_9 [100/105]
Fin;generate all combinations 80080 ...time: 0.3681516647338867
Fin; energy prediction...time: 10.70372748374939
Egy stat [-39.09362, -35.138077, -37.73485, 0.52775174]
Start for  1_5_10 [101/105]
Fin;generate all combinations 48048 ...time: 0.2441089153289795
Fin; energy prediction...time: 7.208161115646362
Egy stat [-40.335304, -37.20391, -39.106766, 0.45651686]
Start for  1_4_11 [102/105]
Fin;generate all combinations 21840 ...time: 0.04846334457397461
Fin; energy prediction...time: 3.464398145675659
Egy stat [-41.636726, -39.034595, -40.5946, 0.3653569]
Start for  1_3_12 [103/105]
Fin;generate all combinations 7280 ...time: 0.01723337173461914
Fin; energy prediction...time: 1.7578792572021484
Egy stat [-42.787285, -41.01555, -42.1799, 0.27277485]
Start for  1_2_13 [104/105]
Fin;generate all combinations 1680 ...time: 0.004331827163696289
Fin; energy prediction...time: 1.000915765762329
Egy stat [-44.19058, -43.187817, -43.845016, 0.191298]
Start for  1_1_14 [105/105]
Fin;generate all combinations 240 ...time: 0.0012400150299072266
Fin; energy prediction...time: 0.8087294101715088
Egy stat [-45.746437, -45.355984, -45.57737, 0.12262937]
Saving....
Saved to... Rb_GeHgSn_Br.pkl
Total elapsed time... 5521.026950120926
