Summary of calculations
Site name (A,B,C)... Rb Ge,Pb,Sn Br
Base cif file name... ../0.cif
Save file name... Rb_GePbSn_Br.pkl
Fin; combination with repetition...time: 0.007344722747802734
Start for  14_1_1 [1/105]
Fin;generate all combinations 240 ...time: 0.0006084442138671875
Fin; energy prediction...time: 0.196547269821167
Egy stat [-57.853424, -57.376125, -57.63671, 0.13961801]
Start for  13_2_1 [2/105]
Fin;generate all combinations 1680 ...time: 0.003421306610107422
Fin; energy prediction...time: 0.3681454658508301
Egy stat [-54.931904, -53.757217, -54.40315, 0.23627408]
Start for  13_1_2 [3/105]
Fin;generate all combinations 1680 ...time: 0.0032749176025390625
Fin; energy prediction...time: 0.39319562911987305
Egy stat [-56.577564, -55.557518, -56.094006, 0.20374696]
Start for  12_3_1 [4/105]
Fin;generate all combinations 7280 ...time: 0.011800289154052734
Fin; energy prediction...time: 1.1770520210266113
Egy stat [-52.39261, -50.183495, -51.415874, 0.32048595]
Start for  12_2_2 [5/105]
Fin;generate all combinations 10920 ...time: 0.016757488250732422
Fin; energy prediction...time: 1.5574164390563965
Egy stat [-53.973507, -52.015976, -53.025814, 0.28771538]
Start for  12_1_3 [6/105]
Fin;generate all combinations 7280 ...time: 0.0535738468170166
Fin; energy prediction...time: 1.1138787269592285
Egy stat [-55.533306, -53.854984, -54.65975, 0.25699684]
Start for  11_4_1 [7/105]
Fin;generate all combinations 21840 ...time: 0.07432985305786133
Fin; energy prediction...time: 2.837730646133423
Egy stat [-49.937546, -47.16892, -48.675995, 0.3898268]
Start for  11_3_2 [8/105]
Fin;generate all combinations 43680 ...time: 0.1266188621520996
Fin; energy prediction...time: 5.620649337768555
Egy stat [-51.506153, -48.86114, -50.20415, 0.35907236]
Start for  11_2_3 [9/105]
Fin;generate all combinations 43680 ...time: 0.15167665481567383
Fin; energy prediction...time: 5.777149677276611
Egy stat [-53.023853, -50.62562, -51.75764, 0.328548]
Start for  11_1_4 [10/105]
Fin;generate all combinations 21840 ...time: 0.040105342864990234
Fin; energy prediction...time: 3.041278600692749
Egy stat [-54.498577, -52.40887, -53.336105, 0.2993661]
Start for  10_5_1 [11/105]
Fin;generate all combinations 48048 ...time: 0.20255327224731445
Fin; energy prediction...time: 6.184877872467041
Egy stat [-47.779003, -44.4954, -46.18351, 0.44251728]
Start for  10_4_2 [12/105]
Fin;generate all combinations 120120 ...time: 0.4660680294036865
Fin; energy prediction...time: 14.93824553489685
Egy stat [-49.249752, -45.984474, -47.62911, 0.41481933]
Start for  10_3_3 [13/105]
Fin;generate all combinations 160160 ...time: 0.5983405113220215
Fin; energy prediction...time: 19.911795616149902
Egy stat [-50.747005, -47.635647, -49.101276, 0.38651055]
Start for  10_2_4 [14/105]
Fin;generate all combinations 120120 ...time: 0.3616163730621338
Fin; energy prediction...time: 15.128936529159546
Egy stat [-52.267757, -49.25911, -50.599815, 0.35816488]
Start for  10_1_5 [15/105]
Fin;generate all combinations 48048 ...time: 0.09385395050048828
Fin; energy prediction...time: 6.393392324447632
Egy stat [-53.65438, -51.04299, -52.124386, 0.33063608]
Start for  9_6_1 [16/105]
Fin;generate all combinations 80080 ...time: 0.2286233901977539
Fin; energy prediction...time: 10.289804220199585
Egy stat [-46.073166, -41.9656, -43.937588, 0.47737426]
Start for  9_5_2 [17/105]
Fin;generate all combinations 240240 ...time: 0.6677403450012207
Fin; energy prediction...time: 30.11808943748474
Egy stat [-47.452675, -43.426556, -45.299896, 0.4532576]
Start for  9_4_3 [18/105]
Fin;generate all combinations 400400 ...time: 1.2329504489898682
Fin; energy prediction...time: 49.828731536865234
Egy stat [-48.83247, -44.89175, -46.689896, 0.4281286]
Start for  9_3_4 [19/105]
Fin;generate all combinations 400400 ...time: 2.0019564628601074
Fin; energy prediction...time: 49.74490547180176
Egy stat [-50.23427, -46.452793, -48.1076, 0.40227693]
Start for  9_2_5 [20/105]
Fin;generate all combinations 240240 ...time: 0.969149112701416
Fin; energy prediction...time: 29.780003309249878
Egy stat [-51.668137, -48.07955, -49.552837, 0.3761761]
Start for  9_1_6 [21/105]
Fin;generate all combinations 80080 ...time: 0.19515442848205566
Fin; energy prediction...time: 10.527204513549805
Egy stat [-53.056267, -49.720028, -51.025227, 0.35050863]
Start for  8_7_1 [22/105]
Fin;generate all combinations 102960 ...time: 0.5063011646270752
Fin; energy prediction...time: 13.19030499458313
Egy stat [-44.747074, -39.4925, -41.93674, 0.49370933]
Start for  8_6_2 [23/105]
Fin;generate all combinations 360360 ...time: 1.3096401691436768
Fin; energy prediction...time: 44.64362931251526
Egy stat [-46.000618, -40.91419, -43.215042, 0.47343212]
Start for  8_5_3 [24/105]
Fin;generate all combinations 720720 ...time: 2.330925226211548
Fin; energy prediction...time: 89.43677735328674
Egy stat [-47.27721, -42.355766, -44.522068, 0.45195788]
Start for  8_4_4 [25/105]
Fin;generate all combinations 900900 ...time: 2.8289177417755127
Fin; energy prediction...time: 111.41312885284424
Egy stat [-48.57383, -43.79487, -45.85804, 0.42941463]
Start for  8_3_5 [26/105]
Fin;generate all combinations 720720 ...time: 2.513552665710449
Fin; energy prediction...time: 96.54601693153381
Egy stat [-49.90106, -45.322502, -47.222942, 0.40605703]
Start for  8_2_6 [27/105]
Fin;generate all combinations 360360 ...time: 1.9385349750518799
Fin; energy prediction...time: 45.274524211883545
Egy stat [-51.25564, -46.846165, -48.616604, 0.38228855]
Start for  8_1_7 [28/105]
Fin;generate all combinations 102960 ...time: 0.22500014305114746
Fin; energy prediction...time: 13.57089352607727
Egy stat [-52.624474, -48.38404, -50.038673, 0.35867524]
Start for  7_8_1 [29/105]
Fin;generate all combinations 102960 ...time: 0.18491125106811523
Fin; energy prediction...time: 13.397219181060791
Egy stat [-42.529858, -38.021255, -40.179092, 0.49122053]
Start for  7_7_2 [30/105]
Fin;generate all combinations 411840 ...time: 1.7353076934814453
Fin; energy prediction...time: 51.469192028045654
Egy stat [-43.728397, -39.359943, -41.372623, 0.4748964]
Start for  7_6_3 [31/105]
Fin;generate all combinations 960960 ...time: 3.3337159156799316
Fin; energy prediction...time: 119.59644031524658
Egy stat [-44.922802, -40.70407, -42.59587, 0.45729554]
Start for  7_5_4 [32/105]
Fin;generate all combinations 1441440 ...time: 6.011938095092773
Fin; energy prediction...time: 178.38076257705688
Egy stat [-46.150238, -42.09658, -43.849163, 0.43845463]
Start for  7_4_5 [33/105]
Fin;generate all combinations 1441440 ...time: 4.908330678939819
Fin; energy prediction...time: 179.2276268005371
Egy stat [-47.40346, -43.402332, -45.13275, 0.41849574]
Start for  7_3_6 [34/105]
Fin;generate all combinations 960960 ...time: 1.5972034931182861
Fin; energy prediction...time: 121.46173214912415
Egy stat [-48.658817, -44.8084, -46.446613, 0.39764985]
Start for  7_2_7 [35/105]
Fin;generate all combinations 411840 ...time: 0.7838680744171143
Fin; energy prediction...time: 52.744345903396606
Egy stat [-49.9431, -46.33056, -47.79059, 0.3762716]
Start for  7_1_8 [36/105]
Fin;generate all combinations 102960 ...time: 0.8108704090118408
Fin; energy prediction...time: 13.233794927597046
Egy stat [-51.269276, -47.867107, -49.16429, 0.35484755]
Start for  6_9_1 [37/105]
Fin;generate all combinations 80080 ...time: 0.3647172451019287
Fin; energy prediction...time: 10.634326219558716
Egy stat [-40.52887, -37.06642, -38.662468, 0.46987107]
Start for  6_8_2 [38/105]
Fin;generate all combinations 360360 ...time: 1.4391953945159912
Fin; energy prediction...time: 44.99549198150635
Egy stat [-41.710133, -37.968266, -39.770462, 0.45754954]
Start for  6_7_3 [39/105]
Fin;generate all combinations 960960 ...time: 3.9638752937316895
Fin; energy prediction...time: 119.90052843093872
Egy stat [-42.807022, -39.220406, -40.90904, 0.44391122]
Start for  6_6_4 [40/105]
Fin;generate all combinations 1681680 ...time: 5.895397424697876
Fin; energy prediction...time: 207.59002375602722
Egy stat [-43.975197, -40.31069, -42.07872, 0.4289437]
Start for  6_5_5 [41/105]
Fin;generate all combinations 2018016 ...time: 10.073804140090942
Fin; energy prediction...time: 248.8566300868988
Egy stat [-45.179527, -41.617508, -43.279926, 0.41269404]
Start for  6_4_6 [42/105]
Fin;generate all combinations 1681680 ...time: 10.25033164024353
Fin; energy prediction...time: 209.83127355575562
Egy stat [-46.383224, -42.930027, -44.512875, 0.39528275]
Start for  6_3_7 [43/105]
Fin;generate all combinations 960960 ...time: 5.88411808013916
Fin; energy prediction...time: 120.15348482131958
Egy stat [-47.615574, -44.344673, -45.777542, 0.37692422]
Start for  6_2_8 [44/105]
Fin;generate all combinations 360360 ...time: 0.7582616806030273
Fin; energy prediction...time: 45.30605602264404
Egy stat [-48.828682, -45.763374, -47.073803, 0.3579404]
Start for  6_1_9 [45/105]
Fin;generate all combinations 80080 ...time: 0.7989780902862549
Fin; energy prediction...time: 11.198155403137207
Egy stat [-50.044296, -47.305157, -48.401226, 0.33876383]
Start for  5_10_1 [46/105]
Fin;generate all combinations 48048 ...time: 0.3048100471496582
Fin; energy prediction...time: 6.96417236328125
Egy stat [-38.859406, -36.094296, -37.38459, 0.42977482]
Start for  5_9_2 [47/105]
Fin;generate all combinations 240240 ...time: 0.9274516105651855
Fin; energy prediction...time: 30.807389497756958
Egy stat [-39.97371, -36.99354, -38.406178, 0.4214924]
Start for  5_8_3 [48/105]
Fin;generate all combinations 720720 ...time: 2.6046783924102783
Fin; energy prediction...time: 89.35459303855896
Egy stat [-41.051754, -37.919617, -39.459137, 0.41185507]
Start for  5_7_4 [49/105]
Fin;generate all combinations 1441440 ...time: 5.862093687057495
Fin; energy prediction...time: 179.3377091884613
Egy stat [-42.134727, -39.12448, -40.544174, 0.4008313]
Start for  5_6_5 [50/105]
Fin;generate all combinations 2018016 ...time: 9.49362587928772
Fin; energy prediction...time: 251.05354976654053
Egy stat [-43.242676, -40.21141, -41.661922, 0.38842428]
Start for  5_5_6 [51/105]
Fin;generate all combinations 2018016 ...time: 7.186614036560059
Fin; energy prediction...time: 248.96096563339233
Egy stat [-44.389816, -41.46837, -42.812748, 0.3746885]
Start for  5_4_7 [52/105]
Fin;generate all combinations 1441440 ...time: 5.881266117095947
Fin; energy prediction...time: 182.4774010181427
Egy stat [-45.52555, -42.731926, -43.99689, 0.35974422]
Start for  5_3_8 [53/105]
Fin;generate all combinations 720720 ...time: 3.888792037963867
Fin; energy prediction...time: 93.18535995483398
Egy stat [-46.643684, -44.081932, -45.21437, 0.34379458]
Start for  5_2_9 [54/105]
Fin;generate all combinations 240240 ...time: 0.5032963752746582
Fin; energy prediction...time: 30.852852821350098
Egy stat [-47.79863, -45.436626, -46.46496, 0.32713977]
Start for  5_1_10 [55/105]
Fin;generate all combinations 48048 ...time: 0.14438891410827637
Fin; energy prediction...time: 7.2640016078948975
Egy stat [-48.99695, -46.875267, -47.748287, 0.31017843]
Start for  4_11_1 [56/105]
Fin;generate all combinations 21840 ...time: 0.05521845817565918
Fin; energy prediction...time: 3.4852588176727295
Egy stat [-37.619316, -35.125885, -36.343147, 0.37105754]
Start for  4_10_2 [57/105]
Fin;generate all combinations 120120 ...time: 0.48271942138671875
Fin; energy prediction...time: 15.565350770950317
Egy stat [-38.626137, -36.06646, -37.27743, 0.36689028]
Start for  4_9_3 [58/105]
Fin;generate all combinations 400400 ...time: 1.8460001945495605
Fin; energy prediction...time: 49.929978370666504
Egy stat [-39.625896, -36.973995, -38.243744, 0.36130846]
Start for  4_8_4 [59/105]
Fin;generate all combinations 900900 ...time: 3.680582284927368
Fin; energy prediction...time: 113.29889798164368
Egy stat [-40.64473, -37.844, -39.24304, 0.35427985]
Start for  4_7_5 [60/105]
Fin;generate all combinations 1441440 ...time: 6.355337381362915
Fin; energy prediction...time: 177.62483954429626
Egy stat [-41.677116, -38.99668, -40.27611, 0.34578916]
Start for  4_6_6 [61/105]
Fin;generate all combinations 1681680 ...time: 5.675102472305298
Fin; energy prediction...time: 209.91226625442505
Egy stat [-42.74736, -40.098885, -41.343544, 0.335849]
Start for  4_5_7 [62/105]
Fin;generate all combinations 1441440 ...time: 10.37976336479187
Fin; energy prediction...time: 180.12375450134277
Egy stat [-43.770596, -41.28286, -42.445805, 0.32451558]
Start for  4_4_8 [63/105]
Fin;generate all combinations 900900 ...time: 5.152997970581055
Fin; energy prediction...time: 113.38275122642517
Egy stat [-44.825104, -42.474426, -43.583054, 0.3119073]
Start for  4_3_9 [64/105]
Fin;generate all combinations 400400 ...time: 0.8337442874908447
Fin; energy prediction...time: 52.63975787162781
Egy stat [-45.89996, -43.77921, -44.755363, 0.2982183]
Start for  4_2_10 [65/105]
Fin;generate all combinations 120120 ...time: 0.2883942127227783
Fin; energy prediction...time: 15.680411338806152
Egy stat [-47.026115, -45.07034, -45.962475, 0.28373608]
Start for  4_1_11 [66/105]
Fin;generate all combinations 21840 ...time: 0.0664975643157959
Fin; energy prediction...time: 3.431774377822876
Egy stat [-48.170307, -46.387947, -47.203934, 0.26884156]
Start for  3_12_1 [67/105]
Fin;generate all combinations 7280 ...time: 0.019975900650024414
Fin; energy prediction...time: 1.6575498580932617
Egy stat [-36.302925, -34.68843, -35.535873, 0.29366997]
Start for  3_11_2 [68/105]
Fin;generate all combinations 43680 ...time: 0.17339587211608887
Fin; energy prediction...time: 6.44207763671875
Egy stat [-37.2499, -35.5457, -36.381924, 0.293825]
Start for  3_10_3 [69/105]
Fin;generate all combinations 160160 ...time: 0.7528762817382812
Fin; energy prediction...time: 20.646212100982666
Egy stat [-38.189766, -36.41385, -37.26054, 0.29245836]
Start for  3_9_4 [70/105]
Fin;generate all combinations 400400 ...time: 1.6073026657104492
Fin; energy prediction...time: 50.305514335632324
Egy stat [-39.133183, -37.270966, -38.172886, 0.2895554]
Start for  3_8_5 [71/105]
Fin;generate all combinations 720720 ...time: 3.2115001678466797
Fin; energy prediction...time: 90.78854322433472
Egy stat [-40.09082, -38.062843, -39.119984, 0.2850991]
Start for  3_7_6 [72/105]
Fin;generate all combinations 960960 ...time: 5.173187732696533
Fin; energy prediction...time: 119.10267519950867
Egy stat [-41.089127, -39.14557, -40.102623, 0.27907896]
Start for  3_6_7 [73/105]
Fin;generate all combinations 960960 ...time: 3.357036590576172
Fin; energy prediction...time: 119.72156858444214
Egy stat [-42.08316, -40.207985, -41.121487, 0.2715053]
Start for  3_5_8 [74/105]
Fin;generate all combinations 720720 ...time: 2.937988042831421
Fin; energy prediction...time: 92.40394902229309
Egy stat [-43.062523, -41.367523, -42.177, 0.2624268]
Start for  3_4_9 [75/105]
Fin;generate all combinations 400400 ...time: 0.8582336902618408
Fin; energy prediction...time: 52.30774545669556
Egy stat [-44.075092, -42.49054, -43.269367, 0.25195166]
Start for  3_3_10 [76/105]
Fin;generate all combinations 160160 ...time: 0.3712928295135498
Fin; energy prediction...time: 21.595149755477905
Egy stat [-45.140682, -43.727, -44.398594, 0.24026465]
Start for  3_2_11 [77/105]
Fin;generate all combinations 43680 ...time: 0.11387443542480469
Fin; energy prediction...time: 6.808422327041626
Egy stat [-46.23859, -44.97684, -45.56442, 0.22764507]
Start for  3_1_12 [78/105]
Fin;generate all combinations 7280 ...time: 0.023334741592407227
Fin; energy prediction...time: 1.944303035736084
Egy stat [-47.33824, -46.24409, -46.76634, 0.21447183]
Start for  2_13_1 [79/105]
Fin;generate all combinations 1680 ...time: 0.006240129470825195
Fin; energy prediction...time: 1.1575257778167725
Egy stat [-35.329384, -34.508545, -34.960564, 0.19697315]
Start for  2_12_2 [80/105]
Fin;generate all combinations 10920 ...time: 0.022344589233398438
Fin; energy prediction...time: 2.2871294021606445
Egy stat [-36.172874, -35.168175, -35.717495, 0.20212337]
Start for  2_11_3 [81/105]
Fin;generate all combinations 43680 ...time: 0.16051387786865234
Fin; energy prediction...time: 6.757769823074341
Egy stat [-37.03386, -35.940426, -36.507317, 0.20549856]
Start for  2_10_4 [82/105]
Fin;generate all combinations 120120 ...time: 0.4792673587799072
Fin; energy prediction...time: 15.971062660217285
Egy stat [-37.907425, -36.65693, -37.33145, 0.20714988]
Start for  2_9_5 [83/105]
Fin;generate all combinations 240240 ...time: 1.133204698562622
Fin; energy prediction...time: 30.93633794784546
Egy stat [-38.78933, -37.48636, -38.19115, 0.20709051]
Start for  2_8_6 [84/105]
Fin;generate all combinations 360360 ...time: 1.5383732318878174
Fin; energy prediction...time: 45.034295082092285
Egy stat [-39.70259, -38.280087, -39.08749, 0.20530686]
Start for  2_7_7 [85/105]
Fin;generate all combinations 411840 ...time: 2.236330986022949
Fin; energy prediction...time: 52.480417251586914
Egy stat [-40.63517, -39.285206, -40.02134, 0.20177522]
Start for  2_6_8 [86/105]
Fin;generate all combinations 360360 ...time: 1.5404057502746582
Fin; energy prediction...time: 45.81733417510986
Egy stat [-41.610313, -40.30237, -40.993362, 0.19648197]
Start for  2_5_9 [87/105]
Fin;generate all combinations 240240 ...time: 0.940683126449585
Fin; energy prediction...time: 31.279351711273193
Egy stat [-42.583504, -41.403587, -42.004017, 0.18944636]
Start for  2_4_10 [88/105]
Fin;generate all combinations 120120 ...time: 0.6627242565155029
Fin; energy prediction...time: 15.880566596984863
Egy stat [-43.59697, -42.495094, -43.0535, 0.18074563]
Start for  2_3_11 [89/105]
Fin;generate all combinations 43680 ...time: 0.09792566299438477
Fin; energy prediction...time: 6.8376145362854
Egy stat [-44.591534, -43.685204, -44.141792, 0.17053634]
Start for  2_2_12 [90/105]
Fin;generate all combinations 10920 ...time: 0.028259754180908203
Fin; energy prediction...time: 2.4153361320495605
Egy stat [-45.64927, -44.88266, -45.268585, 0.15907803]
Start for  2_1_13 [91/105]
Fin;generate all combinations 1680 ...time: 0.005941867828369141
Fin; energy prediction...time: 1.1502606868743896
Egy stat [-46.702415, -46.141712, -46.43332, 0.14674611]
Start for  1_14_1 [92/105]
Fin;generate all combinations 240 ...time: 0.0014035701751708984
Fin; energy prediction...time: 0.9425680637359619
Egy stat [-34.746483, -34.49129, -34.615074, 0.076533936]
Start for  1_13_2 [93/105]
Fin;generate all combinations 1680 ...time: 0.0038690567016601562
Fin; energy prediction...time: 1.087360143661499
Egy stat [-35.488327, -35.10396, -35.282135, 0.09100235]
Start for  1_12_3 [94/105]
Fin;generate all combinations 7280 ...time: 0.015984535217285156
Fin; energy prediction...time: 1.8845880031585693
Egy stat [-36.24327, -35.720158, -35.982136, 0.10180542]
Start for  1_11_4 [95/105]
Fin;generate all combinations 21840 ...time: 0.04637742042541504
Fin; energy prediction...time: 3.729734420776367
Egy stat [-37.033493, -36.340206, -36.716793, 0.109876454]
Start for  1_10_5 [96/105]
Fin;generate all combinations 48048 ...time: 0.22800540924072266
Fin; energy prediction...time: 7.231936931610107
Egy stat [-37.858173, -37.011505, -37.487633, 0.115619846]
Start for  1_9_6 [97/105]
Fin;generate all combinations 80080 ...time: 0.28119874000549316
Fin; energy prediction...time: 10.951356649398804
Egy stat [-38.656006, -37.74562, -38.296005, 0.11919139]
Start for  1_8_7 [98/105]
Fin;generate all combinations 102960 ...time: 0.38866329193115234
Fin; energy prediction...time: 13.726730585098267
Egy stat [-39.497692, -38.50019, -39.143055, 0.12061439]
Start for  1_7_8 [99/105]
Fin;generate all combinations 102960 ...time: 0.37699198722839355
Fin; energy prediction...time: 13.822431087493896
Egy stat [-40.378967, -39.47441, -40.029697, 0.11984368]
Start for  1_6_9 [100/105]
Fin;generate all combinations 80080 ...time: 0.3338432312011719
Fin; energy prediction...time: 10.815244913101196
Egy stat [-41.307556, -40.462143, -40.956642, 0.11680707]
Start for  1_5_10 [101/105]
Fin;generate all combinations 48048 ...time: 0.23246169090270996
Fin; energy prediction...time: 6.978957891464233
Egy stat [-42.254227, -41.53038, -41.92432, 0.1114344]
Start for  1_4_11 [102/105]
Fin;generate all combinations 21840 ...time: 0.051262855529785156
Fin; energy prediction...time: 3.9044950008392334
Egy stat [-43.234825, -42.567562, -42.93293, 0.103675626]
Start for  1_3_12 [103/105]
Fin;generate all combinations 7280 ...time: 0.018177032470703125
Fin; energy prediction...time: 1.9574079513549805
Egy stat [-44.26092, -43.683205, -43.98241, 0.09350078]
Start for  1_2_13 [104/105]
Fin;generate all combinations 1680 ...time: 0.004453420639038086
Fin; energy prediction...time: 1.148880958557129
Egy stat [-45.30381, -44.88095, -45.07241, 0.08086997]
Start for  1_1_14 [105/105]
Fin;generate all combinations 240 ...time: 0.0011527538299560547
Fin; energy prediction...time: 0.9624936580657959
Egy stat [-46.328564, -46.091053, -46.202312, 0.06561555]
Saving....
Saved to... Rb_GePbSn_Br.pkl
Total elapsed time... 5624.295142173767
