Summary of calculations
Site name (A,B,C)... Rb Ge,Sn,Zn I
Base cif file name... ../0.cif
Save file name... Rb_GeSnZn_I.pkl
Fin; combination with repetition...time: 0.0015530586242675781
Start for  14_1_1 [1/105]
Fin;generate all combinations 240 ...time: 0.0006268024444580078
Fin; energy prediction...time: 0.19644689559936523
Egy stat [7.485998, 8.008844, 7.7569504, 0.14559053]
Start for  13_2_1 [2/105]
Fin;generate all combinations 1680 ...time: 0.003876209259033203
Fin; energy prediction...time: 0.36555981636047363
Egy stat [6.4440937, 7.6371536, 7.0243793, 0.22937004]
Start for  13_1_2 [3/105]
Fin;generate all combinations 1680 ...time: 0.003973484039306641
Fin; energy prediction...time: 0.459273099899292
Egy stat [13.500963, 15.092342, 14.303462, 0.31498712]
Start for  12_3_1 [4/105]
Fin;generate all combinations 7280 ...time: 0.012026071548461914
Fin; energy prediction...time: 1.115905523300171
Egy stat [5.290099, 6.9060326, 6.179829, 0.30084723]
Start for  12_2_2 [5/105]
Fin;generate all combinations 10920 ...time: 0.017510414123535156
Fin; energy prediction...time: 1.5376253128051758
Egy stat [12.56246, 14.844883, 13.521875, 0.37971207]
Start for  12_1_3 [6/105]
Fin;generate all combinations 7280 ...time: 0.061547279357910156
Fin; energy prediction...time: 1.2148830890655518
Egy stat [19.563957, 21.82957, 20.605377, 0.42169872]
Start for  11_4_1 [7/105]
Fin;generate all combinations 21840 ...time: 0.08528566360473633
Fin; energy prediction...time: 3.0176095962524414
Egy stat [3.8913593, 6.2053204, 5.2251267, 0.36122617]
Start for  11_3_2 [8/105]
Fin;generate all combinations 43680 ...time: 0.11389636993408203
Fin; energy prediction...time: 5.598745822906494
Egy stat [11.334709, 14.024576, 12.637603, 0.4428322]
Start for  11_2_3 [9/105]
Fin;generate all combinations 43680 ...time: 0.15068793296813965
Fin; energy prediction...time: 5.710216283798218
Egy stat [18.401651, 21.628609, 19.772923, 0.48005214]
Start for  11_1_4 [10/105]
Fin;generate all combinations 21840 ...time: 0.040430545806884766
Fin; energy prediction...time: 3.142894744873047
Egy stat [25.250027, 28.61491, 26.68234, 0.48000953]
Start for  10_5_1 [11/105]
Fin;generate all combinations 48048 ...time: 0.19710993766784668
Fin; energy prediction...time: 6.195505857467651
Egy stat [2.4417238, 5.3103695, 4.1630807, 0.41039792]
Start for  10_4_2 [12/105]
Fin;generate all combinations 120120 ...time: 0.4746890068054199
Fin; energy prediction...time: 15.047961711883545
Egy stat [9.949898, 13.271866, 11.652422, 0.5005813]
Start for  10_3_3 [13/105]
Fin;generate all combinations 160160 ...time: 0.40665459632873535
Fin; energy prediction...time: 20.464370012283325
Egy stat [17.08486, 20.944983, 18.847073, 0.53973854]
Start for  10_2_4 [14/105]
Fin;generate all combinations 120120 ...time: 0.6195435523986816
Fin; energy prediction...time: 15.39712119102478
Egy stat [24.135315, 28.459991, 25.799412, 0.5337907]
Start for  10_1_5 [15/105]
Fin;generate all combinations 48048 ...time: 0.09383296966552734
Fin; energy prediction...time: 6.415545225143433
Egy stat [31.153465, 34.411713, 32.554733, 0.49986923]
Start for  9_6_1 [16/105]
Fin;generate all combinations 80080 ...time: 0.2427082061767578
Fin; energy prediction...time: 10.353918075561523
Egy stat [0.75346184, 4.469846, 2.997361, 0.44799802]
Start for  9_5_2 [17/105]
Fin;generate all combinations 240240 ...time: 0.7993617057800293
Fin; energy prediction...time: 29.703295946121216
Egy stat [8.352928, 12.492279, 10.568998, 0.55078065]
Start for  9_4_3 [18/105]
Fin;generate all combinations 400400 ...time: 1.258866786956787
Fin; energy prediction...time: 49.43685173988342
Egy stat [15.642538, 20.330063, 17.829552, 0.5966275]
Start for  9_3_4 [19/105]
Fin;generate all combinations 400400 ...time: 1.1028954982757568
Fin; energy prediction...time: 50.95959711074829
Egy stat [22.75372, 27.91721, 24.832136, 0.5910566]
Start for  9_2_5 [20/105]
Fin;generate all combinations 240240 ...time: 0.4132111072540283
Fin; energy prediction...time: 30.578880786895752
Egy stat [29.861336, 34.30564, 31.623852, 0.5496577]
Start for  9_1_6 [21/105]
Fin;generate all combinations 80080 ...time: 0.16294503211975098
Fin; energy prediction...time: 10.493807077407837
Egy stat [36.671906, 40.248234, 38.243702, 0.48964182]
Start for  8_7_1 [22/105]
Fin;generate all combinations 102960 ...time: 0.17975521087646484
Fin; energy prediction...time: 13.370327234268188
Egy stat [-1.043643, 3.4351559, 1.7323896, 0.4736035]
Start for  8_6_2 [23/105]
Fin;generate all combinations 360360 ...time: 1.0825397968292236
Fin; energy prediction...time: 44.777045488357544
Egy stat [6.5373287, 11.744553, 9.390793, 0.5919636]
Start for  8_5_3 [24/105]
Fin;generate all combinations 720720 ...time: 1.9540982246398926
Fin; energy prediction...time: 91.85630202293396
Egy stat [14.131813, 19.465326, 16.722904, 0.6480301]
Start for  8_4_4 [25/105]
Fin;generate all combinations 900900 ...time: 3.570676803588867
Fin; energy prediction...time: 110.47229433059692
Egy stat [21.246841, 27.466179, 23.78222, 0.6472904]
Start for  8_3_5 [26/105]
Fin;generate all combinations 720720 ...time: 2.632960557937622
Fin; energy prediction...time: 91.13539171218872
Egy stat [28.453526, 33.683548, 30.617254, 0.6049183]
Start for  8_2_6 [27/105]
Fin;generate all combinations 360360 ...time: 1.771904468536377
Fin; energy prediction...time: 46.44034671783447
Egy stat [35.241478, 40.20465, 37.26936, 0.5362928]
Start for  8_1_7 [28/105]
Fin;generate all combinations 102960 ...time: 0.2445223331451416
Fin; energy prediction...time: 13.61307168006897
Egy stat [42.10176, 45.81693, 43.77113, 0.45676842]
Start for  7_8_1 [29/105]
Fin;generate all combinations 102960 ...time: 0.42978525161743164
Fin; energy prediction...time: 13.447778463363647
Egy stat [-2.9560843, 2.4003592, 0.37323666, 0.48675793]
Start for  7_7_2 [30/105]
Fin;generate all combinations 411840 ...time: 1.556368112564087
Fin; energy prediction...time: 51.201350927352905
Egy stat [4.8311234, 10.605749, 8.121967, 0.6230107]
Start for  7_6_3 [31/105]
Fin;generate all combinations 960960 ...time: 3.642345666885376
Fin; energy prediction...time: 118.26980543136597
Egy stat [12.327812, 18.58491, 15.530379, 0.6920222]
Start for  7_5_4 [32/105]
Fin;generate all combinations 1441440 ...time: 6.397505760192871
Fin; energy prediction...time: 176.81138730049133
Egy stat [19.695692, 26.46497, 22.652048, 0.6994068]
Start for  7_4_5 [33/105]
Fin;generate all combinations 1441440 ...time: 4.765104532241821
Fin; energy prediction...time: 178.38544583320618
Egy stat [26.869972, 32.550056, 29.536572, 0.6605106]
Start for  7_3_6 [34/105]
Fin;generate all combinations 960960 ...time: 4.150483846664429
Fin; energy prediction...time: 120.28760170936584
Egy stat [33.815258, 38.84934, 36.2273, 0.59033227]
Start for  7_2_7 [35/105]
Fin;generate all combinations 411840 ...time: 2.2037761211395264
Fin; energy prediction...time: 52.24296045303345
Egy stat [40.691444, 45.16967, 42.759644, 0.501911]
Start for  7_1_8 [36/105]
Fin;generate all combinations 102960 ...time: 0.23611235618591309
Fin; energy prediction...time: 14.082143068313599
Egy stat [47.520477, 51.113037, 49.159508, 0.408342]
Start for  6_9_1 [37/105]
Fin;generate all combinations 80080 ...time: 0.15708184242248535
Fin; energy prediction...time: 11.309711933135986
Egy stat [-3.8462677, 0.7729635, -1.0744743, 0.486935]
Start for  6_8_2 [38/105]
Fin;generate all combinations 360360 ...time: 1.454667568206787
Fin; energy prediction...time: 46.4703688621521
Egy stat [2.9429026, 9.502466, 6.7673044, 0.6429767]
Start for  6_7_3 [39/105]
Fin;generate all combinations 960960 ...time: 4.108892440795898
Fin; energy prediction...time: 118.72978568077087
Egy stat [10.57156, 17.407438, 14.255904, 0.7270899]
Start for  6_6_4 [40/105]
Fin;generate all combinations 1681680 ...time: 7.539500951766968
Fin; energy prediction...time: 211.05365681648254
Egy stat [17.9883, 25.497677, 21.444717, 0.74513894]
Start for  6_5_5 [41/105]
Fin;generate all combinations 2018016 ...time: 9.281758546829224
Fin; energy prediction...time: 259.90693950653076
Egy stat [25.279003, 31.59367, 28.384111, 0.71289593]
Start for  6_4_6 [42/105]
Fin;generate all combinations 1681680 ...time: 7.352329254150391
Fin; energy prediction...time: 217.4537491798401
Egy stat [32.19296, 37.773426, 35.119133, 0.64572597]
Start for  6_3_7 [43/105]
Fin;generate all combinations 960960 ...time: 1.712043285369873
Fin; energy prediction...time: 125.84949445724487
Egy stat [39.19646, 44.047714, 41.687668, 0.5562969]
Start for  6_2_8 [44/105]
Fin;generate all combinations 360360 ...time: 0.7466859817504883
Fin; energy prediction...time: 46.85742974281311
Egy stat [46.022312, 50.439754, 48.118816, 0.45471668]
Start for  6_1_9 [45/105]
Fin;generate all combinations 80080 ...time: 0.21002793312072754
Fin; energy prediction...time: 11.107070207595825
Egy stat [53.21072, 55.964638, 54.431744, 0.35165957]
Start for  5_10_1 [46/105]
Fin;generate all combinations 48048 ...time: 0.11081862449645996
Fin; energy prediction...time: 6.922049045562744
Egy stat [-4.8735, -0.8685789, -2.6046453, 0.47346032]
Start for  5_9_2 [47/105]
Fin;generate all combinations 240240 ...time: 0.9438390731811523
Fin; energy prediction...time: 30.31586766242981
Egy stat [2.1229925, 8.027597, 5.332135, 0.65099335]
Start for  5_8_3 [48/105]
Fin;generate all combinations 720720 ...time: 2.5674490928649902
Fin; energy prediction...time: 92.46180438995361
Egy stat [8.645836, 16.20349, 12.903996, 0.75194204]
Start for  5_7_4 [49/105]
Fin;generate all combinations 1441440 ...time: 7.531337738037109
Fin; energy prediction...time: 183.20764064788818
Egy stat [16.193419, 24.221607, 20.163933, 0.7826715]
Start for  5_6_5 [50/105]
Fin;generate all combinations 2018016 ...time: 9.250972509384155
Fin; energy prediction...time: 251.16671085357666
Egy stat [23.563984, 30.659344, 27.162806, 0.7594847]
Start for  5_5_6 [51/105]
Fin;generate all combinations 2018016 ...time: 7.99938178062439
Fin; energy prediction...time: 256.06095123291016
Egy stat [30.697327, 36.81866, 33.947052, 0.6984028]
Start for  5_4_7 [52/105]
Fin;generate all combinations 1441440 ...time: 8.142201662063599
Fin; energy prediction...time: 179.45194458961487
Egy stat [37.612804, 43.371857, 40.55676, 0.6126803]
Start for  5_3_8 [53/105]
Fin;generate all combinations 720720 ...time: 3.8911590576171875
Fin; energy prediction...time: 91.94821834564209
Egy stat [44.54843, 49.57876, 47.02397, 0.51206887]
Start for  5_2_9 [54/105]
Fin;generate all combinations 240240 ...time: 0.5552043914794922
Fin; energy prediction...time: 31.07244038581848
Egy stat [51.703934, 55.289658, 53.371277, 0.40340307]
Start for  5_1_10 [55/105]
Fin;generate all combinations 48048 ...time: 0.14170384407043457
Fin; energy prediction...time: 6.805720806121826
Egy stat [58.708557, 60.84681, 59.610973, 0.29462042]
Start for  4_11_1 [56/105]
Fin;generate all combinations 21840 ...time: 0.05526328086853027
Fin; energy prediction...time: 3.490325927734375
Egy stat [-5.9858766, -2.7507477, -4.21077, 0.44537386]
Start for  4_10_2 [57/105]
Fin;generate all combinations 120120 ...time: 0.5231888294219971
Fin; energy prediction...time: 15.433757543563843
Egy stat [0.9926758, 6.5881824, 3.8222797, 0.64620197]
Start for  4_9_3 [58/105]
Fin;generate all combinations 400400 ...time: 1.6520352363586426
Fin; energy prediction...time: 49.75223112106323
Egy stat [7.8834496, 14.658077, 11.4797, 0.7654046]
Start for  4_8_4 [59/105]
Fin;generate all combinations 900900 ...time: 3.885115623474121
Fin; energy prediction...time: 113.08848333358765
Egy stat [14.278189, 23.007744, 18.813942, 0.81043214]
Start for  4_7_5 [60/105]
Fin;generate all combinations 1441440 ...time: 7.486895799636841
Fin; energy prediction...time: 182.80166506767273
Egy stat [21.888344, 29.311203, 25.87613, 0.79820955]
Start for  4_6_6 [61/105]
Fin;generate all combinations 1681680 ...time: 8.842551231384277
Fin; energy prediction...time: 206.55364274978638
Egy stat [29.062012, 35.89802, 32.713825, 0.74546653]
Start for  4_5_7 [62/105]
Fin;generate all combinations 1441440 ...time: 8.281713724136353
Fin; energy prediction...time: 179.5912561416626
Egy stat [36.064087, 42.322884, 39.369038, 0.6663954]
Start for  4_4_8 [63/105]
Fin;generate all combinations 900900 ...time: 4.2858452796936035
Fin; energy prediction...time: 112.70450925827026
Egy stat [42.939373, 49.020565, 45.87646, 0.5715727]
Start for  4_3_9 [64/105]
Fin;generate all combinations 400400 ...time: 2.778318166732788
Fin; energy prediction...time: 51.59117555618286
Egy stat [50.172882, 54.509735, 52.261944, 0.4674814]
Start for  4_2_10 [65/105]
Fin;generate all combinations 120120 ...time: 0.27438902854919434
Fin; energy prediction...time: 16.32276487350464
Egy stat [57.32647, 60.357048, 58.541428, 0.35720736]
Start for  4_1_11 [66/105]
Fin;generate all combinations 21840 ...time: 0.06363415718078613
Fin; energy prediction...time: 3.8061604499816895
Egy stat [64.05331, 65.811325, 64.72036, 0.24531916]
Start for  3_12_1 [67/105]
Fin;generate all combinations 7280 ...time: 0.020133018493652344
Fin; energy prediction...time: 1.7907228469848633
Egy stat [-7.1819353, -4.590718, -5.8859878, 0.4011597]
Start for  3_11_2 [68/105]
Fin;generate all combinations 43680 ...time: 0.13069701194763184
Fin; energy prediction...time: 6.541754722595215
Egy stat [0.07518196, 4.653816, 2.2439942, 0.62770176]
Start for  3_10_3 [69/105]
Fin;generate all combinations 160160 ...time: 0.6676535606384277
Fin; energy prediction...time: 20.486450672149658
Egy stat [6.9691143, 12.595264, 9.988588, 0.7663598]
Start for  3_9_4 [70/105]
Fin;generate all combinations 400400 ...time: 1.5310921669006348
Fin; energy prediction...time: 49.838112354278564
Egy stat [13.611824, 20.97277, 17.399555, 0.8269757]
Start for  3_8_5 [71/105]
Fin;generate all combinations 720720 ...time: 2.5892229080200195
Fin; energy prediction...time: 89.85707092285156
Egy stat [20.087212, 27.937126, 24.528147, 0.8272712]
Start for  3_7_6 [72/105]
Fin;generate all combinations 960960 ...time: 5.772361755371094
Fin; energy prediction...time: 125.16498303413391
Egy stat [27.390648, 34.640953, 31.422787, 0.78465146]
Start for  3_6_7 [73/105]
Fin;generate all combinations 960960 ...time: 4.251022815704346
Fin; energy prediction...time: 119.3245861530304
Egy stat [34.400974, 41.3152, 38.127174, 0.7142876]
Start for  3_5_8 [74/105]
Fin;generate all combinations 720720 ...time: 4.664296865463257
Fin; energy prediction...time: 90.07335948944092
Egy stat [41.362995, 47.882763, 44.678368, 0.6279766]
Start for  3_4_9 [75/105]
Fin;generate all combinations 400400 ...time: 1.995298147201538
Fin; energy prediction...time: 51.62156963348389
Egy stat [48.700535, 53.89038, 51.105255, 0.533166]
Start for  3_3_10 [76/105]
Fin;generate all combinations 160160 ...time: 0.33560895919799805
Fin; energy prediction...time: 20.540207624435425
Egy stat [55.72693, 59.566048, 57.42726, 0.43244708]
Start for  3_2_11 [77/105]
Fin;generate all combinations 43680 ...time: 0.11295604705810547
Fin; energy prediction...time: 6.652884483337402
Egy stat [62.623184, 65.27921, 63.653595, 0.32436398]
Start for  3_1_12 [78/105]
Fin;generate all combinations 7280 ...time: 0.02213764190673828
Fin; energy prediction...time: 1.729311466217041
Egy stat [69.32534, 70.86014, 69.783165, 0.20902847]
Start for  2_13_1 [79/105]
Fin;generate all combinations 1680 ...time: 0.005972146987915039
Fin; energy prediction...time: 0.9409067630767822
Egy stat [-8.4256, -6.844054, -7.623126, 0.33806086]
Start for  2_12_2 [80/105]
Fin;generate all combinations 10920 ...time: 0.023327350616455078
Fin; energy prediction...time: 2.070173740386963
Egy stat [-1.0077286, 2.7668352, 0.6039239, 0.5945083]
Start for  2_11_3 [81/105]
Fin;generate all combinations 43680 ...time: 0.14806103706359863
Fin; energy prediction...time: 6.212582588195801
Egy stat [5.9651527, 10.69257, 8.436672, 0.7537123]
Start for  2_10_4 [82/105]
Fin;generate all combinations 120120 ...time: 0.46880483627319336
Fin; energy prediction...time: 15.509933948516846
Egy stat [12.807562, 19.004755, 15.926114, 0.83090997]
Start for  2_9_5 [83/105]
Fin;generate all combinations 240240 ...time: 1.2526772022247314
Fin; energy prediction...time: 30.376572608947754
Egy stat [19.532026, 26.108788, 23.123447, 0.84498864]
Start for  2_8_6 [84/105]
Fin;generate all combinations 360360 ...time: 1.6528737545013428
Fin; energy prediction...time: 45.58176374435425
Egy stat [25.804527, 33.517868, 30.077797, 0.8139941]
Start for  2_7_7 [85/105]
Fin;generate all combinations 411840 ...time: 2.3851280212402344
Fin; energy prediction...time: 52.02472257614136
Egy stat [32.946667, 40.298565, 36.834293, 0.7539803]
Start for  2_6_8 [86/105]
Fin;generate all combinations 360360 ...time: 1.492851972579956
Fin; energy prediction...time: 46.53192472457886
Egy stat [39.653793, 47.05421, 43.43219, 0.67799604]
Start for  2_5_9 [87/105]
Fin;generate all combinations 240240 ...time: 1.1124165058135986
Fin; energy prediction...time: 31.352294206619263
Egy stat [47.106434, 52.692997, 49.903168, 0.5948247]
Start for  2_4_10 [88/105]
Fin;generate all combinations 120120 ...time: 0.2514023780822754
Fin; energy prediction...time: 15.616811275482178
Egy stat [54.195595, 59.089752, 56.269943, 0.5078217]
Start for  2_3_11 [89/105]
Fin;generate all combinations 43680 ...time: 0.09959936141967773
Fin; energy prediction...time: 6.147255182266235
Egy stat [61.196472, 64.64594, 62.54533, 0.414547]
Start for  2_2_12 [90/105]
Fin;generate all combinations 10920 ...time: 0.02774810791015625
Fin; energy prediction...time: 2.2861945629119873
Egy stat [67.98438, 70.49497, 68.73202, 0.30792627]
Start for  2_1_13 [91/105]
Fin;generate all combinations 1680 ...time: 0.006239175796508789
Fin; energy prediction...time: 1.0045857429504395
Egy stat [74.436134, 75.43811, 74.823, 0.18159439]
Start for  1_14_1 [92/105]
Fin;generate all combinations 240 ...time: 0.0014910697937011719
Fin; energy prediction...time: 0.8429703712463379
Egy stat [-9.828187, -9.044983, -9.41473, 0.24954566]
Start for  1_13_2 [93/105]
Fin;generate all combinations 1680 ...time: 0.004218339920043945
Fin; energy prediction...time: 0.9342694282531738
Egy stat [-2.275196, 0.42114544, -1.0909292, 0.54552984]
Start for  1_12_3 [94/105]
Fin;generate all combinations 7280 ...time: 0.016580820083618164
Fin; energy prediction...time: 1.6870415210723877
Egy stat [4.948537, 9.0117035, 6.830401, 0.72638613]
Start for  1_11_4 [95/105]
Fin;generate all combinations 21840 ...time: 0.0974276065826416
Fin; energy prediction...time: 3.4556875228881836
Egy stat [11.861649, 17.514431, 14.399405, 0.8208621]
Start for  1_10_5 [96/105]
Fin;generate all combinations 48048 ...time: 0.24921345710754395
Fin; energy prediction...time: 6.791587591171265
Egy stat [18.868385, 24.598156, 21.667128, 0.8497108]
Start for  1_9_6 [97/105]
Fin;generate all combinations 80080 ...time: 0.4250216484069824
Fin; energy prediction...time: 10.64915657043457
Egy stat [25.272202, 31.941246, 28.683249, 0.831637]
Start for  1_8_7 [98/105]
Fin;generate all combinations 102960 ...time: 0.4839346408843994
Fin; energy prediction...time: 13.802083969116211
Egy stat [31.39492, 39.35447, 35.49413, 0.78344035]
Start for  1_7_8 [99/105]
Fin;generate all combinations 102960 ...time: 0.46134138107299805
Fin; energy prediction...time: 13.468697786331177
Egy stat [38.571453, 46.018417, 42.140995, 0.71929044]
Start for  1_6_9 [100/105]
Fin;generate all combinations 80080 ...time: 0.3325035572052002
Fin; energy prediction...time: 10.854623556137085
Egy stat [45.39479, 51.789948, 48.65813, 0.6493015]
Start for  1_5_10 [101/105]
Fin;generate all combinations 48048 ...time: 0.10112261772155762
Fin; energy prediction...time: 6.784973621368408
Egy stat [52.74449, 57.835426, 55.071346, 0.5778618]
Start for  1_4_11 [102/105]
Fin;generate all combinations 21840 ...time: 0.13386917114257812
Fin; energy prediction...time: 3.397634744644165
Egy stat [59.666145, 64.1702, 61.396954, 0.5026536]
Start for  1_3_12 [103/105]
Fin;generate all combinations 7280 ...time: 0.07808613777160645
Fin; energy prediction...time: 1.6302661895751953
Egy stat [66.48527, 69.91526, 67.64131, 0.4150912]
Start for  1_2_13 [104/105]
Fin;generate all combinations 1680 ...time: 0.00524139404296875
Fin; energy prediction...time: 0.9099383354187012
Egy stat [73.17595, 75.00679, 73.80109, 0.3017664]
Start for  1_1_14 [105/105]
Fin;generate all combinations 240 ...time: 0.0011293888092041016
Fin; energy prediction...time: 0.7207663059234619
Egy stat [79.62347, 80.30825, 79.8643, 0.14406061]
Saving....
Saved to... Rb_GeSnZn_I.pkl
Total elapsed time... 5659.691132545471
