Summary of calculations
Site name (A,B,C)... Rb Ge,Sn,Zn Cl
Base cif file name... ../0.cif
Save file name... Rb_GeSnZn_Cl.pkl
Fin; combination with repetition...time: 0.001684427261352539
Start for  14_1_1 [1/105]
Fin;generate all combinations 240 ...time: 0.00061798095703125
Fin; energy prediction...time: 0.1876974105834961
Egy stat [-52.930702, -52.259056, -52.53703, 0.17685501]
Start for  13_2_1 [2/105]
Fin;generate all combinations 1680 ...time: 0.0035791397094726562
Fin; energy prediction...time: 0.3924987316131592
Egy stat [-50.709488, -49.397614, -50.04567, 0.26733986]
Start for  13_1_2 [3/105]
Fin;generate all combinations 1680 ...time: 0.003893136978149414
Fin; energy prediction...time: 0.39239001274108887
Egy stat [-48.247738, -46.57976, -47.49693, 0.3452663]
Start for  12_3_1 [4/105]
Fin;generate all combinations 7280 ...time: 0.014830350875854492
Fin; energy prediction...time: 1.0850505828857422
Egy stat [-48.629047, -46.840103, -47.686745, 0.3419684]
Start for  12_2_2 [5/105]
Fin;generate all combinations 10920 ...time: 0.017131567001342773
Fin; energy prediction...time: 1.553469181060791
Egy stat [-46.22102, -43.394436, -44.948723, 0.436347]
Start for  12_1_3 [6/105]
Fin;generate all combinations 7280 ...time: 0.06296730041503906
Fin; energy prediction...time: 1.1261277198791504
Egy stat [-43.90284, -41.354637, -42.6553, 0.4861302]
Start for  11_4_1 [7/105]
Fin;generate all combinations 21840 ...time: 0.0908498764038086
Fin; energy prediction...time: 3.0566627979278564
Egy stat [-46.8051, -44.283947, -45.4627, 0.4039424]
Start for  11_3_2 [8/105]
Fin;generate all combinations 43680 ...time: 0.12790703773498535
Fin; energy prediction...time: 5.575306177139282
Egy stat [-44.156624, -40.652603, -42.526833, 0.51446533]
Start for  11_2_3 [9/105]
Fin;generate all combinations 43680 ...time: 0.15451908111572266
Fin; energy prediction...time: 5.629962921142578
Egy stat [-41.86792, -37.95715, -40.065037, 0.5815293]
Start for  11_1_4 [10/105]
Fin;generate all combinations 21840 ...time: 0.044908761978149414
Fin; energy prediction...time: 2.9262852668762207
Egy stat [-39.69757, -35.96663, -38.01247, 0.5904445]
Start for  10_5_1 [11/105]
Fin;generate all combinations 48048 ...time: 0.18095946311950684
Fin; energy prediction...time: 6.0949602127075195
Egy stat [-45.06407, -41.81761, -43.375153, 0.45415616]
Start for  10_4_2 [12/105]
Fin;generate all combinations 120120 ...time: 0.439100980758667
Fin; energy prediction...time: 15.087308645248413
Egy stat [-42.267174, -37.847847, -40.233883, 0.58105063]
Start for  10_3_3 [13/105]
Fin;generate all combinations 160160 ...time: 0.39623260498046875
Fin; energy prediction...time: 20.88559126853943
Egy stat [-39.925606, -34.979294, -37.5943, 0.66428334]
Start for  10_2_4 [14/105]
Fin;generate all combinations 120120 ...time: 0.1886131763458252
Fin; energy prediction...time: 15.14888310432434
Egy stat [-37.738815, -32.36011, -35.395287, 0.6912297]
Start for  10_1_5 [15/105]
Fin;generate all combinations 48048 ...time: 0.09743547439575195
Fin; energy prediction...time: 6.255037307739258
Egy stat [-35.78359, -31.461716, -33.56602, 0.6526479]
Start for  9_6_1 [16/105]
Fin;generate all combinations 80080 ...time: 0.26491546630859375
Fin; energy prediction...time: 10.21277403831482
Egy stat [-43.531944, -39.383297, -41.42495, 0.49282423]
Start for  9_5_2 [17/105]
Fin;generate all combinations 240240 ...time: 0.6352834701538086
Fin; energy prediction...time: 29.703529357910156
Egy stat [-40.503536, -35.382618, -38.071644, 0.63674164]
Start for  9_4_3 [18/105]
Fin;generate all combinations 400400 ...time: 1.372955560684204
Fin; energy prediction...time: 48.9019660949707
Egy stat [-38.033775, -32.012962, -35.245823, 0.73583233]
Start for  9_3_4 [19/105]
Fin;generate all combinations 400400 ...time: 1.6955461502075195
Fin; energy prediction...time: 49.55415964126587
Egy stat [-35.928406, -29.074663, -32.89005, 0.77897096]
Start for  9_2_5 [20/105]
Fin;generate all combinations 240240 ...time: 0.38580894470214844
Fin; energy prediction...time: 30.628735542297363
Egy stat [-33.586212, -27.87837, -30.937128, 0.7605515]
Start for  9_1_6 [21/105]
Fin;generate all combinations 80080 ...time: 0.17244720458984375
Fin; energy prediction...time: 10.24570369720459
Egy stat [-31.840477, -26.866966, -29.307205, 0.67420375]
Start for  8_7_1 [22/105]
Fin;generate all combinations 102960 ...time: 0.34738874435424805
Fin; energy prediction...time: 13.068281650543213
Egy stat [-42.20794, -37.276985, -39.612343, 0.5198711]
Start for  8_6_2 [23/105]
Fin;generate all combinations 360360 ...time: 1.2691733837127686
Fin; energy prediction...time: 44.409749031066895
Egy stat [-38.94478, -32.91854, -36.0412, 0.6817464]
Start for  8_5_3 [24/105]
Fin;generate all combinations 720720 ...time: 2.271488666534424
Fin; energy prediction...time: 89.05861067771912
Egy stat [-36.247223, -29.642708, -33.02156, 0.7969769]
Start for  8_4_4 [25/105]
Fin;generate all combinations 900900 ...time: 2.4232232570648193
Fin; energy prediction...time: 109.60464644432068
Egy stat [-34.219505, -25.801014, -30.499569, 0.85542274]
Start for  8_3_5 [26/105]
Fin;generate all combinations 720720 ...time: 4.283081531524658
Fin; energy prediction...time: 89.26521110534668
Egy stat [-31.662342, -24.611809, -28.411688, 0.854281]
Start for  8_2_6 [27/105]
Fin;generate all combinations 360360 ...time: 2.2672317028045654
Fin; energy prediction...time: 44.66572642326355
Egy stat [-29.767756, -23.26804, -26.681562, 0.79290426]
Start for  8_1_7 [28/105]
Fin;generate all combinations 102960 ...time: 0.8101034164428711
Fin; energy prediction...time: 13.512855529785156
Egy stat [-27.529436, -22.934286, -25.217932, 0.6678178]
Start for  7_8_1 [29/105]
Fin;generate all combinations 102960 ...time: 0.17913341522216797
Fin; energy prediction...time: 13.39553165435791
Egy stat [-41.080498, -35.186386, -37.937088, 0.5350522]
Start for  7_7_2 [30/105]
Fin;generate all combinations 411840 ...time: 1.6085374355316162
Fin; energy prediction...time: 50.925644874572754
Egy stat [-37.59967, -30.86733, -34.142998, 0.71599394]
Start for  7_6_3 [31/105]
Fin;generate all combinations 960960 ...time: 3.063032627105713
Fin; energy prediction...time: 118.8661093711853
Egy stat [-34.67388, -27.254992, -30.922756, 0.84805024]
Start for  7_5_4 [32/105]
Fin;generate all combinations 1441440 ...time: 5.755321025848389
Fin; energy prediction...time: 175.94043970108032
Egy stat [-32.352676, -23.508799, -28.225887, 0.92165905]
Start for  7_4_5 [33/105]
Fin;generate all combinations 1441440 ...time: 8.882490873336792
Fin; energy prediction...time: 179.0649402141571
Egy stat [-29.9547, -21.88071, -25.992546, 0.93609786]
Start for  7_3_6 [34/105]
Fin;generate all combinations 960960 ...time: 1.7918949127197266
Fin; energy prediction...time: 125.2296621799469
Egy stat [-27.639265, -20.535378, -24.14994, 0.8950889]
Start for  7_2_7 [35/105]
Fin;generate all combinations 411840 ...time: 2.4433400630950928
Fin; energy prediction...time: 51.62899446487427
Egy stat [-25.488365, -19.74646, -22.610006, 0.80340177]
Start for  7_1_8 [36/105]
Fin;generate all combinations 102960 ...time: 0.8821797370910645
Fin; energy prediction...time: 13.37083625793457
Egy stat [-23.578983, -18.694832, -21.26875, 0.6600462]
Start for  6_9_1 [37/105]
Fin;generate all combinations 80080 ...time: 0.15805983543395996
Fin; energy prediction...time: 10.822850227355957
Egy stat [-39.11007, -34.04613, -36.39857, 0.53797925]
Start for  6_8_2 [38/105]
Fin;generate all combinations 360360 ...time: 1.804091453552246
Fin; energy prediction...time: 44.2379994392395
Egy stat [-36.39171, -28.82927, -32.377018, 0.73921055]
Start for  6_7_3 [39/105]
Fin;generate all combinations 960960 ...time: 3.3932862281799316
Fin; energy prediction...time: 120.88139319419861
Egy stat [-33.30555, -25.084164, -28.950075, 0.88902646]
Start for  6_6_4 [40/105]
Fin;generate all combinations 1681680 ...time: 9.234411716461182
Fin; energy prediction...time: 202.37781071662903
Egy stat [-30.682121, -21.194712, -26.070438, 0.9781911]
Start for  6_5_5 [41/105]
Fin;generate all combinations 2018016 ...time: 11.730672121047974
Fin; energy prediction...time: 250.28073811531067
Egy stat [-28.234581, -19.290646, -23.681831, 1.0074507]
Start for  6_4_6 [42/105]
Fin;generate all combinations 1681680 ...time: 9.997835636138916
Fin; energy prediction...time: 208.31218910217285
Egy stat [-25.912933, -17.759398, -21.715117, 0.9838294]
Start for  6_3_7 [43/105]
Fin;generate all combinations 960960 ...time: 5.36622166633606
Fin; energy prediction...time: 119.54745316505432
Egy stat [-23.734085, -16.725834, -20.08564, 0.9182537]
Start for  6_2_8 [44/105]
Fin;generate all combinations 360360 ...time: 0.6987285614013672
Fin; energy prediction...time: 45.14576482772827
Egy stat [-21.743738, -15.438406, -18.69233, 0.81945413]
Start for  6_1_9 [45/105]
Fin;generate all combinations 80080 ...time: 0.8031332492828369
Fin; energy prediction...time: 10.84675145149231
Egy stat [-19.789963, -15.045506, -17.418024, 0.68407947]
Start for  5_10_1 [46/105]
Fin;generate all combinations 48048 ...time: 0.10822176933288574
Fin; energy prediction...time: 6.540856122970581
Egy stat [-37.27672, -32.9572, -34.995895, 0.52807975]
Start for  5_9_2 [47/105]
Fin;generate all combinations 240240 ...time: 0.9691727161407471
Fin; energy prediction...time: 29.970297813415527
Egy stat [-34.31331, -27.500286, -30.74286, 0.75095105]
Start for  5_8_3 [48/105]
Fin;generate all combinations 720720 ...time: 2.8362252712249756
Fin; energy prediction...time: 88.57875943183899
Egy stat [-32.065094, -22.675781, -27.103724, 0.91959554]
Start for  5_7_4 [49/105]
Fin;generate all combinations 1441440 ...time: 7.770630836486816
Fin; energy prediction...time: 174.6900815963745
Egy stat [-29.294119, -19.133902, -24.034058, 1.025063]
Start for  5_6_5 [50/105]
Fin;generate all combinations 2018016 ...time: 10.86189579963684
Fin; energy prediction...time: 249.3506999015808
Egy stat [-26.574257, -16.669529, -21.481035, 1.0690955]
Start for  5_5_6 [51/105]
Fin;generate all combinations 2018016 ...time: 7.117009162902832
Fin; energy prediction...time: 254.19516038894653
Egy stat [-24.180088, -14.944035, -19.379213, 1.0611035]
Start for  5_4_7 [52/105]
Fin;generate all combinations 1441440 ...time: 11.607078313827515
Fin; energy prediction...time: 179.80486679077148
Egy stat [-22.085594, -13.560608, -17.647535, 1.0167823]
Start for  5_3_8 [53/105]
Fin;generate all combinations 720720 ...time: 1.4580516815185547
Fin; energy prediction...time: 90.41335201263428
Egy stat [-20.123848, -12.505982, -16.188038, 0.952046]
Start for  5_2_9 [54/105]
Fin;generate all combinations 240240 ...time: 0.4981954097747803
Fin; energy prediction...time: 30.864066123962402
Egy stat [-17.960278, -11.796826, -14.886131, 0.87103164]
Start for  5_1_10 [55/105]
Fin;generate all combinations 48048 ...time: 0.13930988311767578
Fin; energy prediction...time: 6.708644390106201
Egy stat [-15.985471, -10.750067, -13.612166, 0.7555156]
Start for  4_11_1 [56/105]
Fin;generate all combinations 21840 ...time: 0.05572938919067383
Fin; energy prediction...time: 3.4627914428710938
Egy stat [-35.605904, -31.943361, -33.727985, 0.5044918]
Start for  4_10_2 [57/105]
Fin;generate all combinations 120120 ...time: 0.3136742115020752
Fin; energy prediction...time: 15.49874234199524
Egy stat [-32.503746, -26.140043, -29.239832, 0.7505965]
Start for  4_9_3 [58/105]
Fin;generate all combinations 400400 ...time: 1.5224182605743408
Fin; energy prediction...time: 49.05604910850525
Egy stat [-29.776106, -21.344387, -25.383532, 0.9392123]
Start for  4_8_4 [59/105]
Fin;generate all combinations 900900 ...time: 3.4919445514678955
Fin; energy prediction...time: 111.20674538612366
Egy stat [-28.062359, -16.364368, -22.117172, 1.0619358]
Start for  4_7_5 [60/105]
Fin;generate all combinations 1441440 ...time: 6.253700494766235
Fin; energy prediction...time: 184.53193759918213
Egy stat [-25.05817, -14.347101, -19.391205, 1.1212003]
Start for  4_6_6 [61/105]
Fin;generate all combinations 1681680 ...time: 5.721129655838013
Fin; energy prediction...time: 217.41270470619202
Egy stat [-22.566208, -12.025617, -17.143858, 1.128022]
Start for  4_5_7 [62/105]
Fin;generate all combinations 1441440 ...time: 5.824191570281982
Fin; energy prediction...time: 178.61343002319336
Egy stat [-20.504425, -10.702135, -15.297774, 1.1017234]
Start for  4_4_8 [63/105]
Fin;generate all combinations 900900 ...time: 4.883788824081421
Fin; energy prediction...time: 111.48054218292236
Egy stat [-18.559101, -9.157359, -13.758392, 1.0641068]
Start for  4_3_9 [64/105]
Fin;generate all combinations 400400 ...time: 2.733022451400757
Fin; energy prediction...time: 50.39059901237488
Egy stat [-16.2481, -8.553319, -12.41398, 1.0253918]
Start for  4_2_10 [65/105]
Fin;generate all combinations 120120 ...time: 0.28549647331237793
Fin; energy prediction...time: 15.749979972839355
Egy stat [-14.24208, -7.324877, -11.137059, 0.9693324]
Start for  4_1_11 [66/105]
Fin;generate all combinations 21840 ...time: 0.06205606460571289
Fin; energy prediction...time: 3.3125922679901123
Egy stat [-12.118102, -6.649623, -9.786678, 0.8537963]
Start for  3_12_1 [67/105]
Fin;generate all combinations 7280 ...time: 0.020814895629882812
Fin; energy prediction...time: 1.5445401668548584
Egy stat [-34.056343, -30.943935, -32.593636, 0.4658485]
Start for  3_11_2 [68/105]
Fin;generate all combinations 43680 ...time: 0.08196043968200684
Fin; energy prediction...time: 5.985250949859619
Egy stat [-30.503925, -25.103542, -27.867023, 0.7373222]
Start for  3_10_3 [69/105]
Fin;generate all combinations 160160 ...time: 0.6020047664642334
Fin; energy prediction...time: 20.34775710105896
Egy stat [-27.6168, -20.062836, -23.789034, 0.94712406]
Start for  3_9_4 [70/105]
Fin;generate all combinations 400400 ...time: 1.749269723892212
Fin; energy prediction...time: 49.773982524871826
Egy stat [-25.52082, -15.130957, -20.31984, 1.0881559]
Start for  3_8_5 [71/105]
Fin;generate all combinations 720720 ...time: 3.811173439025879
Fin; energy prediction...time: 88.43092346191406
Egy stat [-23.725636, -11.678601, -17.41294, 1.1634448]
Start for  3_7_6 [72/105]
Fin;generate all combinations 960960 ...time: 4.692429780960083
Fin; energy prediction...time: 119.07235598564148
Egy stat [-21.1041, -9.435751, -15.010162, 1.1849781]
Start for  3_6_7 [73/105]
Fin;generate all combinations 960960 ...time: 4.157881736755371
Fin; energy prediction...time: 118.46309494972229
Egy stat [-18.980711, -7.796563, -13.037974, 1.1746894]
Start for  3_5_8 [74/105]
Fin;generate all combinations 720720 ...time: 3.846560001373291
Fin; energy prediction...time: 89.82054591178894
Egy stat [-16.975174, -6.369701, -11.405426, 1.1592871]
Start for  3_4_9 [75/105]
Fin;generate all combinations 400400 ...time: 0.8540751934051514
Fin; energy prediction...time: 50.13336396217346
Egy stat [-14.629576, -5.154776, -10.003912, 1.1547931]
Start for  3_3_10 [76/105]
Fin;generate all combinations 160160 ...time: 0.3584902286529541
Fin; energy prediction...time: 20.601754426956177
Egy stat [-12.547848, -4.2786407, -8.708439, 1.1482008]
Start for  3_2_11 [77/105]
Fin;generate all combinations 43680 ...time: 0.11135029792785645
Fin; energy prediction...time: 6.131674528121948
Egy stat [-10.265629, -3.3174686, -7.3799253, 1.0941454]
Start for  3_1_12 [78/105]
Fin;generate all combinations 7280 ...time: 0.023235321044921875
Fin; energy prediction...time: 1.5606977939605713
Egy stat [-8.466849, -2.2775784, -5.867608, 0.9322139]
Start for  2_13_1 [79/105]
Fin;generate all combinations 1680 ...time: 0.005851268768310547
Fin; energy prediction...time: 0.829254150390625
Egy stat [-32.541275, -30.541374, -31.591602, 0.40977818]
Start for  2_12_2 [80/105]
Fin;generate all combinations 10920 ...time: 0.02310776710510254
Fin; energy prediction...time: 2.1390318870544434
Egy stat [-28.707905, -24.016031, -26.623386, 0.7100273]
Start for  2_11_3 [81/105]
Fin;generate all combinations 43680 ...time: 0.16698479652404785
Fin; energy prediction...time: 6.487220525741577
Egy stat [-25.638073, -19.015783, -22.319551, 0.94237506]
Start for  2_10_4 [82/105]
Fin;generate all combinations 120120 ...time: 0.4806375503540039
Fin; energy prediction...time: 15.247534990310669
Egy stat [-23.119692, -13.86569, -18.64187, 1.1028082]
Start for  2_9_5 [83/105]
Fin;generate all combinations 240240 ...time: 1.187345027923584
Fin; energy prediction...time: 29.80783224105835
Egy stat [-20.950851, -10.398374, -15.546564, 1.1951088]
Start for  2_8_6 [84/105]
Fin;generate all combinations 360360 ...time: 1.8559198379516602
Fin; energy prediction...time: 44.50685977935791
Egy stat [-19.736269, -6.828554, -12.978956, 1.2317712]
Start for  2_7_7 [85/105]
Fin;generate all combinations 411840 ...time: 1.5583715438842773
Fin; energy prediction...time: 50.873785734176636
Egy stat [-17.464678, -4.946159, -10.869383, 1.2364368]
Start for  2_6_8 [86/105]
Fin;generate all combinations 360360 ...time: 1.2853918075561523
Fin; energy prediction...time: 45.76897740364075
Egy stat [-15.440222, -3.1704845, -9.130735, 1.2397934]
Start for  2_5_9 [87/105]
Fin;generate all combinations 240240 ...time: 0.9352247714996338
Fin; energy prediction...time: 30.51891565322876
Egy stat [-13.004013, -2.5206947, -7.6578207, 1.2634996]
Start for  2_4_10 [88/105]
Fin;generate all combinations 120120 ...time: 0.6061723232269287
Fin; energy prediction...time: 15.586621046066284
Egy stat [-10.910382, -0.7384033, -6.328441, 1.2989739]
Start for  2_3_11 [89/105]
Fin;generate all combinations 43680 ...time: 0.2866818904876709
Fin; energy prediction...time: 6.351709842681885
Egy stat [-8.477008, 0.014122963, -5.0056214, 1.3012006]
Start for  2_2_12 [90/105]
Fin;generate all combinations 10920 ...time: 0.028024673461914062
Fin; energy prediction...time: 2.1395390033721924
Egy stat [-6.605624, 1.2587357, -3.540228, 1.2021389]
Start for  2_1_13 [91/105]
Fin;generate all combinations 1680 ...time: 0.005682945251464844
Fin; energy prediction...time: 0.896763801574707
Egy stat [-3.451097, 0.5974388, -1.7730614, 0.9319235]
Start for  1_14_1 [92/105]
Fin;generate all combinations 240 ...time: 0.0014929771423339844
Fin; energy prediction...time: 0.6264891624450684
Egy stat [-31.28762, -30.140106, -30.720604, 0.3314171]
Start for  1_13_2 [93/105]
Fin;generate all combinations 1680 ...time: 0.04021263122558594
Fin; energy prediction...time: 0.8149514198303223
Egy stat [-26.860723, -23.64497, -25.507757, 0.6672059]
Start for  1_12_3 [94/105]
Fin;generate all combinations 7280 ...time: 0.01740431785583496
Fin; energy prediction...time: 1.5201818943023682
Egy stat [-23.662018, -18.028204, -20.974232, 0.9237912]
Start for  1_11_4 [95/105]
Fin;generate all combinations 21840 ...time: 0.09437775611877441
Fin; energy prediction...time: 3.640872001647949
Egy stat [-20.980898, -12.672015, -17.082836, 1.104752]
Start for  1_10_5 [96/105]
Fin;generate all combinations 48048 ...time: 0.18211007118225098
Fin; energy prediction...time: 6.786421537399292
Egy stat [-18.344452, -9.174326, -13.792143, 1.2151519]
Start for  1_9_6 [97/105]
Fin;generate all combinations 80080 ...time: 0.43818044662475586
Fin; energy prediction...time: 10.586691617965698
Egy stat [-16.67536, -5.6248164, -11.050785, 1.2677232]
Start for  1_8_7 [98/105]
Fin;generate all combinations 102960 ...time: 0.4952127933502197
Fin; energy prediction...time: 13.433864831924438
Egy stat [-15.975315, -2.0234594, -8.792985, 1.2870394]
Start for  1_7_8 [99/105]
Fin;generate all combinations 102960 ...time: 0.6137583255767822
Fin; energy prediction...time: 13.226167440414429
Egy stat [-13.97643, -0.36823082, -6.9356394, 1.306851]
Start for  1_6_9 [100/105]
Fin;generate all combinations 80080 ...time: 0.3234257698059082
Fin; energy prediction...time: 10.727532863616943
Egy stat [-11.384947, 0.33018494, -5.3772807, 1.3541604]
Start for  1_5_10 [101/105]
Fin;generate all combinations 48048 ...time: 0.1010591983795166
Fin; energy prediction...time: 6.643970966339111
Egy stat [-9.22286, 1.8781052, -3.998831, 1.4256921]
Start for  1_4_11 [102/105]
Fin;generate all combinations 21840 ...time: 0.04871869087219238
Fin; energy prediction...time: 3.4787518978118896
Egy stat [-6.6388974, 3.465293, -2.6657119, 1.4788424]
Start for  1_3_12 [103/105]
Fin;generate all combinations 7280 ...time: 0.01761603355407715
Fin; energy prediction...time: 1.6174516677856445
Egy stat [-4.7327433, 4.4471188, -1.2305737, 1.4436479]
Start for  1_2_13 [104/105]
Fin;generate all combinations 1680 ...time: 0.005120992660522461
Fin; energy prediction...time: 0.809664249420166
Egy stat [-1.5860415, 3.9690685, 0.46426734, 1.2379326]
Start for  1_1_14 [105/105]
Fin;generate all combinations 240 ...time: 0.0011262893676757812
Fin; energy prediction...time: 0.6619586944580078
Egy stat [1.6113405, 5.3731613, 2.5855112, 0.7748056]
Saving....
Saved to... Rb_GeSnZn_Cl.pkl
Total elapsed time... 5593.381916046143
