Summary of calculations
Site name (A,B,C)... Rb Ge,Pb,Zn Cl
Base cif file name... ../0.cif
Save file name... Rb_GePbZn_Cl.pkl
Fin; combination with repetition...time: 0.0015935897827148438
Start for  14_1_1 [1/105]
Fin;generate all combinations 240 ...time: 0.0006210803985595703
Fin; energy prediction...time: 0.19487881660461426
Egy stat [-52.582558, -51.644913, -52.005154, 0.24369188]
Start for  13_2_1 [2/105]
Fin;generate all combinations 1680 ...time: 0.0035495758056640625
Fin; energy prediction...time: 0.3895387649536133
Egy stat [-50.067497, -48.159073, -49.14226, 0.37273642]
Start for  13_1_2 [3/105]
Fin;generate all combinations 1680 ...time: 0.0037992000579833984
Fin; energy prediction...time: 0.38711023330688477
Egy stat [-48.057247, -45.908867, -46.985577, 0.42030293]
Start for  12_3_1 [4/105]
Fin;generate all combinations 7280 ...time: 0.012376546859741211
Fin; energy prediction...time: 1.2076432704925537
Egy stat [-47.793762, -45.26316, -46.56592, 0.47993723]
Start for  12_2_2 [5/105]
Fin;generate all combinations 10920 ...time: 0.016878128051757812
Fin; energy prediction...time: 1.6341772079467773
Egy stat [-45.85881, -42.03546, -44.08315, 0.55444294]
Start for  12_1_3 [6/105]
Fin;generate all combinations 7280 ...time: 0.05563020706176758
Fin; energy prediction...time: 1.137585163116455
Egy stat [-43.77668, -40.65444, -42.17081, 0.5656658]
Start for  11_4_1 [7/105]
Fin;generate all combinations 21840 ...time: 0.08402228355407715
Fin; energy prediction...time: 2.9159157276153564
Egy stat [-46.01523, -42.333267, -44.27235, 0.5695088]
Start for  11_3_2 [8/105]
Fin;generate all combinations 43680 ...time: 0.12592625617980957
Fin; energy prediction...time: 6.039339303970337
Egy stat [-43.600903, -38.866726, -41.45725, 0.664868]
Start for  11_2_3 [9/105]
Fin;generate all combinations 43680 ...time: 0.15634703636169434
Fin; energy prediction...time: 5.552827835083008
Egy stat [-41.62036, -36.535843, -39.24967, 0.70524144]
Start for  11_1_4 [10/105]
Fin;generate all combinations 21840 ...time: 0.051468610763549805
Fin; energy prediction...time: 3.0662665367126465
Egy stat [-39.584705, -35.235878, -37.559788, 0.6732399]
Start for  10_5_1 [11/105]
Fin;generate all combinations 48048 ...time: 0.2016892433166504
Fin; energy prediction...time: 6.055991172790527
Egy stat [-44.315987, -39.84442, -42.25738, 0.64245933]
Start for  10_4_2 [12/105]
Fin;generate all combinations 120120 ...time: 0.48152947425842285
Fin; energy prediction...time: 14.890901565551758
Egy stat [-41.765965, -35.623108, -39.103653, 0.7578655]
Start for  10_3_3 [13/105]
Fin;generate all combinations 160160 ...time: 0.4217710494995117
Fin; energy prediction...time: 20.758360624313354
Egy stat [-39.701645, -33.158485, -36.593796, 0.8190018]
Start for  10_2_4 [14/105]
Fin;generate all combinations 120120 ...time: 0.18944811820983887
Fin; energy prediction...time: 15.025097370147705
Egy stat [-37.688755, -30.87444, -34.639416, 0.8178484]
Start for  10_1_5 [15/105]
Fin;generate all combinations 48048 ...time: 0.09200048446655273
Fin; energy prediction...time: 6.4261064529418945
Egy stat [-35.57034, -30.737886, -33.148212, 0.7395772]
Start for  9_6_1 [16/105]
Fin;generate all combinations 80080 ...time: 0.23071527481079102
Fin; energy prediction...time: 10.206761121749878
Egy stat [-42.975784, -37.340843, -40.516922, 0.69902945]
Start for  9_5_2 [17/105]
Fin;generate all combinations 240240 ...time: 0.6380116939544678
Fin; energy prediction...time: 30.153844594955444
Egy stat [-40.05433, -33.162308, -37.017914, 0.8357822]
Start for  9_4_3 [18/105]
Fin;generate all combinations 400400 ...time: 1.253089189529419
Fin; energy prediction...time: 48.88618493080139
Egy stat [-37.863373, -29.669264, -34.19836, 0.9153354]
Start for  9_3_4 [19/105]
Fin;generate all combinations 400400 ...time: 1.6140501499176025
Fin; energy prediction...time: 49.41741371154785
Egy stat [-35.935562, -27.134186, -31.97153, 0.9347488]
Start for  9_2_5 [20/105]
Fin;generate all combinations 240240 ...time: 0.4021298885345459
Fin; energy prediction...time: 30.183910131454468
Egy stat [-33.546753, -26.407463, -30.246069, 0.8910285]
Start for  9_1_6 [21/105]
Fin;generate all combinations 80080 ...time: 0.1763601303100586
Fin; energy prediction...time: 10.583000659942627
Egy stat [-31.63271, -26.149796, -28.925043, 0.76845604]
Start for  8_7_1 [22/105]
Fin;generate all combinations 102960 ...time: 0.4750981330871582
Fin; energy prediction...time: 13.059907674789429
Egy stat [-42.069603, -35.38753, -39.047344, 0.7391425]
Start for  8_6_2 [23/105]
Fin;generate all combinations 360360 ...time: 1.3171348571777344
Fin; energy prediction...time: 44.61279559135437
Egy stat [-38.703255, -30.668325, -35.195812, 0.89948356]
Start for  8_5_3 [24/105]
Fin;generate all combinations 720720 ...time: 2.319631814956665
Fin; energy prediction...time: 89.41628646850586
Egy stat [-36.104446, -27.321321, -32.058426, 0.9979232]
Start for  8_4_4 [25/105]
Fin;generate all combinations 900900 ...time: 2.4241998195648193
Fin; energy prediction...time: 111.12885284423828
Egy stat [-34.377544, -23.385536, -29.550451, 1.0343052]
Start for  8_3_5 [26/105]
Fin;generate all combinations 720720 ...time: 3.0231118202209473
Fin; energy prediction...time: 92.75199913978577
Egy stat [-31.874062, -22.687828, -27.58181, 1.0126721]
Start for  8_2_6 [27/105]
Fin;generate all combinations 360360 ...time: 2.2599520683288574
Fin; energy prediction...time: 45.36235570907593
Egy stat [-29.759289, -21.810919, -26.055922, 0.93200076]
Start for  8_1_7 [28/105]
Fin;generate all combinations 102960 ...time: 0.24469494819641113
Fin; energy prediction...time: 13.458836078643799
Egy stat [-27.433401, -22.215733, -24.869623, 0.77425086]
Start for  7_8_1 [29/105]
Fin;generate all combinations 102960 ...time: 0.18800711631774902
Fin; energy prediction...time: 12.97093677520752
Egy stat [-41.485764, -33.439163, -37.845737, 0.7625053]
Start for  7_7_2 [30/105]
Fin;generate all combinations 411840 ...time: 1.5121982097625732
Fin; energy prediction...time: 50.801960706710815
Egy stat [-37.73239, -28.791256, -33.63372, 0.9490608]
Start for  7_6_3 [31/105]
Fin;generate all combinations 960960 ...time: 3.235245943069458
Fin; energy prediction...time: 117.90085983276367
Egy stat [-34.72543, -24.92566, -30.16952, 1.0683049]
Start for  7_5_4 [32/105]
Fin;generate all combinations 1441440 ...time: 6.459569692611694
Fin; energy prediction...time: 177.02631664276123
Egy stat [-32.523388, -21.17591, -27.37065, 1.1214011]
Start for  7_4_5 [33/105]
Fin;generate all combinations 1441440 ...time: 6.081547260284424
Fin; energy prediction...time: 179.63219952583313
Egy stat [-30.317726, -19.858418, -25.148777, 1.1168762]
Start for  7_3_6 [34/105]
Fin;generate all combinations 960960 ...time: 1.6545963287353516
Fin; energy prediction...time: 120.74088430404663
Egy stat [-28.04249, -19.02652, -23.40809, 1.0627241]
Start for  7_2_7 [35/105]
Fin;generate all combinations 411840 ...time: 0.814861536026001
Fin; energy prediction...time: 52.94572997093201
Egy stat [-25.773903, -18.155714, -22.045158, 0.9583631]
Start for  7_1_8 [36/105]
Fin;generate all combinations 102960 ...time: 0.2592160701751709
Fin; energy prediction...time: 13.857354402542114
Egy stat [-23.594059, -18.481497, -20.949799, 0.7820976]
Start for  6_9_1 [37/105]
Fin;generate all combinations 80080 ...time: 0.1597447395324707
Fin; energy prediction...time: 10.639219284057617
Egy stat [-40.22995, -33.19735, -36.910194, 0.7686128]
Start for  6_8_2 [38/105]
Fin;generate all combinations 360360 ...time: 1.854396104812622
Fin; energy prediction...time: 44.44527292251587
Egy stat [-37.04338, -26.911797, -32.328922, 0.98409843]
Start for  6_7_3 [39/105]
Fin;generate all combinations 960960 ...time: 3.5351362228393555
Fin; energy prediction...time: 120.03556323051453
Egy stat [-33.72886, -22.983326, -28.527905, 1.1267766]
Start for  6_6_4 [40/105]
Fin;generate all combinations 1681680 ...time: 7.821861743927002
Fin; energy prediction...time: 205.28273725509644
Egy stat [-31.042593, -18.899857, -25.427242, 1.1981817]
Start for  6_5_5 [41/105]
Fin;generate all combinations 2018016 ...time: 11.700942516326904
Fin; energy prediction...time: 248.2837405204773
Egy stat [-28.754719, -17.28607, -22.940737, 1.2096006]
Start for  6_4_6 [42/105]
Fin;generate all combinations 1681680 ...time: 10.212336778640747
Fin; energy prediction...time: 210.1178650856018
Egy stat [-26.51456, -16.159311, -20.973843, 1.1751641]
Start for  6_3_7 [43/105]
Fin;generate all combinations 960960 ...time: 4.796650171279907
Fin; energy prediction...time: 120.56716895103455
Egy stat [-24.336105, -15.344188, -19.423384, 1.1049289]
Start for  6_2_8 [44/105]
Fin;generate all combinations 360360 ...time: 0.7551140785217285
Fin; energy prediction...time: 45.03071093559265
Egy stat [-22.204273, -14.374722, -18.178253, 0.9954442]
Start for  6_1_9 [45/105]
Fin;generate all combinations 80080 ...time: 0.22208309173583984
Fin; energy prediction...time: 11.099295616149902
Egy stat [-19.939732, -14.4805355, -17.12124, 0.8185783]
Start for  5_10_1 [46/105]
Fin;generate all combinations 48048 ...time: 0.11058402061462402
Fin; energy prediction...time: 6.587490558624268
Egy stat [-39.168938, -33.01578, -36.239918, 0.7567243]
Start for  5_9_2 [47/105]
Fin;generate all combinations 240240 ...time: 1.01216459274292
Fin; energy prediction...time: 30.234281301498413
Egy stat [-35.73353, -26.430992, -31.279758, 1.0038064]
Start for  5_8_3 [48/105]
Fin;generate all combinations 720720 ...time: 2.633284568786621
Fin; energy prediction...time: 88.87334775924683
Egy stat [-32.99257, -20.657307, -27.130953, 1.1728075]
Start for  5_7_4 [49/105]
Fin;generate all combinations 1441440 ...time: 6.090515375137329
Fin; energy prediction...time: 179.47173237800598
Egy stat [-30.056286, -17.029465, -23.716352, 1.2651122]
Start for  5_6_5 [50/105]
Fin;generate all combinations 2018016 ...time: 10.011709690093994
Fin; energy prediction...time: 252.6735076904297
Egy stat [-27.299168, -14.626148, -20.952318, 1.2934979]
Start for  5_5_6 [51/105]
Fin;generate all combinations 2018016 ...time: 8.600003480911255
Fin; energy prediction...time: 255.50530123710632
Egy stat [-25.04845, -13.309073, -18.746168, 1.2762254]
Start for  5_4_7 [52/105]
Fin;generate all combinations 1441440 ...time: 2.6917245388031006
Fin; energy prediction...time: 183.2432255744934
Egy stat [-22.953796, -12.17061, -16.995497, 1.2309136]
Start for  5_3_8 [53/105]
Fin;generate all combinations 720720 ...time: 4.872757434844971
Fin; energy prediction...time: 91.84582710266113
Egy stat [-20.877428, -11.176666, -15.588846, 1.1648381]
Start for  5_2_9 [54/105]
Fin;generate all combinations 240240 ...time: 0.4936976432800293
Fin; energy prediction...time: 30.555411100387573
Egy stat [-18.329678, -10.213484, -14.407515, 1.064827]
Start for  5_1_10 [55/105]
Fin;generate all combinations 48048 ...time: 0.1352088451385498
Fin; energy prediction...time: 7.332387685775757
Egy stat [-16.082066, -10.176013, -13.327844, 0.8921711]
Start for  4_11_1 [56/105]
Fin;generate all combinations 21840 ...time: 0.054598093032836914
Fin; energy prediction...time: 3.3982889652252197
Egy stat [-38.33149, -33.182693, -35.835407, 0.7258112]
Start for  4_10_2 [57/105]
Fin;generate all combinations 120120 ...time: 0.3146369457244873
Fin; energy prediction...time: 15.730490446090698
Egy stat [-34.727356, -25.887852, -30.48588, 1.0071001]
Start for  4_9_3 [58/105]
Fin;generate all combinations 400400 ...time: 1.3676681518554688
Fin; energy prediction...time: 49.9988853931427
Egy stat [-31.38188, -20.188982, -25.97732, 1.2052885]
Start for  4_8_4 [59/105]
Fin;generate all combinations 900900 ...time: 3.747971296310425
Fin; energy prediction...time: 110.96855425834656
Egy stat [-29.349037, -14.275952, -22.235394, 1.3215294]
Start for  4_7_5 [60/105]
Fin;generate all combinations 1441440 ...time: 8.793717622756958
Fin; energy prediction...time: 177.4968581199646
Egy stat [-26.159225, -12.34185, -19.179457, 1.369164]
Start for  4_6_6 [61/105]
Fin;generate all combinations 1681680 ...time: 6.535442113876343
Fin; energy prediction...time: 205.9495668411255
Egy stat [-23.757748, -10.26518, -16.719229, 1.3689711]
Start for  4_5_7 [62/105]
Fin;generate all combinations 1441440 ...time: 5.457924127578735
Fin; energy prediction...time: 177.3196256160736
Egy stat [-21.67907, -9.441871, -14.753712, 1.3440444]
Start for  4_4_8 [63/105]
Fin;generate all combinations 900900 ...time: 3.9562010765075684
Fin; energy prediction...time: 115.82358002662659
Egy stat [-19.712315, -7.2889533, -13.171704, 1.3096642]
Start for  4_3_9 [64/105]
Fin;generate all combinations 400400 ...time: 0.8344845771789551
Fin; energy prediction...time: 49.663530111312866
Egy stat [-16.926144, -6.970912, -11.853561, 1.2611543]
Start for  4_2_10 [65/105]
Fin;generate all combinations 120120 ...time: 0.8497204780578613
Fin; energy prediction...time: 15.774446964263916
Egy stat [-14.630101, -5.94609, -10.673636, 1.1684023]
Start for  4_1_11 [66/105]
Fin;generate all combinations 21840 ...time: 0.27160120010375977
Fin; energy prediction...time: 3.5591206550598145
Egy stat [-12.05593, -6.032779, -9.502839, 0.9815011]
Start for  3_12_1 [67/105]
Fin;generate all combinations 7280 ...time: 0.020795822143554688
Fin; energy prediction...time: 1.5603179931640625
Egy stat [-37.7524, -33.34746, -35.698547, 0.6744291]
Start for  3_11_2 [68/105]
Fin;generate all combinations 43680 ...time: 0.14987778663635254
Fin; energy prediction...time: 6.036250829696655
Egy stat [-33.477997, -26.045547, -29.948315, 0.9926543]
Start for  3_10_3 [69/105]
Fin;generate all combinations 160160 ...time: 0.6474189758300781
Fin; energy prediction...time: 20.381090879440308
Egy stat [-29.892036, -19.738201, -25.067078, 1.2227086]
Start for  3_9_4 [70/105]
Fin;generate all combinations 400400 ...time: 1.6621675491333008
Fin; energy prediction...time: 49.52805829048157
Egy stat [-27.324812, -13.922963, -20.983269, 1.3659942]
Start for  3_8_5 [71/105]
Fin;generate all combinations 720720 ...time: 3.241149425506592
Fin; energy prediction...time: 89.00145697593689
Egy stat [-25.324871, -9.561212, -17.619555, 1.435818]
Start for  3_7_6 [72/105]
Fin;generate all combinations 960960 ...time: 5.4193198680877686
Fin; energy prediction...time: 117.36424660682678
Egy stat [-22.567429, -7.554183, -14.8886795, 1.4541303]
Start for  3_6_7 [73/105]
Fin;generate all combinations 960960 ...time: 6.047072887420654
Fin; energy prediction...time: 117.46548748016357
Egy stat [-20.518703, -6.376486, -12.691704, 1.4477397]
Start for  3_5_8 [74/105]
Fin;generate all combinations 720720 ...time: 3.475801467895508
Fin; energy prediction...time: 90.99485373497009
Egy stat [-18.491898, -5.018734, -10.918327, 1.4383016]
Start for  3_4_9 [75/105]
Fin;generate all combinations 400400 ...time: 2.418565273284912
Fin; energy prediction...time: 51.44130778312683
Egy stat [-15.606668, -3.269651, -9.448569, 1.4281716]
Start for  3_3_10 [76/105]
Fin;generate all combinations 160160 ...time: 0.3460710048675537
Fin; energy prediction...time: 20.980680465698242
Egy stat [-13.145031, -2.593131, -8.155313, 1.39214]
Start for  3_2_11 [77/105]
Fin;generate all combinations 43680 ...time: 0.10264468193054199
Fin; energy prediction...time: 6.78127384185791
Egy stat [-10.307941, -2.0566912, -6.907082, 1.2823794]
Start for  3_1_12 [78/105]
Fin;generate all combinations 7280 ...time: 0.023065805435180664
Fin; energy prediction...time: 1.73972749710083
Egy stat [-8.323509, -1.7590313, -5.570347, 1.0426348]
Start for  2_13_1 [79/105]
Fin;generate all combinations 1680 ...time: 0.0061435699462890625
Fin; energy prediction...time: 0.9294254779815674
Egy stat [-37.185753, -34.29844, -35.832745, 0.6003937]
Start for  2_12_2 [80/105]
Fin;generate all combinations 10920 ...time: 0.07379651069641113
Fin; energy prediction...time: 2.149946451187134
Egy stat [-32.580536, -26.11215, -29.669546, 0.9589141]
Start for  2_11_3 [81/105]
Fin;generate all combinations 43680 ...time: 0.19857001304626465
Fin; energy prediction...time: 6.1205198764801025
Egy stat [-28.694838, -19.629305, -24.401842, 1.2232832]
Start for  2_10_4 [82/105]
Fin;generate all combinations 120120 ...time: 0.5201609134674072
Fin; energy prediction...time: 15.40450143814087
Egy stat [-25.49133, -13.4983, -19.960524, 1.3965478]
Start for  2_9_5 [83/105]
Fin;generate all combinations 240240 ...time: 1.026298999786377
Fin; energy prediction...time: 30.348920583724976
Egy stat [-22.995586, -9.107627, -16.271816, 1.4917498]
Start for  2_8_6 [84/105]
Fin;generate all combinations 360360 ...time: 1.5787537097930908
Fin; energy prediction...time: 44.53356051445007
Egy stat [-21.68996, -4.739333, -13.252, 1.530911]
Start for  2_7_7 [85/105]
Fin;generate all combinations 411840 ...time: 1.358142614364624
Fin; energy prediction...time: 51.087761878967285
Egy stat [-19.409206, -3.369967, -10.804935, 1.5429626]
Start for  2_6_8 [86/105]
Fin;generate all combinations 360360 ...time: 1.4856038093566895
Fin; energy prediction...time: 45.36144161224365
Egy stat [-17.36759, -2.0323763, -8.821953, 1.5545229]
Start for  2_5_9 [87/105]
Fin;generate all combinations 240240 ...time: 1.0885779857635498
Fin; energy prediction...time: 30.530247926712036
Egy stat [-14.246177, -0.8116951, -7.1833987, 1.5744814]
Start for  2_4_10 [88/105]
Fin;generate all combinations 120120 ...time: 0.2669541835784912
Fin; energy prediction...time: 16.103917598724365
Egy stat [-11.69356, 1.2335291, -5.7612514, 1.5826942]
Start for  2_3_11 [89/105]
Fin;generate all combinations 43680 ...time: 0.09657049179077148
Fin; energy prediction...time: 6.446445465087891
Egy stat [-8.537594, 1.610693, -4.422085, 1.532661]
Start for  2_2_12 [90/105]
Fin;generate all combinations 10920 ...time: 0.02859783172607422
Fin; energy prediction...time: 2.0913493633270264
Egy stat [-6.3265004, 2.1566267, -3.0297294, 1.3641802]
Start for  2_1_13 [91/105]
Fin;generate all combinations 1680 ...time: 0.005335807800292969
Fin; energy prediction...time: 0.907433271408081
Egy stat [-3.2851348, 1.239975, -1.4469485, 1.0187474]
Start for  1_14_1 [92/105]
Fin;generate all combinations 240 ...time: 0.0015106201171875
Fin; energy prediction...time: 0.7504611015319824
Egy stat [-37.070114, -35.251427, -36.24299, 0.49983236]
Start for  1_13_2 [93/105]
Fin;generate all combinations 1680 ...time: 0.003953695297241211
Fin; energy prediction...time: 0.9372670650482178
Egy stat [-31.548828, -27.086523, -29.65363, 0.90403223]
Start for  1_12_3 [94/105]
Fin;generate all combinations 7280 ...time: 0.016974687576293945
Fin; energy prediction...time: 1.6400861740112305
Egy stat [-27.522852, -19.57558, -23.984816, 1.205036]
Start for  1_11_4 [95/105]
Fin;generate all combinations 21840 ...time: 0.10076594352722168
Fin; energy prediction...time: 3.574293375015259
Egy stat [-24.077908, -13.18064, -19.169416, 1.4108974]
Start for  1_10_5 [96/105]
Fin;generate all combinations 48048 ...time: 0.16494011878967285
Fin; energy prediction...time: 6.707198143005371
Egy stat [-20.855675, -8.696406, -15.137264, 1.5346302]
Start for  1_9_6 [97/105]
Fin;generate all combinations 80080 ...time: 0.37319469451904297
Fin; energy prediction...time: 10.893983125686646
Egy stat [-19.063915, -4.2938585, -11.808651, 1.5975106]
Start for  1_8_7 [98/105]
Fin;generate all combinations 102960 ...time: 0.5085141658782959
Fin; energy prediction...time: 13.698500871658325
Egy stat [-18.394882, -0.1390009, -9.09095, 1.629145]
Start for  1_7_8 [99/105]
Fin;generate all combinations 102960 ...time: 0.42659544944763184
Fin; energy prediction...time: 13.624731540679932
Egy stat [-16.369678, 1.0038548, -6.8779144, 1.6596961]
Start for  1_6_9 [100/105]
Fin;generate all combinations 80080 ...time: 0.34290313720703125
Fin; energy prediction...time: 10.881059408187866
Egy stat [-12.92001, 2.120738, -5.050979, 1.7041245]
Start for  1_5_10 [101/105]
Fin;generate all combinations 48048 ...time: 0.2672116756439209
Fin; energy prediction...time: 6.729395389556885
Egy stat [-10.173496, 3.4766645, -3.481849, 1.7481345]
Start for  1_4_11 [102/105]
Fin;generate all combinations 21840 ...time: 0.051006317138671875
Fin; energy prediction...time: 3.6907153129577637
Egy stat [-6.871974, 5.414979, -2.0356424, 1.747898]
Start for  1_3_12 [103/105]
Fin;generate all combinations 7280 ...time: 0.08997559547424316
Fin; energy prediction...time: 1.6642804145812988
Egy stat [-4.2485085, 5.9480114, -0.5738681, 1.6414087]
Start for  1_2_13 [104/105]
Fin;generate all combinations 1680 ...time: 0.005138397216796875
Fin; energy prediction...time: 0.9028565883636475
Egy stat [-1.2144699, 4.8622437, 1.0434457, 1.3597817]
Start for  1_1_14 [105/105]
Fin;generate all combinations 240 ...time: 0.001108407974243164
Fin; energy prediction...time: 0.6959733963012695
Egy stat [1.845068, 5.9230843, 2.9570036, 0.83306986]
Saving....
Saved to... Rb_GePbZn_Cl.pkl
Total elapsed time... 5594.299970626831
