Summary of calculations
Site name (A,B,C)... Rb Hg,Pb,Sn I
Base cif file name... ../0.cif
Save file name... Rb_HgPbSn_I.pkl
Fin; combination with repetition...time: 0.001817941665649414
Start for  14_1_1 [1/105]
Fin;generate all combinations 240 ...time: 0.0006163120269775391
Fin; energy prediction...time: 0.21199584007263184
Egy stat [13.94109, 14.739061, 14.344981, 0.2402073]
Start for  13_2_1 [2/105]
Fin;generate all combinations 1680 ...time: 0.003670215606689453
Fin; energy prediction...time: 0.36941027641296387
Egy stat [13.893337, 15.794865, 14.693966, 0.42971736]
Start for  13_1_2 [3/105]
Fin;generate all combinations 1680 ...time: 0.003960371017456055
Fin; energy prediction...time: 0.38283228874206543
Egy stat [12.159655, 13.814983, 12.858906, 0.3598869]
Start for  12_3_1 [4/105]
Fin;generate all combinations 7280 ...time: 0.012301445007324219
Fin; energy prediction...time: 1.1846246719360352
Egy stat [13.23646, 17.028408, 14.838833, 0.6130521]
Start for  12_2_2 [5/105]
Fin;generate all combinations 10920 ...time: 0.01675701141357422
Fin; energy prediction...time: 1.6233887672424316
Egy stat [11.626373, 15.063244, 13.107346, 0.5435317]
Start for  12_1_3 [6/105]
Fin;generate all combinations 7280 ...time: 0.05333852767944336
Fin; energy prediction...time: 1.1291065216064453
Egy stat [10.050245, 13.072338, 11.356524, 0.47570255]
Start for  11_4_1 [7/105]
Fin;generate all combinations 21840 ...time: 0.07675909996032715
Fin; energy prediction...time: 3.103271961212158
Egy stat [12.818113, 17.80602, 14.74637, 0.7746673]
Start for  11_3_2 [8/105]
Fin;generate all combinations 43680 ...time: 0.11377620697021484
Fin; energy prediction...time: 5.949929714202881
Egy stat [11.21694, 16.02573, 13.111894, 0.7111803]
Start for  11_2_3 [9/105]
Fin;generate all combinations 43680 ...time: 0.15043902397155762
Fin; energy prediction...time: 5.697860240936279
Egy stat [9.620974, 14.101746, 11.4566145, 0.6474721]
Start for  11_1_4 [10/105]
Fin;generate all combinations 21840 ...time: 0.04015946388244629
Fin; energy prediction...time: 3.0952353477478027
Egy stat [8.194035, 12.109993, 9.780633, 0.5853081]
Start for  10_5_1 [11/105]
Fin;generate all combinations 48048 ...time: 0.19624900817871094
Fin; energy prediction...time: 6.495647192001343
Egy stat [11.879784, 18.442186, 14.394277, 0.9025651]
Start for  10_4_2 [12/105]
Fin;generate all combinations 120120 ...time: 0.4684875011444092
Fin; energy prediction...time: 15.24016809463501
Egy stat [10.42565, 16.786228, 12.849781, 0.84691435]
Start for  10_3_3 [13/105]
Fin;generate all combinations 160160 ...time: 0.6179301738739014
Fin; energy prediction...time: 20.146899223327637
Egy stat [9.002207, 14.994539, 11.283313, 0.7903498]
Start for  10_2_4 [14/105]
Fin;generate all combinations 120120 ...time: 0.3592379093170166
Fin; energy prediction...time: 15.177432537078857
Egy stat [7.5571938, 13.203302, 9.695082, 0.7338796]
Start for  10_1_5 [15/105]
Fin;generate all combinations 48048 ...time: 0.09418630599975586
Fin; energy prediction...time: 6.748783349990845
Egy stat [6.1491966, 11.247339, 8.085143, 0.6789543]
Start for  9_6_1 [16/105]
Fin;generate all combinations 80080 ...time: 0.22737383842468262
Fin; energy prediction...time: 10.147156953811646
Egy stat [10.756765, 19.029823, 13.770147, 0.9894306]
Start for  9_5_2 [17/105]
Fin;generate all combinations 240240 ...time: 0.6559159755706787
Fin; energy prediction...time: 29.667011260986328
Egy stat [9.315662, 17.413977, 12.308549, 0.9417939]
Start for  9_4_3 [18/105]
Fin;generate all combinations 400400 ...time: 1.2256245613098145
Fin; energy prediction...time: 49.38024306297302
Egy stat [7.896841, 15.734222, 10.823961, 0.8929542]
Start for  9_3_4 [19/105]
Fin;generate all combinations 400400 ...time: 1.5627105236053467
Fin; energy prediction...time: 51.02906131744385
Egy stat [6.484972, 14.004166, 9.316754, 0.84350896]
Start for  9_2_5 [20/105]
Fin;generate all combinations 240240 ...time: 1.0205409526824951
Fin; energy prediction...time: 30.21629571914673
Egy stat [5.1980295, 12.293402, 7.7871356, 0.7942811]
Start for  9_1_6 [21/105]
Fin;generate all combinations 80080 ...time: 0.17707347869873047
Fin; energy prediction...time: 10.295700311660767
Egy stat [3.9193897, 10.495161, 6.2351756, 0.7463988]
Start for  8_7_1 [22/105]
Fin;generate all combinations 102960 ...time: 0.3250274658203125
Fin; energy prediction...time: 12.898674011230469
Egy stat [9.032011, 19.806091, 12.869642, 1.0322006]
Start for  8_6_2 [23/105]
Fin;generate all combinations 360360 ...time: 1.270387887954712
Fin; energy prediction...time: 45.402202129364014
Egy stat [7.7504444, 18.176907, 11.484225, 0.9919968]
Start for  8_5_3 [24/105]
Fin;generate all combinations 720720 ...time: 2.4184651374816895
Fin; energy prediction...time: 88.87476181983948
Egy stat [6.499428, 16.513756, 10.074806, 0.95047057]
Start for  8_4_4 [25/105]
Fin;generate all combinations 900900 ...time: 3.5580739974975586
Fin; energy prediction...time: 111.0771849155426
Egy stat [5.239541, 14.878418, 8.641981, 0.907971]
Start for  8_3_5 [26/105]
Fin;generate all combinations 720720 ...time: 4.260554552078247
Fin; energy prediction...time: 90.93285655975342
Egy stat [3.9790993, 13.139317, 7.1861515, 0.8649613]
Start for  8_2_6 [27/105]
Fin;generate all combinations 360360 ...time: 1.820408821105957
Fin; energy prediction...time: 46.24423146247864
Egy stat [2.7056608, 11.421873, 5.7075853, 0.8220648]
Start for  8_1_7 [28/105]
Fin;generate all combinations 102960 ...time: 0.22716617584228516
Fin; energy prediction...time: 13.268685817718506
Egy stat [1.4458008, 9.680962, 4.2064233, 0.7801096]
Start for  7_8_1 [29/105]
Fin;generate all combinations 102960 ...time: 0.3782501220703125
Fin; energy prediction...time: 13.160547733306885
Egy stat [8.813049, 17.322165, 11.6940365, 1.0310054]
Start for  7_7_2 [30/105]
Fin;generate all combinations 411840 ...time: 1.5651426315307617
Fin; energy prediction...time: 51.21629071235657
Egy stat [7.548527, 15.764215, 10.378868, 0.9973583]
Start for  7_6_3 [31/105]
Fin;generate all combinations 960960 ...time: 3.9317972660064697
Fin; energy prediction...time: 119.2380702495575
Egy stat [6.267372, 14.217266, 9.0385685, 0.9623427]
Start for  7_5_4 [32/105]
Fin;generate all combinations 1441440 ...time: 6.050715684890747
Fin; energy prediction...time: 179.36292219161987
Egy stat [5.0107946, 12.650642, 7.674005, 0.92615867]
Start for  7_4_5 [33/105]
Fin;generate all combinations 1441440 ...time: 8.191004037857056
Fin; energy prediction...time: 180.68913984298706
Egy stat [3.7401266, 11.097034, 6.285834, 0.889056]
Start for  7_3_6 [34/105]
Fin;generate all combinations 960960 ...time: 5.597829103469849
Fin; energy prediction...time: 119.5672378540039
Egy stat [2.4378595, 9.40592, 4.8745537, 0.85136336]
Start for  7_2_7 [35/105]
Fin;generate all combinations 411840 ...time: 0.7751724720001221
Fin; energy prediction...time: 52.59209322929382
Egy stat [1.1355686, 7.724537, 3.4405336, 0.81351805]
Start for  7_1_8 [36/105]
Fin;generate all combinations 102960 ...time: 0.2344224452972412
Fin; energy prediction...time: 13.861912250518799
Egy stat [-0.15718842, 6.031515, 1.984038, 0.7760934]
Start for  6_9_1 [37/105]
Fin;generate all combinations 80080 ...time: 0.15703511238098145
Fin; energy prediction...time: 11.190138101577759
Egy stat [7.843027, 14.379839, 10.247368, 0.98785865]
Start for  6_8_2 [38/105]
Fin;generate all combinations 360360 ...time: 1.1863737106323242
Fin; energy prediction...time: 44.599785566329956
Egy stat [6.5720406, 13.410593, 8.9977, 0.95992136]
Start for  6_7_3 [39/105]
Fin;generate all combinations 960960 ...time: 4.0543999671936035
Fin; energy prediction...time: 118.90735268592834
Egy stat [5.3479156, 11.924088, 7.7215767, 0.9305862]
Start for  6_6_4 [40/105]
Fin;generate all combinations 1681680 ...time: 8.020177364349365
Fin; energy prediction...time: 205.98714208602905
Egy stat [4.083824, 10.454214, 6.4201436, 0.89997464]
Start for  6_5_5 [41/105]
Fin;generate all combinations 2018016 ...time: 7.922802925109863
Fin; energy prediction...time: 255.11122393608093
Egy stat [2.8535957, 8.958479, 5.094352, 0.8682158]
Start for  6_4_6 [42/105]
Fin;generate all combinations 1681680 ...time: 10.327659130096436
Fin; energy prediction...time: 207.93470859527588
Egy stat [1.5731125, 7.4818134, 3.7449825, 0.83546954]
Start for  6_3_7 [43/105]
Fin;generate all combinations 960960 ...time: 5.509105205535889
Fin; energy prediction...time: 123.16569352149963
Egy stat [0.3210802, 5.8257465, 2.3726768, 0.8019455]
Start for  6_2_8 [44/105]
Fin;generate all combinations 360360 ...time: 2.1721785068511963
Fin; energy prediction...time: 46.418206214904785
Egy stat [-0.9475641, 4.1848545, 0.97795695, 0.7679252]
Start for  6_1_9 [45/105]
Fin;generate all combinations 80080 ...time: 0.22413229942321777
Fin; energy prediction...time: 11.040825843811035
Egy stat [-2.2168884, 2.5267982, -0.43873778, 0.7337789]
Start for  5_10_1 [46/105]
Fin;generate all combinations 48048 ...time: 0.10874605178833008
Fin; energy prediction...time: 6.755608797073364
Egy stat [6.46669, 11.764544, 8.533392, 0.90519553]
Start for  5_9_2 [47/105]
Fin;generate all combinations 240240 ...time: 0.8418045043945312
Fin; energy prediction...time: 30.133325815200806
Egy stat [5.281562, 10.612667, 7.3460402, 0.88242435]
Start for  5_8_3 [48/105]
Fin;generate all combinations 720720 ...time: 3.2795920372009277
Fin; energy prediction...time: 89.28936338424683
Egy stat [4.039323, 9.573757, 6.130646, 0.85820335]
Start for  5_7_4 [49/105]
Fin;generate all combinations 1441440 ...time: 7.6749267578125
Fin; energy prediction...time: 180.25508999824524
Egy stat [2.8715544, 8.132669, 4.88864, 0.83262336]
Start for  5_6_5 [50/105]
Fin;generate all combinations 2018016 ...time: 6.618052959442139
Fin; energy prediction...time: 252.44419121742249
Egy stat [1.6742315, 6.6929226, 3.6212804, 0.8057595]
Start for  5_5_6 [51/105]
Fin;generate all combinations 2018016 ...time: 7.503905534744263
Fin; energy prediction...time: 252.6281774044037
Egy stat [0.48195744, 5.2276173, 2.3296645, 0.7776855]
Start for  5_4_7 [52/105]
Fin;generate all combinations 1441440 ...time: 6.309123277664185
Fin; energy prediction...time: 177.5436191558838
Egy stat [-0.79187775, 3.7897358, 1.0147407, 0.748488]
Start for  5_3_8 [53/105]
Fin;generate all combinations 720720 ...time: 1.3077900409698486
Fin; energy prediction...time: 90.97959184646606
Egy stat [-2.0287638, 2.2594013, -0.3226677, 0.71828306]
Start for  5_2_9 [54/105]
Fin;generate all combinations 240240 ...time: 1.9057683944702148
Fin; energy prediction...time: 32.24790382385254
Egy stat [-3.2808485, 0.7325077, -1.6818343, 0.6872278]
Start for  5_1_10 [55/105]
Fin;generate all combinations 48048 ...time: 0.1450817584991455
Fin; energy prediction...time: 7.547895908355713
Egy stat [-4.5359526, -0.81758404, -3.0621, 0.6555335]
Start for  4_11_1 [56/105]
Fin;generate all combinations 21840 ...time: 0.05530834197998047
Fin; energy prediction...time: 3.8534867763519287
Egy stat [4.4609585, 9.67737, 6.5526514, 0.78425306]
Start for  4_10_2 [57/105]
Fin;generate all combinations 120120 ...time: 0.21086883544921875
Fin; energy prediction...time: 15.774672746658325
Egy stat [3.2769814, 8.476681, 5.4262857, 0.76667696]
Start for  4_9_3 [58/105]
Fin;generate all combinations 400400 ...time: 1.642488718032837
Fin; energy prediction...time: 51.17362642288208
Egy stat [2.2009602, 7.257599, 4.270006, 0.7475399]
Start for  4_8_4 [59/105]
Fin;generate all combinations 900900 ...time: 2.8468258380889893
Fin; energy prediction...time: 111.4106593132019
Egy stat [1.0614872, 6.0460815, 3.0855248, 0.7269384]
Start for  4_7_5 [60/105]
Fin;generate all combinations 1441440 ...time: 6.089821815490723
Fin; energy prediction...time: 177.75032830238342
Egy stat [-0.032437325, 4.6741476, 1.8744011, 0.70493895]
Start for  4_6_6 [61/105]
Fin;generate all combinations 1681680 ...time: 9.729905128479004
Fin; energy prediction...time: 207.9778151512146
Egy stat [-1.1736984, 3.3106022, 0.63804936, 0.6815873]
Start for  4_5_7 [62/105]
Fin;generate all combinations 1441440 ...time: 5.598898649215698
Fin; energy prediction...time: 181.2984733581543
Egy stat [-2.3199768, 1.9657602, -0.6222525, 0.65691876]
Start for  4_4_8 [63/105]
Fin;generate all combinations 900900 ...time: 4.894085168838501
Fin; energy prediction...time: 113.66729688644409
Egy stat [-3.5170212, 0.62907887, -1.905351, 0.6309684]
Start for  4_3_9 [64/105]
Fin;generate all combinations 400400 ...time: 2.711812973022461
Fin; energy prediction...time: 51.33993363380432
Egy stat [-4.7118087, -0.87119293, -3.2101963, 0.6037797]
Start for  4_2_10 [65/105]
Fin;generate all combinations 120120 ...time: 0.2891983985900879
Fin; energy prediction...time: 16.465858697891235
Egy stat [-5.933352, -2.362772, -4.5358186, 0.57541114]
Start for  4_1_11 [66/105]
Fin;generate all combinations 21840 ...time: 0.06556916236877441
Fin; energy prediction...time: 3.812371253967285
Egy stat [-7.1821537, -3.8631034, -5.8812985, 0.54594094]
Start for  3_12_1 [67/105]
Fin;generate all combinations 7280 ...time: 0.0207364559173584
Fin; energy prediction...time: 1.7446119785308838
Egy stat [2.892088, 6.245434, 4.299992, 0.6232567]
Start for  3_11_2 [68/105]
Fin;generate all combinations 43680 ...time: 0.08266973495483398
Fin; energy prediction...time: 6.359359264373779
Egy stat [1.7579527, 5.2655773, 3.2353022, 0.61178905]
Start for  3_10_3 [69/105]
Fin;generate all combinations 160160 ...time: 0.650413990020752
Fin; energy prediction...time: 20.543617725372314
Egy stat [0.5978699, 4.0857716, 2.138581, 0.59854937]
Start for  3_9_4 [70/105]
Fin;generate all combinations 400400 ...time: 1.5605342388153076
Fin; energy prediction...time: 49.79336166381836
Egy stat [-0.44979, 2.9050932, 1.011784, 0.5836637]
Start for  3_8_5 [71/105]
Fin;generate all combinations 720720 ...time: 2.9999284744262695
Fin; energy prediction...time: 89.01791477203369
Egy stat [-1.5506191, 1.7015076, -0.1432505, 0.56722224]
Start for  3_7_6 [72/105]
Fin;generate all combinations 960960 ...time: 5.227538824081421
Fin; energy prediction...time: 122.38815307617188
Egy stat [-2.6738825, 0.4424448, -1.3248019, 0.5492839]
Start for  3_6_7 [73/105]
Fin;generate all combinations 960960 ...time: 4.356030464172363
Fin; energy prediction...time: 122.20003199577332
Egy stat [-3.8172464, -0.84024525, -2.5312688, 0.5298826]
Start for  3_5_8 [74/105]
Fin;generate all combinations 720720 ...time: 4.604403257369995
Fin; energy prediction...time: 89.79926562309265
Egy stat [-4.976501, -2.1205626, -3.7611625, 0.5090319]
Start for  3_4_9 [75/105]
Fin;generate all combinations 400400 ...time: 2.035714864730835
Fin; energy prediction...time: 49.60092830657959
Egy stat [-6.1610374, -3.4477172, -5.013089, 0.48672974]
Start for  3_3_10 [76/105]
Fin;generate all combinations 160160 ...time: 0.3579893112182617
Fin; energy prediction...time: 21.057392120361328
Egy stat [-7.330802, -4.7701063, -6.285743, 0.46295974]
Start for  3_2_11 [77/105]
Fin;generate all combinations 43680 ...time: 0.10468244552612305
Fin; energy prediction...time: 6.489176511764526
Egy stat [-8.552879, -6.2631664, -7.577875, 0.437688]
Start for  3_1_12 [78/105]
Fin;generate all combinations 7280 ...time: 0.02350163459777832
Fin; energy prediction...time: 1.8760056495666504
Egy stat [-9.683329, -7.7453003, -8.888282, 0.41084942]
Start for  2_13_1 [79/105]
Fin;generate all combinations 1680 ...time: 0.006146669387817383
Fin; energy prediction...time: 1.0128238201141357
Egy stat [0.80192757, 2.6672153, 1.7629322, 0.41473675]
Start for  2_12_2 [80/105]
Fin;generate all combinations 10920 ...time: 0.023381710052490234
Fin; energy prediction...time: 2.233689308166504
Egy stat [-0.30503845, 1.8244915, 0.76265365, 0.411835]
Start for  2_11_3 [81/105]
Fin;generate all combinations 43680 ...time: 0.09023571014404297
Fin; energy prediction...time: 6.36556601524353
Egy stat [-1.3804007, 0.8670807, -0.27195102, 0.40672168]
Start for  2_10_4 [82/105]
Fin;generate all combinations 120120 ...time: 0.45370936393737793
Fin; energy prediction...time: 15.880220413208008
Egy stat [-2.5194378, -0.108270645, -1.3387321, 0.39958286]
Start for  2_9_5 [83/105]
Fin;generate all combinations 240240 ...time: 1.1731574535369873
Fin; energy prediction...time: 30.56509828567505
Egy stat [-3.5893059, -1.296937, -2.435614, 0.3905664]
Start for  2_8_6 [84/105]
Fin;generate all combinations 360360 ...time: 1.6332266330718994
Fin; energy prediction...time: 45.55555701255798
Egy stat [-4.7020726, -2.4018621, -3.5606058, 0.37978172]
Start for  2_7_7 [85/105]
Fin;generate all combinations 411840 ...time: 1.9517645835876465
Fin; energy prediction...time: 51.472026109695435
Egy stat [-5.796515, -3.6746244, -4.7118063, 0.36730218]
Start for  2_6_8 [86/105]
Fin;generate all combinations 360360 ...time: 1.9600136280059814
Fin; energy prediction...time: 45.31520915031433
Egy stat [-6.9338646, -4.886862, -5.887405, 0.3531664]
Start for  2_5_9 [87/105]
Fin;generate all combinations 240240 ...time: 0.9589910507202148
Fin; energy prediction...time: 30.598072290420532
Egy stat [-8.086296, -6.1380024, -7.0856714, 0.337378]
Start for  2_4_10 [88/105]
Fin;generate all combinations 120120 ...time: 0.6836879253387451
Fin; energy prediction...time: 16.006888389587402
Egy stat [-9.283004, -7.369486, -8.304956, 0.3199008]
Start for  2_3_11 [89/105]
Fin;generate all combinations 43680 ...time: 0.10824728012084961
Fin; energy prediction...time: 6.449093341827393
Egy stat [-10.39648, -8.678025, -9.543666, 0.3006446]
Start for  2_2_12 [90/105]
Fin;generate all combinations 10920 ...time: 0.028432369232177734
Fin; energy prediction...time: 2.423814535140991
Egy stat [-11.540784, -9.94504, -10.800261, 0.2794366]
Start for  2_1_13 [91/105]
Fin;generate all combinations 1680 ...time: 0.005392313003540039
Fin; energy prediction...time: 1.0094735622406006
Egy stat [-12.603312, -11.432764, -12.07322, 0.25596198]
Start for  1_14_1 [92/105]
Fin;generate all combinations 240 ...time: 0.0016870498657226562
Fin; energy prediction...time: 0.819749116897583
Egy stat [-1.3093891, -0.90269375, -1.0788002, 0.12226436]
Start for  1_13_2 [93/105]
Fin;generate all combinations 1680 ...time: 0.004172801971435547
Fin; energy prediction...time: 1.0056507587432861
Egy stat [-2.3196936, -1.7557659, -2.0100229, 0.14092551]
Start for  1_12_3 [94/105]
Fin;generate all combinations 7280 ...time: 0.017428874969482422
Fin; energy prediction...time: 1.755507469177246
Egy stat [-3.3800726, -2.6443782, -2.97794, 0.15333347]
Start for  1_11_4 [95/105]
Fin;generate all combinations 21840 ...time: 0.09045147895812988
Fin; energy prediction...time: 3.7341485023498535
Egy stat [-4.434922, -3.5462847, -3.9802692, 0.16115034]
Start for  1_10_5 [96/105]
Fin;generate all combinations 48048 ...time: 0.26308107376098633
Fin; energy prediction...time: 7.076649904251099
Egy stat [-5.536635, -4.4664297, -5.0147524, 0.16529703]
Start for  1_9_6 [97/105]
Fin;generate all combinations 80080 ...time: 0.37539243698120117
Fin; energy prediction...time: 10.938285827636719
Egy stat [-6.5695753, -5.396503, -6.0791793, 0.1663474]
Start for  1_8_7 [98/105]
Fin;generate all combinations 102960 ...time: 0.4051527976989746
Fin; energy prediction...time: 13.742796659469604
Egy stat [-7.63938, -6.49392, -7.1713934, 0.16467632]
Start for  1_7_8 [99/105]
Fin;generate all combinations 102960 ...time: 0.39890575408935547
Fin; energy prediction...time: 13.761373043060303
Egy stat [-8.744177, -7.7310357, -8.289295, 0.16052343]
Start for  1_6_9 [100/105]
Fin;generate all combinations 80080 ...time: 0.1664881706237793
Fin; energy prediction...time: 10.859312057495117
Egy stat [-9.885114, -8.963437, -9.430848, 0.15401812]
Start for  1_5_10 [101/105]
Fin;generate all combinations 48048 ...time: 0.10262942314147949
Fin; energy prediction...time: 7.225503444671631
Egy stat [-11.021995, -10.234332, -10.594072, 0.1451776]
Start for  1_4_11 [102/105]
Fin;generate all combinations 21840 ...time: 0.0498809814453125
Fin; energy prediction...time: 3.803804636001587
Egy stat [-12.183342, -11.440629, -11.7770405, 0.13387246]
Start for  1_3_12 [103/105]
Fin;generate all combinations 7280 ...time: 0.017660856246948242
Fin; energy prediction...time: 1.8259692192077637
Egy stat [-13.309235, -12.671585, -12.977868, 0.11972748]
Start for  1_2_13 [104/105]
Fin;generate all combinations 1680 ...time: 0.005184650421142578
Fin; energy prediction...time: 1.0698072910308838
Egy stat [-14.458242, -13.919512, -14.194702, 0.101854354]
Start for  1_1_14 [105/105]
Fin;generate all combinations 240 ...time: 0.0010919570922851562
Fin; energy prediction...time: 0.8609557151794434
Egy stat [-15.581423, -15.160541, -15.425708, 0.07793421]
Saving....
Saved to... Rb_HgPbSn_I.pkl
Total elapsed time... 5629.280031204224
