Summary of calculations
Site name (A,B,C)... Rb Hg,Pb,Zn Br
Base cif file name... ../0.cif
Save file name... Rb_HgPbZn_Br.pkl
Fin; combination with repetition...time: 0.0015790462493896484
Start for  14_1_1 [1/105]
Fin;generate all combinations 240 ...time: 0.0006203651428222656
Fin; energy prediction...time: 0.1878960132598877
Egy stat [-23.002766, -21.91629, -22.193651, 0.2550048]
Start for  13_2_1 [2/105]
Fin;generate all combinations 1680 ...time: 0.0037987232208251953
Fin; energy prediction...time: 0.3834421634674072
Egy stat [-22.157799, -20.643589, -21.200457, 0.33017078]
Start for  13_1_2 [3/105]
Fin;generate all combinations 1680 ...time: 0.0037233829498291016
Fin; energy prediction...time: 0.4177219867706299
Egy stat [-19.990993, -17.873692, -18.881758, 0.4044661]
Start for  12_3_1 [4/105]
Fin;generate all combinations 7280 ...time: 0.012986898422241211
Fin; energy prediction...time: 1.0869033336639404
Egy stat [-21.388836, -19.320663, -20.339153, 0.38362968]
Start for  12_2_2 [5/105]
Fin;generate all combinations 10920 ...time: 0.016722440719604492
Fin; energy prediction...time: 1.6222751140594482
Egy stat [-19.8454, -16.477701, -17.911367, 0.4942161]
Start for  12_1_3 [6/105]
Fin;generate all combinations 7280 ...time: 0.05257368087768555
Fin; energy prediction...time: 1.0889301300048828
Egy stat [-17.043716, -14.091114, -15.581876, 0.5270341]
Start for  11_4_1 [7/105]
Fin;generate all combinations 21840 ...time: 0.07469058036804199
Fin; energy prediction...time: 2.856222629547119
Egy stat [-20.81926, -17.953518, -19.649242, 0.4474599]
Start for  11_3_2 [8/105]
Fin;generate all combinations 43680 ...time: 0.11330509185791016
Fin; energy prediction...time: 5.6425392627716064
Egy stat [-19.07778, -15.101606, -17.0589, 0.5388799]
Start for  11_2_3 [9/105]
Fin;generate all combinations 43680 ...time: 0.137099027633667
Fin; energy prediction...time: 5.74778151512146
Egy stat [-16.848232, -12.621259, -14.651692, 0.6315766]
Start for  11_1_4 [10/105]
Fin;generate all combinations 21840 ...time: 0.039771318435668945
Fin; energy prediction...time: 3.1090662479400635
Egy stat [-14.01843, -9.928032, -12.309956, 0.6266898]
Start for  10_5_1 [11/105]
Fin;generate all combinations 48048 ...time: 0.19951510429382324
Fin; energy prediction...time: 6.261221408843994
Egy stat [-20.55962, -16.884438, -19.164413, 0.5289422]
Start for  10_4_2 [12/105]
Fin;generate all combinations 120120 ...time: 0.4485921859741211
Fin; energy prediction...time: 14.988292932510376
Egy stat [-18.405258, -13.710093, -16.361341, 0.5733768]
Start for  10_3_3 [13/105]
Fin;generate all combinations 160160 ...time: 0.5899941921234131
Fin; energy prediction...time: 19.895983695983887
Egy stat [-16.774399, -11.111214, -13.823752, 0.6774616]
Start for  10_2_4 [14/105]
Fin;generate all combinations 120120 ...time: 0.3668637275695801
Fin; energy prediction...time: 14.98903489112854
Egy stat [-13.900237, -8.289202, -11.436485, 0.74560356]
Start for  10_1_5 [15/105]
Fin;generate all combinations 48048 ...time: 0.09332609176635742
Fin; energy prediction...time: 6.514925956726074
Egy stat [-11.086946, -6.136129, -9.081955, 0.70454985]
Start for  9_6_1 [16/105]
Fin;generate all combinations 80080 ...time: 0.22739672660827637
Fin; energy prediction...time: 10.171910285949707
Egy stat [-20.586998, -15.96435, -18.910252, 0.6153948]
Start for  9_5_2 [17/105]
Fin;generate all combinations 240240 ...time: 0.659233570098877
Fin; energy prediction...time: 29.802257537841797
Egy stat [-17.87494, -12.535268, -15.849982, 0.6192005]
Start for  9_4_3 [18/105]
Fin;generate all combinations 400400 ...time: 1.2061872482299805
Fin; energy prediction...time: 49.06310534477234
Egy stat [-16.226936, -9.623016, -13.1327, 0.699536]
Start for  9_3_4 [19/105]
Fin;generate all combinations 400400 ...time: 1.8245840072631836
Fin; energy prediction...time: 49.01145648956299
Egy stat [-14.003378, -6.7659216, -10.647895, 0.79719347]
Start for  9_2_5 [20/105]
Fin;generate all combinations 240240 ...time: 0.8991670608520508
Fin; energy prediction...time: 30.12424945831299
Egy stat [-11.205048, -4.6387553, -8.28063, 0.83767235]
Start for  9_1_6 [21/105]
Fin;generate all combinations 80080 ...time: 0.16832566261291504
Fin; energy prediction...time: 10.539666414260864
Egy stat [-8.3172455, -1.9988003, -5.91314, 0.7608083]
Start for  8_7_1 [22/105]
Fin;generate all combinations 102960 ...time: 0.3301582336425781
Fin; energy prediction...time: 13.249409198760986
Egy stat [-20.992455, -15.161328, -18.90255, 0.68927085]
Start for  8_6_2 [23/105]
Fin;generate all combinations 360360 ...time: 1.2311344146728516
Fin; energy prediction...time: 45.16337013244629
Egy stat [-17.734634, -11.567657, -15.548329, 0.6792411]
Start for  8_5_3 [24/105]
Fin;generate all combinations 720720 ...time: 2.6530792713165283
Fin; energy prediction...time: 88.33320593833923
Egy stat [-15.586701, -9.368614, -12.607617, 0.72485477]
Start for  8_4_4 [25/105]
Fin;generate all combinations 900900 ...time: 3.544344186782837
Fin; energy prediction...time: 110.91961288452148
Egy stat [-14.284666, -5.1543264, -9.976674, 0.8157862]
Start for  8_3_5 [26/105]
Fin;generate all combinations 720720 ...time: 2.6435670852661133
Fin; energy prediction...time: 89.34621977806091
Egy stat [-11.2927685, -3.9122648, -7.5451903, 0.8981346]
Start for  8_2_6 [27/105]
Fin;generate all combinations 360360 ...time: 1.737928867340088
Fin; energy prediction...time: 44.49939727783203
Egy stat [-8.5515585, -0.46802807, -5.1981378, 0.908608]
Start for  8_1_7 [28/105]
Fin;generate all combinations 102960 ...time: 0.21910977363586426
Fin; energy prediction...time: 13.731534719467163
Egy stat [-5.7641935, 0.9052477, -2.817468, 0.79519135]
Start for  7_8_1 [29/105]
Fin;generate all combinations 102960 ...time: 0.38776493072509766
Fin; energy prediction...time: 13.27872610092163
Egy stat [-21.858978, -14.08247, -19.146679, 0.737899]
Start for  7_7_2 [30/105]
Fin;generate all combinations 411840 ...time: 1.7269337177276611
Fin; energy prediction...time: 52.42451238632202
Egy stat [-18.008018, -11.46326, -15.470604, 0.74295753]
Start for  7_6_3 [31/105]
Fin;generate all combinations 960960 ...time: 2.678107500076294
Fin; energy prediction...time: 116.83751845359802
Egy stat [-15.056919, -8.441097, -12.270142, 0.766555]
Start for  7_5_4 [32/105]
Fin;generate all combinations 1441440 ...time: 5.076096057891846
Fin; energy prediction...time: 175.63006138801575
Egy stat [-13.546376, -5.699826, -9.449902, 0.83116895]
Start for  7_4_5 [33/105]
Fin;generate all combinations 1441440 ...time: 7.782132625579834
Fin; energy prediction...time: 181.7364203929901
Egy stat [-11.499318, -2.3673162, -6.906171, 0.9192624]
Start for  7_3_6 [34/105]
Fin;generate all combinations 960960 ...time: 1.6213159561157227
Fin; energy prediction...time: 119.02177572250366
Egy stat [-8.565552, -0.73499393, -4.5284686, 0.9810463]
Start for  7_2_7 [35/105]
Fin;generate all combinations 411840 ...time: 0.8453590869903564
Fin; energy prediction...time: 52.561546087265015
Egy stat [-5.81065, 1.8554125, -2.2015285, 0.95910746]
Start for  7_1_8 [36/105]
Fin;generate all combinations 102960 ...time: 0.23045587539672852
Fin; energy prediction...time: 13.452853918075562
Egy stat [-2.9763942, 4.512352, 0.19298324, 0.8072403]
Start for  6_9_1 [37/105]
Fin;generate all combinations 80080 ...time: 0.3419930934906006
Fin; energy prediction...time: 10.581886529922485
Egy stat [-22.116726, -15.5353775, -19.638205, 0.75609595]
Start for  6_8_2 [38/105]
Fin;generate all combinations 360360 ...time: 1.1817693710327148
Fin; energy prediction...time: 45.24559497833252
Egy stat [-18.893143, -10.197481, -15.621343, 0.79750884]
Start for  6_7_3 [39/105]
Fin;generate all combinations 960960 ...time: 3.446074962615967
Fin; energy prediction...time: 121.8905622959137
Egy stat [-15.040802, -7.897834, -12.133203, 0.8224654]
Start for  6_6_4 [40/105]
Fin;generate all combinations 1681680 ...time: 7.737710952758789
Fin; energy prediction...time: 205.23602414131165
Egy stat [-12.974569, -5.0640903, -9.0875845, 0.8627205]
Start for  6_5_5 [41/105]
Fin;generate all combinations 2018016 ...time: 6.824357032775879
Fin; energy prediction...time: 262.231737613678
Egy stat [-11.529431, -2.474019, -6.3888774, 0.93231136]
Start for  6_4_6 [42/105]
Fin;generate all combinations 1681680 ...time: 8.590329885482788
Fin; energy prediction...time: 209.7467200756073
Egy stat [-8.756597, 0.64297676, -3.9329448, 1.0097318]
Start for  6_3_7 [43/105]
Fin;generate all combinations 960960 ...time: 4.865007638931274
Fin; energy prediction...time: 118.74461197853088
Egy stat [-5.8225965, 2.0913925, -1.6089104, 1.0471088]
Start for  6_2_8 [44/105]
Fin;generate all combinations 360360 ...time: 0.6965110301971436
Fin; energy prediction...time: 48.05577039718628
Egy stat [-3.1521506, 5.3283405, 0.6987506, 0.9900313]
Start for  6_1_9 [45/105]
Fin;generate all combinations 80080 ...time: 0.1932692527770996
Fin; energy prediction...time: 11.248724699020386
Egy stat [0.4769497, 6.623987, 3.108535, 0.7965514]
Start for  5_10_1 [46/105]
Fin;generate all combinations 48048 ...time: 0.10630202293395996
Fin; energy prediction...time: 6.776761054992676
Egy stat [-22.576292, -16.965107, -20.36478, 0.74495685]
Start for  5_9_2 [47/105]
Fin;generate all combinations 240240 ...time: 0.5969858169555664
Fin; energy prediction...time: 30.245240926742554
Egy stat [-19.075531, -11.609193, -15.996094, 0.8346698]
Start for  5_8_3 [48/105]
Fin;generate all combinations 720720 ...time: 3.022063970565796
Fin; energy prediction...time: 89.53469610214233
Egy stat [-15.785703, -6.693837, -12.20075, 0.8823708]
Start for  5_7_4 [49/105]
Fin;generate all combinations 1441440 ...time: 5.019465684890747
Fin; energy prediction...time: 179.24251461029053
Egy stat [-12.625984, -4.2501435, -8.901584, 0.91498804]
Start for  5_6_5 [50/105]
Fin;generate all combinations 2018016 ...time: 7.04718017578125
Fin; energy prediction...time: 248.5532190799713
Egy stat [-11.043156, -1.948905, -6.011916, 0.9605543]
Start for  5_5_6 [51/105]
Fin;generate all combinations 2018016 ...time: 7.945857048034668
Fin; energy prediction...time: 250.21502780914307
Egy stat [-9.028862, 0.6086273, -3.4353302, 1.026529]
Start for  5_4_7 [52/105]
Fin;generate all combinations 1441440 ...time: 6.321450471878052
Fin; energy prediction...time: 178.59567737579346
Egy stat [-6.20239, 3.5190067, -1.0669581, 1.0881736]
Start for  5_3_8 [53/105]
Fin;generate all combinations 720720 ...time: 1.4472851753234863
Fin; energy prediction...time: 94.17736458778381
Egy stat [-3.0049877, 5.511307, 1.2045335, 1.0979604]
Start for  5_2_9 [54/105]
Fin;generate all combinations 240240 ...time: 0.5566787719726562
Fin; energy prediction...time: 31.456719875335693
Egy stat [0.1473093, 7.518982, 3.4948351, 1.002657]
Start for  5_1_10 [55/105]
Fin;generate all combinations 48048 ...time: 0.5070493221282959
Fin; energy prediction...time: 6.972135305404663
Egy stat [3.9487696, 8.921175, 5.922336, 0.7629257]
Start for  4_11_1 [56/105]
Fin;generate all combinations 21840 ...time: 0.055304765701293945
Fin; energy prediction...time: 3.5040900707244873
Egy stat [-23.050478, -18.158398, -21.309147, 0.7088078]
Start for  4_10_2 [57/105]
Fin;generate all combinations 120120 ...time: 0.3683593273162842
Fin; energy prediction...time: 16.107895612716675
Egy stat [-19.527868, -12.683512, -16.58336, 0.851831]
Start for  4_9_3 [58/105]
Fin;generate all combinations 400400 ...time: 1.850137710571289
Fin; energy prediction...time: 49.80775260925293
Egy stat [-15.946981, -7.8118725, -12.468621, 0.9364651]
Start for  4_8_4 [59/105]
Fin;generate all combinations 900900 ...time: 3.470283269882202
Fin; energy prediction...time: 110.93519568443298
Egy stat [-12.866362, -2.8776035, -8.895577, 0.98114777]
Start for  4_7_5 [60/105]
Fin;generate all combinations 1441440 ...time: 7.5848708152771
Fin; energy prediction...time: 180.11527848243713
Egy stat [-10.801561, -1.1772757, -5.7863727, 1.0134276]
Start for  4_6_6 [61/105]
Fin;generate all combinations 1681680 ...time: 8.317004680633545
Fin; energy prediction...time: 210.375394821167
Egy stat [-9.369684, 1.4281654, -3.053112, 1.0570914]
Start for  4_5_7 [62/105]
Fin;generate all combinations 1441440 ...time: 8.513807535171509
Fin; energy prediction...time: 175.43231773376465
Egy stat [-6.7268734, 3.5752163, -0.5981856, 1.114032]
Start for  4_4_8 [63/105]
Fin;generate all combinations 900900 ...time: 3.901499032974243
Fin; energy prediction...time: 114.018794298172
Egy stat [-3.234949, 6.562191, 1.6841514, 1.1563579]
Start for  4_3_9 [64/105]
Fin;generate all combinations 400400 ...time: 0.7850055694580078
Fin; energy prediction...time: 50.04051494598389
Egy stat [0.16898537, 7.87327, 3.9056344, 1.1357878]
Start for  4_2_10 [65/105]
Fin;generate all combinations 120120 ...time: 0.26383304595947266
Fin; energy prediction...time: 15.736589908599854
Egy stat [3.3592749, 10.000738, 6.181861, 0.9988455]
Start for  4_1_11 [66/105]
Fin;generate all combinations 21840 ...time: 0.06538963317871094
Fin; energy prediction...time: 3.6222076416015625
Egy stat [7.0518665, 11.16217, 8.630684, 0.70631284]
Start for  3_12_1 [67/105]
Fin;generate all combinations 7280 ...time: 0.0205228328704834
Fin; energy prediction...time: 1.6466107368469238
Egy stat [-24.061642, -19.51777, -22.452795, 0.65166515]
Start for  3_11_2 [68/105]
Fin;generate all combinations 43680 ...time: 0.08208823204040527
Fin; energy prediction...time: 6.418421745300293
Egy stat [-19.858074, -13.863268, -17.367514, 0.8497169]
Start for  3_10_3 [69/105]
Fin;generate all combinations 160160 ...time: 0.6346437931060791
Fin; energy prediction...time: 20.488945960998535
Egy stat [-16.21981, -8.811457, -12.926435, 0.97891873]
Start for  3_9_4 [70/105]
Fin;generate all combinations 400400 ...time: 1.5543034076690674
Fin; energy prediction...time: 49.53244137763977
Egy stat [-12.962161, -3.9234653, -9.065917, 1.0510161]
Start for  3_8_5 [71/105]
Fin;generate all combinations 720720 ...time: 3.3064024448394775
Fin; energy prediction...time: 88.6572151184082
Egy stat [-10.591649, 0.06260109, -5.715878, 1.0873041]
Start for  3_7_6 [72/105]
Fin;generate all combinations 960960 ...time: 5.820042371749878
Fin; energy prediction...time: 119.5792326927185
Egy stat [-9.120159, 1.9185629, -2.796874, 1.1142874]
Start for  3_6_7 [73/105]
Fin;generate all combinations 960960 ...time: 3.581645965576172
Fin; energy prediction...time: 121.08138465881348
Egy stat [-7.0416865, 4.172079, -0.21926501, 1.1516166]
Start for  3_5_8 [74/105]
Fin;generate all combinations 720720 ...time: 1.3983581066131592
Fin; energy prediction...time: 90.60343647003174
Egy stat [-3.862492, 6.7206154, 2.115999, 1.196161]
Start for  3_4_9 [75/105]
Fin;generate all combinations 400400 ...time: 1.9909658432006836
Fin; energy prediction...time: 51.01575827598572
Egy stat [-0.11905861, 8.984282, 4.3155355, 1.2166867]
Start for  3_3_10 [76/105]
Fin;generate all combinations 160160 ...time: 0.32262325286865234
Fin; energy prediction...time: 20.485126972198486
Egy stat [3.2032776, 10.480911, 6.491258, 1.1633208]
Start for  3_2_11 [77/105]
Fin;generate all combinations 43680 ...time: 0.10489392280578613
Fin; energy prediction...time: 6.382934093475342
Egy stat [6.484186, 12.290516, 8.758238, 0.98105234]
Start for  3_1_12 [78/105]
Fin;generate all combinations 7280 ...time: 0.022725343704223633
Fin; energy prediction...time: 1.7345755100250244
Egy stat [10.125891, 13.535967, 11.233183, 0.62632644]
Start for  2_13_1 [79/105]
Fin;generate all combinations 1680 ...time: 0.006795406341552734
Fin; energy prediction...time: 0.9210629463195801
Egy stat [-25.138187, -21.963856, -23.779692, 0.5741273]
Start for  2_12_2 [80/105]
Fin;generate all combinations 10920 ...time: 0.02306818962097168
Fin; energy prediction...time: 2.101699113845825
Egy stat [-20.326954, -14.722626, -18.332287, 0.829226]
Start for  2_11_3 [81/105]
Fin;generate all combinations 43680 ...time: 0.16366291046142578
Fin; energy prediction...time: 6.402505874633789
Egy stat [-16.700853, -9.645944, -13.560438, 1.0071113]
Start for  2_10_4 [82/105]
Fin;generate all combinations 120120 ...time: 0.5250077247619629
Fin; energy prediction...time: 15.559238195419312
Egy stat [-13.283192, -4.728484, -9.403612, 1.116422]
Start for  2_9_5 [83/105]
Fin;generate all combinations 240240 ...time: 0.9629685878753662
Fin; energy prediction...time: 30.13239026069641
Egy stat [-10.654153, -0.5928011, -5.7975917, 1.172403]
Start for  2_8_6 [84/105]
Fin;generate all combinations 360360 ...time: 1.7593293190002441
Fin; energy prediction...time: 44.74344348907471
Egy stat [-8.927514, 3.31104, -2.6704748, 1.1972626]
Start for  2_7_7 [85/105]
Fin;generate all combinations 411840 ...time: 1.4850947856903076
Fin; energy prediction...time: 51.42427444458008
Egy stat [-7.5061283, 4.9887085, 0.05943271, 1.2161391]
Start for  2_6_8 [86/105]
Fin;generate all combinations 360360 ...time: 1.2534682750701904
Fin; energy prediction...time: 45.36881422996521
Egy stat [-4.822086, 7.5497, 2.483876, 1.2447424]
Start for  2_5_9 [87/105]
Fin;generate all combinations 240240 ...time: 0.4911057949066162
Fin; energy prediction...time: 30.701643705368042
Egy stat [-0.90569115, 9.152779, 4.7034426, 1.2750053]
Start for  2_4_10 [88/105]
Fin;generate all combinations 120120 ...time: 0.25904202461242676
Fin; energy prediction...time: 15.699249029159546
Egy stat [2.7219343, 11.7926445, 6.825452, 1.2719913]
Start for  2_3_11 [89/105]
Fin;generate all combinations 43680 ...time: 0.09802079200744629
Fin; energy prediction...time: 6.5595386028289795
Egy stat [6.270912, 12.98106, 8.96157, 1.1836244]
Start for  2_2_12 [90/105]
Fin;generate all combinations 10920 ...time: 0.028342008590698242
Fin; energy prediction...time: 2.158118963241577
Egy stat [9.443802, 14.795008, 11.225717, 0.9521079]
Start for  2_1_13 [91/105]
Fin;generate all combinations 1680 ...time: 0.006241798400878906
Fin; energy prediction...time: 0.9057326316833496
Egy stat [12.941582, 15.413422, 13.732708, 0.5206828]
Start for  1_14_1 [92/105]
Fin;generate all combinations 240 ...time: 0.002643108367919922
Fin; energy prediction...time: 0.7196643352508545
Egy stat [-26.407251, -24.269024, -25.27926, 0.4706628]
Start for  1_13_2 [93/105]
Fin;generate all combinations 1680 ...time: 0.0037887096405029297
Fin; energy prediction...time: 0.8712172508239746
Egy stat [-20.932846, -17.042656, -19.464249, 0.7887381]
Start for  1_12_3 [94/105]
Fin;generate all combinations 7280 ...time: 0.01674175262451172
Fin; energy prediction...time: 1.6121528148651123
Egy stat [-17.245949, -10.262531, -14.356793, 1.0191779]
Start for  1_11_4 [95/105]
Fin;generate all combinations 21840 ...time: 0.04787135124206543
Fin; energy prediction...time: 3.4939098358154297
Egy stat [-13.751947, -5.7299886, -9.896964, 1.1720412]
Start for  1_10_5 [96/105]
Fin;generate all combinations 48048 ...time: 0.2571449279785156
Fin; energy prediction...time: 6.6409525871276855
Egy stat [-10.637968, -1.3972473, -6.0240703, 1.2591143]
Start for  1_9_6 [97/105]
Fin;generate all combinations 80080 ...time: 0.3646259307861328
Fin; energy prediction...time: 10.619781494140625
Egy stat [-8.758862, 2.3531847, -2.6720715, 1.297173]
Start for  1_8_7 [98/105]
Fin;generate all combinations 102960 ...time: 0.3877902030944824
Fin; energy prediction...time: 13.503958463668823
Egy stat [-7.5185747, 6.2339554, 0.23357444, 1.3091534]
Start for  1_7_8 [99/105]
Fin;generate all combinations 102960 ...time: 0.3929150104522705
Fin; energy prediction...time: 13.538161277770996
Egy stat [-5.545749, 8.063084, 2.7773273, 1.3188719]
Start for  1_6_9 [100/105]
Fin;generate all combinations 80080 ...time: 0.16941356658935547
Fin; energy prediction...time: 10.559828519821167
Egy stat [-1.7912025, 9.974367, 5.053257, 1.3379631]
Start for  1_5_10 [101/105]
Fin;generate all combinations 48048 ...time: 0.10351705551147461
Fin; energy prediction...time: 6.715099573135376
Egy stat [1.9772091, 11.851984, 7.1633997, 1.3530712]
Start for  1_4_11 [102/105]
Fin;generate all combinations 21840 ...time: 0.16239142417907715
Fin; energy prediction...time: 3.4302332401275635
Egy stat [5.4785995, 14.413733, 9.215387, 1.3251668]
Start for  1_3_12 [103/105]
Fin;generate all combinations 7280 ...time: 0.017533540725708008
Fin; energy prediction...time: 1.6692125797271729
Egy stat [8.912495, 15.532066, 11.320002, 1.1996514]
Start for  1_2_13 [104/105]
Fin;generate all combinations 1680 ...time: 0.0050928592681884766
Fin; energy prediction...time: 0.8993198871612549
Egy stat [12.1835785, 16.649529, 13.589216, 0.91470975]
Start for  1_1_14 [105/105]
Fin;generate all combinations 240 ...time: 0.0011036396026611328
Fin; energy prediction...time: 0.7055373191833496
Egy stat [15.649208, 17.56956, 16.135128, 0.37951133]
Saving....
Saved to... Rb_HgPbZn_Br.pkl
Total elapsed time... 5585.800009489059
