Summary of calculations
Site name (A,B,C)... Rb Hg,Pb,Zn I
Base cif file name... ../0.cif
Save file name... Rb_HgPbZn_I.pkl
Fin; combination with repetition...time: 0.0015473365783691406
Start for  14_1_1 [1/105]
Fin;generate all combinations 240 ...time: 0.0006213188171386719
Fin; energy prediction...time: 0.20874452590942383
Egy stat [20.083452, 20.8653, 20.511192, 0.22366375]
Start for  13_2_1 [2/105]
Fin;generate all combinations 1680 ...time: 0.003545999526977539
Fin; energy prediction...time: 0.4246501922607422
Egy stat [20.222181, 21.931866, 20.941833, 0.39342293]
Start for  13_1_2 [3/105]
Fin;generate all combinations 1680 ...time: 0.0037207603454589844
Fin; energy prediction...time: 0.4246714115142822
Egy stat [24.387062, 25.818966, 25.127953, 0.29867938]
Start for  12_3_1 [4/105]
Fin;generate all combinations 7280 ...time: 0.01210474967956543
Fin; energy prediction...time: 1.135453701019287
Egy stat [19.772, 22.831924, 21.205675, 0.5639787]
Start for  12_2_2 [5/105]
Fin;generate all combinations 10920 ...time: 0.017063379287719727
Fin; energy prediction...time: 1.5955588817596436
Egy stat [24.40385, 27.105625, 25.59074, 0.46293172]
Start for  12_1_3 [6/105]
Fin;generate all combinations 7280 ...time: 0.05312681198120117
Fin; energy prediction...time: 1.1898536682128906
Egy stat [28.595837, 30.635605, 29.734934, 0.35672697]
Start for  11_4_1 [7/105]
Fin;generate all combinations 21840 ...time: 0.07448220252990723
Fin; energy prediction...time: 3.0148978233337402
Egy stat [19.18881, 23.889786, 21.263136, 0.72322446]
Start for  11_3_2 [8/105]
Fin;generate all combinations 43680 ...time: 0.12462210655212402
Fin; energy prediction...time: 5.711220979690552
Egy stat [24.009415, 28.147781, 25.874018, 0.6202059]
Start for  11_2_3 [9/105]
Fin;generate all combinations 43680 ...time: 0.15009260177612305
Fin; energy prediction...time: 5.76223349571228
Egy stat [28.561, 32.087605, 30.224571, 0.521177]
Start for  11_1_4 [10/105]
Fin;generate all combinations 21840 ...time: 0.04007434844970703
Fin; energy prediction...time: 3.087864398956299
Egy stat [32.830437, 35.525757, 34.335495, 0.40316585]
Start for  10_5_1 [11/105]
Fin;generate all combinations 48048 ...time: 0.1725780963897705
Fin; energy prediction...time: 6.331424951553345
Egy stat [18.402464, 24.388824, 21.085918, 0.8589316]
Start for  10_4_2 [12/105]
Fin;generate all combinations 120120 ...time: 0.4642059803009033
Fin; energy prediction...time: 14.882558107376099
Egy stat [23.450615, 29.432858, 25.94185, 0.763457]
Start for  10_3_3 [13/105]
Fin;generate all combinations 160160 ...time: 0.5839042663574219
Fin; energy prediction...time: 19.72276282310486
Egy stat [28.35157, 33.344826, 30.521318, 0.6697263]
Start for  10_2_4 [14/105]
Fin;generate all combinations 120120 ...time: 0.36313533782958984
Fin; energy prediction...time: 15.03099012374878
Egy stat [32.67609, 37.13664, 34.847736, 0.56963825]
Start for  10_1_5 [15/105]
Fin;generate all combinations 48048 ...time: 0.09528374671936035
Fin; energy prediction...time: 6.238400936126709
Egy stat [37.089428, 40.187435, 38.934124, 0.44047606]
Start for  9_6_1 [16/105]
Fin;generate all combinations 80080 ...time: 0.22795629501342773
Fin; energy prediction...time: 10.157256126403809
Egy stat [17.54945, 25.134148, 20.656519, 0.9619555]
Start for  9_5_2 [17/105]
Fin;generate all combinations 240240 ...time: 0.6769766807556152
Fin; energy prediction...time: 29.693283796310425
Egy stat [22.454502, 29.850613, 25.770187, 0.88291407]
Start for  9_4_3 [18/105]
Fin;generate all combinations 400400 ...time: 1.192157506942749
Fin; energy prediction...time: 48.80203652381897
Egy stat [27.712917, 34.841118, 30.593021, 0.80020446]
Start for  9_3_4 [19/105]
Fin;generate all combinations 400400 ...time: 1.7728972434997559
Fin; energy prediction...time: 48.780277252197266
Egy stat [32.581074, 38.6042, 35.153114, 0.71197265]
Start for  9_2_5 [20/105]
Fin;generate all combinations 240240 ...time: 0.9197945594787598
Fin; energy prediction...time: 29.968383312225342
Egy stat [36.831814, 42.01323, 39.465733, 0.60936195]
Start for  9_1_6 [21/105]
Fin;generate all combinations 80080 ...time: 0.532996654510498
Fin; energy prediction...time: 10.17681097984314
Egy stat [41.560116, 44.9898, 43.53671, 0.4701263]
Start for  8_7_1 [22/105]
Fin;generate all combinations 102960 ...time: 0.43973588943481445
Fin; energy prediction...time: 12.699707508087158
Egy stat [16.094091, 25.660389, 19.966776, 1.0273422]
Start for  8_6_2 [23/105]
Fin;generate all combinations 360360 ...time: 1.3012175559997559
Fin; energy prediction...time: 44.023845911026
Egy stat [21.322289, 30.411633, 25.345915, 0.97131974]
Start for  8_5_3 [24/105]
Fin;generate all combinations 720720 ...time: 2.5342915058135986
Fin; energy prediction...time: 87.52929902076721
Egy stat [26.91769, 35.291145, 30.419888, 0.90577954]
Start for  8_4_4 [25/105]
Fin;generate all combinations 900900 ...time: 3.617154836654663
Fin; energy prediction...time: 109.47339367866516
Egy stat [31.928738, 40.305847, 35.223362, 0.83192265]
Start for  8_3_5 [26/105]
Fin;generate all combinations 720720 ...time: 4.071731805801392
Fin; energy prediction...time: 87.57612180709839
Egy stat [36.674957, 43.387203, 39.77595, 0.7467544]
Start for  8_2_6 [27/105]
Fin;generate all combinations 360360 ...time: 1.826420545578003
Fin; energy prediction...time: 44.88402700424194
Egy stat [40.987465, 46.998837, 44.085377, 0.6410312]
Start for  8_1_7 [28/105]
Fin;generate all combinations 102960 ...time: 0.23229646682739258
Fin; energy prediction...time: 13.232204675674438
Egy stat [46.05722, 49.651226, 48.1507, 0.49295044]
Start for  7_8_1 [29/105]
Fin;generate all combinations 102960 ...time: 0.46440958976745605
Fin; energy prediction...time: 12.804245471954346
Egy stat [15.605209, 25.952267, 19.015806, 1.0540403]
Start for  7_7_2 [30/105]
Fin;generate all combinations 411840 ...time: 1.5666799545288086
Fin; energy prediction...time: 50.744243144989014
Egy stat [20.874035, 30.36824, 24.665092, 1.0255092]
Start for  7_6_3 [31/105]
Fin;generate all combinations 960960 ...time: 3.4258570671081543
Fin; energy prediction...time: 117.47282242774963
Egy stat [26.156212, 35.076393, 29.993107, 0.9814802]
Start for  7_5_4 [32/105]
Fin;generate all combinations 1441440 ...time: 5.486654281616211
Fin; energy prediction...time: 175.435222864151
Egy stat [31.583351, 39.9573, 35.042923, 0.9254516]
Start for  7_4_5 [33/105]
Fin;generate all combinations 1441440 ...time: 8.516993045806885
Fin; energy prediction...time: 177.3968698978424
Egy stat [36.58605, 44.770557, 39.840546, 0.8575342]
Start for  7_3_6 [34/105]
Fin;generate all combinations 960960 ...time: 4.212652206420898
Fin; energy prediction...time: 119.34390044212341
Egy stat [40.931602, 48.381397, 44.397682, 0.7738298]
Start for  7_2_7 [35/105]
Fin;generate all combinations 411840 ...time: 0.7351081371307373
Fin; energy prediction...time: 51.707255601882935
Egy stat [45.58267, 51.866627, 48.714943, 0.664836]
Start for  7_1_8 [36/105]
Fin;generate all combinations 102960 ...time: 0.2515373229980469
Fin; energy prediction...time: 14.010944366455078
Egy stat [50.708935, 54.426743, 52.785122, 0.5091084]
Start for  6_9_1 [37/105]
Fin;generate all combinations 80080 ...time: 0.16233444213867188
Fin; energy prediction...time: 10.502517938613892
Egy stat [14.795313, 22.999866, 17.807396, 1.0439804]
Start for  6_8_2 [38/105]
Fin;generate all combinations 360360 ...time: 1.2021675109863281
Fin; energy prediction...time: 44.23210644721985
Egy stat [20.163708, 30.471855, 23.730637, 1.0463347]
Start for  6_7_3 [39/105]
Fin;generate all combinations 960960 ...time: 4.460071563720703
Fin; energy prediction...time: 116.93500185012817
Egy stat [25.453571, 35.09668, 29.312807, 1.0262147]
Start for  6_6_4 [40/105]
Fin;generate all combinations 1681680 ...time: 5.813299894332886
Fin; energy prediction...time: 207.82928800582886
Egy stat [30.872513, 40.041847, 34.60716, 0.98992836]
Start for  6_5_5 [41/105]
Fin;generate all combinations 2018016 ...time: 9.284010648727417
Fin; energy prediction...time: 241.2464370727539
Egy stat [35.782467, 44.651436, 39.648037, 0.94016665]
Start for  6_4_6 [42/105]
Fin;generate all combinations 1681680 ...time: 9.847508430480957
Fin; energy prediction...time: 204.04419994354248
Egy stat [40.77058, 49.332165, 44.45337, 0.8759143]
Start for  6_3_7 [43/105]
Fin;generate all combinations 960960 ...time: 4.475805997848511
Fin; energy prediction...time: 119.60240244865417
Egy stat [45.203403, 52.99147, 49.027443, 0.7925216]
Start for  6_2_8 [44/105]
Fin;generate all combinations 360360 ...time: 2.0955281257629395
Fin; energy prediction...time: 46.73520517349243
Egy stat [50.18752, 56.814095, 53.36421, 0.6802288]
Start for  6_1_9 [45/105]
Fin;generate all combinations 80080 ...time: 0.20108652114868164
Fin; energy prediction...time: 10.770618677139282
Egy stat [55.537567, 59.12912, 57.45047, 0.5178858]
Start for  5_10_1 [46/105]
Fin;generate all combinations 48048 ...time: 0.28560829162597656
Fin; energy prediction...time: 6.850402116775513
Egy stat [13.801701, 20.464863, 16.347115, 1.0008563]
Start for  5_9_2 [47/105]
Fin;generate all combinations 240240 ...time: 0.886803150177002
Fin; energy prediction...time: 30.200119018554688
Egy stat [19.121561, 27.577194, 22.549595, 1.037938]
Start for  5_8_3 [48/105]
Fin;generate all combinations 720720 ...time: 2.744865655899048
Fin; energy prediction...time: 88.44325470924377
Egy stat [24.545582, 34.962227, 28.385511, 1.0429734]
Start for  5_7_4 [49/105]
Fin;generate all combinations 1441440 ...time: 5.052235841751099
Fin; energy prediction...time: 172.74830555915833
Egy stat [29.981972, 39.61622, 33.920113, 1.0264188]
Start for  5_6_5 [50/105]
Fin;generate all combinations 2018016 ...time: 8.922629117965698
Fin; energy prediction...time: 242.8161027431488
Egy stat [35.05266, 44.819286, 39.197956, 0.9942682]
Start for  5_5_6 [51/105]
Fin;generate all combinations 2018016 ...time: 7.791731834411621
Fin; energy prediction...time: 245.60364770889282
Egy stat [39.963448, 49.36443, 44.24515, 0.9479498]
Start for  5_4_7 [52/105]
Fin;generate all combinations 1441440 ...time: 7.2414350509643555
Fin; energy prediction...time: 181.0499882698059
Egy stat [44.73191, 53.58544, 49.071934, 0.88541]
Start for  5_3_8 [53/105]
Fin;generate all combinations 720720 ...time: 1.4153780937194824
Fin; energy prediction...time: 91.00219798088074
Egy stat [49.554527, 57.193863, 53.675724, 0.8013161]
Start for  5_2_9 [54/105]
Fin;generate all combinations 240240 ...time: 0.5487630367279053
Fin; energy prediction...time: 30.577532529830933
Egy stat [55.147293, 61.361397, 58.044228, 0.68560976]
Start for  5_1_10 [55/105]
Fin;generate all combinations 48048 ...time: 0.1480271816253662
Fin; energy prediction...time: 7.083089828491211
Egy stat [60.44742, 63.91488, 62.158398, 0.5174437]
Start for  4_11_1 [56/105]
Fin;generate all combinations 21840 ...time: 0.05420231819152832
Fin; energy prediction...time: 3.677598476409912
Egy stat [12.294672, 18.368294, 14.63936, 0.9286337]
Start for  4_10_2 [57/105]
Fin;generate all combinations 120120 ...time: 0.38385796546936035
Fin; energy prediction...time: 15.658856630325317
Egy stat [17.997839, 25.49876, 21.13028, 1.006709]
Start for  4_9_3 [58/105]
Fin;generate all combinations 400400 ...time: 1.3891847133636475
Fin; energy prediction...time: 49.795511960983276
Egy stat [23.482426, 32.324303, 27.221426, 1.0383208]
Start for  4_8_4 [59/105]
Fin;generate all combinations 900900 ...time: 3.476026773452759
Fin; energy prediction...time: 110.92078518867493
Egy stat [28.81913, 39.48083, 32.991802, 1.0401169]
Start for  4_7_5 [60/105]
Fin;generate all combinations 1441440 ...time: 6.131474733352661
Fin; energy prediction...time: 174.08518171310425
Egy stat [34.566887, 44.15589, 38.498043, 1.0230463]
Start for  4_6_6 [61/105]
Fin;generate all combinations 1681680 ...time: 5.702265024185181
Fin; energy prediction...time: 203.46723628044128
Egy stat [39.29349, 49.63588, 43.77643, 0.9916569]
Start for  4_5_7 [62/105]
Fin;generate all combinations 1441440 ...time: 8.236344575881958
Fin; energy prediction...time: 176.98320889472961
Egy stat [44.189903, 53.606125, 48.845203, 0.9460781]
Start for  4_4_8 [63/105]
Fin;generate all combinations 900900 ...time: 4.799493074417114
Fin; energy prediction...time: 114.64247298240662
Egy stat [48.751724, 58.058, 53.7075, 0.8833257]
Start for  4_3_9 [64/105]
Fin;generate all combinations 400400 ...time: 0.8372211456298828
Fin; energy prediction...time: 50.01628613471985
Egy stat [54.658592, 61.85663, 58.35425, 0.79740685]
Start for  4_2_10 [65/105]
Fin;generate all combinations 120120 ...time: 0.2738800048828125
Fin; energy prediction...time: 15.733955144882202
Egy stat [60.11561, 65.97963, 62.767124, 0.6779398]
Start for  4_1_11 [66/105]
Fin;generate all combinations 21840 ...time: 0.061626434326171875
Fin; energy prediction...time: 3.531691789627075
Egy stat [65.55528, 68.58377, 66.92138, 0.50453234]
Start for  3_12_1 [67/105]
Fin;generate all combinations 7280 ...time: 0.0203402042388916
Fin; energy prediction...time: 1.7290854454040527
Egy stat [10.417158, 16.317312, 12.68451, 0.8296904]
Start for  3_11_2 [68/105]
Fin;generate all combinations 43680 ...time: 0.1442275047302246
Fin; energy prediction...time: 6.353109121322632
Egy stat [16.852413, 23.410126, 19.47935, 0.95986456]
Start for  3_10_3 [69/105]
Fin;generate all combinations 160160 ...time: 0.6430666446685791
Fin; energy prediction...time: 20.4000027179718
Egy stat [22.387844, 30.18834, 25.831524, 1.0214318]
Start for  3_9_4 [70/105]
Fin;generate all combinations 400400 ...time: 1.53153395652771
Fin; energy prediction...time: 49.69743585586548
Egy stat [27.785694, 37.029404, 31.835346, 1.0399853]
Start for  3_8_5 [71/105]
Fin;generate all combinations 720720 ...time: 3.5016186237335205
Fin; energy prediction...time: 87.79924464225769
Egy stat [33.21575, 43.67328, 37.561584, 1.033896]
Start for  3_7_6 [72/105]
Fin;generate all combinations 960960 ...time: 5.530963182449341
Fin; energy prediction...time: 116.93149971961975
Egy stat [38.61566, 48.297935, 43.058525, 1.0123411]
Start for  3_6_7 [73/105]
Fin;generate all combinations 960960 ...time: 3.9806478023529053
Fin; energy prediction...time: 117.11923789978027
Egy stat [43.461483, 53.56124, 48.35442, 0.97819775]
Start for  3_5_8 [74/105]
Fin;generate all combinations 720720 ...time: 3.8445539474487305
Fin; energy prediction...time: 88.96668863296509
Egy stat [48.23107, 57.619476, 53.460255, 0.9304534]
Start for  3_4_9 [75/105]
Fin;generate all combinations 400400 ...time: 2.494436502456665
Fin; energy prediction...time: 51.47415828704834
Egy stat [54.091995, 62.43273, 58.372387, 0.8652953]
Start for  3_3_10 [76/105]
Fin;generate all combinations 160160 ...time: 0.34737443923950195
Fin; energy prediction...time: 20.364790678024292
Egy stat [59.848694, 66.31955, 63.07558, 0.7760838]
Start for  3_2_11 [77/105]
Fin;generate all combinations 43680 ...time: 0.11020946502685547
Fin; energy prediction...time: 6.382092237472534
Egy stat [65.49093, 70.43461, 67.54564, 0.65215826]
Start for  3_1_12 [78/105]
Fin;generate all combinations 7280 ...time: 0.023174524307250977
Fin; energy prediction...time: 1.8225758075714111
Egy stat [70.7109, 73.33119, 71.752144, 0.4740067]
Start for  2_13_1 [79/105]
Fin;generate all combinations 1680 ...time: 0.006427764892578125
Fin; energy prediction...time: 0.9859871864318848
Egy stat [8.791321, 12.653154, 10.476579, 0.7025309]
Start for  2_12_2 [80/105]
Fin;generate all combinations 10920 ...time: 0.02326488494873047
Fin; energy prediction...time: 2.1407909393310547
Egy stat [15.330921, 21.76073, 17.598976, 0.90349066]
Start for  2_11_3 [81/105]
Fin;generate all combinations 43680 ...time: 0.15860390663146973
Fin; energy prediction...time: 6.1140053272247314
Egy stat [21.34548, 28.364231, 24.224669, 1.0023891]
Start for  2_10_4 [82/105]
Fin;generate all combinations 120120 ...time: 0.5866830348968506
Fin; energy prediction...time: 15.452571153640747
Egy stat [26.663692, 34.951523, 30.464344, 1.0376588]
Start for  2_9_5 [83/105]
Fin;generate all combinations 240240 ...time: 1.0072462558746338
Fin; energy prediction...time: 30.263067960739136
Egy stat [32.370132, 41.31703, 36.404594, 1.0380836]
Start for  2_8_6 [84/105]
Fin;generate all combinations 360360 ...time: 1.1342377662658691
Fin; energy prediction...time: 44.38881301879883
Egy stat [37.50302, 47.95927, 42.107872, 1.0196147]
Start for  2_7_7 [85/105]
Fin;generate all combinations 411840 ...time: 1.4956448078155518
Fin; energy prediction...time: 51.23411774635315
Egy stat [42.436676, 52.447006, 47.61438, 0.989151]
Start for  2_6_8 [86/105]
Fin;generate all combinations 360360 ...time: 1.3084073066711426
Fin; energy prediction...time: 45.0805926322937
Egy stat [47.535686, 57.49901, 52.944828, 0.9481539]
Start for  2_5_9 [87/105]
Fin;generate all combinations 240240 ...time: 0.4963526725769043
Fin; energy prediction...time: 32.01162123680115
Egy stat [53.705116, 62.00598, 58.10325, 0.89471066]
Start for  2_4_10 [88/105]
Fin;generate all combinations 120120 ...time: 0.2637205123901367
Fin; energy prediction...time: 16.78950047492981
Egy stat [59.41317, 67.12161, 63.079647, 0.8242814]
Start for  2_3_11 [89/105]
Fin;generate all combinations 43680 ...time: 0.11570405960083008
Fin; energy prediction...time: 6.324710130691528
Egy stat [65.27429, 70.92162, 67.85277, 0.72961277]
Start for  2_2_12 [90/105]
Fin;generate all combinations 10920 ...time: 0.028088808059692383
Fin; energy prediction...time: 2.3708817958831787
Egy stat [70.80951, 74.95637, 72.39265, 0.59990543]
Start for  2_1_13 [91/105]
Fin;generate all combinations 1680 ...time: 0.005059003829956055
Fin; energy prediction...time: 1.022702932357788
Egy stat [75.91807, 77.85766, 76.663124, 0.41739136]
Start for  1_14_1 [92/105]
Fin;generate all combinations 240 ...time: 0.0016295909881591797
Fin; energy prediction...time: 0.8336143493652344
Egy stat [6.659252, 9.194738, 8.001726, 0.53871375]
Start for  1_13_2 [93/105]
Fin;generate all combinations 1680 ...time: 0.0037119388580322266
Fin; energy prediction...time: 1.0349071025848389
Egy stat [13.853365, 18.20343, 15.484554, 0.84025544]
Start for  1_12_3 [94/105]
Fin;generate all combinations 7280 ...time: 0.016802310943603516
Fin; energy prediction...time: 1.7975025177001953
Egy stat [19.734985, 26.90646, 22.404917, 0.98943967]
Start for  1_11_4 [95/105]
Fin;generate all combinations 21840 ...time: 0.10411953926086426
Fin; energy prediction...time: 3.4306702613830566
Egy stat [25.497147, 33.172485, 28.88982, 1.04511]
Start for  1_10_5 [96/105]
Fin;generate all combinations 48048 ...time: 0.24504804611206055
Fin; energy prediction...time: 6.978417158126831
Egy stat [31.470303, 39.19994, 35.04309, 1.0493143]
Start for  1_9_6 [97/105]
Fin;generate all combinations 80080 ...time: 0.4229123592376709
Fin; energy prediction...time: 10.784504890441895
Egy stat [36.962326, 45.49784, 40.94325, 1.0270386]
Start for  1_8_7 [98/105]
Fin;generate all combinations 102960 ...time: 0.37379908561706543
Fin; energy prediction...time: 13.445033311843872
Egy stat [41.68755, 52.189327, 46.644497, 0.99089974]
Start for  1_7_8 [99/105]
Fin;generate all combinations 102960 ...time: 0.47571325302124023
Fin; energy prediction...time: 13.397366046905518
Egy stat [46.71256, 56.45929, 52.179306, 0.9459185]
Start for  1_6_9 [100/105]
Fin;generate all combinations 80080 ...time: 0.3738431930541992
Fin; energy prediction...time: 10.562586784362793
Egy stat [53.229496, 61.295036, 57.561234, 0.89262086]
Start for  1_5_10 [101/105]
Fin;generate all combinations 48048 ...time: 0.2249770164489746
Fin; energy prediction...time: 6.950281143188477
Egy stat [59.231697, 66.299095, 62.787693, 0.82848305]
Start for  1_4_11 [102/105]
Fin;generate all combinations 21840 ...time: 0.048490285873413086
Fin; energy prediction...time: 3.617934465408325
Egy stat [65.067314, 71.59606, 67.842606, 0.7483383]
Start for  1_3_12 [103/105]
Fin;generate all combinations 7280 ...time: 0.017913103103637695
Fin; energy prediction...time: 1.7907583713531494
Egy stat [70.84576, 75.58926, 72.698814, 0.6442966]
Start for  1_2_13 [104/105]
Fin;generate all combinations 1680 ...time: 0.004416704177856445
Fin; energy prediction...time: 0.9602715969085693
Egy stat [76.27059, 78.87599, 77.32053, 0.50542605]
Start for  1_1_14 [105/105]
Fin;generate all combinations 240 ...time: 0.0012063980102539062
Fin; energy prediction...time: 0.8248908519744873
Egy stat [81.184105, 82.69543, 81.66578, 0.31662336]
Saving....
Saved to... Rb_HgPbZn_I.pkl
Total elapsed time... 5519.8822956085205
