Summary of calculations
Site name (A,B,C)... Rb Hg,Sn,Zn Br
Base cif file name... ../0.cif
Save file name... Rb_HgSnZn_Br.pkl
Fin; combination with repetition...time: 0.0015048980712890625
Start for  14_1_1 [1/105]
Fin;generate all combinations 240 ...time: 0.0006117820739746094
Fin; energy prediction...time: 0.21343564987182617
Egy stat [-25.108175, -24.466549, -24.686735, 0.14462565]
Start for  13_2_1 [2/105]
Fin;generate all combinations 1680 ...time: 0.003521442413330078
Fin; energy prediction...time: 0.41840410232543945
Egy stat [-26.396976, -24.737017, -25.855995, 0.3014968]
Start for  13_1_2 [3/105]
Fin;generate all combinations 1680 ...time: 0.0038559436798095703
Fin; energy prediction...time: 0.393657922744751
Egy stat [-21.98349, -20.47557, -21.361956, 0.27263606]
Start for  12_3_1 [4/105]
Fin;generate all combinations 7280 ...time: 0.013925552368164062
Fin; energy prediction...time: 1.0770578384399414
Egy stat [-27.521849, -25.774994, -26.84011, 0.3354485]
Start for  12_2_2 [5/105]
Fin;generate all combinations 10920 ...time: 0.017396211624145508
Fin; energy prediction...time: 1.506197214126587
Egy stat [-23.562374, -20.63171, -22.531254, 0.40458366]
Start for  12_1_3 [6/105]
Fin;generate all combinations 7280 ...time: 0.06461977958679199
Fin; energy prediction...time: 1.1092896461486816
Egy stat [-18.960186, -16.746233, -18.042282, 0.3809193]
Start for  11_4_1 [7/105]
Fin;generate all combinations 21840 ...time: 0.08827447891235352
Fin; energy prediction...time: 3.0498480796813965
Egy stat [-28.436487, -25.913237, -27.699371, 0.31041765]
Start for  11_3_2 [8/105]
Fin;generate all combinations 43680 ...time: 0.12754464149475098
Fin; energy prediction...time: 5.742626428604126
Egy stat [-24.707647, -21.66011, -23.495932, 0.43823984]
Start for  11_2_3 [9/105]
Fin;generate all combinations 43680 ...time: 0.17179083824157715
Fin; energy prediction...time: 5.597748756408691
Egy stat [-20.498497, -16.890015, -19.22304, 0.50851554]
Start for  11_1_4 [10/105]
Fin;generate all combinations 21840 ...time: 0.04056358337402344
Fin; energy prediction...time: 3.1346499919891357
Egy stat [-15.839914, -12.617103, -14.743163, 0.4701855]
Start for  10_5_1 [11/105]
Fin;generate all combinations 48048 ...time: 0.18351435661315918
Fin; energy prediction...time: 6.198042392730713
Egy stat [-29.426498, -26.754263, -28.494904, 0.31066987]
Start for  10_4_2 [12/105]
Fin;generate all combinations 120120 ...time: 0.47126221656799316
Fin; energy prediction...time: 14.861113548278809
Egy stat [-25.608341, -21.689335, -24.317915, 0.41163048]
Start for  10_3_3 [13/105]
Fin;generate all combinations 160160 ...time: 0.3878052234649658
Fin; energy prediction...time: 19.891212940216064
Egy stat [-21.975504, -17.79611, -20.179068, 0.54603463]
Start for  10_2_4 [14/105]
Fin;generate all combinations 120120 ...time: 0.59859299659729
Fin; energy prediction...time: 14.855751037597656
Egy stat [-17.588108, -12.753339, -15.945623, 0.6020528]
Start for  10_1_5 [15/105]
Fin;generate all combinations 48048 ...time: 0.09652137756347656
Fin; energy prediction...time: 6.169471263885498
Egy stat [-12.944563, -8.847842, -11.480276, 0.54081583]
Start for  9_6_1 [16/105]
Fin;generate all combinations 80080 ...time: 0.25513434410095215
Fin; energy prediction...time: 10.20939302444458
Egy stat [-30.744259, -26.656572, -29.284624, 0.38585407]
Start for  9_5_2 [17/105]
Fin;generate all combinations 240240 ...time: 0.8106827735900879
Fin; energy prediction...time: 29.506710529327393
Egy stat [-26.307728, -22.419193, -25.059427, 0.39667574]
Start for  9_4_3 [18/105]
Fin;generate all combinations 400400 ...time: 1.2820870876312256
Fin; energy prediction...time: 49.523043394088745
Egy stat [-22.84444, -17.774824, -20.974096, 0.52121544]
Start for  9_3_4 [19/105]
Fin;generate all combinations 400400 ...time: 1.157067060470581
Fin; energy prediction...time: 50.5951030254364
Egy stat [-19.016968, -13.522465, -16.902777, 0.6463954]
Start for  9_2_5 [20/105]
Fin;generate all combinations 240240 ...time: 0.4152963161468506
Fin; energy prediction...time: 29.878883600234985
Egy stat [-14.733485, -8.942399, -12.71353, 0.68175393]
Start for  9_1_6 [21/105]
Fin;generate all combinations 80080 ...time: 0.5038461685180664
Fin; energy prediction...time: 10.279869079589844
Egy stat [-10.155179, -4.7205, -8.268854, 0.59273547]
Start for  8_7_1 [22/105]
Fin;generate all combinations 102960 ...time: 0.4550473690032959
Fin; energy prediction...time: 12.824394702911377
Egy stat [-31.4248, -27.09903, -30.118916, 0.49407774]
Start for  8_6_2 [23/105]
Fin;generate all combinations 360360 ...time: 1.352612018585205
Fin; energy prediction...time: 43.99942421913147
Egy stat [-27.785942, -22.285835, -25.778954, 0.44852087]
Start for  8_5_3 [24/105]
Fin;generate all combinations 720720 ...time: 2.412299156188965
Fin; energy prediction...time: 87.87064981460571
Egy stat [-23.529587, -18.954151, -21.671543, 0.49731737]
Start for  8_4_4 [25/105]
Fin;generate all combinations 900900 ...time: 3.4178712368011475
Fin; energy prediction...time: 111.75285220146179
Egy stat [-20.32134, -13.369808, -17.680254, 0.6254466]
Start for  8_3_5 [26/105]
Fin;generate all combinations 720720 ...time: 3.9702138900756836
Fin; energy prediction...time: 89.69677114486694
Egy stat [-16.115818, -10.291408, -13.680579, 0.7353943]
Start for  8_2_6 [27/105]
Fin;generate all combinations 360360 ...time: 1.7411432266235352
Fin; energy prediction...time: 45.544211864471436
Egy stat [-11.907103, -4.771424, -9.540857, 0.7464189]
Start for  8_1_7 [28/105]
Fin;generate all combinations 102960 ...time: 0.2194805145263672
Fin; energy prediction...time: 13.175104856491089
Egy stat [-7.520378, -1.3908377, -5.123055, 0.625472]
Start for  7_8_1 [29/105]
Fin;generate all combinations 102960 ...time: 0.373568058013916
Fin; energy prediction...time: 13.157002449035645
Egy stat [-33.051178, -26.602177, -31.036818, 0.5830496]
Start for  7_7_2 [30/105]
Fin;generate all combinations 411840 ...time: 1.4437205791473389
Fin; energy prediction...time: 50.9960253238678
Egy stat [-28.434391, -23.225151, -26.526997, 0.5468865]
Start for  7_6_3 [31/105]
Fin;generate all combinations 960960 ...time: 3.7891435623168945
Fin; energy prediction...time: 118.98413157463074
Egy stat [-24.703262, -18.918922, -22.33049, 0.52918684]
Start for  7_5_4 [32/105]
Fin;generate all combinations 1441440 ...time: 7.353916883468628
Fin; energy prediction...time: 175.70909810066223
Egy stat [-21.008036, -15.286071, -18.342722, 0.5971631]
Start for  7_4_5 [33/105]
Fin;generate all combinations 1441440 ...time: 5.933021783828735
Fin; energy prediction...time: 180.60515427589417
Egy stat [-17.385382, -10.5532, -14.449035, 0.72034484]
Start for  7_3_6 [34/105]
Fin;generate all combinations 960960 ...time: 5.251357078552246
Fin; energy prediction...time: 119.83109164237976
Egy stat [-13.366875, -6.8014126, -10.525601, 0.81187195]
Start for  7_2_7 [35/105]
Fin;generate all combinations 411840 ...time: 2.599745035171509
Fin; energy prediction...time: 51.111066818237305
Egy stat [-9.119627, -2.3112059, -6.4406443, 0.7956598]
Start for  7_1_8 [36/105]
Fin;generate all combinations 102960 ...time: 0.9027004241943359
Fin; energy prediction...time: 13.365735292434692
Egy stat [-4.7535973, 2.192439, -2.0553784, 0.6383611]
Start for  6_9_1 [37/105]
Fin;generate all combinations 80080 ...time: 0.15624237060546875
Fin; energy prediction...time: 10.354398250579834
Egy stat [-33.86731, -28.372492, -32.06345, 0.6277014]
Start for  6_8_2 [38/105]
Fin;generate all combinations 360360 ...time: 1.432241678237915
Fin; energy prediction...time: 44.73719048500061
Egy stat [-30.038076, -22.553333, -27.342571, 0.6417324]
Start for  6_7_3 [39/105]
Fin;generate all combinations 960960 ...time: 3.417412281036377
Fin; energy prediction...time: 119.02217555046082
Egy stat [-25.389732, -19.59549, -23.00163, 0.61353564]
Start for  6_6_4 [40/105]
Fin;generate all combinations 1681680 ...time: 5.8187315464019775
Fin; energy prediction...time: 204.13429021835327
Egy stat [-21.638998, -15.301157, -18.949852, 0.61514264]
Start for  6_5_5 [41/105]
Fin;generate all combinations 2018016 ...time: 10.88791012763977
Fin; energy prediction...time: 249.11372017860413
Egy stat [-18.467472, -12.229056, -15.084761, 0.6913647]
Start for  6_4_6 [42/105]
Fin;generate all combinations 1681680 ...time: 10.020244359970093
Fin; energy prediction...time: 206.6795995235443
Egy stat [-14.617138, -7.4711723, -11.292662, 0.80501246]
Start for  6_3_7 [43/105]
Fin;generate all combinations 960960 ...time: 5.177375316619873
Fin; energy prediction...time: 120.91268706321716
Egy stat [-10.663474, -3.7117486, -7.4498897, 0.8757988]
Start for  6_2_8 [44/105]
Fin;generate all combinations 360360 ...time: 0.8027732372283936
Fin; energy prediction...time: 47.40977382659912
Egy stat [-6.3179393, 1.678936, -3.4242542, 0.82963085]
Start for  6_1_9 [45/105]
Fin;generate all combinations 80080 ...time: 0.19234347343444824
Fin; energy prediction...time: 10.810555219650269
Egy stat [-1.3021402, 4.320491, 0.9238781, 0.6308177]
Start for  5_10_1 [46/105]
Fin;generate all combinations 48048 ...time: 0.10754084587097168
Fin; energy prediction...time: 6.733196973800659
Egy stat [-34.779755, -30.303276, -33.209282, 0.62404066]
Start for  5_9_2 [47/105]
Fin;generate all combinations 240240 ...time: 0.5860962867736816
Fin; energy prediction...time: 30.3458034992218
Egy stat [-30.727848, -24.538877, -28.25089, 0.70314187]
Start for  5_8_3 [48/105]
Fin;generate all combinations 720720 ...time: 2.5081207752227783
Fin; energy prediction...time: 88.43048095703125
Egy stat [-26.594337, -18.892803, -23.724, 0.7084712]
Start for  5_7_4 [49/105]
Fin;generate all combinations 1441440 ...time: 4.8875181674957275
Fin; energy prediction...time: 182.60220336914062
Egy stat [-22.428984, -15.67112, -19.55254, 0.68724066]
Start for  5_6_5 [50/105]
Fin;generate all combinations 2018016 ...time: 10.79953145980835
Fin; energy prediction...time: 248.70176577568054
Egy stat [-19.01726, -11.971902, -15.648013, 0.7010475]
Start for  5_5_6 [51/105]
Fin;generate all combinations 2018016 ...time: 11.211794376373291
Fin; energy prediction...time: 248.97339749336243
Egy stat [-15.73922, -8.847219, -11.909057, 0.7787262]
Start for  5_4_7 [52/105]
Fin;generate all combinations 1441440 ...time: 9.835189580917358
Fin; energy prediction...time: 178.31833720207214
Egy stat [-11.964256, -4.071733, -8.222285, 0.8797861]
Start for  5_3_8 [53/105]
Fin;generate all combinations 720720 ...time: 1.667450189590454
Fin; energy prediction...time: 92.79021573066711
Egy stat [-7.753803, -0.049430847, -4.463789, 0.92788213]
Start for  5_2_9 [54/105]
Fin;generate all combinations 240240 ...time: 1.9805457592010498
Fin; energy prediction...time: 31.689228773117065
Egy stat [-3.041328, 3.9218225, -0.50079966, 0.8491285]
Start for  5_1_10 [55/105]
Fin;generate all combinations 48048 ...time: 0.14264965057373047
Fin; energy prediction...time: 6.829716444015503
Egy stat [2.1637907, 6.686634, 3.8070881, 0.6025816]
Start for  4_11_1 [56/105]
Fin;generate all combinations 21840 ...time: 0.05523276329040527
Fin; energy prediction...time: 3.345055341720581
Egy stat [-35.856373, -32.05321, -34.471672, 0.5809939]
Start for  4_10_2 [57/105]
Fin;generate all combinations 120120 ...time: 0.20952129364013672
Fin; energy prediction...time: 15.252208471298218
Egy stat [-31.5389, -25.804798, -29.26297, 0.72316563]
Start for  4_9_3 [58/105]
Fin;generate all combinations 400400 ...time: 1.4404776096343994
Fin; energy prediction...time: 50.161996364593506
Egy stat [-27.244995, -20.58495, -24.523054, 0.78184265]
Start for  4_8_4 [59/105]
Fin;generate all combinations 900900 ...time: 3.356639862060547
Fin; energy prediction...time: 111.19515895843506
Egy stat [-23.320457, -14.851412, -20.189938, 0.7809568]
Start for  4_7_5 [60/105]
Fin;generate all combinations 1441440 ...time: 7.144739866256714
Fin; energy prediction...time: 176.21720218658447
Egy stat [-19.540451, -12.497186, -16.189915, 0.764611]
Start for  4_6_6 [61/105]
Fin;generate all combinations 1681680 ...time: 6.186832427978516
Fin; energy prediction...time: 211.47242975234985
Egy stat [-16.774872, -8.414683, -12.435612, 0.78496236]
Start for  4_5_7 [62/105]
Fin;generate all combinations 1441440 ...time: 10.13426661491394
Fin; energy prediction...time: 177.90578985214233
Egy stat [-13.158905, -5.355434, -8.82599, 0.8595099]
Start for  4_4_8 [63/105]
Fin;generate all combinations 900900 ...time: 4.080109357833862
Fin; energy prediction...time: 115.2209415435791
Egy stat [-9.099848, -0.25823498, -5.247373, 0.9457679]
Start for  4_3_9 [64/105]
Fin;generate all combinations 400400 ...time: 0.7964162826538086
Fin; energy prediction...time: 51.324533462524414
Egy stat [-4.6443486, 2.1013432, -1.5753752, 0.96955264]
Start for  4_2_10 [65/105]
Fin;generate all combinations 120120 ...time: 0.2789895534515381
Fin; energy prediction...time: 16.304771184921265
Egy stat [0.19621658, 6.4785576, 2.3233333, 0.8557713]
Start for  4_1_11 [66/105]
Fin;generate all combinations 21840 ...time: 0.06589651107788086
Fin; energy prediction...time: 3.6245129108428955
Egy stat [5.264846, 8.909542, 6.589662, 0.55382836]
Start for  3_12_1 [67/105]
Fin;generate all combinations 7280 ...time: 0.021093368530273438
Fin; energy prediction...time: 1.6336050033569336
Egy stat [-37.254704, -33.77436, -35.8386, 0.512405]
Start for  3_11_2 [68/105]
Fin;generate all combinations 43680 ...time: 0.13864684104919434
Fin; energy prediction...time: 6.4764933586120605
Egy stat [-32.266315, -27.543364, -30.377253, 0.707537]
Start for  3_10_3 [69/105]
Fin;generate all combinations 160160 ...time: 0.6582670211791992
Fin; energy prediction...time: 20.162834882736206
Egy stat [-27.9471, -22.071411, -25.410423, 0.8221369]
Start for  3_9_4 [70/105]
Fin;generate all combinations 400400 ...time: 1.5809707641601562
Fin; energy prediction...time: 49.329505920410156
Egy stat [-23.895714, -16.588112, -20.887808, 0.86458063]
Start for  3_8_5 [71/105]
Fin;generate all combinations 720720 ...time: 3.3211488723754883
Fin; energy prediction...time: 89.54598927497864
Egy stat [-20.285442, -11.777933, -16.74979, 0.85812885]
Start for  3_7_6 [72/105]
Fin;generate all combinations 960960 ...time: 5.442026853561401
Fin; energy prediction...time: 117.3807897567749
Egy stat [-17.19967, -9.103165, -12.923736, 0.8440215]
Start for  3_6_7 [73/105]
Fin;generate all combinations 960960 ...time: 4.093182325363159
Fin; energy prediction...time: 118.27915358543396
Egy stat [-14.184381, -5.2997727, -9.32242, 0.86651427]
Start for  3_5_8 [74/105]
Fin;generate all combinations 720720 ...time: 3.5464062690734863
Fin; energy prediction...time: 90.16645789146423
Egy stat [-10.396059, -1.8276262, -5.8443294, 0.934817]
Start for  3_4_9 [75/105]
Fin;generate all combinations 400400 ...time: 0.8234167098999023
Fin; energy prediction...time: 53.58845591545105
Egy stat [-6.0937786, 1.9124012, -2.3751779, 1.0047547]
Start for  3_3_10 [76/105]
Fin;generate all combinations 160160 ...time: 0.3491683006286621
Fin; energy prediction...time: 20.45305609703064
Egy stat [-1.5826721, 4.653617, 1.2099983, 1.0029911]
Start for  3_2_11 [77/105]
Fin;generate all combinations 43680 ...time: 0.10422015190124512
Fin; energy prediction...time: 6.298976898193359
Egy stat [3.3316545, 8.751583, 5.0448375, 0.8520868]
Start for  3_1_12 [78/105]
Fin;generate all combinations 7280 ...time: 0.11539769172668457
Fin; energy prediction...time: 1.7032933235168457
Egy stat [8.34593, 11.312813, 9.270254, 0.48498532]
Start for  2_13_1 [79/105]
Fin;generate all combinations 1680 ...time: 0.006571054458618164
Fin; energy prediction...time: 0.8677563667297363
Egy stat [-38.41712, -36.020515, -37.29407, 0.42950565]
Start for  2_12_2 [80/105]
Fin;generate all combinations 10920 ...time: 0.022563695907592773
Fin; energy prediction...time: 2.0597083568573
Egy stat [-33.142174, -28.918055, -31.58346, 0.6674651]
Start for  2_11_3 [81/105]
Fin;generate all combinations 43680 ...time: 0.14363384246826172
Fin; energy prediction...time: 5.884863615036011
Egy stat [-28.788403, -23.140594, -26.385763, 0.8321572]
Start for  2_10_4 [82/105]
Fin;generate all combinations 120120 ...time: 0.46370553970336914
Fin; energy prediction...time: 15.542933225631714
Egy stat [-24.681446, -18.128265, -21.658495, 0.92402434]
Start for  2_9_5 [83/105]
Fin;generate all combinations 240240 ...time: 1.1178627014160156
Fin; energy prediction...time: 29.9441134929657
Egy stat [-20.724129, -12.969517, -17.353786, 0.95198935]
Start for  2_8_6 [84/105]
Fin;generate all combinations 360360 ...time: 1.7863457202911377
Fin; energy prediction...time: 45.261996269226074
Egy stat [-17.594908, -8.309893, -13.412983, 0.9392775]
Start for  2_7_7 [85/105]
Fin;generate all combinations 411840 ...time: 2.042574167251587
Fin; energy prediction...time: 50.339252948760986
Egy stat [-15.055187, -5.8460817, -9.763305, 0.92474264]
Start for  2_6_8 [86/105]
Fin;generate all combinations 360360 ...time: 1.4349253177642822
Fin; energy prediction...time: 46.10453772544861
Egy stat [-11.637269, -1.7171993, -6.3167453, 0.9462486]
Start for  2_5_9 [87/105]
Fin;generate all combinations 240240 ...time: 0.9705862998962402
Fin; energy prediction...time: 30.84270739555359
Egy stat [-7.329287, 0.6518917, -2.9707928, 1.0064415]
Start for  2_4_10 [88/105]
Fin;generate all combinations 120120 ...time: 0.25520968437194824
Fin; energy prediction...time: 15.801997423171997
Egy stat [-3.2180123, 4.5793715, 0.3896685, 1.0591753]
Start for  2_3_11 [89/105]
Fin;generate all combinations 43680 ...time: 0.0941314697265625
Fin; energy prediction...time: 6.534554481506348
Egy stat [1.5445061, 7.1435986, 3.889986, 1.0310006]
Start for  2_2_12 [90/105]
Fin;generate all combinations 10920 ...time: 0.028890371322631836
Fin; energy prediction...time: 2.0945756435394287
Egy stat [6.3220387, 11.270538, 7.663618, 0.8413755]
Start for  2_1_13 [91/105]
Fin;generate all combinations 1680 ...time: 0.005515575408935547
Fin; energy prediction...time: 0.9185099601745605
Egy stat [11.184202, 13.220327, 11.85076, 0.39584014]
Start for  1_14_1 [92/105]
Fin;generate all combinations 240 ...time: 0.0016222000122070312
Fin; energy prediction...time: 0.7502412796020508
Egy stat [-39.697235, -38.14945, -38.823486, 0.3348924]
Start for  1_13_2 [93/105]
Fin;generate all combinations 1680 ...time: 0.004091501235961914
Fin; energy prediction...time: 0.9115822315216064
Egy stat [-34.102287, -31.101725, -32.86772, 0.6129033]
Start for  1_12_3 [94/105]
Fin;generate all combinations 7280 ...time: 0.017278671264648438
Fin; energy prediction...time: 1.6675443649291992
Egy stat [-29.538706, -24.385551, -27.440514, 0.8209954]
Start for  1_11_4 [95/105]
Fin;generate all combinations 21840 ...time: 0.10515999794006348
Fin; energy prediction...time: 3.550733804702759
Egy stat [-25.48233, -19.313095, -22.50289, 0.9594533]
Start for  1_10_5 [96/105]
Fin;generate all combinations 48048 ...time: 0.16162395477294922
Fin; energy prediction...time: 7.054775953292847
Egy stat [-21.347752, -14.529629, -18.015001, 1.0305244]
Start for  1_9_6 [97/105]
Fin;generate all combinations 80080 ...time: 0.40637826919555664
Fin; energy prediction...time: 10.561460971832275
Egy stat [-18.188904, -9.912653, -13.929878, 1.0440485]
Start for  1_8_7 [98/105]
Fin;generate all combinations 102960 ...time: 0.3554565906524658
Fin; energy prediction...time: 13.480246305465698
Egy stat [-15.434067, -5.25983, -10.188446, 1.0237107]
Start for  1_7_8 [99/105]
Fin;generate all combinations 102960 ...time: 0.4413008689880371
Fin; energy prediction...time: 13.56095004081726
Egy stat [-12.728603, -2.475401, -6.716691, 1.0066692]
Start for  1_6_9 [100/105]
Fin;generate all combinations 80080 ...time: 0.16645598411560059
Fin; energy prediction...time: 10.414936542510986
Egy stat [-8.513921, 0.83113575, -3.4250557, 1.0254592]
Start for  1_5_10 [101/105]
Fin;generate all combinations 48048 ...time: 0.10273504257202148
Fin; energy prediction...time: 6.622685670852661
Egy stat [-4.3426323, 3.4927816, -0.20966901, 1.0767611]
Start for  1_4_11 [102/105]
Fin;generate all combinations 21840 ...time: 0.050545692443847656
Fin; energy prediction...time: 3.5604615211486816
Egy stat [-0.21325779, 7.2172527, 3.045348, 1.1118562]
Start for  1_3_12 [103/105]
Fin;generate all combinations 7280 ...time: 0.017609357833862305
Fin; energy prediction...time: 1.6146519184112549
Egy stat [4.472295, 9.88468, 6.465278, 1.0566236]
Start for  1_2_13 [104/105]
Fin;generate all combinations 1680 ...time: 0.0045223236083984375
Fin; energy prediction...time: 0.9486048221588135
Egy stat [9.085875, 13.184437, 10.18266, 0.82725894]
Start for  1_1_14 [105/105]
Fin;generate all combinations 240 ...time: 0.001298666000366211
Fin; energy prediction...time: 0.7471694946289062
Egy stat [13.932238, 15.402304, 14.336074, 0.28204307]
Saving....
Saved to... Rb_HgSnZn_Br.pkl
Total elapsed time... 5590.708370923996
