Summary of calculations
Site name (A,B,C)... Rb Hg,Sn,Zn I
Base cif file name... ../0.cif
Save file name... Rb_HgSnZn_I.pkl
Fin; combination with repetition...time: 0.0015041828155517578
Start for  14_1_1 [1/105]
Fin;generate all combinations 240 ...time: 0.0006165504455566406
Fin; energy prediction...time: 0.18104338645935059
Egy stat [18.179876, 18.72107, 18.478031, 0.1458662]
Start for  13_2_1 [2/105]
Fin;generate all combinations 1680 ...time: 0.0036585330963134766
Fin; energy prediction...time: 0.4367411136627197
Egy stat [16.602057, 17.662462, 17.098036, 0.24663085]
Start for  13_1_2 [3/105]
Fin;generate all combinations 1680 ...time: 0.003981590270996094
Fin; energy prediction...time: 0.3560912609100342
Egy stat [22.56997, 23.633064, 23.10946, 0.20650153]
Start for  12_3_1 [4/105]
Fin;generate all combinations 7280 ...time: 0.012036800384521484
Fin; energy prediction...time: 1.1158759593963623
Egy stat [14.791498, 16.651735, 15.749323, 0.34235126]
Start for  12_2_2 [5/105]
Fin;generate all combinations 10920 ...time: 0.017111539840698242
Fin; energy prediction...time: 1.4657204151153564
Egy stat [20.936954, 22.748402, 21.779587, 0.30034325]
Start for  12_1_3 [6/105]
Fin;generate all combinations 7280 ...time: 0.05351400375366211
Fin; energy prediction...time: 1.1435327529907227
Egy stat [26.956161, 28.426731, 27.732552, 0.25532985]
Start for  11_4_1 [7/105]
Fin;generate all combinations 21840 ...time: 0.09206485748291016
Fin; energy prediction...time: 3.0668580532073975
Egy stat [12.926268, 15.980217, 14.366784, 0.44589373]
Start for  11_3_2 [8/105]
Fin;generate all combinations 43680 ...time: 0.1254112720489502
Fin; energy prediction...time: 5.770616769790649
Egy stat [19.152628, 21.76905, 20.470098, 0.38818896]
Start for  11_2_3 [9/105]
Fin;generate all combinations 43680 ...time: 0.1563124656677246
Fin; energy prediction...time: 5.635749578475952
Egy stat [25.274914, 27.673756, 26.448345, 0.34897566]
Start for  11_1_4 [10/105]
Fin;generate all combinations 21840 ...time: 0.04122018814086914
Fin; energy prediction...time: 3.0041420459747314
Egy stat [31.26752, 33.32338, 32.350315, 0.29588592]
Start for  10_5_1 [11/105]
Fin;generate all combinations 48048 ...time: 0.1780858039855957
Fin; energy prediction...time: 6.224553108215332
Egy stat [11.028122, 15.101196, 12.896442, 0.55125195]
Start for  10_4_2 [12/105]
Fin;generate all combinations 120120 ...time: 0.47089171409606934
Fin; energy prediction...time: 15.040909051895142
Egy stat [17.311161, 21.051426, 19.118198, 0.48234102]
Start for  10_3_3 [13/105]
Fin;generate all combinations 160160 ...time: 0.40054988861083984
Fin; energy prediction...time: 19.84761071205139
Egy stat [23.635319, 26.869747, 25.17265, 0.43251407]
Start for  10_2_4 [14/105]
Fin;generate all combinations 120120 ...time: 0.592022180557251
Fin; energy prediction...time: 14.869493961334229
Egy stat [29.563889, 32.67285, 31.108042, 0.39219075]
Start for  10_1_5 [15/105]
Fin;generate all combinations 48048 ...time: 0.09130024909973145
Fin; energy prediction...time: 6.344487190246582
Egy stat [35.59104, 38.088512, 36.96686, 0.32979622]
Start for  9_6_1 [16/105]
Fin;generate all combinations 80080 ...time: 0.24169445037841797
Fin; energy prediction...time: 10.117175579071045
Egy stat [9.16037, 14.356569, 11.295995, 0.6452244]
Start for  9_5_2 [17/105]
Fin;generate all combinations 240240 ...time: 0.7631068229675293
Fin; energy prediction...time: 29.578399658203125
Egy stat [15.291876, 20.270094, 17.67298, 0.57863426]
Start for  9_4_3 [18/105]
Fin;generate all combinations 400400 ...time: 1.3743605613708496
Fin; energy prediction...time: 49.0970823764801
Egy stat [21.74334, 26.310604, 23.845392, 0.5190041]
Start for  9_3_4 [19/105]
Fin;generate all combinations 400400 ...time: 1.1446864604949951
Fin; energy prediction...time: 49.892101526260376
Egy stat [27.887215, 32.040226, 29.861462, 0.4736552]
Start for  9_2_5 [20/105]
Fin;generate all combinations 240240 ...time: 0.41993141174316406
Fin; energy prediction...time: 29.9603374004364
Egy stat [33.766434, 37.529224, 35.763405, 0.43014833]
Start for  9_1_6 [21/105]
Fin;generate all combinations 80080 ...time: 0.5241889953613281
Fin; energy prediction...time: 10.064145803451538
Egy stat [40.021984, 42.879528, 41.587673, 0.35807654]
Start for  8_7_1 [22/105]
Fin;generate all combinations 102960 ...time: 0.4497537612915039
Fin; energy prediction...time: 13.045357465744019
Egy stat [6.9258137, 13.584515, 9.5345, 0.715973]
Start for  8_6_2 [23/105]
Fin;generate all combinations 360360 ...time: 1.243640661239624
Fin; energy prediction...time: 44.170950174331665
Egy stat [13.251097, 19.448784, 16.095518, 0.66566396]
Start for  8_5_3 [24/105]
Fin;generate all combinations 720720 ...time: 2.429403305053711
Fin; energy prediction...time: 87.67413663864136
Egy stat [19.883839, 25.38282, 22.419048, 0.6065535]
Start for  8_4_4 [25/105]
Fin;generate all combinations 900900 ...time: 3.458667278289795
Fin; energy prediction...time: 109.91945695877075
Egy stat [26.123795, 31.642708, 28.55363, 0.5539228]
Start for  8_3_5 [26/105]
Fin;generate all combinations 720720 ...time: 2.9066214561462402
Fin; energy prediction...time: 92.41306161880493
Egy stat [32.10269, 36.812763, 34.541958, 0.51088]
Start for  8_2_6 [27/105]
Fin;generate all combinations 360360 ...time: 1.7686066627502441
Fin; energy prediction...time: 44.776817321777344
Egy stat [37.98109, 42.483906, 40.420483, 0.4630656]
Start for  8_1_7 [28/105]
Fin;generate all combinations 102960 ...time: 0.22687840461730957
Fin; energy prediction...time: 13.697493076324463
Egy stat [44.495693, 47.61303, 46.219795, 0.38130978]
Start for  7_8_1 [29/105]
Fin;generate all combinations 102960 ...time: 0.18059158325195312
Fin; energy prediction...time: 13.425199508666992
Egy stat [5.2071276, 12.756662, 7.591469, 0.7556533]
Start for  7_7_2 [30/105]
Fin;generate all combinations 411840 ...time: 1.4829308986663818
Fin; energy prediction...time: 50.6081485748291
Egy stat [11.509699, 18.463783, 14.358174, 0.7328783]
Start for  7_6_3 [31/105]
Fin;generate all combinations 960960 ...time: 3.7552943229675293
Fin; energy prediction...time: 116.73552346229553
Egy stat [18.135252, 24.378262, 20.858225, 0.6861394]
Start for  7_5_4 [32/105]
Fin;generate all combinations 1441440 ...time: 6.527868270874023
Fin; energy prediction...time: 175.25013494491577
Egy stat [24.546288, 30.361519, 27.14064, 0.633152]
Start for  7_4_5 [33/105]
Fin;generate all combinations 1441440 ...time: 6.02362585067749
Fin; energy prediction...time: 179.22807908058167
Egy stat [30.728165, 36.31018, 33.249054, 0.58590835]
Start for  7_3_6 [34/105]
Fin;generate all combinations 960960 ...time: 1.5980029106140137
Fin; energy prediction...time: 120.20319080352783
Egy stat [36.46237, 41.727177, 39.22081, 0.5437101]
Start for  7_2_7 [35/105]
Fin;generate all combinations 411840 ...time: 0.8305971622467041
Fin; energy prediction...time: 53.8331344127655
Egy stat [42.610073, 47.299355, 45.086742, 0.49089232]
Start for  7_1_8 [36/105]
Fin;generate all combinations 102960 ...time: 0.2587296962738037
Fin; energy prediction...time: 13.364213228225708
Egy stat [49.128315, 52.15935, 50.871834, 0.39951226]
Start for  6_9_1 [37/105]
Fin;generate all combinations 80080 ...time: 0.15883183479309082
Fin; energy prediction...time: 10.45337963104248
Egy stat [3.1915894, 9.554302, 5.455637, 0.7605633]
Start for  6_8_2 [38/105]
Fin;generate all combinations 360360 ...time: 1.2612841129302979
Fin; energy prediction...time: 44.84640860557556
Egy stat [9.455038, 17.607506, 12.443457, 0.7734052]
Start for  6_7_3 [39/105]
Fin;generate all combinations 960960 ...time: 3.5212106704711914
Fin; energy prediction...time: 118.1694827079773
Egy stat [16.216824, 23.365913, 19.13867, 0.7489601]
Start for  6_6_4 [40/105]
Fin;generate all combinations 1681680 ...time: 7.110326528549194
Fin; energy prediction...time: 214.02831602096558
Egy stat [22.712479, 29.413784, 25.590744, 0.70482785]
Start for  6_5_5 [41/105]
Fin;generate all combinations 2018016 ...time: 12.028212070465088
Fin; energy prediction...time: 252.67680621147156
Egy stat [28.99892, 35.19295, 31.84453, 0.6570629]
Start for  6_4_6 [42/105]
Fin;generate all combinations 1681680 ...time: 8.6350839138031
Fin; energy prediction...time: 207.0108997821808
Egy stat [35.060516, 41.068478, 37.938896, 0.6139308]
Start for  6_3_7 [43/105]
Fin;generate all combinations 960960 ...time: 4.799227237701416
Fin; energy prediction...time: 119.03919196128845
Egy stat [40.82691, 46.538216, 43.905983, 0.5714208]
Start for  6_2_8 [44/105]
Fin;generate all combinations 360360 ...time: 0.727989673614502
Fin; energy prediction...time: 45.03748559951782
Egy stat [47.22763, 52.208168, 49.771168, 0.51298386]
Start for  6_1_9 [45/105]
Fin;generate all combinations 80080 ...time: 0.7406575679779053
Fin; energy prediction...time: 10.67454195022583
Egy stat [53.93358, 56.918472, 55.553864, 0.4118915]
Start for  5_10_1 [46/105]
Fin;generate all combinations 48048 ...time: 0.10879802703857422
Fin; energy prediction...time: 7.101938486099243
Egy stat [1.0908117, 6.211235, 3.1235456, 0.7305814]
Start for  5_9_2 [47/105]
Fin;generate all combinations 240240 ...time: 0.8537647724151611
Fin; energy prediction...time: 30.086579084396362
Egy stat [7.538048, 14.323181, 10.342664, 0.78433514]
Start for  5_8_3 [48/105]
Fin;generate all combinations 720720 ...time: 2.4831326007843018
Fin; energy prediction...time: 88.99529194831848
Egy stat [14.098551, 22.408718, 17.245945, 0.7893964]
Start for  5_7_4 [49/105]
Fin;generate all combinations 1441440 ...time: 7.724830627441406
Fin; energy prediction...time: 175.35969924926758
Egy stat [20.824018, 28.088577, 23.883163, 0.762174]
Start for  5_6_5 [50/105]
Fin;generate all combinations 2018016 ...time: 10.684779405593872
Fin; energy prediction...time: 249.37187480926514
Egy stat [27.102444, 34.264133, 30.30045, 0.72022116]
Start for  5_5_6 [51/105]
Fin;generate all combinations 2018016 ...time: 9.056686878204346
Fin; energy prediction...time: 250.5978615283966
Egy stat [33.373463, 40.021423, 36.538532, 0.6768603]
Start for  5_4_7 [52/105]
Fin;generate all combinations 1441440 ...time: 2.5841917991638184
Fin; energy prediction...time: 181.45183181762695
Egy stat [39.29249, 45.746674, 42.631664, 0.63659424]
Start for  5_3_8 [53/105]
Fin;generate all combinations 720720 ...time: 1.448270320892334
Fin; energy prediction...time: 90.17523741722107
Egy stat [45.373352, 51.147415, 48.606827, 0.5925985]
Start for  5_2_9 [54/105]
Fin;generate all combinations 240240 ...time: 0.500647783279419
Fin; energy prediction...time: 30.45550560951233
Egy stat [52.154354, 56.909325, 54.48403, 0.5277648]
Start for  5_1_10 [55/105]
Fin;generate all combinations 48048 ...time: 0.13765549659729004
Fin; energy prediction...time: 6.761698961257935
Egy stat [58.812325, 61.762474, 60.27715, 0.41659814]
Start for  4_11_1 [56/105]
Fin;generate all combinations 21840 ...time: 0.05454516410827637
Fin; energy prediction...time: 3.4552571773529053
Egy stat [-1.2757711, 3.1228552, 0.59801626, 0.6683118]
Start for  4_10_2 [57/105]
Fin;generate all combinations 120120 ...time: 0.3189866542816162
Fin; energy prediction...time: 15.452877759933472
Egy stat [5.4765663, 11.468208, 8.054403, 0.7662082]
Start for  4_9_3 [58/105]
Fin;generate all combinations 400400 ...time: 1.7333486080169678
Fin; energy prediction...time: 50.43603038787842
Egy stat [12.215012, 19.15982, 15.173937, 0.8054952]
Start for  4_8_4 [59/105]
Fin;generate all combinations 900900 ...time: 2.8062431812286377
Fin; energy prediction...time: 109.6053102016449
Egy stat [18.61484, 27.27055, 22.006546, 0.8010481]
Start for  4_7_5 [60/105]
Fin;generate all combinations 1441440 ...time: 7.341936349868774
Fin; energy prediction...time: 175.83765697479248
Egy stat [25.479347, 32.83336, 28.599512, 0.77075213]
Start for  4_6_6 [61/105]
Fin;generate all combinations 1681680 ...time: 8.252167701721191
Fin; energy prediction...time: 205.56591987609863
Egy stat [31.44313, 39.157185, 34.995632, 0.73054975]
Start for  4_5_7 [62/105]
Fin;generate all combinations 1441440 ...time: 6.5969319343566895
Fin; energy prediction...time: 178.6099317073822
Egy stat [37.76585, 44.463017, 41.23166, 0.6905331]
Start for  4_4_8 [63/105]
Fin;generate all combinations 900900 ...time: 4.196952819824219
Fin; energy prediction...time: 110.83645582199097
Egy stat [43.53666, 50.678608, 47.33709, 0.65163326]
Start for  4_3_9 [64/105]
Fin;generate all combinations 400400 ...time: 2.3130581378936768
Fin; energy prediction...time: 49.51176619529724
Egy stat [50.414078, 55.902534, 53.33391, 0.60470974]
Start for  4_2_10 [65/105]
Fin;generate all combinations 120120 ...time: 1.0117180347442627
Fin; energy prediction...time: 15.563539505004883
Egy stat [57.072784, 61.678665, 59.23674, 0.53238845]
Start for  4_1_11 [66/105]
Fin;generate all combinations 21840 ...time: 0.06579899787902832
Fin; energy prediction...time: 3.4905474185943604
Egy stat [63.88311, 66.51318, 65.05378, 0.41050306]
Start for  3_12_1 [67/105]
Fin;generate all combinations 7280 ...time: 0.02094411849975586
Fin; energy prediction...time: 1.596447229385376
Egy stat [-3.677381, 0.10184288, -2.1134713, 0.5778384]
Start for  3_11_2 [68/105]
Fin;generate all combinations 43680 ...time: 0.1805434226989746
Fin; energy prediction...time: 6.1800501346588135
Egy stat [3.6277742, 8.351496, 5.583063, 0.72218615]
Start for  3_10_3 [69/105]
Fin;generate all combinations 160160 ...time: 0.6068215370178223
Fin; energy prediction...time: 20.290825605392456
Egy stat [10.149361, 16.257936, 12.923365, 0.7985695]
Start for  3_9_4 [70/105]
Fin;generate all combinations 400400 ...time: 1.550154209136963
Fin; energy prediction...time: 48.719539642333984
Egy stat [16.782482, 23.951038, 19.95741, 0.8206062]
Start for  3_8_5 [71/105]
Fin;generate all combinations 720720 ...time: 3.842951536178589
Fin; energy prediction...time: 88.76859927177429
Egy stat [23.194267, 31.750275, 26.733513, 0.8061893]
Start for  3_7_6 [72/105]
Fin;generate all combinations 960960 ...time: 4.504098415374756
Fin; energy prediction...time: 118.40525937080383
Egy stat [29.893036, 37.360546, 33.296448, 0.77254456]
Start for  3_6_7 [73/105]
Fin;generate all combinations 960960 ...time: 4.353165864944458
Fin; energy prediction...time: 121.63794255256653
Egy stat [35.722137, 43.509796, 39.685703, 0.73322016]
Start for  3_5_8 [74/105]
Fin;generate all combinations 720720 ...time: 1.4703779220581055
Fin; energy prediction...time: 92.45102620124817
Egy stat [41.85888, 49.06505, 45.93393, 0.69492626]
Start for  3_4_9 [75/105]
Fin;generate all combinations 400400 ...time: 2.2987422943115234
Fin; energy prediction...time: 51.43124532699585
Egy stat [48.766945, 55.24263, 52.066025, 0.65537137]
Start for  3_3_10 [76/105]
Fin;generate all combinations 160160 ...time: 0.35997462272644043
Fin; energy prediction...time: 21.730966806411743
Egy stat [55.532288, 60.68991, 58.09878, 0.603613]
Start for  3_2_11 [77/105]
Fin;generate all combinations 43680 ...time: 0.10606694221496582
Fin; energy prediction...time: 6.471325397491455
Egy stat [62.36154, 66.29349, 64.04131, 0.52231294]
Start for  3_1_12 [78/105]
Fin;generate all combinations 7280 ...time: 0.02282118797302246
Fin; energy prediction...time: 1.8870511054992676
Egy stat [69.00686, 71.340775, 69.89615, 0.38886493]
Start for  2_13_1 [79/105]
Fin;generate all combinations 1680 ...time: 0.006168365478515625
Fin; energy prediction...time: 1.075343370437622
Egy stat [-6.1745434, -3.7170954, -5.0004463, 0.4626793]
Start for  2_12_2 [80/105]
Fin;generate all combinations 10920 ...time: 0.0229794979095459
Fin; energy prediction...time: 2.3844974040985107
Egy stat [1.1926708, 5.5698566, 2.937176, 0.6569267]
Start for  2_11_3 [81/105]
Fin;generate all combinations 43680 ...time: 0.18980789184570312
Fin; energy prediction...time: 6.176343202590942
Egy stat [8.264318, 13.573786, 10.500208, 0.77241623]
Start for  2_10_4 [82/105]
Fin;generate all combinations 120120 ...time: 0.5811800956726074
Fin; energy prediction...time: 15.982924699783325
Egy stat [14.701649, 21.061005, 17.738613, 0.8230247]
Start for  2_9_5 [83/105]
Fin;generate all combinations 240240 ...time: 0.9673116207122803
Fin; energy prediction...time: 30.998582124710083
Egy stat [21.51051, 28.693027, 24.701647, 0.8270012]
Start for  2_8_6 [84/105]
Fin;generate all combinations 360360 ...time: 1.8582031726837158
Fin; energy prediction...time: 45.137179374694824
Egy stat [27.648132, 36.290443, 31.435953, 0.80225235]
Start for  2_7_7 [85/105]
Fin;generate all combinations 411840 ...time: 1.4312124252319336
Fin; energy prediction...time: 51.634360551834106
Egy stat [33.970604, 41.894672, 37.983738, 0.76436657]
Start for  2_6_8 [86/105]
Fin;generate all combinations 360360 ...time: 1.4944560527801514
Fin; energy prediction...time: 46.37458348274231
Egy stat [40.17773, 47.8738, 44.381077, 0.72414815]
Start for  2_5_9 [87/105]
Fin;generate all combinations 240240 ...time: 1.0113928318023682
Fin; energy prediction...time: 31.013071298599243
Egy stat [47.18403, 53.71653, 50.656513, 0.6850315]
Start for  2_4_10 [88/105]
Fin;generate all combinations 120120 ...time: 0.25494861602783203
Fin; energy prediction...time: 16.194984197616577
Egy stat [53.975098, 60.048424, 56.830135, 0.6419856]
Start for  2_3_11 [89/105]
Fin;generate all combinations 43680 ...time: 0.09720706939697266
Fin; energy prediction...time: 6.616239786148071
Egy stat [60.860085, 65.429085, 62.913467, 0.58278745]
Start for  2_2_12 [90/105]
Fin;generate all combinations 10920 ...time: 0.028093814849853516
Fin; energy prediction...time: 2.223581075668335
Egy stat [67.61815, 70.97134, 68.90998, 0.49043533]
Start for  2_1_13 [91/105]
Fin;generate all combinations 1680 ...time: 0.006124019622802734
Fin; energy prediction...time: 1.1237976551055908
Egy stat [74.17622, 75.764595, 74.81635, 0.34427232]
Start for  1_14_1 [92/105]
Fin;generate all combinations 240 ...time: 0.0014798641204833984
Fin; energy prediction...time: 0.9111599922180176
Egy stat [-8.8693285, -7.4162064, -8.051015, 0.32079312]
Start for  1_13_2 [93/105]
Fin;generate all combinations 1680 ...time: 0.003973722457885742
Fin; energy prediction...time: 1.0694587230682373
Egy stat [-1.1211929, 1.7608166, 0.12775779, 0.5751224]
Start for  1_12_3 [94/105]
Fin;generate all combinations 7280 ...time: 0.01655101776123047
Fin; energy prediction...time: 1.880289077758789
Egy stat [5.968626, 10.826216, 7.9140925, 0.73224103]
Start for  1_11_4 [95/105]
Fin;generate all combinations 21840 ...time: 0.09439635276794434
Fin; energy prediction...time: 3.646333932876587
Egy stat [12.776995, 18.384804, 15.35779, 0.81276345]
Start for  1_10_5 [96/105]
Fin;generate all combinations 48048 ...time: 0.16849541664123535
Fin; energy prediction...time: 6.978216648101807
Egy stat [19.773535, 25.702946, 22.508968, 0.83642656]
Start for  1_9_6 [97/105]
Fin;generate all combinations 80080 ...time: 0.4334876537322998
Fin; energy prediction...time: 11.017910242080688
Egy stat [26.304276, 33.110718, 29.416046, 0.8217519]
Start for  1_8_7 [98/105]
Fin;generate all combinations 102960 ...time: 0.3789057731628418
Fin; energy prediction...time: 13.448249816894531
Egy stat [32.492073, 40.7695, 36.1239, 0.7854881]
Start for  1_7_8 [99/105]
Fin;generate all combinations 102960 ...time: 0.568026065826416
Fin; energy prediction...time: 13.799314498901367
Egy stat [38.583004, 46.230396, 42.67208, 0.74115735]
Start for  1_6_9 [100/105]
Fin;generate all combinations 80080 ...time: 0.3268740177154541
Fin; energy prediction...time: 10.539088010787964
Egy stat [45.684113, 52.183353, 49.09312, 0.6967611]
Start for  1_5_10 [101/105]
Fin;generate all combinations 48048 ...time: 0.10176491737365723
Fin; energy prediction...time: 6.9007651805877686
Egy stat [52.5678, 58.212738, 55.411236, 0.6527903]
Start for  1_4_11 [102/105]
Fin;generate all combinations 21840 ...time: 0.14498662948608398
Fin; energy prediction...time: 3.544438600540161
Egy stat [59.455627, 64.71326, 61.64156, 0.6020417]
Start for  1_3_12 [103/105]
Fin;generate all combinations 7280 ...time: 0.017629623413085938
Fin; energy prediction...time: 1.8608872890472412
Egy stat [66.276215, 70.229256, 67.79013, 0.5314367]
Start for  1_2_13 [104/105]
Fin;generate all combinations 1680 ...time: 0.004429340362548828
Fin; energy prediction...time: 1.105027437210083
Egy stat [73.00362, 75.06477, 73.85456, 0.4243357]
Start for  1_1_14 [105/105]
Fin;generate all combinations 240 ...time: 0.001171112060546875
Fin; energy prediction...time: 0.894221305847168
Egy stat [79.40967, 80.67882, 79.82554, 0.26168725]
Saving....
Saved to... Rb_HgSnZn_I.pkl
Total elapsed time... 5576.267473697662
