Summary of calculations
Site name (A,B,C)... Rb Pb,Sn,Zn Cl
Base cif file name... ../0.cif
Save file name... Rb_PbSnZn_Cl.pkl
Fin; combination with repetition...time: 0.0015709400177001953
Start for  14_1_1 [1/105]
Fin;generate all combinations 240 ...time: 0.0006167888641357422
Fin; energy prediction...time: 0.18715214729309082
Egy stat [-36.780098, -35.773296, -36.267563, 0.36495838]
Start for  13_2_1 [2/105]
Fin;generate all combinations 1680 ...time: 0.003778696060180664
Fin; energy prediction...time: 0.36820292472839355
Egy stat [-36.26059, -35.01242, -35.623787, 0.36488912]
Start for  13_1_2 [3/105]
Fin;generate all combinations 1680 ...time: 0.0038208961486816406
Fin; energy prediction...time: 0.37935757637023926
Egy stat [-30.712133, -27.32429, -29.340324, 0.8171777]
Start for  12_3_1 [4/105]
Fin;generate all combinations 7280 ...time: 0.013286113739013672
Fin; energy prediction...time: 1.0801479816436768
Egy stat [-35.74609, -34.338177, -35.00644, 0.3633705]
Start for  12_2_2 [5/105]
Fin;generate all combinations 10920 ...time: 0.01703190803527832
Fin; energy prediction...time: 1.5703086853027344
Egy stat [-30.27445, -26.637238, -28.797682, 0.8075168]
Start for  12_1_3 [6/105]
Fin;generate all combinations 7280 ...time: 0.06465435028076172
Fin; energy prediction...time: 1.1342175006866455
Egy stat [-26.035675, -19.768469, -23.350996, 1.1495793]
Start for  11_4_1 [7/105]
Fin;generate all combinations 21840 ...time: 0.08600831031799316
Fin; energy prediction...time: 3.1688475608825684
Egy stat [-35.231064, -33.67387, -34.417057, 0.36046478]
Start for  11_3_2 [8/105]
Fin;generate all combinations 43680 ...time: 0.1273045539855957
Fin; energy prediction...time: 5.642098426818848
Egy stat [-29.913563, -26.026615, -28.28009, 0.7967705]
Start for  11_2_3 [9/105]
Fin;generate all combinations 43680 ...time: 0.14119529724121094
Fin; energy prediction...time: 5.552552700042725
Egy stat [-25.823101, -19.282082, -22.902727, 1.1324302]
Start for  11_1_4 [10/105]
Fin;generate all combinations 21840 ...time: 0.04525256156921387
Fin; energy prediction...time: 2.9239678382873535
Egy stat [-22.710896, -12.445395, -18.233753, 1.383539]
Start for  10_5_1 [11/105]
Fin;generate all combinations 48048 ...time: 0.18543577194213867
Fin; energy prediction...time: 6.164389371871948
Egy stat [-34.69266, -33.081215, -33.856945, 0.35619375]
Start for  10_4_2 [12/105]
Fin;generate all combinations 120120 ...time: 0.4285001754760742
Fin; energy prediction...time: 15.221385955810547
Egy stat [-29.603186, -25.411278, -27.789099, 0.7850157]
Start for  10_3_3 [13/105]
Fin;generate all combinations 160160 ...time: 0.41828012466430664
Fin; energy prediction...time: 20.556694746017456
Egy stat [-25.464016, -18.809353, -22.477821, 1.1144849]
Start for  10_2_4 [14/105]
Fin;generate all combinations 120120 ...time: 0.5626933574676514
Fin; energy prediction...time: 15.08831787109375
Egy stat [-22.465057, -12.086189, -17.873127, 1.3599458]
Start for  10_1_5 [15/105]
Fin;generate all combinations 48048 ...time: 0.09360861778259277
Fin; energy prediction...time: 6.461581468582153
Egy stat [-18.846716, -8.040623, -13.921724, 1.5329103]
Start for  9_6_1 [16/105]
Fin;generate all combinations 80080 ...time: 0.22685003280639648
Fin; energy prediction...time: 10.309038639068604
Egy stat [-34.14138, -32.525505, -33.32716, 0.35053876]
Start for  9_5_2 [17/105]
Fin;generate all combinations 240240 ...time: 0.6097471714019775
Fin; energy prediction...time: 29.694440603256226
Egy stat [-29.093208, -24.865612, -27.326033, 0.77229476]
Start for  9_4_3 [18/105]
Fin;generate all combinations 400400 ...time: 1.233687400817871
Fin; energy prediction...time: 49.58269429206848
Egy stat [-25.018724, -18.418228, -22.077858, 1.0958235]
Start for  9_3_4 [19/105]
Fin;generate all combinations 400400 ...time: 1.5880563259124756
Fin; energy prediction...time: 50.18533372879028
Egy stat [-22.162958, -11.729417, -17.533886, 1.3358667]
Start for  9_2_5 [20/105]
Fin;generate all combinations 240240 ...time: 0.4142279624938965
Fin; energy prediction...time: 30.735352516174316
Egy stat [-18.73684, -7.691456, -13.641942, 1.5037485]
Start for  9_1_6 [21/105]
Fin;generate all combinations 80080 ...time: 0.16544485092163086
Fin; energy prediction...time: 10.284091472625732
Egy stat [-16.596617, -3.4528947, -10.339713, 1.6175714]
Start for  8_7_1 [22/105]
Fin;generate all combinations 102960 ...time: 0.3337135314941406
Fin; energy prediction...time: 13.072401523590088
Egy stat [-33.620613, -31.974289, -32.82854, 0.34344438]
Start for  8_6_2 [23/105]
Fin;generate all combinations 360360 ...time: 1.247279167175293
Fin; energy prediction...time: 44.35520529747009
Egy stat [-28.607601, -24.31837, -26.892025, 0.7586145]
Start for  8_5_3 [24/105]
Fin;generate all combinations 720720 ...time: 2.1526193618774414
Fin; energy prediction...time: 89.40311527252197
Egy stat [-24.602207, -18.088032, -21.704212, 1.0764835]
Start for  8_4_4 [25/105]
Fin;generate all combinations 900900 ...time: 2.403043746948242
Fin; energy prediction...time: 112.53010702133179
Egy stat [-21.86393, -11.3672085, -17.217648, 1.3113636]
Start for  8_3_5 [26/105]
Fin;generate all combinations 720720 ...time: 1.1573529243469238
Fin; energy prediction...time: 94.9302146434784
Egy stat [-18.583012, -7.3485494, -13.381352, 1.4743209]
Start for  8_2_6 [27/105]
Fin;generate all combinations 360360 ...time: 2.2137451171875
Fin; energy prediction...time: 45.56450843811035
Egy stat [-16.518513, -3.1172118, -10.134238, 1.583373]
Start for  8_1_7 [28/105]
Fin;generate all combinations 102960 ...time: 0.2370927333831787
Fin; energy prediction...time: 13.822543382644653
Egy stat [-15.5331335, 0.6309576, -7.399982, 1.6661961]
Start for  7_8_1 [29/105]
Fin;generate all combinations 102960 ...time: 0.17921948432922363
Fin; energy prediction...time: 13.428357601165771
Egy stat [-33.12142, -31.513565, -32.36167, 0.33482265]
Start for  7_7_2 [30/105]
Fin;generate all combinations 411840 ...time: 1.6634552478790283
Fin; energy prediction...time: 50.79912853240967
Egy stat [-28.118343, -23.901363, -26.48792, 0.7439482]
Start for  7_6_3 [31/105]
Fin;generate all combinations 960960 ...time: 3.9481468200683594
Fin; energy prediction...time: 119.07583236694336
Egy stat [-24.183891, -17.859312, -21.358034, 1.0564607]
Start for  7_5_4 [32/105]
Fin;generate all combinations 1441440 ...time: 5.253554344177246
Fin; energy prediction...time: 180.9586215019226
Egy stat [-21.509464, -11.33677, -16.925846, 1.2864493]
Start for  7_4_5 [33/105]
Fin;generate all combinations 1441440 ...time: 5.741261959075928
Fin; energy prediction...time: 183.2892005443573
Egy stat [-18.220177, -7.339409, -13.141645, 1.444655]
Start for  7_3_6 [34/105]
Fin;generate all combinations 960960 ...time: 1.6178555488586426
Fin; energy prediction...time: 121.52363514900208
Egy stat [-16.182928, -3.1215186, -9.94568, 1.5488868]
Start for  7_2_7 [35/105]
Fin;generate all combinations 411840 ...time: 0.7360882759094238
Fin; energy prediction...time: 52.43665385246277
Egy stat [-15.204859, 0.4867611, -7.2631083, 1.6270049]
Start for  7_1_8 [36/105]
Fin;generate all combinations 102960 ...time: 0.2519872188568115
Fin; energy prediction...time: 13.51878833770752
Egy stat [-15.077572, 4.296118, -5.0008364, 1.710897]
Start for  6_9_1 [37/105]
Fin;generate all combinations 80080 ...time: 0.16303443908691406
Fin; energy prediction...time: 10.317448616027832
Egy stat [-32.64453, -31.05413, -31.92688, 0.32455543]
Start for  6_8_2 [38/105]
Fin;generate all combinations 360360 ...time: 1.5174944400787354
Fin; energy prediction...time: 44.74044179916382
Egy stat [-27.653658, -23.482784, -26.114378, 0.728241]
Start for  6_7_3 [39/105]
Fin;generate all combinations 960960 ...time: 3.4828786849975586
Fin; energy prediction...time: 118.45021319389343
Egy stat [-23.80258, -17.618029, -21.04026, 1.035711]
Start for  6_6_4 [40/105]
Fin;generate all combinations 1681680 ...time: 5.857081890106201
Fin; energy prediction...time: 208.89144253730774
Egy stat [-21.159504, -11.296533, -16.659716, 1.2610874]
Start for  6_5_5 [41/105]
Fin;generate all combinations 2018016 ...time: 7.677800416946411
Fin; energy prediction...time: 251.11137318611145
Egy stat [-17.871008, -7.326495, -12.924342, 1.4147254]
Start for  6_4_6 [42/105]
Fin;generate all combinations 1681680 ...time: 10.38188910484314
Fin; energy prediction...time: 206.57211112976074
Egy stat [-15.835243, -3.119688, -9.775823, 1.5140977]
Start for  6_3_7 [43/105]
Fin;generate all combinations 960960 ...time: 4.456045866012573
Fin; energy prediction...time: 121.069744348526
Egy stat [-14.8586, 0.35148525, -7.140916, 1.587122]
Start for  6_2_8 [44/105]
Fin;generate all combinations 360360 ...time: 2.799231767654419
Fin; energy prediction...time: 45.40995740890503
Egy stat [-14.721293, 4.1045904, -4.928262, 1.6665596]
Start for  6_1_9 [45/105]
Fin;generate all combinations 80080 ...time: 0.9310829639434814
Fin; energy prediction...time: 11.070032596588135
Egy stat [-11.522946, 3.3391619, -3.0274003, 1.7724656]
Start for  5_10_1 [46/105]
Fin;generate all combinations 48048 ...time: 0.10893392562866211
Fin; energy prediction...time: 6.367905855178833
Egy stat [-32.20574, -30.756985, -31.524261, 0.31249315]
Start for  5_9_2 [47/105]
Fin;generate all combinations 240240 ...time: 0.9634463787078857
Fin; energy prediction...time: 30.376474380493164
Egy stat [-27.268816, -23.336636, -25.771776, 0.7114138]
Start for  5_8_3 [48/105]
Fin;generate all combinations 720720 ...time: 3.3123269081115723
Fin; energy prediction...time: 88.81113910675049
Egy stat [-23.443352, -17.457737, -20.751604, 1.014155]
Start for  5_7_4 [49/105]
Fin;generate all combinations 1441440 ...time: 6.313931226730347
Fin; energy prediction...time: 178.63164162635803
Egy stat [-20.773598, -11.273374, -16.420263, 1.2351968]
Start for  5_6_5 [50/105]
Fin;generate all combinations 2018016 ...time: 8.58857274055481
Fin; energy prediction...time: 249.45393252372742
Egy stat [-17.519836, -7.346738, -12.730753, 1.3844548]
Start for  5_5_6 [51/105]
Fin;generate all combinations 2018016 ...time: 11.546355724334717
Fin; energy prediction...time: 245.79898405075073
Egy stat [-15.493059, -3.1699119, -9.626273, 1.4789383]
Start for  5_4_7 [52/105]
Fin;generate all combinations 1441440 ...time: 7.997783660888672
Fin; energy prediction...time: 177.95391726493835
Egy stat [-14.51304, 0.20800114, -7.03529, 1.5464793]
Start for  5_3_8 [53/105]
Fin;generate all combinations 720720 ...time: 4.353768348693848
Fin; energy prediction...time: 90.53895545005798
Egy stat [-14.349642, 3.9049368, -4.8682785, 1.6206656]
Start for  5_2_9 [54/105]
Fin;generate all combinations 240240 ...time: 0.5252621173858643
Fin; energy prediction...time: 30.255977392196655
Egy stat [-11.309621, 3.1483498, -3.0166924, 1.723333]
Start for  5_1_10 [55/105]
Fin;generate all combinations 48048 ...time: 0.505875825881958
Fin; energy prediction...time: 6.636577844619751
Egy stat [-8.631203, 6.610941, -1.3539314, 1.844078]
Start for  4_11_1 [56/105]
Fin;generate all combinations 21840 ...time: 0.055349111557006836
Fin; energy prediction...time: 3.3433451652526855
Egy stat [-31.78981, -30.469032, -31.153658, 0.2984495]
Start for  4_10_2 [57/105]
Fin;generate all combinations 120120 ...time: 0.504755973815918
Fin; energy prediction...time: 15.468066215515137
Egy stat [-26.927748, -23.20026, -25.46026, 0.69336855]
Start for  4_9_3 [58/105]
Fin;generate all combinations 400400 ...time: 1.690840482711792
Fin; energy prediction...time: 49.7381317615509
Egy stat [-23.081062, -17.307709, -20.492508, 0.9916854]
Start for  4_8_4 [59/105]
Fin;generate all combinations 900900 ...time: 3.508547306060791
Fin; energy prediction...time: 111.90329456329346
Egy stat [-20.410637, -11.240325, -16.208277, 1.2086563]
Start for  4_7_5 [60/105]
Fin;generate all combinations 1441440 ...time: 7.714214086532593
Fin; energy prediction...time: 175.93772411346436
Egy stat [-17.183756, -7.3622093, -12.561994, 1.3537177]
Start for  4_6_6 [61/105]
Fin;generate all combinations 1681680 ...time: 6.9564595222473145
Fin; energy prediction...time: 207.72923159599304
Egy stat [-15.167067, -3.2122407, -9.498473, 1.4432893]
Start for  4_5_7 [62/105]
Fin;generate all combinations 1441440 ...time: 8.59710955619812
Fin; energy prediction...time: 177.3556067943573
Egy stat [-14.170504, 0.0740881, -6.94795, 1.5049623]
Start for  4_4_8 [63/105]
Fin;generate all combinations 900900 ...time: 4.511181831359863
Fin; energy prediction...time: 113.06503772735596
Egy stat [-13.983556, 3.7391338, -4.8228726, 1.5730699]
Start for  4_3_9 [64/105]
Fin;generate all combinations 400400 ...time: 0.8180890083312988
Fin; energy prediction...time: 52.017560720443726
Egy stat [-11.076757, 2.9723463, -3.0167077, 1.6713433]
Start for  4_2_10 [65/105]
Fin;generate all combinations 120120 ...time: 0.291301965713501
Fin; energy prediction...time: 16.62486433982849
Egy stat [-8.5534525, 6.3730927, -1.4048266, 1.7915335]
Start for  4_1_11 [66/105]
Fin;generate all combinations 21840 ...time: 0.06543993949890137
Fin; energy prediction...time: 3.615387201309204
Egy stat [-5.1213427, 6.959467, 0.15306996, 1.8871957]
Start for  3_12_1 [67/105]
Fin;generate all combinations 7280 ...time: 0.020868301391601562
Fin; energy prediction...time: 1.6413726806640625
Egy stat [-31.389805, -30.251026, -30.81466, 0.28218666]
Start for  3_11_2 [68/105]
Fin;generate all combinations 43680 ...time: 0.14762449264526367
Fin; energy prediction...time: 6.159580945968628
Egy stat [-26.57065, -23.155924, -25.179716, 0.67399377]
Start for  3_10_3 [69/105]
Fin;generate all combinations 160160 ...time: 0.6192746162414551
Fin; energy prediction...time: 20.448314905166626
Egy stat [-22.739197, -17.305317, -20.263184, 0.9681731]
Start for  3_9_4 [70/105]
Fin;generate all combinations 400400 ...time: 1.5438752174377441
Fin; energy prediction...time: 49.92020869255066
Egy stat [-20.079811, -11.289334, -16.024302, 1.1813127]
Start for  3_8_5 [71/105]
Fin;generate all combinations 720720 ...time: 3.0471529960632324
Fin; energy prediction...time: 90.8820412158966
Egy stat [-16.870537, -7.5200806, -12.418965, 1.3223457]
Start for  3_7_6 [72/105]
Fin;generate all combinations 960960 ...time: 3.204164743423462
Fin; energy prediction...time: 119.63398146629333
Egy stat [-14.826185, -3.4865088, -9.39365, 1.4069809]
Start for  3_6_7 [73/105]
Fin;generate all combinations 960960 ...time: 5.179703235626221
Fin; energy prediction...time: 117.8560881614685
Egy stat [-13.824535, -0.20532703, -6.8804655, 1.4624026]
Start for  3_5_8 [74/105]
Fin;generate all combinations 720720 ...time: 3.64998459815979
Fin; energy prediction...time: 88.89825987815857
Egy stat [-13.615599, 3.5043945, -4.793893, 1.5235792]
Start for  3_4_9 [75/105]
Fin;generate all combinations 400400 ...time: 2.489550828933716
Fin; energy prediction...time: 49.998194456100464
Egy stat [-10.835626, 2.7764606, -3.0295405, 1.6162227]
Start for  3_3_10 [76/105]
Fin;generate all combinations 160160 ...time: 0.35160160064697266
Fin; energy prediction...time: 21.35530424118042
Egy stat [-8.448763, 6.097704, -1.4648714, 1.7344664]
Start for  3_2_11 [77/105]
Fin;generate all combinations 43680 ...time: 0.33127713203430176
Fin; energy prediction...time: 6.377044200897217
Egy stat [-5.1421337, 6.6167164, 0.038495, 1.8336074]
Start for  3_1_12 [78/105]
Fin;generate all combinations 7280 ...time: 0.11778879165649414
Fin; energy prediction...time: 1.596524715423584
Egy stat [-2.3716793, 9.598042, 1.6316807, 1.8410627]
Start for  2_13_1 [79/105]
Fin;generate all combinations 1680 ...time: 0.006600141525268555
Fin; energy prediction...time: 0.8850796222686768
Egy stat [-30.999855, -30.05077, -30.506596, 0.26339123]
Start for  2_12_2 [80/105]
Fin;generate all combinations 10920 ...time: 0.023272991180419922
Fin; energy prediction...time: 2.202235460281372
Egy stat [-26.238804, -23.117523, -24.929777, 0.6531692]
Start for  2_11_3 [81/105]
Fin;generate all combinations 43680 ...time: 0.18546175956726074
Fin; energy prediction...time: 6.182663202285767
Egy stat [-22.38704, -17.30656, -20.063593, 0.94347584]
Start for  2_10_4 [82/105]
Fin;generate all combinations 120120 ...time: 0.4651913642883301
Fin; energy prediction...time: 15.428786277770996
Egy stat [-19.766693, -11.336469, -15.868636, 1.1529895]
Start for  2_9_5 [83/105]
Fin;generate all combinations 240240 ...time: 1.1863617897033691
Fin; energy prediction...time: 30.25624442100525
Egy stat [-16.539822, -7.677558, -12.30232, 1.2901359]
Start for  2_8_6 [84/105]
Fin;generate all combinations 360360 ...time: 1.577986478805542
Fin; energy prediction...time: 45.410649061203
Egy stat [-14.482135, -3.7590904, -9.31282, 1.3697991]
Start for  2_7_7 [85/105]
Fin;generate all combinations 411840 ...time: 1.3682684898376465
Fin; energy prediction...time: 52.03914260864258
Egy stat [-13.482626, -0.48158264, -6.8341827, 1.4185816]
Start for  2_6_8 [86/105]
Fin;generate all combinations 360360 ...time: 1.3553857803344727
Fin; energy prediction...time: 44.873937129974365
Egy stat [-13.256068, 3.2894936, -4.7830143, 1.4719461]
Start for  2_5_9 [87/105]
Fin;generate all combinations 240240 ...time: 1.0801422595977783
Fin; energy prediction...time: 30.33542799949646
Egy stat [-10.540172, 2.5678635, -3.0571504, 1.5576425]
Start for  2_4_10 [88/105]
Fin;generate all combinations 120120 ...time: 0.6241464614868164
Fin; energy prediction...time: 16.587126970291138
Egy stat [-8.334643, 5.7710342, -1.5362611, 1.672407]
Start for  2_3_11 [89/105]
Fin;generate all combinations 43680 ...time: 0.2922077178955078
Fin; energy prediction...time: 6.191281318664551
Egy stat [-5.0307794, 6.2835636, -0.08401779, 1.7734035]
Start for  2_2_12 [90/105]
Fin;generate all combinations 10920 ...time: 0.028395414352416992
Fin; energy prediction...time: 2.218221426010132
Egy stat [-2.565518, 9.121689, 1.4489198, 1.7893268]
Start for  2_1_13 [91/105]
Fin;generate all combinations 1680 ...time: 0.00606989860534668
Fin; energy prediction...time: 0.9453699588775635
Egy stat [0.78952503, 7.1728916, 3.2220163, 1.6333756]
Start for  1_14_1 [92/105]
Fin;generate all combinations 240 ...time: 0.001737356185913086
Fin; energy prediction...time: 0.7184736728668213
Egy stat [-30.62612, -29.904078, -30.228552, 0.24163127]
Start for  1_13_2 [93/105]
Fin;generate all combinations 1680 ...time: 0.003882169723510742
Fin; energy prediction...time: 0.9246084690093994
Egy stat [-25.846642, -23.17862, -24.7098, 0.6307719]
Start for  1_12_3 [94/105]
Fin;generate all combinations 7280 ...time: 0.016811132431030273
Fin; energy prediction...time: 1.660968542098999
Egy stat [-21.99185, -17.362606, -19.893417, 0.9174447]
Start for  1_11_4 [95/105]
Fin;generate all combinations 21840 ...time: 0.04791569709777832
Fin; energy prediction...time: 3.4548487663269043
Egy stat [-19.397858, -11.393912, -15.741326, 1.1234956]
Start for  1_10_5 [96/105]
Fin;generate all combinations 48048 ...time: 0.22999906539916992
Fin; energy prediction...time: 6.9204957485198975
Egy stat [-16.216326, -7.853495, -12.212464, 1.2568597]
Start for  1_9_6 [97/105]
Fin;generate all combinations 80080 ...time: 0.4003584384918213
Fin; energy prediction...time: 10.68235969543457
Egy stat [-14.131744, -4.060264, -9.256761, 1.3314923]
Start for  1_8_7 [98/105]
Fin;generate all combinations 102960 ...time: 0.3652815818786621
Fin; energy prediction...time: 13.244969606399536
Egy stat [-13.146634, -0.76101494, -6.810243, 1.3732307]
Start for  1_7_8 [99/105]
Fin;generate all combinations 102960 ...time: 0.4281163215637207
Fin; energy prediction...time: 13.44576382637024
Egy stat [-12.89347, 3.0671234, -4.791715, 1.4178637]
Start for  1_6_9 [100/105]
Fin;generate all combinations 80080 ...time: 0.16545605659484863
Fin; energy prediction...time: 10.654439210891724
Egy stat [-10.175678, 2.3002453, -3.1013246, 1.4952049]
Start for  1_5_10 [101/105]
Fin;generate all combinations 48048 ...time: 0.10470962524414062
Fin; energy prediction...time: 6.986151695251465
Egy stat [-7.9524164, 5.4201746, -1.6210527, 1.6048137]
Start for  1_4_11 [102/105]
Fin;generate all combinations 21840 ...time: 0.15022730827331543
Fin; energy prediction...time: 3.6424560546875
Egy stat [-4.977505, 5.730982, -0.21675006, 1.705832]
Start for  1_3_12 [103/105]
Fin;generate all combinations 7280 ...time: 0.018860816955566406
Fin; energy prediction...time: 1.670440673828125
Egy stat [-2.7155747, 8.5904255, 1.2589959, 1.7280486]
Start for  1_2_13 [104/105]
Fin;generate all combinations 1680 ...time: 0.005163431167602539
Fin; energy prediction...time: 0.9802505970001221
Egy stat [0.5525789, 6.683563, 2.9640617, 1.585897]
Start for  1_1_14 [105/105]
Fin;generate all combinations 240 ...time: 0.0012974739074707031
Fin; energy prediction...time: 0.7229769229888916
Egy stat [3.650895, 9.3038025, 5.0649433, 1.1781906]
Saving....
Saved to... Rb_PbSnZn_Cl.pkl
Total elapsed time... 5591.609226226807
