Summary of calculations
Site name (A,B,C)... Cs Ge,Hg,Sn,Zn I
Base cif file name... ../0.cif
Save file name... Cs_GeHgSnZn_I.pkl
Fin; combination with repetition...time: 0.00276947021484375
Start for  13_1_1_1 [1/455]
Fin;generate all combinations 3360 ...time: 0.005071163177490234
Fin; energy prediction...time: 0.6446323394775391
Egy stat [-13.335523, -11.891066, -12.500686, 0.30197605]
Start for  12_2_1_1 [2/455]
Fin;generate all combinations 21840 ...time: 0.08241081237792969
Fin; energy prediction...time: 2.9643619060516357
Egy stat [-11.54626, -9.145425, -10.258404, 0.4606465]
Start for  12_1_2_1 [3/455]
Fin;generate all combinations 21840 ...time: 0.09091734886169434
Fin; energy prediction...time: 2.983471632003784
Egy stat [-13.98269, -11.831164, -13.037672, 0.35603255]
Start for  12_1_1_2 [4/455]
Fin;generate all combinations 21840 ...time: 0.03517746925354004
Fin; energy prediction...time: 3.05732798576355
Egy stat [-6.977394, -4.352946, -5.6195097, 0.43814707]
Start for  11_3_1_1 [5/455]
Fin;generate all combinations 87360 ...time: 0.3472003936767578
Fin; energy prediction...time: 11.089678049087524
Egy stat [-9.94439, -6.4611278, -8.217169, 0.61595166]
Start for  11_2_2_1 [6/455]
Fin;generate all combinations 131040 ...time: 0.3579435348510742
Fin; energy prediction...time: 16.33935236930847
Egy stat [-12.36405, -9.244236, -10.934134, 0.4863336]
Start for  11_2_1_2 [7/455]
Fin;generate all combinations 131040 ...time: 0.36420559883117676
Fin; energy prediction...time: 16.217294692993164
Egy stat [-5.3063784, -1.6727057, -3.5867944, 0.58379024]
Start for  11_1_3_1 [8/455]
Fin;generate all combinations 87360 ...time: 0.30765271186828613
Fin; energy prediction...time: 11.427951574325562
Egy stat [-14.716712, -12.034096, -13.639868, 0.4035814]
Start for  11_1_2_2 [9/455]
Fin;generate all combinations 131040 ...time: 0.4786505699157715
Fin; energy prediction...time: 16.50122380256653
Egy stat [-7.741279, -4.349484, -6.224688, 0.4850967]
Start for  11_1_1_3 [10/455]
Fin;generate all combinations 87360 ...time: 0.14740300178527832
Fin; energy prediction...time: 11.146433115005493
Egy stat [-0.50407505, 2.753358, 1.0186532, 0.5236964]
Start for  10_4_1_1 [11/455]
Fin;generate all combinations 240240 ...time: 0.9033324718475342
Fin; energy prediction...time: 30.002540826797485
Egy stat [-8.394182, -3.9091673, -6.3976684, 0.75489646]
Start for  10_3_2_1 [12/455]
Fin;generate all combinations 480480 ...time: 1.636305570602417
Fin; energy prediction...time: 60.54698181152344
Egy stat [-10.9860325, -6.8538265, -9.016944, 0.6224839]
Start for  10_3_1_2 [13/455]
Fin;generate all combinations 480480 ...time: 1.5326037406921387
Fin; energy prediction...time: 60.01085710525513
Egy stat [-3.6903725, 0.7910147, -1.7628236, 0.7130701]
Start for  10_2_3_1 [14/455]
Fin;generate all combinations 480480 ...time: 1.5702626705169678
Fin; energy prediction...time: 59.22909355163574
Egy stat [-13.290685, -9.594826, -11.659988, 0.51097274]
Start for  10_2_2_2 [15/455]
Fin;generate all combinations 720720 ...time: 2.308089256286621
Fin; energy prediction...time: 88.58293461799622
Egy stat [-6.1890736, -1.9154272, -4.322064, 0.6061154]
Start for  10_2_1_3 [16/455]
Fin;generate all combinations 480480 ...time: 1.7436981201171875
Fin; energy prediction...time: 60.44824171066284
Egy stat [0.99995613, 5.0982027, 2.8451514, 0.6500046]
Start for  10_1_4_1 [17/455]
Fin;generate all combinations 240240 ...time: 0.45484042167663574
Fin; energy prediction...time: 30.703114986419678
Egy stat [-15.558901, -12.266427, -14.3118725, 0.44003183]
Start for  10_1_3_2 [18/455]
Fin;generate all combinations 480480 ...time: 1.4742186069488525
Fin; energy prediction...time: 59.21265745162964
Egy stat [-8.555222, -4.4868035, -6.88183, 0.5281333]
Start for  10_1_2_3 [19/455]
Fin;generate all combinations 480480 ...time: 1.3031337261199951
Fin; energy prediction...time: 59.65415072441101
Egy stat [-1.4671221, 2.6065226, 0.34791195, 0.56777465]
Start for  10_1_1_4 [20/455]
Fin;generate all combinations 240240 ...time: 1.2078847885131836
Fin; energy prediction...time: 30.323212385177612
Egy stat [5.8365707, 9.412157, 7.4347615, 0.5616087]
Start for  9_5_1_1 [21/455]
Fin;generate all combinations 480480 ...time: 1.6121554374694824
Fin; energy prediction...time: 59.878111839294434
Egy stat [-7.3287907, -1.2310238, -4.8144183, 0.86475825]
Start for  9_4_2_1 [22/455]
Fin;generate all combinations 1201200 ...time: 4.114654064178467
Fin; energy prediction...time: 149.06151866912842
Egy stat [-9.576774, -4.373223, -7.305809, 0.74775857]
Start for  9_4_1_2 [23/455]
Fin;generate all combinations 1201200 ...time: 4.634784698486328
Fin; energy prediction...time: 151.11852645874023
Egy stat [-2.634571, 3.284936, -0.16147108, 0.814715]
Start for  9_3_3_1 [24/455]
Fin;generate all combinations 1601600 ...time: 4.161405563354492
Fin; energy prediction...time: 203.370943069458
Egy stat [-11.987074, -7.31427, -9.851804, 0.62991387]
Start for  9_3_2_2 [25/455]
Fin;generate all combinations 2402400 ...time: 5.767267465591431
Fin; energy prediction...time: 296.194210767746
Egy stat [-4.7759175, 0.35048294, -2.6127121, 0.71833384]
Start for  9_3_1_3 [26/455]
Fin;generate all combinations 1601600 ...time: 2.5371809005737305
Fin; energy prediction...time: 208.71056604385376
Egy stat [2.3068237, 7.491987, 4.46181, 0.7498439]
Start for  9_2_4_1 [27/455]
Fin;generate all combinations 1201200 ...time: 4.714400053024292
Fin; energy prediction...time: 152.71690130233765
Egy stat [-14.309157, -10.147161, -12.440194, 0.52961683]
Start for  9_2_3_2 [28/455]
Fin;generate all combinations 2402400 ...time: 7.731579542160034
Fin; energy prediction...time: 296.03437423706055
Egy stat [-7.270898, -2.5012903, -5.0939198, 0.62838197]
Start for  9_2_2_3 [29/455]
Fin;generate all combinations 2402400 ...time: 12.937708377838135
Fin; energy prediction...time: 293.6732659339905
Egy stat [-0.061831474, 4.786993, 2.0535839, 0.671724]
Start for  9_2_1_4 [30/455]
Fin;generate all combinations 1201200 ...time: 7.087125062942505
Fin; energy prediction...time: 149.72261881828308
Egy stat [7.0844936, 11.704039, 9.064432, 0.66662496]
Start for  9_1_5_1 [31/455]
Fin;generate all combinations 480480 ...time: 2.872545003890991
Fin; energy prediction...time: 59.907052516937256
Egy stat [-16.50424, -12.950218, -15.057617, 0.4647518]
Start for  9_1_4_2 [32/455]
Fin;generate all combinations 1201200 ...time: 3.4919488430023193
Fin; energy prediction...time: 147.585520029068
Egy stat [-9.522943, -5.107462, -7.5952573, 0.5622908]
Start for  9_1_3_3 [33/455]
Fin;generate all combinations 1601600 ...time: 4.299657106399536
Fin; energy prediction...time: 202.20557069778442
Egy stat [-2.4602356, 2.2624063, -0.36103296, 0.6097231]
Start for  9_1_2_4 [34/455]
Fin;generate all combinations 1201200 ...time: 1.9268579483032227
Fin; energy prediction...time: 148.01136374473572
Egy stat [4.718458, 9.228437, 6.701155, 0.6064542]
Start for  9_1_1_5 [35/455]
Fin;generate all combinations 480480 ...time: 2.9044575691223145
Fin; energy prediction...time: 59.421117067337036
Egy stat [12.030916, 15.759331, 13.65619, 0.5592722]
Start for  8_6_1_1 [36/455]
Fin;generate all combinations 720720 ...time: 2.910719156265259
Fin; energy prediction...time: 89.23750114440918
Egy stat [-6.2911506, 1.4300737, -3.4742186, 0.9342081]
Start for  8_5_2_1 [37/455]
Fin;generate all combinations 2162160 ...time: 7.482459545135498
Fin; energy prediction...time: 262.6299512386322
Egy stat [-8.68829, -2.0057116, -5.814668, 0.84756136]
Start for  8_5_1_2 [38/455]
Fin;generate all combinations 2162160 ...time: 8.716681241989136
Fin; energy prediction...time: 266.42947697639465
Egy stat [-1.822259, 5.796089, 1.2104751, 0.8797631]
Start for  8_4_3_1 [39/455]
Fin;generate all combinations 3603600 ...time: 16.262511730194092
Fin; energy prediction...time: 446.8953959941864
Egy stat [-10.794678, -5.2544303, -8.234147, 0.74252254]
Start for  8_4_2_2 [40/455]
Fin;generate all combinations 5405400 ...time: 15.056679010391235
Fin; energy prediction...time: 664.6326200962067
Egy stat [-3.8213482, 2.6726274, -1.1100047, 0.80761397]
Start for  8_4_1_3 [41/455]
Fin;generate all combinations 3603600 ...time: 14.652918815612793
Fin; energy prediction...time: 447.1615221500397
Egy stat [3.1270895, 9.969103, 5.862056, 0.8154165]
Start for  8_3_4_1 [42/455]
Fin;generate all combinations 3603600 ...time: 13.683877229690552
Fin; energy prediction...time: 442.6831467151642
Egy stat [-13.039775, -8.321911, -10.725725, 0.6342746]
Start for  8_3_3_2 [43/455]
Fin;generate all combinations 7207200 ...time: 34.68513345718384
Fin; energy prediction...time: 875.3658595085144
Egy stat [-5.928603, -0.25933838, -3.48405, 0.72504663]
Start for  8_3_2_3 [44/455]
Fin;generate all combinations 7207200 ...time: 26.61462640762329
Fin; energy prediction...time: 883.9363861083984
Egy stat [1.1540365, 6.998867, 3.5651782, 0.7559074]
Start for  8_3_1_4 [45/455]
Fin;generate all combinations 3603600 ...time: 17.280415534973145
Fin; energy prediction...time: 449.3640892505646
Egy stat [8.037544, 14.071072, 10.489905, 0.738827]
Start for  8_2_5_1 [46/455]
Fin;generate all combinations 2162160 ...time: 11.416666269302368
Fin; energy prediction...time: 268.6933789253235
Egy stat [-15.2994175, -11.1842785, -13.278515, 0.5407203]
Start for  8_2_4_2 [47/455]
Fin;generate all combinations 5405400 ...time: 20.27252197265625
Fin; energy prediction...time: 662.3056306838989
Egy stat [-8.273795, -3.04253, -5.9064226, 0.6458202]
Start for  8_2_3_3 [48/455]
Fin;generate all combinations 7207200 ...time: 38.162726402282715
Fin; energy prediction...time: 889.1446347236633
Egy stat [-1.1821442, 4.3648863, 1.2392237, 0.69425863]
Start for  8_2_2_4 [49/455]
Fin;generate all combinations 5405400 ...time: 25.47866988182068
Fin; energy prediction...time: 674.1537673473358
Egy stat [5.8842907, 11.379581, 8.219437, 0.69042367]
Start for  8_2_1_5 [50/455]
Fin;generate all combinations 2162160 ...time: 4.740711688995361
Fin; energy prediction...time: 278.0475113391876
Egy stat [12.825651, 18.143126, 15.104133, 0.6463879]
Start for  8_1_6_1 [51/455]
Fin;generate all combinations 720720 ...time: 6.101962089538574
Fin; energy prediction...time: 91.45861053466797
Egy stat [-17.650558, -13.999864, -15.880389, 0.4784801]
Start for  8_1_5_2 [52/455]
Fin;generate all combinations 2162160 ...time: 10.130893230438232
Fin; energy prediction...time: 266.447386264801
Egy stat [-10.589684, -5.8689384, -8.368751, 0.5864362]
Start for  8_1_4_3 [53/455]
Fin;generate all combinations 3603600 ...time: 13.583066940307617
Fin; energy prediction...time: 441.7796037197113
Egy stat [-3.5711842, 1.918745, -1.1123174, 0.644064]
Start for  8_1_3_4 [54/455]
Fin;generate all combinations 3603600 ...time: 21.663338899612427
Fin; energy prediction...time: 452.15085911750793
Egy stat [3.558154, 8.995792, 5.9433074, 0.65024424]
Start for  8_1_2_5 [55/455]
Fin;generate all combinations 2162160 ...time: 3.836655855178833
Fin; energy prediction...time: 279.3005266189575
Egy stat [10.774614, 15.4984455, 12.862006, 0.60876477]
Start for  8_1_1_6 [56/455]
Fin;generate all combinations 720720 ...time: 1.4128897190093994
Fin; energy prediction...time: 91.11960291862488
Egy stat [18.021774, 22.107655, 19.715733, 0.5311902]
Start for  7_7_1_1 [57/455]
Fin;generate all combinations 823680 ...time: 3.19913649559021
Fin; energy prediction...time: 103.38258266448975
Egy stat [-5.7867317, 3.5760956, -2.3747997, 0.955507]
Start for  7_6_2_1 [58/455]
Fin;generate all combinations 2882880 ...time: 12.660604000091553
Fin; energy prediction...time: 355.33061122894287
Egy stat [-7.8486047, 0.35304737, -4.550037, 0.909421]
Start for  7_6_1_2 [59/455]
Fin;generate all combinations 2882880 ...time: 18.85968565940857
Fin; energy prediction...time: 357.6787188053131
Egy stat [-0.9874811, 7.8653526, 2.3546638, 0.9025386]
Start for  7_5_3_1 [60/455]
Fin;generate all combinations 5765760 ...time: 29.52195906639099
Fin; energy prediction...time: 715.5675375461578
Egy stat [-9.994469, -3.017694, -6.82042, 0.8328089]
Start for  7_5_2_2 [61/455]
Fin;generate all combinations 8648640 ...time: 43.111865520477295
Fin; energy prediction...time: 1055.7045648097992
Egy stat [-3.2531834, 4.8588305, 0.17946838, 0.8632848]
Start for  7_5_1_3 [62/455]
Fin;generate all combinations 5765760 ...time: 24.695165872573853
Fin; energy prediction...time: 713.699667930603
Egy stat [3.9559984, 11.908239, 7.0471516, 0.8428532]
Start for  7_4_4_1 [63/455]
Fin;generate all combinations 7207200 ...time: 21.872283697128296
Fin; energy prediction...time: 916.5045013427734
Egy stat [-12.022247, -6.2164574, -9.186526, 0.73612714]
Start for  7_4_3_2 [64/455]
Fin;generate all combinations 14414400 ...time: 50.084877014160156
Fin; energy prediction...time: 1756.8164100646973
Egy stat [-5.025907, 1.7633944, -2.065143, 0.8025542]
Start for  7_4_2_3 [65/455]
Fin;generate all combinations 14414400 ...time: 71.32878279685974
Fin; energy prediction...time: 1825.9758548736572
Egy stat [1.779912, 9.063337, 4.8762097, 0.80984306]
Start for  7_4_1_4 [66/455]
Fin;generate all combinations 7207200 ...time: 14.103801012039185
Fin; energy prediction...time: 912.7046329975128
Egy stat [8.844423, 15.944212, 11.712277, 0.7755461]
Start for  7_3_5_1 [67/455]
Fin;generate all combinations 5765760 ...time: 36.264679193496704
Fin; energy prediction...time: 715.7633149623871
Egy stat [-14.204269, -9.271051, -11.642405, 0.634272]
Start for  7_3_4_2 [68/455]
Fin;generate all combinations 14414400 ...time: 56.50073313713074
Fin; energy prediction...time: 1771.955849647522
Egy stat [-7.0798197, -1.1150408, -4.3807435, 0.72924125]
Start for  7_3_3_3 [69/455]
Fin;generate all combinations 19219200 ...time: 93.67908501625061
Fin; energy prediction...time: 2414.370825767517
Egy stat [-0.0019168854, 6.163864, 2.6607597, 0.7637249]
Start for  7_3_2_4 [70/455]
Fin;generate all combinations 14414400 ...time: 56.02317667007446
Fin; energy prediction...time: 1851.2555632591248
Egy stat [6.725456, 13.26058, 9.549132, 0.7477168]
Start for  7_3_1_5 [71/455]
Fin;generate all combinations 5765760 ...time: 12.41252326965332
Fin; energy prediction...time: 726.2323267459869
Egy stat [13.771502, 19.92655, 16.360329, 0.69889593]
Start for  7_2_6_1 [72/455]
Fin;generate all combinations 2882880 ...time: 5.759683132171631
Fin; energy prediction...time: 368.54712080955505
Egy stat [-16.35816, -12.207234, -14.178231, 0.5444866]
Start for  7_2_5_2 [73/455]
Fin;generate all combinations 8648640 ...time: 44.37925934791565
Fin; energy prediction...time: 1077.1454331874847
Egy stat [-9.336932, -3.8674297, -6.763282, 0.65691835]
Start for  7_2_4_3 [74/455]
Fin;generate all combinations 14414400 ...time: 56.59948420524597
Fin; energy prediction...time: 1804.160992383957
Egy stat [-2.2929745, 3.5577269, 0.39810228, 0.7125149]
Start for  7_2_3_4 [75/455]
Fin;generate all combinations 14414400 ...time: 78.9061644077301
Fin; energy prediction...time: 1783.7521233558655
Egy stat [4.839656, 10.57703, 7.365382, 0.71538925]
Start for  7_2_2_5 [76/455]
Fin;generate all combinations 8648640 ...time: 43.11236763000488
Fin; energy prediction...time: 1077.584720134735
Egy stat [11.6132145, 17.454844, 14.207783, 0.675204]
Start for  7_2_1_6 [77/455]
Fin;generate all combinations 2882880 ...time: 21.398944854736328
Fin; energy prediction...time: 374.4693293571472
Egy stat [18.590158, 23.834042, 21.002409, 0.60958445]
Start for  7_1_7_1 [78/455]
Fin;generate all combinations 823680 ...time: 2.244536876678467
Fin; energy prediction...time: 105.23697280883789
Egy stat [-18.69396, -14.792105, -16.782774, 0.48236883]
Start for  7_1_6_2 [79/455]
Fin;generate all combinations 2882880 ...time: 7.712306022644043
Fin; energy prediction...time: 359.6718940734863
Egy stat [-11.537739, -6.663311, -9.205545, 0.60112673]
Start for  7_1_5_3 [80/455]
Fin;generate all combinations 5765760 ...time: 27.744980096817017
Fin; energy prediction...time: 713.4143636226654
Egy stat [-4.5848045, 1.1316338, -1.9096684, 0.6694138]
Start for  7_1_4_4 [81/455]
Fin;generate all combinations 7207200 ...time: 27.23944354057312
Fin; energy prediction...time: 886.2588686943054
Egy stat [2.4824781, 8.236786, 5.1571784, 0.6867078]
Start for  7_1_3_5 [82/455]
Fin;generate all combinations 5765760 ...time: 41.92700695991516
Fin; energy prediction...time: 713.5556781291962
Egy stat [9.542917, 14.88373, 12.057421, 0.6572456]
Start for  7_1_2_6 [83/455]
Fin;generate all combinations 2882880 ...time: 16.694536685943604
Fin; energy prediction...time: 366.94464349746704
Egy stat [16.753344, 21.44, 18.862438, 0.589659]
Start for  7_1_1_7 [84/455]
Fin;generate all combinations 823680 ...time: 2.1171913146972656
Fin; energy prediction...time: 104.71999502182007
Egy stat [23.824451, 27.741875, 25.65066, 0.5007242]
Start for  6_8_1_1 [85/455]
Fin;generate all combinations 720720 ...time: 1.4090831279754639
Fin; energy prediction...time: 92.67947387695312
Egy stat [-4.5548415, 3.9027529, -1.503725, 0.92636573]
Start for  6_7_2_1 [86/455]
Fin;generate all combinations 2882880 ...time: 13.960001945495605
Fin; energy prediction...time: 364.16469407081604
Egy stat [-6.6115875, 2.1109228, -3.509587, 0.9247443]
Start for  6_7_1_2 [87/455]
Fin;generate all combinations 2882880 ...time: 16.603288650512695
Fin; energy prediction...time: 360.4895510673523
Egy stat [-0.526494, 8.406374, 3.2823024, 0.8823527]
Start for  6_6_3_1 [88/455]
Fin;generate all combinations 6726720 ...time: 38.27866196632385
Fin; energy prediction...time: 827.937600851059
Egy stat [-8.662396, -1.0359392, -5.6168957, 0.8872032]
Start for  6_6_2_2 [89/455]
Fin;generate all combinations 10090080 ...time: 39.4458863735199
Fin; energy prediction...time: 1263.313345193863
Egy stat [-2.6540108, 6.584938, 1.2573436, 0.87851906]
Start for  6_6_1_3 [90/455]
Fin;generate all combinations 6726720 ...time: 12.340458631515503
Fin; energy prediction...time: 845.9608726501465
Egy stat [4.634631, 12.669062, 8.0273285, 0.83310354]
Start for  6_5_4_1 [91/455]
Fin;generate all combinations 10090080 ...time: 42.85628652572632
Fin; energy prediction...time: 1258.2500729560852
Egy stat [-10.7716, -3.9801288, -7.8355384, 0.8181823]
Start for  6_5_3_2 [92/455]
Fin;generate all combinations 20180160 ...time: 89.68385100364685
Fin; energy prediction...time: 2481.6191012859344
Egy stat [-4.5080767, 3.652547, -0.84361255, 0.84887177]
Start for  6_5_2_3 [93/455]
Fin;generate all combinations 20180160 ...time: 82.00411009788513
Fin; energy prediction...time: 2502.13578748703
Egy stat [2.3684702, 10.727352, 5.98784, 0.8280174]
Start for  6_5_1_4 [94/455]
Fin;generate all combinations 10090080 ...time: 57.91651225090027
Fin; energy prediction...time: 1269.911910533905
Egy stat [9.720434, 16.96903, 12.741059, 0.7791887]
Start for  6_4_5_1 [95/455]
Fin;generate all combinations 10090080 ...time: 60.78636455535889
Fin; energy prediction...time: 1279.903180360794
Egy stat [-12.786854, -7.153269, -10.166734, 0.7278126]
Start for  6_4_4_2 [96/455]
Fin;generate all combinations 25225200 ...time: 79.07275056838989
Fin; energy prediction...time: 3123.6050112247467
Egy stat [-6.2690506, 0.9424696, -3.0307739, 0.7963337]
Start for  6_4_3_3 [97/455]
Fin;generate all combinations 33633600 ...time: 167.7140622138977
Fin; energy prediction...time: 4184.774260044098
Egy stat [0.513381, 7.9536037, 3.897169, 0.8060292]
Start for  6_4_2_4 [98/455]
Fin;generate all combinations 25225200 ...time: 113.52961540222168
Fin; energy prediction...time: 3149.5132296085358
Egy stat [7.293684, 15.121094, 10.691126, 0.77303493]
Start for  6_4_1_5 [99/455]
Fin;generate all combinations 10090080 ...time: 72.22400140762329
Fin; energy prediction...time: 1288.9668250083923
Egy stat [14.677803, 21.271849, 17.43381, 0.7205535]
Start for  6_3_6_1 [100/455]
Fin;generate all combinations 6726720 ...time: 33.77944040298462
Fin; energy prediction...time: 844.8990976810455
Egy stat [-15.021435, -10.150843, -12.605253, 0.6302722]
Start for  6_3_5_2 [101/455]
Fin;generate all combinations 20180160 ...time: 90.14006471633911
Fin; energy prediction...time: 2525.186183691025
Egy stat [-8.159753, -1.9874401, -5.306555, 0.72973776]
Start for  6_3_4_3 [102/455]
Fin;generate all combinations 33633600 ...time: 150.44948363304138
Fin; energy prediction...time: 4220.3493547439575
Egy stat [-1.2283916, 5.4098177, 1.7446367, 0.76896536]
Start for  6_3_3_4 [103/455]
Fin;generate all combinations 33633600 ...time: 194.9111409187317
Fin; energy prediction...time: 4228.397794485092
Egy stat [5.4564304, 12.292213, 8.613942, 0.7580738]
Start for  6_3_2_5 [104/455]
Fin;generate all combinations 20180160 ...time: 98.48473167419434
Fin; energy prediction...time: 2618.0233340263367
Egy stat [12.306923, 19.08536, 15.376901, 0.71305794]
Start for  6_3_1_6 [105/455]
Fin;generate all combinations 6726720 ...time: 14.812908172607422
Fin; energy prediction...time: 857.25452709198
Egy stat [19.693174, 25.594013, 22.116608, 0.6561463]
Start for  6_2_7_1 [106/455]
Fin;generate all combinations 2882880 ...time: 6.289302110671997
Fin; energy prediction...time: 387.11945128440857
Egy stat [-17.142931, -13.064423, -15.142066, 0.5419285]
Start for  6_2_6_2 [107/455]
Fin;generate all combinations 10090080 ...time: 45.63778328895569
Fin; energy prediction...time: 1243.6686525344849
Egy stat [-10.473104, -4.659592, -7.6678443, 0.6620028]
Start for  6_2_5_3 [108/455]
Fin;generate all combinations 20180160 ...time: 94.41259455680847
Fin; energy prediction...time: 2544.0741679668427
Egy stat [-3.3731623, 2.7415476, -0.47355077, 0.7249686]
Start for  6_2_4_4 [109/455]
Fin;generate all combinations 25225200 ...time: 99.43627190589905
Fin; energy prediction...time: 3142.1996524333954
Egy stat [3.7078514, 9.869999, 6.4983063, 0.735733]
Start for  6_2_3_5 [110/455]
Fin;generate all combinations 20180160 ...time: 137.8123710155487
Fin; energy prediction...time: 2513.002198457718
Egy stat [10.458141, 16.695784, 13.315752, 0.70468694]
Start for  6_2_2_6 [111/455]
Fin;generate all combinations 10090080 ...time: 61.06565761566162
Fin; energy prediction...time: 1278.5193057060242
Egy stat [17.174837, 23.263237, 20.05563, 0.6469634]
Start for  6_2_1_7 [112/455]
Fin;generate all combinations 2882880 ...time: 7.521336555480957
Fin; energy prediction...time: 364.05603528022766
Egy stat [24.547962, 29.469704, 26.801548, 0.58331275]
Start for  6_1_8_1 [113/455]
Fin;generate all combinations 720720 ...time: 2.1044652462005615
Fin; energy prediction...time: 96.98459148406982
Egy stat [-19.527733, -15.55538, -17.766598, 0.4775599]
Start for  6_1_7_2 [114/455]
Fin;generate all combinations 2882880 ...time: 16.441290855407715
Fin; energy prediction...time: 370.2429461479187
Egy stat [-12.5875845, -7.533341, -10.108317, 0.6075907]
Start for  6_1_6_3 [115/455]
Fin;generate all combinations 6726720 ...time: 30.667580604553223
Fin; energy prediction...time: 860.2110211849213
Egy stat [-5.6593137, 0.37753963, -2.7563977, 0.6863946]
Start for  6_1_5_4 [116/455]
Fin;generate all combinations 10090080 ...time: 43.07614254951477
Fin; energy prediction...time: 1276.634871006012
Egy stat [1.4311142, 7.4768944, 4.3389845, 0.7143064]
Start for  6_1_4_5 [117/455]
Fin;generate all combinations 10090080 ...time: 48.47239422798157
Fin; energy prediction...time: 1281.2396004199982
Egy stat [8.506203, 14.217772, 11.238396, 0.6973666]
Start for  6_1_3_6 [118/455]
Fin;generate all combinations 6726720 ...time: 34.70748424530029
Fin; energy prediction...time: 833.3156213760376
Egy stat [15.395382, 20.703901, 18.012146, 0.64570373]
Start for  6_1_2_7 [119/455]
Fin;generate all combinations 2882880 ...time: 5.116161823272705
Fin; energy prediction...time: 371.6558816432953
Egy stat [22.47459, 27.268723, 24.738585, 0.5725158]
Start for  6_1_1_8 [120/455]
Fin;generate all combinations 720720 ...time: 1.9246139526367188
Fin; energy prediction...time: 100.46144032478333
Egy stat [29.882309, 33.59593, 31.50189, 0.49648026]
Start for  5_9_1_1 [121/455]
Fin;generate all combinations 480480 ...time: 1.044971227645874
Fin; energy prediction...time: 67.64887571334839
Egy stat [-3.3900933, 3.1946802, -0.8374969, 0.8511382]
Start for  5_8_2_1 [122/455]
Fin;generate all combinations 2162160 ...time: 11.050863265991211
Fin; energy prediction...time: 271.2078833580017
Egy stat [-5.4497404, 2.5504456, -2.6809993, 0.8905284]
Start for  5_8_1_2 [123/455]
Fin;generate all combinations 2162160 ...time: 13.405510425567627
Fin; energy prediction...time: 269.6171703338623
Egy stat [0.712409, 9.210968, 4.0150647, 0.8247272]
Start for  5_7_3_1 [124/455]
Fin;generate all combinations 5765760 ...time: 35.03283429145813
Fin; energy prediction...time: 715.1324656009674
Egy stat [-7.423323, 0.6575203, -4.621198, 0.8962633]
Start for  5_7_2_2 [125/455]
Fin;generate all combinations 8648640 ...time: 38.953800678253174
Fin; energy prediction...time: 1071.2114675045013
Egy stat [-1.3679819, 7.0006886, 2.1347013, 0.8518138]
Start for  5_7_1_3 [126/455]
Fin;generate all combinations 5765760 ...time: 43.33568453788757
Fin; energy prediction...time: 724.6812217235565
Egy stat [4.867694, 13.388689, 8.822706, 0.79284436]
Start for  5_6_4_1 [127/455]
Fin;generate all combinations 10090080 ...time: 46.95275378227234
Fin; energy prediction...time: 1237.4239876270294
Egy stat [-9.464652, -2.430665, -6.6788425, 0.8658868]
Start for  5_6_3_2 [128/455]
Fin;generate all combinations 20180160 ...time: 97.85421466827393
Fin; energy prediction...time: 2478.3880014419556
Egy stat [-3.4882812, 5.198744, 0.18218225, 0.85612416]
Start for  5_6_2_3 [129/455]
Fin;generate all combinations 20180160 ...time: 100.29100728034973
Fin; energy prediction...time: 2569.758058309555
Egy stat [3.478221, 11.449162, 6.910109, 0.8103847]
Start for  5_6_1_4 [130/455]
Fin;generate all combinations 10090080 ...time: 18.400203466415405
Fin; energy prediction...time: 1339.3869335651398
Egy stat [10.014896, 18.03724, 13.5951, 0.75743854]
Start for  5_5_5_1 [131/455]
Fin;generate all combinations 12108096 ...time: 19.43068790435791
Fin; energy prediction...time: 1600.954752922058
Egy stat [-11.522467, -5.3212433, -8.864008, 0.80352604]
Start for  5_5_4_2 [132/455]
Fin;generate all combinations 30270240 ...time: 95.55222725868225
Fin; energy prediction...time: 3896.213279724121
Egy stat [-5.33072, 2.3104267, -1.8627734, 0.834007]
Start for  5_5_3_3 [133/455]
Fin;generate all combinations 40360320 ...time: 186.7661395072937
Fin; energy prediction...time: 5015.823941230774
Egy stat [1.1918077, 9.498005, 4.9495425, 0.81436515]
Start for  5_5_2_4 [134/455]
Fin;generate all combinations 30270240 ...time: 222.53849291801453
Fin; energy prediction...time: 3802.926551103592
Egy stat [8.539343, 15.703953, 11.654644, 0.76738495]
Start for  5_5_1_5 [135/455]
Fin;generate all combinations 12108096 ...time: 25.28243398666382
Fin; energy prediction...time: 1540.2972269058228
Egy stat [15.110352, 22.279827, 18.342438, 0.7198378]
Start for  5_4_6_1 [136/455]
Fin;generate all combinations 10090080 ...time: 67.39053773880005
Fin; energy prediction...time: 1261.7261099815369
Egy stat [-13.573923, -8.192785, -11.178366, 0.7183867]
Start for  5_4_5_2 [137/455]
Fin;generate all combinations 30270240 ...time: 135.8365993499756
Fin; energy prediction...time: 3768.973881959915
Egy stat [-7.0527673, -0.36132336, -4.0108404, 0.78833187]
Start for  5_4_4_3 [138/455]
Fin;generate all combinations 50450400 ...time: 211.20790433883667
Fin; energy prediction...time: 6290.937089920044
Egy stat [-0.6521187, 6.8087273, 2.9209414, 0.800376]
Start for  5_4_3_4 [139/455]
Fin;generate all combinations 50450400 ...time: 298.96551990509033
Fin; energy prediction...time: 6376.058442831039
Egy stat [6.1715717, 13.904995, 9.689737, 0.7713899]
Start for  5_4_2_5 [140/455]
Fin;generate all combinations 30270240 ...time: 165.47023630142212
Fin; energy prediction...time: 3880.1788368225098
Egy stat [13.525709, 20.226078, 16.378046, 0.72359955]
Start for  5_4_1_6 [141/455]
Fin;generate all combinations 10090080 ...time: 23.814574241638184
Fin; energy prediction...time: 1311.9976105690002
Egy stat [20.243805, 27.010132, 23.075535, 0.68047625]
Start for  5_3_7_1 [142/455]
Fin;generate all combinations 5765760 ...time: 12.51504373550415
Fin; energy prediction...time: 741.9413323402405
Egy stat [-15.81786, -11.134927, -13.6172495, 0.6235435]
Start for  5_3_6_2 [143/455]
Fin;generate all combinations 20180160 ...time: 91.4542932510376
Fin; energy prediction...time: 2507.3092710971832
Egy stat [-8.988341, -3.0566635, -6.265066, 0.72714734]
Start for  5_3_5_3 [144/455]
Fin;generate all combinations 40360320 ...time: 200.4156036376953
Fin; energy prediction...time: 5068.7282547950745
Egy stat [-2.3851566, 4.2349863, 0.81288373, 0.77051777]
Start for  5_3_4_4 [145/455]
Fin;generate all combinations 50450400 ...time: 269.7294571399689
Fin; energy prediction...time: 6339.247524738312
Egy stat [4.3224106, 11.525486, 7.6803775, 0.7648735]
Start for  5_3_3_5 [146/455]
Fin;generate all combinations 40360320 ...time: 199.28791308403015
Fin; energy prediction...time: 5313.212118864059
Egy stat [11.111908, 18.15946, 14.411967, 0.727644]
Start for  5_3_2_6 [147/455]
Fin;generate all combinations 20180160 ...time: 39.86146378517151
Fin; energy prediction...time: 2574.644051551819
Egy stat [18.399042, 24.573105, 21.090778, 0.6791988]
Start for  5_3_1_7 [148/455]
Fin;generate all combinations 5765760 ...time: 15.157581806182861
Fin; energy prediction...time: 769.3227071762085
Egy stat [25.210281, 30.937359, 27.806208, 0.63855857]
Start for  5_2_8_1 [149/455]
Fin;generate all combinations 2162160 ...time: 21.080092906951904
Fin; energy prediction...time: 290.8485674858093
Egy stat [-18.055021, -13.872929, -16.172121, 0.53432345]
Start for  5_2_7_2 [150/455]
Fin;generate all combinations 8648640 ...time: 39.02685022354126
Fin; energy prediction...time: 1094.1860179901123
Egy stat [-11.279623, -5.696313, -8.623045, 0.6623148]
Start for  5_2_6_3 [151/455]
Fin;generate all combinations 20180160 ...time: 93.98312902450562
Fin; energy prediction...time: 2610.0639305114746
Egy stat [-4.422608, 1.8147469, -1.3792686, 0.7321958]
Start for  5_2_5_4 [152/455]
Fin;generate all combinations 30270240 ...time: 140.84115409851074
Fin; energy prediction...time: 3851.354577064514
Egy stat [2.6039896, 8.965723, 5.6142945, 0.74989575]
Start for  5_2_4_5 [153/455]
Fin;generate all combinations 30270240 ...time: 119.35484433174133
Fin; energy prediction...time: 3954.1681413650513
Egy stat [9.30896, 16.009071, 12.424003, 0.72798055]
Start for  5_2_3_6 [154/455]
Fin;generate all combinations 20180160 ...time: 107.41480660438538
Fin; energy prediction...time: 2567.953390598297
Egy stat [16.012018, 22.331413, 19.125902, 0.68346155]
Start for  5_2_2_7 [155/455]
Fin;generate all combinations 8648640 ...time: 17.795855045318604
Fin; energy prediction...time: 1117.2524111270905
Egy stat [23.338192, 28.848358, 25.804018, 0.63344604]
Start for  5_2_1_8 [156/455]
Fin;generate all combinations 2162160 ...time: 25.952899932861328
Fin; energy prediction...time: 277.20430278778076
Egy stat [30.331745, 35.39782, 32.54739, 0.5916452]
Start for  5_1_9_1 [157/455]
Fin;generate all combinations 480480 ...time: 1.5173141956329346
Fin; energy prediction...time: 70.80426073074341
Egy stat [-20.46274, -16.637455, -18.832853, 0.46496594]
Start for  5_1_8_2 [158/455]
Fin;generate all combinations 2162160 ...time: 9.537902593612671
Fin; energy prediction...time: 277.8482446670532
Egy stat [-13.3956375, -8.397473, -11.079037, 0.60719126]
Start for  5_1_7_3 [159/455]
Fin;generate all combinations 5765760 ...time: 29.0588059425354
Fin; energy prediction...time: 731.9562056064606
Egy stat [-6.7353935, -0.59281826, -3.6553397, 0.69651055]
Start for  5_1_6_4 [160/455]
Fin;generate all combinations 10090080 ...time: 52.694159507751465
Fin; energy prediction...time: 1243.485241651535
Egy stat [0.31265354, 6.527708, 3.4852319, 0.73391694]
Start for  5_1_5_5 [161/455]
Fin;generate all combinations 12108096 ...time: 61.74167609214783
Fin; energy prediction...time: 1499.3901925086975
Egy stat [7.3505783, 13.5921135, 10.4009905, 0.7275318]
Start for  5_1_4_6 [162/455]
Fin;generate all combinations 10090080 ...time: 44.011744260787964
Fin; energy prediction...time: 1269.6979794502258
Egy stat [14.242653, 20.127033, 17.16071, 0.69071174]
Start for  5_1_3_7 [163/455]
Fin;generate all combinations 5765760 ...time: 32.38320016860962
Fin; energy prediction...time: 725.0699660778046
Egy stat [21.262012, 26.766628, 23.842167, 0.6389031]
Start for  5_1_2_8 [164/455]
Fin;generate all combinations 2162160 ...time: 4.45180082321167
Fin; energy prediction...time: 284.45151710510254
Egy stat [28.506516, 33.265182, 30.530048, 0.5843422]
Start for  5_1_1_9 [165/455]
Fin;generate all combinations 480480 ...time: 1.3999111652374268
Fin; energy prediction...time: 70.4737138748169
Egy stat [35.50458, 39.394524, 37.31345, 0.5350293]
Start for  4_10_1_1 [166/455]
Fin;generate all combinations 240240 ...time: 0.565173864364624
Fin; energy prediction...time: 38.594027042388916
Egy stat [-2.4907331, 2.808238, -0.3407665, 0.74109083]
Start for  4_9_2_1 [167/455]
Fin;generate all combinations 1201200 ...time: 5.005208969116211
Fin; energy prediction...time: 161.5254831314087
Egy stat [-4.3956366, 2.1733532, -2.0410216, 0.8105735]
Start for  4_9_1_2 [168/455]
Fin;generate all combinations 1201200 ...time: 5.177492380142212
Fin; energy prediction...time: 158.04928302764893
Egy stat [1.8152361, 8.817577, 4.585929, 0.7414565]
Start for  4_8_3_1 [169/455]
Fin;generate all combinations 3603600 ...time: 17.499756574630737
Fin; energy prediction...time: 449.2648859024048
Egy stat [-6.397017, 0.94375134, -3.8211365, 0.85637355]
Start for  4_8_2_2 [170/455]
Fin;generate all combinations 5405400 ...time: 23.82313323020935
Fin; energy prediction...time: 679.3617036342621
Egy stat [-0.17910099, 8.309143, 2.8330123, 0.7882832]
Start for  4_8_1_3 [171/455]
Fin;generate all combinations 3603600 ...time: 15.576916694641113
Fin; energy prediction...time: 467.09605860710144
Egy stat [6.0573273, 14.106495, 9.464152, 0.7339958]
Start for  4_7_4_1 [172/455]
Fin;generate all combinations 7207200 ...time: 27.97236466407776
Fin; energy prediction...time: 885.3879771232605
Egy stat [-8.371075, -0.72136116, -5.71407, 0.869049]
Start for  4_7_3_2 [173/455]
Fin;generate all combinations 14414400 ...time: 60.410367012023926
Fin; energy prediction...time: 1885.7575497627258
Egy stat [-2.1851072, 5.6149616, 1.0232123, 0.82214725]
Start for  4_7_2_3 [174/455]
Fin;generate all combinations 14414400 ...time: 96.41624569892883
Fin; energy prediction...time: 1801.516329050064
Egy stat [3.9945898, 12.526955, 7.6629324, 0.76330197]
Start for  4_7_1_4 [175/455]
Fin;generate all combinations 7207200 ...time: 45.45216464996338
Fin; energy prediction...time: 919.418422460556
Egy stat [10.9558525, 18.504139, 14.303414, 0.7219732]
Start for  4_6_5_1 [176/455]
Fin;generate all combinations 10090080 ...time: 51.25679969787598
Fin; energy prediction...time: 1268.00324177742
Egy stat [-10.2491045, -3.7699022, -7.7402544, 0.84598976]
Start for  4_6_4_2 [177/455]
Fin;generate all combinations 25225200 ...time: 113.00623559951782
Fin; energy prediction...time: 3138.543066263199
Egy stat [-4.3066735, 4.1145163, -0.87511724, 0.8334992]
Start for  4_6_3_3 [178/455]
Fin;generate all combinations 33633600 ...time: 160.23389172554016
Fin; energy prediction...time: 4181.219285488129
Egy stat [2.6395016, 10.1340885, 5.827791, 0.7879456]
Start for  4_6_2_4 [179/455]
Fin;generate all combinations 25225200 ...time: 105.85752463340759
Fin; energy prediction...time: 3177.4692833423615
Egy stat [8.776367, 17.318071, 12.458238, 0.73807895]
Start for  4_6_1_5 [180/455]
Fin;generate all combinations 10090080 ...time: 79.93950986862183
Fin; energy prediction...time: 1258.4202094078064
Egy stat [16.002474, 23.016968, 19.113684, 0.7078227]
Start for  4_5_6_1 [181/455]
Fin;generate all combinations 10090080 ...time: 61.996339559555054
Fin; energy prediction...time: 1290.9877853393555
Egy stat [-12.280125, -6.538507, -9.909863, 0.7902053]
Start for  4_5_5_2 [182/455]
Fin;generate all combinations 30270240 ...time: 119.74344086647034
Fin; energy prediction...time: 3779.6152803897858
Egy stat [-6.1172833, 1.1445312, -2.8822873, 0.8187435]
Start for  4_5_4_3 [183/455]
Fin;generate all combinations 50450400 ...time: 215.1790895462036
Fin; energy prediction...time: 6283.06885433197
Egy stat [0.35277462, 8.503458, 3.9280455, 0.79896724]
Start for  4_5_3_4 [184/455]
Fin;generate all combinations 50450400 ...time: 283.69126653671265
Fin; energy prediction...time: 6456.475604295731
Egy stat [7.4137535, 14.424604, 10.601709, 0.7554502]
Start for  4_5_2_5 [185/455]
Fin;generate all combinations 30270240 ...time: 55.85841464996338
Fin; energy prediction...time: 3716.7402381896973
Egy stat [13.886219, 21.604446, 17.228672, 0.714538]
Start for  4_5_1_6 [186/455]
Fin;generate all combinations 10090080 ...time: 78.1260437965393
Fin; energy prediction...time: 1281.9815108776093
Egy stat [21.097025, 27.653141, 23.905447, 0.6929332]
Start for  4_4_7_1 [187/455]
Fin;generate all combinations 7207200 ...time: 16.30586266517639
Fin; energy prediction...time: 907.7744832038879
Egy stat [-14.498125, -9.3810005, -12.224785, 0.70953506]
Start for  4_4_6_2 [188/455]
Fin;generate all combinations 25225200 ...time: 98.85351085662842
Fin; energy prediction...time: 3154.663101196289
Egy stat [-7.834403, -1.598382, -5.009266, 0.77969074]
Start for  4_4_5_3 [189/455]
Fin;generate all combinations 50450400 ...time: 226.14592838287354
Fin; energy prediction...time: 6267.279705524445
Egy stat [-1.4387684, 5.6965084, 1.9433167, 0.7923973]
Start for  4_4_4_4 [190/455]
Fin;generate all combinations 63063000 ...time: 304.5969514846802
Fin; energy prediction...time: 8139.315823793411
Egy stat [5.01509, 13.47364, 8.7039175, 0.7662886]
Start for  4_4_3_5 [191/455]
Fin;generate all combinations 50450400 ...time: 364.15941548347473
Fin; energy prediction...time: 6500.480705738068
Egy stat [12.29471, 18.97153, 15.354312, 0.7261487]
Start for  4_4_2_6 [192/455]
Fin;generate all combinations 25225200 ...time: 164.36314487457275
Fin; energy prediction...time: 3241.43049120903
Egy stat [18.945797, 26.48423, 21.984507, 0.69375616]
Start for  4_4_1_7 [193/455]
Fin;generate all combinations 7207200 ...time: 67.3674566745758
Fin; energy prediction...time: 930.6306149959564
Egy stat [26.01831, 32.128387, 28.69, 0.67739916]
Start for  4_3_8_1 [194/455]
Fin;generate all combinations 3603600 ...time: 23.205833196640015
Fin; energy prediction...time: 449.1725242137909
Egy stat [-16.769487, -12.04425, -14.680788, 0.6156946]
Start for  4_3_7_2 [195/455]
Fin;generate all combinations 14414400 ...time: 76.20845818519592
Fin; energy prediction...time: 1826.9240279197693
Egy stat [-9.7590275, -4.1667795, -7.2595654, 0.72305113]
Start for  4_3_6_3 [196/455]
Fin;generate all combinations 33633600 ...time: 152.36102533340454
Fin; energy prediction...time: 4245.4625906944275
Egy stat [-3.103694, 3.1524467, -0.13836227, 0.7693597]
Start for  4_3_5_4 [197/455]
Fin;generate all combinations 50450400 ...time: 222.92116284370422
Fin; energy prediction...time: 6426.271840810776
Egy stat [3.2473993, 10.788576, 6.744217, 0.7670277]
Start for  4_3_4_5 [198/455]
Fin;generate all combinations 50450400 ...time: 227.46735310554504
Fin; energy prediction...time: 6487.750844955444
Egy stat [9.941414, 17.442072, 13.461199, 0.73653]
Start for  4_3_3_6 [199/455]
Fin;generate all combinations 33633600 ...time: 185.6225709915161
Fin; energy prediction...time: 4283.367032051086
Egy stat [17.19029, 23.80479, 20.095396, 0.701053]
Start for  4_3_2_7 [200/455]
Fin;generate all combinations 14414400 ...time: 96.17555856704712
Fin; energy prediction...time: 1890.816492319107
Egy stat [23.94262, 30.477104, 26.73677, 0.6756462]
Start for  4_3_1_8 [201/455]
Fin;generate all combinations 3603600 ...time: 9.967410802841187
Fin; energy prediction...time: 490.9186477661133
Egy stat [31.20007, 36.9729, 33.479774, 0.6597888]
Start for  4_2_9_1 [202/455]
Fin;generate all combinations 1201200 ...time: 3.4012534618377686
Fin; energy prediction...time: 161.27434253692627
Egy stat [-19.052364, -15.027792, -17.26968, 0.52289325]
Start for  4_2_8_2 [203/455]
Fin;generate all combinations 5405400 ...time: 20.227286338806152
Fin; energy prediction...time: 704.2764663696289
Egy stat [-12.098994, -6.6912136, -9.631231, 0.65939206]
Start for  4_2_7_3 [204/455]
Fin;generate all combinations 14414400 ...time: 79.898916721344
Fin; energy prediction...time: 1832.2783117294312
Egy stat [-5.2631927, 0.9259567, -2.322255, 0.7358439]
Start for  4_2_6_4 [205/455]
Fin;generate all combinations 25225200 ...time: 111.81245875358582
Fin; energy prediction...time: 3195.4842665195465
Egy stat [1.5120564, 8.334803, 4.7095237, 0.7588398]
Start for  4_2_5_5 [206/455]
Fin;generate all combinations 30270240 ...time: 162.10581707954407
Fin; energy prediction...time: 3829.328294277191
Egy stat [8.193417, 15.039679, 11.528323, 0.7434637]
Start for  4_2_4_6 [207/455]
Fin;generate all combinations 25225200 ...time: 117.71286964416504
Fin; energy prediction...time: 3304.0712616443634
Egy stat [14.811405, 21.938763, 18.209063, 0.71080506]
Start for  4_2_3_7 [208/455]
Fin;generate all combinations 14414400 ...time: 31.96012258529663
Fin; energy prediction...time: 1889.1240866184235
Egy stat [22.07853, 28.132793, 24.83538, 0.680412]
Start for  4_2_2_8 [209/455]
Fin;generate all combinations 5405400 ...time: 39.70835590362549
Fin; energy prediction...time: 723.3525767326355
Egy stat [28.986591, 35.13311, 31.497347, 0.6586974]
Start for  4_2_1_9 [210/455]
Fin;generate all combinations 1201200 ...time: 3.271031141281128
Fin; energy prediction...time: 159.06725120544434
Egy stat [36.431175, 40.930077, 38.28865, 0.636962]
Start for  4_1_10_1 [211/455]
Fin;generate all combinations 240240 ...time: 0.9069387912750244
Fin; energy prediction...time: 41.620662450790405
Egy stat [-21.451752, -18.152782, -19.981537, 0.4451694]
Start for  4_1_9_2 [212/455]
Fin;generate all combinations 1201200 ...time: 2.177006483078003
Fin; energy prediction...time: 154.88364911079407
Egy stat [-14.263988, -9.405801, -12.118922, 0.60111964]
Start for  4_1_8_3 [213/455]
Fin;generate all combinations 3603600 ...time: 13.019044160842896
Fin; energy prediction...time: 460.1044945716858
Egy stat [-7.5285006, -1.4144697, -4.6087575, 0.7014965]
Start for  4_1_7_4 [214/455]
Fin;generate all combinations 7207200 ...time: 37.56492567062378
Fin; energy prediction...time: 909.4817891120911
Egy stat [-0.74274826, 5.7037354, 2.5928013, 0.7475313]
Start for  4_1_6_5 [215/455]
Fin;generate all combinations 10090080 ...time: 47.94201970100403
Fin; energy prediction...time: 1291.8050653934479
Egy stat [6.177395, 12.650909, 9.541439, 0.7490728]
Start for  4_1_5_6 [216/455]
Fin;generate all combinations 10090080 ...time: 45.276163816452026
Fin; energy prediction...time: 1307.6516551971436
Egy stat [13.059261, 19.316505, 16.303991, 0.72314966]
Start for  4_1_4_7 [217/455]
Fin;generate all combinations 7207200 ...time: 39.83094334602356
Fin; energy prediction...time: 920.4438741207123
Egy stat [20.000193, 26.135319, 22.957134, 0.6900638]
Start for  4_1_3_8 [218/455]
Fin;generate all combinations 3603600 ...time: 7.644513845443726
Fin; energy prediction...time: 469.38593792915344
Egy stat [27.183914, 32.885456, 29.58555, 0.6634598]
Start for  4_1_2_9 [219/455]
Fin;generate all combinations 1201200 ...time: 2.937328338623047
Fin; energy prediction...time: 158.02383255958557
Egy stat [34.089348, 39.198875, 36.279522, 0.6398241]
Start for  4_1_1_10 [220/455]
Fin;generate all combinations 240240 ...time: 0.7309606075286865
Fin; energy prediction...time: 41.761337757110596
Egy stat [41.53933, 45.658627, 43.132088, 0.60388535]
Start for  3_11_1_1 [221/455]
Fin;generate all combinations 87360 ...time: 0.29793858528137207
Fin; energy prediction...time: 20.384599924087524
Egy stat [-1.6359844, 2.286107, 0.034409594, 0.6132114]
Start for  3_10_2_1 [222/455]
Fin;generate all combinations 480480 ...time: 2.1006534099578857
Fin; energy prediction...time: 67.91487073898315
Egy stat [-3.4342556, 1.5529356, -1.5547533, 0.69612306]
Start for  3_10_1_2 [223/455]
Fin;generate all combinations 480480 ...time: 2.5358264446258545
Fin; energy prediction...time: 68.99722695350647
Egy stat [2.8688688, 8.210842, 5.0399594, 0.6484249]
Start for  3_9_3_1 [224/455]
Fin;generate all combinations 1601600 ...time: 6.586359977722168
Fin; energy prediction...time: 206.70488047599792
Egy stat [-5.3545113, 0.43256092, -3.1937606, 0.77115136]
Start for  3_9_2_2 [225/455]
Fin;generate all combinations 2402400 ...time: 9.981156826019287
Fin; energy prediction...time: 308.55808091163635
Egy stat [0.8984833, 7.603401, 3.3849773, 0.7002012]
Start for  3_9_1_3 [226/455]
Fin;generate all combinations 1601600 ...time: 2.9024877548217773
Fin; energy prediction...time: 215.69267773628235
Egy stat [7.1680202, 13.733852, 9.994065, 0.6703374]
Start for  3_8_4_1 [227/455]
Fin;generate all combinations 3603600 ...time: 16.731086015701294
Fin; energy prediction...time: 459.7528975009918
Egy stat [-7.336756, -0.1781683, -4.9291787, 0.82366705]
Start for  3_8_3_2 [228/455]
Fin;generate all combinations 7207200 ...time: 32.28138828277588
Fin; energy prediction...time: 910.8090789318085
Egy stat [-1.0990038, 6.5237083, 1.7007638, 0.7520775]
Start for  3_8_2_3 [229/455]
Fin;generate all combinations 7207200 ...time: 37.05996775627136
Fin; energy prediction...time: 920.5790433883667
Egy stat [5.1744576, 13.149878, 8.277007, 0.69951934]
Start for  3_8_1_4 [230/455]
Fin;generate all combinations 3603600 ...time: 6.9596381187438965
Fin; energy prediction...time: 465.42955708503723
Egy stat [11.392399, 19.782877, 14.906033, 0.6840263]
Start for  3_7_5_1 [231/455]
Fin;generate all combinations 5765760 ...time: 23.057649612426758
Fin; energy prediction...time: 739.5202369689941
Egy stat [-9.260194, -2.0374966, -6.793126, 0.84444904]
Start for  3_7_4_2 [232/455]
Fin;generate all combinations 14414400 ...time: 70.25547981262207
Fin; energy prediction...time: 1848.117294549942
Egy stat [-3.0902405, 4.2815657, -0.056952808, 0.792221]
Start for  3_7_3_3 [233/455]
Fin;generate all combinations 19219200 ...time: 82.79507112503052
Fin; energy prediction...time: 2508.8156611919403
Egy stat [3.1533194, 10.890102, 6.551701, 0.73333836]
Start for  3_7_2_4 [234/455]
Fin;generate all combinations 14414400 ...time: 26.061901092529297
Fin; energy prediction...time: 1948.428305387497
Egy stat [10.004597, 17.47754, 13.130826, 0.6977587]
Start for  3_7_1_5 [235/455]
Fin;generate all combinations 5765760 ...time: 41.75677943229675
Fin; energy prediction...time: 763.8784902095795
Egy stat [16.350246, 24.124458, 19.785465, 0.69306624]
Start for  3_6_6_1 [236/455]
Fin;generate all combinations 6726720 ...time: 12.386423110961914
Fin; energy prediction...time: 887.5828824043274
Egy stat [-11.172657, -4.6211543, -8.8056555, 0.8295643]
Start for  3_6_5_2 [237/455]
Fin;generate all combinations 20180160 ...time: 76.25219511985779
Fin; energy prediction...time: 2549.8926594257355
Egy stat [-5.0840387, 2.702447, -1.9193296, 0.8115132]
Start for  3_6_4_3 [238/455]
Fin;generate all combinations 33633600 ...time: 178.45023608207703
Fin; energy prediction...time: 4316.201148509979
Egy stat [1.8498878, 9.064804, 4.775783, 0.7635243]
Start for  3_6_3_4 [239/455]
Fin;generate all combinations 33633600 ...time: 208.39028978347778
Fin; energy prediction...time: 4267.927926301956
Egy stat [7.9009476, 15.724146, 11.368353, 0.7178746]
Start for  3_6_2_5 [240/455]
Fin;generate all combinations 20180160 ...time: 98.34647607803345
Fin; energy prediction...time: 2635.4964492321014
Egy stat [14.802202, 22.236855, 17.956083, 0.6977246]
Start for  3_6_1_6 [241/455]
Fin;generate all combinations 6726720 ...time: 18.066904067993164
Fin; energy prediction...time: 884.0936019420624
Egy stat [21.604702, 28.955807, 24.642427, 0.69966674]
Start for  3_5_7_1 [242/455]
Fin;generate all combinations 5765760 ...time: 25.793175220489502
Fin; energy prediction...time: 746.5005712509155
Egy stat [-13.240505, -7.5454245, -10.976869, 0.7803966]
Start for  3_5_6_2 [243/455]
Fin;generate all combinations 20180160 ...time: 94.60738492012024
Fin; energy prediction...time: 2586.507874727249
Egy stat [-6.855836, 0.006819725, -3.906574, 0.8049324]
Start for  3_5_5_3 [244/455]
Fin;generate all combinations 40360320 ...time: 193.40362215042114
Fin; energy prediction...time: 5160.676042556763
Egy stat [-0.45683765, 7.21999, 2.9187346, 0.7821102]
Start for  3_5_4_4 [245/455]
Fin;generate all combinations 50450400 ...time: 273.369765996933
Fin; energy prediction...time: 6473.423746585846
Egy stat [6.593216, 13.589226, 9.577839, 0.73969156]
Start for  3_5_3_5 [246/455]
Fin;generate all combinations 40360320 ...time: 177.49148321151733
Fin; energy prediction...time: 5339.3370859622955
Egy stat [12.6988945, 20.163696, 16.16019, 0.7081042]
Start for  3_5_2_6 [247/455]
Fin;generate all combinations 20180160 ...time: 150.16501116752625
Fin; energy prediction...time: 2654.561136007309
Egy stat [19.762228, 26.675495, 22.762888, 0.70104605]
Start for  3_5_1_7 [248/455]
Fin;generate all combinations 5765760 ...time: 14.136939287185669
Fin; energy prediction...time: 757.1370577812195
Egy stat [26.810886, 33.409145, 29.487642, 0.7046208]
Start for  3_4_8_1 [249/455]
Fin;generate all combinations 3603600 ...time: 8.178442001342773
Fin; energy prediction...time: 468.08614206314087
Egy stat [-15.520523, -10.263585, -13.308843, 0.7032121]
Start for  3_4_7_2 [250/455]
Fin;generate all combinations 14414400 ...time: 70.40316152572632
Fin; energy prediction...time: 1815.5747249126434
Egy stat [-8.716783, -2.4875126, -6.029802, 0.7725128]
Start for  3_4_6_3 [251/455]
Fin;generate all combinations 33633600 ...time: 154.75481152534485
Fin; energy prediction...time: 4357.869487762451
Egy stat [-2.1769533, 4.942152, 0.96000063, 0.7837408]
Start for  3_4_5_4 [252/455]
Fin;generate all combinations 50450400 ...time: 260.8166446685791
Fin; energy prediction...time: 6546.707339286804
Egy stat [4.2443247, 12.199743, 7.7291875, 0.75731677]
Start for  3_4_4_5 [253/455]
Fin;generate all combinations 50450400 ...time: 229.8852174282074
Fin; energy prediction...time: 6489.368085861206
Egy stat [11.244122, 18.492287, 14.35823, 0.72271085]
Start for  3_4_3_6 [254/455]
Fin;generate all combinations 33633600 ...time: 200.91213703155518
Fin; energy prediction...time: 4355.070568323135
Egy stat [17.700142, 25.091663, 20.936962, 0.7054878]
Start for  3_4_2_7 [255/455]
Fin;generate all combinations 14414400 ...time: 109.22540354728699
Fin; energy prediction...time: 1914.4960346221924
Egy stat [24.706638, 31.539646, 27.561794, 0.7079086]
Start for  3_4_1_8 [256/455]
Fin;generate all combinations 3603600 ...time: 11.084001064300537
Fin; energy prediction...time: 487.4450273513794
Egy stat [31.800152, 38.370438, 34.3328, 0.7072008]
Start for  3_3_9_1 [257/455]
Fin;generate all combinations 1601600 ...time: 13.888781309127808
Fin; energy prediction...time: 222.42598271369934
Egy stat [-17.7715, -13.250738, -15.797575, 0.6082816]
Start for  3_3_8_2 [258/455]
Fin;generate all combinations 7207200 ...time: 51.97364139556885
Fin; energy prediction...time: 928.4279704093933
Egy stat [-10.769419, -5.0045176, -8.292859, 0.7193326]
Start for  3_3_7_3 [259/455]
Fin;generate all combinations 19219200 ...time: 90.08003497123718
Fin; energy prediction...time: 2473.1987268924713
Egy stat [-3.8637037, 2.2608843, -1.1127645, 0.7676015]
Start for  3_3_6_4 [260/455]
Fin;generate all combinations 33633600 ...time: 145.93842434883118
Fin; energy prediction...time: 4434.929951906204
Egy stat [2.4692392, 9.754602, 5.8012624, 0.7660173]
Start for  3_3_5_5 [261/455]
Fin;generate all combinations 40360320 ...time: 151.637273311615
Fin; energy prediction...time: 5278.5208995342255
Egy stat [8.806484, 16.32303, 12.520269, 0.7385353]
Start for  3_3_4_6 [262/455]
Fin;generate all combinations 33633600 ...time: 158.16690826416016
Fin; energy prediction...time: 4376.823668718338
Egy stat [16.115108, 23.018528, 19.126078, 0.71405816]
Start for  3_3_3_7 [263/455]
Fin;generate all combinations 19219200 ...time: 111.23472499847412
Fin; energy prediction...time: 2475.4027740955353
Egy stat [22.694565, 29.293125, 25.708845, 0.7101631]
Start for  3_3_2_8 [264/455]
Fin;generate all combinations 7207200 ...time: 16.43549680709839
Fin; energy prediction...time: 956.7394304275513
Egy stat [29.915195, 36.029602, 32.36432, 0.7169263]
Start for  3_3_1_9 [265/455]
Fin;generate all combinations 1601600 ...time: 4.425544023513794
Fin; energy prediction...time: 226.8406581878662
Egy stat [37.034775, 42.483715, 39.19097, 0.705093]
Start for  3_2_10_1 [266/455]
Fin;generate all combinations 480480 ...time: 1.471909761428833
Fin; energy prediction...time: 72.74974298477173
Egy stat [-20.157429, -16.356861, -18.435108, 0.50868064]
Start for  3_2_9_2 [267/455]
Fin;generate all combinations 2402400 ...time: 8.296314477920532
Fin; energy prediction...time: 314.8429503440857
Egy stat [-13.020812, -7.784686, -10.694055, 0.654665]
Start for  3_2_8_3 [268/455]
Fin;generate all combinations 7207200 ...time: 40.143773794174194
Fin; energy prediction...time: 915.9057216644287
Egy stat [-5.990289, 0.17597389, -3.3052409, 0.73788977]
Start for  3_2_7_4 [269/455]
Fin;generate all combinations 14414400 ...time: 61.27190089225769
Fin; energy prediction...time: 1861.4242913722992
Egy stat [0.82277775, 7.2688217, 3.7804227, 0.76483077]
Start for  3_2_6_5 [270/455]
Fin;generate all combinations 20180160 ...time: 112.06043267250061
Fin; energy prediction...time: 2542.187434196472
Egy stat [7.10693, 14.474262, 10.624634, 0.75260466]
Start for  3_2_5_6 [271/455]
Fin;generate all combinations 20180160 ...time: 128.20157957077026
Fin; energy prediction...time: 2590.455228805542
Egy stat [13.680433, 20.960543, 17.300587, 0.72722363]
Start for  3_2_4_7 [272/455]
Fin;generate all combinations 14414400 ...time: 69.69735550880432
Fin; energy prediction...time: 1874.6078701019287
Egy stat [20.815975, 27.620754, 23.891207, 0.7143098]
Start for  3_2_3_8 [273/455]
Fin;generate all combinations 7207200 ...time: 15.694722890853882
Fin; energy prediction...time: 1016.2372498512268
Egy stat [27.671532, 33.98283, 30.486935, 0.72077096]
Start for  3_2_2_9 [274/455]
Fin;generate all combinations 2402400 ...time: 5.572972059249878
Fin; energy prediction...time: 328.8430263996124
Egy stat [35.03567, 40.42196, 37.183132, 0.72515357]
Start for  3_2_1_10 [275/455]
Fin;generate all combinations 480480 ...time: 1.6369731426239014
Fin; energy prediction...time: 73.61574292182922
Egy stat [42.01342, 47.19, 44.076828, 0.6943592]
Start for  3_1_11_1 [276/455]
Fin;generate all combinations 87360 ...time: 0.4703049659729004
Fin; energy prediction...time: 22.475035667419434
Egy stat [-22.519905, -19.546185, -21.2116, 0.4184378]
Start for  3_1_10_2 [277/455]
Fin;generate all combinations 480480 ...time: 0.9158174991607666
Fin; energy prediction...time: 70.21960520744324
Egy stat [-15.236528, -10.750434, -13.228266, 0.5902533]
Start for  3_1_9_3 [278/455]
Fin;generate all combinations 1601600 ...time: 4.435351848602295
Fin; energy prediction...time: 213.94636416435242
Egy stat [-8.338575, -2.51015, -5.618205, 0.7029036]
Start for  3_1_8_4 [279/455]
Fin;generate all combinations 3603600 ...time: 19.678364753723145
Fin; energy prediction...time: 461.4575765132904
Egy stat [-1.3280449, 4.9799385, 1.6590483, 0.7574448]
Start for  3_1_7_5 [280/455]
Fin;generate all combinations 5765760 ...time: 36.733588457107544
Fin; energy prediction...time: 743.5263485908508
Egy stat [5.1878395, 11.895622, 8.656236, 0.7646991]
Start for  3_1_6_6 [281/455]
Fin;generate all combinations 6726720 ...time: 31.703112602233887
Fin; energy prediction...time: 851.1426620483398
Egy stat [11.979193, 18.69714, 15.437854, 0.7449489]
Start for  3_1_5_7 [282/455]
Fin;generate all combinations 5765760 ...time: 41.08732986450195
Fin; energy prediction...time: 734.5864455699921
Egy stat [18.77658, 25.304516, 22.079014, 0.7245702]
Start for  3_1_4_8 [283/455]
Fin;generate all combinations 3603600 ...time: 20.724968194961548
Fin; energy prediction...time: 459.7806258201599
Egy stat [25.935963, 32.321514, 28.663912, 0.7228807]
Start for  3_1_3_9 [284/455]
Fin;generate all combinations 1601600 ...time: 10.758801460266113
Fin; energy prediction...time: 210.12782621383667
Egy stat [32.692974, 38.564293, 35.28339, 0.7344993]
Start for  3_1_2_10 [285/455]
Fin;generate all combinations 480480 ...time: 1.1870145797729492
Fin; energy prediction...time: 72.2280330657959
Egy stat [40.026283, 45.29242, 42.03249, 0.72820187]
Start for  3_1_1_11 [286/455]
Fin;generate all combinations 87360 ...time: 0.30756449699401855
Fin; energy prediction...time: 20.662035942077637
Egy stat [47.112118, 51.447445, 49.007095, 0.66939366]
Start for  2_12_1_1 [287/455]
Fin;generate all combinations 21840 ...time: 0.07764434814453125
Fin; energy prediction...time: 11.89179253578186
Egy stat [-0.82198906, 1.8339214, 0.34918267, 0.4863641]
Start for  2_11_2_1 [288/455]
Fin;generate all combinations 131040 ...time: 0.34356021881103516
Fin; energy prediction...time: 25.49811553955078
Egy stat [-2.6390214, 1.0278854, -1.174966, 0.56614745]
Start for  2_11_1_2 [289/455]
Fin;generate all combinations 131040 ...time: 0.5563299655914307
Fin; energy prediction...time: 25.86614751815796
Egy stat [3.6774197, 7.6577015, 5.4350595, 0.55961365]
Start for  2_10_3_1 [290/455]
Fin;generate all combinations 480480 ...time: 2.3060081005096436
Fin; energy prediction...time: 69.18697619438171
Egy stat [-4.474239, 0.07614136, -2.7046778, 0.65294826]
Start for  2_10_2_2 [291/455]
Fin;generate all combinations 720720 ...time: 2.6177573204040527
Fin; energy prediction...time: 96.75924921035767
Egy stat [1.8560047, 6.976753, 3.8352213, 0.60613155]
Start for  2_10_1_3 [292/455]
Fin;generate all combinations 480480 ...time: 3.5168051719665527
Fin; energy prediction...time: 69.82629704475403
Egy stat [8.243338, 13.515446, 10.467254, 0.6103529]
Start for  2_9_4_1 [293/455]
Fin;generate all combinations 1201200 ...time: 4.826490879058838
Fin; energy prediction...time: 157.58573293685913
Egy stat [-6.368445, -0.5544596, -4.301604, 0.7337628]
Start for  2_9_3_2 [294/455]
Fin;generate all combinations 2402400 ...time: 11.217966556549072
Fin; energy prediction...time: 302.6414246559143
Egy stat [-0.1296463, 6.0757713, 2.2472205, 0.6598833]
Start for  2_9_2_3 [295/455]
Fin;generate all combinations 2402400 ...time: 9.870126247406006
Fin; energy prediction...time: 320.82276582717896
Egy stat [6.202467, 12.769533, 8.794486, 0.6357327]
Start for  2_9_1_4 [296/455]
Fin;generate all combinations 1201200 ...time: 6.822134733200073
Fin; energy prediction...time: 161.82103729248047
Egy stat [12.523361, 19.455635, 15.454822, 0.64713204]
Start for  2_8_5_1 [297/455]
Fin;generate all combinations 2162160 ...time: 6.994512319564819
Fin; energy prediction...time: 279.6786527633667
Egy stat [-8.342195, -1.710721, -6.0108404, 0.7949026]
Start for  2_8_4_2 [298/455]
Fin;generate all combinations 5405400 ...time: 25.846226453781128
Fin; energy prediction...time: 682.405796289444
Egy stat [-2.0940151, 5.469322, 0.61279815, 0.71592975]
Start for  2_8_3_3 [299/455]
Fin;generate all combinations 7207200 ...time: 31.479255199432373
Fin; energy prediction...time: 926.327645778656
Egy stat [4.260541, 11.430159, 7.1517572, 0.6654185]
Start for  2_8_2_4 [300/455]
Fin;generate all combinations 5405400 ...time: 27.258957862854004
Fin; energy prediction...time: 695.0290858745575
Egy stat [10.526524, 18.796415, 13.712296, 0.6604345]
Start for  2_8_1_5 [301/455]
Fin;generate all combinations 2162160 ...time: 4.516726016998291
Fin; energy prediction...time: 284.1699311733246
Egy stat [17.35192, 24.63773, 20.407026, 0.6751103]
Start for  2_7_6_1 [302/455]
Fin;generate all combinations 2882880 ...time: 15.605250597000122
Fin; energy prediction...time: 365.07289958000183
Egy stat [-10.165436, -2.8922892, -7.863571, 0.8254263]
Start for  2_7_5_2 [303/455]
Fin;generate all combinations 8648640 ...time: 39.262474060058594
Fin; energy prediction...time: 1081.3006525039673
Egy stat [-3.9848242, 3.0397081, -1.1112484, 0.7639821]
Start for  2_7_4_3 [304/455]
Fin;generate all combinations 14414400 ...time: 58.741581439971924
Fin; energy prediction...time: 1844.1605219841003
Egy stat [2.459509, 9.891706, 5.4837623, 0.701465]
Start for  2_7_3_4 [305/455]
Fin;generate all combinations 14414400 ...time: 50.40939283370972
Fin; energy prediction...time: 1874.9845695495605
Egy stat [9.198841, 15.933378, 12.018423, 0.6736155]
Start for  2_7_2_5 [306/455]
Fin;generate all combinations 8648640 ...time: 16.420321226119995
Fin; energy prediction...time: 1132.2187037467957
Egy stat [15.43928, 23.164604, 18.598175, 0.6840522]
Start for  2_7_1_6 [307/455]
Fin;generate all combinations 2882880 ...time: 6.882911205291748
Fin; energy prediction...time: 367.88661336898804
Egy stat [22.318008, 29.173656, 25.33341, 0.69745]
Start for  2_6_7_1 [308/455]
Fin;generate all combinations 2882880 ...time: 12.005194902420044
Fin; energy prediction...time: 368.87097358703613
Egy stat [-12.199863, -5.745387, -9.879418, 0.8193832]
Start for  2_6_6_2 [309/455]
Fin;generate all combinations 10090080 ...time: 45.97010111808777
Fin; energy prediction...time: 1279.674631357193
Egy stat [-5.8600097, 1.9857807, -2.9554932, 0.7929582]
Start for  2_6_5_3 [310/455]
Fin;generate all combinations 20180160 ...time: 101.6906111240387
Fin; energy prediction...time: 2522.6974020004272
Egy stat [0.9114332, 7.598526, 3.7488425, 0.7383621]
Start for  2_6_4_4 [311/455]
Fin;generate all combinations 25225200 ...time: 128.16733813285828
Fin; energy prediction...time: 3269.92001414299
Egy stat [7.1467705, 14.920958, 10.320493, 0.69375557]
Start for  2_6_3_5 [312/455]
Fin;generate all combinations 20180160 ...time: 87.7031033039093
Fin; energy prediction...time: 2577.359917640686
Egy stat [13.986938, 20.73073, 16.856728, 0.6875224]
Start for  2_6_2_6 [313/455]
Fin;generate all combinations 10090080 ...time: 21.24835968017578
Fin; energy prediction...time: 1348.9271733760834
Egy stat [20.39683, 28.136162, 23.461939, 0.7088357]
Start for  2_6_1_7 [314/455]
Fin;generate all combinations 2882880 ...time: 6.715261459350586
Fin; energy prediction...time: 367.64984035491943
Egy stat [27.461472, 33.75299, 30.244041, 0.71571344]
Start for  2_5_8_1 [315/455]
Fin;generate all combinations 2162160 ...time: 11.284435987472534
Fin; energy prediction...time: 293.5775058269501
Egy stat [-14.320193, -8.34158, -12.0683775, 0.7763844]
Start for  2_5_7_2 [316/455]
Fin;generate all combinations 8648640 ...time: 38.22432518005371
Fin; energy prediction...time: 1127.9832017421722
Egy stat [-7.750717, -1.0164423, -4.9399414, 0.7953525]
Start for  2_5_6_3 [317/455]
Fin;generate all combinations 20180160 ...time: 75.06581616401672
Fin; energy prediction...time: 2642.2012178897858
Egy stat [-1.1565943, 6.6015434, 1.9167132, 0.76634604]
Start for  2_5_5_4 [318/455]
Fin;generate all combinations 30270240 ...time: 143.64526295661926
Fin; energy prediction...time: 3905.745184659958
Egy stat [5.7669544, 12.258303, 8.578003, 0.72049075]
Start for  2_5_4_5 [319/455]
Fin;generate all combinations 30270240 ...time: 127.91802525520325
Fin; energy prediction...time: 3883.952183485031
Egy stat [11.94129, 19.41866, 15.132163, 0.69558316]
Start for  2_5_3_6 [320/455]
Fin;generate all combinations 20180160 ...time: 111.83713340759277
Fin; energy prediction...time: 2590.474587202072
Egy stat [18.679722, 25.460732, 21.676355, 0.7087668]
Start for  2_5_2_7 [321/455]
Fin;generate all combinations 8648640 ...time: 58.22516226768494
Fin; energy prediction...time: 1086.4628281593323
Egy stat [25.464764, 32.618305, 28.313705, 0.73544925]
Start for  2_5_1_8 [322/455]
Fin;generate all combinations 2162160 ...time: 23.478256225585938
Fin; energy prediction...time: 280.8948085308075
Egy stat [32.52561, 38.524815, 35.149742, 0.72993475]
Start for  2_4_9_1 [323/455]
Fin;generate all combinations 1201200 ...time: 8.165340662002563
Fin; energy prediction...time: 171.93015503883362
Egy stat [-16.53204, -11.521089, -14.432628, 0.70116997]
Start for  2_4_8_2 [324/455]
Fin;generate all combinations 5405400 ...time: 22.577138662338257
Fin; energy prediction...time: 705.7571783065796
Egy stat [-9.777242, -3.2131004, -7.0757923, 0.76910317]
Start for  2_4_7_3 [325/455]
Fin;generate all combinations 14414400 ...time: 66.45280289649963
Fin; energy prediction...time: 1799.9101316928864
Egy stat [-2.9977956, 3.9196167, -0.03324003, 0.7772033]
Start for  2_4_6_4 [326/455]
Fin;generate all combinations 25225200 ...time: 136.92827534675598
Fin; energy prediction...time: 3170.323154449463
Egy stat [3.4275084, 11.618635, 6.7607813, 0.7467452]
Start for  2_4_5_5 [327/455]
Fin;generate all combinations 30270240 ...time: 161.01317024230957
Fin; energy prediction...time: 3860.8189449310303
Egy stat [10.492071, 17.158289, 13.384834, 0.712698]
Start for  2_4_4_6 [328/455]
Fin;generate all combinations 25225200 ...time: 185.82272720336914
Fin; energy prediction...time: 3248.0970010757446
Egy stat [16.564123, 24.566746, 19.928074, 0.70854026]
Start for  2_4_3_7 [329/455]
Fin;generate all combinations 14414400 ...time: 87.68398213386536
Fin; energy prediction...time: 1855.833689212799
Egy stat [23.588196, 30.250145, 26.487322, 0.73732877]
Start for  2_4_2_8 [330/455]
Fin;generate all combinations 5405400 ...time: 14.238994121551514
Fin; energy prediction...time: 716.6233530044556
Egy stat [30.560123, 37.72642, 33.164383, 0.762979]
Start for  2_4_1_9 [331/455]
Fin;generate all combinations 1201200 ...time: 3.7306833267211914
Fin; energy prediction...time: 161.53358936309814
Egy stat [37.698883, 43.188393, 40.06259, 0.7385999]
Start for  2_3_10_1 [332/455]
Fin;generate all combinations 480480 ...time: 1.354248285293579
Fin; energy prediction...time: 72.00562524795532
Egy stat [-18.89109, -14.591759, -16.968359, 0.60262924]
Start for  2_3_9_2 [333/455]
Fin;generate all combinations 2402400 ...time: 4.366227626800537
Fin; energy prediction...time: 307.38819909095764
Egy stat [-11.745793, -6.2397704, -9.367049, 0.7176862]
Start for  2_3_8_3 [334/455]
Fin;generate all combinations 7207200 ...time: 41.794440031051636
Fin; energy prediction...time: 912.6799938678741
Egy stat [-4.8503766, 1.5742369, -2.1135902, 0.76764554]
Start for  2_3_7_4 [335/455]
Fin;generate all combinations 14414400 ...time: 74.08262586593628
Fin; energy prediction...time: 1850.4401905536652
Egy stat [1.7201052, 8.810003, 4.847395, 0.7647141]
Start for  2_3_6_5 [336/455]
Fin;generate all combinations 20180160 ...time: 83.93365669250488
Fin; energy prediction...time: 2608.221830368042
Egy stat [8.06641, 15.839016, 11.584524, 0.7356694]
Start for  2_3_5_6 [337/455]
Fin;generate all combinations 20180160 ...time: 90.59327411651611
Fin; energy prediction...time: 2584.388350725174
Egy stat [15.006044, 22.192192, 18.178085, 0.7166804]
Start for  2_3_4_7 [338/455]
Fin;generate all combinations 14414400 ...time: 72.12606763839722
Fin; energy prediction...time: 1843.384994983673
Egy stat [21.520004, 28.816406, 24.717825, 0.73263896]
Start for  2_3_3_8 [339/455]
Fin;generate all combinations 7207200 ...time: 45.46754598617554
Fin; energy prediction...time: 928.8281583786011
Egy stat [28.691818, 35.19429, 31.30027, 0.77157176]
Start for  2_3_2_9 [340/455]
Fin;generate all combinations 2402400 ...time: 5.79229998588562
Fin; energy prediction...time: 307.58115005493164
Egy stat [35.648838, 41.91036, 38.025932, 0.78901535]
Start for  2_3_1_10 [341/455]
Fin;generate all combinations 480480 ...time: 7.4478676319122314
Fin; energy prediction...time: 72.2330060005188
Egy stat [42.83843, 48.199135, 44.99618, 0.7385852]
Start for  2_2_11_1 [342/455]
Fin;generate all combinations 131040 ...time: 0.45403480529785156
Fin; energy prediction...time: 27.58965826034546
Egy stat [-21.262062, -17.894484, -19.667717, 0.49263224]
Start for  2_2_10_2 [343/455]
Fin;generate all combinations 720720 ...time: 2.378260374069214
Fin; energy prediction...time: 101.5216715335846
Egy stat [-13.988241, -8.845209, -11.812254, 0.64925295]
Start for  2_2_9_3 [344/455]
Fin;generate all combinations 2402400 ...time: 12.578102588653564
Fin; energy prediction...time: 310.28295850753784
Egy stat [-6.878066, -1.2103853, -4.3303003, 0.74010456]
Start for  2_2_8_4 [345/455]
Fin;generate all combinations 5405400 ...time: 31.90142250061035
Fin; energy prediction...time: 687.2817013263702
Egy stat [0.011385918, 6.651932, 2.8237936, 0.77051]
Start for  2_2_7_5 [346/455]
Fin;generate all combinations 8648640 ...time: 42.815040826797485
Fin; energy prediction...time: 1090.129343032837
Egy stat [6.469696, 13.564291, 9.70886, 0.7584871]
Start for  2_2_6_6 [347/455]
Fin;generate all combinations 10090080 ...time: 56.89606022834778
Fin; energy prediction...time: 1262.8673975467682
Egy stat [12.515057, 20.528288, 16.395939, 0.734658]
Start for  2_2_5_7 [348/455]
Fin;generate all combinations 8648640 ...time: 56.57686495780945
Fin; energy prediction...time: 1127.7567820549011
Egy stat [19.606682, 26.764114, 22.966743, 0.73303115]
Start for  2_2_4_8 [349/455]
Fin;generate all combinations 5405400 ...time: 27.052698850631714
Fin; energy prediction...time: 693.335423707962
Egy stat [26.396942, 33.63724, 29.511576, 0.76627]
Start for  2_2_3_9 [350/455]
Fin;generate all combinations 2402400 ...time: 5.079566240310669
Fin; energy prediction...time: 318.19688606262207
Egy stat [33.620323, 39.57461, 36.126755, 0.8084682]
Start for  2_2_2_10 [351/455]
Fin;generate all combinations 720720 ...time: 1.9250001907348633
Fin; energy prediction...time: 104.85920190811157
Egy stat [40.536846, 46.81749, 42.91181, 0.80975187]
Start for  2_2_1_11 [352/455]
Fin;generate all combinations 131040 ...time: 0.4615345001220703
Fin; energy prediction...time: 28.27427387237549
Egy stat [48.05986, 52.387554, 49.966133, 0.72506475]
Start for  2_1_12_1 [353/455]
Fin;generate all combinations 21840 ...time: 0.1007242202758789
Fin; energy prediction...time: 13.640548706054688
Egy stat [-23.62794, -21.279139, -22.520842, 0.3848746]
Start for  2_1_11_2 [354/455]
Fin;generate all combinations 131040 ...time: 0.260028600692749
Fin; energy prediction...time: 27.185657024383545
Egy stat [-16.30592, -12.132028, -14.406346, 0.57517886]
Start for  2_1_10_3 [355/455]
Fin;generate all combinations 480480 ...time: 2.0478954315185547
Fin; energy prediction...time: 70.87460589408875
Egy stat [-9.275668, -3.8139153, -6.684363, 0.7018826]
Start for  2_1_9_4 [356/455]
Fin;generate all combinations 1201200 ...time: 5.352720737457275
Fin; energy prediction...time: 161.0086452960968
Egy stat [-2.1026335, 3.9592276, 0.68199056, 0.7657128]
Start for  2_1_8_5 [357/455]
Fin;generate all combinations 2162160 ...time: 9.918418169021606
Fin; energy prediction...time: 285.12693786621094
Egy stat [4.6471167, 11.312843, 7.7422714, 0.77751553]
Start for  2_1_7_6 [358/455]
Fin;generate all combinations 2882880 ...time: 16.213876008987427
Fin; energy prediction...time: 371.1184778213501
Egy stat [10.995964, 17.929777, 14.558312, 0.7597125]
Start for  2_1_6_7 [359/455]
Fin;generate all combinations 2882880 ...time: 11.780288219451904
Fin; energy prediction...time: 363.9254651069641
Egy stat [17.527185, 24.759102, 21.20331, 0.7448703]
Start for  2_1_5_8 [360/455]
Fin;generate all combinations 2162160 ...time: 12.231034755706787
Fin; energy prediction...time: 282.5345730781555
Egy stat [24.664337, 31.523201, 27.760344, 0.7610006]
Start for  2_1_4_9 [361/455]
Fin;generate all combinations 1201200 ...time: 2.536344051361084
Fin; energy prediction...time: 160.95596933364868
Egy stat [31.325584, 38.14582, 34.320442, 0.80645895]
Start for  2_1_3_10 [362/455]
Fin;generate all combinations 480480 ...time: 3.5155978202819824
Fin; energy prediction...time: 72.25222444534302
Egy stat [38.523487, 44.585144, 40.979836, 0.8438605]
Start for  2_1_2_11 [363/455]
Fin;generate all combinations 131040 ...time: 0.3560824394226074
Fin; energy prediction...time: 26.81537890434265
Egy stat [45.5558, 51.13799, 47.83727, 0.82005155]
Start for  2_1_1_12 [364/455]
Fin;generate all combinations 21840 ...time: 0.07436180114746094
Fin; energy prediction...time: 13.12949514389038
Egy stat [53.160538, 57.307274, 54.99043, 0.69135416]
Start for  1_13_1_1 [365/455]
Fin;generate all combinations 3360 ...time: 0.012748003005981445
Fin; energy prediction...time: 10.352132081985474
Egy stat [-0.10960674, 1.5155907, 0.6781295, 0.37452403]
Start for  1_12_2_1 [366/455]
Fin;generate all combinations 21840 ...time: 0.03687119483947754
Fin; energy prediction...time: 12.972759008407593
Egy stat [-1.9205742, 0.63005257, -0.8416284, 0.4478891]
Start for  1_12_1_2 [367/455]
Fin;generate all combinations 21840 ...time: 0.10507583618164062
Fin; energy prediction...time: 12.924239873886108
Egy stat [4.6086006, 7.3638973, 5.842409, 0.47882995]
Start for  1_11_3_1 [368/455]
Fin;generate all combinations 87360 ...time: 0.36934804916381836
Fin; energy prediction...time: 21.52500581741333
Egy stat [-3.6197886, -0.3782978, -2.307509, 0.5260816]
Start for  1_11_2_2 [369/455]
Fin;generate all combinations 131040 ...time: 0.5831828117370605
Fin; energy prediction...time: 27.622997283935547
Egy stat [2.6792755, 6.4766064, 4.2409368, 0.5273094]
Start for  1_11_1_3 [370/455]
Fin;generate all combinations 87360 ...time: 0.5313045978546143
Fin; energy prediction...time: 21.851540565490723
Egy stat [9.266527, 13.144745, 10.95155, 0.5504694]
Start for  1_10_4_1 [371/455]
Fin;generate all combinations 240240 ...time: 0.8850443363189697
Fin; energy prediction...time: 40.170008182525635
Egy stat [-5.574224, -1.065732, -3.7975597, 0.61442095]
Start for  1_10_3_2 [372/455]
Fin;generate all combinations 480480 ...time: 2.3824045658111572
Fin; energy prediction...time: 69.06726026535034
Egy stat [0.7972956, 5.511196, 2.706703, 0.5698793]
Start for  1_10_2_3 [373/455]
Fin;generate all combinations 480480 ...time: 2.6549570560455322
Fin; energy prediction...time: 71.43762755393982
Egy stat [7.342924, 12.342121, 9.269823, 0.58641875]
Start for  1_10_1_4 [374/455]
Fin;generate all combinations 240240 ...time: 0.4707522392272949
Fin; energy prediction...time: 40.944207191467285
Egy stat [13.980555, 19.024277, 16.014393, 0.60287297]
Start for  1_9_5_1 [375/455]
Fin;generate all combinations 480480 ...time: 1.84360933303833
Fin; energy prediction...time: 69.83628463745117
Egy stat [-7.320638, -2.147069, -5.3712497, 0.7026787]
Start for  1_9_4_2 [376/455]
Fin;generate all combinations 1201200 ...time: 5.44819188117981
Fin; energy prediction...time: 160.19598746299744
Egy stat [-1.1852522, 4.8675394, 1.1661594, 0.6218913]
Start for  1_9_3_3 [377/455]
Fin;generate all combinations 1601600 ...time: 7.504245758056641
Fin; energy prediction...time: 211.1192090511322
Egy stat [5.3511534, 11.142832, 7.66993, 0.6065426]
Start for  1_9_2_4 [378/455]
Fin;generate all combinations 1201200 ...time: 5.158120393753052
Fin; energy prediction...time: 162.27890849113464
Egy stat [11.760351, 18.26773, 14.254471, 0.63445795]
Start for  1_9_1_5 [379/455]
Fin;generate all combinations 480480 ...time: 0.9824724197387695
Fin; energy prediction...time: 70.06750917434692
Egy stat [18.677996, 24.660088, 21.039856, 0.64269155]
Start for  1_8_6_1 [380/455]
Fin;generate all combinations 720720 ...time: 2.2345848083496094
Fin; energy prediction...time: 99.07143998146057
Egy stat [-9.331288, -2.743925, -7.0721364, 0.7743663]
Start for  1_8_5_2 [381/455]
Fin;generate all combinations 2162160 ...time: 11.44669222831726
Fin; energy prediction...time: 281.57846760749817
Egy stat [-3.120185, 3.8145533, -0.43722323, 0.68336856]
Start for  1_8_4_3 [382/455]
Fin;generate all combinations 3603600 ...time: 22.265037059783936
Fin; energy prediction...time: 452.7177748680115
Egy stat [3.4370337, 10.419437, 6.0823793, 0.6314064]
Start for  1_8_3_4 [383/455]
Fin;generate all combinations 3603600 ...time: 12.38175344467163
Fin; energy prediction...time: 456.00393772125244
Egy stat [9.824314, 17.124014, 12.591838, 0.6418183]
Start for  1_8_2_5 [384/455]
Fin;generate all combinations 2162160 ...time: 13.133911609649658
Fin; energy prediction...time: 280.6806812286377
Egy stat [16.502745, 23.570938, 19.204294, 0.6768634]
Start for  1_8_1_6 [385/455]
Fin;generate all combinations 720720 ...time: 6.302857875823975
Fin; energy prediction...time: 99.7376606464386
Egy stat [23.434475, 30.385803, 26.036991, 0.67379886]
Start for  1_7_7_1 [386/455]
Fin;generate all combinations 823680 ...time: 3.0570576190948486
Fin; energy prediction...time: 112.80344462394714
Egy stat [-11.212059, -4.1464567, -8.93048, 0.8155557]
Start for  1_7_6_2 [387/455]
Fin;generate all combinations 2882880 ...time: 12.49661636352539
Fin; energy prediction...time: 369.8126847743988
Egy stat [-4.855828, 1.8812189, -2.145495, 0.74154854]
Start for  1_7_5_3 [388/455]
Fin;generate all combinations 5765760 ...time: 32.667418003082275
Fin; energy prediction...time: 718.4611203670502
Egy stat [1.7883387, 8.377924, 4.4531636, 0.6702453]
Start for  1_7_4_4 [389/455]
Fin;generate all combinations 7207200 ...time: 38.03885769844055
Fin; energy prediction...time: 909.9391489028931
Egy stat [8.383429, 14.949261, 10.960624, 0.64735043]
Start for  1_7_3_5 [390/455]
Fin;generate all combinations 5765760 ...time: 37.85448360443115
Fin; energy prediction...time: 731.3089261054993
Egy stat [14.6639, 21.667255, 17.481993, 0.6795822]
Start for  1_7_2_6 [391/455]
Fin;generate all combinations 2882880 ...time: 20.502573013305664
Fin; energy prediction...time: 378.1921458244324
Egy stat [21.443424, 27.979107, 24.12878, 0.71684253]
Start for  1_7_1_7 [392/455]
Fin;generate all combinations 823680 ...time: 2.2491776943206787
Fin; energy prediction...time: 117.56646800041199
Egy stat [28.387558, 34.734142, 31.015186, 0.6983124]
Start for  1_6_8_1 [393/455]
Fin;generate all combinations 720720 ...time: 1.4554495811462402
Fin; energy prediction...time: 103.60261011123657
Egy stat [-13.366018, -6.4475713, -10.965459, 0.8180986]
Start for  1_6_7_2 [394/455]
Fin;generate all combinations 2882880 ...time: 14.619060039520264
Fin; energy prediction...time: 364.76652908325195
Egy stat [-6.78897, 0.7396221, -3.9885957, 0.781519]
Start for  1_6_6_3 [395/455]
Fin;generate all combinations 6726720 ...time: 33.17958211898804
Fin; energy prediction...time: 869.002533197403
Egy stat [0.091498375, 6.809574, 2.7413807, 0.71625686]
Start for  1_6_5_4 [396/455]
Fin;generate all combinations 10090080 ...time: 45.34558582305908
Fin; energy prediction...time: 1292.970930814743
Egy stat [6.525509, 13.381172, 9.308961, 0.6671256]
Start for  1_6_4_5 [397/455]
Fin;generate all combinations 10090080 ...time: 39.638612270355225
Fin; energy prediction...time: 1307.808093547821
Egy stat [13.156319, 19.883034, 15.810329, 0.6728763]
Start for  1_6_3_6 [398/455]
Fin;generate all combinations 6726720 ...time: 31.89178776741028
Fin; energy prediction...time: 868.144736289978
Egy stat [19.602278, 26.664913, 22.350008, 0.7219234]
Start for  1_6_2_7 [399/455]
Fin;generate all combinations 2882880 ...time: 5.999917268753052
Fin; energy prediction...time: 379.0945072174072
Egy stat [26.34011, 32.864304, 29.03761, 0.7558409]
Start for  1_6_1_8 [400/455]
Fin;generate all combinations 720720 ...time: 7.5481157302856445
Fin; energy prediction...time: 99.29316401481628
Egy stat [33.405254, 39.636307, 35.984406, 0.71684957]
Start for  1_5_9_1 [401/455]
Fin;generate all combinations 480480 ...time: 3.1035521030426025
Fin; energy prediction...time: 72.35187530517578
Egy stat [-15.399736, -9.647821, -13.186984, 0.7800086]
Start for  1_5_8_2 [402/455]
Fin;generate all combinations 2162160 ...time: 10.754685640335083
Fin; energy prediction...time: 285.23732900619507
Egy stat [-8.829973, -1.6673107, -5.98631, 0.79280823]
Start for  1_5_7_3 [403/455]
Fin;generate all combinations 5765760 ...time: 31.743388891220093
Fin; energy prediction...time: 740.615172624588
Egy stat [-2.0004387, 5.4612427, 0.917108, 0.75542074]
Start for  1_5_6_4 [404/455]
Fin;generate all combinations 10090080 ...time: 48.09516000747681
Fin; energy prediction...time: 1255.863478899002
Egy stat [4.9719467, 11.527277, 7.5967865, 0.7011809]
Start for  1_5_5_5 [405/455]
Fin;generate all combinations 12108096 ...time: 61.169512033462524
Fin; energy prediction...time: 1523.7610495090485
Egy stat [11.194004, 18.007122, 14.139172, 0.67709786]
Start for  1_5_4_6 [406/455]
Fin;generate all combinations 10090080 ...time: 46.29109764099121
Fin; energy prediction...time: 1325.3482339382172
Egy stat [17.974697, 24.531666, 20.640835, 0.7094098]
Start for  1_5_3_7 [407/455]
Fin;generate all combinations 5765760 ...time: 32.97041964530945
Fin; energy prediction...time: 740.6502532958984
Egy stat [24.422955, 31.327972, 27.20558, 0.7692137]
Start for  1_5_2_8 [408/455]
Fin;generate all combinations 2162160 ...time: 5.4341185092926025
Fin; energy prediction...time: 277.0020570755005
Egy stat [31.378998, 37.579712, 33.94103, 0.79372174]
Start for  1_5_1_9 [409/455]
Fin;generate all combinations 480480 ...time: 1.3027994632720947
Fin; energy prediction...time: 73.78701257705688
Egy stat [38.71255, 44.157173, 40.95553, 0.72853214]
Start for  1_4_10_1 [410/455]
Fin;generate all combinations 240240 ...time: 0.6078493595123291
Fin; energy prediction...time: 41.36597180366516
Egy stat [-17.537502, -12.883451, -15.597333, 0.704728]
Start for  1_4_9_2 [411/455]
Fin;generate all combinations 1201200 ...time: 5.906785011291504
Fin; energy prediction...time: 158.55891680717468
Egy stat [-10.827655, -4.747222, -8.149858, 0.7713735]
Start for  1_4_8_3 [412/455]
Fin;generate all combinations 3603600 ...time: 17.611014366149902
Fin; energy prediction...time: 464.4371769428253
Egy stat [-3.8655982, 3.3669538, -1.0402701, 0.77576315]
Start for  1_4_7_4 [413/455]
Fin;generate all combinations 7207200 ...time: 37.801448583602905
Fin; energy prediction...time: 922.5844676494598
Egy stat [2.7265272, 10.427113, 5.793948, 0.73834246]
Start for  1_4_6_5 [414/455]
Fin;generate all combinations 10090080 ...time: 64.09943008422852
Fin; energy prediction...time: 1272.3471863269806
Egy stat [9.790077, 16.503828, 12.429001, 0.6988954]
Start for  1_4_5_6 [415/455]
Fin;generate all combinations 10090080 ...time: 44.278217792510986
Fin; energy prediction...time: 1304.9127006530762
Egy stat [15.884998, 23.148167, 18.952652, 0.70176935]
Start for  1_4_4_7 [416/455]
Fin;generate all combinations 7207200 ...time: 14.585455894470215
Fin; energy prediction...time: 936.155238866806
Egy stat [22.551102, 29.605808, 25.461704, 0.7565225]
Start for  1_4_3_8 [417/455]
Fin;generate all combinations 3603600 ...time: 7.769056797027588
Fin; energy prediction...time: 469.8141713142395
Egy stat [29.333023, 36.46399, 32.058918, 0.8202779]
Start for  1_4_2_9 [418/455]
Fin;generate all combinations 1201200 ...time: 10.13132357597351
Fin; energy prediction...time: 166.06112957000732
Egy stat [36.431614, 42.46214, 38.850143, 0.8288587]
Start for  1_4_1_10 [419/455]
Fin;generate all combinations 240240 ...time: 0.7151796817779541
Fin; energy prediction...time: 41.26032781600952
Egy stat [43.87827, 49.249756, 45.940914, 0.7308545]
Start for  1_3_11_1 [420/455]
Fin;generate all combinations 87360 ...time: 0.257335901260376
Fin; energy prediction...time: 21.951051473617554
Egy stat [-19.906986, -15.997587, -18.19282, 0.5998902]
Start for  1_3_10_2 [421/455]
Fin;generate all combinations 480480 ...time: 0.9192092418670654
Fin; energy prediction...time: 70.47191548347473
Egy stat [-12.721458, -7.782203, -10.483385, 0.71935207]
Start for  1_3_9_3 [422/455]
Fin;generate all combinations 1601600 ...time: 7.199234962463379
Fin; energy prediction...time: 207.80813789367676
Egy stat [-5.924887, 0.41134644, -3.1434724, 0.7715351]
Start for  1_3_8_4 [423/455]
Fin;generate all combinations 3603600 ...time: 18.908329963684082
Fin; energy prediction...time: 457.8579652309418
Egy stat [0.88127327, 8.136677, 3.8788195, 0.7663386]
Start for  1_3_7_5 [424/455]
Fin;generate all combinations 5765760 ...time: 28.866082429885864
Fin; energy prediction...time: 727.9840202331543
Egy stat [7.4631634, 14.797831, 10.649296, 0.7317365]
Start for  1_3_6_6 [425/455]
Fin;generate all combinations 6726720 ...time: 28.548707962036133
Fin; energy prediction...time: 884.0390539169312
Egy stat [14.276945, 20.958181, 17.246252, 0.7112146]
Start for  1_3_5_7 [426/455]
Fin;generate all combinations 5765760 ...time: 11.354147672653198
Fin; energy prediction...time: 774.4705121517181
Egy stat [20.376406, 27.673203, 23.758493, 0.7408813]
Start for  1_3_4_8 [427/455]
Fin;generate all combinations 3603600 ...time: 18.743209838867188
Fin; energy prediction...time: 474.75927352905273
Egy stat [27.430523, 34.575485, 30.28279, 0.8121999]
Start for  1_3_3_9 [428/455]
Fin;generate all combinations 1601600 ...time: 3.6580471992492676
Fin; energy prediction...time: 216.40409135818481
Egy stat [34.260815, 40.84442, 36.92103, 0.87262475]
Start for  1_3_2_10 [429/455]
Fin;generate all combinations 480480 ...time: 1.1930618286132812
Fin; energy prediction...time: 72.69626951217651
Egy stat [41.481438, 47.05504, 43.77734, 0.8581783]
Start for  1_3_1_11 [430/455]
Fin;generate all combinations 87360 ...time: 0.27556324005126953
Fin; energy prediction...time: 22.734689235687256
Egy stat [49.142006, 53.5673, 50.954758, 0.71944034]
Start for  1_2_12_1 [431/455]
Fin;generate all combinations 21840 ...time: 0.07614469528198242
Fin; energy prediction...time: 13.690990447998047
Egy stat [-22.317007, -19.46928, -20.965664, 0.4759121]
Start for  1_2_11_2 [432/455]
Fin;generate all combinations 131040 ...time: 0.26343750953674316
Fin; energy prediction...time: 27.872552394866943
Egy stat [-14.968264, -10.455177, -12.98556, 0.64399636]
Start for  1_2_10_3 [433/455]
Fin;generate all combinations 480480 ...time: 2.5597853660583496
Fin; energy prediction...time: 71.17763113975525
Egy stat [-7.81071, -2.3237839, -5.398661, 0.7437541]
Start for  1_2_9_4 [434/455]
Fin;generate all combinations 1201200 ...time: 6.978536367416382
Fin; energy prediction...time: 160.3503897190094
Egy stat [-0.9872837, 5.3057423, 1.8370675, 0.7781914]
Start for  1_2_8_5 [435/455]
Fin;generate all combinations 2162160 ...time: 13.418204307556152
Fin; energy prediction...time: 276.045795917511
Egy stat [5.757265, 13.075935, 8.777311, 0.7646964]
Start for  1_2_7_6 [436/455]
Fin;generate all combinations 2882880 ...time: 20.69983720779419
Fin; energy prediction...time: 373.78707098960876
Egy stat [12.065336, 19.531261, 15.490615, 0.737059]
Start for  1_2_6_7 [437/455]
Fin;generate all combinations 2882880 ...time: 11.940796375274658
Fin; energy prediction...time: 374.7431354522705
Egy stat [18.5878, 25.92778, 22.056997, 0.73866475]
Start for  1_2_5_8 [438/455]
Fin;generate all combinations 2162160 ...time: 12.920157432556152
Fin; energy prediction...time: 279.30743312835693
Egy stat [25.153416, 32.60079, 28.566114, 0.7924544]
Start for  1_2_4_9 [439/455]
Fin;generate all combinations 1201200 ...time: 7.860605478286743
Fin; energy prediction...time: 161.43917870521545
Egy stat [32.23181, 39.21355, 35.114735, 0.8732528]
Start for  1_2_3_10 [440/455]
Fin;generate all combinations 480480 ...time: 1.135411024093628
Fin; energy prediction...time: 75.24346780776978
Egy stat [39.123226, 45.799255, 41.804134, 0.9226326]
Start for  1_2_2_11 [441/455]
Fin;generate all combinations 131040 ...time: 0.36334848403930664
Fin; energy prediction...time: 27.839974641799927
Egy stat [46.60791, 52.006863, 48.73688, 0.8771342]
Start for  1_2_1_12 [442/455]
Fin;generate all combinations 21840 ...time: 0.07271409034729004
Fin; energy prediction...time: 13.761191844940186
Egy stat [54.349426, 58.509056, 56.013668, 0.6876185]
Start for  1_1_13_1 [443/455]
Fin;generate all combinations 3360 ...time: 0.014103889465332031
Fin; energy prediction...time: 10.898970127105713
Egy stat [-24.806396, -22.969006, -23.905931, 0.34477696]
Start for  1_1_12_2 [444/455]
Fin;generate all combinations 21840 ...time: 0.046388864517211914
Fin; energy prediction...time: 13.79514765739441
Egy stat [-17.218426, -13.824524, -15.651337, 0.55639595]
Start for  1_1_11_3 [445/455]
Fin;generate all combinations 87360 ...time: 0.19070124626159668
Fin; energy prediction...time: 22.155009984970093
Egy stat [-10.217172, -5.2537575, -7.806932, 0.6991714]
Start for  1_1_10_4 [446/455]
Fin;generate all combinations 240240 ...time: 1.1678645610809326
Fin; energy prediction...time: 41.49281716346741
Egy stat [-2.9808707, 2.5952587, -0.33954018, 0.77381605]
Start for  1_1_9_5 [447/455]
Fin;generate all combinations 480480 ...time: 2.3575291633605957
Fin; energy prediction...time: 70.51817512512207
Egy stat [4.0140924, 10.239191, 6.7970557, 0.79030377]
Start for  1_1_8_6 [448/455]
Fin;generate all combinations 720720 ...time: 3.784233331680298
Fin; energy prediction...time: 102.92682027816772
Egy stat [10.584019, 17.538591, 13.661781, 0.77158517]
Start for  1_1_7_7 [449/455]
Fin;generate all combinations 823680 ...time: 3.3824915885925293
Fin; energy prediction...time: 112.27391266822815
Egy stat [16.991844, 23.907711, 20.325548, 0.7553399]
Start for  1_1_6_8 [450/455]
Fin;generate all combinations 720720 ...time: 5.288307189941406
Fin; energy prediction...time: 99.25049042701721
Egy stat [23.452969, 30.737103, 26.869972, 0.7802863]
Start for  1_1_5_9 [451/455]
Fin;generate all combinations 480480 ...time: 2.6438076496124268
Fin; energy prediction...time: 70.8590202331543
Egy stat [30.0546, 37.234894, 33.38555, 0.85327125]
Start for  1_1_4_10 [452/455]
Fin;generate all combinations 240240 ...time: 1.5477120876312256
Fin; energy prediction...time: 41.51924514770508
Egy stat [37.020355, 44.323578, 39.96934, 0.9356597]
Start for  1_1_3_11 [453/455]
Fin;generate all combinations 87360 ...time: 0.21626782417297363
Fin; energy prediction...time: 22.14419412612915
Egy stat [44.041824, 50.372192, 46.722115, 0.9656231]
Start for  1_1_2_12 [454/455]
Fin;generate all combinations 21840 ...time: 0.060317039489746094
Fin; energy prediction...time: 13.719843864440918
Egy stat [51.619938, 56.984634, 53.745228, 0.87959325]
Start for  1_1_1_13 [455/455]
Fin;generate all combinations 3360 ...time: 0.01190805435180664
Fin; energy prediction...time: 10.897751808166504
Egy stat [60.131508, 63.00634, 61.136974, 0.625549]
Saving....
Saved to... Cs_GeHgSnZn_I.pkl
Total elapsed time... 312343.24864411354
