Summary of calculations
Site name (A,B,C)... Cs Ge,Hg,Pb,Sn I
Base cif file name... ../0.cif
Save file name... Cs_GeHgPbSn_I.pkl
Fin; combination with repetition...time: 0.0027608871459960938
Start for  13_1_1_1 [1/455]
Fin;generate all combinations 3360 ...time: 0.005190372467041016
Fin; energy prediction...time: 0.6496212482452393
Egy stat [-18.422903, -17.254126, -18.024614, 0.24209772]
Start for  12_2_1_1 [2/455]
Fin;generate all combinations 21840 ...time: 0.0851435661315918
Fin; energy prediction...time: 2.8843836784362793
Egy stat [-16.51883, -14.617462, -15.70085, 0.36297008]
Start for  12_1_2_1 [3/455]
Fin;generate all combinations 21840 ...time: 0.11060190200805664
Fin; energy prediction...time: 3.042809009552002
Egy stat [-17.208271, -15.055668, -16.565783, 0.3471194]
Start for  12_1_1_2 [4/455]
Fin;generate all combinations 21840 ...time: 0.03686189651489258
Fin; energy prediction...time: 3.0686542987823486
Egy stat [-19.228981, -17.230946, -18.597475, 0.29982635]
Start for  11_3_1_1 [5/455]
Fin;generate all combinations 87360 ...time: 0.28987789154052734
Fin; energy prediction...time: 11.272083759307861
Egy stat [-14.802381, -12.037682, -13.55763, 0.5113684]
Start for  11_2_2_1 [6/455]
Fin;generate all combinations 131040 ...time: 0.3347170352935791
Fin; energy prediction...time: 16.35097575187683
Egy stat [-15.526615, -12.583574, -14.359276, 0.43953308]
Start for  11_2_1_2 [7/455]
Fin;generate all combinations 131040 ...time: 0.5697720050811768
Fin; energy prediction...time: 16.45938515663147
Egy stat [-17.429, -14.824752, -16.407162, 0.39544955]
Start for  11_1_3_1 [8/455]
Fin;generate all combinations 87360 ...time: 0.3166544437408447
Fin; energy prediction...time: 11.051938772201538
Egy stat [-16.186749, -13.37536, -15.271108, 0.4208901]
Start for  11_1_2_2 [9/455]
Fin;generate all combinations 131040 ...time: 0.32097744941711426
Fin; energy prediction...time: 16.46805477142334
Egy stat [-18.138565, -15.532532, -17.25166, 0.38448933]
Start for  11_1_1_3 [10/455]
Fin;generate all combinations 87360 ...time: 0.30954933166503906
Fin; energy prediction...time: 10.911919832229614
Egy stat [-20.064333, -17.691626, -19.254097, 0.33927926]
Start for  10_4_1_1 [11/455]
Fin;generate all combinations 240240 ...time: 0.6810934543609619
Fin; energy prediction...time: 29.926241636276245
Egy stat [-13.408278, -9.455614, -11.618405, 0.6674331]
Start for  10_3_2_1 [12/455]
Fin;generate all combinations 480480 ...time: 1.4709062576293945
Fin; energy prediction...time: 59.70817804336548
Egy stat [-13.943695, -10.129925, -12.326677, 0.5649314]
Start for  10_3_1_2 [13/455]
Fin;generate all combinations 480480 ...time: 1.4350190162658691
Fin; energy prediction...time: 59.50670075416565
Egy stat [-15.900492, -12.440104, -14.3838215, 0.5229518]
Start for  10_2_3_1 [14/455]
Fin;generate all combinations 480480 ...time: 1.379711627960205
Fin; energy prediction...time: 59.965808629989624
Egy stat [-14.606495, -10.835135, -13.173228, 0.49456647]
Start for  10_2_2_2 [15/455]
Fin;generate all combinations 720720 ...time: 1.7363464832305908
Fin; energy prediction...time: 88.31484484672546
Egy stat [-16.545218, -12.931519, -15.165412, 0.4604407]
Start for  10_2_1_3 [16/455]
Fin;generate all combinations 480480 ...time: 2.854112386703491
Fin; energy prediction...time: 59.36896204948425
Egy stat [-18.431576, -15.362547, -17.182362, 0.41723594]
Start for  10_1_4_1 [17/455]
Fin;generate all combinations 240240 ...time: 0.47672128677368164
Fin; energy prediction...time: 30.708415269851685
Egy stat [-15.278473, -11.589865, -14.150327, 0.46850735]
Start for  10_1_3_2 [18/455]
Fin;generate all combinations 480480 ...time: 1.957317590713501
Fin; energy prediction...time: 59.34881949424744
Egy stat [-17.231102, -13.670705, -16.076971, 0.44021535]
Start for  10_1_2_3 [19/455]
Fin;generate all combinations 480480 ...time: 1.5064220428466797
Fin; energy prediction...time: 59.47075963020325
Egy stat [-19.163282, -15.837027, -18.027113, 0.40588376]
Start for  10_1_1_4 [20/455]
Fin;generate all combinations 240240 ...time: 1.0472025871276855
Fin; energy prediction...time: 30.263212203979492
Egy stat [-21.052607, -18.0676, -19.998886, 0.36353132]
Start for  9_5_1_1 [21/455]
Fin;generate all combinations 480480 ...time: 1.6135497093200684
Fin; energy prediction...time: 60.74293375015259
Egy stat [-12.200952, -7.011283, -9.901902, 0.8119674]
Start for  9_4_2_1 [22/455]
Fin;generate all combinations 1201200 ...time: 4.0892415046691895
Fin; energy prediction...time: 151.30048251152039
Egy stat [-12.736389, -7.6983128, -10.488063, 0.70454895]
Start for  9_4_1_2 [23/455]
Fin;generate all combinations 1201200 ...time: 6.504510164260864
Fin; energy prediction...time: 148.13640451431274
Egy stat [-14.664846, -10.063934, -12.549585, 0.66356236]
Start for  9_3_3_1 [24/455]
Fin;generate all combinations 1601600 ...time: 6.540794610977173
Fin; energy prediction...time: 197.16672706604004
Egy stat [-13.117778, -8.364197, -11.242585, 0.6036978]
Start for  9_3_2_2 [25/455]
Fin;generate all combinations 2402400 ...time: 8.633392810821533
Fin; energy prediction...time: 301.06260204315186
Egy stat [-15.073259, -10.685344, -13.239507, 0.57014364]
Start for  9_3_1_3 [26/455]
Fin;generate all combinations 1601600 ...time: 2.6645357608795166
Fin; energy prediction...time: 202.47607398033142
Egy stat [-17.030283, -13.077864, -15.264, 0.5286366]
Start for  9_2_4_1 [27/455]
Fin;generate all combinations 1201200 ...time: 4.60046911239624
Fin; energy prediction...time: 149.76529264450073
Egy stat [-13.7997265, -9.437997, -12.151924, 0.52989584]
Start for  9_2_3_2 [28/455]
Fin;generate all combinations 2402400 ...time: 9.652408838272095
Fin; energy prediction...time: 295.1506721973419
Egy stat [-15.653955, -11.518006, -14.086034, 0.5028949]
Start for  9_2_2_3 [29/455]
Fin;generate all combinations 2402400 ...time: 7.505073070526123
Fin; energy prediction...time: 294.6445758342743
Egy stat [-17.533188, -13.634041, -16.046106, 0.46973577]
Start for  9_2_1_4 [30/455]
Fin;generate all combinations 1201200 ...time: 5.680517673492432
Fin; energy prediction...time: 152.99419116973877
Egy stat [-19.406376, -15.934246, -18.030571, 0.4283633]
Start for  9_1_5_1 [31/455]
Fin;generate all combinations 480480 ...time: 3.7329001426696777
Fin; energy prediction...time: 63.20473074913025
Egy stat [-14.5563965, -10.433381, -13.214052, 0.49473533]
Start for  9_1_4_2 [32/455]
Fin;generate all combinations 1201200 ...time: 4.598385810852051
Fin; energy prediction...time: 148.36123061180115
Egy stat [-16.530546, -12.44707, -15.083393, 0.47250786]
Start for  9_1_3_3 [33/455]
Fin;generate all combinations 1601600 ...time: 6.615394592285156
Fin; energy prediction...time: 198.52224469184875
Egy stat [-18.426353, -14.525244, -16.97806, 0.44599667]
Start for  9_1_2_4 [34/455]
Fin;generate all combinations 1201200 ...time: 5.430146932601929
Fin; energy prediction...time: 149.1981701850891
Egy stat [-20.322243, -16.646605, -18.89607, 0.4140096]
Start for  9_1_1_5 [35/455]
Fin;generate all combinations 480480 ...time: 1.006437063217163
Fin; energy prediction...time: 62.107670307159424
Egy stat [-22.204098, -18.838324, -20.835518, 0.37482563]
Start for  8_6_1_1 [36/455]
Fin;generate all combinations 720720 ...time: 3.8470795154571533
Fin; energy prediction...time: 89.92172479629517
Egy stat [-11.330107, -4.521846, -8.420487, 0.9273782]
Start for  8_5_2_1 [37/455]
Fin;generate all combinations 2162160 ...time: 9.415584564208984
Fin; energy prediction...time: 267.12034130096436
Egy stat [-11.62863, -5.414217, -8.859175, 0.8372908]
Start for  8_5_1_2 [38/455]
Fin;generate all combinations 2162160 ...time: 7.101655006408691
Fin; energy prediction...time: 272.2738218307495
Egy stat [-13.614605, -7.7097306, -10.922248, 0.79679054]
Start for  8_4_3_1 [39/455]
Fin;generate all combinations 3603600 ...time: 16.594703435897827
Fin; energy prediction...time: 446.55301308631897
Egy stat [-12.144541, -5.9867563, -9.495979, 0.7311846]
Start for  8_4_2_2 [40/455]
Fin;generate all combinations 5405400 ...time: 19.797125339508057
Fin; energy prediction...time: 658.5681681632996
Egy stat [-14.065102, -8.294849, -11.49284, 0.6974424]
Start for  8_4_1_3 [41/455]
Fin;generate all combinations 3603600 ...time: 24.16241192817688
Fin; energy prediction...time: 450.90887784957886
Egy stat [-15.96698, -10.654706, -13.519947, 0.6569879]
Start for  8_3_4_1 [42/455]
Fin;generate all combinations 3603600 ...time: 13.338560819625854
Fin; energy prediction...time: 457.2651379108429
Egy stat [-12.518676, -6.944495, -10.314203, 0.6291864]
Start for  8_3_3_2 [43/455]
Fin;generate all combinations 7207200 ...time: 30.11055827140808
Fin; energy prediction...time: 888.590113401413
Egy stat [-14.39925, -8.990952, -12.248888, 0.60139436]
Start for  8_3_2_3 [44/455]
Fin;generate all combinations 7207200 ...time: 36.84880590438843
Fin; energy prediction...time: 897.8577396869659
Egy stat [-16.283598, -11.318022, -14.211975, 0.568188]
Start for  8_3_1_4 [45/455]
Fin;generate all combinations 3603600 ...time: 7.156192779541016
Fin; energy prediction...time: 448.54737615585327
Egy stat [-18.184717, -13.702089, -16.202108, 0.52787936]
Start for  8_2_5_1 [46/455]
Fin;generate all combinations 2162160 ...time: 4.266198635101318
Fin; energy prediction...time: 272.4764497280121
Egy stat [-13.098395, -8.049753, -11.30565, 0.54954374]
Start for  8_2_4_2 [47/455]
Fin;generate all combinations 5405400 ...time: 25.420334577560425
Fin; energy prediction...time: 661.4358332157135
Egy stat [-14.934843, -10.055398, -13.178654, 0.5273692]
Start for  8_2_3_3 [48/455]
Fin;generate all combinations 7207200 ...time: 29.99891185760498
Fin; energy prediction...time: 888.4649131298065
Egy stat [-16.77527, -12.11989, -15.079063, 0.5009755]
Start for  8_2_2_4 [49/455]
Fin;generate all combinations 5405400 ...time: 21.294569492340088
Fin; energy prediction...time: 670.394537448883
Egy stat [-18.766552, -14.210469, -17.005188, 0.46909776]
Start for  8_2_1_5 [50/455]
Fin;generate all combinations 2162160 ...time: 13.74202561378479
Fin; energy prediction...time: 273.22378945350647
Egy stat [-20.59982, -16.571554, -18.95533, 0.42993808]
Start for  8_1_6_1 [51/455]
Fin;generate all combinations 720720 ...time: 1.6102511882781982
Fin; energy prediction...time: 90.42975950241089
Egy stat [-14.012522, -8.93339, -12.473866, 0.50404716]
Start for  8_1_5_2 [52/455]
Fin;generate all combinations 2162160 ...time: 8.596166133880615
Fin; energy prediction...time: 273.6940166950226
Egy stat [-15.914885, -10.980697, -14.281862, 0.4861864]
Start for  8_1_4_3 [53/455]
Fin;generate all combinations 3603600 ...time: 20.188007354736328
Fin; energy prediction...time: 441.20082449913025
Egy stat [-17.76701, -13.0137615, -16.117239, 0.46530074]
Start for  8_1_3_4 [54/455]
Fin;generate all combinations 3603600 ...time: 14.755849361419678
Fin; energy prediction...time: 441.43321108818054
Egy stat [-19.62349, -15.090084, -17.977877, 0.44057158]
Start for  8_1_2_5 [55/455]
Fin;generate all combinations 2162160 ...time: 12.919549226760864
Fin; energy prediction...time: 272.9902584552765
Egy stat [-21.477924, -17.149128, -19.861763, 0.4109501]
Start for  8_1_1_6 [56/455]
Fin;generate all combinations 720720 ...time: 7.092414855957031
Fin; energy prediction...time: 96.15006065368652
Egy stat [-23.281075, -19.27772, -21.76691, 0.37495527]
Start for  7_7_1_1 [57/455]
Fin;generate all combinations 823680 ...time: 3.9659264087677
Fin; energy prediction...time: 103.63709092140198
Egy stat [-9.793672, -2.0215988, -7.178618, 0.99924093]
Start for  7_6_2_1 [58/455]
Fin;generate all combinations 2882880 ...time: 18.16196060180664
Fin; energy prediction...time: 351.99565839767456
Egy stat [-10.210463, -3.561503, -7.4498467, 0.94431305]
Start for  7_6_1_2 [59/455]
Fin;generate all combinations 2882880 ...time: 18.130399227142334
Fin; energy prediction...time: 364.8460159301758
Egy stat [-12.156053, -5.617135, -9.513599, 0.90384066]
Start for  7_5_3_1 [60/455]
Fin;generate all combinations 5765760 ...time: 23.15798830986023
Fin; energy prediction...time: 721.9337270259857
Egy stat [-10.589108, -4.549344, -7.9462442, 0.8552309]
Start for  7_5_2_2 [61/455]
Fin;generate all combinations 8648640 ...time: 34.40140223503113
Fin; energy prediction...time: 1074.3409116268158
Egy stat [-12.479233, -6.7346764, -9.94034, 0.8210765]
Start for  7_5_1_3 [62/455]
Fin;generate all combinations 5765760 ...time: 30.29693078994751
Fin; energy prediction...time: 726.3618404865265
Egy stat [-14.370911, -9.035663, -11.967162, 0.78125614]
Start for  7_4_4_1 [63/455]
Fin;generate all combinations 7207200 ...time: 22.137587070465088
Fin; energy prediction...time: 892.4858548641205
Egy stat [-11.138431, -5.346991, -8.650797, 0.74975175]
Start for  7_4_3_2 [64/455]
Fin;generate all combinations 14414400 ...time: 65.77751564979553
Fin; energy prediction...time: 1768.9569194316864
Egy stat [-12.950336, -7.4543786, -10.581313, 0.72062725]
Start for  7_4_2_3 [65/455]
Fin;generate all combinations 14414400 ...time: 72.45335102081299
Fin; energy prediction...time: 1841.0327162742615
Egy stat [-14.829498, -9.766893, -12.542517, 0.68694746]
Start for  7_4_1_4 [66/455]
Fin;generate all combinations 7207200 ...time: 14.79574990272522
Fin; energy prediction...time: 908.2755482196808
Egy stat [-16.701149, -12.0267, -14.53336, 0.64742684]
Start for  7_3_5_1 [67/455]
Fin;generate all combinations 5765760 ...time: 10.619351625442505
Fin; energy prediction...time: 729.6504771709442
Egy stat [-11.6298, -6.364395, -9.551612, 0.6452736]
Start for  7_3_4_2 [68/455]
Fin;generate all combinations 14414400 ...time: 58.14544677734375
Fin; energy prediction...time: 1782.6847259998322
Egy stat [-13.442493, -8.385004, -11.421381, 0.6209728]
Start for  7_3_3_3 [69/455]
Fin;generate all combinations 19219200 ...time: 84.98145461082458
Fin; energy prediction...time: 2391.7481422424316
Egy stat [-15.254366, -10.444853, -13.320592, 0.5930294]
Start for  7_3_2_4 [70/455]
Fin;generate all combinations 14414400 ...time: 24.210225343704224
Fin; energy prediction...time: 1820.9825360774994
Egy stat [-17.0747, -12.502386, -15.247824, 0.5603656]
Start for  7_3_1_5 [71/455]
Fin;generate all combinations 5765760 ...time: 37.569618701934814
Fin; energy prediction...time: 748.3310587406158
Egy stat [-18.91341, -14.895845, -17.201656, 0.5215206]
Start for  7_2_6_1 [72/455]
Fin;generate all combinations 2882880 ...time: 5.747716188430786
Fin; energy prediction...time: 354.06494879722595
Egy stat [-12.24929, -7.372684, -10.645812, 0.5580282]
Start for  7_2_5_2 [73/455]
Fin;generate all combinations 8648640 ...time: 42.86922574043274
Fin; energy prediction...time: 1074.0901083946228
Egy stat [-14.078533, -9.403401, -12.454006, 0.5388033]
Start for  7_2_4_3 [74/455]
Fin;generate all combinations 14414400 ...time: 73.85311269760132
Fin; energy prediction...time: 1792.424745798111
Egy stat [-15.870632, -11.434471, -14.291268, 0.51672494]
Start for  7_2_3_4 [75/455]
Fin;generate all combinations 14414400 ...time: 63.72565031051636
Fin; energy prediction...time: 1821.0868916511536
Egy stat [-17.680202, -13.502296, -16.155819, 0.49094778]
Start for  7_2_2_5 [76/455]
Fin;generate all combinations 8648640 ...time: 42.047303199768066
Fin; energy prediction...time: 1097.4985489845276
Egy stat [-19.603603, -15.576815, -18.045824, 0.46037126]
Start for  7_2_1_6 [77/455]
Fin;generate all combinations 2882880 ...time: 6.393102407455444
Fin; energy prediction...time: 371.5537931919098
Egy stat [-21.437803, -17.689125, -19.959576, 0.42345256]
Start for  7_1_7_1 [78/455]
Fin;generate all combinations 823680 ...time: 8.610710620880127
Fin; energy prediction...time: 106.69757032394409
Egy stat [-13.405264, -8.054829, -11.942277, 0.5004099]
Start for  7_1_6_2 [79/455]
Fin;generate all combinations 2882880 ...time: 16.504350900650024
Fin; energy prediction...time: 354.6482148170471
Egy stat [-15.18498, -10.060623, -13.684252, 0.485534]
Start for  7_1_5_3 [80/455]
Fin;generate all combinations 5765760 ...time: 27.7595853805542
Fin; energy prediction...time: 722.7778577804565
Egy stat [-17.024942, -12.1135, -15.455868, 0.46855026]
Start for  7_1_4_4 [81/455]
Fin;generate all combinations 7207200 ...time: 28.3228657245636
Fin; energy prediction...time: 892.3033423423767
Egy stat [-18.829197, -14.161254, -17.254879, 0.4488616]
Start for  7_1_3_5 [82/455]
Fin;generate all combinations 5765760 ...time: 40.855724811553955
Fin; energy prediction...time: 722.2042977809906
Egy stat [-20.63427, -16.275944, -19.079138, 0.42575982]
Start for  7_1_2_6 [83/455]
Fin;generate all combinations 2882880 ...time: 5.550950765609741
Fin; energy prediction...time: 396.7740490436554
Egy stat [-22.424881, -18.376907, -20.926573, 0.39834082]
Start for  7_1_1_7 [84/455]
Fin;generate all combinations 823680 ...time: 1.9902114868164062
Fin; energy prediction...time: 104.81188917160034
Egy stat [-24.205532, -20.520699, -22.795149, 0.3653442]
Start for  6_8_1_1 [85/455]
Fin;generate all combinations 720720 ...time: 6.645196437835693
Fin; energy prediction...time: 93.33766031265259
Egy stat [-8.782186, 0.0452013, -6.171481, 1.0178022]
Start for  6_7_2_1 [86/455]
Fin;generate all combinations 2882880 ...time: 16.90544605255127
Fin; energy prediction...time: 359.16886258125305
Egy stat [-9.079251, -1.1535978, -6.262432, 1.0107112]
Start for  6_7_1_2 [87/455]
Fin;generate all combinations 2882880 ...time: 17.140312433242798
Fin; energy prediction...time: 364.8941013813019
Egy stat [-11.004105, -3.28858, -8.327813, 0.9694067]
Start for  6_6_3_1 [88/455]
Fin;generate all combinations 6726720 ...time: 30.441129446029663
Fin; energy prediction...time: 833.7526297569275
Egy stat [-9.588484, -2.5406232, -6.600745, 0.9563707]
Start for  6_6_2_2 [89/455]
Fin;generate all combinations 10090080 ...time: 39.72104358673096
Fin; energy prediction...time: 1260.2286870479584
Egy stat [-11.445086, -4.583495, -8.591334, 0.9214152]
Start for  6_6_1_3 [90/455]
Fin;generate all combinations 6726720 ...time: 31.153183460235596
Fin; energy prediction...time: 839.0544764995575
Egy stat [-13.264211, -6.738867, -10.616936, 0.88168967]
Start for  6_5_4_1 [91/455]
Fin;generate all combinations 10090080 ...time: 49.88108992576599
Fin; energy prediction...time: 1260.2755193710327
Egy stat [-9.981309, -3.5161452, -7.1717257, 0.8693093]
Start for  6_5_3_2 [92/455]
Fin;generate all combinations 20180160 ...time: 88.17924618721008
Fin; energy prediction...time: 2497.300446033478
Egy stat [-11.791479, -5.5500717, -9.0954075, 0.83883303]
Start for  6_5_2_3 [93/455]
Fin;generate all combinations 20180160 ...time: 104.47778820991516
Fin; energy prediction...time: 2583.2253980636597
Egy stat [-13.588644, -7.851733, -11.051982, 0.8045533]
Start for  6_5_1_4 [94/455]
Fin;generate all combinations 10090080 ...time: 20.951762199401855
Fin; energy prediction...time: 1279.4564182758331
Egy stat [-15.41772, -10.016777, -13.040571, 0.76551485]
Start for  6_4_5_1 [95/455]
Fin;generate all combinations 10090080 ...time: 46.55902290344238
Fin; energy prediction...time: 1260.3826537132263
Egy stat [-10.60834, -4.532169, -7.96249, 0.7644233]
Start for  6_4_4_2 [96/455]
Fin;generate all combinations 25225200 ...time: 126.4136734008789
Fin; energy prediction...time: 3161.1230370998383
Egy stat [-12.375013, -6.535272, -9.824283, 0.73773545]
Start for  6_4_3_3 [97/455]
Fin;generate all combinations 33633600 ...time: 156.07792806625366
Fin; energy prediction...time: 4182.814453840256
Egy stat [-14.125549, -8.6072645, -11.717491, 0.70801824]
Start for  6_4_2_4 [98/455]
Fin;generate all combinations 25225200 ...time: 105.96262741088867
Fin; energy prediction...time: 3189.5662977695465
Egy stat [-15.89307, -10.685058, -13.640926, 0.6744411]
Start for  6_4_1_5 [99/455]
Fin;generate all combinations 10090080 ...time: 25.52665662765503
Fin; energy prediction...time: 1306.4399905204773
Egy stat [-17.659807, -13.053125, -15.593419, 0.63593113]
Start for  6_3_6_1 [100/455]
Fin;generate all combinations 6726720 ...time: 36.8455114364624
Fin; energy prediction...time: 847.9216620922089
Egy stat [-11.003267, -5.568393, -8.966081, 0.656418]
Start for  6_3_5_2 [101/455]
Fin;generate all combinations 20180160 ...time: 77.98353600502014
Fin; energy prediction...time: 2543.6752026081085
Egy stat [-12.788945, -7.579813, -10.7675495, 0.63382095]
Start for  6_3_4_3 [102/455]
Fin;generate all combinations 33633600 ...time: 177.39617586135864
Fin; energy prediction...time: 4199.437996149063
Egy stat [-14.555571, -9.597698, -12.5998125, 0.60881394]
Start for  6_3_3_4 [103/455]
Fin;generate all combinations 33633600 ...time: 139.0108025074005
Fin; energy prediction...time: 4243.348294496536
Egy stat [-16.343689, -11.6964035, -14.461234, 0.580686]
Start for  6_3_2_5 [104/455]
Fin;generate all combinations 20180160 ...time: 113.27902698516846
Fin; energy prediction...time: 2726.2766573429108
Egy stat [-18.121609, -13.769619, -16.350357, 0.5485289]
Start for  6_3_1_6 [105/455]
Fin;generate all combinations 6726720 ...time: 17.30379867553711
Fin; energy prediction...time: 848.6810460090637
Egy stat [-19.906633, -15.903849, -18.265667, 0.51112115]
Start for  6_2_7_1 [106/455]
Fin;generate all combinations 2882880 ...time: 6.430110692977905
Fin; energy prediction...time: 375.10423517227173
Egy stat [-11.804775, -6.438961, -10.1848, 0.5594629]
Start for  6_2_6_2 [107/455]
Fin;generate all combinations 10090080 ...time: 51.433945417404175
Fin; energy prediction...time: 1251.3674566745758
Egy stat [-13.49382, -8.42182, -11.923819, 0.5417909]
Start for  6_2_5_3 [108/455]
Fin;generate all combinations 20180160 ...time: 115.23980832099915
Fin; energy prediction...time: 2547.4095561504364
Egy stat [-15.1911335, -10.464075, -13.693838, 0.52219415]
Start for  6_2_4_4 [109/455]
Fin;generate all combinations 25225200 ...time: 124.39124894142151
Fin; energy prediction...time: 3162.1993956565857
Egy stat [-16.955318, -12.486832, -15.492881, 0.5000977]
Start for  6_2_3_5 [110/455]
Fin;generate all combinations 20180160 ...time: 105.23147225379944
Fin; energy prediction...time: 2644.974544286728
Egy stat [-18.772938, -14.615057, -17.31906, 0.474788]
Start for  6_2_2_6 [111/455]
Fin;generate all combinations 10090080 ...time: 20.74247455596924
Fin; energy prediction...time: 1291.2365481853485
Egy stat [-20.61417, -16.716091, -19.17053, 0.445336]
Start for  6_2_1_7 [112/455]
Fin;generate all combinations 2882880 ...time: 7.035450220108032
Fin; energy prediction...time: 382.6755418777466
Egy stat [-22.3534, -18.87001, -21.045492, 0.4104461]
Start for  6_1_8_1 [113/455]
Fin;generate all combinations 720720 ...time: 2.129992961883545
Fin; energy prediction...time: 103.24529075622559
Egy stat [-13.105017, -8.049444, -11.632471, 0.48684025]
Start for  6_1_7_2 [114/455]
Fin;generate all combinations 2882880 ...time: 12.663839101791382
Fin; energy prediction...time: 365.426949262619
Egy stat [-14.755059, -9.961016, -13.303209, 0.47399813]
Start for  6_1_6_3 [115/455]
Fin;generate all combinations 6726720 ...time: 31.84272074699402
Fin; energy prediction...time: 832.4984877109528
Egy stat [-16.437931, -11.8619, -15.005987, 0.4596498]
Start for  6_1_5_4 [116/455]
Fin;generate all combinations 10090080 ...time: 57.06377291679382
Fin; energy prediction...time: 1278.7691066265106
Egy stat [-18.163734, -13.819035, -16.738491, 0.4433644]
Start for  6_1_4_5 [117/455]
Fin;generate all combinations 10090080 ...time: 60.80392599105835
Fin; energy prediction...time: 1258.6917774677277
Egy stat [-19.90736, -15.76152, -18.498447, 0.42464992]
Start for  6_1_3_6 [118/455]
Fin;generate all combinations 6726720 ...time: 31.55496096611023
Fin; energy prediction...time: 848.8026955127716
Egy stat [-21.64301, -17.789429, -20.283667, 0.4029152]
Start for  6_1_2_7 [119/455]
Fin;generate all combinations 2882880 ...time: 7.745171308517456
Fin; energy prediction...time: 377.84009170532227
Egy stat [-23.367916, -19.81844, -22.092014, 0.37739947]
Start for  6_1_1_8 [120/455]
Fin;generate all combinations 720720 ...time: 1.8266794681549072
Fin; energy prediction...time: 101.22616028785706
Egy stat [-25.060081, -21.875751, -23.921406, 0.34704468]
Start for  5_9_1_1 [121/455]
Fin;generate all combinations 480480 ...time: 1.0219848155975342
Fin; energy prediction...time: 66.06958484649658
Egy stat [-7.6977673, -0.8922882, -5.383909, 0.97912407]
Start for  5_8_2_1 [122/455]
Fin;generate all combinations 2162160 ...time: 11.589313983917236
Fin; energy prediction...time: 270.7080419063568
Egy stat [-7.9909716, 0.7859583, -5.29042, 1.0266252]
Start for  5_8_1_2 [123/455]
Fin;generate all combinations 2162160 ...time: 9.754476547241211
Fin; energy prediction...time: 270.5376260280609
Egy stat [-9.928791, -1.5398674, -7.3600016, 0.983066]
Start for  5_7_3_1 [124/455]
Fin;generate all combinations 5765760 ...time: 37.81928825378418
Fin; energy prediction...time: 712.920982837677
Egy stat [-8.484293, -0.35139942, -5.459722, 1.0196118]
Start for  5_7_2_2 [125/455]
Fin;generate all combinations 8648640 ...time: 35.01247501373291
Fin; energy prediction...time: 1092.7230942249298
Egy stat [-10.264388, -2.4290972, -7.447923, 0.9828784]
Start for  5_7_1_3 [126/455]
Fin;generate all combinations 5765760 ...time: 30.624284267425537
Fin; energy prediction...time: 722.576934337616
Egy stat [-12.052801, -4.787411, -9.473184, 0.9422244]
Start for  5_6_4_1 [127/455]
Fin;generate all combinations 10090080 ...time: 42.01993012428284
Fin; energy prediction...time: 1263.4620563983917
Egy stat [-8.743914, -1.578516, -5.8818793, 0.968223]
Start for  5_6_3_2 [128/455]
Fin;generate all combinations 20180160 ...time: 110.19458365440369
Fin; energy prediction...time: 2543.44074678421
Egy stat [-10.544001, -3.6143212, -7.798116, 0.93603325]
Start for  5_6_2_3 [129/455]
Fin;generate all combinations 20180160 ...time: 112.37658476829529
Fin; energy prediction...time: 2517.2721610069275
Egy stat [-12.338244, -5.7255273, -9.749239, 0.90070546]
Start for  5_6_1_4 [130/455]
Fin;generate all combinations 10090080 ...time: 52.74956679344177
Fin; energy prediction...time: 1275.5124175548553
Egy stat [-14.13551, -7.887246, -11.734622, 0.86155045]
Start for  5_5_5_1 [131/455]
Fin;generate all combinations 12108096 ...time: 50.29108238220215
Fin; energy prediction...time: 1514.314265012741
Egy stat [-9.233522, -2.6814914, -6.545574, 0.8841427]
Start for  5_5_4_2 [132/455]
Fin;generate all combinations 30270240 ...time: 131.49324941635132
Fin; energy prediction...time: 3772.0514693260193
Egy stat [-11.025214, -4.6612334, -8.39678, 0.855246]
Start for  5_5_3_3 [133/455]
Fin;generate all combinations 40360320 ...time: 196.2686846256256
Fin; energy prediction...time: 5178.641664981842
Egy stat [-12.816545, -6.73621, -10.281265, 0.8238463]
Start for  5_5_2_4 [134/455]
Fin;generate all combinations 30270240 ...time: 53.73559904098511
Fin; energy prediction...time: 3929.4437522888184
Egy stat [-14.579173, -8.81355, -12.198092, 0.78933465]
Start for  5_5_1_5 [135/455]
Fin;generate all combinations 12108096 ...time: 90.11431503295898
Fin; energy prediction...time: 1502.5836868286133
Egy stat [-16.357166, -11.15241, -14.146302, 0.75096345]
Start for  5_4_6_1 [136/455]
Fin;generate all combinations 10090080 ...time: 68.67920637130737
Fin; energy prediction...time: 1269.7533643245697
Egy stat [-10.041094, -3.7658763, -7.4422784, 0.7795517]
Start for  5_4_5_2 [137/455]
Fin;generate all combinations 30270240 ...time: 143.98266100883484
Fin; energy prediction...time: 3796.5800127983093
Egy stat [-11.791328, -5.755895, -9.232287, 0.7537064]
Start for  5_4_4_3 [138/455]
Fin;generate all combinations 50450400 ...time: 270.1980457305908
Fin; energy prediction...time: 6418.559188842773
Egy stat [-13.514278, -7.751163, -11.054703, 0.7258637]
Start for  5_4_3_4 [139/455]
Fin;generate all combinations 50450400 ...time: 307.77169394493103
Fin; energy prediction...time: 6365.469804525375
Egy stat [-15.213469, -9.85162, -12.908168, 0.6954881]
Start for  5_4_2_5 [140/455]
Fin;generate all combinations 30270240 ...time: 163.6655933856964
Fin; energy prediction...time: 3862.2911784648895
Egy stat [-16.968378, -11.964518, -14.791504, 0.66191643]
Start for  5_4_1_6 [141/455]
Fin;generate all combinations 10090080 ...time: 84.89738345146179
Fin; energy prediction...time: 1338.6683592796326
Egy stat [-18.668926, -14.107355, -16.703367, 0.62430394]
Start for  5_3_7_1 [142/455]
Fin;generate all combinations 5765760 ...time: 13.51256251335144
Fin; energy prediction...time: 718.3325617313385
Egy stat [-10.527169, -4.67176, -8.569891, 0.666442]
Start for  5_3_6_2 [143/455]
Fin;generate all combinations 20180160 ...time: 97.11303305625916
Fin; energy prediction...time: 2510.410628795624
Egy stat [-12.235634, -6.6388655, -10.299023, 0.644382]
Start for  5_3_5_3 [144/455]
Fin;generate all combinations 40360320 ...time: 214.22998356819153
Fin; energy prediction...time: 5107.544098377228
Egy stat [-13.986097, -8.660573, -12.060481, 0.62069386]
Start for  5_3_4_4 [145/455]
Fin;generate all combinations 50450400 ...time: 276.734406709671
Fin; energy prediction...time: 6343.487207174301
Egy stat [-15.722639, -10.665814, -13.852633, 0.59492093]
Start for  5_3_3_5 [146/455]
Fin;generate all combinations 40360320 ...time: 197.78894639015198
Fin; energy prediction...time: 5297.653606176376
Egy stat [-17.43026, -12.800893, -15.673702, 0.56649303]
Start for  5_3_2_6 [147/455]
Fin;generate all combinations 20180160 ...time: 42.79873967170715
Fin; energy prediction...time: 2596.836977005005
Egy stat [-19.167747, -14.93718, -17.52222, 0.5346833]
Start for  5_3_1_7 [148/455]
Fin;generate all combinations 5765760 ...time: 14.78436017036438
Fin; energy prediction...time: 723.1727712154388
Egy stat [-20.890797, -17.104588, -19.396536, 0.4985135]
Start for  5_2_8_1 [149/455]
Fin;generate all combinations 2162160 ...time: 19.630292892456055
Fin; energy prediction...time: 295.2005932331085
Egy stat [-11.567932, -6.3898506, -9.935654, 0.5567565]
Start for  5_2_7_2 [150/455]
Fin;generate all combinations 8648640 ...time: 52.282493591308594
Fin; energy prediction...time: 1087.6652903556824
Egy stat [-13.119176, -8.293371, -11.600601, 0.5398645]
Start for  5_2_6_3 [151/455]
Fin;generate all combinations 20180160 ...time: 118.00146627426147
Fin; energy prediction...time: 2489.3897984027863
Egy stat [-14.774872, -10.195356, -13.29865, 0.52157617]
Start for  5_2_5_4 [152/455]
Fin;generate all combinations 30270240 ...time: 176.4923951625824
Fin; energy prediction...time: 3808.0851171016693
Egy stat [-16.47425, -12.139044, -15.027678, 0.5015234]
Start for  5_2_4_5 [153/455]
Fin;generate all combinations 30270240 ...time: 136.84488153457642
Fin; energy prediction...time: 3884.2262618541718
Egy stat [-18.147732, -14.086105, -16.785686, 0.4792496]
Start for  5_2_3_6 [154/455]
Fin;generate all combinations 20180160 ...time: 129.7531406879425
Fin; energy prediction...time: 2573.7673287391663
Egy stat [-19.900024, -16.139027, -18.570726, 0.45418105]
Start for  5_2_2_7 [155/455]
Fin;generate all combinations 8648640 ...time: 18.220890522003174
Fin; energy prediction...time: 1224.9621295928955
Egy stat [-21.603962, -18.169256, -20.380903, 0.4255601]
Start for  5_2_1_8 [156/455]
Fin;generate all combinations 2162160 ...time: 5.8944151401519775
Fin; energy prediction...time: 278.10926485061646
Egy stat [-23.301407, -20.240799, -22.214422, 0.3923281]
Start for  5_1_9_1 [157/455]
Fin;generate all combinations 480480 ...time: 1.6233329772949219
Fin; energy prediction...time: 72.07760858535767
Egy stat [-12.929696, -8.47344, -11.557922, 0.46482792]
Start for  5_1_8_2 [158/455]
Fin;generate all combinations 2162160 ...time: 3.669703722000122
Fin; energy prediction...time: 279.0308437347412
Egy stat [-14.514037, -10.111432, -13.151775, 0.45366958]
Start for  5_1_7_3 [159/455]
Fin;generate all combinations 5765760 ...time: 33.11039137840271
Fin; energy prediction...time: 724.6245398521423
Egy stat [-16.110958, -11.964269, -14.7802105, 0.44127393]
Start for  5_1_6_4 [160/455]
Fin;generate all combinations 10090080 ...time: 56.709498167037964
Fin; energy prediction...time: 1253.3395171165466
Egy stat [-17.694458, -13.824623, -16.44081, 0.4273588]
Start for  5_1_5_5 [161/455]
Fin;generate all combinations 12108096 ...time: 50.71688628196716
Fin; energy prediction...time: 1605.558392047882
Egy stat [-19.342075, -15.730114, -18.13119, 0.4116006]
Start for  5_1_4_6 [162/455]
Fin;generate all combinations 10090080 ...time: 46.15414619445801
Fin; energy prediction...time: 1270.0443332195282
Egy stat [-21.057505, -17.639091, -19.849083, 0.39361614]
Start for  5_1_3_7 [163/455]
Fin;generate all combinations 5765760 ...time: 33.56016945838928
Fin; energy prediction...time: 736.5909905433655
Egy stat [-22.764526, -19.61391, -21.592234, 0.37293196]
Start for  5_1_2_8 [164/455]
Fin;generate all combinations 2162160 ...time: 4.775845527648926
Fin; energy prediction...time: 298.7279438972473
Egy stat [-24.460308, -21.56784, -23.358494, 0.3489262]
Start for  5_1_1_9 [165/455]
Fin;generate all combinations 480480 ...time: 1.3039171695709229
Fin; energy prediction...time: 69.45447754859924
Egy stat [-26.129599, -23.565079, -25.145811, 0.3207231]
Start for  4_10_1_1 [166/455]
Fin;generate all combinations 240240 ...time: 0.6026816368103027
Fin; energy prediction...time: 38.85466504096985
Egy stat [-7.03909, -1.5722218, -4.7894917, 0.88562894]
Start for  4_9_2_1 [167/455]
Fin;generate all combinations 1201200 ...time: 3.0760631561279297
Fin; energy prediction...time: 156.81379461288452
Egy stat [-7.1896505, -0.03876877, -4.5173187, 0.9880844]
Start for  4_9_1_2 [168/455]
Fin;generate all combinations 1201200 ...time: 5.0956127643585205
Fin; energy prediction...time: 156.60221028327942
Egy stat [-9.115026, -2.1756945, -6.595152, 0.94036305]
Start for  4_8_3_1 [169/455]
Fin;generate all combinations 3603600 ...time: 21.251472234725952
Fin; energy prediction...time: 454.5613474845886
Egy stat [-7.685814, 1.5469904, -4.5149097, 1.0353847]
Start for  4_8_2_2 [170/455]
Fin;generate all combinations 5405400 ...time: 22.849838733673096
Fin; energy prediction...time: 686.1955444812775
Egy stat [-9.455868, -0.7327776, -6.503556, 0.99516743]
Start for  4_8_1_3 [171/455]
Fin;generate all combinations 3603600 ...time: 19.620588302612305
Fin; energy prediction...time: 453.668509721756
Egy stat [-11.231963, -2.9891167, -8.531061, 0.9519257]
Start for  4_7_4_1 [172/455]
Fin;generate all combinations 7207200 ...time: 34.352466106414795
Fin; energy prediction...time: 903.305498123169
Egy stat [-7.7897854, 0.50081825, -4.779381, 1.0318527]
Start for  4_7_3_2 [173/455]
Fin;generate all combinations 14414400 ...time: 65.17941236495972
Fin; energy prediction...time: 1817.9225783348083
Egy stat [-9.530842, -1.5714264, -6.689443, 0.996839]
Start for  4_7_2_3 [174/455]
Fin;generate all combinations 14414400 ...time: 53.87367081642151
Fin; energy prediction...time: 1839.935123682022
Egy stat [-11.299703, -3.87819, -8.636237, 0.9593239]
Start for  4_7_1_4 [175/455]
Fin;generate all combinations 7207200 ...time: 15.441821098327637
Fin; energy prediction...time: 932.7080006599426
Egy stat [-13.027279, -6.2370424, -10.619282, 0.9188657]
Start for  4_6_5_1 [176/455]
Fin;generate all combinations 10090080 ...time: 32.320329427719116
Fin; energy prediction...time: 1252.3688502311707
Egy stat [-7.9868865, -0.6961756, -5.3032985, 0.9849905]
Start for  4_6_4_2 [177/455]
Fin;generate all combinations 25225200 ...time: 104.33351421356201
Fin; energy prediction...time: 3163.8847835063934
Egy stat [-9.9350815, -2.6526527, -7.143345, 0.9535449]
Start for  4_6_3_3 [178/455]
Fin;generate all combinations 33633600 ...time: 167.85457801818848
Fin; energy prediction...time: 4286.4447655677795
Egy stat [-11.639225, -4.7581816, -9.018445, 0.92005545]
Start for  4_6_2_4 [179/455]
Fin;generate all combinations 25225200 ...time: 45.098552227020264
Fin; energy prediction...time: 3290.755077123642
Egy stat [-13.363313, -6.870121, -10.927887, 0.88411]
Start for  4_6_1_5 [180/455]
Fin;generate all combinations 10090080 ...time: 81.06544280052185
Fin; energy prediction...time: 1326.6257755756378
Egy stat [-15.099909, -9.243814, -12.870836, 0.8452259]
Start for  4_5_6_1 [181/455]
Fin;generate all combinations 10090080 ...time: 17.873069047927856
Fin; energy prediction...time: 1303.1349861621857
Egy stat [-8.705869, -1.8290615, -6.078979, 0.90396464]
Start for  4_5_5_2 [182/455]
Fin;generate all combinations 30270240 ...time: 116.2001428604126
Fin; energy prediction...time: 3783.6967141628265
Egy stat [-10.459261, -3.8003683, -7.854901, 0.87525684]
Start for  4_5_4_3 [183/455]
Fin;generate all combinations 50450400 ...time: 206.62596154212952
Fin; energy prediction...time: 6432.5335948467255
Egy stat [-12.212026, -5.774078, -9.6648245, 0.84488183]
Start for  4_5_3_4 [184/455]
Fin;generate all combinations 50450400 ...time: 211.55787706375122
Fin; energy prediction...time: 6462.7744216918945
Egy stat [-13.929464, -7.9049273, -11.507662, 0.8124678]
Start for  4_5_2_5 [185/455]
Fin;generate all combinations 30270240 ...time: 55.49473977088928
Fin; energy prediction...time: 3958.739042043686
Egy stat [-15.665115, -10.023545, -13.382363, 0.7775711]
Start for  4_5_1_6 [186/455]
Fin;generate all combinations 10090080 ...time: 25.122962474822998
Fin; energy prediction...time: 1323.7350707054138
Egy stat [-17.401089, -12.194963, -15.287865, 0.73965776]
Start for  4_4_7_1 [187/455]
Fin;generate all combinations 7207200 ...time: 37.990206718444824
Fin; energy prediction...time: 919.0634777545929
Egy stat [-9.664068, -2.7899127, -7.102272, 0.7983973]
Start for  4_4_6_2 [188/455]
Fin;generate all combinations 25225200 ...time: 115.9421820640564
Fin; energy prediction...time: 3234.5445652008057
Egy stat [-11.361356, -4.7374845, -8.816786, 0.77252424]
Start for  4_4_5_3 [189/455]
Fin;generate all combinations 50450400 ...time: 245.46928358078003
Fin; energy prediction...time: 6401.683769702911
Egy stat [-13.044156, -6.738564, -10.564926, 0.745257]
Start for  4_4_4_4 [190/455]
Fin;generate all combinations 63063000 ...time: 234.60099053382874
Fin; energy prediction...time: 8086.941748857498
Egy stat [-14.757929, -8.724434, -12.34526, 0.7162746]
Start for  4_4_3_5 [191/455]
Fin;generate all combinations 50450400 ...time: 245.75860977172852
Fin; energy prediction...time: 6410.452924489975
Egy stat [-16.453259, -10.893687, -14.156435, 0.6851829]
Start for  4_4_2_6 [192/455]
Fin;generate all combinations 25225200 ...time: 188.59447932243347
Fin; energy prediction...time: 3245.5489485263824
Egy stat [-18.131655, -13.038583, -15.997073, 0.65149295]
Start for  4_4_1_7 [193/455]
Fin;generate all combinations 7207200 ...time: 18.506897687911987
Fin; energy prediction...time: 902.6575405597687
Egy stat [-19.831375, -15.230162, -17.865843, 0.61458826]
Start for  4_3_8_1 [194/455]
Fin;generate all combinations 3603600 ...time: 8.858303785324097
Fin; energy prediction...time: 479.4128928184509
Egy stat [-10.424253, -4.680139, -8.3758545, 0.6775704]
Start for  4_3_7_2 [195/455]
Fin;generate all combinations 14414400 ...time: 66.5572714805603
Fin; energy prediction...time: 1830.838270664215
Egy stat [-11.961518, -6.5628366, -10.028102, 0.6556185]
Start for  4_3_6_3 [196/455]
Fin;generate all combinations 33633600 ...time: 174.04527735710144
Fin; energy prediction...time: 4303.309609413147
Egy stat [-13.573658, -8.44779, -11.714443, 0.63242024]
Start for  4_3_5_4 [197/455]
Fin;generate all combinations 50450400 ...time: 249.54810190200806
Fin; energy prediction...time: 6485.858757257462
Egy stat [-15.276121, -10.375227, -13.4330635, 0.6077117]
Start for  4_3_4_5 [198/455]
Fin;generate all combinations 50450400 ...time: 227.2280571460724
Fin; energy prediction...time: 6612.011804103851
Egy stat [-16.96854, -12.30571, -15.182153, 0.5811591]
Start for  4_3_3_6 [199/455]
Fin;generate all combinations 33633600 ...time: 66.51900243759155
Fin; energy prediction...time: 4426.027138233185
Egy stat [-18.650059, -14.367788, -16.960064, 0.55233586]
Start for  4_3_2_7 [200/455]
Fin;generate all combinations 14414400 ...time: 30.321972370147705
Fin; energy prediction...time: 1875.6116540431976
Egy stat [-20.361977, -16.429764, -18.765144, 0.5206958]
Start for  4_3_1_8 [201/455]
Fin;generate all combinations 3603600 ...time: 9.59360384941101
Fin; energy prediction...time: 488.51533031463623
Egy stat [-22.02582, -18.520615, -20.595821, 0.48550326]
Start for  4_2_9_1 [202/455]
Fin;generate all combinations 1201200 ...time: 3.291440486907959
Fin; energy prediction...time: 193.73778247833252
Egy stat [-11.599686, -6.766861, -9.911576, 0.55098027]
Start for  4_2_8_2 [203/455]
Fin;generate all combinations 5405400 ...time: 24.664061546325684
Fin; energy prediction...time: 675.454526424408
Egy stat [-13.179824, -8.294346, -11.497171, 0.5348338]
Start for  4_2_7_3 [204/455]
Fin;generate all combinations 14414400 ...time: 79.88753890991211
Fin; energy prediction...time: 1830.7367379665375
Egy stat [-14.662474, -10.165283, -13.1180315, 0.51744395]
Start for  4_2_6_4 [205/455]
Fin;generate all combinations 25225200 ...time: 142.34271812438965
Fin; energy prediction...time: 3146.5106887817383
Egy stat [-16.239569, -12.025743, -14.771991, 0.49861428]
Start for  4_2_5_5 [206/455]
Fin;generate all combinations 30270240 ...time: 179.62840485572815
Fin; energy prediction...time: 3937.3583855628967
Egy stat [-17.85059, -13.916207, -16.456934, 0.47808334]
Start for  4_2_4_6 [207/455]
Fin;generate all combinations 25225200 ...time: 143.03074502944946
Fin; energy prediction...time: 3204.4481699466705
Egy stat [-19.480701, -15.768686, -18.170822, 0.45551544]
Start for  4_2_3_7 [208/455]
Fin;generate all combinations 14414400 ...time: 84.28217077255249
Fin; energy prediction...time: 1861.1416325569153
Egy stat [-21.141693, -17.740974, -19.911686, 0.43047136]
Start for  4_2_2_8 [209/455]
Fin;generate all combinations 5405400 ...time: 13.516661882400513
Fin; energy prediction...time: 677.0294840335846
Egy stat [-22.8802, -19.671074, -21.677614, 0.40235934]
Start for  4_2_1_9 [210/455]
Fin;generate all combinations 1201200 ...time: 15.008616209030151
Fin; energy prediction...time: 161.42403483390808
Egy stat [-24.523159, -21.630762, -23.46671, 0.37034243]
Start for  4_1_10_1 [211/455]
Fin;generate all combinations 240240 ...time: 0.9178962707519531
Fin; energy prediction...time: 45.1603467464447
Egy stat [-12.97437, -9.320192, -11.731827, 0.43383136]
Start for  4_1_9_2 [212/455]
Fin;generate all combinations 1201200 ...time: 3.9996747970581055
Fin; energy prediction...time: 163.6664445400238
Egy stat [-14.551948, -10.614306, -13.242928, 0.42475682]
Start for  4_1_8_3 [213/455]
Fin;generate all combinations 3603600 ...time: 17.5388765335083
Fin; energy prediction...time: 450.9920094013214
Egy stat [-16.07373, -12.244505, -14.791196, 0.4143643]
Start for  4_1_7_4 [214/455]
Fin;generate all combinations 7207200 ...time: 45.49589157104492
Fin; energy prediction...time: 890.0408935546875
Egy stat [-17.578808, -14.024023, -16.37409, 0.40251565]
Start for  4_1_6_5 [215/455]
Fin;generate all combinations 10090080 ...time: 63.678940773010254
Fin; energy prediction...time: 1252.1510598659515
Egy stat [-19.170216, -15.811811, -17.9892, 0.38903466]
Start for  4_1_5_6 [216/455]
Fin;generate all combinations 10090080 ...time: 62.35337781906128
Fin; energy prediction...time: 1271.8688373565674
Egy stat [-20.74797, -17.68813, -19.634146, 0.37370107]
Start for  4_1_4_7 [217/455]
Fin;generate all combinations 7207200 ...time: 33.9382164478302
Fin; energy prediction...time: 927.4458322525024
Egy stat [-22.341255, -19.54173, -21.306616, 0.35623577]
Start for  4_1_3_8 [218/455]
Fin;generate all combinations 3603600 ...time: 22.62222409248352
Fin; energy prediction...time: 465.71203088760376
Egy stat [-24.009445, -21.34621, -23.004402, 0.33627743]
Start for  4_1_2_9 [219/455]
Fin;generate all combinations 1201200 ...time: 2.7946360111236572
Fin; energy prediction...time: 157.1130874156952
Egy stat [-25.685452, -23.238132, -24.725353, 0.31333062]
Start for  4_1_1_10 [220/455]
Fin;generate all combinations 240240 ...time: 0.7750356197357178
Fin; energy prediction...time: 41.61342811584473
Egy stat [-27.347841, -25.146603, -26.467363, 0.28667438]
Start for  3_11_1_1 [221/455]
Fin;generate all combinations 87360 ...time: 0.35910940170288086
Fin; energy prediction...time: 21.311150789260864
Egy stat [-6.1559224, -2.2358685, -4.349825, 0.7459035]
Start for  3_10_2_1 [222/455]
Fin;generate all combinations 480480 ...time: 1.2357206344604492
Fin; energy prediction...time: 68.99613523483276
Egy stat [-6.1894054, -0.68237495, -3.9157639, 0.8974823]
Start for  3_10_1_2 [223/455]
Fin;generate all combinations 480480 ...time: 2.773878335952759
Fin; energy prediction...time: 69.66478681564331
Egy stat [-8.07857, -2.9101129, -6.0072207, 0.84346485]
Start for  3_9_3_1 [224/455]
Fin;generate all combinations 1601600 ...time: 6.763731241226196
Fin; energy prediction...time: 204.77198815345764
Egy stat [-6.4951067, 0.83254623, -3.748407, 1.0002854]
Start for  3_9_2_2 [225/455]
Fin;generate all combinations 2402400 ...time: 11.148887634277344
Fin; energy prediction...time: 301.65477895736694
Egy stat [-8.276166, -1.464694, -5.7418942, 0.95421654]
Start for  3_9_1_3 [226/455]
Fin;generate all combinations 1601600 ...time: 7.581111192703247
Fin; energy prediction...time: 207.59891653060913
Egy stat [-10.03629, -3.7597604, -7.7757235, 0.9061271]
Start for  3_8_4_1 [227/455]
Fin;generate all combinations 3603600 ...time: 14.169439554214478
Fin; energy prediction...time: 456.99124121665955
Egy stat [-6.94051, 2.2779865, -3.854145, 1.051397]
Start for  3_8_3_2 [228/455]
Fin;generate all combinations 7207200 ...time: 33.27164173126221
Fin; energy prediction...time: 904.0620164871216
Egy stat [-8.721995, 0.038711548, -5.7611065, 1.0116025]
Start for  3_8_2_3 [229/455]
Fin;generate all combinations 7207200 ...time: 28.152334213256836
Fin; energy prediction...time: 903.5190062522888
Egy stat [-10.455906, -2.1880856, -7.706426, 0.9699457]
Start for  3_8_1_4 [230/455]
Fin;generate all combinations 3603600 ...time: 23.28725552558899
Fin; energy prediction...time: 465.5583691596985
Egy stat [-12.204752, -4.447073, -9.689762, 0.92626226]
Start for  3_7_5_1 [231/455]
Fin;generate all combinations 5765760 ...time: 27.30913734436035
Fin; energy prediction...time: 724.6823585033417
Egy stat [-7.0648203, 0.8001585, -4.231609, 1.0530927]
Start for  3_7_4_2 [232/455]
Fin;generate all combinations 14414400 ...time: 77.34253001213074
Fin; energy prediction...time: 1796.7648298740387
Egy stat [-8.818974, -1.0811291, -6.0619426, 1.0178901]
Start for  3_7_3_3 [233/455]
Fin;generate all combinations 19219200 ...time: 84.70358633995056
Fin; energy prediction...time: 2384.0590727329254
Egy stat [-10.543094, -3.0874305, -7.928972, 0.98105997]
Start for  3_7_2_4 [234/455]
Fin;generate all combinations 14414400 ...time: 57.04385781288147
Fin; energy prediction...time: 1835.7457902431488
Egy stat [-12.28998, -5.3408623, -9.8321, 0.9423877]
Start for  3_7_1_5 [235/455]
Fin;generate all combinations 5765760 ...time: 12.519715309143066
Fin; energy prediction...time: 774.4657092094421
Egy stat [-14.01688, -7.5364513, -11.770749, 0.90164334]
Start for  3_6_6_1 [236/455]
Fin;generate all combinations 6726720 ...time: 11.519283771514893
Fin; energy prediction...time: 899.2523174285889
Egy stat [-7.5263205, -0.501276, -4.8761272, 1.010773]
Start for  3_6_5_2 [237/455]
Fin;generate all combinations 20180160 ...time: 78.7828049659729
Fin; energy prediction...time: 2527.091893672943
Egy stat [-9.236795, -2.3682556, -6.6375318, 0.9788965]
Start for  3_6_4_3 [238/455]
Fin;generate all combinations 33633600 ...time: 159.31212782859802
Fin; energy prediction...time: 4271.230516910553
Egy stat [-10.974631, -4.239018, -8.434418, 0.9456202]
Start for  3_6_3_4 [239/455]
Fin;generate all combinations 33633600 ...time: 193.29204154014587
Fin; energy prediction...time: 4258.846014022827
Egy stat [-12.673367, -6.2755537, -10.265934, 0.91072434]
Start for  3_6_2_5 [240/455]
Fin;generate all combinations 20180160 ...time: 99.62361001968384
Fin; energy prediction...time: 2595.6043226718903
Egy stat [-14.417166, -8.317562, -12.131248, 0.8739606]
Start for  3_6_1_6 [241/455]
Fin;generate all combinations 6726720 ...time: 15.625831604003906
Fin; energy prediction...time: 842.1019604206085
Egy stat [-16.171036, -10.63334, -14.029498, 0.8350468]
Start for  3_5_7_1 [242/455]
Fin;generate all combinations 5765760 ...time: 41.58961057662964
Fin; energy prediction...time: 728.6100599765778
Egy stat [-8.501104, -1.2239208, -5.783805, 0.9314128]
Start for  3_5_6_2 [243/455]
Fin;generate all combinations 20180160 ...time: 92.6466133594513
Fin; energy prediction...time: 2513.213544368744
Egy stat [-10.139566, -3.1551871, -7.481129, 0.90229726]
Start for  3_5_5_3 [244/455]
Fin;generate all combinations 40360320 ...time: 168.0618290901184
Fin; energy prediction...time: 5109.268177986145
Egy stat [-11.792858, -5.1297374, -9.213385, 0.87195617]
Start for  3_5_4_4 [245/455]
Fin;generate all combinations 50450400 ...time: 276.5493652820587
Fin; energy prediction...time: 6355.381012439728
Egy stat [-13.459988, -7.0962276, -10.9793415, 0.84019065]
Start for  3_5_3_5 [246/455]
Fin;generate all combinations 40360320 ...time: 187.76794815063477
Fin; energy prediction...time: 5143.761300325394
Egy stat [-15.167276, -9.214932, -12.777894, 0.806759]
Start for  3_5_2_6 [247/455]
Fin;generate all combinations 20180160 ...time: 139.87927889823914
Fin; energy prediction...time: 2596.916594028473
Egy stat [-16.85115, -11.316885, -14.607899, 0.77138394]
Start for  3_5_1_7 [248/455]
Fin;generate all combinations 5765760 ...time: 52.5693621635437
Fin; energy prediction...time: 720.6722812652588
Egy stat [-18.564653, -13.459598, -16.468225, 0.73373276]
Start for  3_4_8_1 [249/455]
Fin;generate all combinations 3603600 ...time: 22.879722118377686
Fin; energy prediction...time: 460.86481642723083
Egy stat [-9.5423765, -2.8566241, -6.9549184, 0.8222652]
Start for  3_4_7_2 [250/455]
Fin;generate all combinations 14414400 ...time: 69.66895413398743
Fin; energy prediction...time: 1787.3134665489197
Egy stat [-11.149238, -4.7181478, -8.589751, 0.79624766]
Start for  3_4_6_3 [251/455]
Fin;generate all combinations 33633600 ...time: 174.77183842658997
Fin; energy prediction...time: 4238.932829141617
Egy stat [-12.751074, -6.5868006, -10.259672, 0.76908684]
Start for  3_4_5_4 [252/455]
Fin;generate all combinations 50450400 ...time: 237.6303632259369
Fin; energy prediction...time: 6345.225051164627
Egy stat [-14.385685, -8.494127, -11.963113, 0.7406169]
Start for  3_4_4_5 [253/455]
Fin;generate all combinations 50450400 ...time: 222.9577808380127
Fin; energy prediction...time: 6353.57403421402
Egy stat [-16.039276, -10.405496, -13.698534, 0.71063024]
Start for  3_4_3_6 [254/455]
Fin;generate all combinations 33633600 ...time: 177.52345991134644
Fin; energy prediction...time: 4471.713741779327
Egy stat [-17.73683, -12.501239, -15.464525, 0.67886806]
Start for  3_4_2_7 [255/455]
Fin;generate all combinations 14414400 ...time: 31.771327257156372
Fin; energy prediction...time: 1883.6436111927032
Egy stat [-19.410542, -14.578087, -17.259695, 0.6450104]
Start for  3_4_1_8 [256/455]
Fin;generate all combinations 3603600 ...time: 10.051593780517578
Fin; energy prediction...time: 461.94422817230225
Egy stat [-21.043425, -16.689018, -19.082676, 0.6086594]
Start for  3_3_9_1 [257/455]
Fin;generate all combinations 1601600 ...time: 3.937673807144165
Fin; energy prediction...time: 208.63547921180725
Egy stat [-10.488864, -5.1900177, -8.396685, 0.68996096]
Start for  3_3_8_2 [258/455]
Fin;generate all combinations 7207200 ...time: 20.150211334228516
Fin; energy prediction...time: 902.378173828125
Egy stat [-12.027374, -6.6196346, -9.967145, 0.6684158]
Start for  3_3_7_3 [259/455]
Fin;generate all combinations 19219200 ...time: 104.47085285186768
Fin; energy prediction...time: 2401.9457080364227
Egy stat [-13.504183, -8.469124, -11.573573, 0.6456763]
Start for  3_3_6_4 [260/455]
Fin;generate all combinations 33633600 ...time: 160.5326976776123
Fin; energy prediction...time: 4378.9024493694305
Egy stat [-15.084993, -10.254849, -13.214041, 0.6216302]
Start for  3_3_5_5 [261/455]
Fin;generate all combinations 40360320 ...time: 234.5854880809784
Fin; energy prediction...time: 5172.044900894165
Egy stat [-16.687195, -12.114574, -14.886605, 0.59611034]
Start for  3_3_4_6 [262/455]
Fin;generate all combinations 33633600 ...time: 162.64564442634583
Fin; energy prediction...time: 4246.011643648148
Egy stat [-18.311342, -13.977625, -16.589653, 0.5688967]
Start for  3_3_3_7 [263/455]
Fin;generate all combinations 19219200 ...time: 115.04132509231567
Fin; energy prediction...time: 2454.1051440238953
Egy stat [-19.95971, -15.954144, -18.321333, 0.53970194]
Start for  3_3_2_8 [264/455]
Fin;generate all combinations 7207200 ...time: 15.576921701431274
Fin; energy prediction...time: 933.2889325618744
Egy stat [-21.621723, -17.931927, -20.080025, 0.50815034]
Start for  3_3_1_9 [265/455]
Fin;generate all combinations 1601600 ...time: 4.511017560958862
Fin; energy prediction...time: 231.97665548324585
Egy stat [-23.267632, -19.953415, -21.864079, 0.47373578]
Start for  3_2_10_1 [266/455]
Fin;generate all combinations 480480 ...time: 1.488471269607544
Fin; energy prediction...time: 73.45192837715149
Egy stat [-11.710858, -7.3979063, -10.125224, 0.54121435]
Start for  3_2_9_2 [267/455]
Fin;generate all combinations 2402400 ...time: 6.712852478027344
Fin; energy prediction...time: 308.7424077987671
Egy stat [-13.268917, -8.942969, -11.625971, 0.5264924]
Start for  3_2_8_3 [268/455]
Fin;generate all combinations 7207200 ...time: 43.4349160194397
Fin; energy prediction...time: 906.9857816696167
Egy stat [-14.773348, -10.521567, -13.164231, 0.5103642]
Start for  3_2_7_4 [269/455]
Fin;generate all combinations 14414400 ...time: 77.55186557769775
Fin; energy prediction...time: 1840.3000619411469
Egy stat [-16.262497, -12.298124, -14.737748, 0.49277735]
Start for  3_2_6_5 [270/455]
Fin;generate all combinations 20180160 ...time: 68.70242977142334
Fin; energy prediction...time: 2597.3079192638397
Egy stat [-17.777155, -14.077021, -16.344305, 0.4736237]
Start for  3_2_5_6 [271/455]
Fin;generate all combinations 20180160 ...time: 84.01357579231262
Fin; energy prediction...time: 2622.8166210651398
Egy stat [-19.355316, -15.917656, -17.981846, 0.45273748]
Start for  3_2_4_7 [272/455]
Fin;generate all combinations 14414400 ...time: 73.60946822166443
Fin; energy prediction...time: 1826.8280708789825
Egy stat [-20.918602, -17.750042, -19.648287, 0.42988962]
Start for  3_2_3_8 [273/455]
Fin;generate all combinations 7207200 ...time: 15.486979007720947
Fin; energy prediction...time: 933.3605337142944
Egy stat [-22.55134, -19.623676, -21.341644, 0.40476352]
Start for  3_2_2_9 [274/455]
Fin;generate all combinations 2402400 ...time: 5.918357849121094
Fin; energy prediction...time: 307.8703758716583
Egy stat [-24.187714, -21.49084, -23.06004, 0.37692097]
Start for  3_2_1_10 [275/455]
Fin;generate all combinations 480480 ...time: 1.5505504608154297
Fin; energy prediction...time: 74.20569157600403
Egy stat [-25.814154, -23.402763, -24.80155, 0.34572387]
Start for  3_1_11_1 [276/455]
Fin;generate all combinations 87360 ...time: 0.4620962142944336
Fin; energy prediction...time: 23.815279483795166
Egy stat [-13.181407, -10.283622, -12.16645, 0.39103863]
Start for  3_1_10_2 [277/455]
Fin;generate all combinations 480480 ...time: 2.0822865962982178
Fin; energy prediction...time: 71.06926679611206
Egy stat [-14.68441, -11.521581, -13.588927, 0.38527653]
Start for  3_1_9_3 [278/455]
Fin;generate all combinations 1601600 ...time: 7.7621238231658936
Fin; energy prediction...time: 209.49347829818726
Egy stat [-16.189812, -12.808968, -15.051055, 0.3777646]
Start for  3_1_8_4 [279/455]
Fin;generate all combinations 3603600 ...time: 18.298982620239258
Fin; energy prediction...time: 454.93309688568115
Egy stat [-17.69888, -14.412864, -16.550278, 0.36851063]
Start for  3_1_7_5 [280/455]
Fin;generate all combinations 5765760 ...time: 33.71288776397705
Fin; energy prediction...time: 731.0827417373657
Egy stat [-19.138847, -16.161926, -18.084122, 0.357477]
Start for  3_1_6_6 [281/455]
Fin;generate all combinations 6726720 ...time: 38.53269553184509
Fin; energy prediction...time: 846.0960907936096
Egy stat [-20.625196, -17.915348, -19.650198, 0.3445809]
Start for  3_1_5_7 [282/455]
Fin;generate all combinations 5765760 ...time: 31.523128032684326
Fin; energy prediction...time: 745.1936178207397
Egy stat [-22.189754, -19.668842, -21.24611, 0.3296916]
Start for  3_1_4_8 [283/455]
Fin;generate all combinations 3603600 ...time: 7.3842103481292725
Fin; energy prediction...time: 481.21289706230164
Egy stat [-23.742023, -21.424498, -22.869635, 0.31262016]
Start for  3_1_3_9 [284/455]
Fin;generate all combinations 1601600 ...time: 3.6866531372070312
Fin; energy prediction...time: 205.38370490074158
Egy stat [-25.344486, -23.207357, -24.518507, 0.2930971]
Start for  3_1_2_10 [285/455]
Fin;generate all combinations 480480 ...time: 4.355534076690674
Fin; energy prediction...time: 70.45273900032043
Egy stat [-26.998823, -25.0429, -26.190619, 0.27072468]
Start for  3_1_1_11 [286/455]
Fin;generate all combinations 87360 ...time: 0.32162928581237793
Fin; energy prediction...time: 22.7068190574646
Egy stat [-28.587555, -26.8754, -27.883854, 0.24488506]
Start for  2_12_1_1 [287/455]
Fin;generate all combinations 21840 ...time: 0.0795745849609375
Fin; energy prediction...time: 13.563037157058716
Egy stat [-5.5526037, -2.776948, -4.0138564, 0.5739496]
Start for  2_11_2_1 [288/455]
Fin;generate all combinations 131040 ...time: 0.3602933883666992
Fin; energy prediction...time: 27.1716525554657
Egy stat [-5.4050994, -1.0888567, -3.4467673, 0.76388866]
Start for  2_11_1_2 [289/455]
Fin;generate all combinations 131040 ...time: 0.7853913307189941
Fin; energy prediction...time: 26.869635820388794
Egy stat [-7.2872868, -3.4530811, -5.5584903, 0.7016229]
Start for  2_10_3_1 [290/455]
Fin;generate all combinations 480480 ...time: 2.2136125564575195
Fin; energy prediction...time: 70.03357338905334
Egy stat [-5.4108973, 0.35419846, -3.1317456, 0.9177904]
Start for  2_10_2_2 [291/455]
Fin;generate all combinations 720720 ...time: 3.090301752090454
Fin; energy prediction...time: 98.55424809455872
Egy stat [-7.4239445, -1.6607981, -5.135942, 0.8630537]
Start for  2_10_1_3 [292/455]
Fin;generate all combinations 480480 ...time: 2.582080125808716
Fin; energy prediction...time: 71.80440020561218
Egy stat [-9.148947, -4.112468, -7.1816273, 0.8074449]
Start for  2_9_4_1 [293/455]
Fin;generate all combinations 1201200 ...time: 5.46632981300354
Fin; energy prediction...time: 157.338392496109
Egy stat [-5.641665, 1.6940184, -3.0867043, 1.0246623]
Start for  2_9_3_2 [294/455]
Fin;generate all combinations 2402400 ...time: 9.698198795318604
Fin; energy prediction...time: 315.6967248916626
Egy stat [-7.4286757, -0.47039318, -4.9953327, 0.9774035]
Start for  2_9_2_3 [295/455]
Fin;generate all combinations 2402400 ...time: 13.162646055221558
Fin; energy prediction...time: 303.7027678489685
Egy stat [-9.260627, -2.4986115, -6.9436936, 0.9288955]
Start for  2_9_1_4 [296/455]
Fin;generate all combinations 1201200 ...time: 6.896811485290527
Fin; energy prediction...time: 159.55399203300476
Egy stat [-10.990904, -4.6190796, -8.931539, 0.87933505]
Start for  2_8_5_1 [297/455]
Fin;generate all combinations 2162160 ...time: 8.773194313049316
Fin; energy prediction...time: 272.3575541973114
Egy stat [-6.4045196, 2.7386084, -3.3184412, 1.080823]
Start for  2_8_4_2 [298/455]
Fin;generate all combinations 5405400 ...time: 30.170822143554688
Fin; energy prediction...time: 677.6027538776398
Egy stat [-8.101322, 0.78941727, -5.142403, 1.0397812]
Start for  2_8_3_3 [299/455]
Fin;generate all combinations 7207200 ...time: 33.07365322113037
Fin; energy prediction...time: 912.693959236145
Egy stat [-9.832881, -1.2942972, -7.0045094, 0.9974611]
Start for  2_8_2_4 [300/455]
Fin;generate all combinations 5405400 ...time: 21.797502517700195
Fin; energy prediction...time: 685.8192613124847
Egy stat [-11.583862, -3.33671, -8.904336, 0.9538823]
Start for  2_8_1_5 [301/455]
Fin;generate all combinations 2162160 ...time: 4.790462017059326
Fin; energy prediction...time: 285.6477563381195
Egy stat [-13.28121, -5.413054, -10.841414, 0.90909773]
Start for  2_7_6_1 [302/455]
Fin;generate all combinations 2882880 ...time: 9.87753963470459
Fin; energy prediction...time: 373.7976095676422
Egy stat [-6.6649265, 1.2364626, -3.82738, 1.0872022]
Start for  2_7_5_2 [303/455]
Fin;generate all combinations 8648640 ...time: 41.92878222465515
Fin; energy prediction...time: 1077.0517053604126
Egy stat [-8.348579, -0.7020283, -5.5758495, 1.0509235]
Start for  2_7_4_3 [304/455]
Fin;generate all combinations 14414400 ...time: 72.15414023399353
Fin; energy prediction...time: 1787.8018000125885
Egy stat [-10.022832, -2.6283717, -7.3612237, 1.0134451]
Start for  2_7_3_4 [305/455]
Fin;generate all combinations 14414400 ...time: 78.43342208862305
Fin; energy prediction...time: 1832.3838164806366
Egy stat [-11.718253, -4.576632, -9.18283, 0.9747049]
Start for  2_7_2_5 [306/455]
Fin;generate all combinations 8648640 ...time: 18.195188760757446
Fin; energy prediction...time: 1149.2481172084808
Egy stat [-13.422297, -6.7107515, -11.040003, 0.9346506]
Start for  2_7_1_6 [307/455]
Fin;generate all combinations 2882880 ...time: 6.0614564418792725
Fin; energy prediction...time: 366.8434748649597
Egy stat [-15.1422825, -8.805455, -12.932044, 0.8932448]
Start for  2_6_7_1 [308/455]
Fin;generate all combinations 2882880 ...time: 12.199422597885132
Fin; energy prediction...time: 365.20836114883423
Egy stat [-7.4053497, 0.52526, -4.611882, 1.0475318]
Start for  2_6_6_2 [309/455]
Fin;generate all combinations 10090080 ...time: 44.810744524002075
Fin; energy prediction...time: 1251.537795305252
Egy stat [-9.009587, -1.3785877, -6.2916446, 1.0149109]
Start for  2_6_5_3 [310/455]
Fin;generate all combinations 20180160 ...time: 108.65806579589844
Fin; energy prediction...time: 2541.3800632953644
Egy stat [-10.631766, -3.3301592, -8.007586, 0.981175]
Start for  2_6_4_4 [311/455]
Fin;generate all combinations 25225200 ...time: 124.4088282585144
Fin; energy prediction...time: 3170.923659324646
Egy stat [-12.291168, -5.26784, -9.75873, 0.94623226]
Start for  2_6_3_5 [312/455]
Fin;generate all combinations 20180160 ...time: 102.59847688674927
Fin; energy prediction...time: 2615.2300221920013
Egy stat [-13.963142, -7.348833, -11.544119, 0.9099889]
Start for  2_6_2_6 [313/455]
Fin;generate all combinations 10090080 ...time: 20.6058828830719
Fin; energy prediction...time: 1284.7625000476837
Egy stat [-15.636813, -9.413683, -13.362853, 0.8723469]
Start for  2_6_1_7 [314/455]
Fin;generate all combinations 2882880 ...time: 6.9076924324035645
Fin; energy prediction...time: 381.754985332489
Egy stat [-17.300957, -11.521262, -15.213993, 0.83320886]
Start for  2_5_8_1 [315/455]
Fin;generate all combinations 2162160 ...time: 4.251147031784058
Fin; energy prediction...time: 282.8916516304016
Egy stat [-8.382633, -1.239748, -5.671953, 0.9668833]
Start for  2_5_7_2 [316/455]
Fin;generate all combinations 8648640 ...time: 46.189409017562866
Fin; energy prediction...time: 1132.1595458984375
Egy stat [-9.957292, -3.0814786, -7.286886, 0.93749994]
Start for  2_5_6_3 [317/455]
Fin;generate all combinations 20180160 ...time: 95.2512218952179
Fin; energy prediction...time: 2532.2308869361877
Egy stat [-11.551596, -4.929516, -8.937877, 0.9070306]
Start for  2_5_5_4 [318/455]
Fin;generate all combinations 30270240 ...time: 130.98742246627808
Fin; energy prediction...time: 3776.2064356803894
Egy stat [-13.185175, -6.8179593, -10.6236105, 0.8753955]
Start for  2_5_4_5 [319/455]
Fin;generate all combinations 30270240 ...time: 191.07588028907776
Fin; energy prediction...time: 3847.7266585826874
Egy stat [-14.775177, -8.709717, -12.342843, 0.8424902]
Start for  2_5_3_6 [320/455]
Fin;generate all combinations 20180160 ...time: 111.53118014335632
Fin; energy prediction...time: 2557.372314929962
Egy stat [-16.434921, -10.765534, -14.094359, 0.80820143]
Start for  2_5_2_7 [321/455]
Fin;generate all combinations 8648640 ...time: 21.11326837539673
Fin; energy prediction...time: 1148.8603055477142
Egy stat [-18.094961, -12.808495, -15.877007, 0.7723974]
Start for  2_5_1_8 [322/455]
Fin;generate all combinations 2162160 ...time: 6.118688344955444
Fin; energy prediction...time: 280.71575355529785
Egy stat [-19.740166, -14.887581, -17.689575, 0.7349328]
Start for  2_4_9_1 [323/455]
Fin;generate all combinations 1201200 ...time: 2.772948980331421
Fin; energy prediction...time: 159.91558384895325
Egy stat [-9.679488, -3.4491792, -7.0122147, 0.8503495]
Start for  2_4_8_2 [324/455]
Fin;generate all combinations 5405400 ...time: 24.182209968566895
Fin; energy prediction...time: 678.6754207611084
Egy stat [-11.201854, -4.8292766, -8.56291, 0.82470316]
Start for  2_4_7_3 [325/455]
Fin;generate all combinations 14414400 ...time: 79.29645347595215
Fin; energy prediction...time: 1827.2040994167328
Egy stat [-12.751073, -6.615341, -10.150228, 0.79790366]
Start for  2_4_6_4 [326/455]
Fin;generate all combinations 25225200 ...time: 137.8660385608673
Fin; energy prediction...time: 3150.381728887558
Egy stat [-14.341129, -8.390961, -11.772502, 0.76990104]
Start for  2_4_5_5 [327/455]
Fin;generate all combinations 30270240 ...time: 176.41350269317627
Fin; energy prediction...time: 3786.212371826172
Egy stat [-15.928389, -10.232675, -13.4281225, 0.7406141]
Start for  2_4_4_6 [328/455]
Fin;generate all combinations 25225200 ...time: 174.74362087249756
Fin; energy prediction...time: 3198.903745651245
Egy stat [-17.519232, -12.077534, -15.115628, 0.70993316]
Start for  2_4_3_7 [329/455]
Fin;generate all combinations 14414400 ...time: 89.91296935081482
Fin; energy prediction...time: 1867.8966510295868
Egy stat [-19.115902, -14.102067, -16.833498, 0.67772263]
Start for  2_4_2_8 [330/455]
Fin;generate all combinations 5405400 ...time: 11.733327865600586
Fin; energy prediction...time: 674.5660192966461
Egy stat [-20.743443, -16.117195, -18.580334, 0.6438179]
Start for  2_4_1_9 [331/455]
Fin;generate all combinations 1201200 ...time: 3.533748149871826
Fin; energy prediction...time: 172.70513105392456
Egy stat [-22.337994, -18.155422, -20.35467, 0.6080132]
Start for  2_3_10_1 [332/455]
Fin;generate all combinations 480480 ...time: 1.3565692901611328
Fin; energy prediction...time: 71.65978193283081
Egy stat [-10.672228, -5.8425975, -8.644215, 0.70197767]
Start for  2_3_9_2 [333/455]
Fin;generate all combinations 2402400 ...time: 11.720361709594727
Fin; energy prediction...time: 311.5356276035309
Egy stat [-12.17066, -7.234968, -10.127861, 0.68167543]
Start for  2_3_8_3 [334/455]
Fin;generate all combinations 7207200 ...time: 41.03433847427368
Fin; energy prediction...time: 908.1602556705475
Egy stat [-13.654972, -8.651195, -11.649367, 0.66000926]
Start for  2_3_7_4 [335/455]
Fin;generate all combinations 14414400 ...time: 60.386674642562866
Fin; energy prediction...time: 1804.7690289020538
Egy stat [-15.110739, -10.407065, -13.206698, 0.6369786]
Start for  2_3_6_5 [336/455]
Fin;generate all combinations 20180160 ...time: 103.00203251838684
Fin; energy prediction...time: 2523.04354262352
Egy stat [-16.617083, -12.167016, -14.797975, 0.6125398]
Start for  2_3_5_6 [337/455]
Fin;generate all combinations 20180160 ...time: 81.56291007995605
Fin; energy prediction...time: 2540.881098508835
Egy stat [-18.19301, -13.953331, -16.421343, 0.58660775]
Start for  2_3_4_7 [338/455]
Fin;generate all combinations 14414400 ...time: 78.0619568824768
Fin; energy prediction...time: 1911.0767636299133
Egy stat [-19.723957, -15.7303705, -18.074999, 0.55906016]
Start for  2_3_3_8 [339/455]
Fin;generate all combinations 7207200 ...time: 14.783991575241089
Fin; energy prediction...time: 927.2337687015533
Egy stat [-21.298443, -17.64124, -19.757248, 0.5297314]
Start for  2_3_2_9 [340/455]
Fin;generate all combinations 2402400 ...time: 5.918686628341675
Fin; energy prediction...time: 321.8987247943878
Egy stat [-22.91092, -19.52118, -21.466381, 0.4984013]
Start for  2_3_1_10 [341/455]
Fin;generate all combinations 480480 ...time: 1.5110912322998047
Fin; energy prediction...time: 77.25425028800964
Egy stat [-24.52427, -21.441315, -23.200747, 0.46477094]
Start for  2_2_11_1 [342/455]
Fin;generate all combinations 131040 ...time: 0.4791080951690674
Fin; energy prediction...time: 29.39236879348755
Egy stat [-12.08758, -8.420332, -10.58795, 0.52510107]
Start for  2_2_10_2 [343/455]
Fin;generate all combinations 720720 ...time: 3.219714641571045
Fin; energy prediction...time: 100.95249319076538
Egy stat [-13.574154, -9.620813, -11.998429, 0.5129885]
Start for  2_2_9_3 [344/455]
Fin;generate all combinations 2402400 ...time: 10.403960466384888
Fin; energy prediction...time: 314.4462466239929
Egy stat [-14.991045, -11.153299, -13.448586, 0.49909168]
Start for  2_2_8_4 [345/455]
Fin;generate all combinations 5405400 ...time: 27.2899329662323
Fin; energy prediction...time: 691.2913672924042
Egy stat [-16.472446, -12.687235, -14.936126, 0.48347738]
Start for  2_2_7_5 [346/455]
Fin;generate all combinations 8648640 ...time: 45.40665817260742
Fin; energy prediction...time: 1109.3178248405457
Egy stat [-17.895834, -14.426363, -16.458805, 0.4661564]
Start for  2_2_6_6 [347/455]
Fin;generate all combinations 10090080 ...time: 45.262446880340576
Fin; energy prediction...time: 1267.727289199829
Egy stat [-19.40747, -16.115295, -18.01451, 0.44708925]
Start for  2_2_5_7 [348/455]
Fin;generate all combinations 8648640 ...time: 63.049951791763306
Fin; energy prediction...time: 1085.415755033493
Egy stat [-20.936108, -17.898378, -19.601095, 0.42618594]
Start for  2_2_4_8 [349/455]
Fin;generate all combinations 5405400 ...time: 27.365484952926636
Fin; energy prediction...time: 694.3880960941315
Egy stat [-22.425781, -19.641151, -21.21657, 0.40330285]
Start for  2_2_3_9 [350/455]
Fin;generate all combinations 2402400 ...time: 16.549743175506592
Fin; energy prediction...time: 316.6568646430969
Egy stat [-23.954485, -21.46514, -22.858984, 0.37822962]
Start for  2_2_2_10 [351/455]
Fin;generate all combinations 720720 ...time: 2.0638225078582764
Fin; energy prediction...time: 100.52260565757751
Egy stat [-25.498837, -23.264751, -24.526388, 0.35065812]
Start for  2_2_1_11 [352/455]
Fin;generate all combinations 131040 ...time: 0.4584543704986572
Fin; energy prediction...time: 28.909831523895264
Egy stat [-27.083525, -25.097988, -26.216913, 0.32012478]
Start for  2_1_12_1 [353/455]
Fin;generate all combinations 21840 ...time: 0.10045766830444336
Fin; energy prediction...time: 15.003263473510742
Egy stat [-13.653355, -11.616906, -12.872383, 0.33127975]
Start for  2_1_11_2 [354/455]
Fin;generate all combinations 131040 ...time: 0.26223158836364746
Fin; energy prediction...time: 27.78117060661316
Egy stat [-15.113145, -12.795905, -14.200596, 0.33097652]
Start for  2_1_10_3 [355/455]
Fin;generate all combinations 480480 ...time: 1.4952340126037598
Fin; energy prediction...time: 71.2339916229248
Egy stat [-16.503458, -13.988852, -15.570789, 0.32810336]
Start for  2_1_9_4 [356/455]
Fin;generate all combinations 1201200 ...time: 5.864048480987549
Fin; energy prediction...time: 158.35616207122803
Egy stat [-17.919603, -15.28681, -16.980417, 0.32284826]
Start for  2_1_8_5 [357/455]
Fin;generate all combinations 2162160 ...time: 13.487154722213745
Fin; energy prediction...time: 281.10342383384705
Egy stat [-19.395302, -16.863132, -18.427006, 0.3153269]
Start for  2_1_7_6 [358/455]
Fin;generate all combinations 2882880 ...time: 16.45509696006775
Fin; energy prediction...time: 363.4073648452759
Egy stat [-20.81684, -18.440262, -19.9081, 0.3055908]
Start for  2_1_6_7 [359/455]
Fin;generate all combinations 2882880 ...time: 18.174091339111328
Fin; energy prediction...time: 365.28581738471985
Egy stat [-22.274559, -20.057156, -21.421387, 0.29363254]
Start for  2_1_5_8 [360/455]
Fin;generate all combinations 2162160 ...time: 16.251013040542603
Fin; energy prediction...time: 277.1363022327423
Egy stat [-23.795551, -21.681667, -22.96453, 0.27938798]
Start for  2_1_4_9 [361/455]
Fin;generate all combinations 1201200 ...time: 7.180353164672852
Fin; energy prediction...time: 160.1514494419098
Egy stat [-25.310715, -23.356787, -24.535278, 0.26272696]
Start for  2_1_3_10 [362/455]
Fin;generate all combinations 480480 ...time: 1.104604959487915
Fin; energy prediction...time: 72.79199743270874
Egy stat [-26.782553, -25.030533, -26.131489, 0.24342799]
Start for  2_1_2_11 [363/455]
Fin;generate all combinations 131040 ...time: 0.34386610984802246
Fin; energy prediction...time: 28.677396535873413
Egy stat [-28.278143, -26.78543, -27.751022, 0.22112313]
Start for  2_1_1_12 [364/455]
Fin;generate all combinations 21840 ...time: 0.07601666450500488
Fin; energy prediction...time: 14.359976530075073
Egy stat [-29.857416, -28.53724, -29.39182, 0.19516958]
Start for  1_13_1_1 [365/455]
Fin;generate all combinations 3360 ...time: 0.012709617614746094
Fin; energy prediction...time: 11.847050189971924
Egy stat [-4.65389, -3.0659513, -3.7174578, 0.3900248]
Start for  1_12_2_1 [366/455]
Fin;generate all combinations 21840 ...time: 0.037984371185302734
Fin; energy prediction...time: 14.422244310379028
Egy stat [-4.4642396, -1.49823, -3.059099, 0.60476744]
Start for  1_12_1_2 [367/455]
Fin;generate all combinations 21840 ...time: 0.11344504356384277
Fin; energy prediction...time: 14.279667377471924
Egy stat [-6.497257, -3.87854, -5.19902, 0.5331791]
Start for  1_11_3_1 [368/455]
Fin;generate all combinations 87360 ...time: 0.37408971786499023
Fin; energy prediction...time: 22.59421968460083
Egy stat [-4.4773226, -0.13514996, -2.6252024, 0.7996927]
Start for  1_11_2_2 [369/455]
Fin;generate all combinations 131040 ...time: 0.6726551055908203
Fin; energy prediction...time: 28.05271577835083
Egy stat [-6.307993, -2.155755, -4.6474185, 0.7334252]
Start for  1_11_1_3 [370/455]
Fin;generate all combinations 87360 ...time: 0.4827582836151123
Fin; energy prediction...time: 22.824177742004395
Egy stat [-8.257852, -4.5777464, -6.711856, 0.6676124]
Start for  1_10_4_1 [371/455]
Fin;generate all combinations 240240 ...time: 0.9717350006103516
Fin; energy prediction...time: 40.83297061920166
Egy stat [-4.561814, 1.1563654, -2.4473326, 0.95721173]
Start for  1_10_3_2 [372/455]
Fin;generate all combinations 480480 ...time: 2.6054766178131104
Fin; energy prediction...time: 70.08523392677307
Egy stat [-6.536368, -1.0542717, -4.3640323, 0.89940405]
Start for  1_10_2_3 [373/455]
Fin;generate all combinations 480480 ...time: 2.6361477375030518
Fin; energy prediction...time: 70.83037567138672
Egy stat [-8.32412, -3.0992522, -6.3215227, 0.84081626]
Start for  1_10_1_4 [374/455]
Fin;generate all combinations 240240 ...time: 1.4318573474884033
Fin; energy prediction...time: 42.614750623703
Egy stat [-10.134091, -5.196584, -8.319625, 0.7821603]
Start for  1_9_5_1 [375/455]
Fin;generate all combinations 480480 ...time: 1.5167293548583984
Fin; energy prediction...time: 70.74684047698975
Egy stat [-5.1460514, 2.1259365, -2.5426228, 1.0676469]
Start for  1_9_4_2 [376/455]
Fin;generate all combinations 1201200 ...time: 6.010436773300171
Fin; energy prediction...time: 157.98224711418152
Egy stat [-6.8800364, 0.1992073, -4.3653903, 1.0180509]
Start for  1_9_3_3 [377/455]
Fin;generate all combinations 1601600 ...time: 7.945698976516724
Fin; energy prediction...time: 205.64725923538208
Egy stat [-8.614157, -1.8876848, -6.2275457, 0.96736276]
Start for  1_9_2_4 [378/455]
Fin;generate all combinations 1201200 ...time: 9.665059566497803
Fin; energy prediction...time: 159.51998782157898
Egy stat [-10.299344, -3.914791, -8.12877, 0.91589266]
Start for  1_9_1_5 [379/455]
Fin;generate all combinations 480480 ...time: 3.7356204986572266
Fin; energy prediction...time: 70.63164496421814
Egy stat [-12.009199, -6.026381, -10.068699, 0.86406356]
Start for  1_8_6_1 [380/455]
Fin;generate all combinations 720720 ...time: 3.391989231109619
Fin; energy prediction...time: 99.14257335662842
Egy stat [-6.0987926, 3.1967077, -2.9185765, 1.1270299]
Start for  1_8_5_2 [381/455]
Fin;generate all combinations 2162160 ...time: 10.24557614326477
Fin; energy prediction...time: 276.2233130931854
Egy stat [-7.7531643, 1.2721348, -4.6577587, 1.0843148]
Start for  1_8_4_3 [382/455]
Fin;generate all combinations 3603600 ...time: 15.741161346435547
Fin; energy prediction...time: 449.1816215515137
Egy stat [-9.392952, -0.6663294, -6.435124, 1.0404683]
Start for  1_8_3_4 [383/455]
Fin;generate all combinations 3603600 ...time: 22.128961086273193
Fin; energy prediction...time: 461.02173495292664
Egy stat [-11.050778, -2.6710978, -8.250156, 0.995611]
Start for  1_8_2_5 [384/455]
Fin;generate all combinations 2162160 ...time: 14.656798839569092
Fin; energy prediction...time: 280.49365854263306
Egy stat [-12.757239, -4.7090635, -10.102342, 0.949917]
Start for  1_8_1_6 [385/455]
Fin;generate all combinations 720720 ...time: 1.6866662502288818
Fin; energy prediction...time: 99.77694630622864
Egy stat [-14.4763155, -6.776063, -11.9910965, 0.9036289]
Start for  1_7_7_1 [386/455]
Fin;generate all combinations 823680 ...time: 3.3365530967712402
Fin; energy prediction...time: 114.33796763420105
Egy stat [-6.5447206, 2.31217, -3.5777223, 1.1352887]
Start for  1_7_6_2 [387/455]
Fin;generate all combinations 2882880 ...time: 12.71846890449524
Fin; energy prediction...time: 368.5622024536133
Egy stat [-8.115339, 0.4159441, -5.2417593, 1.0979905]
Start for  1_7_5_3 [388/455]
Fin;generate all combinations 5765760 ...time: 28.542665243148804
Fin; energy prediction...time: 730.6181781291962
Egy stat [-9.722889, -1.5231647, -6.943149, 1.05959]
Start for  1_7_4_4 [389/455]
Fin;generate all combinations 7207200 ...time: 29.123481035232544
Fin; energy prediction...time: 898.8199021816254
Egy stat [-11.3646555, -3.450562, -8.681118, 1.0201174]
Start for  1_7_3_5 [390/455]
Fin;generate all combinations 5765760 ...time: 41.59892392158508
Fin; energy prediction...time: 725.360228061676
Egy stat [-13.004246, -5.4879327, -10.454921, 0.97962415]
Start for  1_7_2_6 [391/455]
Fin;generate all combinations 2882880 ...time: 21.550519943237305
Fin; energy prediction...time: 371.93908286094666
Egy stat [-14.6688385, -7.520612, -12.263805, 0.93819654]
Start for  1_7_1_7 [392/455]
Fin;generate all combinations 823680 ...time: 2.017591953277588
Fin; energy prediction...time: 111.63418388366699
Egy stat [-16.30816, -9.586179, -14.1069975, 0.8959663]
Start for  1_6_8_1 [393/455]
Fin;generate all combinations 720720 ...time: 5.672952175140381
Fin; energy prediction...time: 101.22061586380005
Egy stat [-7.442278, 0.42110443, -4.5216746, 1.0947322]
Start for  1_6_7_2 [394/455]
Fin;generate all combinations 2882880 ...time: 14.500134468078613
Fin; energy prediction...time: 370.5988790988922
Egy stat [-8.972198, -1.4095364, -6.116501, 1.0617739]
Start for  1_6_6_3 [395/455]
Fin;generate all combinations 6726720 ...time: 34.02329087257385
Fin; energy prediction...time: 837.6989681720734
Egy stat [-10.524458, -3.2449164, -7.748361, 1.0277245]
Start for  1_6_5_4 [396/455]
Fin;generate all combinations 10090080 ...time: 47.91756200790405
Fin; energy prediction...time: 1251.4911677837372
Egy stat [-12.090234, -5.1138244, -9.4161625, 0.9925823]
Start for  1_6_4_5 [397/455]
Fin;generate all combinations 10090080 ...time: 70.09365034103394
Fin; energy prediction...time: 1297.835473060608
Egy stat [-13.66523, -6.986152, -11.118908, 0.9563441]
Start for  1_6_3_6 [398/455]
Fin;generate all combinations 6726720 ...time: 13.641939640045166
Fin; energy prediction...time: 866.1333522796631
Egy stat [-15.307912, -9.003722, -12.855584, 0.919022]
Start for  1_6_2_7 [399/455]
Fin;generate all combinations 2882880 ...time: 5.986924171447754
Fin; energy prediction...time: 387.57725191116333
Egy stat [-16.93349, -11.0071745, -14.625226, 0.88064784]
Start for  1_6_1_8 [400/455]
Fin;generate all combinations 720720 ...time: 1.772165060043335
Fin; energy prediction...time: 99.53004765510559
Egy stat [-18.545193, -13.050427, -16.426826, 0.84128195]
Start for  1_5_9_1 [401/455]
Fin;generate all combinations 480480 ...time: 1.0715031623840332
Fin; energy prediction...time: 71.03914618492126
Egy stat [-8.373759, -1.9650183, -5.754412, 1.0087249]
Start for  1_5_8_2 [402/455]
Fin;generate all combinations 2162160 ...time: 10.607468128204346
Fin; energy prediction...time: 276.91294026374817
Egy stat [-9.87272, -3.2664595, -7.282993, 0.9797456]
Start for  1_5_7_3 [403/455]
Fin;generate all combinations 5765760 ...time: 27.900067806243896
Fin; energy prediction...time: 714.926525592804
Egy stat [-11.400345, -5.0141687, -8.848875, 0.94962084]
Start for  1_5_6_4 [404/455]
Fin;generate all combinations 10090080 ...time: 44.86997318267822
Fin; energy prediction...time: 1271.5420718193054
Egy stat [-12.93002, -6.7679367, -10.450643, 0.9183532]
Start for  1_5_5_5 [405/455]
Fin;generate all combinations 12108096 ...time: 45.2848641872406
Fin; energy prediction...time: 1578.436511516571
Egy stat [-14.473566, -8.588526, -12.086999, 0.88592875]
Start for  1_5_4_6 [406/455]
Fin;generate all combinations 10090080 ...time: 43.86426544189453
Fin; energy prediction...time: 1262.9108355045319
Egy stat [-16.030077, -10.411743, -13.756626, 0.85233074]
Start for  1_5_3_7 [407/455]
Fin;generate all combinations 5765760 ...time: 39.78418684005737
Fin; energy prediction...time: 733.1804208755493
Egy stat [-17.63342, -12.405438, -15.458317, 0.81754476]
Start for  1_5_2_8 [408/455]
Fin;generate all combinations 2162160 ...time: 4.852229356765747
Fin; energy prediction...time: 283.07909631729126
Egy stat [-19.227814, -14.385416, -17.19084, 0.781567]
Start for  1_5_1_9 [409/455]
Fin;generate all combinations 480480 ...time: 5.793552398681641
Fin; energy prediction...time: 71.62259697914124
Egy stat [-20.856657, -16.402615, -18.95297, 0.74440753]
Start for  1_4_10_1 [410/455]
Fin;generate all combinations 240240 ...time: 0.5880684852600098
Fin; energy prediction...time: 41.66585946083069
Egy stat [-9.969533, -4.157206, -7.284811, 0.8803674]
Start for  1_4_9_2 [411/455]
Fin;generate all combinations 1201200 ...time: 5.7674548625946045
Fin; energy prediction...time: 157.62548542022705
Egy stat [-11.410795, -5.4692545, -8.746871, 0.8559685]
Start for  1_4_8_3 [412/455]
Fin;generate all combinations 3603600 ...time: 20.349512815475464
Fin; energy prediction...time: 453.6955659389496
Egy stat [-12.846208, -6.8346167, -10.2471285, 0.8302626]
Start for  1_4_7_4 [413/455]
Fin;generate all combinations 7207200 ...time: 38.36534309387207
Fin; energy prediction...time: 910.7743821144104
Egy stat [-14.323164, -8.589299, -11.783836, 0.80328125]
Start for  1_4_6_5 [414/455]
Fin;generate all combinations 10090080 ...time: 33.968066453933716
Fin; energy prediction...time: 1288.6708550453186
Egy stat [-15.804867, -10.341693, -13.355357, 0.77502906]
Start for  1_4_5_6 [415/455]
Fin;generate all combinations 10090080 ...time: 51.18076276779175
Fin; energy prediction...time: 1296.9334774017334
Egy stat [-17.326859, -12.097919, -14.960103, 0.7454889]
Start for  1_4_4_7 [416/455]
Fin;generate all combinations 7207200 ...time: 37.05727744102478
Fin; energy prediction...time: 903.0300917625427
Egy stat [-18.854225, -13.857473, -16.596561, 0.71463186]
Start for  1_4_3_8 [417/455]
Fin;generate all combinations 3603600 ...time: 8.42174744606018
Fin; energy prediction...time: 467.12439703941345
Egy stat [-20.373453, -15.818441, -18.263256, 0.68242425]
Start for  1_4_2_9 [418/455]
Fin;generate all combinations 1201200 ...time: 9.882391452789307
Fin; energy prediction...time: 165.3350796699524
Egy stat [-21.920628, -17.75182, -19.95871, 0.6488297]
Start for  1_4_1_10 [419/455]
Fin;generate all combinations 240240 ...time: 0.7168385982513428
Fin; energy prediction...time: 42.36429762840271
Egy stat [-23.513702, -19.678692, -21.681475, 0.61380786]
Start for  1_3_11_1 [420/455]
Fin;generate all combinations 87360 ...time: 0.24509787559509277
Fin; energy prediction...time: 23.39890480041504
Egy stat [-11.157235, -6.521749, -9.128491, 0.7111566]
Start for  1_3_10_2 [421/455]
Fin;generate all combinations 480480 ...time: 0.9209990501403809
Fin; energy prediction...time: 70.49533200263977
Egy stat [-12.58597, -7.9523005, -10.520454, 0.69314265]
Start for  1_3_9_3 [422/455]
Fin;generate all combinations 1601600 ...time: 8.123993635177612
Fin; energy prediction...time: 209.44476985931396
Egy stat [-13.944854, -9.420873, -11.952085, 0.6734996]
Start for  1_3_8_4 [423/455]
Fin;generate all combinations 3603600 ...time: 21.747382640838623
Fin; energy prediction...time: 448.2575590610504
Egy stat [-15.389692, -10.801327, -13.421374, 0.6523093]
Start for  1_3_7_5 [424/455]
Fin;generate all combinations 5765760 ...time: 32.52749752998352
Fin; energy prediction...time: 734.2504758834839
Egy stat [-16.755692, -12.53691, -14.926327, 0.6296117]
Start for  1_3_6_6 [425/455]
Fin;generate all combinations 6726720 ...time: 32.892741680145264
Fin; energy prediction...time: 860.1096336841583
Egy stat [-18.179085, -14.269526, -16.465094, 0.6054122]
Start for  1_3_5_7 [426/455]
Fin;generate all combinations 5765760 ...time: 26.866393089294434
Fin; energy prediction...time: 725.3193814754486
Egy stat [-19.657177, -16.020826, -18.035812, 0.57968885]
Start for  1_3_4_8 [427/455]
Fin;generate all combinations 3603600 ...time: 25.42788076400757
Fin; energy prediction...time: 458.7404854297638
Egy stat [-21.165302, -17.750332, -19.63679, 0.55239785]
Start for  1_3_3_9 [428/455]
Fin;generate all combinations 1601600 ...time: 3.5805277824401855
Fin; energy prediction...time: 213.94363975524902
Egy stat [-22.672165, -19.62098, -21.26624, 0.52347463]
Start for  1_3_2_10 [429/455]
Fin;generate all combinations 480480 ...time: 1.2660880088806152
Fin; energy prediction...time: 74.12682247161865
Egy stat [-24.191792, -21.431257, -22.92252, 0.49283254]
Start for  1_3_1_11 [430/455]
Fin;generate all combinations 87360 ...time: 0.306469202041626
Fin; energy prediction...time: 24.29284405708313
Egy stat [-25.749504, -23.275734, -24.603964, 0.4603529]
Start for  1_2_12_1 [431/455]
Fin;generate all combinations 21840 ...time: 0.0754249095916748
Fin; energy prediction...time: 15.70245623588562
Egy stat [-12.729444, -9.807504, -11.308936, 0.5000724]
Start for  1_2_11_2 [432/455]
Fin;generate all combinations 131040 ...time: 0.26763010025024414
Fin; energy prediction...time: 29.649529457092285
Egy stat [-14.070394, -10.941458, -12.624082, 0.49188566]
Start for  1_2_10_3 [433/455]
Fin;generate all combinations 480480 ...time: 2.5023484230041504
Fin; energy prediction...time: 72.48946952819824
Egy stat [-15.438975, -12.187309, -13.98089, 0.4814527]
Start for  1_2_9_4 [434/455]
Fin;generate all combinations 1201200 ...time: 6.093285083770752
Fin; energy prediction...time: 158.2594587802887
Egy stat [-16.84021, -13.612078, -15.377073, 0.46893793]
Start for  1_2_8_5 [435/455]
Fin;generate all combinations 2162160 ...time: 12.692882537841797
Fin; energy prediction...time: 275.62627029418945
Egy stat [-18.255695, -15.019312, -16.810396, 0.45444727]
Start for  1_2_7_6 [436/455]
Fin;generate all combinations 2882880 ...time: 15.615009784698486
Fin; energy prediction...time: 377.34272265434265
Egy stat [-19.645752, -16.654785, -18.278711, 0.43803385]
Start for  1_2_6_7 [437/455]
Fin;generate all combinations 2882880 ...time: 14.355387210845947
Fin; energy prediction...time: 378.447548866272
Egy stat [-21.110806, -18.296011, -19.779886, 0.41970444]
Start for  1_2_5_8 [438/455]
Fin;generate all combinations 2162160 ...time: 4.435460090637207
Fin; energy prediction...time: 283.84472918510437
Egy stat [-22.625237, -20.002947, -21.311928, 0.39942425]
Start for  1_2_4_9 [439/455]
Fin;generate all combinations 1201200 ...time: 7.271176099777222
Fin; energy prediction...time: 165.57223868370056
Egy stat [-24.06935, -21.712072, -22.872808, 0.37711626]
Start for  1_2_3_10 [440/455]
Fin;generate all combinations 480480 ...time: 1.126770257949829
Fin; energy prediction...time: 71.35425901412964
Egy stat [-25.504093, -23.456337, -24.460627, 0.35265526]
Start for  1_2_2_11 [441/455]
Fin;generate all combinations 131040 ...time: 0.34104323387145996
Fin; energy prediction...time: 29.861907243728638
Egy stat [-26.961063, -25.156706, -26.073477, 0.32584757]
Start for  1_2_1_12 [442/455]
Fin;generate all combinations 21840 ...time: 0.06855177879333496
Fin; energy prediction...time: 15.352623701095581
Egy stat [-28.452444, -26.948057, -27.70952, 0.2963911]
Start for  1_1_13_1 [443/455]
Fin;generate all combinations 3360 ...time: 0.013371944427490234
Fin; energy prediction...time: 12.790297508239746
Egy stat [-14.48357, -13.182896, -13.857757, 0.24588183]
Start for  1_1_12_2 [444/455]
Fin;generate all combinations 21840 ...time: 0.04548168182373047
Fin; energy prediction...time: 15.47964882850647
Egy stat [-15.81016, -14.2575445, -15.086581, 0.25476044]
Start for  1_1_11_3 [445/455]
Fin;generate all combinations 87360 ...time: 0.43967413902282715
Fin; energy prediction...time: 23.433374166488647
Egy stat [-17.141132, -15.421371, -16.359444, 0.25949973]
Start for  1_1_10_4 [446/455]
Fin;generate all combinations 240240 ...time: 1.308821678161621
Fin; energy prediction...time: 42.53511142730713
Egy stat [-18.500692, -16.612997, -17.673862, 0.2606841]
Start for  1_1_9_5 [447/455]
Fin;generate all combinations 480480 ...time: 3.2667605876922607
Fin; energy prediction...time: 71.35467958450317
Egy stat [-19.84787, -17.809269, -19.027374, 0.25870702]
Start for  1_1_8_6 [448/455]
Fin;generate all combinations 720720 ...time: 4.170617580413818
Fin; energy prediction...time: 99.78370666503906
Egy stat [-21.241852, -19.21415, -20.417587, 0.25382105]
Start for  1_1_7_7 [449/455]
Fin;generate all combinations 823680 ...time: 3.5703306198120117
Fin; energy prediction...time: 113.37073111534119
Egy stat [-22.66042, -20.783339, -21.842148, 0.24617068]
Start for  1_1_6_8 [450/455]
Fin;generate all combinations 720720 ...time: 5.45943021774292
Fin; energy prediction...time: 101.07628655433655
Egy stat [-24.10145, -22.35611, -23.29877, 0.2358107]
Start for  1_1_5_9 [451/455]
Fin;generate all combinations 480480 ...time: 2.755068778991699
Fin; energy prediction...time: 72.2849931716919
Egy stat [-25.562279, -23.966263, -24.785221, 0.22271258]
Start for  1_1_4_10 [452/455]
Fin;generate all combinations 240240 ...time: 0.5813291072845459
Fin; energy prediction...time: 42.50136160850525
Egy stat [-27.030355, -25.582634, -26.29932, 0.20675242]
Start for  1_1_3_11 [453/455]
Fin;generate all combinations 87360 ...time: 0.8180007934570312
Fin; energy prediction...time: 23.57640838623047
Egy stat [-28.41513, -27.18621, -27.838947, 0.18766914]
Start for  1_1_2_12 [454/455]
Fin;generate all combinations 21840 ...time: 0.05954909324645996
Fin; energy prediction...time: 15.388054609298706
Egy stat [-29.8304, -28.87007, -29.402037, 0.16495265]
Start for  1_1_1_13 [455/455]
Fin;generate all combinations 3360 ...time: 0.011786937713623047
Fin; energy prediction...time: 12.71094274520874
Egy stat [-31.288128, -30.549883, -30.986584, 0.13754639]
Saving....
Saved to... Cs_GeHgPbSn_I.pkl
Total elapsed time... 548696.192019701
