Summary of calculations
Site name (A,B,C)... Cs Ge,Hg,Sn,Zn Br
Base cif file name... ../0.cif
Save file name... Cs_GeHgSnZn_Br.pkl
Fin; combination with repetition...time: 0.026984214782714844
Start for  13_1_1_1 [1/455]
Fin;generate all combinations 3360 ...time: 0.005115032196044922
Fin; energy prediction...time: 0.6092238426208496
Egy stat [-81.66963, -80.0218, -80.67642, 0.34833443]
Start for  12_2_1_1 [2/455]
Fin;generate all combinations 21840 ...time: 0.08285212516784668
Fin; energy prediction...time: 2.872025966644287
Egy stat [-78.76178, -76.14205, -77.24915, 0.46432966]
Start for  12_1_2_1 [3/455]
Fin;generate all combinations 21840 ...time: 0.08879637718200684
Fin; energy prediction...time: 2.961951971054077
Egy stat [-79.72972, -77.385994, -78.540146, 0.42503634]
Start for  12_1_1_2 [4/455]
Fin;generate all combinations 21840 ...time: 0.03613638877868652
Fin; energy prediction...time: 2.9397525787353516
Egy stat [-75.46503, -72.397675, -73.78691, 0.49780834]
Start for  11_3_1_1 [5/455]
Fin;generate all combinations 87360 ...time: 0.31342124938964844
Fin; energy prediction...time: 11.220357179641724
Egy stat [-75.54066, -72.25401, -73.93898, 0.5912333]
Start for  11_2_2_1 [6/455]
Fin;generate all combinations 131040 ...time: 0.35070157051086426
Fin; energy prediction...time: 17.049370288848877
Egy stat [-76.845406, -73.56823, -75.2713, 0.5154515]
Start for  11_2_1_2 [7/455]
Fin;generate all combinations 131040 ...time: 0.4139854907989502
Fin; energy prediction...time: 16.449456930160522
Egy stat [-72.19897, -68.581024, -70.54578, 0.60966116]
Start for  11_1_3_1 [8/455]
Fin;generate all combinations 87360 ...time: 0.3194143772125244
Fin; energy prediction...time: 11.03451681137085
Egy stat [-77.82101, -74.85843, -76.51435, 0.48619935]
Start for  11_1_2_2 [9/455]
Fin;generate all combinations 131040 ...time: 0.4422032833099365
Fin; energy prediction...time: 16.653029441833496
Egy stat [-73.56644, -69.71323, -71.70127, 0.575383]
Start for  11_1_1_3 [10/455]
Fin;generate all combinations 87360 ...time: 0.3410484790802002
Fin; energy prediction...time: 11.242131471633911
Egy stat [-69.145065, -65.59697, -67.21769, 0.59596753]
Start for  10_4_1_1 [11/455]
Fin;generate all combinations 240240 ...time: 0.8801095485687256
Fin; energy prediction...time: 29.908908128738403
Egy stat [-72.531784, -68.43713, -70.791504, 0.7070282]
Start for  10_3_2_1 [12/455]
Fin;generate all combinations 480480 ...time: 1.9448249340057373
Fin; energy prediction...time: 60.47765326499939
Egy stat [-73.93993, -70.003456, -72.11432, 0.6177428]
Start for  10_3_1_2 [13/455]
Fin;generate all combinations 480480 ...time: 2.317183017730713
Fin; energy prediction...time: 59.61842179298401
Egy stat [-69.56862, -64.7167, -67.44995, 0.71407425]
Start for  10_2_3_1 [14/455]
Fin;generate all combinations 480480 ...time: 2.060387134552002
Fin; energy prediction...time: 59.95108771324158
Egy stat [-75.06666, -71.51965, -73.39025, 0.55832326]
Start for  10_2_2_2 [15/455]
Fin;generate all combinations 720720 ...time: 1.618293046951294
Fin; energy prediction...time: 89.38277983665466
Egy stat [-70.687874, -66.041176, -68.62097, 0.6602713]
Start for  10_2_1_3 [16/455]
Fin;generate all combinations 480480 ...time: 0.7796530723571777
Fin; energy prediction...time: 62.83834385871887
Egy stat [-66.45459, -61.81015, -64.15957, 0.687458]
Start for  10_1_4_1 [17/455]
Fin;generate all combinations 240240 ...time: 1.0267534255981445
Fin; energy prediction...time: 31.255433082580566
Egy stat [-76.140274, -72.31755, -74.59833, 0.53382075]
Start for  10_1_3_2 [18/455]
Fin;generate all combinations 480480 ...time: 1.1446349620819092
Fin; energy prediction...time: 60.03871488571167
Egy stat [-71.84802, -67.184685, -69.72204, 0.63803685]
Start for  10_1_2_3 [19/455]
Fin;generate all combinations 480480 ...time: 1.4828133583068848
Fin; energy prediction...time: 59.21911311149597
Egy stat [-67.56943, -62.726677, -65.18293, 0.6753244]
Start for  10_1_1_4 [20/455]
Fin;generate all combinations 240240 ...time: 0.41256260871887207
Fin; energy prediction...time: 30.354928970336914
Egy stat [-63.315125, -58.84302, -60.940403, 0.6425986]
Start for  9_5_1_1 [21/455]
Fin;generate all combinations 480480 ...time: 1.8638343811035156
Fin; energy prediction...time: 60.8478319644928
Egy stat [-69.79825, -64.82015, -67.84278, 0.7782753]
Start for  9_4_2_1 [22/455]
Fin;generate all combinations 1201200 ...time: 4.290766477584839
Fin; energy prediction...time: 146.90768694877625
Egy stat [-71.00655, -66.41336, -69.11379, 0.7124542]
Start for  9_4_1_2 [23/455]
Fin;generate all combinations 1201200 ...time: 3.711824417114258
Fin; energy prediction...time: 149.76170134544373
Egy stat [-66.90385, -61.035534, -64.5381, 0.78310645]
Start for  9_3_3_1 [24/455]
Fin;generate all combinations 1601600 ...time: 6.147844314575195
Fin; energy prediction...time: 204.44184064865112
Egy stat [-72.41062, -68.05011, -70.37265, 0.6420996]
Start for  9_3_2_2 [25/455]
Fin;generate all combinations 2402400 ...time: 7.020603179931641
Fin; energy prediction...time: 299.2167098522186
Egy stat [-67.94678, -62.55919, -65.68054, 0.7404384]
Start for  9_3_1_3 [26/455]
Fin;generate all combinations 1601600 ...time: 3.0109734535217285
Fin; energy prediction...time: 202.92458486557007
Egy stat [-63.759712, -58.00509, -61.269093, 0.7549295]
Start for  9_2_4_1 [27/455]
Fin;generate all combinations 1201200 ...time: 4.666521787643433
Fin; energy prediction...time: 149.4199733734131
Egy stat [-73.455154, -69.282036, -71.6054, 0.5919009]
Start for  9_2_3_2 [28/455]
Fin;generate all combinations 2402400 ...time: 9.861439228057861
Fin; energy prediction...time: 300.32950925827026
Egy stat [-69.1707, -63.83845, -66.78843, 0.70308834]
Start for  9_2_2_3 [29/455]
Fin;generate all combinations 2402400 ...time: 7.738687515258789
Fin; energy prediction...time: 300.9015998840332
Egy stat [-64.84317, -59.116245, -62.288273, 0.73980916]
Start for  9_2_1_4 [30/455]
Fin;generate all combinations 1201200 ...time: 2.0947611331939697
Fin; energy prediction...time: 150.2709424495697
Egy stat [-60.68745, -55.070633, -58.056797, 0.7054854]
Start for  9_1_5_1 [31/455]
Fin;generate all combinations 480480 ...time: 2.848606586456299
Fin; energy prediction...time: 61.59349489212036
Egy stat [-74.53441, -70.57764, -72.791245, 0.56904244]
Start for  9_1_4_2 [32/455]
Fin;generate all combinations 1201200 ...time: 4.343367099761963
Fin; energy prediction...time: 146.57628512382507
Egy stat [-70.22699, -64.9131, -67.84811, 0.686978]
Start for  9_1_3_3 [33/455]
Fin;generate all combinations 1601600 ...time: 6.303532600402832
Fin; energy prediction...time: 204.09461331367493
Egy stat [-66.059105, -60.053, -63.24988, 0.7400324]
Start for  9_1_2_4 [34/455]
Fin;generate all combinations 1201200 ...time: 1.9193718433380127
Fin; energy prediction...time: 158.44153547286987
Egy stat [-61.799187, -55.800285, -58.957737, 0.7274145]
Start for  9_1_1_5 [35/455]
Fin;generate all combinations 480480 ...time: 3.5777387619018555
Fin; energy prediction...time: 62.330148458480835
Egy stat [-57.16266, -52.603474, -54.920162, 0.64493847]
Start for  8_6_1_1 [36/455]
Fin;generate all combinations 720720 ...time: 2.5341696739196777
Fin; energy prediction...time: 89.62065362930298
Egy stat [-67.101845, -61.20289, -65.107735, 0.7749545]
Start for  8_5_2_1 [37/455]
Fin;generate all combinations 2162160 ...time: 9.42904281616211
Fin; energy prediction...time: 267.59017038345337
Egy stat [-68.540146, -62.892467, -66.30464, 0.7678417]
Start for  8_5_1_2 [38/455]
Fin;generate all combinations 2162160 ...time: 10.983791828155518
Fin; energy prediction...time: 269.17590069770813
Egy stat [-64.15159, -57.503387, -61.831074, 0.78839546]
Start for  8_4_3_1 [39/455]
Fin;generate all combinations 3603600 ...time: 17.308484077453613
Fin; energy prediction...time: 446.7501459121704
Egy stat [-69.468506, -64.585594, -67.50531, 0.7204849]
Start for  8_4_2_2 [40/455]
Fin;generate all combinations 5405400 ...time: 20.146575212478638
Fin; energy prediction...time: 660.364342212677
Egy stat [-65.53137, -58.849106, -62.91726, 0.7898322]
Start for  8_4_1_3 [41/455]
Fin;generate all combinations 3603600 ...time: 29.138333797454834
Fin; energy prediction...time: 449.319917678833
Egy stat [-61.025837, -54.452923, -58.5724, 0.7713776]
Start for  8_3_4_1 [42/455]
Fin;generate all combinations 3603600 ...time: 15.095271825790405
Fin; energy prediction...time: 455.92188715934753
Egy stat [-70.91134, -66.004745, -68.713524, 0.66150403]
Start for  8_3_3_2 [43/455]
Fin;generate all combinations 7207200 ...time: 30.784881114959717
Fin; energy prediction...time: 899.1220738887787
Egy stat [-66.36284, -60.396027, -63.989132, 0.7647765]
Start for  8_3_2_3 [44/455]
Fin;generate all combinations 7207200 ...time: 34.32447338104248
Fin; energy prediction...time: 895.3674886226654
Egy stat [-62.435604, -55.62573, -59.555416, 0.78410393]
Start for  8_3_1_4 [45/455]
Fin;generate all combinations 3603600 ...time: 20.192888259887695
Fin; energy prediction...time: 463.5016539096832
Egy stat [-57.94352, -51.29945, -55.353638, 0.73270893]
Start for  8_2_5_1 [46/455]
Fin;generate all combinations 2162160 ...time: 4.633344888687134
Fin; energy prediction...time: 274.36582946777344
Egy stat [-71.957245, -67.624, -69.91606, 0.6158687]
Start for  8_2_4_2 [47/455]
Fin;generate all combinations 5405400 ...time: 24.777426719665527
Fin; energy prediction...time: 672.655508518219
Egy stat [-67.69519, -61.507675, -65.04728, 0.7366717]
Start for  8_2_3_3 [48/455]
Fin;generate all combinations 7207200 ...time: 31.020339488983154
Fin; energy prediction...time: 904.0246303081512
Egy stat [-63.327484, -56.64708, -60.50416, 0.78455627]
Start for  8_2_2_4 [49/455]
Fin;generate all combinations 5405400 ...time: 33.89394736289978
Fin; energy prediction...time: 667.8860113620758
Egy stat [-59.44033, -52.184635, -56.240437, 0.7639611]
Start for  8_2_1_5 [50/455]
Fin;generate all combinations 2162160 ...time: 14.826695442199707
Fin; energy prediction...time: 267.23459553718567
Egy stat [-54.837063, -48.85983, -52.195213, 0.67998254]
Start for  8_1_6_1 [51/455]
Fin;generate all combinations 720720 ...time: 6.175188779830933
Fin; energy prediction...time: 92.27603459358215
Egy stat [-73.1089, -68.576195, -71.09197, 0.59252834]
Start for  8_1_5_2 [52/455]
Fin;generate all combinations 2162160 ...time: 10.850734949111938
Fin; energy prediction...time: 270.0883355140686
Egy stat [-68.77313, -62.981945, -66.07828, 0.7230686]
Start for  8_1_4_3 [53/455]
Fin;generate all combinations 3603600 ...time: 23.777100563049316
Fin; energy prediction...time: 452.1849539279938
Egy stat [-64.5827, -57.42819, -61.417164, 0.790832]
Start for  8_1_3_4 [54/455]
Fin;generate all combinations 3603600 ...time: 12.045854568481445
Fin; energy prediction...time: 454.81170082092285
Egy stat [-60.422947, -52.898476, -57.07146, 0.79696804]
Start for  8_1_2_5 [55/455]
Fin;generate all combinations 2162160 ...time: 12.459272623062134
Fin; energy prediction...time: 271.7310402393341
Egy stat [-55.82122, -49.55583, -52.992146, 0.7404383]
Start for  8_1_1_6 [56/455]
Fin;generate all combinations 720720 ...time: 1.4973840713500977
Fin; energy prediction...time: 96.86565113067627
Egy stat [-51.422276, -46.41436, -49.11463, 0.62188536]
Start for  7_7_1_1 [57/455]
Fin;generate all combinations 823680 ...time: 5.099795341491699
Fin; energy prediction...time: 108.37792944908142
Egy stat [-64.52562, -58.626354, -62.571114, 0.68598044]
Start for  7_6_2_1 [58/455]
Fin;generate all combinations 2882880 ...time: 11.140454292297363
Fin; energy prediction...time: 356.4584879875183
Egy stat [-65.833176, -59.56929, -63.70038, 0.75531936]
Start for  7_6_1_2 [59/455]
Fin;generate all combinations 2882880 ...time: 11.991593837738037
Fin; energy prediction...time: 366.44981241226196
Egy stat [-61.606026, -55.11194, -59.32231, 0.7159425]
Start for  7_5_3_1 [60/455]
Fin;generate all combinations 5765760 ...time: 24.94260573387146
Fin; energy prediction...time: 720.1082954406738
Egy stat [-67.009315, -61.242405, -64.82205, 0.763777]
Start for  7_5_2_2 [61/455]
Fin;generate all combinations 8648640 ...time: 33.63591289520264
Fin; energy prediction...time: 1076.8757820129395
Egy stat [-62.883987, -55.82937, -60.350708, 0.781966]
Start for  7_5_1_3 [62/455]
Fin;generate all combinations 5765760 ...time: 24.611896514892578
Fin; energy prediction...time: 720.6839363574982
Egy stat [-58.452667, -51.837246, -56.070984, 0.7206571]
Start for  7_4_4_1 [63/455]
Fin;generate all combinations 7207200 ...time: 21.691529750823975
Fin; energy prediction...time: 894.7299919128418
Egy stat [-68.1047, -62.912743, -65.96589, 0.72722]
Start for  7_4_3_2 [64/455]
Fin;generate all combinations 14414400 ...time: 67.68220901489258
Fin; energy prediction...time: 1787.484120607376
Egy stat [-64.07051, -57.15556, -61.360374, 0.7991378]
Start for  7_4_2_3 [65/455]
Fin;generate all combinations 14414400 ...time: 70.4563262462616
Fin; energy prediction...time: 1800.198224067688
Egy stat [-59.84652, -52.85399, -57.00895, 0.78365386]
Start for  7_4_1_4 [66/455]
Fin;generate all combinations 7207200 ...time: 35.54324746131897
Fin; energy prediction...time: 918.9060695171356
Egy stat [-55.30369, -48.674435, -52.839954, 0.7062897]
Start for  7_3_5_1 [67/455]
Fin;generate all combinations 5765760 ...time: 9.949090003967285
Fin; energy prediction...time: 741.4005722999573
Egy stat [-69.40296, -64.298904, -67.1365, 0.6743779]
Start for  7_3_4_2 [68/455]
Fin;generate all combinations 14414400 ...time: 44.058308362960815
Fin; energy prediction...time: 1847.5007174015045
Egy stat [-64.92926, -58.677307, -62.37517, 0.78393036]
Start for  7_3_3_3 [69/455]
Fin;generate all combinations 19219200 ...time: 93.98756670951843
Fin; energy prediction...time: 2412.206379175186
Egy stat [-60.94754, -54.00648, -57.914513, 0.8114358]
Start for  7_3_2_4 [70/455]
Fin;generate all combinations 14414400 ...time: 87.11441731452942
Fin; energy prediction...time: 1809.555504322052
Egy stat [-56.715576, -49.723606, -53.697186, 0.77043194]
Start for  7_3_1_5 [71/455]
Fin;generate all combinations 5765760 ...time: 12.936617374420166
Fin; energy prediction...time: 741.1091599464417
Egy stat [-52.170696, -45.515137, -49.65096, 0.67803335]
Start for  7_2_6_1 [72/455]
Fin;generate all combinations 2882880 ...time: 19.061915397644043
Fin; energy prediction...time: 369.5465202331543
Egy stat [-70.50189, -65.61873, -68.32128, 0.6301115]
Start for  7_2_5_2 [73/455]
Fin;generate all combinations 8648640 ...time: 40.444236755371094
Fin; energy prediction...time: 1069.8833153247833
Egy stat [-66.24077, -59.834003, -63.396404, 0.7604003]
Start for  7_2_4_3 [74/455]
Fin;generate all combinations 14414400 ...time: 54.02284216880798
Fin; energy prediction...time: 1828.2720034122467
Egy stat [-61.91284, -55.031384, -58.80619, 0.8198183]
Start for  7_2_3_4 [75/455]
Fin;generate all combinations 14414400 ...time: 50.279364585876465
Fin; energy prediction...time: 1846.9210376739502
Egy stat [-57.91184, -50.62029, -54.505627, 0.8144364]
Start for  7_2_2_5 [76/455]
Fin;generate all combinations 8648640 ...time: 16.490211486816406
Fin; energy prediction...time: 1091.9087510108948
Egy stat [-53.64767, -46.40332, -50.436462, 0.7509303]
Start for  7_2_1_6 [77/455]
Fin;generate all combinations 2882880 ...time: 6.345921277999878
Fin; energy prediction...time: 382.1657702922821
Egy stat [-49.16877, -43.306385, -46.523487, 0.64180803]
Start for  7_1_7_1 [78/455]
Fin;generate all combinations 823680 ...time: 2.311086416244507
Fin; energy prediction...time: 107.98901629447937
Egy stat [-71.73224, -66.914734, -69.49901, 0.6045605]
Start for  7_1_6_2 [79/455]
Fin;generate all combinations 2882880 ...time: 7.902693510055542
Fin; energy prediction...time: 360.08450293540955
Egy stat [-67.30774, -61.162926, -64.4111, 0.74686223]
Start for  7_1_5_3 [80/455]
Fin;generate all combinations 5765760 ...time: 21.154590845108032
Fin; energy prediction...time: 720.5976765155792
Egy stat [-63.150806, -55.805233, -59.683388, 0.828389]
Start for  7_1_4_4 [81/455]
Fin;generate all combinations 7207200 ...time: 33.33790707588196
Fin; energy prediction...time: 898.761677980423
Egy stat [-58.936005, -51.317017, -55.280094, 0.8518746]
Start for  7_1_3_5 [82/455]
Fin;generate all combinations 5765760 ...time: 23.62549638748169
Fin; energy prediction...time: 727.3252985477448
Egy stat [-54.606083, -47.136795, -51.154522, 0.81876737]
Start for  7_1_2_6 [83/455]
Fin;generate all combinations 2882880 ...time: 21.023507833480835
Fin; energy prediction...time: 368.4367690086365
Egy stat [-50.263927, -43.906055, -47.245243, 0.7337862]
Start for  7_1_1_7 [84/455]
Fin;generate all combinations 823680 ...time: 2.1442413330078125
Fin; energy prediction...time: 106.92316341400146
Egy stat [-45.92485, -40.971504, -43.473564, 0.6061679]
Start for  6_8_1_1 [85/455]
Fin;generate all combinations 720720 ...time: 6.596027374267578
Fin; energy prediction...time: 97.60176587104797
Egy stat [-61.90047, -57.882286, -60.18258, 0.53900504]
Start for  6_7_2_1 [86/455]
Fin;generate all combinations 2882880 ...time: 15.223617315292358
Fin; energy prediction...time: 362.5699460506439
Egy stat [-63.40972, -57.74988, -61.28442, 0.6669468]
Start for  6_7_1_2 [87/455]
Fin;generate all combinations 2882880 ...time: 10.798978090286255
Fin; energy prediction...time: 371.2174265384674
Egy stat [-59.0452, -54.061123, -56.971416, 0.5840485]
Start for  6_6_3_1 [88/455]
Fin;generate all combinations 6726720 ...time: 38.51412510871887
Fin; energy prediction...time: 850.7537853717804
Egy stat [-64.63641, -58.615948, -62.33527, 0.74533844]
Start for  6_6_2_2 [89/455]
Fin;generate all combinations 10090080 ...time: 39.9574339389801
Fin; energy prediction...time: 1248.4326717853546
Egy stat [-60.49585, -54.171444, -57.97253, 0.7061046]
Start for  6_6_1_3 [90/455]
Fin;generate all combinations 6726720 ...time: 49.85810422897339
Fin; energy prediction...time: 846.9560720920563
Egy stat [-56.081524, -50.517265, -53.734436, 0.61420006]
Start for  6_5_4_1 [91/455]
Fin;generate all combinations 10090080 ...time: 53.30910086631775
Fin; energy prediction...time: 1263.9087657928467
Egy stat [-65.637924, -59.58706, -63.395336, 0.76104933]
Start for  6_5_3_2 [92/455]
Fin;generate all combinations 20180160 ...time: 70.9933533668518
Fin; energy prediction...time: 2542.469507455826
Egy stat [-61.633873, -54.90692, -58.920357, 0.7820266]
Start for  6_5_2_3 [93/455]
Fin;generate all combinations 20180160 ...time: 68.74019479751587
Fin; energy prediction...time: 2579.7907128334045
Egy stat [-57.415924, -50.76416, -54.648735, 0.7258274]
Start for  6_5_1_4 [94/455]
Fin;generate all combinations 10090080 ...time: 19.624916076660156
Fin; energy prediction...time: 1291.420589208603
Egy stat [-53.10649, -47.430042, -50.49498, 0.63176835]
Start for  6_4_5_1 [95/455]
Fin;generate all combinations 10090080 ...time: 19.666375160217285
Fin; energy prediction...time: 1264.7442166805267
Egy stat [-66.810234, -61.1261, -64.495255, 0.73003674]
Start for  6_4_4_2 [96/455]
Fin;generate all combinations 25225200 ...time: 96.41301822662354
Fin; energy prediction...time: 3185.4680728912354
Egy stat [-62.655815, -55.45712, -59.867188, 0.8064288]
Start for  6_4_3_3 [97/455]
Fin;generate all combinations 33633600 ...time: 168.1959969997406
Fin; energy prediction...time: 4221.66881775856
Egy stat [-58.601715, -51.308537, -55.5039, 0.7988862]
Start for  6_4_2_4 [98/455]
Fin;generate all combinations 25225200 ...time: 101.61825323104858
Fin; energy prediction...time: 3227.638566970825
Egy stat [-54.234493, -47.59652, -51.335403, 0.7328767]
Start for  6_4_1_5 [99/455]
Fin;generate all combinations 10090080 ...time: 68.48684787750244
Fin; energy prediction...time: 1267.3603250980377
Egy stat [-49.978657, -44.24046, -47.276077, 0.6387925]
Start for  6_3_6_1 [100/455]
Fin;generate all combinations 6726720 ...time: 34.02335858345032
Fin; energy prediction...time: 851.1646552085876
Egy stat [-68.074036, -62.57196, -65.64084, 0.67972386]
Start for  6_3_5_2 [101/455]
Fin;generate all combinations 20180160 ...time: 90.15503573417664
Fin; energy prediction...time: 2502.3096919059753
Egy stat [-63.775433, -56.943092, -60.83783, 0.79597914]
Start for  6_3_4_3 [102/455]
Fin;generate all combinations 33633600 ...time: 146.7533848285675
Fin; energy prediction...time: 4291.205517053604
Egy stat [-59.548264, -52.125813, -56.3454, 0.83306664]
Start for  6_3_3_4 [103/455]
Fin;generate all combinations 33633600 ...time: 151.74327850341797
Fin; energy prediction...time: 4387.0536732673645
Egy stat [-55.52913, -48.083042, -52.1077, 0.8061959]
Start for  6_3_2_5 [104/455]
Fin;generate all combinations 20180160 ...time: 38.776628732681274
Fin; energy prediction...time: 2618.0243508815765
Egy stat [-51.123814, -44.266613, -48.05455, 0.73311913]
Start for  6_3_1_6 [105/455]
Fin;generate all combinations 6726720 ...time: 16.674615144729614
Fin; energy prediction...time: 865.5137624740601
Egy stat [-46.778587, -40.955513, -44.098873, 0.6379645]
Start for  6_2_7_1 [106/455]
Fin;generate all combinations 2882880 ...time: 21.411535024642944
Fin; energy prediction...time: 383.5970048904419
Egy stat [-69.23253, -63.91126, -66.81973, 0.634409]
Start for  6_2_6_2 [107/455]
Fin;generate all combinations 10090080 ...time: 68.40496277809143
Fin; energy prediction...time: 1264.0143716335297
Egy stat [-64.93709, -58.142067, -61.834694, 0.77391547]
Start for  6_2_5_3 [108/455]
Fin;generate all combinations 20180160 ...time: 117.96486020088196
Fin; energy prediction...time: 2566.7390570640564
Egy stat [-60.70536, -53.3523, -57.19316, 0.8446975]
Start for  6_2_4_4 [109/455]
Fin;generate all combinations 25225200 ...time: 94.58900499343872
Fin; energy prediction...time: 3169.648572206497
Egy stat [-56.532238, -48.779163, -52.851315, 0.8545775]
Start for  6_2_3_5 [110/455]
Fin;generate all combinations 20180160 ...time: 146.05537056922913
Fin; energy prediction...time: 2542.167506456375
Egy stat [-52.412132, -44.61647, -48.75309, 0.81244475]
Start for  6_2_2_6 [111/455]
Fin;generate all combinations 10090080 ...time: 69.64266681671143
Fin; energy prediction...time: 1299.0627446174622
Egy stat [-48.26611, -40.760754, -44.82655, 0.73248184]
Start for  6_2_1_7 [112/455]
Fin;generate all combinations 2882880 ...time: 6.69695520401001
Fin; energy prediction...time: 367.3989357948303
Egy stat [-43.921467, -38.12419, -40.981728, 0.6337974]
Start for  6_1_8_1 [113/455]
Fin;generate all combinations 720720 ...time: 2.212071180343628
Fin; energy prediction...time: 98.2433226108551
Egy stat [-70.396324, -64.987625, -68.01019, 0.6050125]
Start for  6_1_7_2 [114/455]
Fin;generate all combinations 2882880 ...time: 13.905254364013672
Fin; energy prediction...time: 376.380646944046
Egy stat [-66.01835, -59.486603, -62.844696, 0.75856197]
Start for  6_1_6_3 [115/455]
Fin;generate all combinations 6726720 ...time: 38.59317994117737
Fin; energy prediction...time: 854.1537160873413
Egy stat [-61.855118, -54.161224, -58.04686, 0.85315466]
Start for  6_1_5_4 [116/455]
Fin;generate all combinations 10090080 ...time: 44.009613037109375
Fin; energy prediction...time: 1254.7615022659302
Egy stat [-57.662544, -49.734467, -53.58205, 0.8927771]
Start for  6_1_4_5 [117/455]
Fin;generate all combinations 10090080 ...time: 55.311002016067505
Fin; energy prediction...time: 1290.6881222724915
Egy stat [-53.371098, -45.30737, -49.405777, 0.8808721]
Start for  6_1_3_6 [118/455]
Fin;generate all combinations 6726720 ...time: 14.190969467163086
Fin; energy prediction...time: 873.6110627651215
Egy stat [-49.225555, -41.45893, -45.45966, 0.82498497]
Start for  6_1_2_7 [119/455]
Fin;generate all combinations 2882880 ...time: 5.774341821670532
Fin; energy prediction...time: 392.65298104286194
Egy stat [-44.95038, -38.50531, -41.668495, 0.7378685]
Start for  6_1_1_8 [120/455]
Fin;generate all combinations 720720 ...time: 1.9669182300567627
Fin; energy prediction...time: 96.66698265075684
Egy stat [-40.656258, -35.4147, -37.938976, 0.6335328]
Start for  5_9_1_1 [121/455]
Fin;generate all combinations 480480 ...time: 1.0254576206207275
Fin; energy prediction...time: 66.46213245391846
Egy stat [-59.860275, -55.69769, -57.856884, 0.43695903]
Start for  5_8_2_1 [122/455]
Fin;generate all combinations 2162160 ...time: 12.469679594039917
Fin; energy prediction...time: 273.82171511650085
Egy stat [-60.85696, -56.414, -59.00508, 0.53924006]
Start for  5_8_1_2 [123/455]
Fin;generate all combinations 2162160 ...time: 12.99135422706604
Fin; energy prediction...time: 283.28898096084595
Egy stat [-57.03667, -51.623398, -54.703255, 0.47150004]
Start for  5_7_3_1 [124/455]
Fin;generate all combinations 5765760 ...time: 27.909592390060425
Fin; energy prediction...time: 732.4281492233276
Egy stat [-62.396614, -56.81165, -60.02677, 0.66116434]
Start for  5_7_2_2 [125/455]
Fin;generate all combinations 8648640 ...time: 40.17404103279114
Fin; energy prediction...time: 1098.749951839447
Egy stat [-57.93969, -52.864716, -55.7411, 0.5884173]
Start for  5_7_1_3 [126/455]
Fin;generate all combinations 5765760 ...time: 10.555427551269531
Fin; energy prediction...time: 751.0282049179077
Egy stat [-54.051132, -48.47624, -51.49778, 0.51298106]
Start for  5_6_4_1 [127/455]
Fin;generate all combinations 10090080 ...time: 37.94132041931152
Fin; energy prediction...time: 1276.113646030426
Egy stat [-63.436127, -57.619156, -61.01274, 0.7382404]
Start for  5_6_3_2 [128/455]
Fin;generate all combinations 20180160 ...time: 87.77348351478577
Fin; energy prediction...time: 2544.161773920059
Egy stat [-59.35896, -53.201412, -56.659176, 0.7066826]
Start for  5_6_2_3 [129/455]
Fin;generate all combinations 20180160 ...time: 84.3360013961792
Fin; energy prediction...time: 2556.68288064003
Egy stat [-54.96255, -49.481514, -52.442593, 0.62916386]
Start for  5_6_1_4 [130/455]
Fin;generate all combinations 10090080 ...time: 54.74120759963989
Fin; energy prediction...time: 1292.6478555202484
Egy stat [-51.07742, -45.172333, -48.264214, 0.5553062]
Start for  5_5_5_1 [131/455]
Fin;generate all combinations 12108096 ...time: 47.842076539993286
Fin; energy prediction...time: 1535.0184116363525
Egy stat [-64.40944, -58.55311, -62.024208, 0.7559369]
Start for  5_5_4_2 [132/455]
Fin;generate all combinations 30270240 ...time: 125.00993323326111
Fin; energy prediction...time: 3804.7971937656403
Egy stat [-60.435005, -53.835052, -57.53993, 0.7821834]
Start for  5_5_3_3 [133/455]
Fin;generate all combinations 40360320 ...time: 181.6559135913849
Fin; energy prediction...time: 5051.482859373093
Egy stat [-56.404327, -49.687347, -53.270576, 0.7384317]
Start for  5_5_2_4 [134/455]
Fin;generate all combinations 30270240 ...time: 125.39037775993347
Fin; energy prediction...time: 3897.953184604645
Egy stat [-52.057373, -45.880665, -49.132286, 0.6632264]
Start for  5_5_1_5 [135/455]
Fin;generate all combinations 12108096 ...time: 85.2918393611908
Fin; energy prediction...time: 1521.076266527176
Egy stat [-48.0044, -41.960556, -45.02646, 0.5945593]
Start for  5_4_6_1 [136/455]
Fin;generate all combinations 10090080 ...time: 70.39943766593933
Fin; energy prediction...time: 1287.8413469791412
Egy stat [-65.51103, -59.414852, -63.09306, 0.7270603]
Start for  5_4_5_2 [137/455]
Fin;generate all combinations 30270240 ...time: 140.03493070602417
Fin; energy prediction...time: 3807.217877626419
Egy stat [-61.361355, -54.47604, -58.43699, 0.8085085]
Start for  5_4_4_3 [138/455]
Fin;generate all combinations 50450400 ...time: 267.3786127567291
Fin; energy prediction...time: 6378.697562932968
Egy stat [-57.439144, -50.206646, -54.05671, 0.8112191]
Start for  5_4_3_4 [139/455]
Fin;generate all combinations 50450400 ...time: 210.95883989334106
Fin; energy prediction...time: 6447.2140901088715
Egy stat [-53.23828, -46.386673, -49.883125, 0.7627429]
Start for  5_4_2_5 [140/455]
Fin;generate all combinations 30270240 ...time: 167.4021282196045
Fin; energy prediction...time: 3897.526609182358
Egy stat [-49.033764, -42.37587, -45.833057, 0.6926453]
Start for  5_4_1_6 [141/455]
Fin;generate all combinations 10090080 ...time: 23.575560569763184
Fin; energy prediction...time: 1358.1072361469269
Egy stat [-44.853546, -38.586205, -41.807262, 0.62872857]
Start for  5_3_7_1 [142/455]
Fin;generate all combinations 5765760 ...time: 11.759608745574951
Fin; energy prediction...time: 721.7295207977295
Egy stat [-66.75009, -60.860554, -64.22548, 0.6766686]
Start for  5_3_6_2 [143/455]
Fin;generate all combinations 20180160 ...time: 91.3812894821167
Fin; energy prediction...time: 2587.1875755786896
Egy stat [-62.4891, -55.489727, -59.376343, 0.7995756]
Start for  5_3_5_3 [144/455]
Fin;generate all combinations 40360320 ...time: 205.81729125976562
Fin; energy prediction...time: 5043.901189088821
Egy stat [-58.26093, -50.561157, -54.847427, 0.8466148]
Start for  5_3_4_4 [145/455]
Fin;generate all combinations 50450400 ...time: 262.44904828071594
Fin; energy prediction...time: 6464.747336387634
Egy stat [-54.454826, -46.655727, -50.584194, 0.8351494]
Start for  5_3_3_5 [146/455]
Fin;generate all combinations 40360320 ...time: 281.11669921875
Fin; energy prediction...time: 5143.934824466705
Egy stat [-50.084396, -42.934387, -46.51875, 0.7851996]
Start for  5_3_2_6 [147/455]
Fin;generate all combinations 20180160 ...time: 131.0930745601654
Fin; energy prediction...time: 2586.8817439079285
Egy stat [-45.935684, -39.28566, -42.566635, 0.7198721]
Start for  5_3_1_7 [148/455]
Fin;generate all combinations 5765760 ...time: 60.36271119117737
Fin; energy prediction...time: 749.268723487854
Egy stat [-41.70414, -35.741657, -38.626873, 0.6579164]
Start for  5_2_8_1 [149/455]
Fin;generate all combinations 2162160 ...time: 5.3335676193237305
Fin; energy prediction...time: 296.44681882858276
Egy stat [-67.56612, -62.07977, -65.40937, 0.6282259]
Start for  5_2_7_2 [150/455]
Fin;generate all combinations 8648640 ...time: 51.34211826324463
Fin; energy prediction...time: 1100.3388812541962
Egy stat [-63.73685, -56.561714, -60.360485, 0.7767553]
Start for  5_2_6_3 [151/455]
Fin;generate all combinations 20180160 ...time: 94.52824330329895
Fin; energy prediction...time: 2530.9652614593506
Egy stat [-59.44102, -51.771004, -55.663555, 0.8586212]
Start for  5_2_5_4 [152/455]
Fin;generate all combinations 30270240 ...time: 147.8617947101593
Fin; energy prediction...time: 3797.228882789612
Egy stat [-55.271652, -47.22016, -51.27613, 0.8832766]
Start for  5_2_4_5 [153/455]
Fin;generate all combinations 30270240 ...time: 182.90658974647522
Fin; energy prediction...time: 3933.7726821899414
Egy stat [-51.287136, -43.302864, -47.14404, 0.86187726]
Start for  5_2_3_6 [154/455]
Fin;generate all combinations 20180160 ...time: 38.909729957580566
Fin; energy prediction...time: 2606.2921481132507
Egy stat [-47.15998, -39.324837, -43.19817, 0.8108247]
Start for  5_2_2_7 [155/455]
Fin;generate all combinations 8648640 ...time: 18.184487104415894
Fin; energy prediction...time: 1160.8696656227112
Egy stat [-43.018005, -35.94034, -39.352207, 0.7483236]
Start for  5_2_1_8 [156/455]
Fin;generate all combinations 2162160 ...time: 5.287342548370361
Fin; energy prediction...time: 278.87678694725037
Egy stat [-38.68894, -32.333466, -35.502193, 0.68464184]
Start for  5_1_9_1 [157/455]
Fin;generate all combinations 480480 ...time: 1.5803377628326416
Fin; energy prediction...time: 71.57247829437256
Egy stat [-68.709076, -64.06022, -66.62266, 0.5932774]
Start for  5_1_8_2 [158/455]
Fin;generate all combinations 2162160 ...time: 3.647160530090332
Fin; energy prediction...time: 275.2368416786194
Egy stat [-64.59367, -57.870213, -61.37661, 0.7579359]
Start for  5_1_7_3 [159/455]
Fin;generate all combinations 5765760 ...time: 32.822288513183594
Fin; energy prediction...time: 728.2879195213318
Egy stat [-60.59139, -52.66208, -56.50555, 0.86523944]
Start for  5_1_6_4 [160/455]
Fin;generate all combinations 10090080 ...time: 55.68801474571228
Fin; energy prediction...time: 1287.5376887321472
Egy stat [-56.442387, -48.078514, -51.97549, 0.9201241]
Start for  5_1_5_5 [161/455]
Fin;generate all combinations 12108096 ...time: 73.78260397911072
Fin; energy prediction...time: 1524.6865756511688
Egy stat [-52.303757, -43.515556, -47.744213, 0.92763674]
Start for  5_1_4_6 [162/455]
Fin;generate all combinations 10090080 ...time: 55.95512270927429
Fin; energy prediction...time: 1295.2698240280151
Egy stat [-48.153816, -39.422688, -43.75629, 0.89743096]
Start for  5_1_3_7 [163/455]
Fin;generate all combinations 5765760 ...time: 31.971333742141724
Fin; energy prediction...time: 755.1305627822876
Egy stat [-43.985798, -36.15518, -39.93993, 0.84450716]
Start for  5_1_2_8 [164/455]
Fin;generate all combinations 2162160 ...time: 4.528521299362183
Fin; energy prediction...time: 289.447541475296
Egy stat [-39.777927, -32.576622, -36.2055, 0.78284043]
Start for  5_1_1_9 [165/455]
Fin;generate all combinations 480480 ...time: 1.2140190601348877
Fin; energy prediction...time: 70.28445148468018
Egy stat [-35.199017, -29.882402, -32.445915, 0.7135896]
Start for  4_10_1_1 [166/455]
Fin;generate all combinations 240240 ...time: 0.5737590789794922
Fin; energy prediction...time: 39.35377764701843
Egy stat [-57.269688, -53.460735, -55.47858, 0.50980145]
Start for  4_9_2_1 [167/455]
Fin;generate all combinations 1201200 ...time: 4.754208326339722
Fin; energy prediction...time: 158.89352321624756
Egy stat [-58.96918, -53.959457, -56.77581, 0.4859217]
Start for  4_9_1_2 [168/455]
Fin;generate all combinations 1201200 ...time: 7.499399185180664
Fin; energy prediction...time: 159.78180480003357
Egy stat [-54.371365, -50.020786, -52.410957, 0.5003873]
Start for  4_8_3_1 [169/455]
Fin;generate all combinations 3603600 ...time: 21.51801085472107
Fin; energy prediction...time: 463.0820360183716
Egy stat [-59.792206, -55.396786, -57.84368, 0.55720496]
Start for  4_8_2_2 [170/455]
Fin;generate all combinations 5405400 ...time: 26.621123552322388
Fin; energy prediction...time: 683.2636804580688
Egy stat [-56.039284, -49.861988, -53.579624, 0.51895857]
Start for  4_8_1_3 [171/455]
Fin;generate all combinations 3603600 ...time: 21.668443202972412
Fin; energy prediction...time: 459.9660758972168
Egy stat [-51.54134, -46.651085, -49.263523, 0.51822335]
Start for  4_7_4_1 [172/455]
Fin;generate all combinations 7207200 ...time: 26.93105435371399
Fin; energy prediction...time: 913.2153923511505
Egy stat [-61.318966, -54.971245, -58.79882, 0.6587348]
Start for  4_7_3_2 [173/455]
Fin;generate all combinations 14414400 ...time: 50.14184784889221
Fin; energy prediction...time: 1837.1451983451843
Egy stat [-56.874012, -51.734386, -54.5335, 0.60769933]
Start for  4_7_2_3 [174/455]
Fin;generate all combinations 14414400 ...time: 52.52306604385376
Fin; energy prediction...time: 1841.617362499237
Egy stat [-53.152107, -46.67436, -50.32388, 0.56423247]
Start for  4_7_1_4 [175/455]
Fin;generate all combinations 7207200 ...time: 15.946101427078247
Fin; energy prediction...time: 928.9601781368256
Egy stat [-48.61525, -42.80447, -46.059975, 0.55459154]
Start for  4_6_5_1 [176/455]
Fin;generate all combinations 10090080 ...time: 54.12782001495361
Fin; energy prediction...time: 1271.7185966968536
Egy stat [-62.26022, -56.139977, -59.733067, 0.7287969]
Start for  4_6_4_2 [177/455]
Fin;generate all combinations 25225200 ...time: 142.96388125419617
Fin; energy prediction...time: 3180.768987417221
Egy stat [-58.323936, -51.52583, -55.38229, 0.7083588]
Start for  4_6_3_3 [178/455]
Fin;generate all combinations 33633600 ...time: 167.82102298736572
Fin; energy prediction...time: 4281.726852655411
Egy stat [-53.895157, -48.20408, -51.180744, 0.6561064]
Start for  4_6_2_4 [179/455]
Fin;generate all combinations 25225200 ...time: 104.29884171485901
Fin; energy prediction...time: 3216.6542360782623
Egy stat [-50.130383, -43.25454, -47.03149, 0.61498547]
Start for  4_6_1_5 [180/455]
Fin;generate all combinations 10090080 ...time: 23.42695140838623
Fin; energy prediction...time: 1298.5622453689575
Egy stat [-45.550793, -39.80036, -42.824745, 0.60050476]
Start for  4_5_6_1 [181/455]
Fin;generate all combinations 10090080 ...time: 38.937713623046875
Fin; energy prediction...time: 1274.8453421592712
Egy stat [-63.250328, -57.20658, -60.70862, 0.7456032]
Start for  4_5_5_2 [182/455]
Fin;generate all combinations 30270240 ...time: 138.19487500190735
Fin; energy prediction...time: 3863.1172845363617
Egy stat [-59.246967, -52.880337, -56.209305, 0.77766734]
Start for  4_5_4_3 [183/455]
Fin;generate all combinations 50450400 ...time: 210.9787232875824
Fin; energy prediction...time: 6443.850426673889
Egy stat [-55.29993, -48.463573, -51.936253, 0.7498176]
Start for  4_5_3_4 [184/455]
Fin;generate all combinations 50450400 ...time: 307.7842857837677
Fin; energy prediction...time: 6487.319802761078
Egy stat [-50.90963, -44.699604, -47.807228, 0.7026515]
Start for  4_5_2_5 [185/455]
Fin;generate all combinations 30270240 ...time: 159.42932081222534
Fin; energy prediction...time: 4078.239538669586
Egy stat [-47.084454, -40.040092, -43.725822, 0.6672251]
Start for  4_5_1_6 [186/455]
Fin;generate all combinations 10090080 ...time: 23.178385257720947
Fin; energy prediction...time: 1273.2099089622498
Egy stat [-42.382854, -36.48623, -39.581642, 0.64887893]
Start for  4_4_7_1 [187/455]
Fin;generate all combinations 7207200 ...time: 14.23713731765747
Fin; energy prediction...time: 949.7358963489532
Egy stat [-64.18837, -58.17113, -61.75818, 0.7166912]
Start for  4_4_6_2 [188/455]
Fin;generate all combinations 25225200 ...time: 118.12768578529358
Fin; energy prediction...time: 3197.1644344329834
Egy stat [-60.22877, -53.23539, -57.069447, 0.80293787]
Start for  4_4_5_3 [189/455]
Fin;generate all combinations 50450400 ...time: 203.55987000465393
Fin; energy prediction...time: 6246.954580307007
Egy stat [-56.25046, -49.02965, -52.666573, 0.8166418]
Start for  4_4_4_4 [190/455]
Fin;generate all combinations 63063000 ...time: 322.93092584609985
Fin; energy prediction...time: 7906.829463481903
Egy stat [-52.338104, -44.68905, -48.482178, 0.7882063]
Start for  4_4_3_5 [191/455]
Fin;generate all combinations 50450400 ...time: 356.84164929389954
Fin; energy prediction...time: 6406.004150867462
Egy stat [-47.93792, -41.21985, -44.43552, 0.748718]
Start for  4_4_2_6 [192/455]
Fin;generate all combinations 25225200 ...time: 158.44817543029785
Fin; energy prediction...time: 3201.2634451389313
Egy stat [-43.96486, -36.553837, -40.42981, 0.7189047]
Start for  4_4_1_7 [193/455]
Fin;generate all combinations 7207200 ...time: 18.479843854904175
Fin; energy prediction...time: 935.52366065979
Egy stat [-39.437233, -33.152332, -36.352898, 0.69528735]
Start for  4_3_8_1 [194/455]
Fin;generate all combinations 3603600 ...time: 8.7780020236969
Fin; energy prediction...time: 449.71672081947327
Egy stat [-65.17996, -59.121742, -62.888477, 0.66414875]
Start for  4_3_7_2 [195/455]
Fin;generate all combinations 14414400 ...time: 61.54797577857971
Fin; energy prediction...time: 1775.1582255363464
Egy stat [-61.134525, -54.04713, -57.988987, 0.7934373]
Start for  4_3_6_3 [196/455]
Fin;generate all combinations 33633600 ...time: 158.70271253585815
Fin; energy prediction...time: 4205.490239858627
Egy stat [-57.094677, -49.589943, -53.419247, 0.85036176]
Start for  4_3_5_4 [197/455]
Fin;generate all combinations 50450400 ...time: 240.25245642662048
Fin; energy prediction...time: 6305.20631313324
Egy stat [-53.24806, -45.396694, -49.12571, 0.85442907]
Start for  4_3_4_5 [198/455]
Fin;generate all combinations 50450400 ...time: 208.9474663734436
Fin; energy prediction...time: 6340.78021979332
Egy stat [-49.149544, -41.45208, -45.04221, 0.8283687]
Start for  4_3_3_6 [199/455]
Fin;generate all combinations 33633600 ...time: 181.1780457496643
Fin; energy prediction...time: 4295.592408418655
Egy stat [-44.910496, -37.73812, -41.087776, 0.79611486]
Start for  4_3_2_7 [200/455]
Fin;generate all combinations 14414400 ...time: 30.00164008140564
Fin; energy prediction...time: 1860.902061700821
Egy stat [-40.87625, -33.252594, -37.164356, 0.7696908]
Start for  4_3_1_8 [201/455]
Fin;generate all combinations 3603600 ...time: 9.348822116851807
Fin; energy prediction...time: 452.14135098457336
Egy stat [-36.479443, -29.720284, -33.157448, 0.73807645]
Start for  4_2_9_1 [202/455]
Fin;generate all combinations 1201200 ...time: 3.0944156646728516
Fin; energy prediction...time: 153.46369743347168
Egy stat [-66.028534, -61.226482, -64.08761, 0.6105549]
Start for  4_2_8_2 [203/455]
Fin;generate all combinations 5405400 ...time: 24.289809703826904
Fin; energy prediction...time: 683.4721868038177
Egy stat [-62.058575, -54.955692, -58.971478, 0.768084]
Start for  4_2_7_3 [204/455]
Fin;generate all combinations 14414400 ...time: 77.20069479942322
Fin; energy prediction...time: 1791.4679412841797
Egy stat [-58.30769, -50.178402, -54.21578, 0.86090565]
Start for  4_2_6_4 [205/455]
Fin;generate all combinations 25225200 ...time: 105.85897731781006
Fin; energy prediction...time: 3185.2617692947388
Egy stat [-54.142986, -45.670628, -49.77856, 0.899839]
Start for  4_2_5_5 [206/455]
Fin;generate all combinations 30270240 ...time: 160.43381571769714
Fin; energy prediction...time: 3890.9457552433014
Egy stat [-50.262295, -41.77218, -45.60775, 0.8981204]
Start for  4_2_4_6 [207/455]
Fin;generate all combinations 25225200 ...time: 189.02474236488342
Fin; energy prediction...time: 3199.6159512996674
Egy stat [-46.036648, -37.85398, -41.637157, 0.8743473]
Start for  4_2_3_7 [208/455]
Fin;generate all combinations 14414400 ...time: 80.99153447151184
Fin; energy prediction...time: 1907.448040485382
Egy stat [-41.994987, -34.17289, -37.783813, 0.84710526]
Start for  4_2_2_8 [209/455]
Fin;generate all combinations 5405400 ...time: 11.391473770141602
Fin; energy prediction...time: 674.018313407898
Egy stat [-37.92443, -29.57856, -33.947395, 0.82106656]
Start for  4_2_1_9 [210/455]
Fin;generate all combinations 1201200 ...time: 3.564887046813965
Fin; energy prediction...time: 154.52729153633118
Egy stat [-33.149723, -27.13286, -30.010656, 0.7780597]
Start for  4_1_10_1 [211/455]
Fin;generate all combinations 240240 ...time: 0.9243440628051758
Fin; energy prediction...time: 35.15178632736206
Egy stat [-67.127075, -63.05483, -65.332695, 0.5681536]
Start for  4_1_9_2 [212/455]
Fin;generate all combinations 1201200 ...time: 4.083827972412109
Fin; energy prediction...time: 151.1064064502716
Egy stat [-62.903625, -56.762974, -60.00359, 0.74419653]
Start for  4_1_8_3 [213/455]
Fin;generate all combinations 3603600 ...time: 21.253255367279053
Fin; energy prediction...time: 445.5850760936737
Egy stat [-59.036507, -50.948402, -55.05669, 0.86427575]
Start for  4_1_7_4 [214/455]
Fin;generate all combinations 7207200 ...time: 35.527488470077515
Fin; energy prediction...time: 911.7885916233063
Egy stat [-55.364765, -46.517075, -50.458454, 0.93398833]
Start for  4_1_6_5 [215/455]
Fin;generate all combinations 10090080 ...time: 50.09767270088196
Fin; energy prediction...time: 1269.0143387317657
Egy stat [-51.303173, -41.780815, -46.16831, 0.9596742]
Start for  4_1_5_6 [216/455]
Fin;generate all combinations 10090080 ...time: 46.521626710891724
Fin; energy prediction...time: 1272.5732245445251
Egy stat [-47.040154, -37.982067, -42.13371, 0.9526026]
Start for  4_1_4_7 [217/455]
Fin;generate all combinations 7207200 ...time: 13.932105541229248
Fin; energy prediction...time: 910.9051911830902
Egy stat [-42.9809, -34.33539, -38.28643, 0.9294646]
Start for  4_1_3_8 [218/455]
Fin;generate all combinations 3603600 ...time: 21.42096996307373
Fin; energy prediction...time: 456.8298192024231
Egy stat [-38.86924, -30.56874, -34.54069, 0.9047593]
Start for  4_1_2_9 [219/455]
Fin;generate all combinations 1201200 ...time: 8.838356018066406
Fin; energy prediction...time: 156.16907453536987
Egy stat [-34.282608, -27.209959, -30.793083, 0.8761791]
Start for  4_1_1_10 [220/455]
Fin;generate all combinations 240240 ...time: 0.7238976955413818
Fin; energy prediction...time: 34.201141595840454
Egy stat [-29.955332, -24.2958, -26.923513, 0.8176262]
Start for  3_11_1_1 [221/455]
Fin;generate all combinations 87360 ...time: 0.2886984348297119
Fin; energy prediction...time: 14.68257451057434
Egy stat [-55.48981, -50.30788, -52.911743, 0.6681503]
Start for  3_10_2_1 [222/455]
Fin;generate all combinations 480480 ...time: 1.0887277126312256
Fin; energy prediction...time: 63.36457562446594
Egy stat [-56.344513, -51.77103, -54.480064, 0.6013142]
Start for  3_10_1_2 [223/455]
Fin;generate all combinations 480480 ...time: 2.749995231628418
Fin; energy prediction...time: 62.783053398132324
Egy stat [-52.69334, -46.821434, -49.96408, 0.6353669]
Start for  3_9_3_1 [224/455]
Fin;generate all combinations 1601600 ...time: 6.436748743057251
Fin; energy prediction...time: 199.8879177570343
Egy stat [-58.05401, -52.924385, -55.698006, 0.5512102]
Start for  3_9_2_2 [225/455]
Fin;generate all combinations 2402400 ...time: 9.742312908172607
Fin; energy prediction...time: 294.01895904541016
Egy stat [-53.428978, -48.59143, -51.379986, 0.59612215]
Start for  3_9_1_3 [226/455]
Fin;generate all combinations 1601600 ...time: 13.104260683059692
Fin; energy prediction...time: 199.2282145023346
Egy stat [-49.870945, -43.754284, -46.90793, 0.62743956]
Start for  3_8_4_1 [227/455]
Fin;generate all combinations 3603600 ...time: 14.393171072006226
Fin; energy prediction...time: 445.52587485313416
Egy stat [-58.68298, -53.54405, -56.699135, 0.5772873]
Start for  3_8_3_2 [228/455]
Fin;generate all combinations 7207200 ...time: 29.75058341026306
Fin; energy prediction...time: 923.7780740261078
Egy stat [-55.094868, -48.97463, -52.465317, 0.58160144]
Start for  3_8_2_3 [229/455]
Fin;generate all combinations 7207200 ...time: 36.640419244766235
Fin; energy prediction...time: 885.8911573886871
Egy stat [-50.54095, -44.951164, -48.19365, 0.6172673]
Start for  3_8_1_4 [230/455]
Fin;generate all combinations 3603600 ...time: 18.69626259803772
Fin; energy prediction...time: 450.5445957183838
Egy stat [-47.042988, -39.8307, -43.7662, 0.6407214]
Start for  3_7_5_1 [231/455]
Fin;generate all combinations 5765760 ...time: 23.165427684783936
Fin; energy prediction...time: 721.2084400653839
Egy stat [-60.21456, -53.872902, -57.600983, 0.6522138]
Start for  3_7_4_2 [232/455]
Fin;generate all combinations 14414400 ...time: 55.56141686439514
Fin; energy prediction...time: 1796.7052614688873
Egy stat [-55.722614, -49.979992, -53.349174, 0.6275024]
Start for  3_7_3_3 [233/455]
Fin;generate all combinations 19219200 ...time: 99.53185653686523
Fin; energy prediction...time: 2420.515261888504
Egy stat [-52.13917, -45.602, -49.165936, 0.6286388]
Start for  3_7_2_4 [234/455]
Fin;generate all combinations 14414400 ...time: 24.085357189178467
Fin; energy prediction...time: 1841.941963672638
Egy stat [-47.59543, -41.563717, -44.94351, 0.65653855]
Start for  3_7_1_5 [235/455]
Fin;generate all combinations 5765760 ...time: 37.15788412094116
Fin; energy prediction...time: 716.2552189826965
Egy stat [-44.24397, -36.94069, -40.56334, 0.6695823]
Start for  3_6_6_1 [236/455]
Fin;generate all combinations 6726720 ...time: 33.85885000228882
Fin; energy prediction...time: 830.2295558452606
Egy stat [-61.037743, -54.406788, -58.496166, 0.7129758]
Start for  3_6_5_2 [237/455]
Fin;generate all combinations 20180160 ...time: 85.83127617835999
Fin; energy prediction...time: 2508.547814846039
Egy stat [-57.18078, -50.265903, -54.141827, 0.70418566]
Start for  3_6_4_3 [238/455]
Fin;generate all combinations 33633600 ...time: 170.832359790802
Fin; energy prediction...time: 4176.914649486542
Egy stat [-52.76288, -46.497242, -49.948853, 0.68193674]
Start for  3_6_3_4 [239/455]
Fin;generate all combinations 33633600 ...time: 133.2427613735199
Fin; energy prediction...time: 4233.264551639557
Egy stat [-49.221413, -42.19526, -45.821907, 0.68456256]
Start for  3_6_2_5 [240/455]
Fin;generate all combinations 20180160 ...time: 109.00296401977539
Fin; energy prediction...time: 2591.8928747177124
Egy stat [-44.68856, -38.0365, -41.65344, 0.7066511]
Start for  3_6_1_6 [241/455]
Fin;generate all combinations 6726720 ...time: 15.977157354354858
Fin; energy prediction...time: 863.838721036911
Egy stat [-41.027206, -33.694214, -37.32399, 0.70764035]
Start for  3_5_7_1 [242/455]
Fin;generate all combinations 5765760 ...time: 24.6935613155365
Fin; energy prediction...time: 732.5787987709045
Egy stat [-61.639805, -55.518208, -59.447845, 0.72764003]
Start for  3_5_6_2 [243/455]
Fin;generate all combinations 20180160 ...time: 84.92857050895691
Fin; energy prediction...time: 2561.747891187668
Egy stat [-58.025455, -50.977753, -54.928017, 0.7647139]
Start for  3_5_5_3 [244/455]
Fin;generate all combinations 40360320 ...time: 190.19911932945251
Fin; energy prediction...time: 5082.400269031525
Egy stat [-54.19753, -47.041553, -50.645584, 0.7539292]
Start for  3_5_4_4 [245/455]
Fin;generate all combinations 50450400 ...time: 279.1688656806946
Fin; energy prediction...time: 6340.341988325119
Egy stat [-49.76751, -42.92115, -46.519474, 0.73851186]
Start for  3_5_3_5 [246/455]
Fin;generate all combinations 40360320 ...time: 293.78278517723083
Fin; energy prediction...time: 5210.93646812439
Egy stat [-46.19013, -38.78968, -42.455803, 0.7451053]
Start for  3_5_2_6 [247/455]
Fin;generate all combinations 20180160 ...time: 124.90087556838989
Fin; energy prediction...time: 2621.1277430057526
Egy stat [-41.677147, -34.69855, -38.346985, 0.76206535]
Start for  3_5_1_7 [248/455]
Fin;generate all combinations 5765760 ...time: 14.137365818023682
Fin; energy prediction...time: 751.3438160419464
Egy stat [-37.689705, -30.424784, -34.07158, 0.7491786]
Start for  3_4_8_1 [249/455]
Fin;generate all combinations 3603600 ...time: 19.828433752059937
Fin; energy prediction...time: 477.5218274593353
Egy stat [-62.619747, -56.405754, -60.48924, 0.6972677]
Start for  3_4_7_2 [250/455]
Fin;generate all combinations 14414400 ...time: 57.38258218765259
Fin; energy prediction...time: 1795.9007337093353
Egy stat [-58.63405, -51.502842, -55.763054, 0.7874515]
Start for  3_4_6_3 [251/455]
Fin;generate all combinations 33633600 ...time: 149.48527002334595
Fin; energy prediction...time: 4198.544331550598
Egy stat [-54.973866, -47.38584, -51.332962, 0.81211245]
Start for  3_4_5_4 [252/455]
Fin;generate all combinations 50450400 ...time: 243.85835456848145
Fin; energy prediction...time: 6275.286222219467
Egy stat [-51.186047, -43.23472, -47.132637, 0.804465]
Start for  3_4_4_5 [253/455]
Fin;generate all combinations 50450400 ...time: 305.4175479412079
Fin; energy prediction...time: 6483.434084177017
Egy stat [-46.751793, -39.33336, -43.082935, 0.7975869]
Start for  3_4_3_6 [254/455]
Fin;generate all combinations 33633600 ...time: 64.0944471359253
Fin; energy prediction...time: 4343.043877840042
Egy stat [-42.983677, -35.25704, -39.090534, 0.80816436]
Start for  3_4_2_7 [255/455]
Fin;generate all combinations 14414400 ...time: 30.809769868850708
Fin; energy prediction...time: 1833.3531351089478
Egy stat [-38.697937, -31.386898, -35.046543, 0.8191773]
Start for  3_4_1_8 [256/455]
Fin;generate all combinations 3603600 ...time: 38.595884561538696
Fin; energy prediction...time: 455.5043611526489
Egy stat [-34.313572, -26.979715, -30.827082, 0.79015034]
Start for  3_3_9_1 [257/455]
Fin;generate all combinations 1601600 ...time: 13.515605926513672
Fin; energy prediction...time: 213.2036669254303
Egy stat [-63.664227, -58.233112, -61.62763, 0.6407203]
Start for  3_3_8_2 [258/455]
Fin;generate all combinations 7207200 ...time: 35.53334331512451
Fin; energy prediction...time: 900.5926578044891
Egy stat [-59.444515, -52.33873, -56.674065, 0.7759485]
Start for  3_3_7_3 [259/455]
Fin;generate all combinations 19219200 ...time: 105.39209198951721
Fin; energy prediction...time: 2393.28999876976
Egy stat [-55.740116, -48.094643, -52.059628, 0.84263575]
Start for  3_3_6_4 [260/455]
Fin;generate all combinations 33633600 ...time: 184.5327479839325
Fin; energy prediction...time: 4155.336985588074
Egy stat [-51.974945, -43.775543, -47.730995, 0.8620601]
Start for  3_3_5_5 [261/455]
Fin;generate all combinations 40360320 ...time: 247.37046575546265
Fin; energy prediction...time: 5077.613249778748
Egy stat [-48.21056, -40.118984, -43.624485, 0.85955113]
Start for  3_3_4_6 [262/455]
Fin;generate all combinations 33633600 ...time: 235.63517308235168
Fin; energy prediction...time: 4309.751583099365
Egy stat [-43.784344, -35.700455, -39.661415, 0.8603257]
Start for  3_3_3_7 [263/455]
Fin;generate all combinations 19219200 ...time: 104.49190044403076
Fin; energy prediction...time: 2478.868241786957
Egy stat [-39.89633, -31.944374, -35.747585, 0.87310153]
Start for  3_3_2_8 [264/455]
Fin;generate all combinations 7207200 ...time: 18.419177532196045
Fin; energy prediction...time: 933.5602431297302
Egy stat [-35.78479, -27.841772, -31.771923, 0.876399]
Start for  3_3_1_9 [265/455]
Fin;generate all combinations 1601600 ...time: 4.355256080627441
Fin; energy prediction...time: 205.32835936546326
Egy stat [-31.000536, -24.497025, -27.608011, 0.82857585]
Start for  3_2_10_1 [266/455]
Fin;generate all combinations 480480 ...time: 1.5322301387786865
Fin; energy prediction...time: 70.18247699737549
Egy stat [-64.58064, -60.2452, -62.8509, 0.5798062]
Start for  3_2_9_2 [267/455]
Fin;generate all combinations 2402400 ...time: 4.418200492858887
Fin; energy prediction...time: 309.77859711647034
Egy stat [-60.460903, -54.02765, -57.66475, 0.7464616]
Start for  3_2_8_3 [268/455]
Fin;generate all combinations 7207200 ...time: 40.965798139572144
Fin; energy prediction...time: 892.4218013286591
Egy stat [-56.479504, -48.3988, -52.847363, 0.8504155]
Start for  3_2_7_4 [269/455]
Fin;generate all combinations 14414400 ...time: 77.16361546516418
Fin; energy prediction...time: 1811.4353392124176
Egy stat [-52.950344, -44.415604, -48.35696, 0.90344924]
Start for  3_2_6_5 [270/455]
Fin;generate all combinations 20180160 ...time: 110.88240623474121
Fin; energy prediction...time: 2565.5763573646545
Egy stat [-48.951225, -40.433403, -44.14317, 0.92056817]
Start for  3_2_5_6 [271/455]
Fin;generate all combinations 20180160 ...time: 79.74603462219238
Fin; energy prediction...time: 2544.2130930423737
Egy stat [-45.035213, -36.474968, -40.142445, 0.92233306]
Start for  3_2_4_7 [272/455]
Fin;generate all combinations 14414400 ...time: 72.03032970428467
Fin; energy prediction...time: 1814.7089366912842
Egy stat [-40.969513, -32.10003, -36.275497, 0.9281795]
Start for  3_2_3_8 [273/455]
Fin;generate all combinations 7207200 ...time: 50.10472321510315
Fin; energy prediction...time: 911.2335903644562
Egy stat [-37.016457, -28.189121, -32.44569, 0.9406502]
Start for  3_2_2_9 [274/455]
Fin;generate all combinations 2402400 ...time: 6.149225950241089
Fin; energy prediction...time: 316.20587944984436
Egy stat [-32.265175, -24.589792, -28.539583, 0.9340774]
Start for  3_2_1_10 [275/455]
Fin;generate all combinations 480480 ...time: 1.390101432800293
Fin; energy prediction...time: 67.55861949920654
Egy stat [-27.794758, -21.00837, -24.427965, 0.86425674]
Start for  3_1_11_1 [276/455]
Fin;generate all combinations 87360 ...time: 0.5611083507537842
Fin; energy prediction...time: 18.851203203201294
Egy stat [-65.56831, -62.07252, -64.1356, 0.5276797]
Start for  3_1_10_2 [277/455]
Fin;generate all combinations 480480 ...time: 0.8858184814453125
Fin; energy prediction...time: 65.96677303314209
Egy stat [-61.356697, -55.73702, -58.72161, 0.71583754]
Start for  3_1_9_3 [278/455]
Fin;generate all combinations 1601600 ...time: 6.876250982284546
Fin; energy prediction...time: 200.8984179496765
Egy stat [-57.214813, -49.879543, -53.69708, 0.84925383]
Start for  3_1_8_4 [279/455]
Fin;generate all combinations 3603600 ...time: 18.236493825912476
Fin; energy prediction...time: 446.92366218566895
Egy stat [-53.60059, -44.97956, -49.02815, 0.933902]
Start for  3_1_7_5 [280/455]
Fin;generate all combinations 5765760 ...time: 26.564746141433716
Fin; energy prediction...time: 708.702752828598
Egy stat [-50.063103, -40.574173, -44.675842, 0.97715515]
Start for  3_1_6_6 [281/455]
Fin;generate all combinations 6726720 ...time: 43.158926248550415
Fin; energy prediction...time: 831.872124671936
Egy stat [-46.02497, -36.76131, -40.590195, 0.99151796]
Start for  3_1_5_7 [282/455]
Fin;generate all combinations 5765760 ...time: 23.885202646255493
Fin; energy prediction...time: 739.2388083934784
Egy stat [-41.953392, -32.901436, -36.706585, 0.99500036]
Start for  3_1_4_8 [283/455]
Fin;generate all combinations 3603600 ...time: 18.098140001296997
Fin; energy prediction...time: 460.1311299800873
Egy stat [-37.950485, -28.200367, -32.94316, 1.0030423]
Start for  3_1_3_9 [284/455]
Fin;generate all combinations 1601600 ...time: 11.888174533843994
Fin; energy prediction...time: 209.00543475151062
Egy stat [-33.371357, -25.22168, -29.200447, 1.0128888]
Start for  3_1_2_10 [285/455]
Fin;generate all combinations 480480 ...time: 1.2270214557647705
Fin; energy prediction...time: 66.02377820014954
Egy stat [-28.97928, -21.589003, -25.362036, 0.99398416]
Start for  3_1_1_11 [286/455]
Fin;generate all combinations 87360 ...time: 0.2980916500091553
Fin; energy prediction...time: 17.6890606880188
Egy stat [-24.45662, -18.464144, -21.29636, 0.8978229]
Start for  2_12_1_1 [287/455]
Fin;generate all combinations 21840 ...time: 0.08353877067565918
Fin; energy prediction...time: 8.946825504302979
Egy stat [-51.809696, -47.938255, -50.012592, 0.746719]
Start for  2_11_2_1 [288/455]
Fin;generate all combinations 131040 ...time: 0.2077484130859375
Fin; energy prediction...time: 22.045435428619385
Egy stat [-54.763504, -48.64792, -51.98062, 0.77996975]
Start for  2_11_1_2 [289/455]
Fin;generate all combinations 131040 ...time: 0.24344539642333984
Fin; energy prediction...time: 22.39350652694702
Egy stat [-49.172718, -44.865143, -47.21971, 0.7217732]
Start for  2_10_3_1 [290/455]
Fin;generate all combinations 480480 ...time: 2.086188316345215
Fin; energy prediction...time: 65.99064660072327
Egy stat [-55.35761, -50.524, -53.472042, 0.70526105]
Start for  2_10_2_2 [291/455]
Fin;generate all combinations 720720 ...time: 3.1060791015625
Fin; energy prediction...time: 93.17566800117493
Egy stat [-51.842094, -45.199337, -49.010338, 0.7567907]
Start for  2_10_1_3 [292/455]
Fin;generate all combinations 480480 ...time: 2.2308261394500732
Fin; energy prediction...time: 67.22716045379639
Egy stat [-46.483162, -41.77851, -44.290817, 0.7133917]
Start for  2_9_4_1 [293/455]
Fin;generate all combinations 1201200 ...time: 3.7276759147644043
Fin; energy prediction...time: 152.37311434745789
Egy stat [-57.083084, -51.157887, -54.624424, 0.61292166]
Start for  2_9_3_2 [294/455]
Fin;generate all combinations 2402400 ...time: 10.042230129241943
Fin; energy prediction...time: 301.8220102787018
Egy stat [-52.406414, -47.368805, -50.3449, 0.70198363]
Start for  2_9_2_3 [295/455]
Fin;generate all combinations 2402400 ...time: 9.886169910430908
Fin; energy prediction...time: 301.5381746292114
Egy stat [-48.997402, -42.18219, -45.926537, 0.7571833]
Start for  2_9_1_4 [296/455]
Fin;generate all combinations 1201200 ...time: 2.3033370971679688
Fin; energy prediction...time: 154.60813283920288
Egy stat [-43.781998, -38.34436, -41.247086, 0.71866965]
Start for  2_8_5_1 [297/455]
Fin;generate all combinations 2162160 ...time: 6.784711122512817
Fin; energy prediction...time: 275.3681643009186
Egy stat [-57.60413, -52.354523, -55.57211, 0.5897792]
Start for  2_8_4_2 [298/455]
Fin;generate all combinations 5405400 ...time: 27.077393054962158
Fin; energy prediction...time: 670.3437287807465
Egy stat [-54.06782, -47.186604, -51.360836, 0.64006877]
Start for  2_8_3_3 [299/455]
Fin;generate all combinations 7207200 ...time: 39.899827003479004
Fin; energy prediction...time: 890.5715825557709
Egy stat [-49.62429, -43.93277, -47.12569, 0.7250889]
Start for  2_8_2_4 [300/455]
Fin;generate all combinations 5405400 ...time: 36.696720123291016
Fin; energy prediction...time: 673.3660452365875
Egy stat [-46.120056, -38.18215, -42.75077, 0.7759408]
Start for  2_8_1_5 [301/455]
Fin;generate all combinations 2162160 ...time: 14.810834407806396
Fin; energy prediction...time: 275.36548590660095
Egy stat [-41.01277, -34.83719, -38.11221, 0.7347886]
Start for  2_7_6_1 [302/455]
Fin;generate all combinations 2882880 ...time: 13.819844484329224
Fin; energy prediction...time: 367.586008310318
Egy stat [-59.030525, -52.12105, -56.433445, 0.63622487]
Start for  2_7_5_2 [303/455]
Fin;generate all combinations 8648640 ...time: 37.5451762676239
Fin; energy prediction...time: 1073.6547000408173
Egy stat [-54.533253, -48.845272, -52.18811, 0.63848424]
Start for  2_7_4_3 [304/455]
Fin;generate all combinations 14414400 ...time: 69.62225890159607
Fin; energy prediction...time: 1767.6178615093231
Egy stat [-51.07716, -43.84938, -48.02426, 0.6884516]
Start for  2_7_3_4 [305/455]
Fin;generate all combinations 14414400 ...time: 74.94936013221741
Fin; energy prediction...time: 1790.5036523342133
Egy stat [-46.7661, -40.292046, -43.835644, 0.766003]
Start for  2_7_2_5 [306/455]
Fin;generate all combinations 8648640 ...time: 41.00288677215576
Fin; energy prediction...time: 1115.4679625034332
Egy stat [-43.259544, -35.288044, -39.50648, 0.8080851]
Start for  2_7_1_6 [307/455]
Fin;generate all combinations 2882880 ...time: 6.126814126968384
Fin; energy prediction...time: 381.32054448127747
Egy stat [-38.188, -31.270844, -34.910866, 0.7585204]
Start for  2_6_7_1 [308/455]
Fin;generate all combinations 2882880 ...time: 11.573525667190552
Fin; energy prediction...time: 369.3685598373413
Egy stat [-59.628017, -52.9093, -57.30173, 0.6874419]
Start for  2_6_6_2 [309/455]
Fin;generate all combinations 10090080 ...time: 38.86110019683838
Fin; energy prediction...time: 1268.5665793418884
Egy stat [-56.06516, -48.335205, -52.937805, 0.68883896]
Start for  2_6_5_3 [310/455]
Fin;generate all combinations 20180160 ...time: 87.92084336280823
Fin; energy prediction...time: 2514.3904762268066
Egy stat [-51.612194, -45.070705, -48.74705, 0.6983689]
Start for  2_6_4_4 [311/455]
Fin;generate all combinations 25225200 ...time: 130.66542530059814
Fin; energy prediction...time: 3150.36581325531
Egy stat [-48.109486, -40.296295, -44.6353, 0.7485353]
Start for  2_6_3_5 [312/455]
Fin;generate all combinations 20180160 ...time: 137.97533226013184
Fin; energy prediction...time: 2515.091749191284
Egy stat [-43.881493, -36.736694, -40.49771, 0.8182564]
Start for  2_6_2_6 [313/455]
Fin;generate all combinations 10090080 ...time: 62.138381481170654
Fin; energy prediction...time: 1282.357148885727
Egy stat [-40.38585, -31.575048, -36.21787, 0.84909004]
Start for  2_6_1_7 [314/455]
Fin;generate all combinations 2882880 ...time: 7.085352897644043
Fin; energy prediction...time: 361.7004373073578
Egy stat [-35.02763, -28.4252, -31.66738, 0.78628105]
Start for  2_5_8_1 [315/455]
Fin;generate all combinations 2162160 ...time: 11.007278680801392
Fin; energy prediction...time: 286.88016867637634
Egy stat [-60.23314, -53.694176, -58.240635, 0.6997225]
Start for  2_5_7_2 [316/455]
Fin;generate all combinations 8648640 ...time: 38.7265088558197
Fin; energy prediction...time: 1084.0861022472382
Egy stat [-56.485054, -49.488693, -53.695194, 0.73985344]
Start for  2_5_6_3 [317/455]
Fin;generate all combinations 20180160 ...time: 106.76508498191833
Fin; energy prediction...time: 2534.070617198944
Egy stat [-53.031254, -45.128685, -49.397915, 0.74623]
Start for  2_5_5_4 [318/455]
Fin;generate all combinations 30270240 ...time: 128.47091388702393
Fin; energy prediction...time: 3758.469094514847
Egy stat [-48.83563, -41.475487, -45.268726, 0.76403755]
Start for  2_5_4_5 [319/455]
Fin;generate all combinations 30270240 ...time: 176.41211986541748
Fin; energy prediction...time: 3733.435403108597
Egy stat [-45.124084, -36.917515, -41.215942, 0.81535506]
Start for  2_5_3_6 [320/455]
Fin;generate all combinations 20180160 ...time: 103.31609106063843
Fin; energy prediction...time: 2529.0490832328796
Egy stat [-40.98867, -33.105057, -37.135136, 0.8774185]
Start for  2_5_2_7 [321/455]
Fin;generate all combinations 8648640 ...time: 59.394023418426514
Fin; energy prediction...time: 1070.2783102989197
Egy stat [-36.99894, -28.577623, -32.908165, 0.8951163]
Start for  2_5_1_8 [322/455]
Fin;generate all combinations 2162160 ...time: 23.061626195907593
Fin; energy prediction...time: 277.30042028427124
Egy stat [-31.660261, -25.09796, -28.40409, 0.81469834]
Start for  2_4_9_1 [323/455]
Fin;generate all combinations 1201200 ...time: 2.7347497940063477
Fin; energy prediction...time: 162.58202481269836
Egy stat [-61.14612, -55.5595, -59.284042, 0.66688865]
Start for  2_4_8_2 [324/455]
Fin;generate all combinations 5405400 ...time: 31.139034271240234
Fin; energy prediction...time: 679.0321135520935
Egy stat [-57.149746, -49.643192, -54.51627, 0.7594528]
Start for  2_4_7_3 [325/455]
Fin;generate all combinations 14414400 ...time: 79.96645498275757
Fin; energy prediction...time: 1787.3274731636047
Egy stat [-53.309116, -45.602257, -50.054558, 0.7947604]
Start for  2_4_6_4 [326/455]
Fin;generate all combinations 25225200 ...time: 114.11460614204407
Fin; energy prediction...time: 3194.5236456394196
Egy stat [-50.11451, -41.26006, -45.833008, 0.8081929]
Start for  2_4_5_5 [327/455]
Fin;generate all combinations 30270240 ...time: 108.73501110076904
Fin; energy prediction...time: 3777.3145837783813
Egy stat [-45.91783, -37.736626, -41.774708, 0.83435524]
Start for  2_4_4_6 [328/455]
Fin;generate all combinations 25225200 ...time: 122.25946569442749
Fin; energy prediction...time: 3186.5709252357483
Egy stat [-42.093933, -33.247543, -37.788914, 0.8866965]
Start for  2_4_3_7 [329/455]
Fin;generate all combinations 14414400 ...time: 87.09573721885681
Fin; energy prediction...time: 1808.544662475586
Egy stat [-37.900597, -29.58249, -33.770275, 0.9406779]
Start for  2_4_2_8 [330/455]
Fin;generate all combinations 5405400 ...time: 44.84703493118286
Fin; energy prediction...time: 693.9014291763306
Egy stat [-33.56346, -25.038704, -29.598875, 0.94338316]
Start for  2_4_1_9 [331/455]
Fin;generate all combinations 1201200 ...time: 3.4748785495758057
Fin; energy prediction...time: 158.36446523666382
Egy stat [-28.21358, -22.039177, -25.140503, 0.84127915]
Start for  2_3_10_1 [332/455]
Fin;generate all combinations 480480 ...time: 1.3529019355773926
Fin; energy prediction...time: 67.41711664199829
Egy stat [-62.228455, -57.51153, -60.439545, 0.60450214]
Start for  2_3_9_2 [333/455]
Fin;generate all combinations 2402400 ...time: 10.104589223861694
Fin; energy prediction...time: 304.4044418334961
Egy stat [-57.943626, -51.471123, -55.428795, 0.7448344]
Start for  2_3_8_3 [334/455]
Fin;generate all combinations 7207200 ...time: 42.90361142158508
Fin; energy prediction...time: 907.7115213871002
Egy stat [-53.900726, -46.212982, -50.766235, 0.82128954]
Start for  2_3_7_4 [335/455]
Fin;generate all combinations 14414400 ...time: 57.18923234939575
Fin; energy prediction...time: 1809.8694994449615
Egy stat [-50.57652, -42.20986, -46.398838, 0.85615987]
Start for  2_3_6_5 [336/455]
Fin;generate all combinations 20180160 ...time: 101.3275580406189
Fin; energy prediction...time: 2509.813510656357
Egy stat [-47.061756, -38.343422, -42.26426, 0.87689924]
Start for  2_3_5_6 [337/455]
Fin;generate all combinations 20180160 ...time: 80.30686521530151
Fin; energy prediction...time: 2578.5803849697113
Egy stat [-42.90961, -34.249695, -38.286896, 0.9098439]
Start for  2_3_4_7 [338/455]
Fin;generate all combinations 14414400 ...time: 70.82143187522888
Fin; energy prediction...time: 1826.056970357895
Egy stat [-38.923267, -29.851046, -34.375652, 0.961817]
Start for  2_3_3_8 [339/455]
Fin;generate all combinations 7207200 ...time: 52.81492352485657
Fin; energy prediction...time: 922.4106979370117
Egy stat [-34.959953, -25.920622, -30.423714, 1.0066783]
Start for  2_3_2_9 [340/455]
Fin;generate all combinations 2402400 ...time: 5.183434963226318
Fin; energy prediction...time: 303.33213448524475
Egy stat [-30.189829, -21.936296, -26.308325, 0.9924773]
Start for  2_3_1_10 [341/455]
Fin;generate all combinations 480480 ...time: 1.4600486755371094
Fin; energy prediction...time: 68.15600109100342
Egy stat [-24.763577, -18.681229, -21.892374, 0.8647329]
Start for  2_2_11_1 [342/455]
Fin;generate all combinations 131040 ...time: 0.4719877243041992
Fin; energy prediction...time: 24.754511833190918
Egy stat [-63.228844, -59.503788, -61.69487, 0.53373647]
Start for  2_2_10_2 [343/455]
Fin;generate all combinations 720720 ...time: 3.149064064025879
Fin; energy prediction...time: 95.41991686820984
Egy stat [-58.75052, -52.984207, -56.436493, 0.7096081]
Start for  2_2_9_3 [344/455]
Fin;generate all combinations 2402400 ...time: 12.29897165298462
Fin; energy prediction...time: 300.1038091182709
Egy stat [-54.69245, -47.852455, -51.555256, 0.82525337]
Start for  2_2_8_4 [345/455]
Fin;generate all combinations 5405400 ...time: 29.55100965499878
Fin; energy prediction...time: 669.4331238269806
Egy stat [-50.97644, -42.417114, -47.008915, 0.89276767]
Start for  2_2_7_5 [346/455]
Fin;generate all combinations 8648640 ...time: 40.31342363357544
Fin; energy prediction...time: 1087.8710749149323
Egy stat [-47.947506, -38.707516, -42.748302, 0.92849773]
Start for  2_2_6_6 [347/455]
Fin;generate all combinations 10090080 ...time: 40.503865003585815
Fin; energy prediction...time: 1246.796082019806
Egy stat [-44.111057, -34.56089, -38.712677, 0.95460063]
Start for  2_2_5_7 [348/455]
Fin;generate all combinations 8648640 ...time: 43.46784520149231
Fin; energy prediction...time: 1090.7173380851746
Egy stat [-39.955208, -30.723267, -34.826122, 0.99143386]
Start for  2_2_4_8 [349/455]
Fin;generate all combinations 5405400 ...time: 34.75013518333435
Fin; energy prediction...time: 683.0875344276428
Egy stat [-36.10919, -26.042974, -30.995995, 1.0410422]
Start for  2_2_3_9 [350/455]
Fin;generate all combinations 2402400 ...time: 17.167046546936035
Fin; energy prediction...time: 298.92220425605774
Egy stat [-31.366434, -22.910765, -27.112875, 1.0755059]
Start for  2_2_2_10 [351/455]
Fin;generate all combinations 720720 ...time: 6.8051347732543945
Fin; energy prediction...time: 95.6950409412384
Egy stat [-26.860231, -18.381123, -23.051294, 1.0423412]
Start for  2_2_1_11 [352/455]
Fin;generate all combinations 131040 ...time: 0.4514169692993164
Fin; energy prediction...time: 24.63497304916382
Egy stat [-21.189495, -15.853058, -18.671476, 0.884682]
Start for  2_1_12_1 [353/455]
Fin;generate all combinations 21840 ...time: 0.09332942962646484
Fin; energy prediction...time: 9.871789693832397
Egy stat [-64.15065, -61.211426, -63.025818, 0.46884945]
Start for  2_1_11_2 [354/455]
Fin;generate all combinations 131040 ...time: 0.25346899032592773
Fin; energy prediction...time: 22.997880935668945
Egy stat [-59.628105, -54.613636, -57.525707, 0.6703899]
Start for  2_1_10_3 [355/455]
Fin;generate all combinations 480480 ...time: 2.0606470108032227
Fin; energy prediction...time: 66.32676768302917
Egy stat [-55.464985, -49.19211, -52.42249, 0.8183095]
Start for  2_1_9_4 [356/455]
Fin;generate all combinations 1201200 ...time: 5.4278857707977295
Fin; energy prediction...time: 156.48913836479187
Egy stat [-51.620975, -43.93619, -47.68142, 0.91866076]
Start for  2_1_8_5 [357/455]
Fin;generate all combinations 2162160 ...time: 12.472735166549683
Fin; energy prediction...time: 270.8077666759491
Egy stat [-48.146526, -39.221092, -43.264336, 0.97963095]
Start for  2_1_7_6 [358/455]
Fin;generate all combinations 2882880 ...time: 19.926658391952515
Fin; energy prediction...time: 363.66725492477417
Egy stat [-45.063026, -35.45962, -39.123875, 1.0146425]
Start for  2_1_6_7 [359/455]
Fin;generate all combinations 2882880 ...time: 13.839799642562866
Fin; energy prediction...time: 370.1053960323334
Egy stat [-40.944054, -31.085281, -35.198853, 1.042681]
Start for  2_1_5_8 [360/455]
Fin;generate all combinations 2162160 ...time: 4.138611078262329
Fin; energy prediction...time: 276.6197066307068
Egy stat [-37.029385, -26.847704, -31.411545, 1.0802805]
Start for  2_1_4_9 [361/455]
Fin;generate all combinations 1201200 ...time: 6.934752941131592
Fin; energy prediction...time: 157.41203951835632
Egy stat [-32.411377, -22.791843, -27.666637, 1.1257448]
Start for  2_1_3_10 [362/455]
Fin;generate all combinations 480480 ...time: 1.111593246459961
Fin; energy prediction...time: 65.76954197883606
Egy stat [-28.009409, -19.645378, -23.851677, 1.1484658]
Start for  2_1_2_11 [363/455]
Fin;generate all combinations 131040 ...time: 0.34384918212890625
Fin; energy prediction...time: 23.814693450927734
Egy stat [-23.40864, -15.8701725, -19.83861, 1.0937134]
Start for  2_1_1_12 [364/455]
Fin;generate all combinations 21840 ...time: 0.0695948600769043
Fin; energy prediction...time: 9.818620920181274
Egy stat [-17.702055, -12.788175, -15.485734, 0.9008028]
Start for  1_13_1_1 [365/455]
Fin;generate all combinations 3360 ...time: 0.012485265731811523
Fin; energy prediction...time: 7.533359050750732
Egy stat [-47.628975, -44.492737, -46.643936, 0.6313743]
Start for  1_12_2_1 [366/455]
Fin;generate all combinations 21840 ...time: 0.035517215728759766
Fin; energy prediction...time: 9.854503870010376
Egy stat [-51.062065, -46.221836, -49.132404, 0.8834149]
Start for  1_12_1_2 [367/455]
Fin;generate all combinations 21840 ...time: 0.04110121726989746
Fin; energy prediction...time: 9.717673540115356
Egy stat [-45.188557, -41.07676, -44.03617, 0.6395694]
Start for  1_11_3_1 [368/455]
Fin;generate all combinations 87360 ...time: 0.40457868576049805
Fin; energy prediction...time: 18.010700702667236
Egy stat [-53.94396, -47.689144, -51.02736, 0.9137052]
Start for  1_11_2_2 [369/455]
Fin;generate all combinations 131040 ...time: 0.6270015239715576
Fin; energy prediction...time: 23.454983472824097
Egy stat [-48.344383, -43.17973, -46.326576, 0.86722195]
Start for  1_11_1_3 [370/455]
Fin;generate all combinations 87360 ...time: 0.43950438499450684
Fin; energy prediction...time: 17.99810218811035
Egy stat [-42.689957, -38.39386, -41.268196, 0.6578026]
Start for  1_10_4_1 [371/455]
Fin;generate all combinations 240240 ...time: 0.864844799041748
Fin; energy prediction...time: 36.664719581604004
Egy stat [-54.383617, -48.882614, -52.455696, 0.8051401]
Start for  1_10_3_2 [372/455]
Fin;generate all combinations 480480 ...time: 2.4915671348571777
Fin; energy prediction...time: 65.2090356349945
Egy stat [-51.004673, -44.150932, -48.039112, 0.89470315]
Start for  1_10_2_3 [373/455]
Fin;generate all combinations 480480 ...time: 2.4534003734588623
Fin; energy prediction...time: 67.94863677024841
Egy stat [-45.58538, -39.90812, -43.38117, 0.86814266]
Start for  1_10_1_4 [374/455]
Fin;generate all combinations 240240 ...time: 0.4648416042327881
Fin; energy prediction...time: 37.01194882392883
Egy stat [-40.120564, -34.849827, -38.358448, 0.6796673]
Start for  1_9_5_1 [375/455]
Fin;generate all combinations 480480 ...time: 2.5398871898651123
Fin; energy prediction...time: 66.36565232276917
Egy stat [-56.02253, -50.084076, -53.55594, 0.6633668]
Start for  1_9_4_2 [376/455]
Fin;generate all combinations 1201200 ...time: 5.381764888763428
Fin; energy prediction...time: 153.91990900039673
Egy stat [-51.475723, -45.634853, -49.306416, 0.8007746]
Start for  1_9_3_3 [377/455]
Fin;generate all combinations 1601600 ...time: 7.294276475906372
Fin; energy prediction...time: 198.232351064682
Egy stat [-48.04077, -41.27262, -44.9331, 0.89947015]
Start for  1_9_2_4 [378/455]
Fin;generate all combinations 1201200 ...time: 4.943164587020874
Fin; energy prediction...time: 155.99653148651123
Egy stat [-42.78361, -36.7428, -40.315918, 0.8809115]
Start for  1_9_1_5 [379/455]
Fin;generate all combinations 480480 ...time: 3.451373338699341
Fin; energy prediction...time: 67.19677901268005
Egy stat [-37.45384, -31.797483, -35.328773, 0.7022503]
Start for  1_8_6_1 [380/455]
Fin;generate all combinations 720720 ...time: 3.1735787391662598
Fin; energy prediction...time: 94.57112574577332
Egy stat [-56.38912, -50.63649, -54.463142, 0.5894429]
Start for  1_8_5_2 [381/455]
Fin;generate all combinations 2162160 ...time: 10.002367496490479
Fin; energy prediction...time: 273.8460359573364
Egy stat [-53.03713, -46.345284, -50.266724, 0.6858006]
Start for  1_8_4_3 [382/455]
Fin;generate all combinations 3603600 ...time: 14.911015033721924
Fin; energy prediction...time: 450.74726819992065
Egy stat [-48.64574, -42.176994, -46.06013, 0.82464707]
Start for  1_8_3_4 [383/455]
Fin;generate all combinations 3603600 ...time: 19.9682195186615
Fin; energy prediction...time: 444.2711977958679
Egy stat [-45.11886, -37.334038, -41.729332, 0.9212278]
Start for  1_8_2_5 [384/455]
Fin;generate all combinations 2162160 ...time: 10.134971857070923
Fin; energy prediction...time: 276.89617013931274
Egy stat [-39.98841, -33.25589, -37.15332, 0.9020071]
Start for  1_8_1_6 [385/455]
Fin;generate all combinations 720720 ...time: 5.8040711879730225
Fin; energy prediction...time: 98.34618425369263
Egy stat [-34.707787, -27.937016, -32.203014, 0.724156]
Start for  1_7_7_1 [386/455]
Fin;generate all combinations 823680 ...time: 1.4469866752624512
Fin; energy prediction...time: 108.03067421913147
Egy stat [-57.52801, -50.908817, -55.296154, 0.6067354]
Start for  1_7_6_2 [387/455]
Fin;generate all combinations 2882880 ...time: 13.103113412857056
Fin; energy prediction...time: 366.4232714176178
Egy stat [-53.312428, -47.140697, -51.050526, 0.63473326]
Start for  1_7_5_3 [388/455]
Fin;generate all combinations 5765760 ...time: 24.164851188659668
Fin; energy prediction...time: 739.5583384037018
Egy stat [-50.035694, -42.833477, -46.898895, 0.73535407]
Start for  1_7_4_4 [389/455]
Fin;generate all combinations 7207200 ...time: 33.09442353248596
Fin; energy prediction...time: 894.4129092693329
Egy stat [-45.839676, -38.596897, -42.73653, 0.8668689]
Start for  1_7_3_5 [390/455]
Fin;generate all combinations 5765760 ...time: 29.697048902511597
Fin; energy prediction...time: 745.4328796863556
Egy stat [-42.289898, -34.325493, -38.450226, 0.9549462]
Start for  1_7_2_6 [391/455]
Fin;generate all combinations 2882880 ...time: 5.61615777015686
Fin; energy prediction...time: 362.2529273033142
Egy stat [-37.13139, -29.859507, -33.917263, 0.92892265]
Start for  1_7_1_7 [392/455]
Fin;generate all combinations 823680 ...time: 1.9846429824829102
Fin; energy prediction...time: 111.84201383590698
Egy stat [-31.93715, -25.13116, -29.00548, 0.7441568]
Start for  1_6_8_1 [393/455]
Fin;generate all combinations 720720 ...time: 1.3656883239746094
Fin; energy prediction...time: 96.46812915802002
Egy stat [-58.204777, -51.024784, -56.148758, 0.6491538]
Start for  1_6_7_2 [394/455]
Fin;generate all combinations 2882880 ...time: 13.551242351531982
Fin; energy prediction...time: 359.6276578903198
Egy stat [-54.383457, -46.937042, -51.76948, 0.6576017]
Start for  1_6_6_3 [395/455]
Fin;generate all combinations 6726720 ...time: 37.53136730194092
Fin; energy prediction...time: 822.0027415752411
Egy stat [-50.53716, -43.377098, -47.574684, 0.7000484]
Start for  1_6_5_4 [396/455]
Fin;generate all combinations 10090080 ...time: 39.956746339797974
Fin; energy prediction...time: 1238.5596978664398
Egy stat [-47.0078, -39.106987, -43.471607, 0.79960877]
Start for  1_6_4_5 [397/455]
Fin;generate all combinations 10090080 ...time: 54.33714032173157
Fin; energy prediction...time: 1287.9508912563324
Egy stat [-42.94928, -34.97625, -39.3575, 0.9207926]
Start for  1_6_3_6 [398/455]
Fin;generate all combinations 6726720 ...time: 31.56655716896057
Fin; energy prediction...time: 846.5525779724121
Egy stat [-39.289047, -30.75152, -35.119072, 0.99705726]
Start for  1_6_2_7 [399/455]
Fin;generate all combinations 2882880 ...time: 5.632254600524902
Fin; energy prediction...time: 366.90029788017273
Egy stat [-34.18481, -26.30809, -30.631666, 0.95955193]
Start for  1_6_1_8 [400/455]
Fin;generate all combinations 720720 ...time: 1.8851044178009033
Fin; energy prediction...time: 95.79650354385376
Egy stat [-28.793083, -21.92525, -25.759441, 0.7607844]
Start for  1_5_9_1 [401/455]
Fin;generate all combinations 480480 ...time: 2.8505470752716064
Fin; energy prediction...time: 67.38264393806458
Egy stat [-58.85016, -52.908634, -57.085197, 0.6594542]
Start for  1_5_8_2 [402/455]
Fin;generate all combinations 2162160 ...time: 11.039766311645508
Fin; energy prediction...time: 273.01750659942627
Egy stat [-55.057114, -47.47696, -52.50937, 0.69920677]
Start for  1_5_7_3 [403/455]
Fin;generate all combinations 5765760 ...time: 26.481534242630005
Fin; energy prediction...time: 711.6888084411621
Egy stat [-51.180885, -43.637978, -48.192234, 0.7226072]
Start for  1_5_6_4 [404/455]
Fin;generate all combinations 10090080 ...time: 39.70352363586426
Fin; energy prediction...time: 1264.782858133316
Egy stat [-47.753696, -39.638206, -44.054317, 0.77505004]
Start for  1_5_5_5 [405/455]
Fin;generate all combinations 12108096 ...time: 49.02372145652771
Fin; energy prediction...time: 1565.3322277069092
Egy stat [-44.003036, -35.574505, -40.00602, 0.87218684]
Start for  1_5_4_6 [406/455]
Fin;generate all combinations 10090080 ...time: 20.0870258808136
Fin; energy prediction...time: 1347.1603779792786
Egy stat [-40.010307, -31.194124, -35.945724, 0.9824812]
Start for  1_5_3_7 [407/455]
Fin;generate all combinations 5765760 ...time: 36.32872915267944
Fin; energy prediction...time: 746.9292829036713
Egy stat [-36.208275, -27.154549, -31.759096, 1.0449895]
Start for  1_5_2_8 [408/455]
Fin;generate all combinations 2162160 ...time: 4.876505613327026
Fin; energy prediction...time: 272.61090111732483
Egy stat [-30.823679, -23.302044, -27.319006, 0.9920614]
Start for  1_5_1_9 [409/455]
Fin;generate all combinations 480480 ...time: 1.3409924507141113
Fin; energy prediction...time: 71.79504013061523
Egy stat [-25.141434, -18.980173, -22.485842, 0.77260184]
Start for  1_4_10_1 [410/455]
Fin;generate all combinations 240240 ...time: 0.6637451648712158
Fin; energy prediction...time: 38.14810371398926
Egy stat [-59.743366, -54.975147, -58.139774, 0.6234436]
Start for  1_4_9_2 [411/455]
Fin;generate all combinations 1201200 ...time: 6.381264925003052
Fin; energy prediction...time: 154.92143750190735
Egy stat [-55.64573, -49.21521, -53.32675, 0.7155426]
Start for  1_4_8_3 [412/455]
Fin;generate all combinations 3603600 ...time: 20.718897581100464
Fin; energy prediction...time: 443.8584463596344
Egy stat [-51.58943, -43.613255, -48.829597, 0.76113987]
Start for  1_4_7_4 [413/455]
Fin;generate all combinations 7207200 ...time: 41.16850686073303
Fin; energy prediction...time: 909.6790542602539
Egy stat [-48.076855, -39.71301, -44.582462, 0.79644465]
Start for  1_4_6_5 [414/455]
Fin;generate all combinations 10090080 ...time: 40.38941740989685
Fin; energy prediction...time: 1316.2462847232819
Egy stat [-45.002884, -35.874077, -40.509922, 0.8563074]
Start for  1_4_5_6 [415/455]
Fin;generate all combinations 10090080 ...time: 38.91544699668884
Fin; energy prediction...time: 1268.853464603424
Egy stat [-40.98427, -31.827028, -36.524185, 0.95049906]
Start for  1_4_4_7 [416/455]
Fin;generate all combinations 7207200 ...time: 43.10960912704468
Fin; energy prediction...time: 907.1467478275299
Egy stat [-37.077717, -27.570982, -32.523586, 1.049741]
Start for  1_4_3_8 [417/455]
Fin;generate all combinations 3603600 ...time: 24.583808660507202
Fin; energy prediction...time: 482.7105402946472
Egy stat [-32.817554, -23.499882, -28.39197, 1.096979]
Start for  1_4_2_9 [418/455]
Fin;generate all combinations 1201200 ...time: 2.745284080505371
Fin; energy prediction...time: 155.55917358398438
Egy stat [-27.253635, -19.932709, -23.999271, 1.0251299]
Start for  1_4_1_10 [419/455]
Fin;generate all combinations 240240 ...time: 0.7143900394439697
Fin; energy prediction...time: 38.71062684059143
Egy stat [-21.422188, -15.626282, -19.202276, 0.778657]
Start for  1_3_11_1 [420/455]
Fin;generate all combinations 87360 ...time: 0.2535831928253174
Fin; energy prediction...time: 19.305688619613647
Egy stat [-60.84916, -56.896194, -59.32033, 0.55328774]
Start for  1_3_10_2 [421/455]
Fin;generate all combinations 480480 ...time: 0.8991250991821289
Fin; energy prediction...time: 67.1880373954773
Egy stat [-56.340797, -51.19821, -54.249798, 0.6968234]
Start for  1_3_9_3 [422/455]
Fin;generate all combinations 1601600 ...time: 8.4860680103302
Fin; energy prediction...time: 206.99859046936035
Egy stat [-52.217216, -45.32822, -49.53648, 0.7832025]
Start for  1_3_8_4 [423/455]
Fin;generate all combinations 3603600 ...time: 17.94140863418579
Fin; energy prediction...time: 453.2940032482147
Egy stat [-48.53249, -40.1466, -45.12696, 0.8342942]
Start for  1_3_7_5 [424/455]
Fin;generate all combinations 5765760 ...time: 27.511839628219604
Fin; energy prediction...time: 740.836724281311
Egy stat [-45.364246, -36.899937, -40.96014, 0.8788097]
Start for  1_3_6_6 [425/455]
Fin;generate all combinations 6726720 ...time: 43.99590611457825
Fin; energy prediction...time: 883.3767535686493
Egy stat [-42.06766, -32.32431, -36.962914, 0.94352597]
Start for  1_3_5_7 [426/455]
Fin;generate all combinations 5765760 ...time: 27.57637119293213
Fin; energy prediction...time: 728.251690864563
Egy stat [-38.000298, -28.526173, -33.047863, 1.0337898]
Start for  1_3_4_8 [427/455]
Fin;generate all combinations 3603600 ...time: 18.444682121276855
Fin; energy prediction...time: 458.7369508743286
Egy stat [-34.1357, -23.808914, -29.112024, 1.1215593]
Start for  1_3_3_9 [428/455]
Fin;generate all combinations 1601600 ...time: 3.112370491027832
Fin; energy prediction...time: 206.4911003112793
Egy stat [-29.28924, -20.618984, -25.036833, 1.1521633]
Start for  1_3_2_10 [429/455]
Fin;generate all combinations 480480 ...time: 1.0986597537994385
Fin; energy prediction...time: 66.9338846206665
Egy stat [-23.715977, -16.64522, -20.68917, 1.0582055]
Start for  1_3_1_11 [430/455]
Fin;generate all combinations 87360 ...time: 0.2724466323852539
Fin; energy prediction...time: 18.692479372024536
Egy stat [-17.61495, -13.014038, -15.922521, 0.778657]
Start for  1_2_12_1 [431/455]
Fin;generate all combinations 21840 ...time: 0.0710134506225586
Fin; energy prediction...time: 10.215869188308716
Egy stat [-61.8735, -58.886673, -60.614388, 0.46942183]
Start for  1_2_11_2 [432/455]
Fin;generate all combinations 131040 ...time: 0.25551795959472656
Fin; energy prediction...time: 23.576729774475098
Egy stat [-57.19938, -52.687534, -55.282265, 0.6540782]
Start for  1_2_10_3 [433/455]
Fin;generate all combinations 480480 ...time: 2.363192558288574
Fin; energy prediction...time: 67.33414244651794
Egy stat [-53.009403, -46.798283, -50.335705, 0.78238416]
Start for  1_2_9_4 [434/455]
Fin;generate all combinations 1201200 ...time: 5.517569303512573
Fin; energy prediction...time: 153.15950274467468
Egy stat [-49.09943, -41.692802, -45.731422, 0.8655435]
Start for  1_2_8_5 [435/455]
Fin;generate all combinations 2162160 ...time: 12.698433637619019
Fin; energy prediction...time: 271.1901948451996
Egy stat [-45.702484, -36.695934, -41.421085, 0.92063236]
Start for  1_2_7_6 [436/455]
Fin;generate all combinations 2882880 ...time: 16.48695993423462
Fin; energy prediction...time: 371.31709146499634
Egy stat [-42.93853, -33.49946, -37.34629, 0.9708767]
Start for  1_2_6_7 [437/455]
Fin;generate all combinations 2882880 ...time: 15.746496438980103
Fin; energy prediction...time: 375.3176498413086
Egy stat [-39.043877, -28.843353, -33.434525, 1.037311]
Start for  1_2_5_8 [438/455]
Fin;generate all combinations 2162160 ...time: 4.373262882232666
Fin; energy prediction...time: 279.84674406051636
Egy stat [-35.19068, -24.596096, -29.597336, 1.1222334]
Start for  1_2_4_9 [439/455]
Fin;generate all combinations 1201200 ...time: 7.121764183044434
Fin; energy prediction...time: 160.28517079353333
Egy stat [-30.444897, -20.672035, -25.729454, 1.197975]
Start for  1_2_3_10 [440/455]
Fin;generate all combinations 480480 ...time: 1.0856473445892334
Fin; energy prediction...time: 67.124746799469
Egy stat [-25.879623, -17.139112, -21.709558, 1.2106452]
Start for  1_2_2_11 [441/455]
Fin;generate all combinations 131040 ...time: 0.34461188316345215
Fin; energy prediction...time: 24.19149088859558
Egy stat [-20.044067, -13.433091, -17.40161, 1.0914149]
Start for  1_2_1_12 [442/455]
Fin;generate all combinations 21840 ...time: 0.07283568382263184
Fin; energy prediction...time: 10.427454233169556
Egy stat [-13.991912, -9.757913, -12.6565275, 0.7726172]
Start for  1_1_13_1 [443/455]
Fin;generate all combinations 3360 ...time: 0.013523101806640625
Fin; energy prediction...time: 7.728707313537598
Egy stat [-62.81269, -60.73455, -61.996983, 0.3869035]
Start for  1_1_12_2 [444/455]
Fin;generate all combinations 21840 ...time: 0.04419875144958496
Fin; energy prediction...time: 10.122248411178589
Egy stat [-57.99948, -54.379086, -56.41013, 0.60395753]
Start for  1_1_11_3 [445/455]
Fin;generate all combinations 87360 ...time: 0.2956376075744629
Fin; energy prediction...time: 18.394585847854614
Egy stat [-53.728508, -48.29288, -51.22797, 0.7683849]
Start for  1_1_10_4 [446/455]
Fin;generate all combinations 240240 ...time: 1.156102180480957
Fin; energy prediction...time: 37.54142451286316
Egy stat [-49.80706, -43.21878, -46.414104, 0.8860668]
Start for  1_1_9_5 [447/455]
Fin;generate all combinations 480480 ...time: 2.4285385608673096
Fin; energy prediction...time: 67.01868200302124
Egy stat [-46.061554, -38.170464, -41.93069, 0.96583796]
Start for  1_1_8_6 [448/455]
Fin;generate all combinations 720720 ...time: 4.194941282272339
Fin; energy prediction...time: 96.01210856437683
Egy stat [-42.9105, -33.78937, -37.732433, 1.0217683]
Start for  1_1_7_7 [449/455]
Fin;generate all combinations 823680 ...time: 3.401367664337158
Fin; energy prediction...time: 110.6070408821106
Egy stat [-40.026024, -29.65676, -33.761578, 1.0734534]
Start for  1_1_6_8 [450/455]
Fin;generate all combinations 720720 ...time: 5.470744371414185
Fin; energy prediction...time: 96.54658699035645
Egy stat [-36.114864, -24.935493, -29.944538, 1.1384209]
Start for  1_1_5_9 [451/455]
Fin;generate all combinations 480480 ...time: 4.153798818588257
Fin; energy prediction...time: 68.3910264968872
Egy stat [-31.471207, -21.499647, -26.190428, 1.2167777]
Start for  1_1_4_10 [452/455]
Fin;generate all combinations 240240 ...time: 0.5598723888397217
Fin; energy prediction...time: 38.74180245399475
Egy stat [-26.999918, -17.284626, -22.391071, 1.2800045]
Start for  1_1_3_11 [453/455]
Fin;generate all combinations 87360 ...time: 0.21527981758117676
Fin; energy prediction...time: 19.1859450340271
Egy stat [-22.321241, -14.376747, -18.42231, 1.273204]
Start for  1_1_2_12 [454/455]
Fin;generate all combinations 21840 ...time: 0.22236895561218262
Fin; energy prediction...time: 10.134608268737793
Egy stat [-16.51443, -10.582518, -14.14579, 1.125003]
Start for  1_1_1_13 [455/455]
Fin;generate all combinations 3360 ...time: 0.011206865310668945
Fin; energy prediction...time: 7.765172243118286
Egy stat [-10.440857, -7.098389, -9.4108925, 0.7600672]
Saving....
Saved to... Cs_GeHgSnZn_Br.pkl
Total elapsed time... 296770.91616773605
