Summary of calculations
Site name (A,B,C)... Cs Hg,Pb,Sn,Zn Br
Base cif file name... ../0.cif
Save file name... Cs_HgPbSnZn_Br.pkl
Fin; combination with repetition...time: 0.003008604049682617
Start for  13_1_1_1 [1/455]
Fin;generate all combinations 3360 ...time: 0.005125761032104492
Fin; energy prediction...time: 0.6113712787628174
Egy stat [-43.896835, -40.132397, -42.528324, 0.6408555]
Start for  12_2_1_1 [2/455]
Fin;generate all combinations 21840 ...time: 0.07282495498657227
Fin; energy prediction...time: 2.979285478591919
Egy stat [-44.013092, -40.316902, -42.15053, 0.7617617]
Start for  12_1_2_1 [3/455]
Fin;generate all combinations 21840 ...time: 0.08347034454345703
Fin; energy prediction...time: 2.867006540298462
Egy stat [-47.383316, -42.75664, -45.182945, 0.9084745]
Start for  12_1_1_2 [4/455]
Fin;generate all combinations 21840 ...time: 0.03595900535583496
Fin; energy prediction...time: 3.05757212638855
Egy stat [-41.531445, -36.737373, -40.029697, 0.7050814]
Start for  11_3_1_1 [5/455]
Fin;generate all combinations 87360 ...time: 0.276944637298584
Fin; energy prediction...time: 11.111864566802979
Egy stat [-43.803066, -38.50959, -41.634686, 0.74724036]
Start for  11_2_2_1 [6/455]
Fin;generate all combinations 131040 ...time: 0.3813602924346924
Fin; energy prediction...time: 16.360828161239624
Egy stat [-47.155296, -41.07161, -44.4383, 0.85073566]
Start for  11_2_1_2 [7/455]
Fin;generate all combinations 131040 ...time: 0.3780546188354492
Fin; energy prediction...time: 16.389092206954956
Egy stat [-42.11026, -36.80188, -39.560425, 0.83630896]
Start for  11_1_3_1 [8/455]
Fin;generate all combinations 87360 ...time: 0.3329005241394043
Fin; energy prediction...time: 11.112488746643066
Egy stat [-50.505657, -43.70693, -47.244175, 0.95489526]
Start for  11_1_2_2 [9/455]
Fin;generate all combinations 131040 ...time: 0.4404289722442627
Fin; energy prediction...time: 16.446446180343628
Egy stat [-44.904106, -39.28209, -42.48128, 0.9367466]
Start for  11_1_1_3 [10/455]
Fin;generate all combinations 87360 ...time: 0.31163597106933594
Fin; energy prediction...time: 11.008579015731812
Egy stat [-39.03069, -34.087196, -37.371296, 0.77851015]
Start for  10_4_1_1 [11/455]
Fin;generate all combinations 240240 ...time: 0.6515116691589355
Fin; energy prediction...time: 29.754889249801636
Egy stat [-43.01963, -38.491974, -41.065388, 0.67942065]
Start for  10_3_2_1 [12/455]
Fin;generate all combinations 480480 ...time: 1.4591171741485596
Fin; energy prediction...time: 59.11427545547485
Egy stat [-46.007866, -40.812687, -43.65071, 0.7438585]
Start for  10_3_1_2 [13/455]
Fin;generate all combinations 480480 ...time: 1.359544038772583
Fin; energy prediction...time: 60.46012282371521
Egy stat [-41.86091, -34.903954, -38.959583, 0.8404626]
Start for  10_2_3_1 [14/455]
Fin;generate all combinations 480480 ...time: 1.5235931873321533
Fin; energy prediction...time: 59.97489404678345
Egy stat [-49.007877, -43.35939, -46.23944, 0.8045312]
Start for  10_2_2_2 [15/455]
Fin;generate all combinations 720720 ...time: 2.387068510055542
Fin; energy prediction...time: 87.92634463310242
Egy stat [-45.147827, -37.42095, -41.655396, 0.9056037]
Start for  10_2_1_3 [16/455]
Fin;generate all combinations 480480 ...time: 1.7942659854888916
Fin; energy prediction...time: 60.07450008392334
Egy stat [-39.53498, -33.915756, -36.829727, 0.9220274]
Start for  10_1_4_1 [17/455]
Fin;generate all combinations 240240 ...time: 1.2506420612335205
Fin; energy prediction...time: 30.04131007194519
Egy stat [-51.64577, -45.590977, -48.832752, 0.85643965]
Start for  10_1_3_2 [18/455]
Fin;generate all combinations 480480 ...time: 1.480076789855957
Fin; energy prediction...time: 59.18782567977905
Egy stat [-47.649532, -40.108696, -44.352264, 0.9715264]
Start for  10_1_2_3 [19/455]
Fin;generate all combinations 480480 ...time: 1.5860528945922852
Fin; energy prediction...time: 60.12092471122742
Egy stat [-42.229313, -36.321007, -39.637966, 0.9817692]
Start for  10_1_1_4 [20/455]
Fin;generate all combinations 240240 ...time: 1.0757114887237549
Fin; energy prediction...time: 30.131179809570312
Egy stat [-36.488216, -30.601274, -34.56955, 0.84736615]
Start for  9_5_1_1 [21/455]
Fin;generate all combinations 480480 ...time: 1.8792157173156738
Fin; energy prediction...time: 59.84157586097717
Egy stat [-42.682404, -36.81363, -40.52528, 0.62739277]
Start for  9_4_2_1 [22/455]
Fin;generate all combinations 1201200 ...time: 3.4079582691192627
Fin; energy prediction...time: 151.00494599342346
Egy stat [-45.52198, -38.864407, -42.90507, 0.66183054]
Start for  9_4_1_2 [23/455]
Fin;generate all combinations 1201200 ...time: 5.940709352493286
Fin; energy prediction...time: 146.43387699127197
Egy stat [-40.790493, -34.799114, -38.31027, 0.7926015]
Start for  9_3_3_1 [24/455]
Fin;generate all combinations 1601600 ...time: 6.122525691986084
Fin; energy prediction...time: 196.54851627349854
Egy stat [-48.376225, -41.3107, -45.29029, 0.68969965]
Start for  9_3_2_2 [25/455]
Fin;generate all combinations 2402400 ...time: 13.41110372543335
Fin; energy prediction...time: 299.55668902397156
Egy stat [-43.75516, -37.10341, -40.793785, 0.8271482]
Start for  9_3_1_3 [26/455]
Fin;generate all combinations 1601600 ...time: 7.693861722946167
Fin; energy prediction...time: 197.83388233184814
Egy stat [-39.7585, -32.050735, -36.16187, 0.9448531]
Start for  9_2_4_1 [27/455]
Fin;generate all combinations 1201200 ...time: 5.550199031829834
Fin; energy prediction...time: 151.0112180709839
Egy stat [-50.524944, -43.496582, -47.6823, 0.70717525]
Start for  9_2_3_2 [28/455]
Fin;generate all combinations 2402400 ...time: 9.44166088104248
Fin; energy prediction...time: 298.50112318992615
Egy stat [-46.69063, -39.658363, -43.27984, 0.85706943]
Start for  9_2_2_3 [29/455]
Fin;generate all combinations 2402400 ...time: 7.8035807609558105
Fin; energy prediction...time: 299.8765766620636
Egy stat [-42.39049, -34.539326, -38.75002, 0.97825986]
Start for  9_2_1_4 [30/455]
Fin;generate all combinations 1201200 ...time: 2.2560250759124756
Fin; energy prediction...time: 151.21919798851013
Egy stat [-36.900238, -30.178612, -33.97559, 1.0045401]
Start for  9_1_5_1 [31/455]
Fin;generate all combinations 480480 ...time: 1.0562288761138916
Fin; energy prediction...time: 60.81458282470703
Egy stat [-52.6772, -46.003735, -50.082695, 0.71168107]
Start for  9_1_4_2 [32/455]
Fin;generate all combinations 1201200 ...time: 5.058606147766113
Fin; energy prediction...time: 148.4409852027893
Egy stat [-48.87659, -41.923782, -45.769825, 0.8781439]
Start for  9_1_3_3 [33/455]
Fin;generate all combinations 1601600 ...time: 6.384016752243042
Fin; energy prediction...time: 199.748140335083
Egy stat [-44.717995, -37.19645, -41.338356, 1.0107617]
Start for  9_1_2_4 [34/455]
Fin;generate all combinations 1201200 ...time: 4.264219760894775
Fin; energy prediction...time: 152.71675181388855
Egy stat [-39.49993, -32.5957, -36.67065, 1.0321356]
Start for  9_1_1_5 [35/455]
Fin;generate all combinations 480480 ...time: 0.9640982151031494
Fin; energy prediction...time: 60.79190754890442
Egy stat [-33.92879, -27.632307, -31.644312, 0.90651083]
Start for  8_6_1_1 [36/455]
Fin;generate all combinations 720720 ...time: 4.409918546676636
Fin; energy prediction...time: 90.42724800109863
Egy stat [-42.022484, -36.282745, -40.089138, 0.62810117]
Start for  8_5_2_1 [37/455]
Fin;generate all combinations 2162160 ...time: 7.526663064956665
Fin; energy prediction...time: 269.1565728187561
Egy stat [-44.55691, -38.265793, -42.27729, 0.6457796]
Start for  8_5_1_2 [38/455]
Fin;generate all combinations 2162160 ...time: 7.057037115097046
Fin; energy prediction...time: 269.69775915145874
Egy stat [-40.38704, -32.939438, -37.691322, 0.75006074]
Start for  8_4_3_1 [39/455]
Fin;generate all combinations 3603600 ...time: 14.400621175765991
Fin; energy prediction...time: 445.1456892490387
Egy stat [-46.9705, -40.588043, -44.473503, 0.6559639]
Start for  8_4_2_2 [40/455]
Fin;generate all combinations 5405400 ...time: 31.297691822052002
Fin; energy prediction...time: 670.028929233551
Egy stat [-43.1923, -34.944664, -39.976944, 0.7640791]
Start for  8_4_1_3 [41/455]
Fin;generate all combinations 3603600 ...time: 6.500855207443237
Fin; energy prediction...time: 484.46415424346924
Egy stat [-38.94281, -31.759733, -35.448605, 0.9154094]
Start for  8_3_4_1 [42/455]
Fin;generate all combinations 3603600 ...time: 13.148959875106812
Fin; energy prediction...time: 457.8653552532196
Egy stat [-49.322227, -42.6589, -46.679333, 0.6559202]
Start for  8_3_3_2 [43/455]
Fin;generate all combinations 7207200 ...time: 30.884365558624268
Fin; energy prediction...time: 907.7324311733246
Egy stat [-45.434814, -37.414604, -42.26731, 0.7705971]
Start for  8_3_2_3 [44/455]
Fin;generate all combinations 7207200 ...time: 22.672197103500366
Fin; energy prediction...time: 906.0889010429382
Egy stat [-41.82524, -34.04459, -37.83133, 0.9265282]
Start for  8_3_1_4 [45/455]
Fin;generate all combinations 3603600 ...time: 7.810556888580322
Fin; energy prediction...time: 460.29996395111084
Egy stat [-37.069866, -28.258703, -33.25888, 1.0446802]
Start for  8_2_5_1 [46/455]
Fin;generate all combinations 2162160 ...time: 10.598288297653198
Fin; energy prediction...time: 276.76226139068604
Egy stat [-51.454754, -45.020176, -48.896484, 0.64355147]
Start for  8_2_4_2 [47/455]
Fin;generate all combinations 5405400 ...time: 21.3663432598114
Fin; energy prediction...time: 665.5273354053497
Egy stat [-47.517998, -39.64909, -44.56394, 0.7664277]
Start for  8_2_3_3 [48/455]
Fin;generate all combinations 7207200 ...time: 30.36847710609436
Fin; energy prediction...time: 886.025426864624
Egy stat [-44.018494, -36.51159, -40.215958, 0.9316222]
Start for  8_2_2_4 [49/455]
Fin;generate all combinations 5405400 ...time: 21.079323530197144
Fin; energy prediction...time: 681.0067307949066
Egy stat [-39.64469, -30.600126, -35.73991, 1.0542501]
Start for  8_2_1_5 [50/455]
Fin;generate all combinations 2162160 ...time: 4.230660676956177
Fin; energy prediction...time: 275.3823182582855
Egy stat [-34.25845, -27.42526, -31.018122, 1.0783604]
Start for  8_1_6_1 [51/455]
Fin;generate all combinations 720720 ...time: 5.55362868309021
Fin; energy prediction...time: 94.10598492622375
Egy stat [-53.247936, -47.164883, -51.126816, 0.6169857]
Start for  8_1_5_2 [52/455]
Fin;generate all combinations 2162160 ...time: 8.988407850265503
Fin; energy prediction...time: 268.3162341117859
Egy stat [-49.617718, -42.229866, -46.868656, 0.74898714]
Start for  8_1_4_3 [53/455]
Fin;generate all combinations 3603600 ...time: 15.942245721817017
Fin; energy prediction...time: 444.1520903110504
Egy stat [-46.150337, -38.80105, -42.604015, 0.9271833]
Start for  8_1_3_4 [54/455]
Fin;generate all combinations 3603600 ...time: 18.983349800109863
Fin; energy prediction...time: 453.985422372818
Egy stat [-41.836586, -33.188828, -38.220512, 1.0607221]
Start for  8_1_2_5 [55/455]
Fin;generate all combinations 2162160 ...time: 3.6586077213287354
Fin; energy prediction...time: 273.60573983192444
Egy stat [-36.73032, -29.795948, -33.599995, 1.0820583]
Start for  8_1_1_6 [56/455]
Fin;generate all combinations 720720 ...time: 1.6257188320159912
Fin; energy prediction...time: 91.5880913734436
Egy stat [-31.382774, -23.901451, -28.61762, 0.95485544]
Start for  7_7_1_1 [57/455]
Fin;generate all combinations 823680 ...time: 5.123031377792358
Fin; energy prediction...time: 104.03587985038757
Egy stat [-41.867325, -34.400288, -39.819443, 0.66579187]
Start for  7_6_2_1 [58/455]
Fin;generate all combinations 2882880 ...time: 14.06374216079712
Fin; energy prediction...time: 360.0569078922272
Egy stat [-44.185337, -36.320633, -41.829746, 0.67763615]
Start for  7_6_1_2 [59/455]
Fin;generate all combinations 2882880 ...time: 15.189698219299316
Fin; energy prediction...time: 364.33488941192627
Egy stat [-39.626274, -32.503418, -37.17248, 0.7419495]
Start for  7_5_3_1 [60/455]
Fin;generate all combinations 5765760 ...time: 24.406716108322144
Fin; energy prediction...time: 720.2620668411255
Egy stat [-46.523983, -38.51196, -43.85123, 0.6826923]
Start for  7_5_2_2 [61/455]
Fin;generate all combinations 8648640 ...time: 43.426016330718994
Fin; energy prediction...time: 1075.0510804653168
Egy stat [-42.11123, -34.40857, -39.275017, 0.74684906]
Start for  7_5_1_3 [62/455]
Fin;generate all combinations 5765760 ...time: 26.01759362220764
Fin; energy prediction...time: 711.4159712791443
Egy stat [-38.056705, -29.95372, -34.764835, 0.88287914]
Start for  7_4_4_1 [63/455]
Fin;generate all combinations 7207200 ...time: 23.373709201812744
Fin; energy prediction...time: 885.6255421638489
Egy stat [-48.580135, -40.473053, -45.88559, 0.67935073]
Start for  7_4_3_2 [64/455]
Fin;generate all combinations 14414400 ...time: 59.087422609329224
Fin; energy prediction...time: 1802.4137835502625
Egy stat [-44.58048, -36.69619, -41.38512, 0.74389863]
Start for  7_4_2_3 [65/455]
Fin;generate all combinations 14414400 ...time: 47.106337547302246
Fin; energy prediction...time: 1821.648859500885
Egy stat [-40.47172, -31.94654, -36.957695, 0.8807244]
Start for  7_4_1_4 [66/455]
Fin;generate all combinations 7207200 ...time: 14.051560401916504
Fin; energy prediction...time: 938.9175312519073
Egy stat [-36.978607, -28.117989, -32.49756, 1.0312306]
Start for  7_3_5_1 [67/455]
Fin;generate all combinations 5765760 ...time: 11.243666648864746
Fin; energy prediction...time: 745.6832728385925
Egy stat [-50.585094, -42.70037, -47.93458, 0.6664332]
Start for  7_3_4_2 [68/455]
Fin;generate all combinations 14414400 ...time: 44.76080322265625
Fin; energy prediction...time: 1772.1507918834686
Egy stat [-46.591866, -38.7769, -43.504353, 0.73090416]
Start for  7_3_3_3 [69/455]
Fin;generate all combinations 19219200 ...time: 84.57932758331299
Fin; energy prediction...time: 2418.5232577323914
Egy stat [-43.022583, -34.282146, -39.15494, 0.87049985]
Start for  7_3_2_4 [70/455]
Fin;generate all combinations 14414400 ...time: 66.34912586212158
Fin; energy prediction...time: 1877.3056814670563
Egy stat [-39.148327, -30.428644, -34.7807, 1.0253695]
Start for  7_3_1_5 [71/455]
Fin;generate all combinations 5765760 ...time: 13.769598007202148
Fin; energy prediction...time: 747.7661156654358
Egy stat [-34.36434, -25.18808, -30.270473, 1.134858]
Start for  7_2_6_1 [72/455]
Fin;generate all combinations 2882880 ...time: 6.140692949295044
Fin; energy prediction...time: 373.03225898742676
Egy stat [-52.61061, -44.69789, -50.000046, 0.6429853]
Start for  7_2_5_2 [73/455]
Fin;generate all combinations 8648640 ...time: 27.060479402542114
Fin; energy prediction...time: 1082.6734628677368
Egy stat [-48.420433, -41.130882, -45.63469, 0.705973]
Start for  7_2_4_3 [74/455]
Fin;generate all combinations 14414400 ...time: 56.160911560058594
Fin; energy prediction...time: 1837.5668938159943
Egy stat [-44.9307, -36.409782, -41.35806, 0.8495717]
Start for  7_2_3_4 [75/455]
Fin;generate all combinations 14414400 ...time: 55.388944149017334
Fin; energy prediction...time: 1801.5430867671967
Egy stat [-41.243637, -32.878838, -37.065353, 1.0123767]
Start for  7_2_2_5 [76/455]
Fin;generate all combinations 8648640 ...time: 41.251917600631714
Fin; energy prediction...time: 1140.320416688919
Egy stat [-36.8338, -27.599613, -32.645237, 1.1273128]
Start for  7_2_1_6 [77/455]
Fin;generate all combinations 2882880 ...time: 6.239510774612427
Fin; energy prediction...time: 361.300665140152
Egy stat [-31.704506, -24.020699, -27.978987, 1.1424519]
Start for  7_1_7_1 [78/455]
Fin;generate all combinations 823680 ...time: 2.1511332988739014
Fin; energy prediction...time: 106.96986198425293
Egy stat [-54.364372, -46.94632, -52.084015, 0.608071]
Start for  7_1_6_2 [79/455]
Fin;generate all combinations 2882880 ...time: 17.148847579956055
Fin; energy prediction...time: 359.2513699531555
Egy stat [-50.191196, -43.192795, -47.777905, 0.6671861]
Start for  7_1_5_3 [80/455]
Fin;generate all combinations 5765760 ...time: 32.37569761276245
Fin; energy prediction...time: 724.3733644485474
Egy stat [-46.49574, -38.864403, -43.56907, 0.81553525]
Start for  7_1_4_4 [81/455]
Fin;generate all combinations 7207200 ...time: 22.449854612350464
Fin; energy prediction...time: 921.7982802391052
Egy stat [-43.334908, -35.055046, -39.353207, 0.9892981]
Start for  7_1_3_5 [82/455]
Fin;generate all combinations 5765760 ...time: 10.156166553497314
Fin; energy prediction...time: 778.2274861335754
Egy stat [-39.108635, -30.206553, -35.01933, 1.1149044]
Start for  7_1_2_6 [83/455]
Fin;generate all combinations 2882880 ...time: 20.34739327430725
Fin; energy prediction...time: 366.7892894744873
Egy stat [-33.98497, -26.252792, -30.448296, 1.1292999]
Start for  7_1_1_7 [84/455]
Fin;generate all combinations 823680 ...time: 2.365328311920166
Fin; energy prediction...time: 112.01733040809631
Egy stat [-28.776745, -21.184362, -25.512272, 0.99280745]
Start for  6_8_1_1 [85/455]
Fin;generate all combinations 720720 ...time: 4.700064420700073
Fin; energy prediction...time: 93.58508920669556
Egy stat [-42.037895, -34.5766, -39.763462, 0.7019448]
Start for  6_7_2_1 [86/455]
Fin;generate all combinations 2882880 ...time: 18.90738081932068
Fin; energy prediction...time: 362.3013334274292
Egy stat [-44.272102, -36.635216, -41.608837, 0.7123205]
Start for  6_7_1_2 [87/455]
Fin;generate all combinations 2882880 ...time: 21.381564140319824
Fin; energy prediction...time: 367.81794834136963
Egy stat [-39.311764, -30.54136, -36.81067, 0.7613643]
Start for  6_6_3_1 [88/455]
Fin;generate all combinations 6726720 ...time: 23.192666053771973
Fin; energy prediction...time: 828.6032204627991
Egy stat [-46.289288, -38.482544, -43.468723, 0.7169301]
Start for  6_6_2_2 [89/455]
Fin;generate all combinations 10090080 ...time: 50.58062481880188
Fin; energy prediction...time: 1261.5083181858063
Egy stat [-41.595207, -32.39135, -38.744408, 0.7644365]
Start for  6_6_1_3 [90/455]
Fin;generate all combinations 6726720 ...time: 31.366167068481445
Fin; energy prediction...time: 873.9934418201447
Egy stat [-37.479572, -29.58047, -34.17541, 0.8721538]
Start for  6_5_4_1 [91/455]
Fin;generate all combinations 10090080 ...time: 34.754716634750366
Fin; energy prediction...time: 1238.4122874736786
Egy stat [-48.07055, -40.575184, -45.34492, 0.7149519]
Start for  6_5_3_2 [92/455]
Fin;generate all combinations 20180160 ...time: 88.51064729690552
Fin; energy prediction...time: 2532.470169067383
Egy stat [-43.552917, -34.495003, -40.6889, 0.76082253]
Start for  6_5_2_3 [93/455]
Fin;generate all combinations 20180160 ...time: 88.52291941642761
Fin; energy prediction...time: 2574.726068019867
Egy stat [-39.931305, -31.416235, -36.194077, 0.86561733]
Start for  6_5_1_4 [94/455]
Fin;generate all combinations 10090080 ...time: 21.87780785560608
Fin; energy prediction...time: 1283.782738685608
Egy stat [-36.123108, -26.246655, -31.762676, 1.0083914]
Start for  6_4_5_1 [95/455]
Fin;generate all combinations 10090080 ...time: 54.02285814285278
Fin; energy prediction...time: 1278.507770061493
Egy stat [-49.910007, -42.461143, -47.23921, 0.7058855]
Start for  6_4_4_2 [96/455]
Fin;generate all combinations 25225200 ...time: 78.79956698417664
Fin; energy prediction...time: 3206.8415656089783
Egy stat [-45.56026, -36.38114, -42.645836, 0.749285]
Start for  6_4_3_3 [97/455]
Fin;generate all combinations 33633600 ...time: 149.6839737892151
Fin; energy prediction...time: 4202.3682425022125
Egy stat [-41.87059, -33.65719, -38.21984, 0.85134476]
Start for  6_4_2_4 [98/455]
Fin;generate all combinations 25225200 ...time: 110.73774409294128
Fin; energy prediction...time: 3417.809503555298
Egy stat [-38.683144, -28.102144, -33.864544, 0.99430233]
Start for  6_4_1_5 [99/455]
Fin;generate all combinations 10090080 ...time: 82.00343775749207
Fin; energy prediction...time: 1311.8625991344452
Egy stat [-34.528824, -24.56461, -29.476673, 1.136107]
Start for  6_3_6_1 [100/455]
Fin;generate all combinations 6726720 ...time: 13.415332317352295
Fin; energy prediction...time: 844.1940450668335
Egy stat [-51.806366, -44.634495, -49.153572, 0.6894556]
Start for  6_3_5_2 [101/455]
Fin;generate all combinations 20180160 ...time: 82.31820225715637
Fin; energy prediction...time: 2495.0471272468567
Egy stat [-47.512802, -38.592636, -44.616997, 0.728857]
Start for  6_3_4_3 [102/455]
Fin;generate all combinations 33633600 ...time: 133.51571798324585
Fin; energy prediction...time: 4253.034159183502
Egy stat [-43.683456, -35.694347, -40.254597, 0.8276136]
Start for  6_3_3_4 [103/455]
Fin;generate all combinations 33633600 ...time: 138.5296709537506
Fin; energy prediction...time: 4189.347301244736
Egy stat [-40.574383, -30.46785, -35.970314, 0.97201014]
Start for  6_3_2_5 [104/455]
Fin;generate all combinations 20180160 ...time: 103.10550856590271
Fin; energy prediction...time: 2545.1158788204193
Egy stat [-36.509064, -26.976164, -31.661707, 1.1182156]
Start for  6_3_1_6 [105/455]
Fin;generate all combinations 6726720 ...time: 56.47077178955078
Fin; energy prediction...time: 894.8738298416138
Egy stat [-31.665134, -21.7367, -27.217737, 1.2152481]
Start for  6_2_7_1 [106/455]
Fin;generate all combinations 2882880 ...time: 6.249797344207764
Fin; energy prediction...time: 361.8189420700073
Egy stat [-53.412064, -46.60746, -51.089832, 0.6655389]
Start for  6_2_6_2 [107/455]
Fin;generate all combinations 10090080 ...time: 45.07471513748169
Fin; energy prediction...time: 1247.1236097812653
Egy stat [-49.48031, -40.582275, -46.60443, 0.69868773]
Start for  6_2_5_3 [108/455]
Fin;generate all combinations 20180160 ...time: 116.88575720787048
Fin; energy prediction...time: 2497.4902255535126
Egy stat [-45.469208, -37.893738, -42.299988, 0.7928386]
Start for  6_2_4_4 [109/455]
Fin;generate all combinations 25225200 ...time: 142.94784593582153
Fin; energy prediction...time: 3156.6514925956726
Egy stat [-42.4403, -32.622974, -38.08182, 0.93938047]
Start for  6_2_3_5 [110/455]
Fin;generate all combinations 20180160 ...time: 105.61249589920044
Fin; energy prediction...time: 2551.7570583820343
Egy stat [-38.487488, -29.288525, -33.848087, 1.0926905]
Start for  6_2_2_6 [111/455]
Fin;generate all combinations 10090080 ...time: 58.80905842781067
Fin; energy prediction...time: 1279.3988637924194
Egy stat [-34.13699, -24.058632, -29.487694, 1.1958432]
Start for  6_2_1_7 [112/455]
Fin;generate all combinations 2882880 ...time: 27.562999725341797
Fin; energy prediction...time: 362.3593783378601
Egy stat [-28.903612, -20.735195, -24.880198, 1.1976501]
Start for  6_1_8_1 [113/455]
Fin;generate all combinations 720720 ...time: 2.1308836936950684
Fin; energy prediction...time: 97.45620536804199
Egy stat [-55.082397, -48.80772, -53.049934, 0.63410485]
Start for  6_1_7_2 [114/455]
Fin;generate all combinations 2882880 ...time: 15.9207444190979
Fin; energy prediction...time: 359.24210929870605
Egy stat [-51.218697, -42.815624, -48.610035, 0.6578759]
Start for  6_1_6_3 [115/455]
Fin;generate all combinations 6726720 ...time: 35.23744177818298
Fin; energy prediction...time: 848.8580441474915
Egy stat [-47.270363, -39.88137, -44.358288, 0.745328]
Start for  6_1_5_4 [116/455]
Fin;generate all combinations 10090080 ...time: 45.20110487937927
Fin; energy prediction...time: 1264.6913273334503
Egy stat [-43.837883, -35.09012, -40.20126, 0.89433354]
Start for  6_1_4_5 [117/455]
Fin;generate all combinations 10090080 ...time: 47.92722129821777
Fin; energy prediction...time: 1300.5275366306305
Egy stat [-40.538124, -31.699102, -36.037724, 1.0570616]
Start for  6_1_3_6 [118/455]
Fin;generate all combinations 6726720 ...time: 32.813491344451904
Fin; energy prediction...time: 849.858099937439
Egy stat [-36.204636, -26.534481, -31.756933, 1.170566]
Start for  6_1_2_7 [119/455]
Fin;generate all combinations 2882880 ...time: 6.041054010391235
Fin; energy prediction...time: 369.82932305336
Egy stat [-31.137403, -22.98257, -27.238268, 1.1734027]
Start for  6_1_1_8 [120/455]
Fin;generate all combinations 720720 ...time: 1.7558481693267822
Fin; energy prediction...time: 100.16503858566284
Egy stat [-25.880032, -17.828442, -22.350428, 1.0211195]
Start for  5_9_1_1 [121/455]
Fin;generate all combinations 480480 ...time: 2.9341745376586914
Fin; energy prediction...time: 67.45175409317017
Egy stat [-42.476227, -35.77246, -39.95244, 0.710984]
Start for  5_8_2_1 [122/455]
Fin;generate all combinations 2162160 ...time: 10.642954111099243
Fin; energy prediction...time: 276.04872393608093
Egy stat [-44.349983, -37.059532, -41.644127, 0.72041315]
Start for  5_8_1_2 [123/455]
Fin;generate all combinations 2162160 ...time: 14.167048215866089
Fin; energy prediction...time: 280.25417399406433
Egy stat [-39.446873, -30.755964, -36.64783, 0.7841103]
Start for  5_7_3_1 [124/455]
Fin;generate all combinations 5765760 ...time: 30.18737483024597
Fin; energy prediction...time: 716.0975666046143
Egy stat [-46.08841, -39.013603, -43.353756, 0.72477406]
Start for  5_7_2_2 [125/455]
Fin;generate all combinations 8648640 ...time: 33.99236035346985
Fin; energy prediction...time: 1093.455465555191
Egy stat [-41.380978, -32.743446, -38.425793, 0.7872926]
Start for  5_7_1_3 [126/455]
Fin;generate all combinations 5765760 ...time: 28.724414110183716
Fin; energy prediction...time: 729.8742468357086
Egy stat [-36.795124, -27.699715, -33.732327, 0.88202727]
Start for  5_6_4_1 [127/455]
Fin;generate all combinations 10090080 ...time: 47.826042890548706
Fin; energy prediction...time: 1276.7658689022064
Egy stat [-47.751987, -40.842354, -45.08312, 0.72368723]
Start for  5_6_3_2 [128/455]
Fin;generate all combinations 20180160 ...time: 90.71385979652405
Fin; energy prediction...time: 2562.453573703766
Egy stat [-43.316147, -34.59349, -40.2178, 0.7851085]
Start for  5_6_2_3 [129/455]
Fin;generate all combinations 20180160 ...time: 106.88634538650513
Fin; energy prediction...time: 2542.203102350235
Egy stat [-38.734665, -29.488754, -35.591297, 0.8759697]
Start for  5_6_1_4 [130/455]
Fin;generate all combinations 10090080 ...time: 53.236358404159546
Fin; energy prediction...time: 1286.573128938675
Egy stat [-35.338295, -25.710627, -31.114695, 0.99938595]
Start for  5_5_5_1 [131/455]
Fin;generate all combinations 12108096 ...time: 59.78665351867676
Fin; energy prediction...time: 1560.8204803466797
Egy stat [-49.419975, -42.832405, -46.8341, 0.7169966]
Start for  5_5_4_2 [132/455]
Fin;generate all combinations 30270240 ...time: 96.24588370323181
Fin; energy prediction...time: 3798.348352432251
Egy stat [-45.06128, -36.61418, -42.025677, 0.7769483]
Start for  5_5_3_3 [133/455]
Fin;generate all combinations 40360320 ...time: 187.63230085372925
Fin; energy prediction...time: 5180.151370048523
Egy stat [-40.71508, -31.49331, -37.460514, 0.8635853]
Start for  5_5_2_4 [134/455]
Fin;generate all combinations 30270240 ...time: 128.446861743927
Fin; energy prediction...time: 3891.8086652755737
Egy stat [-37.2265, -27.516546, -33.051216, 0.9837233]
Start for  5_5_1_5 [135/455]
Fin;generate all combinations 12108096 ...time: 26.12859320640564
Fin; energy prediction...time: 1584.1493268013
Egy stat [-34.35199, -23.25717, -28.704103, 1.1234859]
Start for  5_4_6_1 [136/455]
Fin;generate all combinations 10090080 ...time: 44.61005997657776
Fin; energy prediction...time: 1285.1553361415863
Egy stat [-51.11951, -44.708626, -48.60865, 0.704719]
Start for  5_4_5_2 [137/455]
Fin;generate all combinations 30270240 ...time: 138.1214370727539
Fin; energy prediction...time: 3884.252597093582
Egy stat [-46.84421, -38.50564, -43.851246, 0.7624333]
Start for  5_4_4_3 [138/455]
Fin;generate all combinations 50450400 ...time: 210.42347955703735
Fin; energy prediction...time: 6468.742055654526
Egy stat [-42.648064, -33.31079, -39.34184, 0.8439517]
Start for  5_4_3_4 [139/455]
Fin;generate all combinations 50450400 ...time: 300.0195198059082
Fin; energy prediction...time: 6411.205142736435
Egy stat [-39.123756, -29.770613, -34.99458, 0.96066797]
Start for  5_4_2_5 [140/455]
Fin;generate all combinations 30270240 ...time: 158.83153700828552
Fin; energy prediction...time: 4077.644243478775
Egy stat [-36.2209, -25.058842, -30.716576, 1.100659]
Start for  5_4_1_6 [141/455]
Fin;generate all combinations 10090080 ...time: 23.41047167778015
Fin; energy prediction...time: 1275.4213562011719
Egy stat [-31.813684, -21.083256, -26.40651, 1.2312416]
Start for  5_3_7_1 [142/455]
Fin;generate all combinations 5765760 ...time: 11.97731900215149
Fin; energy prediction...time: 752.6034309864044
Egy stat [-52.693577, -46.734383, -50.408634, 0.6870059]
Start for  5_3_6_2 [143/455]
Fin;generate all combinations 20180160 ...time: 96.82236170768738
Fin; energy prediction...time: 2547.8905997276306
Egy stat [-48.701355, -40.610203, -45.69644, 0.7413389]
Start for  5_3_5_3 [144/455]
Fin;generate all combinations 40360320 ...time: 167.99888610839844
Fin; energy prediction...time: 5302.6832365989685
Egy stat [-44.496136, -35.47193, -41.237255, 0.81632125]
Start for  5_3_4_4 [145/455]
Fin;generate all combinations 50450400 ...time: 260.6359577178955
Fin; energy prediction...time: 6415.025236368179
Egy stat [-40.832954, -31.82538, -36.946552, 0.9289132]
Start for  5_3_3_5 [146/455]
Fin;generate all combinations 40360320 ...time: 188.32085585594177
Fin; energy prediction...time: 5142.357748746872
Egy stat [-38.044285, -27.33131, -32.732944, 1.0699006]
Start for  5_3_2_6 [147/455]
Fin;generate all combinations 20180160 ...time: 120.28132915496826
Fin; energy prediction...time: 2636.4110236167908
Egy stat [-33.758446, -23.378384, -28.495264, 1.20494]
Start for  5_3_1_7 [148/455]
Fin;generate all combinations 5765760 ...time: 15.79695439338684
Fin; energy prediction...time: 740.770082950592
Egy stat [-29.087706, -18.329435, -24.121967, 1.2876867]
Start for  5_2_8_1 [149/455]
Fin;generate all combinations 2162160 ...time: 5.567099571228027
Fin; energy prediction...time: 283.7483654022217
Egy stat [-54.30813, -48.66406, -52.235844, 0.6641222]
Start for  5_2_7_2 [150/455]
Fin;generate all combinations 8648640 ...time: 38.60868310928345
Fin; energy prediction...time: 1094.1768171787262
Egy stat [-50.25498, -42.56957, -47.563133, 0.7135473]
Start for  5_2_6_3 [151/455]
Fin;generate all combinations 20180160 ...time: 94.35935926437378
Fin; energy prediction...time: 2546.8346157073975
Egy stat [-46.20609, -37.423153, -43.148575, 0.78001785]
Start for  5_2_5_4 [152/455]
Fin;generate all combinations 30270240 ...time: 144.1770703792572
Fin; energy prediction...time: 3820.4348134994507
Egy stat [-42.55196, -33.995705, -38.909378, 0.8872307]
Start for  5_2_4_5 [153/455]
Fin;generate all combinations 30270240 ...time: 186.53280520439148
Fin; energy prediction...time: 3981.1256923675537
Egy stat [-39.87182, -29.404297, -34.7551, 1.0295377]
Start for  5_2_3_6 [154/455]
Fin;generate all combinations 20180160 ...time: 114.8634421825409
Fin; energy prediction...time: 2570.0407207012177
Egy stat [-35.66774, -25.607891, -30.585426, 1.1710856]
Start for  5_2_2_7 [155/455]
Fin;generate all combinations 8648640 ...time: 17.783126831054688
Fin; energy prediction...time: 1125.073766708374
Egy stat [-31.158262, -20.539045, -26.289022, 1.2604165]
Start for  5_2_1_8 [156/455]
Fin;generate all combinations 2162160 ...time: 6.707147836685181
Fin; energy prediction...time: 294.92012572288513
Egy stat [-26.006157, -17.382378, -21.742836, 1.2454191]
Start for  5_1_9_1 [157/455]
Fin;generate all combinations 480480 ...time: 1.6437437534332275
Fin; energy prediction...time: 72.20319366455078
Egy stat [-55.884815, -50.717457, -54.092068, 0.6364456]
Start for  5_1_8_2 [158/455]
Fin;generate all combinations 2162160 ...time: 6.0490100383758545
Fin; energy prediction...time: 284.47377920150757
Egy stat [-51.85834, -44.69777, -49.453266, 0.6789958]
Start for  5_1_7_3 [159/455]
Fin;generate all combinations 5765760 ...time: 38.23643898963928
Fin; energy prediction...time: 732.9938654899597
Egy stat [-47.90104, -39.600674, -45.07794, 0.7343112]
Start for  5_1_6_4 [160/455]
Fin;generate all combinations 10090080 ...time: 62.710752725601196
Fin; energy prediction...time: 1270.0825049877167
Egy stat [-44.30579, -35.9673, -40.88496, 0.8342906]
Start for  5_1_5_5 [161/455]
Fin;generate all combinations 12108096 ...time: 52.65730023384094
Fin; energy prediction...time: 1620.522604227066
Egy stat [-41.25912, -31.624422, -36.785248, 0.97790706]
Start for  5_1_4_6 [162/455]
Fin;generate all combinations 10090080 ...time: 53.68190813064575
Fin; energy prediction...time: 1278.7385544776917
Egy stat [-37.63727, -27.89922, -32.67913, 1.1276712]
Start for  5_1_3_7 [163/455]
Fin;generate all combinations 5765760 ...time: 40.666303396224976
Fin; energy prediction...time: 742.125497341156
Egy stat [-33.181263, -22.90726, -28.45564, 1.2270085]
Start for  5_1_2_8 [164/455]
Fin;generate all combinations 2162160 ...time: 4.586239576339722
Fin; energy prediction...time: 314.96527194976807
Egy stat [-28.08082, -19.520565, -23.991673, 1.2146622]
Start for  5_1_1_9 [165/455]
Fin;generate all combinations 480480 ...time: 1.2698123455047607
Fin; energy prediction...time: 69.55977153778076
Egy stat [-22.145996, -15.017263, -19.152302, 1.0405475]
Start for  4_10_1_1 [166/455]
Fin;generate all combinations 240240 ...time: 0.6106283664703369
Fin; energy prediction...time: 38.752994537353516
Egy stat [-42.367218, -36.963722, -40.402996, 0.68560356]
Start for  4_9_2_1 [167/455]
Fin;generate all combinations 1201200 ...time: 2.9161376953125
Fin; energy prediction...time: 164.17072105407715
Egy stat [-44.305428, -38.400223, -41.950184, 0.6938719]
Start for  4_9_1_2 [168/455]
Fin;generate all combinations 1201200 ...time: 5.4639129638671875
Fin; energy prediction...time: 161.60980558395386
Egy stat [-39.373333, -31.996338, -36.710945, 0.79181916]
Start for  4_8_3_1 [169/455]
Fin;generate all combinations 3603600 ...time: 16.195102214813232
Fin; energy prediction...time: 458.43373250961304
Egy stat [-45.864372, -39.74179, -43.51855, 0.69744617]
Start for  4_8_2_2 [170/455]
Fin;generate all combinations 5405400 ...time: 29.88897204399109
Fin; energy prediction...time: 690.6949334144592
Egy stat [-41.45206, -33.151264, -38.344078, 0.7944814]
Start for  4_8_1_3 [171/455]
Fin;generate all combinations 3603600 ...time: 16.059308528900146
Fin; energy prediction...time: 474.71101474761963
Egy stat [-36.526157, -27.693968, -33.473, 0.8981253]
Start for  4_7_4_1 [172/455]
Fin;generate all combinations 7207200 ...time: 27.560429096221924
Fin; energy prediction...time: 907.6535654067993
Egy stat [-47.38523, -41.53931, -45.11003, 0.6961845]
Start for  4_7_3_2 [173/455]
Fin;generate all combinations 14414400 ...time: 65.9405632019043
Fin; energy prediction...time: 1822.1936452388763
Egy stat [-43.092148, -35.13573, -39.994717, 0.79274315]
Start for  4_7_2_3 [174/455]
Fin;generate all combinations 14414400 ...time: 76.31838941574097
Fin; energy prediction...time: 1798.347907781601
Egy stat [-38.512596, -29.712687, -35.18508, 0.8933158]
Start for  4_7_1_4 [175/455]
Fin;generate all combinations 7207200 ...time: 38.814687728881836
Fin; energy prediction...time: 911.6427614688873
Egy stat [-34.496727, -23.795765, -30.601131, 1.0071483]
Start for  4_6_5_1 [176/455]
Fin;generate all combinations 10090080 ...time: 48.985795974731445
Fin; energy prediction...time: 1282.7289247512817
Egy stat [-48.935207, -43.30121, -46.726494, 0.6900919]
Start for  4_6_4_2 [177/455]
Fin;generate all combinations 25225200 ...time: 94.27241611480713
Fin; energy prediction...time: 3266.661073446274
Egy stat [-44.729397, -36.94167, -41.66451, 0.7863276]
Start for  4_6_3_3 [178/455]
Fin;generate all combinations 33633600 ...time: 155.20380020141602
Fin; energy prediction...time: 4243.217236280441
Egy stat [-40.21277, -31.53058, -36.91079, 0.8835629]
Start for  4_6_2_4 [179/455]
Fin;generate all combinations 25225200 ...time: 181.5276758670807
Fin; energy prediction...time: 3209.316715478897
Egy stat [-36.57437, -25.56298, -32.386936, 0.99322855]
Start for  4_6_1_5 [180/455]
Fin;generate all combinations 10090080 ...time: 21.19478440284729
Fin; energy prediction...time: 1297.2327320575714
Egy stat [-33.10853, -23.12318, -28.009277, 1.1199539]
Start for  4_5_6_1 [181/455]
Fin;generate all combinations 10090080 ...time: 59.60348963737488
Fin; energy prediction...time: 1316.4533927440643
Egy stat [-50.586334, -45.119225, -48.369987, 0.6792855]
Start for  4_5_5_2 [182/455]
Fin;generate all combinations 30270240 ...time: 119.50300335884094
Fin; energy prediction...time: 3800.9169759750366
Egy stat [-46.36686, -38.931534, -43.355476, 0.77512443]
Start for  4_5_4_3 [183/455]
Fin;generate all combinations 50450400 ...time: 222.171808719635
Fin; energy prediction...time: 6479.671079158783
Egy stat [-41.94578, -33.49646, -38.651947, 0.8684463]
Start for  4_5_3_4 [184/455]
Fin;generate all combinations 50450400 ...time: 199.9403839111328
Fin; energy prediction...time: 6463.481803894043
Egy stat [-38.486176, -27.542952, -34.1826, 0.97339153]
Start for  4_5_2_5 [185/455]
Fin;generate all combinations 30270240 ...time: 170.3595585823059
Fin; energy prediction...time: 3889.3083934783936
Egy stat [-35.30449, -24.87149, -29.865484, 1.0971627]
Start for  4_5_1_6 [186/455]
Fin;generate all combinations 10090080 ...time: 27.986668586730957
Fin; energy prediction...time: 1313.3790309429169
Egy stat [-31.979736, -19.795359, -25.609344, 1.2303338]
Start for  4_4_7_1 [187/455]
Fin;generate all combinations 7207200 ...time: 15.271188020706177
Fin; energy prediction...time: 965.5221366882324
Egy stat [-52.186745, -46.92987, -50.042225, 0.6639761]
Start for  4_4_6_2 [188/455]
Fin;generate all combinations 25225200 ...time: 107.24924993515015
Fin; energy prediction...time: 3161.4276034832
Egy stat [-48.043056, -40.75672, -45.0695, 0.7591451]
Start for  4_4_5_3 [189/455]
Fin;generate all combinations 50450400 ...time: 247.38556790351868
Fin; energy prediction...time: 6428.668924331665
Egy stat [-43.675957, -35.250298, -40.410454, 0.84769815]
Start for  4_4_4_4 [190/455]
Fin;generate all combinations 63063000 ...time: 338.85961413383484
Fin; energy prediction...time: 8041.738783597946
Egy stat [-40.109093, -29.301561, -35.990227, 0.9469929]
Start for  4_4_3_5 [191/455]
Fin;generate all combinations 50450400 ...time: 248.0853955745697
Fin; energy prediction...time: 6572.649277210236
Egy stat [-36.92901, -26.795027, -31.728214, 1.0674936]
Start for  4_4_2_6 [192/455]
Fin;generate all combinations 25225200 ...time: 56.395633697509766
Fin; energy prediction...time: 3281.0284793376923
Egy stat [-33.808086, -21.52762, -27.534454, 1.2010949]
Start for  4_4_1_7 [193/455]
Fin;generate all combinations 7207200 ...time: 18.534037113189697
Fin; energy prediction...time: 918.6213533878326
Egy stat [-29.15345, -17.647728, -23.307774, 1.3196225]
Start for  4_3_8_1 [194/455]
Fin;generate all combinations 3603600 ...time: 8.098725318908691
Fin; energy prediction...time: 479.425053358078
Egy stat [-53.618515, -48.859417, -51.74496, 0.6444544]
Start for  4_3_7_2 [195/455]
Fin;generate all combinations 14414400 ...time: 62.31981897354126
Fin; energy prediction...time: 1837.4447736740112
Egy stat [-49.518166, -42.779167, -46.80838, 0.7384985]
Start for  4_3_6_3 [196/455]
Fin;generate all combinations 33633600 ...time: 172.25931644439697
Fin; energy prediction...time: 4245.646262407303
Egy stat [-45.206474, -37.361588, -42.18817, 0.8211683]
Start for  4_3_5_4 [197/455]
Fin;generate all combinations 50450400 ...time: 235.072603225708
Fin; energy prediction...time: 6371.009857177734
Egy stat [-41.724514, -31.443743, -37.811687, 0.9135104]
Start for  4_3_4_5 [198/455]
Fin;generate all combinations 50450400 ...time: 335.4991042613983
Fin; energy prediction...time: 6419.333932876587
Egy stat [-38.504562, -28.957928, -33.599743, 1.0300109]
Start for  4_3_3_6 [199/455]
Fin;generate all combinations 33633600 ...time: 168.64023780822754
Fin; energy prediction...time: 4388.101966619492
Egy stat [-35.58667, -23.6913, -29.463547, 1.1645051]
Start for  4_3_2_7 [200/455]
Fin;generate all combinations 14414400 ...time: 103.95369172096252
Fin; energy prediction...time: 1801.055335521698
Egy stat [-30.947405, -19.806969, -25.30249, 1.2875322]
Start for  4_3_1_8 [201/455]
Fin;generate all combinations 3603600 ...time: 42.95965814590454
Fin; energy prediction...time: 465.56170892715454
Egy stat [-26.079039, -14.868027, -21.003376, 1.3546042]
Start for  4_2_9_1 [202/455]
Fin;generate all combinations 1201200 ...time: 3.1640918254852295
Fin; energy prediction...time: 162.52269840240479
Egy stat [-55.148182, -50.798977, -53.479965, 0.6210987]
Start for  4_2_8_2 [203/455]
Fin;generate all combinations 5405400 ...time: 28.0291166305542
Fin; energy prediction...time: 689.1374294757843
Egy stat [-51.00004, -44.75454, -48.5739, 0.71337914]
Start for  4_2_7_3 [204/455]
Fin;generate all combinations 14414400 ...time: 71.73928499221802
Fin; energy prediction...time: 1811.749870300293
Egy stat [-46.80045, -39.299194, -43.987045, 0.78878456]
Start for  4_2_6_4 [205/455]
Fin;generate all combinations 25225200 ...time: 102.69963574409485
Fin; energy prediction...time: 3289.904560804367
Egy stat [-43.293343, -33.39061, -39.64898, 0.87248]
Start for  4_2_5_5 [206/455]
Fin;generate all combinations 30270240 ...time: 164.72372174263
Fin; energy prediction...time: 3906.2684166431427
Egy stat [-39.86775, -30.988197, -35.48209, 0.9838334]
Start for  4_2_4_6 [207/455]
Fin;generate all combinations 25225200 ...time: 126.0857286453247
Fin; energy prediction...time: 3193.6824045181274
Egy stat [-37.37638, -25.686577, -31.398645, 1.1193191]
Start for  4_2_3_7 [208/455]
Fin;generate all combinations 14414400 ...time: 84.32917833328247
Fin; energy prediction...time: 1844.5518014431
Egy stat [-32.807434, -21.965794, -27.298908, 1.2484144]
Start for  4_2_2_8 [209/455]
Fin;generate all combinations 5405400 ...time: 11.573611736297607
Fin; energy prediction...time: 704.0636415481567
Egy stat [-28.10195, -16.970425, -23.06999, 1.3224576]
Start for  4_2_1_9 [210/455]
Fin;generate all combinations 1201200 ...time: 3.0251340866088867
Fin; energy prediction...time: 162.3003978729248
Egy stat [-22.425318, -14.417755, -18.585909, 1.2873685]
Start for  4_1_10_1 [211/455]
Fin;generate all combinations 240240 ...time: 0.9179167747497559
Fin; energy prediction...time: 42.004433155059814
Egy stat [-56.71818, -52.763527, -55.248756, 0.5943925]
Start for  4_1_9_2 [212/455]
Fin;generate all combinations 1201200 ...time: 5.188486337661743
Fin; energy prediction...time: 161.32240200042725
Egy stat [-52.577877, -46.807957, -50.367702, 0.6840592]
Start for  4_1_8_3 [213/455]
Fin;generate all combinations 3603600 ...time: 17.721550941467285
Fin; energy prediction...time: 454.88947200775146
Egy stat [-48.40203, -41.43311, -45.808983, 0.7505169]
Start for  4_1_7_4 [214/455]
Fin;generate all combinations 7207200 ...time: 41.297033071517944
Fin; energy prediction...time: 913.4583055973053
Egy stat [-44.69206, -35.549572, -41.504135, 0.8234197]
Start for  4_1_6_5 [215/455]
Fin;generate all combinations 10090080 ...time: 49.67124032974243
Fin; energy prediction...time: 1261.549468755722
Egy stat [-41.44084, -33.137848, -37.377247, 0.9280405]
Start for  4_1_5_6 [216/455]
Fin;generate all combinations 10090080 ...time: 58.610748291015625
Fin; energy prediction...time: 1301.868884563446
Egy stat [-38.729187, -27.841383, -33.342, 1.0643106]
Start for  4_1_4_7 [217/455]
Fin;generate all combinations 7207200 ...time: 45.02927541732788
Fin; energy prediction...time: 924.2704911231995
Egy stat [-34.677704, -24.11343, -29.299295, 1.2007157]
Start for  4_1_3_8 [218/455]
Fin;generate all combinations 3603600 ...time: 7.016186714172363
Fin; energy prediction...time: 473.9185559749603
Egy stat [-30.081312, -19.230171, -25.136702, 1.2845019]
Start for  4_1_2_9 [219/455]
Fin;generate all combinations 1201200 ...time: 2.766338586807251
Fin; energy prediction...time: 159.85296845436096
Egy stat [-24.41977, -16.500322, -20.728292, 1.2537295]
Start for  4_1_1_10 [220/455]
Fin;generate all combinations 240240 ...time: 0.7547779083251953
Fin; energy prediction...time: 41.668299198150635
Egy stat [-18.407019, -11.574833, -15.93526, 1.0518744]
Start for  3_11_1_1 [221/455]
Fin;generate all combinations 87360 ...time: 0.30089855194091797
Fin; energy prediction...time: 21.448424577713013
Egy stat [-42.883163, -38.183422, -41.12031, 0.6292011]
Start for  3_10_2_1 [222/455]
Fin;generate all combinations 480480 ...time: 2.22273588180542
Fin; energy prediction...time: 69.58782172203064
Egy stat [-44.446457, -39.53189, -42.529747, 0.63660544]
Start for  3_10_1_2 [223/455]
Fin;generate all combinations 480480 ...time: 2.0287489891052246
Fin; energy prediction...time: 70.88472557067871
Egy stat [-39.502663, -33.1767, -37.0135, 0.7782355]
Start for  3_9_3_1 [224/455]
Fin;generate all combinations 1601600 ...time: 6.295460939407349
Fin; energy prediction...time: 210.4697744846344
Egy stat [-45.93009, -40.936195, -43.9634, 0.6395355]
Start for  3_9_2_2 [225/455]
Fin;generate all combinations 2402400 ...time: 10.475567102432251
Fin; energy prediction...time: 312.0718548297882
Egy stat [-41.338585, -34.174393, -38.510513, 0.7795867]
Start for  3_9_1_3 [226/455]
Fin;generate all combinations 1601600 ...time: 2.747891902923584
Fin; energy prediction...time: 213.56162333488464
Egy stat [-36.55037, -28.51133, -33.42063, 0.9080893]
Start for  3_8_4_1 [227/455]
Fin;generate all combinations 3603600 ...time: 12.514541387557983
Fin; energy prediction...time: 472.05294251441956
Egy stat [-47.420883, -42.352776, -45.423325, 0.6379821]
Start for  3_8_3_2 [228/455]
Fin;generate all combinations 7207200 ...time: 34.96307945251465
Fin; energy prediction...time: 910.560750246048
Egy stat [-42.790157, -35.644093, -40.02822, 0.77718556]
Start for  3_8_2_3 [229/455]
Fin;generate all combinations 7207200 ...time: 38.03354215621948
Fin; energy prediction...time: 908.7467970848083
Egy stat [-38.2135, -29.919025, -34.996548, 0.9035713]
Start for  3_8_1_4 [230/455]
Fin;generate all combinations 3603600 ...time: 19.662901878356934
Fin; energy prediction...time: 459.20708537101746
Egy stat [-34.141434, -23.85405, -30.255478, 1.0238184]
Start for  3_7_5_1 [231/455]
Fin;generate all combinations 5765760 ...time: 23.41042923927307
Fin; energy prediction...time: 747.9992036819458
Egy stat [-48.974358, -44.019775, -46.911396, 0.63202006]
Start for  3_7_4_2 [232/455]
Fin;generate all combinations 14414400 ...time: 74.07177782058716
Fin; energy prediction...time: 1833.6886415481567
Egy stat [-44.310997, -37.484276, -41.568516, 0.77092457]
Start for  3_7_3_3 [233/455]
Fin;generate all combinations 19219200 ...time: 60.44596576690674
Fin; energy prediction...time: 2477.286416530609
Egy stat [-39.89421, -31.741724, -36.589336, 0.8951287]
Start for  3_7_2_4 [234/455]
Fin;generate all combinations 14414400 ...time: 25.71981978416443
Fin; energy prediction...time: 1962.4376893043518
Egy stat [-35.823112, -25.706524, -31.90313, 1.0119373]
Start for  3_7_1_5 [235/455]
Fin;generate all combinations 5765760 ...time: 42.68458366394043
Fin; energy prediction...time: 753.8166561126709
Egy stat [-32.559776, -21.334381, -27.43585, 1.1316864]
Start for  3_6_6_1 [236/455]
Fin;generate all combinations 6726720 ...time: 12.328668355941772
Fin; energy prediction...time: 889.6777625083923
Egy stat [-50.520256, -45.677647, -48.4296, 0.6217874]
Start for  3_6_5_2 [237/455]
Fin;generate all combinations 20180160 ...time: 78.31651067733765
Fin; energy prediction...time: 2583.0786216259003
Egy stat [-45.85207, -39.24763, -43.1333, 0.7607971]
Start for  3_6_4_3 [238/455]
Fin;generate all combinations 33633600 ...time: 146.42005109786987
Fin; energy prediction...time: 4292.479868888855
Egy stat [-41.45935, -33.482357, -38.20099, 0.88259244]
Start for  3_6_3_4 [239/455]
Fin;generate all combinations 33633600 ...time: 193.91211557388306
Fin; energy prediction...time: 4272.463178396225
Egy stat [-37.51499, -27.446602, -33.564, 0.99547374]
Start for  3_6_2_5 [240/455]
Fin;generate all combinations 20180160 ...time: 103.065012216568
Fin; energy prediction...time: 2695.001804590225
Egy stat [-34.38419, -23.1112, -29.150106, 1.1113396]
Start for  3_6_1_6 [241/455]
Fin;generate all combinations 6726720 ...time: 14.91276240348816
Fin; energy prediction...time: 852.9562668800354
Egy stat [-31.547947, -19.668133, -24.879229, 1.2359163]
Start for  3_5_7_1 [242/455]
Fin;generate all combinations 5765760 ...time: 26.374768018722534
Fin; energy prediction...time: 736.540402173996
Egy stat [-52.138046, -47.40938, -49.9797, 0.6074711]
Start for  3_5_6_2 [243/455]
Fin;generate all combinations 20180160 ...time: 93.36949276924133
Fin; energy prediction...time: 2596.804356813431
Egy stat [-47.474735, -41.128716, -44.72429, 0.7468765]
Start for  3_5_5_3 [244/455]
Fin;generate all combinations 40360320 ...time: 159.52876806259155
Fin; energy prediction...time: 5140.503467559814
Egy stat [-43.08289, -35.332626, -39.83321, 0.86590195]
Start for  3_5_4_4 [245/455]
Fin;generate all combinations 50450400 ...time: 277.6944274902344
Fin; energy prediction...time: 6416.732429027557
Egy stat [-39.10061, -29.323523, -35.23994, 0.9741685]
Start for  3_5_3_5 [246/455]
Fin;generate all combinations 40360320 ...time: 303.84656977653503
Fin; energy prediction...time: 5194.216736078262
Egy stat [-35.950573, -25.07782, -30.874018, 1.0855356]
Start for  3_5_2_6 [247/455]
Fin;generate all combinations 20180160 ...time: 124.98524904251099
Fin; energy prediction...time: 2580.217908859253
Egy stat [-33.15113, -21.36029, -26.65696, 1.2075727]
Start for  3_5_1_7 [248/455]
Fin;generate all combinations 5765760 ...time: 14.636868238449097
Fin; energy prediction...time: 770.5825288295746
Egy stat [-29.308779, -16.65838, -22.498718, 1.3326632]
Start for  3_4_8_1 [249/455]
Fin;generate all combinations 3603600 ...time: 8.02328872680664
Fin; energy prediction...time: 475.97553420066833
Egy stat [-53.560394, -49.15757, -51.563446, 0.5893044]
Start for  3_4_7_2 [250/455]
Fin;generate all combinations 14414400 ...time: 75.7047049999237
Fin; energy prediction...time: 1839.5517427921295
Egy stat [-48.879864, -42.93599, -46.34339, 0.7292958]
Start for  3_4_6_3 [251/455]
Fin;generate all combinations 33633600 ...time: 190.67044734954834
Fin; energy prediction...time: 4208.650884628296
Egy stat [-44.59649, -37.114113, -41.487896, 0.84508866]
Start for  3_4_5_4 [252/455]
Fin;generate all combinations 50450400 ...time: 236.71515369415283
Fin; energy prediction...time: 6351.6326014995575
Egy stat [-40.66693, -31.096224, -36.9329, 0.9478817]
Start for  3_4_4_5 [253/455]
Fin;generate all combinations 50450400 ...time: 326.7626130580902
Fin; energy prediction...time: 6666.069299697876
Egy stat [-37.54302, -26.855526, -32.609722, 1.0538678]
Start for  3_4_3_6 [254/455]
Fin;generate all combinations 33633600 ...time: 183.38437294960022
Fin; energy prediction...time: 4293.134912014008
Egy stat [-34.685112, -23.150599, -28.441303, 1.172994]
Start for  3_4_2_7 [255/455]
Fin;generate all combinations 14414400 ...time: 29.319235801696777
Fin; energy prediction...time: 1845.0266921520233
Egy stat [-31.065027, -18.23617, -24.338795, 1.2986907]
Start for  3_4_1_8 [256/455]
Fin;generate all combinations 3603600 ...time: 10.17107367515564
Fin; energy prediction...time: 488.90911173820496
Egy stat [-26.298794, -14.200047, -20.200117, 1.4045968]
Start for  3_3_9_1 [257/455]
Fin;generate all combinations 1601600 ...time: 4.209789037704468
Fin; energy prediction...time: 219.7430920600891
Egy stat [-54.96738, -50.97496, -53.18246, 0.56756854]
Start for  3_3_8_2 [258/455]
Fin;generate all combinations 7207200 ...time: 43.519639015197754
Fin; energy prediction...time: 910.4288322925568
Egy stat [-50.339855, -44.94631, -47.99221, 0.7082451]
Start for  3_3_7_3 [259/455]
Fin;generate all combinations 19219200 ...time: 88.32263803482056
Fin; energy prediction...time: 2488.4927747249603
Egy stat [-46.07097, -39.149197, -43.166946, 0.820253]
Start for  3_3_6_4 [260/455]
Fin;generate all combinations 33633600 ...time: 205.0200822353363
Fin; energy prediction...time: 4287.96670460701
Egy stat [-42.294422, -33.19945, -38.6448, 0.9165619]
Start for  3_3_5_5 [261/455]
Fin;generate all combinations 40360320 ...time: 233.67283844947815
Fin; energy prediction...time: 5128.867522478104
Egy stat [-39.073833, -28.898937, -34.359238, 1.0160321]
Start for  3_3_4_6 [262/455]
Fin;generate all combinations 33633600 ...time: 160.03684282302856
Fin; energy prediction...time: 4311.389152050018
Egy stat [-36.226944, -25.212622, -30.23451, 1.1315601]
Start for  3_3_3_7 [263/455]
Fin;generate all combinations 19219200 ...time: 109.9877097606659
Fin; energy prediction...time: 2462.723000764847
Egy stat [-32.74505, -20.35706, -26.183004, 1.2581528]
Start for  3_3_2_8 [264/455]
Fin;generate all combinations 7207200 ...time: 58.25420331954956
Fin; energy prediction...time: 961.100239276886
Egy stat [-28.143679, -16.23383, -22.103456, 1.3685884]
Start for  3_3_1_9 [265/455]
Fin;generate all combinations 1601600 ...time: 4.900832653045654
Fin; energy prediction...time: 213.9229462146759
Egy stat [-22.591621, -12.099522, -17.88015, 1.4184825]
Start for  3_2_10_1 [266/455]
Fin;generate all combinations 480480 ...time: 1.5086743831634521
Fin; energy prediction...time: 73.67647361755371
Egy stat [-56.44963, -52.81853, -54.838192, 0.542613]
Start for  3_2_9_2 [267/455]
Fin;generate all combinations 2402400 ...time: 4.235046625137329
Fin; energy prediction...time: 311.87482738494873
Egy stat [-51.852455, -46.858524, -49.672504, 0.6839694]
Start for  3_2_8_3 [268/455]
Fin;generate all combinations 7207200 ...time: 37.181891202926636
Fin; energy prediction...time: 912.0009822845459
Egy stat [-47.626884, -41.11225, -44.872116, 0.79155874]
Start for  3_2_7_4 [269/455]
Fin;generate all combinations 14414400 ...time: 87.68382287025452
Fin; energy prediction...time: 1808.6992383003235
Egy stat [-43.877476, -35.182907, -40.37762, 0.8802248]
Start for  3_2_6_5 [270/455]
Fin;generate all combinations 20180160 ...time: 114.8482666015625
Fin; energy prediction...time: 2520.926884174347
Egy stat [-40.612732, -30.793308, -36.1244, 0.9717902]
Start for  3_2_5_6 [271/455]
Fin;generate all combinations 20180160 ...time: 132.5389003753662
Fin; energy prediction...time: 2570.5118119716644
Egy stat [-37.59726, -27.161768, -32.038647, 1.0827247]
Start for  3_2_4_7 [272/455]
Fin;generate all combinations 14414400 ...time: 70.50903487205505
Fin; energy prediction...time: 1978.8748636245728
Egy stat [-34.43534, -22.395054, -28.03371, 1.2101848]
Start for  3_2_3_8 [273/455]
Fin;generate all combinations 7207200 ...time: 45.554880142211914
Fin; energy prediction...time: 937.7223808765411
Egy stat [-29.943779, -18.285221, -24.008987, 1.3263749]
Start for  3_2_2_9 [274/455]
Fin;generate all combinations 2402400 ...time: 5.407867431640625
Fin; energy prediction...time: 309.2586648464203
Egy stat [-24.586226, -14.1687765, -19.849377, 1.3836888]
Start for  3_2_1_10 [275/455]
Fin;generate all combinations 480480 ...time: 8.055710077285767
Fin; energy prediction...time: 73.77608323097229
Egy stat [-18.841228, -11.118428, -15.425561, 1.3251019]
Start for  3_1_11_1 [276/455]
Fin;generate all combinations 87360 ...time: 0.4216954708099365
Fin; energy prediction...time: 23.630770921707153
Egy stat [-57.95832, -54.725864, -56.53206, 0.51488864]
Start for  3_1_10_2 [277/455]
Fin;generate all combinations 480480 ...time: 1.7178537845611572
Fin; energy prediction...time: 71.82739877700806
Egy stat [-53.43765, -48.859543, -51.385593, 0.65678495]
Start for  3_1_9_3 [278/455]
Fin;generate all combinations 1601600 ...time: 9.108675718307495
Fin; energy prediction...time: 211.07122349739075
Egy stat [-49.17264, -43.15171, -46.60492, 0.759229]
Start for  3_1_8_4 [279/455]
Fin;generate all combinations 3603600 ...time: 17.691070556640625
Fin; energy prediction...time: 476.7202043533325
Egy stat [-45.207233, -37.31098, -42.133068, 0.83893645]
Start for  3_1_7_5 [280/455]
Fin;generate all combinations 5765760 ...time: 27.37252163887024
Fin; energy prediction...time: 741.9574189186096
Egy stat [-42.001507, -32.849937, -37.907505, 0.92093176]
Start for  3_1_6_6 [281/455]
Fin;generate all combinations 6726720 ...time: 30.49119782447815
Fin; energy prediction...time: 889.6016795635223
Egy stat [-38.934097, -29.29628, -33.85589, 1.0259591]
Start for  3_1_5_7 [282/455]
Fin;generate all combinations 5765760 ...time: 26.784913063049316
Fin; energy prediction...time: 727.1449778079987
Egy stat [-35.75876, -24.542835, -29.892996, 1.1539798]
Start for  3_1_4_8 [283/455]
Fin;generate all combinations 3603600 ...time: 19.30492663383484
Fin; energy prediction...time: 464.54675221443176
Egy stat [-31.756111, -20.326656, -25.919065, 1.2768248]
Start for  3_1_3_9 [284/455]
Fin;generate all combinations 1601600 ...time: 10.74293065071106
Fin; energy prediction...time: 212.3991255760193
Egy stat [-26.482147, -16.361582, -21.81941, 1.3438306]
Start for  3_1_2_10 [285/455]
Fin;generate all combinations 480480 ...time: 1.151245355606079
Fin; energy prediction...time: 71.17278265953064
Egy stat [-20.79272, -13.165465, -17.464935, 1.291521]
Start for  3_1_1_11 [286/455]
Fin;generate all combinations 87360 ...time: 1.3412914276123047
Fin; energy prediction...time: 22.355345010757446
Egy stat [-14.711399, -8.68636, -12.713131, 1.0559207]
Start for  2_12_1_1 [287/455]
Fin;generate all combinations 21840 ...time: 0.0753026008605957
Fin; energy prediction...time: 13.654630422592163
Egy stat [-43.63408, -40.088318, -42.102467, 0.5479043]
Start for  2_11_2_1 [288/455]
Fin;generate all combinations 131040 ...time: 0.43715763092041016
Fin; energy prediction...time: 27.750691652297974
Egy stat [-45.013046, -41.05893, -43.378525, 0.5552292]
Start for  2_11_1_2 [289/455]
Fin;generate all combinations 131040 ...time: 0.5382516384124756
Fin; energy prediction...time: 27.74609661102295
Egy stat [-39.77723, -34.23108, -37.559155, 0.7446404]
Start for  2_10_3_1 [290/455]
Fin;generate all combinations 480480 ...time: 2.048236846923828
Fin; energy prediction...time: 71.55205702781677
Egy stat [-46.37109, -42.042286, -44.681557, 0.5583272]
Start for  2_10_2_2 [291/455]
Fin;generate all combinations 720720 ...time: 3.814600944519043
Fin; energy prediction...time: 100.1675534248352
Egy stat [-41.30394, -35.212986, -38.9262, 0.7445969]
Start for  2_10_1_3 [292/455]
Fin;generate all combinations 480480 ...time: 2.533461332321167
Fin; energy prediction...time: 71.52286434173584
Egy stat [-36.700146, -29.05182, -33.586445, 0.9067515]
Start for  2_9_4_1 [293/455]
Fin;generate all combinations 1201200 ...time: 4.605621337890625
Fin; energy prediction...time: 159.83485746383667
Egy stat [-47.752056, -43.42079, -46.013638, 0.55726606]
Start for  2_9_3_2 [294/455]
Fin;generate all combinations 2402400 ...time: 13.103352069854736
Fin; energy prediction...time: 306.6048176288605
Egy stat [-42.67788, -36.67659, -40.317, 0.7412999]
Start for  2_9_2_3 [295/455]
Fin;generate all combinations 2402400 ...time: 9.218899250030518
Fin; energy prediction...time: 307.75603318214417
Egy stat [-38.18724, -30.490284, -35.034267, 0.9017243]
Start for  2_9_1_4 [296/455]
Fin;generate all combinations 1201200 ...time: 6.978057384490967
Fin; energy prediction...time: 163.5356249809265
Egy stat [-33.806633, -24.303078, -30.097973, 1.041222]
Start for  2_8_5_1 [297/455]
Fin;generate all combinations 2162160 ...time: 9.46549940109253
Fin; energy prediction...time: 282.39792251586914
Egy stat [-49.13718, -44.91536, -47.3767, 0.5521463]
Start for  2_8_4_2 [298/455]
Fin;generate all combinations 5405400 ...time: 26.583582162857056
Fin; energy prediction...time: 686.536557674408
Egy stat [-44.09706, -38.025345, -41.733467, 0.73472875]
Start for  2_8_3_3 [299/455]
Fin;generate all combinations 7207200 ...time: 33.73499011993408
Fin; energy prediction...time: 897.3090989589691
Egy stat [-39.637123, -31.958689, -36.502193, 0.8934901]
Start for  2_8_2_4 [300/455]
Fin;generate all combinations 5405400 ...time: 34.49071264266968
Fin; energy prediction...time: 684.7154562473297
Egy stat [-35.368668, -25.72084, -31.617674, 1.0305284]
Start for  2_8_1_5 [301/455]
Fin;generate all combinations 2162160 ...time: 4.3272950649261475
Fin; energy prediction...time: 282.15877866744995
Egy stat [-31.595266, -20.937996, -27.013971, 1.1552415]
Start for  2_7_6_1 [302/455]
Fin;generate all combinations 2882880 ...time: 15.226501703262329
Fin; energy prediction...time: 369.9749939441681
Egy stat [-50.619335, -46.529243, -48.772728, 0.5430897]
Start for  2_7_5_2 [303/455]
Fin;generate all combinations 8648640 ...time: 39.28006911277771
Fin; energy prediction...time: 1080.0044548511505
Egy stat [-45.519405, -39.691017, -43.17741, 0.724917]
Start for  2_7_4_3 [304/455]
Fin;generate all combinations 14414400 ...time: 58.53134870529175
Fin; energy prediction...time: 1852.168598651886
Egy stat [-41.135147, -33.63909, -37.992176, 0.8819975]
Start for  2_7_3_4 [305/455]
Fin;generate all combinations 14414400 ...time: 51.031595945358276
Fin; energy prediction...time: 1827.4425497055054
Egy stat [-36.927513, -27.455595, -33.153828, 1.0162323]
Start for  2_7_2_5 [306/455]
Fin;generate all combinations 8648640 ...time: 44.4596164226532
Fin; energy prediction...time: 1095.1391394138336
Egy stat [-33.33869, -22.802933, -28.598488, 1.1375397]
Start for  2_7_1_6 [307/455]
Fin;generate all combinations 2882880 ...time: 6.048893213272095
Fin; energy prediction...time: 383.8577206134796
Egy stat [-30.478497, -17.934425, -24.256447, 1.2567291]
Start for  2_6_7_1 [308/455]
Fin;generate all combinations 2882880 ...time: 4.912970542907715
Fin; energy prediction...time: 382.8070161342621
Egy stat [-52.080296, -48.03588, -50.203484, 0.5302309]
Start for  2_6_6_2 [309/455]
Fin;generate all combinations 10090080 ...time: 37.780866861343384
Fin; energy prediction...time: 1281.1668028831482
Egy stat [-46.961838, -41.24328, -44.650806, 0.7119306]
Start for  2_6_5_3 [310/455]
Fin;generate all combinations 20180160 ...time: 99.04722452163696
Fin; energy prediction...time: 2505.6812109947205
Egy stat [-42.65245, -35.331318, -39.505943, 0.86726075]
Start for  2_6_4_4 [311/455]
Fin;generate all combinations 25225200 ...time: 121.70483303070068
Fin; energy prediction...time: 3155.851597070694
Egy stat [-38.560326, -29.161663, -34.708267, 0.99826175]
Start for  2_6_3_5 [312/455]
Fin;generate all combinations 20180160 ...time: 139.1419460773468
Fin; energy prediction...time: 2562.6923418045044
Egy stat [-35.0381, -24.528591, -30.195902, 1.1156029]
Start for  2_6_2_6 [313/455]
Fin;generate all combinations 10090080 ...time: 63.30367612838745
Fin; energy prediction...time: 1260.1977488994598
Egy stat [-32.1542, -19.704231, -25.900839, 1.2312292]
Start for  2_6_1_7 [314/455]
Fin;generate all combinations 2882880 ...time: 28.166116952896118
Fin; energy prediction...time: 390.4734604358673
Egy stat [-29.480045, -16.090027, -21.744684, 1.3508782]
Start for  2_5_8_1 [315/455]
Fin;generate all combinations 2162160 ...time: 4.388737201690674
Fin; energy prediction...time: 287.78333806991577
Egy stat [-53.37519, -49.717045, -51.670673, 0.5137141]
Start for  2_5_7_2 [316/455]
Fin;generate all combinations 8648640 ...time: 51.73942303657532
Fin; energy prediction...time: 1122.9411482810974
Egy stat [-48.36682, -42.999413, -46.155327, 0.6958642]
Start for  2_5_6_3 [317/455]
Fin;generate all combinations 20180160 ...time: 73.03071975708008
Fin; energy prediction...time: 2625.503324508667
Egy stat [-44.043293, -37.0559, -41.04541, 0.849344]
Start for  2_5_5_4 [318/455]
Fin;generate all combinations 30270240 ...time: 133.4885549545288
Fin; energy prediction...time: 3888.5025725364685
Egy stat [-39.990498, -30.925234, -36.282913, 0.9766243]
Start for  2_5_4_5 [319/455]
Fin;generate all combinations 30270240 ...time: 131.8289873600006
Fin; energy prediction...time: 3967.342158794403
Egy stat [-36.53342, -26.417833, -31.808107, 1.0893155]
Start for  2_5_3_6 [320/455]
Fin;generate all combinations 20180160 ...time: 106.36657667160034
Fin; energy prediction...time: 2571.7459964752197
Egy stat [-33.521244, -21.667564, -27.554836, 1.2007818]
Start for  2_5_2_7 [321/455]
Fin;generate all combinations 8648640 ...time: 20.64534640312195
Fin; energy prediction...time: 1126.8086242675781
Egy stat [-31.045752, -17.66203, -23.446075, 1.3181865]
Start for  2_5_1_8 [322/455]
Fin;generate all combinations 2162160 ...time: 29.171173810958862
Fin; energy prediction...time: 286.51587414741516
Egy stat [-26.667747, -13.203955, -19.391611, 1.4342806]
Start for  2_4_9_1 [323/455]
Fin;generate all combinations 1201200 ...time: 8.864242553710938
Fin; energy prediction...time: 168.54771876335144
Egy stat [-54.73051, -51.45856, -53.17588, 0.49369702]
Start for  2_4_8_2 [324/455]
Fin;generate all combinations 5405400 ...time: 31.12433385848999
Fin; energy prediction...time: 683.851527929306
Egy stat [-49.79436, -44.783245, -47.69242, 0.6768342]
Start for  2_4_7_3 [325/455]
Fin;generate all combinations 14414400 ...time: 63.87543320655823
Fin; energy prediction...time: 1843.4904658794403
Egy stat [-45.473232, -38.804924, -42.612186, 0.82834715]
Start for  2_4_6_4 [326/455]
Fin;generate all combinations 25225200 ...time: 150.82075905799866
Fin; energy prediction...time: 3162.079089641571
Egy stat [-41.47257, -32.667374, -37.879566, 0.95139635]
Start for  2_4_5_5 [327/455]
Fin;generate all combinations 30270240 ...time: 164.37171626091003
Fin; energy prediction...time: 3915.0735189914703
Egy stat [-37.87719, -28.173449, -33.437115, 1.058663]
Start for  2_4_4_6 [328/455]
Fin;generate all combinations 25225200 ...time: 120.21072673797607
Fin; energy prediction...time: 3192.7695865631104
Egy stat [-35.080986, -23.464518, -29.220512, 1.165184]
Start for  2_4_3_7 [329/455]
Fin;generate all combinations 14414400 ...time: 84.76072144508362
Fin; energy prediction...time: 1857.5784373283386
Egy stat [-32.54269, -19.55064, -25.154312, 1.2799764]
Start for  2_4_2_8 [330/455]
Fin;generate all combinations 5405400 ...time: 11.090058088302612
Fin; energy prediction...time: 705.9804027080536
Egy stat [-28.336462, -14.710914, -21.14923, 1.3967663]
Start for  2_4_1_9 [331/455]
Fin;generate all combinations 1201200 ...time: 3.2059121131896973
Fin; energy prediction...time: 163.47179102897644
Egy stat [-22.90728, -11.401502, -17.10125, 1.4893458]
Start for  2_3_10_1 [332/455]
Fin;generate all combinations 480480 ...time: 1.2976150512695312
Fin; energy prediction...time: 71.82344555854797
Egy stat [-56.114727, -53.217144, -54.72056, 0.47036195]
Start for  2_3_9_2 [333/455]
Fin;generate all combinations 2402400 ...time: 8.174505949020386
Fin; energy prediction...time: 322.60009574890137
Egy stat [-51.235077, -46.60953, -49.263817, 0.65498084]
Start for  2_3_8_3 [334/455]
Fin;generate all combinations 7207200 ...time: 35.71893882751465
Fin; energy prediction...time: 925.9116942882538
Egy stat [-46.962475, -40.70054, -44.20806, 0.80440825]
Start for  2_3_7_4 [335/455]
Fin;generate all combinations 14414400 ...time: 78.37542939186096
Fin; energy prediction...time: 1834.6291093826294
Egy stat [-42.9764, -34.669174, -39.50005, 0.9227095]
Start for  2_3_6_5 [336/455]
Fin;generate all combinations 20180160 ...time: 98.22608137130737
Fin; energy prediction...time: 2599.1807067394257
Egy stat [-39.447227, -30.240465, -35.084846, 1.0237055]
Start for  2_3_5_6 [337/455]
Fin;generate all combinations 20180160 ...time: 102.26612782478333
Fin; energy prediction...time: 2562.714594602585
Egy stat [-36.57593, -25.50196, -30.899979, 1.124331]
Start for  2_3_4_7 [338/455]
Fin;generate all combinations 14414400 ...time: 113.42613935470581
Fin; energy prediction...time: 1821.5744512081146
Egy stat [-34.05059, -21.448341, -26.871553, 1.2358977]
Start for  2_3_3_8 [339/455]
Fin;generate all combinations 7207200 ...time: 44.80576252937317
Fin; energy prediction...time: 943.087569475174
Egy stat [-29.960564, -16.73634, -22.911392, 1.3535746]
Start for  2_3_2_9 [340/455]
Fin;generate all combinations 2402400 ...time: 5.3170366287231445
Fin; energy prediction...time: 309.42478680610657
Egy stat [-24.728027, -13.449907, -18.916292, 1.4507546]
Start for  2_3_1_10 [341/455]
Fin;generate all combinations 480480 ...time: 1.4980504512786865
Fin; energy prediction...time: 73.38183379173279
Egy stat [-19.24765, -8.725176, -14.767627, 1.4816551]
Start for  2_2_11_1 [342/455]
Fin;generate all combinations 131040 ...time: 0.45371365547180176
Fin; energy prediction...time: 29.00321626663208
Egy stat [-57.541306, -55.014057, -56.306, 0.44393933]
Start for  2_2_10_2 [343/455]
Fin;generate all combinations 720720 ...time: 1.335284948348999
Fin; energy prediction...time: 100.3613121509552
Egy stat [-52.699017, -48.462227, -50.870842, 0.63047993]
Start for  2_2_9_3 [344/455]
Fin;generate all combinations 2402400 ...time: 12.48275375366211
Fin; energy prediction...time: 314.16567301750183
Egy stat [-48.48603, -42.60732, -45.834354, 0.77770334]
Start for  2_2_8_4 [345/455]
Fin;generate all combinations 5405400 ...time: 26.437845706939697
Fin; energy prediction...time: 687.6605875492096
Egy stat [-44.495453, -36.619102, -41.14606, 0.89075136]
Start for  2_2_7_5 [346/455]
Fin;generate all combinations 8648640 ...time: 52.722933292388916
Fin; energy prediction...time: 1092.1345429420471
Egy stat [-41.003563, -32.16559, -36.753185, 0.98457885]
Start for  2_2_6_6 [347/455]
Fin;generate all combinations 10090080 ...time: 59.98556685447693
Fin; energy prediction...time: 1263.0461783409119
Egy stat [-38.084908, -27.382648, -32.595222, 1.0782056]
Start for  2_2_5_7 [348/455]
Fin;generate all combinations 8648640 ...time: 62.032729148864746
Fin; energy prediction...time: 1086.4885969161987
Egy stat [-35.388824, -23.408123, -28.59998, 1.1856996]
Start for  2_2_4_8 [349/455]
Fin;generate all combinations 5405400 ...time: 28.7056622505188
Fin; energy prediction...time: 692.875529050827
Egy stat [-31.596209, -18.666042, -24.680418, 1.304173]
Start for  2_2_3_9 [350/455]
Fin;generate all combinations 2402400 ...time: 16.547515630722046
Fin; energy prediction...time: 306.9992022514343
Egy stat [-26.45433, -15.436864, -20.734179, 1.4069412]
Start for  2_2_2_10 [351/455]
Fin;generate all combinations 720720 ...time: 6.710572004318237
Fin; energy prediction...time: 101.50780534744263
Egy stat [-21.170542, -10.750504, -16.643085, 1.4459393]
Start for  2_2_1_11 [352/455]
Fin;generate all combinations 131040 ...time: 0.4371674060821533
Fin; energy prediction...time: 29.869035959243774
Egy stat [-15.20916, -7.946982, -12.274545, 1.3600521]
Start for  2_1_12_1 [353/455]
Fin;generate all combinations 21840 ...time: 0.10262489318847656
Fin; energy prediction...time: 14.515090465545654
Egy stat [-59.037197, -56.836826, -57.93334, 0.41475186]
Start for  2_1_11_2 [354/455]
Fin;generate all combinations 131040 ...time: 0.2527592182159424
Fin; energy prediction...time: 28.337813138961792
Egy stat [-54.204838, -50.397774, -52.51475, 0.60356563]
Start for  2_1_10_3 [355/455]
Fin;generate all combinations 480480 ...time: 2.443852186203003
Fin; energy prediction...time: 71.74024605751038
Egy stat [-50.02071, -44.562996, -47.492634, 0.7484616]
Start for  2_1_9_4 [356/455]
Fin;generate all combinations 1201200 ...time: 6.176077127456665
Fin; energy prediction...time: 163.4954071044922
Egy stat [-46.000137, -38.64875, -42.819183, 0.85577136]
Start for  2_1_8_5 [357/455]
Fin;generate all combinations 2162160 ...time: 13.41883134841919
Fin; energy prediction...time: 280.1168670654297
Egy stat [-42.306793, -34.255505, -38.443928, 0.94148886]
Start for  2_1_7_6 [358/455]
Fin;generate all combinations 2882880 ...time: 18.619153261184692
Fin; energy prediction...time: 372.767822265625
Egy stat [-39.44252, -29.375355, -34.308384, 1.0268545]
Start for  2_1_6_7 [359/455]
Fin;generate all combinations 2882880 ...time: 13.359042882919312
Fin; energy prediction...time: 377.04933071136475
Egy stat [-36.695724, -25.387026, -30.341846, 1.1291964]
Start for  2_1_5_8 [360/455]
Fin;generate all combinations 2162160 ...time: 11.6990807056427
Fin; energy prediction...time: 282.9475317001343
Egy stat [-32.905464, -20.71825, -26.458755, 1.2481226]
Start for  2_1_4_9 [361/455]
Fin;generate all combinations 1201200 ...time: 2.4699056148529053
Fin; energy prediction...time: 168.0281581878662
Egy stat [-28.19201, -17.427094, -22.55737, 1.3571509]
Start for  2_1_3_10 [362/455]
Fin;generate all combinations 480480 ...time: 1.0258734226226807
Fin; energy prediction...time: 73.30978465080261
Egy stat [-23.029915, -12.90499, -18.520233, 1.4061589]
Start for  2_1_2_11 [363/455]
Fin;generate all combinations 131040 ...time: 0.31672000885009766
Fin; energy prediction...time: 29.18726658821106
Egy stat [-17.078987, -9.990598, -14.215039, 1.329095]
Start for  2_1_1_12 [364/455]
Fin;generate all combinations 21840 ...time: 0.06773948669433594
Fin; energy prediction...time: 14.74730110168457
Egy stat [-11.116876, -5.2917166, -9.496168, 1.0532998]
Start for  1_13_1_1 [365/455]
Fin;generate all combinations 3360 ...time: 0.013011693954467773
Fin; energy prediction...time: 12.208640336990356
Egy stat [-44.381783, -42.157715, -43.34498, 0.4443327]
Start for  1_12_2_1 [366/455]
Fin;generate all combinations 21840 ...time: 0.03569793701171875
Fin; energy prediction...time: 14.578854084014893
Egy stat [-45.703598, -43.061306, -44.489887, 0.45192206]
Start for  1_12_1_2 [367/455]
Fin;generate all combinations 21840 ...time: 0.043207645416259766
Fin; energy prediction...time: 14.668901681900024
Egy stat [-40.24845, -36.000347, -38.346012, 0.6932656]
Start for  1_11_3_1 [368/455]
Fin;generate all combinations 87360 ...time: 0.3272545337677002
Fin; energy prediction...time: 22.841353178024292
Egy stat [-46.98347, -43.978306, -45.6641, 0.45579743]
Start for  1_11_2_2 [369/455]
Fin;generate all combinations 131040 ...time: 0.6692583560943604
Fin; energy prediction...time: 28.670374155044556
Egy stat [-41.5807, -36.96838, -39.586803, 0.69232404]
Start for  1_11_1_3 [370/455]
Fin;generate all combinations 87360 ...time: 0.472564697265625
Fin; energy prediction...time: 23.292546033859253
Egy stat [-36.932648, -30.429926, -33.97308, 0.89334804]
Start for  1_10_4_1 [371/455]
Fin;generate all combinations 240240 ...time: 0.9106512069702148
Fin; energy prediction...time: 42.72637343406677
Egy stat [-48.27123, -44.967213, -46.86974, 0.4560433]
Start for  1_10_3_2 [372/455]
Fin;generate all combinations 480480 ...time: 2.094820022583008
Fin; energy prediction...time: 71.92655491828918
Egy stat [-42.896866, -37.96042, -40.85411, 0.68862945]
Start for  1_10_2_3 [373/455]
Fin;generate all combinations 480480 ...time: 1.937756061553955
Fin; energy prediction...time: 72.6073796749115
Egy stat [-38.27909, -31.395336, -35.29839, 0.8878111]
Start for  1_10_1_4 [374/455]
Fin;generate all combinations 240240 ...time: 1.5063717365264893
Fin; energy prediction...time: 43.36951756477356
Egy stat [-33.837303, -25.124561, -30.138025, 1.0548313]
Start for  1_9_5_1 [375/455]
Fin;generate all combinations 480480 ...time: 1.4632463455200195
Fin; energy prediction...time: 72.6894063949585
Egy stat [-49.531307, -45.988865, -48.108826, 0.45274463]
Start for  1_9_4_2 [376/455]
Fin;generate all combinations 1201200 ...time: 6.114476442337036
Fin; energy prediction...time: 161.93954277038574
Egy stat [-44.217106, -39.04552, -42.14987, 0.6822168]
Start for  1_9_3_3 [377/455]
Fin;generate all combinations 1601600 ...time: 7.474039554595947
Fin; energy prediction...time: 212.60951137542725
Egy stat [-39.659897, -32.466866, -36.64683, 0.8796274]
Start for  1_9_2_4 [378/455]
Fin;generate all combinations 1201200 ...time: 5.602754831314087
Fin; energy prediction...time: 165.77854681015015
Egy stat [-35.350376, -26.182037, -31.537355, 1.0447549]
Start for  1_9_1_5 [379/455]
Fin;generate all combinations 480480 ...time: 1.0184738636016846
Fin; energy prediction...time: 73.97291660308838
Egy stat [-31.509542, -21.348206, -26.761469, 1.185114]
Start for  1_8_6_1 [380/455]
Fin;generate all combinations 720720 ...time: 2.4691853523254395
Fin; energy prediction...time: 101.05270671844482
Egy stat [-50.810745, -47.402103, -49.38328, 0.44597808]
Start for  1_8_5_2 [381/455]
Fin;generate all combinations 2162160 ...time: 10.725564956665039
Fin; energy prediction...time: 283.0053925514221
Egy stat [-45.563316, -40.50093, -43.475983, 0.6731345]
Start for  1_8_4_3 [382/455]
Fin;generate all combinations 3603600 ...time: 18.053043842315674
Fin; energy prediction...time: 466.9903163909912
Egy stat [-41.02541, -33.976, -38.020306, 0.8688129]
Start for  1_8_3_4 [383/455]
Fin;generate all combinations 3603600 ...time: 21.223756313323975
Fin; energy prediction...time: 458.9998438358307
Egy stat [-36.868256, -27.64194, -32.95623, 1.0317823]
Start for  1_8_2_5 [384/455]
Fin;generate all combinations 2162160 ...time: 11.037705421447754
Fin; energy prediction...time: 294.9467339515686
Egy stat [-33.0009, -22.74433, -28.225927, 1.1694736]
Start for  1_8_1_6 [385/455]
Fin;generate all combinations 720720 ...time: 1.6100153923034668
Fin; energy prediction...time: 100.98466062545776
Egy stat [-29.828154, -17.894455, -23.76835, 1.292317]
Start for  1_7_7_1 [386/455]
Fin;generate all combinations 823680 ...time: 3.4308717250823975
Fin; energy prediction...time: 115.64350080490112
Egy stat [-52.0796, -48.83017, -50.69494, 0.43580675]
Start for  1_7_6_2 [387/455]
Fin;generate all combinations 2882880 ...time: 12.460023641586304
Fin; energy prediction...time: 374.0249545574188
Egy stat [-46.953327, -41.96499, -44.834187, 0.6614304]
Start for  1_7_5_3 [388/455]
Fin;generate all combinations 5765760 ...time: 28.527064561843872
Fin; energy prediction...time: 738.8138890266418
Egy stat [-42.439316, -35.55855, -39.420597, 0.85540694]
Start for  1_7_4_4 [389/455]
Fin;generate all combinations 7207200 ...time: 25.651262998580933
Fin; energy prediction...time: 939.8576164245605
Egy stat [-38.329872, -29.321299, -34.396492, 1.0159246]
Start for  1_7_3_5 [390/455]
Fin;generate all combinations 5765760 ...time: 25.204505443572998
Fin; energy prediction...time: 735.5088276863098
Egy stat [-34.522293, -24.500034, -29.70639, 1.1505002]
Start for  1_7_2_6 [391/455]
Fin;generate all combinations 2882880 ...time: 5.143949270248413
Fin; energy prediction...time: 413.8005611896515
Egy stat [-31.525866, -19.744253, -25.291098, 1.2699755]
Start for  1_7_1_7 [392/455]
Fin;generate all combinations 823680 ...time: 1.8720555305480957
Fin; energy prediction...time: 113.12741279602051
Egy stat [-28.931149, -15.437897, -21.083025, 1.3849548]
Start for  1_6_8_1 [393/455]
Fin;generate all combinations 720720 ...time: 3.4717323780059814
Fin; energy prediction...time: 103.74120092391968
Egy stat [-53.36072, -50.34124, -52.045456, 0.42227742]
Start for  1_6_7_2 [394/455]
Fin;generate all combinations 2882880 ...time: 14.192412376403809
Fin; energy prediction...time: 372.2078835964203
Egy stat [-48.210297, -43.533794, -46.226227, 0.64714974]
Start for  1_6_6_3 [395/455]
Fin;generate all combinations 6726720 ...time: 30.398331880569458
Fin; energy prediction...time: 866.8621668815613
Egy stat [-43.815437, -37.201653, -40.849476, 0.8394602]
Start for  1_6_5_4 [396/455]
Fin;generate all combinations 10090080 ...time: 44.43881916999817
Fin; energy prediction...time: 1287.9849812984467
Egy stat [-39.701057, -30.938623, -35.86003, 0.99723387]
Start for  1_6_4_5 [397/455]
Fin;generate all combinations 10090080 ...time: 47.78797101974487
Fin; energy prediction...time: 1306.896213054657
Egy stat [-36.004196, -26.19251, -31.204681, 1.1282102]
Start for  1_6_3_6 [398/455]
Fin;generate all combinations 6726720 ...time: 12.528735160827637
Fin; energy prediction...time: 867.2573289871216
Egy stat [-32.961952, -21.49215, -26.826475, 1.2437643]
Start for  1_6_2_7 [399/455]
Fin;generate all combinations 2882880 ...time: 5.609487056732178
Fin; energy prediction...time: 374.9533386230469
Egy stat [-30.26712, -17.011341, -22.659382, 1.3553504]
Start for  1_6_1_8 [400/455]
Fin;generate all combinations 720720 ...time: 1.9743633270263672
Fin; energy prediction...time: 102.10834383964539
Egy stat [-26.892136, -12.484044, -18.624924, 1.4683535]
Start for  1_5_9_1 [401/455]
Fin;generate all combinations 480480 ...time: 3.089925765991211
Fin; energy prediction...time: 72.9492540359497
Egy stat [-54.65423, -51.866924, -53.43642, 0.40542027]
Start for  1_5_8_2 [402/455]
Fin;generate all combinations 2162160 ...time: 9.962404251098633
Fin; energy prediction...time: 280.88366436958313
Egy stat [-49.511684, -45.110626, -47.653687, 0.63033205]
Start for  1_5_7_3 [403/455]
Fin;generate all combinations 5765760 ...time: 32.65468168258667
Fin; energy prediction...time: 729.0086793899536
Egy stat [-45.202175, -38.86794, -42.30854, 0.8210307]
Start for  1_5_6_4 [404/455]
Fin;generate all combinations 10090080 ...time: 55.65831255912781
Fin; energy prediction...time: 1277.1779642105103
Egy stat [-41.13594, -32.648804, -37.348537, 0.97579473]
Start for  1_5_5_5 [405/455]
Fin;generate all combinations 12108096 ...time: 61.72496175765991
Fin; energy prediction...time: 1520.7184164524078
Egy stat [-37.457016, -27.97715, -32.722775, 1.1026852]
Start for  1_5_4_6 [406/455]
Fin;generate all combinations 10090080 ...time: 55.461217164993286
Fin; energy prediction...time: 1331.8901314735413
Egy stat [-34.31578, -23.364548, -28.376455, 1.2136927]
Start for  1_5_3_7 [407/455]
Fin;generate all combinations 5765760 ...time: 10.429223537445068
Fin; energy prediction...time: 780.1785864830017
Egy stat [-31.572403, -18.704506, -24.245316, 1.3213335]
Start for  1_5_2_8 [408/455]
Fin;generate all combinations 2162160 ...time: 4.43722939491272
Fin; energy prediction...time: 277.2148971557617
Egy stat [-28.385954, -13.98806, -20.252348, 1.4322029]
Start for  1_5_1_9 [409/455]
Fin;generate all combinations 480480 ...time: 1.342397689819336
Fin; energy prediction...time: 70.85432577133179
Egy stat [-23.298622, -10.332291, -16.30543, 1.53861]
Start for  1_4_10_1 [410/455]
Fin;generate all combinations 240240 ...time: 0.5602502822875977
Fin; energy prediction...time: 41.92134881019592
Egy stat [-55.930737, -53.484222, -54.86926, 0.38525373]
Start for  1_4_9_2 [411/455]
Fin;generate all combinations 1201200 ...time: 5.877501010894775
Fin; energy prediction...time: 160.7860255241394
Egy stat [-50.879417, -46.802536, -49.118008, 0.61101276]
Start for  1_4_8_3 [412/455]
Fin;generate all combinations 3603600 ...time: 19.367708206176758
Fin; energy prediction...time: 461.33253169059753
Egy stat [-46.625256, -40.544014, -43.79943, 0.80018353]
Start for  1_4_7_4 [413/455]
Fin;generate all combinations 7207200 ...time: 30.184855937957764
Fin; energy prediction...time: 913.7575409412384
Egy stat [-42.59642, -34.304024, -38.863747, 0.9517187]
Start for  1_4_6_5 [414/455]
Fin;generate all combinations 10090080 ...time: 49.712889432907104
Fin; energy prediction...time: 1296.6181428432465
Egy stat [-38.87361, -29.703033, -34.26251, 1.0740633]
Start for  1_4_5_6 [415/455]
Fin;generate all combinations 10090080 ...time: 46.64747190475464
Fin; energy prediction...time: 1304.180959224701
Egy stat [-35.650963, -25.143402, -29.943018, 1.1798607]
Start for  1_4_4_7 [416/455]
Fin;generate all combinations 7207200 ...time: 61.759461879730225
Fin; energy prediction...time: 923.9546399116516
Egy stat [-32.88334, -20.314228, -25.843021, 1.2828724]
Start for  1_4_3_8 [417/455]
Fin;generate all combinations 3603600 ...time: 7.5149383544921875
Fin; energy prediction...time: 471.34443402290344
Egy stat [-29.832657, -15.79655, -21.886847, 1.3912649]
Start for  1_4_2_9 [418/455]
Fin;generate all combinations 1201200 ...time: 2.9382975101470947
Fin; energy prediction...time: 161.82253527641296
Egy stat [-24.929516, -11.761276, -17.983515, 1.4983892]
Start for  1_4_1_10 [419/455]
Fin;generate all combinations 240240 ...time: 0.7217116355895996
Fin; energy prediction...time: 45.97617793083191
Egy stat [-19.567171, -8.070609, -14.026024, 1.576729]
Start for  1_3_11_1 [420/455]
Fin;generate all combinations 87360 ...time: 0.2510068416595459
Fin; energy prediction...time: 24.76444911956787
Egy stat [-57.287518, -55.129154, -56.345215, 0.3617947]
Start for  1_3_10_2 [421/455]
Fin;generate all combinations 480480 ...time: 1.8963444232940674
Fin; energy prediction...time: 73.06420660018921
Egy stat [-52.319317, -48.5238, -50.620514, 0.5892321]
Start for  1_3_9_3 [422/455]
Fin;generate all combinations 1601600 ...time: 7.95544695854187
Fin; energy prediction...time: 214.24412751197815
Egy stat [-48.061745, -42.407562, -45.32358, 0.7769901]
Start for  1_3_8_4 [423/455]
Fin;generate all combinations 3603600 ...time: 21.032428741455078
Fin; energy prediction...time: 466.15377831459045
Egy stat [-43.966793, -36.282516, -40.40721, 0.9251452]
Start for  1_3_7_5 [424/455]
Fin;generate all combinations 5765760 ...time: 30.66383123397827
Fin; energy prediction...time: 743.3225779533386
Egy stat [-40.249077, -31.678276, -35.825542, 1.0425355]
Start for  1_3_6_6 [425/455]
Fin;generate all combinations 6726720 ...time: 48.1110622882843
Fin; energy prediction...time: 865.8847179412842
Egy stat [-36.943462, -27.09503, -31.528149, 1.1424484]
Start for  1_3_5_7 [426/455]
Fin;generate all combinations 5765760 ...time: 26.20979142189026
Fin; energy prediction...time: 727.0799653530121
Egy stat [-34.129192, -22.186998, -27.45456, 1.2400414]
Start for  1_3_4_8 [427/455]
Fin;generate all combinations 3603600 ...time: 19.872835636138916
Fin; energy prediction...time: 464.1776599884033
Egy stat [-31.291084, -17.615112, -23.530691, 1.3454163]
Start for  1_3_3_9 [428/455]
Fin;generate all combinations 1601600 ...time: 10.357779502868652
Fin; energy prediction...time: 214.84180569648743
Egy stat [-26.48355, -13.832881, -19.666681, 1.4534004]
Start for  1_3_2_10 [429/455]
Fin;generate all combinations 480480 ...time: 4.363650560379028
Fin; energy prediction...time: 71.30881857872009
Egy stat [-21.318653, -10.049089, -15.756318, 1.536555]
Start for  1_3_1_11 [430/455]
Fin;generate all combinations 87360 ...time: 0.2767634391784668
Fin; energy prediction...time: 23.089421272277832
Egy stat [-15.7883415, -5.7636347, -11.677845, 1.5460837]
Start for  1_2_12_1 [431/455]
Fin;generate all combinations 21840 ...time: 0.06846499443054199
Fin; energy prediction...time: 14.689241409301758
Egy stat [-58.708263, -56.88162, -57.865395, 0.33507922]
Start for  1_2_11_2 [432/455]
Fin;generate all combinations 131040 ...time: 0.5439927577972412
Fin; energy prediction...time: 28.35677456855774
Egy stat [-53.799652, -50.37474, -52.162407, 0.56505185]
Start for  1_2_10_3 [433/455]
Fin;generate all combinations 480480 ...time: 2.4337613582611084
Fin; energy prediction...time: 71.72346925735474
Egy stat [-49.4508, -44.281418, -46.882244, 0.7515466]
Start for  1_2_9_4 [434/455]
Fin;generate all combinations 1201200 ...time: 6.328535318374634
Fin; energy prediction...time: 163.922593832016
Egy stat [-45.32159, -38.18152, -41.980453, 0.89624995]
Start for  1_2_8_5 [435/455]
Fin;generate all combinations 2162160 ...time: 14.112064838409424
Fin; energy prediction...time: 280.7909731864929
Egy stat [-41.50585, -33.56966, -37.413673, 1.0083542]
Start for  1_2_7_6 [436/455]
Fin;generate all combinations 2882880 ...time: 18.292149543762207
Fin; energy prediction...time: 375.3059947490692
Egy stat [-38.232224, -28.944828, -33.133682, 1.1017189]
Start for  1_2_6_7 [437/455]
Fin;generate all combinations 2882880 ...time: 14.291860580444336
Fin; energy prediction...time: 381.71138525009155
Egy stat [-35.391945, -24.032913, -29.08202, 1.1930122]
Start for  1_2_5_8 [438/455]
Fin;generate all combinations 2162160 ...time: 4.317327499389648
Fin; energy prediction...time: 287.1802752017975
Egy stat [-32.61166, -19.473211, -25.186113, 1.2946495]
Start for  1_2_4_9 [439/455]
Fin;generate all combinations 1201200 ...time: 7.2067506313323975
Fin; energy prediction...time: 162.6598789691925
Egy stat [-28.048954, -15.808453, -21.357292, 1.4033878]
Start for  1_2_3_10 [440/455]
Fin;generate all combinations 480480 ...time: 1.1351981163024902
Fin; energy prediction...time: 72.30681014060974
Egy stat [-23.010315, -12.001006, -17.490229, 1.4922017]
Start for  1_2_2_11 [441/455]
Fin;generate all combinations 131040 ...time: 0.3348662853240967
Fin; energy prediction...time: 29.407978773117065
Egy stat [-17.668646, -7.7921286, -13.463696, 1.5109284]
Start for  1_2_1_12 [442/455]
Fin;generate all combinations 21840 ...time: 0.07285547256469727
Fin; energy prediction...time: 15.085463285446167
Egy stat [-11.657629, -4.650231, -9.142153, 1.3931019]
Start for  1_1_13_1 [443/455]
Fin;generate all combinations 3360 ...time: 0.013814926147460938
Fin; energy prediction...time: 12.5593581199646
Egy stat [-60.150627, -58.66002, -59.43074, 0.3052025]
Start for  1_1_12_2 [444/455]
Fin;generate all combinations 21840 ...time: 0.0442357063293457
Fin; energy prediction...time: 14.915573596954346
Egy stat [-55.077866, -52.251774, -53.7447, 0.538582]
Start for  1_1_11_3 [445/455]
Fin;generate all combinations 87360 ...time: 0.5040285587310791
Fin; energy prediction...time: 23.670671701431274
Egy stat [-50.770126, -46.179684, -48.476627, 0.72399133]
Start for  1_1_10_4 [446/455]
Fin;generate all combinations 240240 ...time: 1.4163422584533691
Fin; energy prediction...time: 43.081990003585815
Egy stat [-46.813408, -40.186188, -43.58479, 0.8652633]
Start for  1_1_9_5 [447/455]
Fin;generate all combinations 480480 ...time: 3.3071885108947754
Fin; energy prediction...time: 72.49950385093689
Egy stat [-42.75206, -35.570892, -39.0284, 0.9718415]
Start for  1_1_8_6 [448/455]
Fin;generate all combinations 720720 ...time: 4.826952219009399
Fin; energy prediction...time: 102.29142427444458
Egy stat [-39.486046, -30.917318, -34.76145, 1.0580273]
Start for  1_1_7_7 [449/455]
Fin;generate all combinations 823680 ...time: 3.890423059463501
Fin; energy prediction...time: 114.43887233734131
Egy stat [-36.60714, -25.942112, -30.727442, 1.1420655]
Start for  1_1_6_8 [450/455]
Fin;generate all combinations 720720 ...time: 5.61764931678772
Fin; energy prediction...time: 101.1180191040039
Egy stat [-33.899883, -21.349512, -26.855375, 1.2390689]
Start for  1_1_5_9 [451/455]
Fin;generate all combinations 480480 ...time: 2.770155906677246
Fin; energy prediction...time: 72.49706435203552
Egy stat [-29.28677, -17.814236, -23.057808, 1.3482231]
Start for  1_1_4_10 [452/455]
Fin;generate all combinations 240240 ...time: 1.6385118961334229
Fin; energy prediction...time: 43.10027289390564
Egy stat [-24.713531, -13.966498, -19.230276, 1.443238]
Start for  1_1_3_11 [453/455]
Fin;generate all combinations 87360 ...time: 0.2174069881439209
Fin; energy prediction...time: 23.496517181396484
Egy stat [-19.448608, -9.9297, -15.252207, 1.4728395]
Start for  1_1_2_12 [454/455]
Fin;generate all combinations 21840 ...time: 0.24771833419799805
Fin; energy prediction...time: 14.793702840805054
Egy stat [-13.544477, -6.6136217, -10.988507, 1.367265]
Start for  1_1_1_13 [455/455]
Fin;generate all combinations 3360 ...time: 0.010825634002685547
Fin; energy prediction...time: 12.318790197372437
Egy stat [-7.556343, -2.7562695, -6.2913814, 1.0438802]
Saving....
Saved to... Cs_HgPbSnZn_Br.pkl
Total elapsed time... 552204.5707924366
