Summary of calculations
Site name (A,B,C)... Cs Cd,Pb Cl
Base cif file name... ../0.cif
Save file name... Cs_CdPb_Cl.pkl
Fin; combination with repetition...time: 0.0014965534210205078
Start for  15_1 [1/15]
Fin;generate all combinations 16 ...time: 0.00017118453979492188
Fin; energy prediction...time: 1.4354636669158936
Egy stat [-48.765594, -48.63969, -48.702644, 0.06276135]
Start for  14_2 [2/15]
Fin;generate all combinations 120 ...time: 0.0007445812225341797
Fin; energy prediction...time: 4.815926551818848
Egy stat [-50.524864, -47.241463, -49.85882, 0.69768757]
Start for  13_3 [3/15]
Fin;generate all combinations 560 ...time: 0.001989126205444336
Fin; energy prediction...time: 8.45639681816101
Egy stat [-51.972054, -48.480194, -50.701164, 0.9497616]
Start for  12_4 [4/15]
Fin;generate all combinations 1820 ...time: 0.005864620208740234
Fin; energy prediction...time: 16.345118522644043
Egy stat [-53.567062, -46.800407, -51.307983, 1.0396798]
Start for  11_5 [5/15]
Fin;generate all combinations 4368 ...time: 0.012699604034423828
Fin; energy prediction...time: 29.663845539093018
Egy stat [-53.846264, -48.08626, -51.755688, 1.0224148]
Start for  10_6 [6/15]
Fin;generate all combinations 8008 ...time: 0.020405054092407227
Fin; energy prediction...time: 48.093902826309204
Egy stat [-54.447044, -47.62585, -52.11687, 0.94220805]
Start for  9_7 [7/15]
Fin;generate all combinations 11440 ...time: 0.03417563438415527
Fin; energy prediction...time: 72.86272931098938
Egy stat [-54.734837, -49.09603, -52.458565, 0.8362587]
Start for  8_8 [8/15]
Fin;generate all combinations 12870 ...time: 0.03227567672729492
Fin; energy prediction...time: 76.63889813423157
Egy stat [-55.1979, -48.08264, -52.841007, 0.7326867]
Start for  7_9 [9/15]
Fin;generate all combinations 11440 ...time: 0.030321359634399414
Fin; energy prediction...time: 66.66133141517639
Egy stat [-55.130005, -49.617016, -53.31698, 0.6468964]
Start for  6_10 [10/15]
Fin;generate all combinations 8008 ...time: 0.0685415267944336
Fin; energy prediction...time: 47.69324326515198
Egy stat [-55.36625, -50.96744, -53.931686, 0.57956547]
Start for  5_11 [11/15]
Fin;generate all combinations 4368 ...time: 0.010877132415771484
Fin; energy prediction...time: 28.240710020065308
Egy stat [-55.891224, -52.404118, -54.723183, 0.5200919]
Start for  4_12 [12/15]
Fin;generate all combinations 1820 ...time: 0.0057201385498046875
Fin; energy prediction...time: 12.806583404541016
Egy stat [-56.872704, -53.721542, -55.723316, 0.45425683]
Start for  3_13 [13/15]
Fin;generate all combinations 560 ...time: 0.0019555091857910156
Fin; energy prediction...time: 5.587978363037109
Egy stat [-57.590992, -55.826622, -56.959076, 0.3701357]
Start for  2_14 [14/15]
Fin;generate all combinations 120 ...time: 0.0007383823394775391
Fin; energy prediction...time: 3.2697412967681885
Egy stat [-58.73927, -57.853134, -58.4541, 0.25938782]
Start for  1_15 [15/15]
Fin;generate all combinations 16 ...time: 0.0003566741943359375
Fin; energy prediction...time: 1.268183946609497
Egy stat [-60.344025, -60.11674, -60.23032, 0.113312505]
Saving....
Saved to... Cs_CdPb_Cl.pkl
Total elapsed time... 424.45489525794983
