Summary of calculations
Site name (A,B,C)... Cs Cd,Zn Br
Base cif file name... ../0.cif
Save file name... Cs_CdZn_Br.pkl
Fin; combination with repetition...time: 0.0014081001281738281
Start for  15_1 [1/15]
Fin;generate all combinations 16 ...time: 0.00017309188842773438
Fin; energy prediction...time: 1.0395069122314453
Egy stat [-13.208731, -13.1821575, -13.195448, 0.013237322]
Start for  14_2 [2/15]
Fin;generate all combinations 120 ...time: 0.0006976127624511719
Fin; energy prediction...time: 2.7112607955932617
Egy stat [-11.82098, -11.389382, -11.700002, 0.09788565]
Start for  13_3 [3/15]
Fin;generate all combinations 560 ...time: 0.002006053924560547
Fin; energy prediction...time: 5.984787464141846
Egy stat [-10.540713, -9.875879, -10.25885, 0.1616195]
Start for  12_4 [4/15]
Fin;generate all combinations 1820 ...time: 0.005938053131103516
Fin; energy prediction...time: 14.292715787887573
Egy stat [-9.419079, -8.133237, -8.866041, 0.21771838]
Start for  11_5 [5/15]
Fin;generate all combinations 4368 ...time: 0.012665510177612305
Fin; energy prediction...time: 29.440746545791626
Egy stat [-8.270265, -6.774789, -7.515786, 0.26634037]
Start for  10_6 [6/15]
Fin;generate all combinations 8008 ...time: 0.022114038467407227
Fin; energy prediction...time: 46.857887983322144
Egy stat [-7.2715015, -5.0857825, -6.2022686, 0.30704585]
Start for  9_7 [7/15]
Fin;generate all combinations 11440 ...time: 0.029244184494018555
Fin; energy prediction...time: 66.82661581039429
Egy stat [-6.3313212, -3.758175, -4.919454, 0.33916703]
Start for  8_8 [8/15]
Fin;generate all combinations 12870 ...time: 0.034714698791503906
Fin; energy prediction...time: 82.17061376571655
Egy stat [-5.505165, -2.0980902, -3.6609259, 0.3617421]
Start for  7_9 [9/15]
Fin;generate all combinations 11440 ...time: 0.03121662139892578
Fin; energy prediction...time: 67.30510115623474
Egy stat [-3.8490114, -1.1814356, -2.4197624, 0.37338468]
Start for  6_10 [10/15]
Fin;generate all combinations 8008 ...time: 0.08380579948425293
Fin; energy prediction...time: 47.4310941696167
Egy stat [-2.3568697, 0.17596054, -1.1884747, 0.37215894]
Start for  5_11 [11/15]
Fin;generate all combinations 4368 ...time: 0.0116424560546875
Fin; energy prediction...time: 27.54642963409424
Egy stat [-0.7709999, 1.1055527, 0.040990125, 0.3554793]
Start for  4_12 [12/15]
Fin;generate all combinations 1820 ...time: 0.008392810821533203
Fin; energy prediction...time: 13.944294214248657
Egy stat [0.63059807, 2.4229393, 1.2771868, 0.32002407]
Start for  3_13 [13/15]
Fin;generate all combinations 560 ...time: 0.002705812454223633
Fin; energy prediction...time: 7.91486930847168
Egy stat [2.1827993, 3.1001558, 2.5290587, 0.26154757]
Start for  2_14 [14/15]
Fin;generate all combinations 120 ...time: 0.0007486343383789062
Fin; energy prediction...time: 4.315903902053833
Egy stat [3.607706, 4.4395638, 3.805785, 0.17378569]
Start for  1_15 [15/15]
Fin;generate all combinations 16 ...time: 0.0004048347473144531
Fin; energy prediction...time: 1.1989569664001465
Egy stat [5.1049747, 5.1282883, 5.1166162, 0.011620465]
Saving....
Saved to... Cs_CdZn_Br.pkl
Total elapsed time... 419.5201048851013
