Summary of calculations
Site name (A,B,C)... Cs Cd,Pb I
Base cif file name... ../0.cif
Save file name... Cs_CdPb_I.pkl
Fin; combination with repetition...time: 0.0014920234680175781
Start for  15_1 [1/15]
Fin;generate all combinations 16 ...time: 0.00017023086547851562
Fin; energy prediction...time: 1.0802853107452393
Egy stat [7.9769382, 8.006779, 7.991882, 0.014847229]
Start for  14_2 [2/15]
Fin;generate all combinations 120 ...time: 0.0007266998291015625
Fin; energy prediction...time: 3.0319411754608154
Egy stat [6.462202, 7.640463, 6.8374467, 0.26409566]
Start for  13_3 [3/15]
Fin;generate all combinations 560 ...time: 0.0018544197082519531
Fin; energy prediction...time: 6.278070449829102
Egy stat [5.106579, 6.651436, 5.7211547, 0.35373142]
Start for  12_4 [4/15]
Fin;generate all combinations 1820 ...time: 0.005847454071044922
Fin; energy prediction...time: 14.856672763824463
Egy stat [3.39361, 6.484249, 4.594182, 0.39601994]
Start for  11_5 [5/15]
Fin;generate all combinations 4368 ...time: 0.012619972229003906
Fin; energy prediction...time: 28.849144220352173
Egy stat [1.896925, 4.955599, 3.4175367, 0.42204297]
Start for  10_6 [6/15]
Fin;generate all combinations 8008 ...time: 0.021955490112304688
Fin; energy prediction...time: 52.52560782432556
Egy stat [0.045140266, 3.6439762, 2.162161, 0.44739914]
Start for  9_7 [7/15]
Fin;generate all combinations 11440 ...time: 0.0319516658782959
Fin; energy prediction...time: 77.16362237930298
Egy stat [-1.5868597, 2.5650215, 0.80792934, 0.47454506]
Start for  8_8 [8/15]
Fin;generate all combinations 12870 ...time: 0.03398776054382324
Fin; energy prediction...time: 82.0069682598114
Egy stat [-3.5752077, 1.9894695, -0.65819, 0.4984705]
Start for  7_9 [9/15]
Fin;generate all combinations 11440 ...time: 0.03124094009399414
Fin; energy prediction...time: 67.93777704238892
Egy stat [-4.6477633, -0.10300732, -2.244504, 0.51245713]
Start for  6_10 [10/15]
Fin;generate all combinations 8008 ...time: 0.07934069633483887
Fin; energy prediction...time: 49.24169421195984
Egy stat [-5.908933, -2.0803928, -3.9571908, 0.5108328]
Start for  5_11 [11/15]
Fin;generate all combinations 4368 ...time: 0.012143135070800781
Fin; energy prediction...time: 30.687547206878662
Egy stat [-7.34472, -4.262655, -5.8028746, 0.48925534]
Start for  4_12 [12/15]
Fin;generate all combinations 1820 ...time: 0.008124589920043945
Fin; energy prediction...time: 15.302924156188965
Egy stat [-9.092996, -6.3574963, -7.790948, 0.4439593]
Start for  3_13 [13/15]
Fin;generate all combinations 560 ...time: 0.0018985271453857422
Fin; energy prediction...time: 7.29065203666687
Egy stat [-10.719269, -9.0714, -9.935435, 0.37078342]
Start for  2_14 [14/15]
Fin;generate all combinations 120 ...time: 0.0006175041198730469
Fin; energy prediction...time: 3.282626152038574
Egy stat [-12.659739, -11.725942, -12.256202, 0.26413688]
Start for  1_15 [15/15]
Fin;generate all combinations 16 ...time: 0.0004398822784423828
Fin; energy prediction...time: 0.927947998046875
Egy stat [-14.892176, -14.666495, -14.77935, 0.11271668]
Saving....
Saved to... Cs_CdPb_I.pkl
Total elapsed time... 441.0054090023041
