Summary of calculations
Site name (A,B,C)... Cs Cd,Hg Cl
Base cif file name... ../0.cif
Save file name... Cs_CdHg_Cl.pkl
Fin; combination with repetition...time: 0.0013959407806396484
Start for  15_1 [1/15]
Fin;generate all combinations 16 ...time: 0.00017309188842773438
Fin; energy prediction...time: 1.0793466567993164
Egy stat [-47.191147, -47.178818, -47.1849, 0.0060130185]
Start for  14_2 [2/15]
Fin;generate all combinations 120 ...time: 0.0007681846618652344
Fin; energy prediction...time: 3.200484037399292
Egy stat [-48.121952, -47.12825, -47.426212, 0.33116996]
Start for  13_3 [3/15]
Fin;generate all combinations 560 ...time: 0.0018198490142822266
Fin; energy prediction...time: 5.917315483093262
Egy stat [-48.7328, -47.09152, -47.86381, 0.5165033]
Start for  12_4 [4/15]
Fin;generate all combinations 1820 ...time: 0.006287813186645508
Fin; energy prediction...time: 12.947514533996582
Egy stat [-50.048428, -46.957134, -48.482536, 0.6522022]
Start for  11_5 [5/15]
Fin;generate all combinations 4368 ...time: 0.011031866073608398
Fin; energy prediction...time: 29.523048400878906
Egy stat [-50.69695, -47.034325, -49.26633, 0.7444692]
Start for  10_6 [6/15]
Fin;generate all combinations 8008 ...time: 0.021570682525634766
Fin; energy prediction...time: 46.7420449256897
Egy stat [-52.223137, -47.037685, -50.198193, 0.7970126]
Start for  9_7 [7/15]
Fin;generate all combinations 11440 ...time: 0.0274200439453125
Fin; energy prediction...time: 65.57206344604492
Egy stat [-53.70834, -47.03725, -51.26023, 0.8132286]
Start for  8_8 [8/15]
Fin;generate all combinations 12870 ...time: 0.03123307228088379
Fin; energy prediction...time: 74.444256067276
Egy stat [-55.653793, -46.96423, -52.433723, 0.7965934]
Start for  7_9 [9/15]
Fin;generate all combinations 11440 ...time: 0.03174877166748047
Fin; energy prediction...time: 68.22760033607483
Egy stat [-56.117756, -49.69763, -53.69922, 0.7507436]
Start for  6_10 [10/15]
Fin;generate all combinations 8008 ...time: 0.08932828903198242
Fin; energy prediction...time: 48.18532466888428
Egy stat [-56.94164, -52.21257, -55.036816, 0.6794437]
Start for  5_11 [11/15]
Fin;generate all combinations 4368 ...time: 0.011003732681274414
Fin; energy prediction...time: 30.626052618026733
Egy stat [-57.752438, -54.575993, -56.426468, 0.5864849]
Start for  4_12 [12/15]
Fin;generate all combinations 1820 ...time: 0.004979133605957031
Fin; energy prediction...time: 13.808294773101807
Egy stat [-58.889633, -56.688343, -57.848396, 0.47550878]
Start for  3_13 [13/15]
Fin;generate all combinations 560 ...time: 0.001874685287475586
Fin; energy prediction...time: 5.393459320068359
Egy stat [-59.837646, -58.670265, -59.283592, 0.3496764]
Start for  2_14 [14/15]
Fin;generate all combinations 120 ...time: 0.0006775856018066406
Fin; energy prediction...time: 2.941516160964966
Egy stat [-61.0296, -60.427162, -60.714443, 0.21055454]
Start for  1_15 [15/15]
Fin;generate all combinations 16 ...time: 0.0004031658172607422
Fin; energy prediction...time: 1.0855252742767334
Egy stat [-62.16308, -62.08742, -62.125225, 0.037678305]
Saving....
Saved to... Cs_CdHg_Cl.pkl
Total elapsed time... 410.40527844429016
