Summary of calculations
Site name (A,B,C)... Cs Cd,Ge Cl
Base cif file name... ../0.cif
Save file name... Cs_CdGe_Cl.pkl
Fin; combination with repetition...time: 0.001516580581665039
Start for  15_1 [1/15]
Fin;generate all combinations 16 ...time: 0.00017595291137695312
Fin; energy prediction...time: 1.2014620304107666
Egy stat [-50.879196, -50.764385, -50.82175, 0.05734615]
Start for  14_2 [2/15]
Fin;generate all combinations 120 ...time: 0.0006208419799804688
Fin; energy prediction...time: 5.508420705795288
Egy stat [-54.587593, -52.458984, -54.036392, 0.47354424]
Start for  13_3 [3/15]
Fin;generate all combinations 560 ...time: 0.0019443035125732422
Fin; energy prediction...time: 8.014162540435791
Egy stat [-58.1027, -55.78949, -56.90565, 0.58468443]
Start for  12_4 [4/15]
Fin;generate all combinations 1820 ...time: 0.005880117416381836
Fin; energy prediction...time: 14.813265800476074
Egy stat [-61.59824, -57.516716, -59.52965, 0.5673207]
Start for  11_5 [5/15]
Fin;generate all combinations 4368 ...time: 0.012359380722045898
Fin; energy prediction...time: 27.101650714874268
Egy stat [-63.434334, -60.62526, -62.000114, 0.48592344]
Start for  10_6 [6/15]
Fin;generate all combinations 8008 ...time: 0.02014017105102539
Fin; energy prediction...time: 48.42547392845154
Egy stat [-65.772705, -62.790028, -64.3991, 0.40246156]
Start for  9_7 [7/15]
Fin;generate all combinations 11440 ...time: 0.0276639461517334
Fin; energy prediction...time: 72.69399833679199
Egy stat [-67.89208, -64.97238, -66.79768, 0.3709404]
Start for  8_8 [8/15]
Fin;generate all combinations 12870 ...time: 0.034897804260253906
Fin; energy prediction...time: 76.07405471801758
Egy stat [-70.34816, -66.29204, -69.25465, 0.39644107]
Start for  7_9 [9/15]
Fin;generate all combinations 11440 ...time: 0.027389049530029297
Fin; energy prediction...time: 72.84687757492065
Egy stat [-72.841934, -69.509445, -71.81553, 0.43509582]
Start for  6_10 [10/15]
Fin;generate all combinations 8008 ...time: 0.06583142280578613
Fin; energy prediction...time: 48.39223790168762
Egy stat [-75.431114, -72.703705, -74.512146, 0.44950235]
Start for  5_11 [11/15]
Fin;generate all combinations 4368 ...time: 0.010491609573364258
Fin; energy prediction...time: 28.765081644058228
Egy stat [-78.10041, -76.03455, -77.36266, 0.4249351]
Start for  4_12 [12/15]
Fin;generate all combinations 1820 ...time: 0.005008220672607422
Fin; energy prediction...time: 13.096492767333984
Egy stat [-81.0418, -79.339836, -80.37251, 0.36230102]
Start for  3_13 [13/15]
Fin;generate all combinations 560 ...time: 0.001855611801147461
Fin; energy prediction...time: 6.87699818611145
Egy stat [-84.06323, -82.976585, -83.53578, 0.27178335]
Start for  2_14 [14/15]
Fin;generate all combinations 120 ...time: 0.0007624626159667969
Fin; energy prediction...time: 3.377652168273926
Egy stat [-87.26188, -86.53743, -86.83709, 0.16854209]
Start for  1_15 [15/15]
Fin;generate all combinations 16 ...time: 0.0003829002380371094
Fin; energy prediction...time: 1.3802878856658936
Egy stat [-90.32224, -90.18507, -90.25372, 0.068494886]
Saving....
Saved to... Cs_CdGe_Cl.pkl
Total elapsed time... 429.2844440937042
