Summary of calculations
Site name (A,B,C)... Cs Cd,Sn Br
Base cif file name... ../0.cif
Save file name... Cs_CdSn_Br.pkl
Fin; combination with repetition...time: 0.0015101432800292969
Start for  15_1 [1/15]
Fin;generate all combinations 16 ...time: 0.00017452239990234375
Fin; energy prediction...time: 1.0732555389404297
Egy stat [-19.753433, -19.691504, -19.722471, 0.030706665]
Start for  14_2 [2/15]
Fin;generate all combinations 120 ...time: 0.0005850791931152344
Fin; energy prediction...time: 3.2225215435028076
Egy stat [-24.626942, -21.2802, -23.98533, 0.7731811]
Start for  13_3 [3/15]
Fin;generate all combinations 560 ...time: 0.001903533935546875
Fin; energy prediction...time: 7.0074567794799805
Egy stat [-29.303274, -25.671417, -27.683659, 0.9788196]
Start for  12_4 [4/15]
Fin;generate all combinations 1820 ...time: 0.006915569305419922
Fin; energy prediction...time: 16.51215410232544
Egy stat [-33.829197, -27.186888, -30.95635, 0.97405046]
Start for  11_5 [5/15]
Fin;generate all combinations 4368 ...time: 0.013007640838623047
Fin; energy prediction...time: 28.247393131256104
Egy stat [-35.95013, -31.122229, -33.9331, 0.84858036]
Start for  10_6 [6/15]
Fin;generate all combinations 8008 ...time: 0.02200031280517578
Fin; energy prediction...time: 47.51901817321777
Egy stat [-38.56752, -33.143463, -36.730705, 0.6786648]
Start for  9_7 [7/15]
Fin;generate all combinations 11440 ...time: 0.028362751007080078
Fin; energy prediction...time: 69.158287525177
Egy stat [-40.877754, -36.852547, -39.450455, 0.5341204]
Start for  8_8 [8/15]
Fin;generate all combinations 12870 ...time: 0.032750844955444336
Fin; energy prediction...time: 77.41180562973022
Egy stat [-43.81185, -38.618217, -42.17654, 0.46528935]
Start for  7_9 [9/15]
Fin;generate all combinations 11440 ...time: 0.029691457748413086
Fin; energy prediction...time: 68.04200100898743
Egy stat [-46.427277, -42.240067, -44.975513, 0.46395975]
Start for  6_10 [10/15]
Fin;generate all combinations 8008 ...time: 0.06635570526123047
Fin; energy prediction...time: 49.25153660774231
Egy stat [-49.24647, -45.771275, -47.896683, 0.47588775]
Start for  5_11 [11/15]
Fin;generate all combinations 4368 ...time: 0.010740041732788086
Fin; energy prediction...time: 27.14776873588562
Egy stat [-51.82824, -49.289936, -50.973457, 0.46075037]
Start for  4_12 [12/15]
Fin;generate all combinations 1820 ...time: 0.00506281852722168
Fin; energy prediction...time: 13.602420568466187
Egy stat [-55.119946, -52.687363, -54.22547, 0.40526098]
Start for  3_13 [13/15]
Fin;generate all combinations 560 ...time: 0.002486705780029297
Fin; energy prediction...time: 7.531796216964722
Egy stat [-58.388374, -56.90605, -57.66135, 0.31193465]
Start for  2_14 [14/15]
Fin;generate all combinations 120 ...time: 0.0007672309875488281
Fin; energy prediction...time: 3.147691249847412
Egy stat [-61.720367, -61.004543, -61.28176, 0.18916777]
Start for  1_15 [15/15]
Fin;generate all combinations 16 ...time: 0.00039315223693847656
Fin; energy prediction...time: 1.2140517234802246
Egy stat [-65.08405, -65.08098, -65.082535, 0.0013678921]
Saving....
Saved to... Cs_CdSn_Br.pkl
Total elapsed time... 420.77135586738586
