Summary of calculations
Site name (A,B,C)... Cs Cd,Zn I
Base cif file name... ../0.cif
Save file name... Cs_CdZn_I.pkl
Fin; combination with repetition...time: 0.0014929771423339844
Start for  15_1 [1/15]
Fin;generate all combinations 16 ...time: 0.00017189979553222656
Fin; energy prediction...time: 1.357407808303833
Egy stat [13.863461, 13.94035, 13.901815, 0.038314544]
Start for  14_2 [2/15]
Fin;generate all combinations 120 ...time: 0.0007541179656982422
Fin; energy prediction...time: 4.580115079879761
Egy stat [18.352259, 18.721586, 18.495731, 0.09302344]
Start for  13_3 [3/15]
Fin;generate all combinations 560 ...time: 0.0018281936645507812
Fin; energy prediction...time: 9.107985019683838
Egy stat [22.807808, 23.39801, 23.033276, 0.13031752]
Start for  12_4 [4/15]
Fin;generate all combinations 1820 ...time: 0.006865978240966797
Fin; energy prediction...time: 12.343363046646118
Egy stat [27.170067, 28.14788, 27.524643, 0.15653384]
Start for  11_5 [5/15]
Fin;generate all combinations 4368 ...time: 0.012754678726196289
Fin; energy prediction...time: 27.72306776046753
Egy stat [31.556389, 32.744987, 31.980322, 0.17557856]
Start for  10_6 [6/15]
Fin;generate all combinations 8008 ...time: 0.0197601318359375
Fin; energy prediction...time: 49.55945324897766
Egy stat [35.832867, 37.41095, 36.410957, 0.19044064]
Start for  9_7 [7/15]
Fin;generate all combinations 11440 ...time: 0.030313968658447266
Fin; energy prediction...time: 66.85437440872192
Egy stat [40.090282, 42.012287, 40.827255, 0.20291908]
Start for  8_8 [8/15]
Fin;generate all combinations 12870 ...time: 0.032883644104003906
Fin; energy prediction...time: 76.09457802772522
Egy stat [44.267258, 46.672237, 45.23991, 0.21338877]
Start for  7_9 [9/15]
Fin;generate all combinations 11440 ...time: 0.03578519821166992
Fin; energy prediction...time: 72.93991017341614
Egy stat [48.815052, 50.735218, 49.659527, 0.22085418]
Start for  6_10 [10/15]
Fin;generate all combinations 8008 ...time: 0.07463502883911133
Fin; energy prediction...time: 51.64040780067444
Egy stat [53.364964, 55.169334, 54.096615, 0.22325481]
Start for  5_11 [11/15]
Fin;generate all combinations 4368 ...time: 0.011902332305908203
Fin; energy prediction...time: 28.711183309555054
Egy stat [58.02147, 59.429207, 58.561493, 0.21784279]
Start for  4_12 [12/15]
Fin;generate all combinations 1820 ...time: 0.0048105716705322266
Fin; energy prediction...time: 16.735933780670166
Egy stat [62.668816, 64.05688, 63.06439, 0.201474]
Start for  3_13 [13/15]
Fin;generate all combinations 560 ...time: 0.0026450157165527344
Fin; energy prediction...time: 8.193090438842773
Egy stat [67.356514, 68.14453, 67.615364, 0.17072402]
Start for  2_14 [14/15]
Fin;generate all combinations 120 ...time: 0.0006034374237060547
Fin; energy prediction...time: 2.8885138034820557
Egy stat [72.069824, 72.6961, 72.224396, 0.12167112]
Start for  1_15 [15/15]
Fin;generate all combinations 16 ...time: 0.0003898143768310547
Fin; energy prediction...time: 1.3248591423034668
Egy stat [76.85505, 76.94757, 76.90135, 0.04621652]
Saving....
Saved to... Cs_CdZn_I.pkl
Total elapsed time... 430.6876096725464
