Summary of calculations
Site name (A,B,C)... Cs Ge,Sn I
Base cif file name... ../0.cif
Save file name... Cs_GeSn_I.pkl
Fin; combination with repetition...time: 0.0015065670013427734
Start for  15_1 [1/15]
Fin;generate all combinations 16 ...time: 0.00017023086547851562
Fin; energy prediction...time: 1.1430201530456543
Egy stat [-22.0955, -22.071478, -22.08346, 0.011946633]
Start for  14_2 [2/15]
Fin;generate all combinations 120 ...time: 0.0006959438323974609
Fin; energy prediction...time: 3.5654571056365967
Egy stat [-22.514832, -21.97462, -22.417322, 0.12720834]
Start for  13_3 [3/15]
Fin;generate all combinations 560 ...time: 0.0018780231475830078
Fin; energy prediction...time: 6.016743421554565
Egy stat [-23.10127, -22.196634, -22.842457, 0.19707571]
Start for  12_4 [4/15]
Fin;generate all combinations 1820 ...time: 0.005900859832763672
Fin; energy prediction...time: 12.76554250717163
Egy stat [-23.867647, -22.07755, -23.364357, 0.24874778]
Start for  11_5 [5/15]
Fin;generate all combinations 4368 ...time: 0.012785673141479492
Fin; energy prediction...time: 28.65200972557068
Egy stat [-24.6287, -22.782478, -23.987623, 0.2851784]
Start for  10_6 [6/15]
Fin;generate all combinations 8008 ...time: 0.02195143699645996
Fin; energy prediction...time: 47.5767605304718
Egy stat [-25.57252, -23.172718, -24.715952, 0.30809015]
Start for  9_7 [7/15]
Fin;generate all combinations 11440 ...time: 0.033428192138671875
Fin; energy prediction...time: 78.57576179504395
Egy stat [-26.610056, -23.786634, -25.55213, 0.3187964]
Start for  8_8 [8/15]
Fin;generate all combinations 12870 ...time: 0.03301119804382324
Fin; energy prediction...time: 74.28194904327393
Egy stat [-27.82739, -24.129597, -26.497972, 0.31835783]
Start for  7_9 [9/15]
Fin;generate all combinations 11440 ...time: 0.02948927879333496
Fin; energy prediction...time: 69.638916015625
Egy stat [-28.592196, -25.773579, -27.554266, 0.3076235]
Start for  6_10 [10/15]
Fin;generate all combinations 8008 ...time: 0.06621265411376953
Fin; energy prediction...time: 47.61370277404785
Egy stat [-29.527096, -27.216047, -28.720705, 0.28723845]
Start for  5_11 [11/15]
Fin;generate all combinations 4368 ...time: 0.010663509368896484
Fin; energy prediction...time: 29.786969423294067
Egy stat [-30.629095, -28.830582, -29.995829, 0.2576472]
Start for  4_12 [12/15]
Fin;generate all combinations 1820 ...time: 0.00838780403137207
Fin; energy prediction...time: 14.136567831039429
Egy stat [-31.90282, -30.247307, -31.376986, 0.21908781]
Start for  3_13 [13/15]
Fin;generate all combinations 560 ...time: 0.0026092529296875
Fin; energy prediction...time: 6.100765705108643
Egy stat [-33.16928, -32.253822, -32.860306, 0.17155984]
Start for  2_14 [14/15]
Fin;generate all combinations 120 ...time: 0.0005974769592285156
Fin; energy prediction...time: 3.289201021194458
Egy stat [-34.58537, -34.11895, -34.44076, 0.11466102]
Start for  1_15 [15/15]
Fin;generate all combinations 16 ...time: 0.00035643577575683594
Fin; energy prediction...time: 1.268073320388794
Egy stat [-36.15824, -36.066227, -36.11222, 0.045951165]
Saving....
Saved to... Cs_GeSn_I.pkl
Total elapsed time... 425.0214190483093
