Summary of calculations
Site name (A,B,C)... Cs Ge,Zn Cl
Base cif file name... ../0.cif
Save file name... Cs_GeZn_Cl.pkl
Fin; combination with repetition...time: 0.0015189647674560547
Start for  15_1 [1/15]
Fin;generate all combinations 16 ...time: 0.00017404556274414062
Fin; energy prediction...time: 1.0309562683105469
Egy stat [-86.897995, -86.75078, -86.82446, 0.07351837]
Start for  14_2 [2/15]
Fin;generate all combinations 120 ...time: 0.0006296634674072266
Fin; energy prediction...time: 4.183262825012207
Egy stat [-81.0486, -79.702, -80.19896, 0.25582474]
Start for  13_3 [3/15]
Fin;generate all combinations 560 ...time: 0.0019378662109375
Fin; energy prediction...time: 8.770793199539185
Egy stat [-74.92346, -73.07448, -73.87066, 0.37439734]
Start for  12_4 [4/15]
Fin;generate all combinations 1820 ...time: 0.0058596134185791016
Fin; energy prediction...time: 14.097936868667603
Egy stat [-69.789894, -66.40549, -67.81877, 0.4426891]
Start for  11_5 [5/15]
Fin;generate all combinations 4368 ...time: 0.012556314468383789
Fin; energy prediction...time: 27.496304750442505
Egy stat [-63.832817, -60.913982, -62.013935, 0.46647274]
Start for  10_6 [6/15]
Fin;generate all combinations 8008 ...time: 0.021754980087280273
Fin; energy prediction...time: 50.832443714141846
Egy stat [-58.319695, -55.05433, -56.41958, 0.46061957]
Start for  9_7 [7/15]
Fin;generate all combinations 11440 ...time: 0.02839040756225586
Fin; energy prediction...time: 71.04721784591675
Egy stat [-52.72767, -49.653378, -50.99302, 0.45172858]
Start for  8_8 [8/15]
Fin;generate all combinations 12870 ...time: 0.03478503227233887
Fin; energy prediction...time: 79.69708824157715
Egy stat [-48.162544, -43.46124, -45.68626, 0.47156546]
Start for  7_9 [9/15]
Fin;generate all combinations 11440 ...time: 0.03146982192993164
Fin; energy prediction...time: 69.26603746414185
Egy stat [-42.824432, -38.444656, -40.44674, 0.534074]
Start for  6_10 [10/15]
Fin;generate all combinations 8008 ...time: 0.10297703742980957
Fin; energy prediction...time: 52.072404623031616
Egy stat [-37.70667, -33.052452, -35.218033, 0.6214768]
Start for  5_11 [11/15]
Fin;generate all combinations 4368 ...time: 0.011562347412109375
Fin; energy prediction...time: 29.510156631469727
Egy stat [-32.385567, -27.975883, -29.940504, 0.6991127]
Start for  4_12 [12/15]
Fin;generate all combinations 1820 ...time: 0.00568699836730957
Fin; energy prediction...time: 14.28083062171936
Egy stat [-27.295048, -22.39659, -24.552069, 0.73009384]
Start for  3_13 [13/15]
Fin;generate all combinations 560 ...time: 0.0028083324432373047
Fin; energy prediction...time: 7.93916654586792
Egy stat [-20.474384, -17.589064, -18.98895, 0.6779307]
Start for  2_14 [14/15]
Fin;generate all combinations 120 ...time: 0.0006847381591796875
Fin; energy prediction...time: 3.3373727798461914
Egy stat [-13.860103, -11.602787, -13.186593, 0.50208104]
Start for  1_15 [15/15]
Fin;generate all combinations 16 ...time: 0.00040721893310546875
Fin; energy prediction...time: 1.4589424133300781
Egy stat [-7.1297693, -7.0314674, -7.080682, 0.049044877]
Saving....
Saved to... Cs_GeZn_Cl.pkl
Total elapsed time... 435.60697889328003
