Summary of calculations
Site name (A,B,C)... Cs Ge,Pb I
Base cif file name... ../0.cif
Save file name... Cs_GePb_I.pkl
Fin; combination with repetition...time: 0.001524209976196289
Start for  15_1 [1/15]
Fin;generate all combinations 16 ...time: 0.00017571449279785156
Fin; energy prediction...time: 1.0092964172363281
Egy stat [-20.017252, -19.985905, -20.001575, 0.015645644]
Start for  14_2 [2/15]
Fin;generate all combinations 120 ...time: 0.0007460117340087891
Fin; energy prediction...time: 3.2757318019866943
Egy stat [-18.49442, -17.60133, -18.32445, 0.21911304]
Start for  13_3 [3/15]
Fin;generate all combinations 560 ...time: 0.0019941329956054688
Fin; energy prediction...time: 5.6939332485198975
Egy stat [-17.20269, -15.706639, -16.813404, 0.33431697]
Start for  12_4 [4/15]
Fin;generate all combinations 1820 ...time: 0.007497072219848633
Fin; energy prediction...time: 15.636023759841919
Egy stat [-16.116018, -13.265912, -15.478857, 0.41521713]
Start for  11_5 [5/15]
Fin;generate all combinations 4368 ...time: 0.012453794479370117
Fin; energy prediction...time: 28.642306804656982
Egy stat [-15.039114, -12.082911, -14.331608, 0.4686373]
Start for  10_6 [6/15]
Fin;generate all combinations 8008 ...time: 0.021544456481933594
Fin; energy prediction...time: 49.78265976905823
Egy stat [-14.246533, -10.459297, -13.383012, 0.49923465]
Start for  9_7 [7/15]
Fin;generate all combinations 11440 ...time: 0.02803802490234375
Fin; energy prediction...time: 73.57903981208801
Egy stat [-13.765907, -9.162984, -12.645062, 0.51097655]
Start for  8_8 [8/15]
Fin;generate all combinations 12870 ...time: 0.03298759460449219
Fin; energy prediction...time: 75.71451687812805
Egy stat [-13.47968, -7.478021, -12.130368, 0.5072936]
Start for  7_9 [9/15]
Fin;generate all combinations 11440 ...time: 0.03070521354675293
Fin; energy prediction...time: 64.76195764541626
Egy stat [-12.921248, -8.348514, -11.851998, 0.4908847]
Start for  6_10 [10/15]
Fin;generate all combinations 8008 ...time: 0.08119559288024902
Fin; energy prediction...time: 49.521270751953125
Egy stat [-12.74169, -9.155107, -11.823207, 0.46335194]
Start for  5_11 [11/15]
Fin;generate all combinations 4368 ...time: 0.011703968048095703
Fin; energy prediction...time: 30.772549390792847
Egy stat [-12.916311, -10.064474, -12.057037, 0.42480367]
Start for  4_12 [12/15]
Fin;generate all combinations 1820 ...time: 0.005722999572753906
Fin; energy prediction...time: 14.900883436203003
Egy stat [-13.380139, -10.910085, -12.565808, 0.3735917]
Start for  3_13 [13/15]
Fin;generate all combinations 560 ...time: 0.002669095993041992
Fin; energy prediction...time: 5.844743251800537
Egy stat [-13.781122, -12.411542, -13.36053, 0.3062906]
Start for  2_14 [14/15]
Fin;generate all combinations 120 ...time: 0.0006582736968994141
Fin; energy prediction...time: 3.4338021278381348
Egy stat [-14.654627, -13.903791, -14.450238, 0.21780157]
Start for  1_15 [15/15]
Fin;generate all combinations 16 ...time: 0.0003349781036376953
Fin; energy prediction...time: 1.4058146476745605
Egy stat [-15.941532, -15.741117, -15.841319, 0.100029685]
Saving....
Saved to... Cs_GePb_I.pkl
Total elapsed time... 424.54838967323303
