Summary of calculations
Site name (A,B,C)... Cs Ge,Sn Br
Base cif file name... ../0.cif
Save file name... Cs_GeSn_Br.pkl
Fin; combination with repetition...time: 0.0015456676483154297
Start for  15_1 [1/15]
Fin;generate all combinations 16 ...time: 0.00017309188842773438
Fin; energy prediction...time: 1.0717816352844238
Egy stat [-91.69958, -91.59483, -91.64724, 0.052294794]
Start for  14_2 [2/15]
Fin;generate all combinations 120 ...time: 0.0006234645843505859
Fin; energy prediction...time: 4.060349941253662
Egy stat [-89.43162, -88.94558, -89.300735, 0.13588198]
Start for  13_3 [3/15]
Fin;generate all combinations 560 ...time: 0.0019497871398925781
Fin; energy prediction...time: 7.897071123123169
Egy stat [-87.39493, -86.46271, -87.08047, 0.20387715]
Start for  12_4 [4/15]
Fin;generate all combinations 1820 ...time: 0.005977153778076172
Fin; energy prediction...time: 13.968891143798828
Egy stat [-85.5237, -83.84289, -84.986694, 0.2597547]
Start for  11_5 [5/15]
Fin;generate all combinations 4368 ...time: 0.011413812637329102
Fin; energy prediction...time: 29.472073078155518
Egy stat [-83.684746, -81.65872, -83.01927, 0.3041572]
Start for  10_6 [6/15]
Fin;generate all combinations 8008 ...time: 0.021709203720092773
Fin; energy prediction...time: 53.389530658721924
Egy stat [-82.051796, -79.35156, -81.17767, 0.33734807]
Start for  9_7 [7/15]
Fin;generate all combinations 11440 ...time: 0.02767467498779297
Fin; energy prediction...time: 68.62299728393555
Egy stat [-80.58027, -77.218994, -79.460915, 0.35941273]
Start for  8_8 [8/15]
Fin;generate all combinations 12870 ...time: 0.030217647552490234
Fin; energy prediction...time: 79.31486582756042
Egy stat [-79.31785, -74.949974, -77.867355, 0.3702781]
Start for  7_9 [9/15]
Fin;generate all combinations 11440 ...time: 0.030739784240722656
Fin; energy prediction...time: 66.89363074302673
Egy stat [-77.53996, -74.2735, -76.39457, 0.3696605]
Start for  6_10 [10/15]
Fin;generate all combinations 8008 ...time: 0.06605696678161621
Fin; energy prediction...time: 47.681196451187134
Egy stat [-75.92666, -73.125244, -75.03921, 0.35697898]
Start for  5_11 [11/15]
Fin;generate all combinations 4368 ...time: 0.011339187622070312
Fin; energy prediction...time: 27.42345142364502
Egy stat [-74.5009, -72.38483, -73.796875, 0.3312239]
Start for  4_12 [12/15]
Fin;generate all combinations 1820 ...time: 0.005011320114135742
Fin; energy prediction...time: 13.578597068786621
Egy stat [-73.279175, -71.24495, -72.66215, 0.29077223]
Start for  3_13 [13/15]
Fin;generate all combinations 560 ...time: 0.001779794692993164
Fin; energy prediction...time: 5.284991502761841
Egy stat [-71.960815, -70.89749, -71.62854, 0.23306122]
Start for  2_14 [14/15]
Fin;generate all combinations 120 ...time: 0.0007257461547851562
Fin; energy prediction...time: 3.6429452896118164
Egy stat [-70.83725, -70.1915, -70.68873, 0.15358977]
Start for  1_15 [15/15]
Fin;generate all combinations 16 ...time: 0.00041937828063964844
Fin; energy prediction...time: 1.2568988800048828
Egy stat [-69.8607, -69.80849, -69.83459, 0.02609444]
Saving....
Saved to... Cs_GeSn_Br.pkl
Total elapsed time... 424.37540650367737
