Summary of calculations
Site name (A,B,C)... Cs Ge,Hg Br
Base cif file name... ../0.cif
Save file name... Cs_GeHg_Br.pkl
Fin; combination with repetition...time: 0.0015003681182861328
Start for  15_1 [1/15]
Fin;generate all combinations 16 ...time: 0.00017213821411132812
Fin; energy prediction...time: 0.9353127479553223
Egy stat [-90.313515, -90.185104, -90.249405, 0.06406187]
Start for  14_2 [2/15]
Fin;generate all combinations 120 ...time: 0.0006158351898193359
Fin; energy prediction...time: 2.936824321746826
Egy stat [-86.96804, -86.11457, -86.44017, 0.17827202]
Start for  13_3 [3/15]
Fin;generate all combinations 560 ...time: 0.001852273941040039
Fin; energy prediction...time: 10.20388388633728
Egy stat [-83.538826, -82.037575, -82.73196, 0.3393653]
Start for  12_4 [4/15]
Fin;generate all combinations 1820 ...time: 0.005312204360961914
Fin; energy prediction...time: 13.445969581604004
Egy stat [-80.25415, -77.77664, -79.1721, 0.5155254]
Start for  11_5 [5/15]
Fin;generate all combinations 4368 ...time: 0.011016607284545898
Fin; energy prediction...time: 27.561586141586304
Egy stat [-76.97222, -74.176926, -75.80604, 0.66876215]
Start for  10_6 [6/15]
Fin;generate all combinations 8008 ...time: 0.02058243751525879
Fin; energy prediction...time: 53.01451063156128
Egy stat [-74.17647, -70.45662, -72.6656, 0.759998]
Start for  9_7 [7/15]
Fin;generate all combinations 11440 ...time: 0.029840469360351562
Fin; energy prediction...time: 72.44026494026184
Egy stat [-71.41328, -66.79231, -69.7579, 0.7597853]
Start for  8_8 [8/15]
Fin;generate all combinations 12870 ...time: 0.03508257865905762
Fin; energy prediction...time: 73.11032223701477
Egy stat [-68.721954, -63.01368, -67.057495, 0.66200984]
Start for  7_9 [9/15]
Fin;generate all combinations 11440 ...time: 0.02773880958557129
Fin; energy prediction...time: 63.91901707649231
Egy stat [-65.82378, -62.271767, -64.503265, 0.5047347]
Start for  6_10 [10/15]
Fin;generate all combinations 8008 ...time: 0.0674898624420166
Fin; energy prediction...time: 48.55198860168457
Egy stat [-63.734577, -59.65538, -62.000214, 0.41432714]
Start for  5_11 [11/15]
Fin;generate all combinations 4368 ...time: 0.012207746505737305
Fin; energy prediction...time: 28.076451301574707
Egy stat [-61.0604, -57.688824, -59.42633, 0.5196196]
Start for  4_12 [12/15]
Fin;generate all combinations 1820 ...time: 0.005711555480957031
Fin; energy prediction...time: 13.464982032775879
Egy stat [-59.074963, -53.693443, -56.643887, 0.68800116]
Start for  3_13 [13/15]
Fin;generate all combinations 560 ...time: 0.0019061565399169922
Fin; energy prediction...time: 8.113309621810913
Egy stat [-54.960506, -51.907284, -53.51398, 0.75556135]
Start for  2_14 [14/15]
Fin;generate all combinations 120 ...time: 0.0006666183471679688
Fin; energy prediction...time: 3.1870334148406982
Egy stat [-50.704018, -47.80755, -49.911415, 0.61966103]
Start for  1_15 [15/15]
Fin;generate all combinations 16 ...time: 0.0004336833953857422
Fin; energy prediction...time: 1.0424518585205078
Egy stat [-45.797062, -45.67434, -45.735874, 0.061122883]
Saving....
Saved to... Cs_GeHg_Br.pkl
Total elapsed time... 420.8212904930115
