Summary of calculations
Site name (A,B,C)... Cs Ge,Hg I
Base cif file name... ../0.cif
Save file name... Cs_GeHg_I.pkl
Fin; combination with repetition...time: 0.0014872550964355469
Start for  15_1 [1/15]
Fin;generate all combinations 16 ...time: 0.00016927719116210938
Fin; energy prediction...time: 1.1399319171905518
Egy stat [-19.104095, -19.082233, -19.093065, 0.010814305]
Start for  14_2 [2/15]
Fin;generate all combinations 120 ...time: 0.0006933212280273438
Fin; energy prediction...time: 3.885019302368164
Egy stat [-16.921818, -16.259148, -16.51642, 0.2489563]
Start for  13_3 [3/15]
Fin;generate all combinations 560 ...time: 0.0019407272338867188
Fin; energy prediction...time: 9.197914123535156
Egy stat [-14.771816, -13.493343, -14.136621, 0.43980074]
Start for  12_4 [4/15]
Fin;generate all combinations 1820 ...time: 0.007993459701538086
Fin; energy prediction...time: 14.834383964538574
Egy stat [-13.158833, -10.596831, -11.981814, 0.6240674]
Start for  11_5 [5/15]
Fin;generate all combinations 4368 ...time: 0.012785673141479492
Fin; energy prediction...time: 26.460237503051758
Egy stat [-11.532395, -7.8260736, -10.074656, 0.78885937]
Start for  10_6 [6/15]
Fin;generate all combinations 8008 ...time: 0.02205348014831543
Fin; energy prediction...time: 49.558128118515015
Egy stat [-10.493104, -4.919597, -8.430644, 0.91886884]
Start for  9_7 [7/15]
Fin;generate all combinations 11440 ...time: 0.030167102813720703
Fin; energy prediction...time: 74.73904037475586
Egy stat [-9.479852, -2.1049585, -7.0566316, 1.0007071]
Start for  8_8 [8/15]
Fin;generate all combinations 12870 ...time: 0.03448200225830078
Fin; energy prediction...time: 72.36525917053223
Egy stat [-9.008974, 0.8489475, -5.949605, 1.0253971]
Start for  7_9 [9/15]
Fin;generate all combinations 11440 ...time: 0.030179977416992188
Fin; energy prediction...time: 69.55181980133057
Egy stat [-7.587039, -0.18645859, -5.0957265, 0.9900801]
Start for  6_10 [10/15]
Fin;generate all combinations 8008 ...time: 0.07115697860717773
Fin; energy prediction...time: 49.526182889938354
Egy stat [-6.629506, -1.0191631, -4.469549, 0.8990119]
Start for  5_11 [11/15]
Fin;generate all combinations 4368 ...time: 0.010862350463867188
Fin; energy prediction...time: 29.481935501098633
Egy stat [-5.6679335, -1.7839355, -4.033255, 0.7637036]
Start for  4_12 [12/15]
Fin;generate all combinations 1820 ...time: 0.006017208099365234
Fin; energy prediction...time: 14.24442195892334
Egy stat [-5.111646, -2.299096, -3.7359076, 0.60168666]
Start for  3_13 [13/15]
Fin;generate all combinations 560 ...time: 0.0028831958770751953
Fin; energy prediction...time: 6.8739399909973145
Egy stat [-4.306236, -2.6220202, -3.512838, 0.4323222]
Start for  2_14 [14/15]
Fin;generate all combinations 120 ...time: 0.0007562637329101562
Fin; energy prediction...time: 3.866121530532837
Egy stat [-3.6890006, -2.8181696, -3.2855368, 0.26593485]
Start for  1_15 [15/15]
Fin;generate all combinations 16 ...time: 0.0003826618194580078
Fin; energy prediction...time: 1.0952587127685547
Egy stat [-3.0312614, -2.8935409, -2.9625092, 0.0687346]
Saving....
Saved to... Cs_GeHg_I.pkl
Total elapsed time... 427.32163166999817
