Summary of calculations
Site name (A,B,C)... Cs Ge,Sn Cl
Base cif file name... ../0.cif
Save file name... Cs_GeSn_Cl.pkl
Fin; combination with repetition...time: 0.001505136489868164
Start for  15_1 [1/15]
Fin;generate all combinations 16 ...time: 0.0001735687255859375
Fin; energy prediction...time: 1.2493071556091309
Egy stat [-90.48207, -90.41623, -90.44918, 0.03288701]
Start for  14_2 [2/15]
Fin;generate all combinations 120 ...time: 0.0005784034729003906
Fin; energy prediction...time: 3.665591239929199
Egy stat [-87.48937, -86.96573, -87.329636, 0.14039534]
Start for  13_3 [3/15]
Fin;generate all combinations 560 ...time: 0.0017669200897216797
Fin; energy prediction...time: 5.652830123901367
Egy stat [-84.76839, -83.70525, -84.39396, 0.22048356]
Start for  12_4 [4/15]
Fin;generate all combinations 1820 ...time: 0.00503230094909668
Fin; energy prediction...time: 17.58613157272339
Egy stat [-82.34669, -80.323296, -81.63581, 0.2865733]
Start for  11_5 [5/15]
Fin;generate all combinations 4368 ...time: 0.012520313262939453
Fin; energy prediction...time: 28.43558621406555
Egy stat [-79.93169, -77.58827, -79.047935, 0.3403448]
Start for  10_6 [6/15]
Fin;generate all combinations 8008 ...time: 0.021503686904907227
Fin; energy prediction...time: 52.68105101585388
Egy stat [-77.80294, -74.762085, -76.6224, 0.3823839]
Start for  9_7 [7/15]
Fin;generate all combinations 11440 ...time: 0.028263330459594727
Fin; energy prediction...time: 74.45845746994019
Egy stat [-75.943634, -72.13349, -74.35083, 0.41270295]
Start for  8_8 [8/15]
Fin;generate all combinations 12870 ...time: 0.035501718521118164
Fin; energy prediction...time: 80.33402419090271
Egy stat [-74.346695, -69.35333, -72.22452, 0.43080968]
Start for  7_9 [9/15]
Fin;generate all combinations 11440 ...time: 0.030332565307617188
Fin; energy prediction...time: 70.97225546836853
Egy stat [-71.93109, -68.107574, -70.23457, 0.43571353]
Start for  6_10 [10/15]
Fin;generate all combinations 8008 ...time: 0.0831754207611084
Fin; energy prediction...time: 50.638957023620605
Egy stat [-69.67575, -66.314896, -68.37202, 0.4259348]
Start for  5_11 [11/15]
Fin;generate all combinations 4368 ...time: 0.011893272399902344
Fin; energy prediction...time: 28.345760822296143
Egy stat [-67.61923, -65.06619, -66.62779, 0.3995056]
Start for  4_12 [12/15]
Fin;generate all combinations 1820 ...time: 0.005244731903076172
Fin; energy prediction...time: 14.434352159500122
Egy stat [-65.78563, -63.268536, -64.99292, 0.35395414]
Start for  3_13 [13/15]
Fin;generate all combinations 560 ...time: 0.002749919891357422
Fin; energy prediction...time: 7.2022788524627686
Egy stat [-63.902733, -62.552124, -63.45847, 0.28617242]
Start for  2_14 [14/15]
Fin;generate all combinations 120 ...time: 0.0006704330444335938
Fin; energy prediction...time: 3.7183568477630615
Egy stat [-62.24578, -61.335167, -62.015694, 0.19163387]
Start for  1_15 [15/15]
Fin;generate all combinations 16 ...time: 0.0004050731658935547
Fin; energy prediction...time: 1.1262028217315674
Egy stat [-60.70694, -60.60521, -60.656082, 0.050848484]
Saving....
Saved to... Cs_GeSn_Cl.pkl
Total elapsed time... 441.2798361778259
