Summary of calculations
Site name (A,B,C)... Cs Hg,Sn I
Base cif file name... ../0.cif
Save file name... Cs_HgSn_I.pkl
Fin; combination with repetition...time: 0.0014903545379638672
Start for  15_1 [1/15]
Fin;generate all combinations 16 ...time: 0.00017070770263671875
Fin; energy prediction...time: 1.1905229091644287
Egy stat [-4.2395906, -4.2063017, -4.222864, 0.016489359]
Start for  14_2 [2/15]
Fin;generate all combinations 120 ...time: 0.0007379055023193359
Fin; energy prediction...time: 2.4250502586364746
Egy stat [-6.064457, -5.3049326, -5.7542834, 0.2043753]
Start for  13_3 [3/15]
Fin;generate all combinations 560 ...time: 0.001882314682006836
Fin; energy prediction...time: 5.093825817108154
Egy stat [-7.7375283, -6.5568895, -7.159081, 0.31232527]
Start for  12_4 [4/15]
Fin;generate all combinations 1820 ...time: 0.0057718753814697266
Fin; energy prediction...time: 13.813666820526123
Egy stat [-9.559549, -7.41383, -8.53895, 0.43912753]
Start for  11_5 [5/15]
Fin;generate all combinations 4368 ...time: 0.010895490646362305
Fin; energy prediction...time: 26.876165628433228
Egy stat [-11.224469, -8.169902, -9.974084, 0.57930666]
Start for  10_6 [6/15]
Fin;generate all combinations 8008 ...time: 0.0237734317779541
Fin; energy prediction...time: 49.819278717041016
Egy stat [-13.121061, -8.758391, -11.525226, 0.7092462]
Start for  9_7 [7/15]
Fin;generate all combinations 11440 ...time: 0.03239846229553223
Fin; energy prediction...time: 71.3587327003479
Egy stat [-14.953474, -9.3102255, -13.236514, 0.80838984]
Start for  8_8 [8/15]
Fin;generate all combinations 12870 ...time: 0.031823158264160156
Fin; energy prediction...time: 77.03854513168335
Egy stat [-17.517166, -9.6946335, -15.138301, 0.86318964]
Start for  7_9 [9/15]
Fin;generate all combinations 11440 ...time: 0.031049728393554688
Fin; energy prediction...time: 64.40539312362671
Egy stat [-19.33585, -13.258821, -17.249498, 0.86695194]
Start for  6_10 [10/15]
Fin;generate all combinations 8008 ...time: 0.06608748435974121
Fin; energy prediction...time: 47.917142391204834
Egy stat [-21.413761, -16.688755, -19.579386, 0.81912184]
Start for  5_11 [11/15]
Fin;generate all combinations 4368 ...time: 0.01186370849609375
Fin; energy prediction...time: 27.917651891708374
Egy stat [-23.731691, -20.003048, -22.129168, 0.7242985]
Start for  4_12 [12/15]
Fin;generate all combinations 1820 ...time: 0.005887031555175781
Fin; energy prediction...time: 15.835619926452637
Egy stat [-26.419971, -23.161701, -24.893555, 0.5908727]
Start for  3_13 [13/15]
Fin;generate all combinations 560 ...time: 0.0024924278259277344
Fin; energy prediction...time: 6.8548197746276855
Egy stat [-28.696701, -27.000128, -27.862543, 0.42925856]
Start for  2_14 [14/15]
Fin;generate all combinations 120 ...time: 0.0006744861602783203
Fin; energy prediction...time: 3.669281005859375
Egy stat [-31.493143, -30.686773, -31.023434, 0.24905206]
Start for  1_15 [15/15]
Fin;generate all combinations 16 ...time: 0.0003993511199951172
Fin; energy prediction...time: 1.1512420177459717
Egy stat [-34.372284, -34.353077, -34.362724, 0.009545595]
Saving....
Saved to... Cs_HgSn_I.pkl
Total elapsed time... 415.99541664123535
