Summary of calculations
Site name (A,B,C)... Cs Hg,Zn I
Base cif file name... ../0.cif
Save file name... Cs_HgZn_I.pkl
Fin; combination with repetition...time: 0.0014362335205078125
Start for  15_1 [1/15]
Fin;generate all combinations 16 ...time: 0.0001704692840576172
Fin; energy prediction...time: 1.1559934616088867
Egy stat [2.7342844, 3.1728954, 2.9534254, 0.21906681]
Start for  14_2 [2/15]
Fin;generate all combinations 120 ...time: 0.0007321834564208984
Fin; energy prediction...time: 4.5383124351501465
Egy stat [7.931261, 8.880005, 8.288783, 0.31787965]
Start for  13_3 [3/15]
Fin;generate all combinations 560 ...time: 0.0019915103912353516
Fin; energy prediction...time: 6.311581611633301
Egy stat [13.007463, 14.586454, 13.572199, 0.39005524]
Start for  12_4 [4/15]
Fin;generate all combinations 1820 ...time: 0.0054569244384765625
Fin; energy prediction...time: 12.781840562820435
Egy stat [18.062445, 20.386436, 18.811468, 0.44385844]
Start for  11_5 [5/15]
Fin;generate all combinations 4368 ...time: 0.012923002243041992
Fin; energy prediction...time: 28.325547218322754
Egy stat [22.832893, 25.97667, 24.014473, 0.4830357]
Start for  10_6 [6/15]
Fin;generate all combinations 8008 ...time: 0.022721529006958008
Fin; energy prediction...time: 49.18056130409241
Egy stat [27.608349, 31.667023, 29.18917, 0.5098891]
Start for  9_7 [7/15]
Fin;generate all combinations 11440 ...time: 0.032652854919433594
Fin; energy prediction...time: 70.6939742565155
Egy stat [32.22618, 37.329796, 34.343662, 0.5258634]
Start for  8_8 [8/15]
Fin;generate all combinations 12870 ...time: 0.03346824645996094
Fin; energy prediction...time: 82.9586534500122
Egy stat [36.828453, 43.085587, 39.4864, 0.5316371]
Start for  7_9 [9/15]
Fin;generate all combinations 11440 ...time: 0.031144142150878906
Fin; energy prediction...time: 67.45239853858948
Egy stat [42.41602, 47.34201, 44.626514, 0.5270541]
Start for  6_10 [10/15]
Fin;generate all combinations 8008 ...time: 0.06543684005737305
Fin; energy prediction...time: 46.943398237228394
Egy stat [47.99604, 52.375996, 49.774193, 0.51096463]
Start for  5_11 [11/15]
Fin;generate all combinations 4368 ...time: 0.011580944061279297
Fin; energy prediction...time: 26.221110105514526
Egy stat [53.614876, 56.86522, 54.94126, 0.4809799]
Start for  4_12 [12/15]
Fin;generate all combinations 1820 ...time: 0.005665302276611328
Fin; energy prediction...time: 14.160086393356323
Egy stat [59.234825, 62.152733, 60.141663, 0.43312994]
Start for  3_13 [13/15]
Fin;generate all combinations 560 ...time: 0.0024552345275878906
Fin; energy prediction...time: 7.029596328735352
Egy stat [64.82437, 66.48358, 65.392006, 0.36137345]
Start for  2_14 [14/15]
Fin;generate all combinations 120 ...time: 0.0006971359252929688
Fin; energy prediction...time: 4.425337076187134
Egy stat [70.39077, 71.669, 70.71195, 0.25664848]
Start for  1_15 [15/15]
Fin;generate all combinations 16 ...time: 0.0003314018249511719
Fin; energy prediction...time: 1.2110602855682373
Egy stat [76.02526, 76.22388, 76.12451, 0.099138886]
Saving....
Saved to... Cs_HgZn_I.pkl
Total elapsed time... 424.0600447654724
