Summary of calculations
Site name (A,B,C)... Cs Hg,Zn Br
Base cif file name... ../0.cif
Save file name... Cs_HgZn_Br.pkl
Fin; combination with repetition...time: 0.0015032291412353516
Start for  15_1 [1/15]
Fin;generate all combinations 16 ...time: 0.0001838207244873047
Fin; energy prediction...time: 1.0307412147521973
Egy stat [-39.007004, -38.798832, -38.90292, 0.10388703]
Start for  14_2 [2/15]
Fin;generate all combinations 120 ...time: 0.0007259845733642578
Fin; energy prediction...time: 3.4318346977233887
Egy stat [-37.007473, -35.84115, -36.692947, 0.25205398]
Start for  13_3 [3/15]
Fin;generate all combinations 560 ...time: 0.001911163330078125
Fin; energy prediction...time: 8.47567868232727
Egy stat [-34.829933, -33.318733, -34.293674, 0.36378753]
Start for  12_4 [4/15]
Fin;generate all combinations 1820 ...time: 0.006614208221435547
Fin; energy prediction...time: 13.562594652175903
Egy stat [-32.55584, -29.957088, -31.716894, 0.44731912]
Start for  11_5 [5/15]
Fin;generate all combinations 4368 ...time: 0.011111736297607422
Fin; energy prediction...time: 26.229602336883545
Egy stat [-30.288204, -27.215315, -28.978243, 0.50698185]
Start for  10_6 [6/15]
Fin;generate all combinations 8008 ...time: 0.02221822738647461
Fin; energy prediction...time: 48.0985689163208
Egy stat [-27.987677, -23.648392, -26.096481, 0.5462255]
Start for  9_7 [7/15]
Fin;generate all combinations 11440 ...time: 0.029113292694091797
Fin; energy prediction...time: 74.02414917945862
Egy stat [-25.678204, -20.484886, -23.092487, 0.5673791]
Start for  8_8 [8/15]
Fin;generate all combinations 12870 ...time: 0.03069615364074707
Fin; energy prediction...time: 81.87487959861755
Egy stat [-23.290674, -16.537262, -19.98799, 0.571473]
Start for  7_9 [9/15]
Fin;generate all combinations 11440 ...time: 0.0301971435546875
Fin; energy prediction...time: 66.81404900550842
Egy stat [-19.377567, -14.138475, -16.804106, 0.5584066]
Start for  6_10 [10/15]
Fin;generate all combinations 8008 ...time: 0.06970763206481934
Fin; energy prediction...time: 47.39272975921631
Egy stat [-15.51891, -11.099623, -13.560029, 0.52738684]
Start for  5_11 [11/15]
Fin;generate all combinations 4368 ...time: 0.011872053146362305
Fin; energy prediction...time: 26.476816415786743
Egy stat [-11.663687, -8.521633, -10.272046, 0.47740415]
Start for  4_12 [12/15]
Fin;generate all combinations 1820 ...time: 0.005541086196899414
Fin; energy prediction...time: 14.067626237869263
Egy stat [-7.9262524, -5.297711, -6.9530687, 0.40750456]
Start for  3_13 [13/15]
Fin;generate all combinations 560 ...time: 0.002482175827026367
Fin; energy prediction...time: 8.22877311706543
Egy stat [-4.1478896, -2.7428236, -3.6127665, 0.31664643]
Start for  2_14 [14/15]
Fin;generate all combinations 120 ...time: 0.0006361007690429688
Fin; energy prediction...time: 3.967524528503418
Egy stat [-0.508688, 0.4508295, -0.25825405, 0.20255841]
Start for  1_15 [15/15]
Fin;generate all combinations 16 ...time: 0.0003821849822998047
Fin; energy prediction...time: 0.9739041328430176
Egy stat [3.0615978, 3.1482573, 3.1047866, 0.043156482]
Saving....
Saved to... Cs_HgZn_Br.pkl
Total elapsed time... 425.22017645835876
