Summary of calculations
Site name (A,B,C)... Cs Hg,Pb Cl
Base cif file name... ../0.cif
Save file name... Cs_HgPb_Cl.pkl
Fin; combination with repetition...time: 0.0013926029205322266
Start for  15_1 [1/15]
Fin;generate all combinations 16 ...time: 0.00017404556274414062
Fin; energy prediction...time: 1.114912986755371
Egy stat [-63.197742, -63.11863, -63.15806, 0.039305497]
Start for  14_2 [2/15]
Fin;generate all combinations 120 ...time: 0.0007021427154541016
Fin; energy prediction...time: 4.3962249755859375
Egy stat [-62.880875, -60.820343, -62.517918, 0.44438967]
Start for  13_3 [3/15]
Fin;generate all combinations 560 ...time: 0.0019083023071289062
Fin; energy prediction...time: 5.939975023269653
Egy stat [-62.340027, -60.06253, -61.672253, 0.5669357]
Start for  12_4 [4/15]
Fin;generate all combinations 1820 ...time: 0.007180690765380859
Fin; energy prediction...time: 14.20727252960205
Egy stat [-61.72976, -57.432217, -60.71573, 0.5837353]
Start for  11_5 [5/15]
Fin;generate all combinations 4368 ...time: 0.012073278427124023
Fin; energy prediction...time: 30.991597652435303
Egy stat [-60.84007, -56.918354, -59.74155, 0.5649359]
Start for  10_6 [6/15]
Fin;generate all combinations 8008 ...time: 0.019880294799804688
Fin; energy prediction...time: 51.05157780647278
Egy stat [-60.15256, -54.75167, -58.83556, 0.56345546]
Start for  9_7 [7/15]
Fin;generate all combinations 11440 ...time: 0.030583620071411133
Fin; energy prediction...time: 67.05088782310486
Egy stat [-59.59578, -53.80992, -58.071194, 0.5918353]
Start for  8_8 [8/15]
Fin;generate all combinations 12870 ...time: 0.03406405448913574
Fin; energy prediction...time: 73.22886276245117
Egy stat [-59.300415, -51.378586, -57.505905, 0.62606645]
Start for  7_9 [9/15]
Fin;generate all combinations 11440 ...time: 0.030670642852783203
Fin; energy prediction...time: 65.02922821044922
Egy stat [-58.6958, -52.633648, -57.17954, 0.6383271]
Start for  6_10 [10/15]
Fin;generate all combinations 8008 ...time: 0.06819581985473633
Fin; energy prediction...time: 47.695980072021484
Egy stat [-58.55837, -53.78953, -57.114918, 0.61501765]
Start for  5_11 [11/15]
Fin;generate all combinations 4368 ...time: 0.010824203491210938
Fin; energy prediction...time: 30.10481595993042
Egy stat [-58.478573, -54.963974, -57.32059, 0.55576074]
Start for  4_12 [12/15]
Fin;generate all combinations 1820 ...time: 0.005769491195678711
Fin; energy prediction...time: 12.944179773330688
Egy stat [-58.71566, -56.03368, -57.795414, 0.4667132]
Start for  3_13 [13/15]
Fin;generate all combinations 560 ...time: 0.002855062484741211
Fin; energy prediction...time: 7.816615104675293
Egy stat [-59.15193, -57.638252, -58.533886, 0.35427502]
Start for  2_14 [14/15]
Fin;generate all combinations 120 ...time: 0.0006318092346191406
Fin; energy prediction...time: 3.5035598278045654
Egy stat [-59.806686, -59.151558, -59.531284, 0.2198257]
Start for  1_15 [15/15]
Fin;generate all combinations 16 ...time: 0.0004017353057861328
Fin; energy prediction...time: 1.27699613571167
Egy stat [-60.80169, -60.773125, -60.78751, 0.0140220495]
Saving....
Saved to... Cs_HgPb_Cl.pkl
Total elapsed time... 416.9756953716278
