Summary of calculations
Site name (A,B,C)... Cs Hg,Sn Br
Base cif file name... ../0.cif
Save file name... Cs_HgSn_Br.pkl
Fin; combination with repetition...time: 0.0015377998352050781
Start for  15_1 [1/15]
Fin;generate all combinations 16 ...time: 0.00017380714416503906
Fin; energy prediction...time: 1.0150392055511475
Egy stat [-45.014767, -44.90807, -44.961563, 0.053111564]
Start for  14_2 [2/15]
Fin;generate all combinations 120 ...time: 0.0007255077362060547
Fin; energy prediction...time: 5.108970880508423
Egy stat [-49.13159, -45.329685, -48.278324, 0.84586453]
Start for  13_3 [3/15]
Fin;generate all combinations 560 ...time: 0.001955747604370117
Fin; energy prediction...time: 5.539515495300293
Egy stat [-52.685406, -48.677284, -50.914055, 1.101241]
Start for  12_4 [4/15]
Fin;generate all combinations 1820 ...time: 0.005926370620727539
Fin; energy prediction...time: 12.942914009094238
Egy stat [-55.993996, -48.8834, -52.955666, 1.1044539]
Start for  11_5 [5/15]
Fin;generate all combinations 4368 ...time: 0.013197660446166992
Fin; energy prediction...time: 27.204368352890015
Egy stat [-56.636833, -51.80942, -54.521908, 0.948521]
Start for  10_6 [6/15]
Fin;generate all combinations 8008 ...time: 0.020789146423339844
Fin; energy prediction...time: 51.406445264816284
Egy stat [-57.792732, -51.78002, -55.749443, 0.7392949]
Start for  9_7 [7/15]
Fin;generate all combinations 11440 ...time: 0.03007054328918457
Fin; energy prediction...time: 74.49348545074463
Egy stat [-58.395863, -53.82855, -56.77666, 0.58875227]
Start for  8_8 [8/15]
Fin;generate all combinations 12870 ...time: 0.033674001693725586
Fin; energy prediction...time: 75.14571237564087
Egy stat [-59.55574, -52.559685, -57.72918, 0.55575716]
Start for  7_9 [9/15]
Fin;generate all combinations 11440 ...time: 0.03177618980407715
Fin; energy prediction...time: 66.98277878761292
Egy stat [-60.21563, -54.816975, -58.70917, 0.5799144]
Start for  6_10 [10/15]
Fin;generate all combinations 8008 ...time: 0.0720217227935791
Fin; energy prediction...time: 48.276947259902954
Egy stat [-61.081207, -56.917904, -59.78935, 0.57807225]
Start for  5_11 [11/15]
Fin;generate all combinations 4368 ...time: 0.010764122009277344
Fin; energy prediction...time: 28.004977226257324
Egy stat [-61.9843, -58.98555, -61.011417, 0.52042156]
Start for  4_12 [12/15]
Fin;generate all combinations 1820 ...time: 0.005448579788208008
Fin; energy prediction...time: 14.064705610275269
Egy stat [-63.32184, -60.888382, -62.388477, 0.41545525]
Start for  3_13 [13/15]
Fin;generate all combinations 560 ...time: 0.0018222332000732422
Fin; energy prediction...time: 6.011465072631836
Egy stat [-64.46031, -63.133663, -63.910408, 0.28823793]
Start for  2_14 [14/15]
Fin;generate all combinations 120 ...time: 0.0006730556488037109
Fin; energy prediction...time: 2.7813568115234375
Egy stat [-65.79297, -65.21109, -65.55144, 0.16669899]
Start for  1_15 [15/15]
Fin;generate all combinations 16 ...time: 0.0003466606140136719
Fin; energy prediction...time: 1.2943696975708008
Egy stat [-67.347115, -67.20917, -67.278275, 0.06877462]
Saving....
Saved to... Cs_HgSn_Br.pkl
Total elapsed time... 420.9288890361786
