Summary of calculations
Site name (A,B,C)... Cs Hg,Pb Br
Base cif file name... ../0.cif
Save file name... Cs_HgPb_Br.pkl
Fin; combination with repetition...time: 0.00150299072265625
Start for  15_1 [1/15]
Fin;generate all combinations 16 ...time: 0.0001766681671142578
Fin; energy prediction...time: 1.1892952919006348
Egy stat [-41.376465, -41.338818, -41.357788, 0.018641245]
Start for  14_2 [2/15]
Fin;generate all combinations 120 ...time: 0.0007176399230957031
Fin; energy prediction...time: 4.3966052532196045
Egy stat [-41.86242, -39.836002, -41.52084, 0.4439667]
Start for  13_3 [3/15]
Fin;generate all combinations 560 ...time: 0.0019333362579345703
Fin; energy prediction...time: 8.38118314743042
Egy stat [-42.146786, -40.11021, -41.465176, 0.5702712]
Start for  12_4 [4/15]
Fin;generate all combinations 1820 ...time: 0.005042076110839844
Fin; energy prediction...time: 15.471137046813965
Egy stat [-42.366417, -38.354073, -41.26367, 0.57685834]
Start for  11_5 [5/15]
Fin;generate all combinations 4368 ...time: 0.012578725814819336
Fin; energy prediction...time: 28.69918727874756
Egy stat [-42.15755, -38.63617, -40.99756, 0.5329194]
Start for  10_6 [6/15]
Fin;generate all combinations 8008 ...time: 0.020092248916625977
Fin; energy prediction...time: 49.2409086227417
Egy stat [-42.103935, -37.23599, -40.750046, 0.5110348]
Start for  9_7 [7/15]
Fin;generate all combinations 11440 ...time: 0.0317988395690918
Fin; energy prediction...time: 71.77316808700562
Egy stat [-42.03882, -36.952667, -40.599583, 0.5475589]
Start for  8_8 [8/15]
Fin;generate all combinations 12870 ...time: 0.03233528137207031
Fin; energy prediction...time: 79.83353161811829
Egy stat [-42.187458, -35.096043, -40.614124, 0.6143298]
Start for  7_9 [9/15]
Fin;generate all combinations 11440 ...time: 0.02923297882080078
Fin; energy prediction...time: 72.32453465461731
Egy stat [-42.419907, -36.733696, -40.84714, 0.66532254]
Start for  6_10 [10/15]
Fin;generate all combinations 8008 ...time: 0.0638272762298584
Fin; energy prediction...time: 50.726855754852295
Egy stat [-42.925106, -38.262703, -41.33588, 0.6738892]
Start for  5_11 [11/15]
Fin;generate all combinations 4368 ...time: 0.011426925659179688
Fin; energy prediction...time: 30.02414584159851
Egy stat [-43.353825, -39.83194, -42.10192, 0.6329502]
Start for  4_12 [12/15]
Fin;generate all combinations 1820 ...time: 0.0050373077392578125
Fin; energy prediction...time: 12.952288150787354
Egy stat [-44.2633, -41.171234, -43.153854, 0.54641175]
Start for  3_13 [13/15]
Fin;generate all combinations 560 ...time: 0.0018362998962402344
Fin; energy prediction...time: 6.367095232009888
Egy stat [-45.3646, -43.4944, -44.491394, 0.42156672]
Start for  2_14 [14/15]
Fin;generate all combinations 120 ...time: 0.0006723403930664062
Fin; energy prediction...time: 3.94333815574646
Egy stat [-46.64215, -45.692947, -46.10982, 0.26253617]
Start for  1_15 [15/15]
Fin;generate all combinations 16 ...time: 0.0003726482391357422
Fin; energy prediction...time: 1.264552354812622
Egy stat [-48.016113, -47.99222, -48.00399, 0.011691686]
Saving....
Saved to... Cs_HgPb_Br.pkl
Total elapsed time... 437.2433750629425
