Summary of calculations
Site name (A,B,C)... Cs Hg,Pb I
Base cif file name... ../0.cif
Save file name... Cs_HgPb_I.pkl
Fin; combination with repetition...time: 0.0015153884887695312
Start for  15_1 [1/15]
Fin;generate all combinations 16 ...time: 0.00017523765563964844
Fin; energy prediction...time: 1.179469347000122
Egy stat [-1.8522243, -1.7139626, -1.7830763, 0.06905125]
Start for  14_2 [2/15]
Fin;generate all combinations 120 ...time: 0.0007708072662353516
Fin; energy prediction...time: 3.436983823776245
Egy stat [-1.6517458, -0.6920643, -1.1360234, 0.31855]
Start for  13_3 [3/15]
Fin;generate all combinations 560 ...time: 0.0019283294677734375
Fin; energy prediction...time: 6.422868490219116
Egy stat [-1.4385872, 0.5273752, -0.58947, 0.5402271]
Start for  12_4 [4/15]
Fin;generate all combinations 1820 ...time: 0.005953788757324219
Fin; energy prediction...time: 12.55920124053955
Egy stat [-1.827055, 2.0454044, -0.21138614, 0.751269]
Start for  11_5 [5/15]
Fin;generate all combinations 4368 ...time: 0.01258707046508789
Fin; energy prediction...time: 26.282913208007812
Egy stat [-1.9152317, 2.907752, -0.049590837, 0.9373405]
Start for  10_6 [6/15]
Fin;generate all combinations 8008 ...time: 0.024173974990844727
Fin; energy prediction...time: 52.13592743873596
Egy stat [-2.5696158, 3.9459991, -0.13495654, 1.085403]
Start for  9_7 [7/15]
Fin;generate all combinations 11440 ...time: 0.03195333480834961
Fin; energy prediction...time: 68.82173180580139
Egy stat [-3.2700315, 4.9229393, -0.48586768, 1.187051]
Start for  8_8 [8/15]
Fin;generate all combinations 12870 ...time: 0.03181004524230957
Fin; energy prediction...time: 77.48870873451233
Egy stat [-4.6678486, 6.110567, -1.1129994, 1.238048]
Start for  7_9 [9/15]
Fin;generate all combinations 11440 ...time: 0.03234267234802246
Fin; energy prediction...time: 67.6298463344574
Egy stat [-5.023893, 3.3257122, -2.0237052, 1.2371147]
Start for  6_10 [10/15]
Fin;generate all combinations 8008 ...time: 0.06787753105163574
Fin; energy prediction...time: 47.43971848487854
Egy stat [-6.164353, 0.7702656, -3.2255821, 1.1847868]
Start for  5_11 [11/15]
Fin;generate all combinations 4368 ...time: 0.012142419815063477
Fin; energy prediction...time: 27.495685815811157
Egy stat [-7.1723437, -1.6305828, -4.7291408, 1.0823172]
Start for  4_12 [12/15]
Fin;generate all combinations 1820 ...time: 0.005027294158935547
Fin; energy prediction...time: 16.404715299606323
Egy stat [-9.246789, -3.5647821, -6.549726, 0.9303574]
Start for  3_13 [13/15]
Fin;generate all combinations 560 ...time: 0.0028183460235595703
Fin; energy prediction...time: 7.00069785118103
Egy stat [-10.205755, -7.1548796, -8.70885, 0.727078]
Start for  2_14 [14/15]
Fin;generate all combinations 120 ...time: 0.0006825923919677734
Fin; energy prediction...time: 5.352631092071533
Egy stat [-12.325898, -10.525997, -11.234987, 0.46402144]
Start for  1_15 [15/15]
Fin;generate all combinations 16 ...time: 0.00039196014404296875
Fin; energy prediction...time: 1.1017701625823975
Egy stat [-14.201389, -14.125957, -14.163668, 0.037665997]
Saving....
Saved to... Cs_HgPb_I.pkl
Total elapsed time... 421.26481556892395
