Summary of calculations
Site name (A,B,C)... Cs Hg,Sn Cl
Base cif file name... ../0.cif
Save file name... Cs_HgSn_Cl.pkl
Fin; combination with repetition...time: 0.001402139663696289
Start for  15_1 [1/15]
Fin;generate all combinations 16 ...time: 0.00017261505126953125
Fin; energy prediction...time: 1.0912072658538818
Egy stat [-65.1988, -65.1632, -65.18111, 0.017597174]
Start for  14_2 [2/15]
Fin;generate all combinations 120 ...time: 0.0007290840148925781
Fin; energy prediction...time: 3.914248466491699
Egy stat [-66.650475, -63.412548, -66.0686, 0.7507391]
Start for  13_3 [3/15]
Fin;generate all combinations 560 ...time: 0.001943826675415039
Fin; energy prediction...time: 8.616025686264038
Egy stat [-67.70529, -64.33353, -66.309235, 0.9402641]
Start for  12_4 [4/15]
Fin;generate all combinations 1820 ...time: 0.006777763366699219
Fin; energy prediction...time: 13.517310857772827
Egy stat [-68.40506, -62.37236, -66.06001, 0.9192914]
Start for  11_5 [5/15]
Fin;generate all combinations 4368 ...time: 0.01279306411743164
Fin; energy prediction...time: 28.549682140350342
Egy stat [-67.00224, -62.75323, -65.476204, 0.7919225]
Start for  10_6 [6/15]
Fin;generate all combinations 8008 ...time: 0.01967024803161621
Fin; energy prediction...time: 54.427151918411255
Egy stat [-66.54977, -60.79969, -64.699295, 0.6489438]
Start for  9_7 [7/15]
Fin;generate all combinations 11440 ...time: 0.029749155044555664
Fin; energy prediction...time: 68.39906549453735
Egy stat [-65.282, -60.788345, -63.848305, 0.55337876]
Start for  8_8 [8/15]
Fin;generate all combinations 12870 ...time: 0.0312497615814209
Fin; energy prediction...time: 73.12821412086487
Egy stat [-64.9624, -58.126286, -63.014404, 0.5105304]
Start for  7_9 [9/15]
Fin;generate all combinations 11440 ...time: 0.03360772132873535
Fin; energy prediction...time: 73.4315938949585
Egy stat [-63.57822, -58.74022, -62.258713, 0.47919935]
Start for  6_10 [10/15]
Fin;generate all combinations 8008 ...time: 0.07350850105285645
Fin; energy prediction...time: 49.93792247772217
Egy stat [-62.70174, -59.019394, -61.612976, 0.42640632]
Start for  5_11 [11/15]
Fin;generate all combinations 4368 ...time: 0.010912895202636719
Fin; energy prediction...time: 30.133867979049683
Egy stat [-61.916553, -59.374054, -61.082962, 0.34944275]
Start for  4_12 [12/15]
Fin;generate all combinations 1820 ...time: 0.005488872528076172
Fin; energy prediction...time: 13.597984552383423
Egy stat [-61.228985, -59.474407, -60.654137, 0.2661746]
Start for  3_13 [13/15]
Fin;generate all combinations 560 ...time: 0.0017693042755126953
Fin; energy prediction...time: 8.843213558197021
Egy stat [-60.6041, -59.666237, -60.29915, 0.19723889]
Start for  2_14 [14/15]
Fin;generate all combinations 120 ...time: 0.0005848407745361328
Fin; energy prediction...time: 2.7993552684783936
Egy stat [-60.24335, -59.582664, -59.985775, 0.14265256]
Start for  1_15 [15/15]
Fin;generate all combinations 16 ...time: 0.0003788471221923828
Fin; energy prediction...time: 1.1469001770019531
Egy stat [-59.752083, -59.616108, -59.68412, 0.06791762]
Saving....
Saved to... Cs_HgSn_Cl.pkl
Total elapsed time... 432.23269152641296
