Summary of calculations
Site name (A,B,C)... Cs Pb,Sn I
Base cif file name... ../0.cif
Save file name... Cs_PbSn_I.pkl
Fin; combination with repetition...time: 0.0013995170593261719
Start for  15_1 [1/15]
Fin;generate all combinations 16 ...time: 0.00017213821411132812
Fin; energy prediction...time: 1.1964836120605469
Egy stat [-18.535564, -18.476881, -18.506275, 0.029187998]
Start for  14_2 [2/15]
Fin;generate all combinations 120 ...time: 0.0006978511810302734
Fin; energy prediction...time: 3.0646159648895264
Egy stat [-19.597183, -19.426659, -19.52651, 0.04715047]
Start for  13_3 [3/15]
Fin;generate all combinations 560 ...time: 0.001964092254638672
Fin; energy prediction...time: 6.2407989501953125
Egy stat [-20.695534, -20.424301, -20.595154, 0.061045993]
Start for  12_4 [4/15]
Fin;generate all combinations 1820 ...time: 0.005640745162963867
Fin; energy prediction...time: 15.771660089492798
Egy stat [-21.839485, -21.432514, -21.709887, 0.07152143]
Start for  11_5 [5/15]
Fin;generate all combinations 4368 ...time: 0.012691497802734375
Fin; energy prediction...time: 29.35895037651062
Egy stat [-23.028044, -22.517723, -22.86838, 0.07896761]
Start for  10_6 [6/15]
Fin;generate all combinations 8008 ...time: 0.019820690155029297
Fin; energy prediction...time: 51.259899616241455
Egy stat [-24.26205, -23.604027, -24.068314, 0.083651975]
Start for  9_7 [7/15]
Fin;generate all combinations 11440 ...time: 0.029268264770507812
Fin; energy prediction...time: 66.35880708694458
Egy stat [-25.53543, -24.752996, -25.3074, 0.085751034]
Start for  8_8 [8/15]
Fin;generate all combinations 12870 ...time: 0.03566741943359375
Fin; energy prediction...time: 71.80439496040344
Egy stat [-26.85689, -25.901745, -26.58339, 0.08537418]
Start for  7_9 [9/15]
Fin;generate all combinations 11440 ...time: 0.030417919158935547
Fin; energy prediction...time: 66.97873401641846
Egy stat [-28.127392, -27.371151, -27.894077, 0.08258514]
Start for  6_10 [10/15]
Fin;generate all combinations 8008 ...time: 0.06838536262512207
Fin; energy prediction...time: 46.85171103477478
Egy stat [-29.448977, -28.828716, -29.237316, 0.077417746]
Start for  5_11 [11/15]
Fin;generate all combinations 4368 ...time: 0.011823654174804688
Fin; energy prediction...time: 29.43764901161194
Egy stat [-30.7768, -30.279627, -30.611013, 0.06988908]
Start for  4_12 [12/15]
Fin;generate all combinations 1820 ...time: 0.006060600280761719
Fin; energy prediction...time: 12.776074171066284
Egy stat [-32.142258, -31.712944, -32.013145, 0.06000724]
Start for  3_13 [13/15]
Fin;generate all combinations 560 ...time: 0.0027413368225097656
Fin; energy prediction...time: 5.455698251724243
Egy stat [-33.52009, -33.273407, -33.441734, 0.04777477]
Start for  2_14 [14/15]
Fin;generate all combinations 120 ...time: 0.0006439685821533203
Fin; energy prediction...time: 3.202409505844116
Egy stat [-34.939636, -34.81921, -34.894882, 0.033184316]
Start for  1_15 [15/15]
Fin;generate all combinations 16 ...time: 0.00039696693420410156
Fin; energy prediction...time: 1.1505846977233887
Egy stat [-36.387077, -36.354507, -36.37075, 0.016176173]
Saving....
Saved to... Cs_PbSn_I.pkl
Total elapsed time... 411.59839510917664
