Summary of calculations
Site name (A,B,C)... Cs Pb,Sn Br
Base cif file name... ../0.cif
Save file name... Cs_PbSn_Br.pkl
Fin; combination with repetition...time: 0.0015265941619873047
Start for  15_1 [1/15]
Fin;generate all combinations 16 ...time: 0.00017023086547851562
Fin; energy prediction...time: 1.0570573806762695
Egy stat [-51.08069, -51.061424, -51.07104, 0.009570326]
Start for  14_2 [2/15]
Fin;generate all combinations 120 ...time: 0.0006470680236816406
Fin; energy prediction...time: 4.517362356185913
Egy stat [-52.045708, -51.85815, -51.99746, 0.042547937]
Start for  13_3 [3/15]
Fin;generate all combinations 560 ...time: 0.0016527175903320312
Fin; energy prediction...time: 9.559052467346191
Egy stat [-53.06939, -52.768528, -52.95294, 0.06661167]
Start for  12_4 [4/15]
Fin;generate all combinations 1820 ...time: 0.0058629512786865234
Fin; energy prediction...time: 13.400688648223877
Egy stat [-54.14701, -53.592003, -53.94022, 0.08592923]
Start for  11_5 [5/15]
Fin;generate all combinations 4368 ...time: 0.010979652404785156
Fin; energy prediction...time: 26.472538948059082
Egy stat [-55.254955, -54.575264, -54.961853, 0.10089655]
Start for  10_6 [6/15]
Fin;generate all combinations 8008 ...time: 0.020119428634643555
Fin; energy prediction...time: 51.32610607147217
Egy stat [-56.431454, -55.487255, -56.020275, 0.111635305]
Start for  9_7 [7/15]
Fin;generate all combinations 11440 ...time: 0.027863740921020508
Fin; energy prediction...time: 65.90392589569092
Egy stat [-57.67441, -56.48999, -57.11779, 0.118186265]
Start for  8_8 [8/15]
Fin;generate all combinations 12870 ...time: 0.030803442001342773
Fin; energy prediction...time: 73.69774127006531
Egy stat [-58.987274, -57.427574, -58.256542, 0.120546475]
Start for  7_9 [9/15]
Fin;generate all combinations 11440 ...time: 0.030824899673461914
Fin; energy prediction...time: 63.89603900909424
Egy stat [-59.993, -58.806873, -59.438526, 0.11868204]
Start for  6_10 [10/15]
Fin;generate all combinations 8008 ...time: 0.06957864761352539
Fin; energy prediction...time: 47.831520795822144
Egy stat [-61.092438, -60.11977, -60.66561, 0.11253166]
Start for  5_11 [11/15]
Fin;generate all combinations 4368 ...time: 0.01097869873046875
Fin; energy prediction...time: 27.89760684967041
Egy stat [-62.23984, -61.54923, -61.93946, 0.10200474]
Start for  4_12 [12/15]
Fin;generate all combinations 1820 ...time: 0.005196571350097656
Fin; energy prediction...time: 17.75502848625183
Egy stat [-63.486336, -62.91688, -63.261616, 0.08697179]
Start for  3_13 [13/15]
Fin;generate all combinations 560 ...time: 0.0018768310546875
Fin; energy prediction...time: 8.286522150039673
Egy stat [-64.74803, -64.4619, -64.63342, 0.06721613]
Start for  2_14 [14/15]
Fin;generate all combinations 120 ...time: 0.0006015300750732422
Fin; energy prediction...time: 5.368950605392456
Egy stat [-66.1149, -65.94095, -66.05602, 0.042163603]
Start for  1_15 [15/15]
Fin;generate all combinations 16 ...time: 0.0003972053527832031
Fin; energy prediction...time: 1.2537643909454346
Egy stat [-67.53089, -67.530014, -67.53046, 0.0004071508]
Saving....
Saved to... Cs_PbSn_Br.pkl
Total elapsed time... 419.0890338420868
