Summary of calculations
Site name (A,B,C)... Cs Sn,Zn Cl
Base cif file name... ../0.cif
Save file name... Cs_SnZn_Cl.pkl
Fin; combination with repetition...time: 0.0014197826385498047
Start for  15_1 [1/15]
Fin;generate all combinations 16 ...time: 0.00017142295837402344
Fin; energy prediction...time: 1.1891865730285645
Egy stat [-54.19295, -53.660835, -53.926975, 0.26580158]
Start for  14_2 [2/15]
Fin;generate all combinations 120 ...time: 0.0006091594696044922
Fin; energy prediction...time: 3.6369104385375977
Egy stat [-50.176323, -47.943165, -49.040817, 0.6496287]
Start for  13_3 [3/15]
Fin;generate all combinations 560 ...time: 0.0019354820251464844
Fin; energy prediction...time: 5.8299384117126465
Egy stat [-46.98287, -42.450447, -44.63393, 0.9603698]
Start for  12_4 [4/15]
Fin;generate all combinations 1820 ...time: 0.005503416061401367
Fin; energy prediction...time: 13.168942213058472
Egy stat [-45.0103, -36.828793, -40.634445, 1.2173522]
Start for  11_5 [5/15]
Fin;generate all combinations 4368 ...time: 0.012739181518554688
Fin; energy prediction...time: 26.556072235107422
Egy stat [-42.477623, -33.204758, -36.976616, 1.4280629]
Start for  10_6 [6/15]
Fin;generate all combinations 8008 ...time: 0.022701025009155273
Fin; energy prediction...time: 48.185280084609985
Egy stat [-41.045273, -28.762167, -33.599026, 1.5982614]
Start for  9_7 [7/15]
Fin;generate all combinations 11440 ...time: 0.030009984970092773
Fin; energy prediction...time: 66.4467830657959
Egy stat [-40.335236, -24.938, -30.442574, 1.7328895]
Start for  8_8 [8/15]
Fin;generate all combinations 12870 ...time: 0.030852079391479492
Fin; energy prediction...time: 73.06900525093079
Egy stat [-40.130707, -19.937248, -27.448359, 1.8352435]
Start for  7_9 [9/15]
Fin;generate all combinations 11440 ...time: 0.030611753463745117
Fin; energy prediction...time: 74.44500350952148
Egy stat [-34.956364, -18.388237, -24.555616, 1.9048985]
Start for  6_10 [10/15]
Fin;generate all combinations 8008 ...time: 0.07216572761535645
Fin; energy prediction...time: 47.764426946640015
Egy stat [-30.318245, -14.942347, -21.699543, 1.9347227]
Start for  5_11 [11/15]
Fin;generate all combinations 4368 ...time: 0.012829303741455078
Fin; energy prediction...time: 29.448347806930542
Egy stat [-24.832787, -12.994163, -18.80904, 1.9075534]
Start for  4_12 [12/15]
Fin;generate all combinations 1820 ...time: 0.005554914474487305
Fin; energy prediction...time: 14.06377649307251
Egy stat [-20.11623, -9.138734, -15.804314, 1.793039]
Start for  3_13 [13/15]
Fin;generate all combinations 560 ...time: 0.0026712417602539062
Fin; energy prediction...time: 5.805639743804932
Egy stat [-14.834774, -9.293199, -12.594384, 1.544288]
Start for  2_14 [14/15]
Fin;generate all combinations 120 ...time: 0.0007653236389160156
Fin; energy prediction...time: 4.679454326629639
Egy stat [-10.357853, -5.357225, -9.074682, 1.0891644]
Start for  1_15 [15/15]
Fin;generate all combinations 16 ...time: 0.0004115104675292969
Fin; energy prediction...time: 1.0439105033874512
Egy stat [-5.2308884, -5.0189323, -5.1250076, 0.10577954]
Saving....
Saved to... Cs_SnZn_Cl.pkl
Total elapsed time... 416.0033926963806
