Summary of calculations
Site name (A,B,C)... K Cd,Zn Cl
Base cif file name... ../0.cif
Save file name... K_CdZn_Cl.pkl
Fin; combination with repetition...time: 0.0014019012451171875
Start for  15_1 [1/15]
Fin;generate all combinations 16 ...time: 0.00017213821411132812
Fin; energy prediction...time: 1.0575456619262695
Egy stat [-11.370792, -11.241381, -11.306013, 0.06461881]
Start for  14_2 [2/15]
Fin;generate all combinations 120 ...time: 0.0008018016815185547
Fin; energy prediction...time: 3.4076483249664307
Egy stat [-8.414917, -7.928445, -8.19447, 0.13706578]
Start for  13_3 [3/15]
Fin;generate all combinations 560 ...time: 0.0019507408142089844
Fin; energy prediction...time: 7.592090129852295
Egy stat [-5.651129, -4.596192, -5.1742535, 0.19844958]
Start for  12_4 [4/15]
Fin;generate all combinations 1820 ...time: 0.005799531936645508
Fin; energy prediction...time: 12.35409665107727
Egy stat [-3.1004195, -1.2173328, -2.2438884, 0.24917394]
Start for  11_5 [5/15]
Fin;generate all combinations 4368 ...time: 0.012806892395019531
Fin; energy prediction...time: 27.65458035469055
Egy stat [-0.45951176, 1.5424337, 0.5978929, 0.28913197]
Start for  10_6 [6/15]
Fin;generate all combinations 8008 ...time: 0.02112126350402832
Fin; energy prediction...time: 47.95110535621643
Egy stat [1.9398766, 4.3739204, 3.3520894, 0.31811923]
Start for  9_7 [7/15]
Fin;generate all combinations 11440 ...time: 0.03205561637878418
Fin; energy prediction...time: 72.96509790420532
Egy stat [4.1297884, 7.186922, 6.019413, 0.3359031]
Start for  8_8 [8/15]
Fin;generate all combinations 12870 ...time: 0.03229641914367676
Fin; energy prediction...time: 80.2498106956482
Egy stat [6.116316, 10.074205, 8.600308, 0.34225655]
Start for  7_9 [9/15]
Fin;generate all combinations 11440 ...time: 0.029872894287109375
Fin; energy prediction...time: 66.91147446632385
Egy stat [9.202625, 12.155352, 11.095026, 0.33697173]
Start for  6_10 [10/15]
Fin;generate all combinations 8008 ...time: 0.06628680229187012
Fin; energy prediction...time: 46.961642026901245
Egy stat [12.057741, 14.498102, 13.503725, 0.3198564]
Start for  5_11 [11/15]
Fin;generate all combinations 4368 ...time: 0.010643959045410156
Fin; energy prediction...time: 29.289096117019653
Egy stat [14.751209, 16.735662, 15.826594, 0.29070276]
Start for  4_12 [12/15]
Fin;generate all combinations 1820 ...time: 0.0056400299072265625
Fin; energy prediction...time: 13.921851873397827
Egy stat [17.197397, 19.153435, 18.064009, 0.24921432]
Start for  3_13 [13/15]
Fin;generate all combinations 560 ...time: 0.0020961761474609375
Fin; energy prediction...time: 8.397056341171265
Egy stat [19.765635, 20.789982, 20.216648, 0.19483447]
Start for  2_14 [14/15]
Fin;generate all combinations 120 ...time: 0.0006623268127441406
Fin; energy prediction...time: 2.845025062561035
Egy stat [22.084606, 22.635826, 22.285633, 0.12613203]
Start for  1_15 [15/15]
Fin;generate all combinations 16 ...time: 0.0004703998565673828
Fin; energy prediction...time: 1.2543208599090576
Egy stat [24.24065, 24.304531, 24.272596, 0.031828832]
Saving....
Saved to... K_CdZn_Cl.pkl
Total elapsed time... 423.303062915802
