Summary of calculations
Site name (A,B,C)... K Cd,Zn I
Base cif file name... ../0.cif
Save file name... K_CdZn_I.pkl
Fin; combination with repetition...time: 0.0015027523040771484
Start for  15_1 [1/15]
Fin;generate all combinations 16 ...time: 0.00016927719116210938
Fin; energy prediction...time: 1.0441606044769287
Egy stat [32.349915, 32.41022, 32.38019, 0.030008918]
Start for  14_2 [2/15]
Fin;generate all combinations 120 ...time: 0.0007307529449462891
Fin; energy prediction...time: 3.247715473175049
Egy stat [36.682022, 37.439144, 37.15317, 0.15712121]
Start for  13_3 [3/15]
Fin;generate all combinations 560 ...time: 0.001969575881958008
Fin; energy prediction...time: 6.282219171524048
Egy stat [41.348385, 42.42383, 41.855972, 0.23336644]
Start for  12_4 [4/15]
Fin;generate all combinations 1820 ...time: 0.007082462310791016
Fin; energy prediction...time: 13.44783878326416
Egy stat [45.662796, 47.537205, 46.489414, 0.28192887]
Start for  11_5 [5/15]
Fin;generate all combinations 4368 ...time: 0.011014938354492188
Fin; energy prediction...time: 26.98966646194458
Egy stat [50.28107, 51.930237, 51.05562, 0.30720958]
Start for  10_6 [6/15]
Fin;generate all combinations 8008 ...time: 0.020268917083740234
Fin; energy prediction...time: 51.13727355003357
Egy stat [54.577316, 56.4365, 55.557793, 0.31294724]
Start for  9_7 [7/15]
Fin;generate all combinations 11440 ...time: 0.030004501342773438
Fin; energy prediction...time: 67.63908410072327
Egy stat [59.018127, 60.97876, 59.99996, 0.30290586]
Start for  8_8 [8/15]
Fin;generate all combinations 12870 ...time: 0.03428006172180176
Fin; energy prediction...time: 74.97642540931702
Egy stat [63.234962, 65.615845, 64.38662, 0.28083107]
Start for  7_9 [9/15]
Fin;generate all combinations 11440 ...time: 0.031214475631713867
Fin; energy prediction...time: 73.27617478370667
Egy stat [67.92953, 69.587456, 68.722336, 0.25027466]
Start for  6_10 [10/15]
Fin;generate all combinations 8008 ...time: 0.07897734642028809
Fin; energy prediction...time: 54.25041604042053
Egy stat [72.37627, 73.665565, 73.0114, 0.21439281]
Start for  5_11 [11/15]
Fin;generate all combinations 4368 ...time: 0.010892868041992188
Fin; energy prediction...time: 27.38624382019043
Egy stat [76.80093, 77.77545, 77.25742, 0.17575988]
Start for  4_12 [12/15]
Fin;generate all combinations 1820 ...time: 0.0049343109130859375
Fin; energy prediction...time: 13.237298965454102
Egy stat [81.09388, 81.98036, 81.46319, 0.13620442]
Start for  3_13 [13/15]
Fin;generate all combinations 560 ...time: 0.0026633739471435547
Fin; energy prediction...time: 6.64976692199707
Egy stat [85.43139, 85.8785, 85.63032, 0.096640445]
Start for  2_14 [14/15]
Fin;generate all combinations 120 ...time: 0.0006411075592041016
Fin; energy prediction...time: 5.20793890953064
Egy stat [89.66214, 89.86351, 89.75932, 0.05668799]
Start for  1_15 [15/15]
Fin;generate all combinations 16 ...time: 0.00034165382385253906
Fin; energy prediction...time: 1.267601490020752
Egy stat [93.84244, 93.85661, 93.849525, 0.0069628786]
Saving....
Saved to... K_CdZn_I.pkl
Total elapsed time... 426.7987689971924
