Summary of calculations
Site name (A,B,C)... K Cd,Zn Br
Base cif file name... ../0.cif
Save file name... K_CdZn_Br.pkl
Fin; combination with repetition...time: 0.001500844955444336
Start for  15_1 [1/15]
Fin;generate all combinations 16 ...time: 0.00017118453979492188
Fin; energy prediction...time: 1.051807165145874
Egy stat [11.413084, 11.570646, 11.491911, 0.078719534]
Start for  14_2 [2/15]
Fin;generate all combinations 120 ...time: 0.0006930828094482422
Fin; energy prediction...time: 5.432699680328369
Egy stat [13.149975, 13.654493, 13.390675, 0.13351357]
Start for  13_3 [3/15]
Fin;generate all combinations 560 ...time: 0.0019254684448242188
Fin; energy prediction...time: 5.679340124130249
Egy stat [14.790134, 15.723907, 15.197322, 0.17783849]
Start for  12_4 [4/15]
Fin;generate all combinations 1820 ...time: 0.006799936294555664
Fin; energy prediction...time: 14.669575214385986
Egy stat [16.250393, 17.805216, 16.918255, 0.21277617]
Start for  11_5 [5/15]
Fin;generate all combinations 4368 ...time: 0.012476205825805664
Fin; energy prediction...time: 26.22642707824707
Egy stat [17.726185, 19.401144, 18.55934, 0.23888595]
Start for  10_6 [6/15]
Fin;generate all combinations 8008 ...time: 0.021167755126953125
Fin; energy prediction...time: 50.49777817726135
Egy stat [19.04295, 21.046375, 20.125885, 0.2564581]
Start for  9_7 [7/15]
Fin;generate all combinations 11440 ...time: 0.02860426902770996
Fin; energy prediction...time: 64.93547654151917
Egy stat [20.18218, 22.66801, 21.62264, 0.2656408]
Start for  8_8 [8/15]
Fin;generate all combinations 12870 ...time: 0.032999515533447266
Fin; energy prediction...time: 75.02510142326355
Egy stat [21.182713, 24.343487, 23.053865, 0.26651472]
Start for  7_9 [9/15]
Fin;generate all combinations 11440 ...time: 0.031141996383666992
Fin; energy prediction...time: 65.82313084602356
Egy stat [22.967773, 25.382324, 24.423388, 0.2591315]
Start for  6_10 [10/15]
Fin;generate all combinations 8008 ...time: 0.06505775451660156
Fin; energy prediction...time: 47.75565552711487
Egy stat [24.568207, 26.63015, 25.734726, 0.24350873]
Start for  5_11 [11/15]
Fin;generate all combinations 4368 ...time: 0.010629653930664062
Fin; energy prediction...time: 30.957618236541748
Egy stat [26.171593, 27.709957, 26.99119, 0.2195811]
Start for  4_12 [12/15]
Fin;generate all combinations 1820 ...time: 0.005536317825317383
Fin; energy prediction...time: 14.025357484817505
Egy stat [27.595604, 28.992039, 28.195978, 0.1870956]
Start for  3_13 [13/15]
Fin;generate all combinations 560 ...time: 0.0018162727355957031
Fin; energy prediction...time: 5.650908470153809
Egy stat [29.043453, 29.755772, 29.352282, 0.14540963]
Start for  2_14 [14/15]
Fin;generate all combinations 120 ...time: 0.0006809234619140625
Fin; energy prediction...time: 4.05723237991333
Egy stat [30.32481, 30.750134, 30.463348, 0.09285283]
Start for  1_15 [15/15]
Fin;generate all combinations 16 ...time: 0.00037598609924316406
Fin; energy prediction...time: 1.5308470726013184
Egy stat [31.517712, 31.547272, 31.532536, 0.014706832]
Saving....
Saved to... K_CdZn_Br.pkl
Total elapsed time... 413.97231698036194
