Summary of calculations
Site name (A,B,C)... K Cd,Ge Cl
Base cif file name... ../0.cif
Save file name... K_CdGe_Cl.pkl
Fin; combination with repetition...time: 0.001508951187133789
Start for  15_1 [1/15]
Fin;generate all combinations 16 ...time: 0.0001914501190185547
Fin; energy prediction...time: 1.0561552047729492
Egy stat [-16.265581, -16.196995, -16.231369, 0.034203026]
Start for  14_2 [2/15]
Fin;generate all combinations 120 ...time: 0.0007171630859375
Fin; energy prediction...time: 3.5905487537384033
Egy stat [-17.960583, -17.23509, -17.748772, 0.14997227]
Start for  13_3 [3/15]
Fin;generate all combinations 560 ...time: 0.0018095970153808594
Fin; energy prediction...time: 5.72466516494751
Egy stat [-19.52609, -18.710236, -19.122833, 0.1671489]
Start for  12_4 [4/15]
Fin;generate all combinations 1820 ...time: 0.007588863372802734
Fin; energy prediction...time: 16.00931739807129
Egy stat [-21.035095, -19.651493, -20.405619, 0.14774947]
Start for  11_5 [5/15]
Fin;generate all combinations 4368 ...time: 0.011106729507446289
Fin; energy prediction...time: 30.444029092788696
Egy stat [-22.04378, -21.152206, -21.641989, 0.1321301]
Start for  10_6 [6/15]
Fin;generate all combinations 8008 ...time: 0.02251720428466797
Fin; energy prediction...time: 52.755308389663696
Egy stat [-23.350468, -22.233028, -22.870197, 0.15324411]
Start for  9_7 [7/15]
Fin;generate all combinations 11440 ...time: 0.028844356536865234
Fin; energy prediction...time: 72.2718915939331
Egy stat [-24.619957, -23.272038, -24.122252, 0.20065944]
Start for  8_8 [8/15]
Fin;generate all combinations 12870 ...time: 0.03014969825744629
Fin; energy prediction...time: 78.15434241294861
Egy stat [-26.095524, -24.144253, -25.424044, 0.2480769]
Start for  7_9 [9/15]
Fin;generate all combinations 11440 ...time: 0.029593229293823242
Fin; energy prediction...time: 70.94696760177612
Egy stat [-27.528385, -25.759298, -26.795366, 0.28018963]
Start for  6_10 [10/15]
Fin;generate all combinations 8008 ...time: 0.08182072639465332
Fin; energy prediction...time: 47.7814998626709
Egy stat [-28.999994, -27.369009, -28.249847, 0.28999883]
Start for  5_11 [11/15]
Fin;generate all combinations 4368 ...time: 0.011312723159790039
Fin; energy prediction...time: 29.251791954040527
Egy stat [-30.493448, -29.044384, -29.794899, 0.2756744]
Start for  4_12 [12/15]
Fin;generate all combinations 1820 ...time: 0.005729198455810547
Fin; energy prediction...time: 12.833580255508423
Egy stat [-32.052452, -30.708542, -31.431778, 0.23936655]
Start for  3_13 [13/15]
Fin;generate all combinations 560 ...time: 0.0019898414611816406
Fin; energy prediction...time: 6.340070724487305
Egy stat [-33.568222, -32.742035, -33.15586, 0.18655711]
Start for  2_14 [14/15]
Fin;generate all combinations 120 ...time: 0.0007035732269287109
Fin; energy prediction...time: 3.9234743118286133
Egy stat [-35.359074, -34.751686, -34.957176, 0.1254096]
Start for  1_15 [15/15]
Fin;generate all combinations 16 ...time: 0.0003859996795654297
Fin; energy prediction...time: 1.2476732730865479
Egy stat [-36.887062, -36.755592, -36.821312, 0.06566766]
Saving....
Saved to... K_CdGe_Cl.pkl
Total elapsed time... 432.9742605686188
