Summary of calculations
Site name (A,B,C)... K Cd,Hg I
Base cif file name... ../0.cif
Save file name... K_CdHg_I.pkl
Fin; combination with repetition...time: 0.0015239715576171875
Start for  15_1 [1/15]
Fin;generate all combinations 16 ...time: 0.00017118453979492188
Fin; energy prediction...time: 1.134765863418579
Egy stat [28.111893, 28.120651, 28.116295, 0.0042628297]
Start for  14_2 [2/15]
Fin;generate all combinations 120 ...time: 0.0007383823394775391
Fin; energy prediction...time: 2.6481263637542725
Egy stat [28.239052, 28.810192, 28.611912, 0.19924615]
Start for  13_3 [3/15]
Fin;generate all combinations 560 ...time: 0.0019004344940185547
Fin; energy prediction...time: 6.76763129234314
Egy stat [28.510746, 29.51435, 29.032856, 0.31600127]
Start for  12_4 [4/15]
Fin;generate all combinations 1820 ...time: 0.005458354949951172
Fin; energy prediction...time: 15.555253744125366
Egy stat [28.404099, 30.326725, 29.387283, 0.4064133]
Start for  11_5 [5/15]
Fin;generate all combinations 4368 ...time: 0.012958049774169922
Fin; energy prediction...time: 28.984922885894775
Egy stat [28.704624, 31.014946, 29.682661, 0.47348467]
Start for  10_6 [6/15]
Fin;generate all combinations 8008 ...time: 0.02057051658630371
Fin; energy prediction...time: 48.85036659240723
Egy stat [28.540081, 31.887413, 29.925394, 0.5186908]
Start for  9_7 [7/15]
Fin;generate all combinations 11440 ...time: 0.029244661331176758
Fin; energy prediction...time: 69.29265284538269
Egy stat [28.434994, 32.74277, 30.120537, 0.5431638]
Start for  8_8 [8/15]
Fin;generate all combinations 12870 ...time: 0.03451132774353027
Fin; energy prediction...time: 76.61340475082397
Egy stat [28.046871, 33.732487, 30.271664, 0.5478403]
Start for  7_9 [9/15]
Fin;generate all combinations 11440 ...time: 0.03211355209350586
Fin; energy prediction...time: 66.86609816551208
Egy stat [28.715153, 32.9641, 30.380808, 0.53346235]
Start for  6_10 [10/15]
Fin;generate all combinations 8008 ...time: 0.08235836029052734
Fin; energy prediction...time: 47.79027056694031
Egy stat [29.117867, 32.391567, 30.448544, 0.5005503]
Start for  5_11 [11/15]
Fin;generate all combinations 4368 ...time: 0.010537147521972656
Fin; energy prediction...time: 27.1594557762146
Egy stat [29.544003, 31.789291, 30.474152, 0.44937217]
Start for  4_12 [12/15]
Fin;generate all combinations 1820 ...time: 0.005716562271118164
Fin; energy prediction...time: 16.02325701713562
Egy stat [29.548298, 31.463383, 30.455782, 0.3798829]
Start for  3_13 [13/15]
Fin;generate all combinations 560 ...time: 0.0025310516357421875
Fin; energy prediction...time: 8.83942174911499
Egy stat [29.908474, 30.906235, 30.390701, 0.2915216]
Start for  2_14 [14/15]
Fin;generate all combinations 120 ...time: 0.0007612705230712891
Fin; energy prediction...time: 4.081769943237305
Egy stat [29.93959, 30.493805, 30.275455, 0.18209723]
Start for  1_15 [15/15]
Fin;generate all combinations 16 ...time: 0.0004107952117919922
Fin; energy prediction...time: 1.548013687133789
Egy stat [30.091904, 30.1203, 30.106083, 0.014159027]
Saving....
Saved to... K_CdHg_I.pkl
Total elapsed time... 422.94103145599365
