Summary of calculations
Site name (A,B,C)... K Cd,Ge Br
Base cif file name... ../0.cif
Save file name... K_CdGe_Br.pkl
Fin; combination with repetition...time: 0.0013933181762695312
Start for  15_1 [1/15]
Fin;generate all combinations 16 ...time: 0.000171661376953125
Fin; energy prediction...time: 1.0979063510894775
Egy stat [5.852762, 5.906557, 5.8796253, 0.026814723]
Start for  14_2 [2/15]
Fin;generate all combinations 120 ...time: 0.0007412433624267578
Fin; energy prediction...time: 3.1815505027770996
Egy stat [2.28189, 2.8798428, 2.4770346, 0.12070983]
Start for  13_3 [3/15]
Fin;generate all combinations 560 ...time: 0.0019845962524414062
Fin; energy prediction...time: 5.5962865352630615
Egy stat [-1.0490541, -0.44383526, -0.77493364, 0.13077195]
Start for  12_4 [4/15]
Fin;generate all combinations 1820 ...time: 0.0059587955474853516
Fin; energy prediction...time: 13.80170750617981
Egy stat [-4.3130097, -3.3372731, -3.9304628, 0.12862563]
Start for  11_5 [5/15]
Fin;generate all combinations 4368 ...time: 0.012848377227783203
Fin; energy prediction...time: 28.16202998161316
Egy stat [-7.3826237, -6.5359173, -7.036707, 0.1586804]
Start for  10_6 [6/15]
Fin;generate all combinations 8008 ...time: 0.021285295486450195
Fin; energy prediction...time: 47.49076199531555
Egy stat [-10.546151, -9.320794, -10.134009, 0.21855542]
Start for  9_7 [7/15]
Fin;generate all combinations 11440 ...time: 0.03477740287780762
Fin; energy prediction...time: 71.43327283859253
Egy stat [-13.836966, -12.0128355, -13.256135, 0.28275838]
Start for  8_8 [8/15]
Fin;generate all combinations 12870 ...time: 0.031003952026367188
Fin; energy prediction...time: 79.96678614616394
Egy stat [-17.242489, -14.6271, -16.430447, 0.33415255]
Start for  7_9 [9/15]
Fin;generate all combinations 11440 ...time: 0.02907872200012207
Fin; energy prediction...time: 73.43740940093994
Egy stat [-20.51969, -18.254944, -19.678, 0.3634251]
Start for  6_10 [10/15]
Fin;generate all combinations 8008 ...time: 0.06791162490844727
Fin; energy prediction...time: 51.80740547180176
Egy stat [-23.955238, -21.87035, -23.01353, 0.36619484]
Start for  5_11 [11/15]
Fin;generate all combinations 4368 ...time: 0.011110067367553711
Fin; energy prediction...time: 30.680219650268555
Egy stat [-27.203123, -25.526905, -26.445415, 0.34181598]
Start for  4_12 [12/15]
Fin;generate all combinations 1820 ...time: 0.00489044189453125
Fin; energy prediction...time: 13.538854360580444
Egy stat [-30.770847, -29.167116, -29.975605, 0.29283482]
Start for  3_13 [13/15]
Fin;generate all combinations 560 ...time: 0.0024280548095703125
Fin; energy prediction...time: 8.275258779525757
Egy stat [-34.097466, -33.143562, -33.599667, 0.2246086]
Start for  2_14 [14/15]
Fin;generate all combinations 120 ...time: 0.0005640983581542969
Fin; energy prediction...time: 3.067944288253784
Egy stat [-37.778133, -37.09179, -37.30701, 0.14490783]
Start for  1_15 [15/15]
Fin;generate all combinations 16 ...time: 0.0003516674041748047
Fin; energy prediction...time: 1.2082464694976807
Egy stat [-41.144867, -41.018074, -41.08144, 0.06336571]
Saving....
Saved to... K_CdGe_Br.pkl
Total elapsed time... 433.4292047023773
