Summary of calculations
Site name (A,B,C)... K Cd,Sn Br
Base cif file name... ../0.cif
Save file name... K_CdSn_Br.pkl
Fin; combination with repetition...time: 0.001491546630859375
Start for  15_1 [1/15]
Fin;generate all combinations 16 ...time: 0.0001697540283203125
Fin; energy prediction...time: 1.0974953174591064
Egy stat [6.9836483, 7.140667, 7.0620813, 0.078410365]
Start for  14_2 [2/15]
Fin;generate all combinations 120 ...time: 0.0006723403930664062
Fin; energy prediction...time: 5.126857280731201
Egy stat [4.3247614, 5.46887, 4.7493997, 0.2337791]
Start for  13_3 [3/15]
Fin;generate all combinations 560 ...time: 0.0020329952239990234
Fin; energy prediction...time: 8.584411144256592
Egy stat [1.8475752, 3.3339586, 2.5051632, 0.3087417]
Start for  12_4 [4/15]
Fin;generate all combinations 1820 ...time: 0.005812168121337891
Fin; energy prediction...time: 18.37769389152527
Egy stat [-0.8662319, 1.8436623, 0.2869407, 0.3522006]
Start for  11_5 [5/15]
Fin;generate all combinations 4368 ...time: 0.01284646987915039
Fin; energy prediction...time: 27.938563346862793
Egy stat [-3.3397045, -0.7538614, -1.9400045, 0.38370925]
Start for  10_6 [6/15]
Fin;generate all combinations 8008 ...time: 0.021860837936401367
Fin; energy prediction...time: 48.32102108001709
Egy stat [-6.0540624, -2.763884, -4.2033715, 0.41034916]
Start for  9_7 [7/15]
Fin;generate all combinations 11440 ...time: 0.03331780433654785
Fin; energy prediction...time: 71.88966107368469
Egy stat [-8.721924, -5.019634, -6.5243335, 0.43078122]
Start for  8_8 [8/15]
Fin;generate all combinations 12870 ...time: 0.03393816947937012
Fin; energy prediction...time: 85.0396957397461
Egy stat [-11.575197, -6.822731, -8.917962, 0.4401038]
Start for  7_9 [9/15]
Fin;generate all combinations 11440 ...time: 0.032317161560058594
Fin; energy prediction...time: 72.7367172241211
Egy stat [-13.501676, -9.762536, -11.393621, 0.43362877]
Start for  6_10 [10/15]
Fin;generate all combinations 8008 ...time: 0.06802892684936523
Fin; energy prediction...time: 50.89517331123352
Egy stat [-15.605697, -12.61689, -13.955414, 0.40872043]
Start for  5_11 [11/15]
Fin;generate all combinations 4368 ...time: 0.012432575225830078
Fin; energy prediction...time: 29.795629262924194
Egy stat [-17.860233, -15.648435, -16.602715, 0.36515602]
Start for  4_12 [12/15]
Fin;generate all combinations 1820 ...time: 0.0056340694427490234
Fin; energy prediction...time: 16.13948392868042
Egy stat [-20.322933, -18.288517, -19.330873, 0.30462265]
Start for  3_13 [13/15]
Fin;generate all combinations 560 ...time: 0.001817941665649414
Fin; energy prediction...time: 6.832634925842285
Egy stat [-22.629784, -21.588253, -22.13203, 0.22971201]
Start for  2_14 [14/15]
Fin;generate all combinations 120 ...time: 0.0006036758422851562
Fin; energy prediction...time: 2.601872205734253
Egy stat [-25.191488, -24.761204, -24.996037, 0.14227247]
Start for  1_15 [15/15]
Fin;generate all combinations 16 ...time: 0.0003409385681152344
Fin; energy prediction...time: 1.179152011871338
Egy stat [-27.942442, -27.880203, -27.911377, 0.031017276]
Saving....
Saved to... K_CdSn_Br.pkl
Total elapsed time... 447.1413571834564
