Summary of calculations
Site name (A,B,C)... K Cd,Sn I
Base cif file name... ../0.cif
Save file name... K_CdSn_I.pkl
Fin; combination with repetition...time: 0.0015201568603515625
Start for  15_1 [1/15]
Fin;generate all combinations 16 ...time: 0.00017786026000976562
Fin; energy prediction...time: 1.1271650791168213
Egy stat [25.396717, 25.550762, 25.473772, 0.07694725]
Start for  14_2 [2/15]
Fin;generate all combinations 120 ...time: 0.0007450580596923828
Fin; energy prediction...time: 2.8751602172851562
Egy stat [23.242233, 23.996029, 23.512184, 0.15976596]
Start for  13_3 [3/15]
Fin;generate all combinations 560 ...time: 0.0019545555114746094
Fin; energy prediction...time: 7.898433685302734
Egy stat [21.214369, 22.238224, 21.604074, 0.19942732]
Start for  12_4 [4/15]
Fin;generate all combinations 1820 ...time: 0.0056345462799072266
Fin; energy prediction...time: 14.70054817199707
Egy stat [19.06244, 20.874416, 19.709461, 0.22598495]
Start for  11_5 [5/15]
Fin;generate all combinations 4368 ...time: 0.012699604034423828
Fin; energy prediction...time: 27.32346796989441
Egy stat [16.967888, 18.812498, 17.796255, 0.25210795]
Start for  10_6 [6/15]
Fin;generate all combinations 8008 ...time: 0.02110910415649414
Fin; energy prediction...time: 53.30343198776245
Egy stat [14.772499, 17.055813, 15.839475, 0.27865008]
Start for  9_7 [7/15]
Fin;generate all combinations 11440 ...time: 0.031024932861328125
Fin; energy prediction...time: 69.66624331474304
Egy stat [12.55401, 15.159317, 13.820561, 0.30079213]
Start for  8_8 [8/15]
Fin;generate all combinations 12870 ...time: 0.033245086669921875
Fin; energy prediction...time: 74.13098740577698
Egy stat [10.162493, 13.529789, 11.7266865, 0.31323475]
Start for  7_9 [9/15]
Fin;generate all combinations 11440 ...time: 0.031023740768432617
Fin; energy prediction...time: 67.40878391265869
Egy stat [8.270758, 10.867844, 9.550127, 0.31234977]
Start for  6_10 [10/15]
Fin;generate all combinations 8008 ...time: 0.06914877891540527
Fin; energy prediction...time: 46.95957851409912
Egy stat [6.251833, 8.24971, 7.2876644, 0.29649365]
Start for  5_11 [11/15]
Fin;generate all combinations 4368 ...time: 0.011711597442626953
Fin; energy prediction...time: 27.764702796936035
Egy stat [4.1206865, 5.6450653, 4.94001, 0.26572335]
Start for  4_12 [12/15]
Fin;generate all combinations 1820 ...time: 0.005715370178222656
Fin; energy prediction...time: 13.269695520401001
Egy stat [1.8135853, 3.2950525, 2.5112562, 0.22138177]
Start for  3_13 [13/15]
Fin;generate all combinations 560 ...time: 0.002950906753540039
Fin; energy prediction...time: 5.522031545639038
Egy stat [-0.36243725, 0.40439224, 0.008346558, 0.16558489]
Start for  2_14 [14/15]
Fin;generate all combinations 120 ...time: 0.0006463527679443359
Fin; energy prediction...time: 4.230586051940918
Egy stat [-2.6974583, -2.3876038, -2.5594237, 0.100117356]
Start for  1_15 [15/15]
Fin;generate all combinations 16 ...time: 0.00037670135498046875
Fin; energy prediction...time: 1.0378525257110596
Egy stat [-5.1902957, -5.171447, -5.180867, 0.009382331]
Saving....
Saved to... K_CdSn_I.pkl
Total elapsed time... 417.77349829673767
