Summary of calculations
Site name (A,B,C)... K Cd,Pb I
Base cif file name... ../0.cif
Save file name... K_CdPb_I.pkl
Fin; combination with repetition...time: 0.001508474349975586
Start for  15_1 [1/15]
Fin;generate all combinations 16 ...time: 0.00017261505126953125
Fin; energy prediction...time: 1.1909854412078857
Egy stat [26.869793, 27.11483, 26.992332, 0.122360095]
Start for  14_2 [2/15]
Fin;generate all combinations 120 ...time: 0.0005769729614257812
Fin; energy prediction...time: 4.719464302062988
Egy stat [25.937653, 26.825172, 26.369295, 0.20948537]
Start for  13_3 [3/15]
Fin;generate all combinations 560 ...time: 0.0020143985748291016
Fin; energy prediction...time: 8.09146785736084
Egy stat [24.986732, 26.46732, 25.647423, 0.28734282]
Start for  12_4 [4/15]
Fin;generate all combinations 1820 ...time: 0.005848884582519531
Fin; energy prediction...time: 13.866852521896362
Egy stat [23.664452, 26.248905, 24.81277, 0.35812718]
Start for  11_5 [5/15]
Fin;generate all combinations 4368 ...time: 0.012685537338256836
Fin; energy prediction...time: 29.492676973342896
Egy stat [22.465866, 25.14993, 23.857853, 0.41932344]
Start for  10_6 [6/15]
Fin;generate all combinations 8008 ...time: 0.020076274871826172
Fin; energy prediction...time: 48.32637691497803
Egy stat [20.941902, 24.140423, 22.780836, 0.46798643]
Start for  9_7 [7/15]
Fin;generate all combinations 11440 ...time: 0.028971433639526367
Fin; energy prediction...time: 64.8029716014862
Egy stat [19.091618, 23.242191, 21.584566, 0.50230455]
Start for  8_8 [8/15]
Fin;generate all combinations 12870 ...time: 0.03289341926574707
Fin; energy prediction...time: 75.09577679634094
Egy stat [16.895487, 22.68729, 20.275394, 0.5215979]
Start for  7_9 [9/15]
Fin;generate all combinations 11440 ...time: 0.030683517456054688
Fin; energy prediction...time: 65.22829675674438
Egy stat [16.044735, 20.828625, 18.861874, 0.5256348]
Start for  6_10 [10/15]
Fin;generate all combinations 8008 ...time: 0.07988762855529785
Fin; energy prediction...time: 46.89705300331116
Egy stat [15.108931, 19.066, 17.353346, 0.5138346]
Start for  5_11 [11/15]
Fin;generate all combinations 4368 ...time: 0.012094736099243164
Fin; energy prediction...time: 33.480475425720215
Egy stat [14.004486, 17.185156, 15.758495, 0.48472098]
Start for  4_12 [12/15]
Fin;generate all combinations 1820 ...time: 0.005844593048095703
Fin; energy prediction...time: 15.549670696258545
Egy stat [12.690184, 15.395149, 14.083954, 0.4357734]
Start for  3_13 [13/15]
Fin;generate all combinations 560 ...time: 0.0027818679809570312
Fin; energy prediction...time: 5.7522876262664795
Egy stat [11.535761, 13.14686, 12.333045, 0.36360258]
Start for  2_14 [14/15]
Fin;generate all combinations 120 ...time: 0.0006544589996337891
Fin; energy prediction...time: 4.023805379867554
Egy stat [10.094513, 10.979122, 10.504734, 0.26415348]
Start for  1_15 [15/15]
Fin;generate all combinations 16 ...time: 0.0004131793975830078
Fin; energy prediction...time: 1.0901484489440918
Egy stat [8.460482, 8.725201, 8.592861, 0.13213903]
Saving....
Saved to... K_CdPb_I.pkl
Total elapsed time... 418.21045303344727
