Summary of calculations
Site name (A,B,C)... K Cd,Hg Br
Base cif file name... ../0.cif
Save file name... K_CdHg_Br.pkl
Fin; combination with repetition...time: 0.0014960765838623047
Start for  15_1 [1/15]
Fin;generate all combinations 16 ...time: 0.00017452239990234375
Fin; energy prediction...time: 1.095245122909546
Egy stat [8.775345, 8.797352, 8.786266, 0.010914024]
Start for  14_2 [2/15]
Fin;generate all combinations 120 ...time: 0.0006804466247558594
Fin; energy prediction...time: 4.9043073654174805
Egy stat [7.496893, 8.167286, 7.974717, 0.19151148]
Start for  13_3 [3/15]
Fin;generate all combinations 560 ...time: 0.0019571781158447266
Fin; energy prediction...time: 6.889698505401611
Egy stat [6.4954166, 7.565233, 7.064569, 0.3034797]
Start for  12_4 [4/15]
Fin;generate all combinations 1820 ...time: 0.0059239864349365234
Fin; energy prediction...time: 15.039357423782349
Egy stat [4.9867945, 7.028696, 6.0612745, 0.39033112]
Start for  11_5 [5/15]
Fin;generate all combinations 4368 ...time: 0.01266169548034668
Fin; energy prediction...time: 28.66617751121521
Egy stat [4.0478106, 6.32288, 4.9706388, 0.45476928]
Start for  10_6 [6/15]
Fin;generate all combinations 8008 ...time: 0.02251577377319336
Fin; energy prediction...time: 51.25284934043884
Egy stat [2.5888214, 5.6996384, 3.798747, 0.49800727]
Start for  9_7 [7/15]
Fin;generate all combinations 11440 ...time: 0.02945733070373535
Fin; energy prediction...time: 71.58805179595947
Egy stat [1.3277807, 5.06536, 2.5518668, 0.5209674]
Start for  8_8 [8/15]
Fin;generate all combinations 12870 ...time: 0.032495737075805664
Fin; energy prediction...time: 82.44255352020264
Egy stat [-0.36472988, 4.511155, 1.2363514, 0.5244885]
Start for  7_9 [9/15]
Fin;generate all combinations 11440 ...time: 0.030272960662841797
Fin; energy prediction...time: 73.5488121509552
Egy stat [-1.3791103, 2.3324013, -0.14146933, 0.5093718]
Start for  6_10 [10/15]
Fin;generate all combinations 8008 ...time: 0.07009530067443848
Fin; energy prediction...time: 50.4730658531189
Egy stat [-2.749885, 0.2755947, -1.5754004, 0.47638455]
Start for  5_11 [11/15]
Fin;generate all combinations 4368 ...time: 0.011819839477539062
Fin; energy prediction...time: 28.501466512680054
Egy stat [-3.9381385, -1.731101, -3.0594907, 0.4262432]
Start for  4_12 [12/15]
Fin;generate all combinations 1820 ...time: 0.005947589874267578
Fin; energy prediction...time: 15.262223243713379
Egy stat [-5.5240903, -3.6150331, -4.5881357, 0.3595754]
Start for  3_13 [13/15]
Fin;generate all combinations 560 ...time: 0.0027375221252441406
Fin; energy prediction...time: 6.285611391067505
Egy stat [-6.6431627, -5.623136, -6.15617, 0.27680644]
Start for  2_14 [14/15]
Fin;generate all combinations 120 ...time: 0.0006229877471923828
Fin; energy prediction...time: 3.7843973636627197
Egy stat [-8.201105, -7.4916286, -7.7589426, 0.17762323]
Start for  1_15 [15/15]
Fin;generate all combinations 16 ...time: 0.0003905296325683594
Fin; energy prediction...time: 1.2678859233856201
Egy stat [-9.445778, -9.339045, -9.3923855, 0.053298403]
Saving....
Saved to... K_CdHg_Br.pkl
Total elapsed time... 441.5145854949951
