Summary of calculations
Site name (A,B,C)... K Cd,Sn Cl
Base cif file name... ../0.cif
Save file name... K_CdSn_Cl.pkl
Fin; combination with repetition...time: 0.0015087127685546875
Start for  15_1 [1/15]
Fin;generate all combinations 16 ...time: 0.0001685619354248047
Fin; energy prediction...time: 1.342514991760254
Egy stat [-14.462911, -14.340708, -14.401903, 0.06095226]
Start for  14_2 [2/15]
Fin;generate all combinations 120 ...time: 0.0007708072662353516
Fin; energy prediction...time: 4.381801605224609
Egy stat [-14.674318, -13.3207655, -14.193167, 0.27629173]
Start for  13_3 [3/15]
Fin;generate all combinations 560 ...time: 0.0019114017486572266
Fin; energy prediction...time: 7.536070108413696
Egy stat [-14.739647, -12.91104, -13.947918, 0.3799779]
Start for  12_4 [4/15]
Fin;generate all combinations 1820 ...time: 0.005676746368408203
Fin; energy prediction...time: 14.267629861831665
Egy stat [-15.184731, -11.704716, -13.715812, 0.4417935]
Start for  11_5 [5/15]
Fin;generate all combinations 4368 ...time: 0.013035297393798828
Fin; energy prediction...time: 29.62343120574951
Egy stat [-15.290035, -11.924449, -13.53469, 0.48078904]
Start for  10_6 [6/15]
Fin;generate all combinations 8008 ...time: 0.020331621170043945
Fin; energy prediction...time: 48.26176881790161
Egy stat [-15.788246, -11.770975, -13.43227, 0.50462097]
Start for  9_7 [7/15]
Fin;generate all combinations 11440 ...time: 0.032936811447143555
Fin; energy prediction...time: 76.00437068939209
Egy stat [-16.20547, -11.902396, -13.427535, 0.5149269]
Start for  8_8 [8/15]
Fin;generate all combinations 12870 ...time: 0.0318760871887207
Fin; energy prediction...time: 75.78016209602356
Egy stat [-16.943092, -11.43695, -13.531892, 0.5108789]
Start for  7_9 [9/15]
Fin;generate all combinations 11440 ...time: 0.029922008514404297
Fin; energy prediction...time: 64.31437945365906
Egy stat [-16.437904, -12.107902, -13.750243, 0.49144053]
Start for  6_10 [10/15]
Fin;generate all combinations 8008 ...time: 0.0797877311706543
Fin; energy prediction...time: 49.13870072364807
Egy stat [-16.163546, -12.7043705, -14.082008, 0.45637923]
Start for  5_11 [11/15]
Fin;generate all combinations 4368 ...time: 0.011897802352905273
Fin; energy prediction...time: 27.475992679595947
Egy stat [-16.09776, -13.491606, -14.522189, 0.40631938]
Start for  4_12 [12/15]
Fin;generate all combinations 1820 ...time: 0.004996299743652344
Fin; energy prediction...time: 13.657289505004883
Egy stat [-16.297718, -14.051468, -15.062451, 0.34221524]
Start for  3_13 [13/15]
Fin;generate all combinations 560 ...time: 0.0017764568328857422
Fin; energy prediction...time: 5.938878536224365
Egy stat [-16.335058, -15.143932, -15.692244, 0.26460534]
Start for  2_14 [14/15]
Fin;generate all combinations 120 ...time: 0.0006778240203857422
Fin; energy prediction...time: 4.614869832992554
Egy stat [-16.650093, -16.13739, -16.39983, 0.17271057]
Start for  1_15 [15/15]
Fin;generate all combinations 16 ...time: 0.00041675567626953125
Fin; energy prediction...time: 1.4480020999908447
Egy stat [-17.23239, -17.113941, -17.173233, 0.059083782]
Saving....
Saved to... K_CdSn_Cl.pkl
Total elapsed time... 424.3959369659424
