Summary of calculations
Site name (A,B,C)... K Ge,Pb Cl
Base cif file name... ../0.cif
Save file name... K_GePb_Cl.pkl
Fin; combination with repetition...time: 0.0015113353729248047
Start for  15_1 [1/15]
Fin;generate all combinations 16 ...time: 0.00017571449279785156
Fin; energy prediction...time: 1.0626285076141357
Egy stat [-36.230507, -36.15206, -36.191277, 0.03908705]
Start for  14_2 [2/15]
Fin;generate all combinations 120 ...time: 0.0006475448608398438
Fin; energy prediction...time: 3.594451665878296
Egy stat [-34.394455, -33.583565, -33.980297, 0.20423578]
Start for  13_3 [3/15]
Fin;generate all combinations 560 ...time: 0.0018110275268554688
Fin; energy prediction...time: 8.097529411315918
Egy stat [-32.651062, -31.18108, -32.081596, 0.31293282]
Start for  12_4 [4/15]
Fin;generate all combinations 1820 ...time: 0.00589442253112793
Fin; energy prediction...time: 15.065955638885498
Egy stat [-31.575525, -28.798708, -30.47833, 0.393346]
Start for  11_5 [5/15]
Fin;generate all combinations 4368 ...time: 0.012871503829956055
Fin; energy prediction...time: 27.878666639328003
Egy stat [-30.454662, -27.583044, -29.153467, 0.4501303]
Start for  10_6 [6/15]
Fin;generate all combinations 8008 ...time: 0.019890785217285156
Fin; energy prediction...time: 49.607107639312744
Egy stat [-29.760084, -26.353321, -28.090347, 0.48640057]
Start for  9_7 [7/15]
Fin;generate all combinations 11440 ...time: 0.02832317352294922
Fin; energy prediction...time: 66.90481066703796
Egy stat [-29.531961, -25.290638, -27.27318, 0.5045534]
Start for  8_8 [8/15]
Fin;generate all combinations 12870 ...time: 0.03146076202392578
Fin; energy prediction...time: 75.34175658226013
Egy stat [-29.688938, -24.216759, -26.687449, 0.50631124]
Start for  7_9 [9/15]
Fin;generate all combinations 11440 ...time: 0.03321504592895508
Fin; energy prediction...time: 73.11694383621216
Egy stat [-28.754303, -24.578167, -26.320219, 0.49271235]
Start for  6_10 [10/15]
Fin;generate all combinations 8008 ...time: 0.08467912673950195
Fin; energy prediction...time: 48.503106355667114
Egy stat [-28.020205, -24.752308, -26.160425, 0.46414036]
Start for  5_11 [11/15]
Fin;generate all combinations 4368 ...time: 0.011050701141357422
Fin; energy prediction...time: 30.245304107666016
Egy stat [-27.646221, -25.02733, -26.199093, 0.42039412]
Start for  4_12 [12/15]
Fin;generate all combinations 1820 ...time: 0.004965305328369141
Fin; energy prediction...time: 16.826056241989136
Egy stat [-27.627352, -25.227013, -26.42955, 0.36075947]
Start for  3_13 [13/15]
Fin;generate all combinations 560 ...time: 0.0027430057525634766
Fin; energy prediction...time: 8.9698486328125
Egy stat [-27.462393, -26.187527, -26.847643, 0.28400105]
Start for  2_14 [14/15]
Fin;generate all combinations 120 ...time: 0.000614166259765625
Fin; energy prediction...time: 5.289514780044556
Egy stat [-27.69589, -27.079466, -27.451914, 0.18791932]
Start for  1_15 [15/15]
Fin;generate all combinations 16 ...time: 0.0004107952117919922
Fin; energy prediction...time: 1.37156343460083
Egy stat [-28.306696, -28.181107, -28.24383, 0.06269276]
Saving....
Saved to... K_GePb_Cl.pkl
Total elapsed time... 432.5937523841858
