Summary of calculations
Site name (A,B,C)... K Ge,Pb I
Base cif file name... ../0.cif
Save file name... K_GePb_I.pkl
Fin; combination with repetition...time: 0.0014920234680175781
Start for  15_1 [1/15]
Fin;generate all combinations 16 ...time: 0.0001678466796875
Fin; energy prediction...time: 1.110605001449585
Egy stat [14.7387295, 14.87886, 14.808874, 0.06995024]
Start for  14_2 [2/15]
Fin;generate all combinations 120 ...time: 0.0006842613220214844
Fin; energy prediction...time: 2.642939567565918
Egy stat [15.156481, 16.15526, 15.716036, 0.22143184]
Start for  13_3 [3/15]
Fin;generate all combinations 560 ...time: 0.0017881393432617188
Fin; energy prediction...time: 7.814756870269775
Egy stat [15.719311, 17.169071, 16.35021, 0.33417487]
Start for  12_4 [4/15]
Fin;generate all combinations 1820 ...time: 0.007582902908325195
Fin; energy prediction...time: 15.171560525894165
Egy stat [15.575813, 18.181591, 16.725897, 0.42130047]
Start for  11_5 [5/15]
Fin;generate all combinations 4368 ...time: 0.01266622543334961
Fin; energy prediction...time: 27.022542715072632
Egy stat [15.486752, 18.104734, 16.858944, 0.48594308]
Start for  10_6 [6/15]
Fin;generate all combinations 8008 ...time: 0.020314693450927734
Fin; energy prediction...time: 52.58707308769226
Egy stat [14.934301, 18.474606, 16.765951, 0.5303413]
Start for  9_7 [7/15]
Fin;generate all combinations 11440 ...time: 0.029038190841674805
Fin; energy prediction...time: 74.53160810470581
Egy stat [13.994345, 18.729109, 16.463701, 0.5562264]
Start for  8_8 [8/15]
Fin;generate all combinations 12870 ...time: 0.031556129455566406
Fin; energy prediction...time: 79.81233382225037
Egy stat [12.634361, 19.054413, 15.968638, 0.564726]
Start for  7_9 [9/15]
Fin;generate all combinations 11440 ...time: 0.0318605899810791
Fin; energy prediction...time: 66.66153597831726
Egy stat [12.59823, 17.751907, 15.296372, 0.5562591]
Start for  6_10 [10/15]
Fin;generate all combinations 8008 ...time: 0.06757044792175293
Fin; energy prediction...time: 48.02750635147095
Egy stat [12.379559, 16.485857, 14.461236, 0.53050673]
Start for  5_11 [11/15]
Fin;generate all combinations 4368 ...time: 0.010488271713256836
Fin; energy prediction...time: 27.547645330429077
Egy stat [11.883854, 15.100086, 13.475895, 0.48647112]
Start for  4_12 [12/15]
Fin;generate all combinations 1820 ...time: 0.005091190338134766
Fin; energy prediction...time: 13.68199348449707
Egy stat [11.073486, 13.776054, 12.350999, 0.4225913]
Start for  3_13 [13/15]
Fin;generate all combinations 560 ...time: 0.002561330795288086
Fin; energy prediction...time: 5.672295093536377
Egy stat [10.416861, 11.889994, 11.094926, 0.336826]
Start for  2_14 [14/15]
Fin;generate all combinations 120 ...time: 0.0006041526794433594
Fin; energy prediction...time: 3.3823771476745605
Egy stat [9.393461, 10.059227, 9.713578, 0.22633676]
Start for  1_15 [15/15]
Fin;generate all combinations 16 ...time: 0.00040411949157714844
Fin; energy prediction...time: 1.2698602676391602
Egy stat [8.128395, 8.291992, 8.210271, 0.081423104]
Saving....
Saved to... K_GePb_I.pkl
Total elapsed time... 427.55112743377686
