Summary of calculations
Site name (A,B,C)... K Ge,Sn Cl
Base cif file name... ../0.cif
Save file name... K_GeSn_Cl.pkl
Fin; combination with repetition...time: 0.001546621322631836
Start for  15_1 [1/15]
Fin;generate all combinations 16 ...time: 0.00017070770263671875
Fin; energy prediction...time: 1.0718047618865967
Egy stat [-36.411064, -36.37902, -36.39504, 0.015902951]
Start for  14_2 [2/15]
Fin;generate all combinations 120 ...time: 0.0006473064422607422
Fin; energy prediction...time: 4.298971891403198
Egy stat [-34.40762, -34.03134, -34.229942, 0.12608677]
Start for  13_3 [3/15]
Fin;generate all combinations 560 ...time: 0.0017638206481933594
Fin; energy prediction...time: 7.111181974411011
Egy stat [-32.669792, -31.74829, -32.22941, 0.19806889]
Start for  12_4 [4/15]
Fin;generate all combinations 1820 ...time: 0.005082845687866211
Fin; energy prediction...time: 15.15317440032959
Egy stat [-31.259148, -29.47806, -30.38701, 0.25384504]
Start for  11_5 [5/15]
Fin;generate all combinations 4368 ...time: 0.012794733047485352
Fin; energy prediction...time: 26.956176280975342
Egy stat [-29.81838, -27.84415, -28.695911, 0.2956174]
Start for  10_6 [6/15]
Fin;generate all combinations 8008 ...time: 0.01988959312438965
Fin; energy prediction...time: 48.081185817718506
Egy stat [-28.630383, -26.164875, -27.148964, 0.32460147]
Start for  9_7 [7/15]
Fin;generate all combinations 11440 ...time: 0.028925180435180664
Fin; energy prediction...time: 65.30854058265686
Egy stat [-27.750029, -24.518978, -25.738838, 0.34168118]
Start for  8_8 [8/15]
Fin;generate all combinations 12870 ...time: 0.03261256217956543
Fin; energy prediction...time: 78.49356436729431
Egy stat [-27.099966, -22.86864, -24.4581, 0.34747273]
Start for  7_9 [9/15]
Fin;generate all combinations 11440 ...time: 0.03697466850280762
Fin; energy prediction...time: 73.06919598579407
Egy stat [-25.354769, -22.107231, -23.29929, 0.3423058]
Start for  6_10 [10/15]
Fin;generate all combinations 8008 ...time: 0.10946059226989746
Fin; energy prediction...time: 48.76804518699646
Egy stat [-23.798409, -21.243435, -22.254992, 0.32620057]
Start for  5_11 [11/15]
Fin;generate all combinations 4368 ...time: 0.016068458557128906
Fin; energy prediction...time: 28.44528102874756
Egy stat [-22.476543, -20.44467, -21.317902, 0.29885596]
Start for  4_12 [12/15]
Fin;generate all combinations 1820 ...time: 0.005644559860229492
Fin; energy prediction...time: 12.748103857040405
Egy stat [-21.37779, -19.534824, -20.480898, 0.25965536]
Start for  3_13 [13/15]
Fin;generate all combinations 560 ...time: 0.002677440643310547
Fin; energy prediction...time: 6.7147300243377686
Egy stat [-20.234734, -19.207766, -19.737099, 0.20766634]
Start for  2_14 [14/15]
Fin;generate all combinations 120 ...time: 0.0007567405700683594
Fin; energy prediction...time: 3.4516761302948
Egy stat [-19.309607, -18.803486, -19.07992, 0.14149886]
Start for  1_15 [15/15]
Fin;generate all combinations 16 ...time: 0.00038886070251464844
Fin; energy prediction...time: 1.274327039718628
Egy stat [-18.56036, -18.4459, -18.503143, 0.057202943]
Saving....
Saved to... K_GeSn_Cl.pkl
Total elapsed time... 421.6916539669037
