Summary of calculations
Site name (A,B,C)... K Ge,Zn Cl
Base cif file name... ../0.cif
Save file name... K_GeZn_Cl.pkl
Fin; combination with repetition...time: 0.001516103744506836
Start for  15_1 [1/15]
Fin;generate all combinations 16 ...time: 0.00017571449279785156
Fin; energy prediction...time: 1.0983250141143799
Egy stat [-33.776917, -33.742447, -33.75984, 0.017072512]
Start for  14_2 [2/15]
Fin;generate all combinations 120 ...time: 0.0005910396575927734
Fin; energy prediction...time: 3.999978542327881
Egy stat [-29.59131, -28.53279, -28.928457, 0.25720266]
Start for  13_3 [3/15]
Fin;generate all combinations 560 ...time: 0.001967906951904297
Fin; energy prediction...time: 5.6413421630859375
Egy stat [-25.030567, -23.426409, -24.250738, 0.4087509]
Start for  12_4 [4/15]
Fin;generate all combinations 1820 ...time: 0.005174875259399414
Fin; energy prediction...time: 13.289724349975586
Egy stat [-21.140106, -18.09366, -19.739634, 0.5192388]
Start for  11_5 [5/15]
Fin;generate all combinations 4368 ...time: 0.012801647186279297
Fin; energy prediction...time: 28.763328552246094
Egy stat [-17.001574, -13.98958, -15.403567, 0.5866303]
Start for  10_6 [6/15]
Fin;generate all combinations 8008 ...time: 0.021871089935302734
Fin; energy prediction...time: 49.027040004730225
Egy stat [-13.210535, -9.381605, -11.243999, 0.61032516]
Start for  9_7 [7/15]
Fin;generate all combinations 11440 ...time: 0.02927255630493164
Fin; energy prediction...time: 65.03797221183777
Egy stat [-9.350821, -5.356148, -7.253891, 0.59390455]
Start for  8_8 [8/15]
Fin;generate all combinations 12870 ...time: 0.034294843673706055
Fin; energy prediction...time: 75.84327149391174
Egy stat [-5.7399797, -1.1709547, -3.417095, 0.5461609]
Start for  7_9 [9/15]
Fin;generate all combinations 11440 ...time: 0.03419899940490723
Fin; energy prediction...time: 72.39122247695923
Egy stat [-1.4874783, 1.8391657, 0.29149827, 0.48134464]
Start for  6_10 [10/15]
Fin;generate all combinations 8008 ...time: 0.09350347518920898
Fin; energy prediction...time: 52.75885987281799
Egy stat [2.2921724, 5.4428406, 3.9052036, 0.41773966]
Start for  5_11 [11/15]
Fin;generate all combinations 4368 ...time: 0.010350227355957031
Fin; energy prediction...time: 28.062405109405518
Egy stat [6.187372, 8.789017, 7.464397, 0.3712819]
Start for  4_12 [12/15]
Fin;generate all combinations 1820 ...time: 0.005204677581787109
Fin; energy prediction...time: 14.712860345840454
Egy stat [9.93438, 12.6986885, 11.015147, 0.34255105]
Start for  3_13 [13/15]
Fin;generate all combinations 560 ...time: 0.0028896331787109375
Fin; energy prediction...time: 5.761078834533691
Egy stat [14.004309, 15.468737, 14.607819, 0.30968538]
Start for  2_14 [14/15]
Fin;generate all combinations 120 ...time: 0.0006806850433349609
Fin; energy prediction...time: 2.835045099258423
Egy stat [17.881784, 19.130478, 18.29576, 0.23726222]
Start for  1_15 [15/15]
Fin;generate all combinations 16 ...time: 0.00038933753967285156
Fin; energy prediction...time: 1.1221001148223877
Egy stat [22.07183, 22.196785, 22.134247, 0.06229905]
Saving....
Saved to... K_GeZn_Cl.pkl
Total elapsed time... 420.9588510990143
