Summary of calculations
Site name (A,B,C)... K Ge,Hg Br
Base cif file name... ../0.cif
Save file name... K_GeHg_Br.pkl
Fin; combination with repetition...time: 0.001493692398071289
Start for  15_1 [1/15]
Fin;generate all combinations 16 ...time: 0.0001690387725830078
Fin; energy prediction...time: 1.2061021327972412
Egy stat [-42.241905, -42.131187, -42.18654, 0.055337433]
Start for  14_2 [2/15]
Fin;generate all combinations 120 ...time: 0.0006203651428222656
Fin; energy prediction...time: 3.9825515747070312
Egy stat [-39.725723, -39.317772, -39.49855, 0.1017738]
Start for  13_3 [3/15]
Fin;generate all combinations 560 ...time: 0.0016717910766601562
Fin; energy prediction...time: 5.718844175338745
Egy stat [-37.282333, -36.4857, -36.874565, 0.1817262]
Start for  12_4 [4/15]
Fin;generate all combinations 1820 ...time: 0.0058629512786865234
Fin; energy prediction...time: 13.982898473739624
Egy stat [-34.988483, -33.600533, -34.347237, 0.27917367]
Start for  11_5 [5/15]
Fin;generate all combinations 4368 ...time: 0.012520313262939453
Fin; energy prediction...time: 27.35732102394104
Egy stat [-32.69562, -30.960249, -31.94293, 0.37206075]
Start for  10_6 [6/15]
Fin;generate all combinations 8008 ...time: 0.022168874740600586
Fin; energy prediction...time: 48.83132600784302
Egy stat [-30.564222, -28.240831, -29.679268, 0.44168183]
Start for  9_7 [7/15]
Fin;generate all combinations 11440 ...time: 0.028006315231323242
Fin; energy prediction...time: 66.11802768707275
Egy stat [-28.59664, -25.560314, -27.563297, 0.4747266]
Start for  8_8 [8/15]
Fin;generate all combinations 12870 ...time: 0.03457999229431152
Fin; energy prediction...time: 75.81442761421204
Egy stat [-26.605286, -22.784575, -25.590511, 0.46508694]
Start for  7_9 [9/15]
Fin;generate all combinations 11440 ...time: 0.031255245208740234
Fin; energy prediction...time: 68.27136778831482
Egy stat [-24.495358, -21.863834, -23.744715, 0.41522002]
Start for  6_10 [10/15]
Fin;generate all combinations 8008 ...time: 0.06929898262023926
Fin; energy prediction...time: 50.62136769294739
Egy stat [-22.646248, -20.761003, -21.998701, 0.33707404]
Start for  5_11 [11/15]
Fin;generate all combinations 4368 ...time: 0.010691642761230469
Fin; energy prediction...time: 28.24276566505432
Egy stat [-20.904707, -19.468798, -20.315405, 0.253074]
Start for  4_12 [12/15]
Fin;generate all combinations 1820 ...time: 0.005982637405395508
Fin; energy prediction...time: 14.308508157730103
Egy stat [-19.16608, -17.757494, -18.649454, 0.19405341]
Start for  3_13 [13/15]
Fin;generate all combinations 560 ...time: 0.002521038055419922
Fin; energy prediction...time: 5.462205648422241
Egy stat [-17.298534, -16.468937, -16.948849, 0.17235097]
Start for  2_14 [14/15]
Fin;generate all combinations 120 ...time: 0.0007085800170898438
Fin; energy prediction...time: 4.514965772628784
Egy stat [-15.365549, -14.712156, -15.156631, 0.14571413]
Start for  1_15 [15/15]
Fin;generate all combinations 16 ...time: 0.00039577484130859375
Fin; energy prediction...time: 1.20228910446167
Egy stat [-13.228814, -13.195943, -13.212336, 0.01628899]
Saving....
Saved to... K_GeHg_Br.pkl
Total elapsed time... 416.2040481567383
