Summary of calculations
Site name (A,B,C)... K Ge,Hg Cl
Base cif file name... ../0.cif
Save file name... K_GeHg_Cl.pkl
Fin; combination with repetition...time: 0.0014045238494873047
Start for  15_1 [1/15]
Fin;generate all combinations 16 ...time: 0.00017309188842773438
Fin; energy prediction...time: 1.1977863311767578
Egy stat [-37.470264, -37.295208, -37.382816, 0.08743128]
Start for  14_2 [2/15]
Fin;generate all combinations 120 ...time: 0.0007164478302001953
Fin; energy prediction...time: 5.734263181686401
Egy stat [-36.21404, -35.810013, -36.028427, 0.12217231]
Start for  13_3 [3/15]
Fin;generate all combinations 560 ...time: 0.001936197280883789
Fin; energy prediction...time: 6.945288896560669
Egy stat [-35.062153, -34.310257, -34.71165, 0.1728896]
Start for  12_4 [4/15]
Fin;generate all combinations 1820 ...time: 0.005895376205444336
Fin; energy prediction...time: 13.445856809616089
Egy stat [-33.966595, -32.755054, -33.472805, 0.25201732]
Start for  11_5 [5/15]
Fin;generate all combinations 4368 ...time: 0.012763738632202148
Fin; energy prediction...time: 27.704941272735596
Egy stat [-33.01638, -31.33063, -32.344208, 0.33694616]
Start for  10_6 [6/15]
Fin;generate all combinations 8008 ...time: 0.021817922592163086
Fin; energy prediction...time: 47.20648813247681
Egy stat [-32.339203, -29.903374, -31.346722, 0.40259165]
Start for  9_7 [7/15]
Fin;generate all combinations 11440 ...time: 0.03193998336791992
Fin; energy prediction...time: 73.51100826263428
Egy stat [-31.544119, -28.52939, -30.487495, 0.43150958]
Start for  8_8 [8/15]
Fin;generate all combinations 12870 ...time: 0.031479835510253906
Fin; energy prediction...time: 81.6871645450592
Egy stat [-30.824514, -27.151909, -29.759062, 0.4160594]
Start for  7_9 [9/15]
Fin;generate all combinations 11440 ...time: 0.032048702239990234
Fin; energy prediction...time: 73.42342591285706
Egy stat [-29.91866, -27.357061, -29.139631, 0.35986486]
Start for  6_10 [10/15]
Fin;generate all combinations 8008 ...time: 0.0643150806427002
Fin; energy prediction...time: 50.257556676864624
Egy stat [-29.34743, -27.211193, -28.594374, 0.28013605]
Start for  5_11 [11/15]
Fin;generate all combinations 4368 ...time: 0.010528802871704102
Fin; energy prediction...time: 29.13920283317566
Egy stat [-28.583157, -27.096926, -28.07747, 0.21244526]
Start for  4_12 [12/15]
Fin;generate all combinations 1820 ...time: 0.005339622497558594
Fin; energy prediction...time: 16.41961407661438
Egy stat [-28.171154, -26.408785, -27.53456, 0.19830334]
Start for  3_13 [13/15]
Fin;generate all combinations 560 ...time: 0.0026273727416992188
Fin; energy prediction...time: 5.465461015701294
Egy stat [-27.386427, -26.253242, -26.905388, 0.21675304]
Start for  2_14 [14/15]
Fin;generate all combinations 120 ...time: 0.000762939453125
Fin; energy prediction...time: 3.068776845932007
Egy stat [-26.471119, -25.454166, -26.12634, 0.19888654]
Start for  1_15 [15/15]
Fin;generate all combinations 16 ...time: 0.0003647804260253906
Fin; energy prediction...time: 1.0823330879211426
Egy stat [-25.204668, -25.060379, -25.132553, 0.07209316]
Saving....
Saved to... K_GeHg_Cl.pkl
Total elapsed time... 436.9377193450928
