Summary of calculations
Site name (A,B,C)... K Ge,Zn I
Base cif file name... ../0.cif
Save file name... K_GeZn_I.pkl
Fin; combination with repetition...time: 0.001493692398071289
Start for  15_1 [1/15]
Fin;generate all combinations 16 ...time: 0.00016808509826660156
Fin; energy prediction...time: 1.0669152736663818
Egy stat [19.811926, 19.849846, 19.830868, 0.018866299]
Start for  14_2 [2/15]
Fin;generate all combinations 120 ...time: 0.0007338523864746094
Fin; energy prediction...time: 2.6643381118774414
Egy stat [25.423225, 26.173576, 25.870842, 0.18787332]
Start for  13_3 [3/15]
Fin;generate all combinations 560 ...time: 0.001977682113647461
Fin; energy prediction...time: 5.8764519691467285
Egy stat [31.203598, 32.377792, 31.747385, 0.26863995]
Start for  12_4 [4/15]
Fin;generate all combinations 1820 ...time: 0.005822181701660156
Fin; energy prediction...time: 14.850894212722778
Egy stat [36.507744, 38.64539, 37.471928, 0.3134702]
Start for  11_5 [5/15]
Fin;generate all combinations 4368 ...time: 0.011206865310668945
Fin; energy prediction...time: 30.410756826400757
Egy stat [42.15874, 44.203762, 43.05543, 0.33337304]
Start for  10_6 [6/15]
Fin;generate all combinations 8008 ...time: 0.01984095573425293
Fin; energy prediction...time: 49.45199155807495
Egy stat [47.381046, 49.808426, 48.50817, 0.33552495]
Start for  9_7 [7/15]
Fin;generate all combinations 11440 ...time: 0.02845597267150879
Fin; energy prediction...time: 67.51636934280396
Egy stat [52.659267, 55.366272, 53.839653, 0.32481444]
Start for  8_8 [8/15]
Fin;generate all combinations 12870 ...time: 0.031221866607666016
Fin; energy prediction...time: 79.1115734577179
Egy stat [57.621788, 60.961807, 59.05873, 0.30445978]
Start for  7_9 [9/15]
Fin;generate all combinations 11440 ...time: 0.03230786323547363
Fin; energy prediction...time: 65.05739140510559
Egy stat [63.224487, 65.56886, 64.173874, 0.27650717]
Start for  6_10 [10/15]
Fin;generate all combinations 8008 ...time: 0.06672430038452148
Fin; energy prediction...time: 47.34080934524536
Egy stat [68.4358, 70.2706, 69.193474, 0.24228689]
Start for  5_11 [11/15]
Fin;generate all combinations 4368 ...time: 0.010767698287963867
Fin; energy prediction...time: 26.773732662200928
Egy stat [73.60836, 74.859116, 74.12629, 0.20284957]
Start for  4_12 [12/15]
Fin;generate all combinations 1820 ...time: 0.005260944366455078
Fin; energy prediction...time: 13.755649328231812
Egy stat [78.55362, 79.529, 78.982, 0.15935756]
Start for  3_13 [13/15]
Fin;generate all combinations 560 ...time: 0.0019235610961914062
Fin; energy prediction...time: 9.165146350860596
Egy stat [83.60644, 84.02916, 83.771904, 0.11331152]
Start for  2_14 [14/15]
Fin;generate all combinations 120 ...time: 0.0006091594696044922
Fin; energy prediction...time: 3.979856252670288
Egy stat [88.41137, 88.60901, 88.50959, 0.06605904]
Start for  1_15 [15/15]
Fin;generate all combinations 16 ...time: 0.0004134178161621094
Fin; energy prediction...time: 1.2322845458984375
Egy stat [93.2035, 93.220085, 93.211784, 0.008270767]
Saving....
Saved to... K_GeZn_I.pkl
Total elapsed time... 419.0008056163788
