Summary of calculations
Site name (A,B,C)... K Ge,Sn I
Base cif file name... ../0.cif
Save file name... K_GeSn_I.pkl
Fin; combination with repetition...time: 0.001493692398071289
Start for  15_1 [1/15]
Fin;generate all combinations 16 ...time: 0.00017881393432617188
Fin; energy prediction...time: 1.4608983993530273
Egy stat [13.081089, 13.1584, 13.119732, 0.038584173]
Start for  14_2 [2/15]
Fin;generate all combinations 120 ...time: 0.0007510185241699219
Fin; energy prediction...time: 4.471005439758301
Egy stat [12.261137, 12.712828, 12.476105, 0.12722415]
Start for  13_3 [3/15]
Fin;generate all combinations 560 ...time: 0.001941680908203125
Fin; energy prediction...time: 7.428939580917358
Egy stat [11.223778, 12.134462, 11.690121, 0.19538073]
Start for  12_4 [4/15]
Fin;generate all combinations 1820 ...time: 0.008146047592163086
Fin; energy prediction...time: 12.872001886367798
Egy stat [9.903019, 11.565283, 10.767589, 0.2495672]
Start for  11_5 [5/15]
Fin;generate all combinations 4368 ...time: 0.010969161987304688
Fin; energy prediction...time: 30.757143259048462
Egy stat [8.649683, 10.4764595, 9.715228, 0.29034778]
Start for  10_6 [6/15]
Fin;generate all combinations 8008 ...time: 0.01988697052001953
Fin; energy prediction...time: 49.09740424156189
Egy stat [7.1185284, 9.536646, 8.540565, 0.31796107]
Start for  9_7 [7/15]
Fin;generate all combinations 11440 ...time: 0.029343605041503906
Fin; energy prediction...time: 67.13147377967834
Egy stat [5.415491, 8.500299, 7.2518725, 0.33269918]
Start for  8_8 [8/15]
Fin;generate all combinations 12870 ...time: 0.0323483943939209
Fin; energy prediction...time: 74.01078414916992
Egy stat [3.4609537, 7.504545, 5.8580785, 0.33496276]
Start for  7_9 [9/15]
Fin;generate all combinations 11440 ...time: 0.030968189239501953
Fin; energy prediction...time: 64.57312607765198
Egy stat [2.4940119, 5.664961, 4.368695, 0.32524598]
Start for  6_10 [10/15]
Fin;generate all combinations 8008 ...time: 0.08196306228637695
Fin; energy prediction...time: 51.72082471847534
Egy stat [1.3369617, 3.8602104, 2.7937481, 0.30408922]
Start for  5_11 [11/15]
Fin;generate all combinations 4368 ...time: 0.010836601257324219
Fin; energy prediction...time: 27.935012817382812
Egy stat [0.070957184, 1.9868431, 1.1437038, 0.27199298]
Start for  4_12 [12/15]
Fin;generate all combinations 1820 ...time: 0.005305767059326172
Fin; energy prediction...time: 13.959962368011475
Egy stat [-1.3819113, 0.15208435, -0.57059205, 0.22928227]
Start for  3_13 [13/15]
Fin;generate all combinations 560 ...time: 0.0018630027770996094
Fin; energy prediction...time: 8.676854133605957
Egy stat [-2.7505703, -1.9690313, -2.3379743, 0.17584981]
Start for  2_14 [14/15]
Fin;generate all combinations 120 ...time: 0.0007398128509521484
Fin; energy prediction...time: 2.8844032287597656
Egy stat [-4.298081, -4.0143113, -4.1470118, 0.1103424]
Start for  1_15 [15/15]
Fin;generate all combinations 16 ...time: 0.0004665851593017578
Fin; energy prediction...time: 1.1766140460968018
Egy stat [-5.998916, -5.973201, -5.98606, 0.012844091]
Saving....
Saved to... K_GeSn_I.pkl
Total elapsed time... 418.7573621273041
