Summary of calculations
Site name (A,B,C)... K Ge,Hg I
Base cif file name... ../0.cif
Save file name... K_GeHg_I.pkl
Fin; combination with repetition...time: 0.0015170574188232422
Start for  15_1 [1/15]
Fin;generate all combinations 16 ...time: 0.00017690658569335938
Fin; energy prediction...time: 1.1530954837799072
Egy stat [15.595457, 15.675905, 15.6356945, 0.04017118]
Start for  14_2 [2/15]
Fin;generate all combinations 120 ...time: 0.000713348388671875
Fin; energy prediction...time: 4.288691759109497
Egy stat [17.280067, 17.75508, 17.533106, 0.15982683]
Start for  13_3 [3/15]
Fin;generate all combinations 560 ...time: 0.0019457340240478516
Fin; energy prediction...time: 5.423917531967163
Egy stat [18.818012, 19.718428, 19.29032, 0.26606238]
Start for  12_4 [4/15]
Fin;generate all combinations 1820 ...time: 0.005722522735595703
Fin; energy prediction...time: 16.77649974822998
Egy stat [20.01079, 21.71072, 20.890762, 0.36633477]
Start for  11_5 [5/15]
Fin;generate all combinations 4368 ...time: 0.011827468872070312
Fin; energy prediction...time: 26.57437515258789
Egy stat [21.252079, 23.588451, 22.321268, 0.45400137]
Start for  10_6 [6/15]
Fin;generate all combinations 8008 ...time: 0.020216703414916992
Fin; energy prediction...time: 46.357601165771484
Egy stat [22.204823, 25.537563, 23.57375, 0.52029437]
Start for  9_7 [7/15]
Fin;generate all combinations 11440 ...time: 0.03156328201293945
Fin; energy prediction...time: 70.75319790840149
Egy stat [22.996399, 27.413261, 24.64652, 0.5575325]
Start for  8_8 [8/15]
Fin;generate all combinations 12870 ...time: 0.03084588050842285
Fin; energy prediction...time: 79.95371651649475
Egy stat [23.473522, 29.342491, 25.545265, 0.5611899]
Start for  7_9 [9/15]
Fin;generate all combinations 11440 ...time: 0.03071880340576172
Fin; energy prediction...time: 63.546525716781616
Egy stat [24.616478, 28.948475, 26.283735, 0.53116554]
Start for  6_10 [10/15]
Fin;generate all combinations 8008 ...time: 0.06629037857055664
Fin; energy prediction...time: 49.359867334365845
Egy stat [25.481823, 28.678719, 26.884161, 0.47233915]
Start for  5_11 [11/15]
Fin;generate all combinations 4368 ...time: 0.01047825813293457
Fin; energy prediction...time: 29.14092469215393
Egy stat [26.323627, 28.467491, 27.377468, 0.3943235]
Start for  4_12 [12/15]
Fin;generate all combinations 1820 ...time: 0.0055730342864990234
Fin; energy prediction...time: 14.266452074050903
Egy stat [26.949314, 28.597553, 27.803125, 0.30970344]
Start for  3_13 [13/15]
Fin;generate all combinations 560 ...time: 0.0027179718017578125
Fin; energy prediction...time: 7.6478188037872314
Egy stat [27.725883, 28.663353, 28.208654, 0.22877923]
Start for  2_14 [14/15]
Fin;generate all combinations 120 ...time: 0.0006434917449951172
Fin; energy prediction...time: 5.090108871459961
Egy stat [28.420303, 28.987228, 28.648678, 0.14853531]
Start for  1_15 [15/15]
Fin;generate all combinations 16 ...time: 0.00040030479431152344
Fin; energy prediction...time: 1.054753303527832
Egy stat [29.176159, 29.191051, 29.183609, 0.0073284972]
Saving....
Saved to... K_GeHg_I.pkl
Total elapsed time... 422.03711199760437
