Summary of calculations
Site name (A,B,C)... K Ge,Zn Br
Base cif file name... ../0.cif
Save file name... K_GeZn_Br.pkl
Fin; combination with repetition...time: 0.001505136489868164
Start for  15_1 [1/15]
Fin;generate all combinations 16 ...time: 0.00017070770263671875
Fin; energy prediction...time: 1.1270592212677002
Egy stat [-39.193703, -39.146393, -39.17016, 0.023539612]
Start for  14_2 [2/15]
Fin;generate all combinations 120 ...time: 0.0005950927734375
Fin; energy prediction...time: 3.450474262237549
Egy stat [-34.35015, -33.256233, -33.638702, 0.23725224]
Start for  13_3 [3/15]
Fin;generate all combinations 560 ...time: 0.0019214153289794922
Fin; energy prediction...time: 6.209200143814087
Egy stat [-29.074911, -27.514942, -28.300856, 0.36297318]
Start for  12_4 [4/15]
Fin;generate all combinations 1820 ...time: 0.005817890167236328
Fin; energy prediction...time: 12.453541994094849
Egy stat [-24.475399, -21.631529, -23.149137, 0.4460312]
Start for  11_5 [5/15]
Fin;generate all combinations 4368 ...time: 0.01273036003112793
Fin; energy prediction...time: 27.246708154678345
Egy stat [-19.608109, -16.953568, -18.17353, 0.48882023]
Start for  10_6 [6/15]
Fin;generate all combinations 8008 ...time: 0.02196979522705078
Fin; energy prediction...time: 45.79570484161377
Egy stat [-14.997789, -12.082906, -13.359995, 0.49352035]
Start for  9_7 [7/15]
Fin;generate all combinations 11440 ...time: 0.030190467834472656
Fin; energy prediction...time: 67.02361011505127
Egy stat [-10.415504, -7.3802834, -8.689435, 0.46436453]
Start for  8_8 [8/15]
Fin;generate all combinations 12870 ...time: 0.03548598289489746
Fin; energy prediction...time: 77.5952308177948
Egy stat [-5.9706454, -2.513278, -4.1371827, 0.40864983]
Start for  7_9 [9/15]
Fin;generate all combinations 11440 ...time: 0.030473709106445312
Fin; energy prediction...time: 67.5418107509613
Egy stat [-0.82378006, 1.3922977, 0.32704583, 0.33764762]
Start for  6_10 [10/15]
Fin;generate all combinations 8008 ...time: 0.08149361610412598
Fin; energy prediction...time: 48.15596103668213
Egy stat [3.7339125, 5.713709, 4.738788, 0.267545]
Start for  5_11 [11/15]
Fin;generate all combinations 4368 ...time: 0.012191534042358398
Fin; energy prediction...time: 28.148820161819458
Egy stat [8.365721, 9.925171, 9.138153, 0.21790703]
Start for  4_12 [12/15]
Fin;generate all combinations 1820 ...time: 0.005951881408691406
Fin; energy prediction...time: 15.907978296279907
Egy stat [12.930729, 14.586151, 13.56893, 0.19792221]
Start for  3_13 [13/15]
Fin;generate all combinations 560 ...time: 0.0035228729248046875
Fin; energy prediction...time: 9.516339540481567
Egy stat [17.744616, 18.556147, 18.077665, 0.18762767]
Start for  2_14 [14/15]
Fin;generate all combinations 120 ...time: 0.0006654262542724609
Fin; energy prediction...time: 4.15561580657959
Egy stat [22.528187, 23.248898, 22.712835, 0.14996402]
Start for  1_15 [15/15]
Fin;generate all combinations 16 ...time: 0.000392913818359375
Fin; energy prediction...time: 1.1255013942718506
Egy stat [27.51907, 27.529812, 27.524338, 0.005226819]
Saving....
Saved to... K_GeZn_Br.pkl
Total elapsed time... 415.9963731765747
