Summary of calculations
Site name (A,B,C)... K Hg,Sn Cl
Base cif file name... ../0.cif
Save file name... K_HgSn_Cl.pkl
Fin; combination with repetition...time: 0.0013964176177978516
Start for  15_1 [1/15]
Fin;generate all combinations 16 ...time: 0.00017571449279785156
Fin; energy prediction...time: 0.9801349639892578
Egy stat [-24.016918, -23.879536, -23.948273, 0.068634905]
Start for  14_2 [2/15]
Fin;generate all combinations 120 ...time: 0.0006225109100341797
Fin; energy prediction...time: 4.801111221313477
Egy stat [-24.10147, -22.34863, -23.70749, 0.3682373]
Start for  13_3 [3/15]
Fin;generate all combinations 560 ...time: 0.0019459724426269531
Fin; energy prediction...time: 8.23543906211853
Egy stat [-23.937275, -22.07477, -23.227455, 0.46156868]
Start for  12_4 [4/15]
Fin;generate all combinations 1820 ...time: 0.009451866149902344
Fin; energy prediction...time: 13.400811672210693
Egy stat [-23.639822, -20.360464, -22.595726, 0.47090974]
Start for  11_5 [5/15]
Fin;generate all combinations 4368 ...time: 0.012807369232177734
Fin; energy prediction...time: 27.766767263412476
Egy stat [-22.896019, -19.935715, -21.892382, 0.44910845]
Start for  10_6 [6/15]
Fin;generate all combinations 8008 ...time: 0.022233963012695312
Fin; energy prediction...time: 49.788742780685425
Egy stat [-22.30051, -18.403187, -21.185812, 0.4302943]
Start for  9_7 [7/15]
Fin;generate all combinations 11440 ...time: 0.0293731689453125
Fin; energy prediction...time: 72.3793716430664
Egy stat [-21.71949, -17.59114, -20.529453, 0.4220395]
Start for  8_8 [8/15]
Fin;generate all combinations 12870 ...time: 0.033003807067871094
Fin; energy prediction...time: 74.59658122062683
Egy stat [-21.322565, -15.791285, -19.959623, 0.4123522]
Start for  7_9 [9/15]
Fin;generate all combinations 11440 ...time: 0.030518054962158203
Fin; energy prediction...time: 67.41484427452087
Egy stat [-20.583542, -16.558887, -19.494658, 0.38880438]
Start for  6_10 [10/15]
Fin;generate all combinations 8008 ...time: 0.07999539375305176
Fin; energy prediction...time: 49.568477630615234
Egy stat [-19.940807, -16.890053, -19.135649, 0.34936783]
Start for  5_11 [11/15]
Fin;generate all combinations 4368 ...time: 0.011994361877441406
Fin; energy prediction...time: 27.149940490722656
Egy stat [-19.574326, -17.443878, -18.868887, 0.3009434]
Start for  4_12 [12/15]
Fin;generate all combinations 1820 ...time: 0.0050506591796875
Fin; energy prediction...time: 13.198709487915039
Egy stat [-19.291746, -17.50669, -18.670105, 0.2510912]
Start for  3_13 [13/15]
Fin;generate all combinations 560 ...time: 0.002618074417114258
Fin; energy prediction...time: 6.9167094230651855
Egy stat [-18.85073, -17.96738, -18.510004, 0.19922537]
Start for  2_14 [14/15]
Fin;generate all combinations 120 ...time: 0.0007307529449462891
Fin; energy prediction...time: 4.483780145645142
Egy stat [-18.485296, -17.939575, -18.359875, 0.1343498]
Start for  1_15 [15/15]
Fin;generate all combinations 16 ...time: 0.0004024505615234375
Fin; energy prediction...time: 1.3298656940460205
Egy stat [-18.218027, -18.173546, -18.195858, 0.02216233]
Saving....
Saved to... K_HgSn_Cl.pkl
Total elapsed time... 422.61523723602295
