Summary of calculations
Site name (A,B,C)... K Hg,Sn Br
Base cif file name... ../0.cif
Save file name... K_HgSn_Br.pkl
Fin; combination with repetition...time: 0.0015041828155517578
Start for  15_1 [1/15]
Fin;generate all combinations 16 ...time: 0.0001811981201171875
Fin; energy prediction...time: 1.4132859706878662
Egy stat [-12.39548, -12.292822, -12.344139, 0.051238853]
Start for  14_2 [2/15]
Fin;generate all combinations 120 ...time: 0.0006830692291259766
Fin; energy prediction...time: 4.527683973312378
Egy stat [-13.720414, -12.393006, -13.432113, 0.2811122]
Start for  13_3 [3/15]
Fin;generate all combinations 560 ...time: 0.0019469261169433594
Fin; energy prediction...time: 6.8036346435546875
Egy stat [-14.909103, -13.409297, -14.382553, 0.35387123]
Start for  12_4 [4/15]
Fin;generate all combinations 1820 ...time: 0.0058825016021728516
Fin; energy prediction...time: 16.359861850738525
Egy stat [-16.036568, -13.341896, -15.257792, 0.3665269]
Start for  11_5 [5/15]
Fin;generate all combinations 4368 ...time: 0.011385917663574219
Fin; energy prediction...time: 26.65601110458374
Egy stat [-16.773384, -14.297148, -16.114586, 0.36339906]
Start for  10_6 [6/15]
Fin;generate all combinations 8008 ...time: 0.02073979377746582
Fin; energy prediction...time: 46.951865673065186
Egy stat [-17.996471, -14.288673, -17.001802, 0.3720055]
Start for  9_7 [7/15]
Fin;generate all combinations 11440 ...time: 0.03366684913635254
Fin; energy prediction...time: 75.6583604812622
Egy stat [-18.934214, -14.900873, -17.958523, 0.39329353]
Start for  8_8 [8/15]
Fin;generate all combinations 12870 ...time: 0.03395485877990723
Fin; energy prediction...time: 74.366534948349
Egy stat [-20.340168, -14.640587, -19.012655, 0.41072875]
Start for  7_9 [9/15]
Fin;generate all combinations 11440 ...time: 0.03084254264831543
Fin; energy prediction...time: 67.43127131462097
Egy stat [-21.230282, -17.01309, -20.18025, 0.4087667]
Start for  6_10 [10/15]
Fin;generate all combinations 8008 ...time: 0.08238625526428223
Fin; energy prediction...time: 48.86279654502869
Egy stat [-22.24414, -19.2389, -21.465631, 0.38111866]
Start for  5_11 [11/15]
Fin;generate all combinations 4368 ...time: 0.010870218276977539
Fin; energy prediction...time: 27.341161251068115
Egy stat [-23.437077, -21.405243, -22.862444, 0.33033368]
Start for  4_12 [12/15]
Fin;generate all combinations 1820 ...time: 0.005272626876831055
Fin; energy prediction...time: 15.808577299118042
Egy stat [-24.840626, -23.141472, -24.355715, 0.26421317]
Start for  3_13 [13/15]
Fin;generate all combinations 560 ...time: 0.0025773048400878906
Fin; energy prediction...time: 6.543870449066162
Egy stat [-26.157543, -25.317974, -25.92486, 0.19122243]
Start for  2_14 [14/15]
Fin;generate all combinations 120 ...time: 0.0006947517395019531
Fin; energy prediction...time: 3.9410834312438965
Egy stat [-27.647156, -27.279144, -27.547087, 0.11570487]
Start for  1_15 [15/15]
Fin;generate all combinations 16 ...time: 0.0003638267517089844
Fin; energy prediction...time: 1.1641998291015625
Egy stat [-29.226301, -29.174536, -29.200459, 0.025786962]
Saving....
Saved to... K_HgSn_Br.pkl
Total elapsed time... 424.50132608413696
