Summary of calculations
Site name (A,B,C)... K Hg,Zn Cl
Base cif file name... ../0.cif
Save file name... K_HgZn_Cl.pkl
Fin; combination with repetition...time: 0.0015006065368652344
Start for  15_1 [1/15]
Fin;generate all combinations 16 ...time: 0.00016832351684570312
Fin; energy prediction...time: 1.3267481327056885
Egy stat [-20.098732, -20.088215, -20.093605, 0.0050797653]
Start for  14_2 [2/15]
Fin;generate all combinations 120 ...time: 0.0007312297821044922
Fin; energy prediction...time: 3.82714581489563
Egy stat [-16.466492, -15.920094, -16.355465, 0.13827886]
Start for  13_3 [3/15]
Fin;generate all combinations 560 ...time: 0.0019502639770507812
Fin; energy prediction...time: 8.708602666854858
Egy stat [-12.921958, -11.9145775, -12.657875, 0.22218075]
Start for  12_4 [4/15]
Fin;generate all combinations 1820 ...time: 0.005795001983642578
Fin; energy prediction...time: 13.503142595291138
Egy stat [-9.548095, -7.462731, -9.014558, 0.29388532]
Start for  11_5 [5/15]
Fin;generate all combinations 4368 ...time: 0.012703180313110352
Fin; energy prediction...time: 29.712106466293335
Egy stat [-6.032539, -3.6964822, -5.4395933, 0.35638326]
Start for  10_6 [6/15]
Fin;generate all combinations 8008 ...time: 0.022232532501220703
Fin; energy prediction...time: 46.49678015708923
Egy stat [-2.6838918, 0.5672045, -1.9469794, 0.409589]
Start for  9_7 [7/15]
Fin;generate all combinations 11440 ...time: 0.0330507755279541
Fin; energy prediction...time: 78.44176650047302
Egy stat [0.49711895, 4.7814655, 1.4497358, 0.4516011]
Start for  8_8 [8/15]
Fin;generate all combinations 12870 ...time: 0.03476691246032715
Fin; energy prediction...time: 75.46748661994934
Egy stat [3.5747747, 9.365498, 4.7377906, 0.47944438]
Start for  7_9 [9/15]
Fin;generate all combinations 11440 ...time: 0.030199527740478516
Fin; energy prediction...time: 73.035813331604
Egy stat [6.823965, 11.498028, 7.905569, 0.48972052]
Start for  6_10 [10/15]
Fin;generate all combinations 8008 ...time: 0.08141636848449707
Fin; energy prediction...time: 46.48908519744873
Egy stat [9.970066, 13.74856, 10.943005, 0.4791774]
Start for  5_11 [11/15]
Fin;generate all combinations 4368 ...time: 0.010521650314331055
Fin; energy prediction...time: 27.395965099334717
Egy stat [12.961592, 15.857594, 13.842066, 0.445186]
Start for  4_12 [12/15]
Fin;generate all combinations 1820 ...time: 0.0056438446044921875
Fin; energy prediction...time: 14.415924072265625
Egy stat [15.829897, 18.127821, 16.597263, 0.38611656]
Start for  3_13 [13/15]
Fin;generate all combinations 560 ...time: 0.001787424087524414
Fin; energy prediction...time: 8.169589281082153
Egy stat [18.804152, 20.020136, 19.206125, 0.3014814]
Start for  2_14 [14/15]
Fin;generate all combinations 120 ...time: 0.0006933212280273438
Fin; energy prediction...time: 4.955751657485962
Egy stat [21.445255, 22.049286, 21.669508, 0.19113332]
Start for  1_15 [15/15]
Fin;generate all combinations 16 ...time: 0.0004343986511230469
Fin; energy prediction...time: 1.2201879024505615
Egy stat [23.956032, 24.027431, 23.991634, 0.035497416]
Saving....
Saved to... K_HgZn_Cl.pkl
Total elapsed time... 433.6883354187012
