Summary of calculations
Site name (A,B,C)... K Hg,Sn I
Base cif file name... ../0.cif
Save file name... K_HgSn_I.pkl
Fin; combination with repetition...time: 0.0015044212341308594
Start for  15_1 [1/15]
Fin;generate all combinations 16 ...time: 0.00016832351684570312
Fin; energy prediction...time: 1.1736798286437988
Egy stat [28.194313, 28.324203, 28.259247, 0.06486278]
Start for  14_2 [2/15]
Fin;generate all combinations 120 ...time: 0.0006093978881835938
Fin; energy prediction...time: 3.508720874786377
Egy stat [26.44963, 27.2798, 26.667519, 0.20550542]
Start for  13_3 [3/15]
Fin;generate all combinations 560 ...time: 0.0020432472229003906
Fin; energy prediction...time: 7.798931360244751
Egy stat [24.48848, 25.96651, 25.050589, 0.2942083]
Start for  12_4 [4/15]
Fin;generate all combinations 1820 ...time: 0.006226778030395508
Fin; energy prediction...time: 16.109723329544067
Egy stat [22.354416, 25.134224, 23.362934, 0.36688715]
Start for  11_5 [5/15]
Fin;generate all combinations 4368 ...time: 0.012120485305786133
Fin; energy prediction...time: 28.8976891040802
Egy stat [20.38004, 23.633526, 21.5671, 0.4320486]
Start for  10_6 [6/15]
Fin;generate all combinations 8008 ...time: 0.02003788948059082
Fin; energy prediction...time: 47.18456840515137
Egy stat [18.205755, 22.438366, 19.634377, 0.4872446]
Start for  9_7 [7/15]
Fin;generate all combinations 11440 ...time: 0.02854180335998535
Fin; energy prediction...time: 72.71335315704346
Egy stat [15.835224, 21.1655, 17.545044, 0.5257547]
Start for  8_8 [8/15]
Fin;generate all combinations 12870 ...time: 0.03242158889770508
Fin; energy prediction...time: 77.52588558197021
Egy stat [13.231253, 20.168034, 15.288226, 0.5412493]
Start for  7_9 [9/15]
Fin;generate all combinations 11440 ...time: 0.030440807342529297
Fin; energy prediction...time: 65.68450427055359
Egy stat [11.250946, 16.411339, 12.861399, 0.5300632]
Start for  6_10 [10/15]
Fin;generate all combinations 8008 ...time: 0.0804903507232666
Fin; energy prediction...time: 50.00114369392395
Egy stat [9.037792, 12.761377, 10.269572, 0.4918675]
Start for  5_11 [11/15]
Fin;generate all combinations 4368 ...time: 0.012318611145019531
Fin; energy prediction...time: 26.624854803085327
Egy stat [6.4787235, 9.193272, 7.524159, 0.42940292]
Start for  4_12 [12/15]
Fin;generate all combinations 1820 ...time: 0.004943370819091797
Fin; energy prediction...time: 13.523010730743408
Egy stat [3.7014942, 5.980335, 4.641567, 0.34761503]
Start for  3_13 [13/15]
Fin;generate all combinations 560 ...time: 0.0029630661010742188
Fin; energy prediction...time: 6.118057727813721
Egy stat [1.1723185, 2.3096848, 1.6416397, 0.2523375]
Start for  2_14 [14/15]
Fin;generate all combinations 120 ...time: 0.0006506443023681641
Fin; energy prediction...time: 4.038087844848633
Egy stat [-1.6468506, -1.1635466, -1.4539144, 0.14819737]
Start for  1_15 [15/15]
Fin;generate all combinations 16 ...time: 0.0003609657287597656
Fin; energy prediction...time: 1.2371342182159424
Egy stat [-4.6395955, -4.6059914, -4.622855, 0.016727485]
Saving....
Saved to... K_HgSn_I.pkl
Total elapsed time... 422.7999303340912
