Summary of calculations
Site name (A,B,C)... K Hg,Pb Br
Base cif file name... ../0.cif
Save file name... K_HgPb_Br.pkl
Fin; combination with repetition...time: 0.0015108585357666016
Start for  15_1 [1/15]
Fin;generate all combinations 16 ...time: 0.00017523765563964844
Fin; energy prediction...time: 0.9606561660766602
Egy stat [-10.38673, -10.298067, -10.342426, 0.04424349]
Start for  14_2 [2/15]
Fin;generate all combinations 120 ...time: 0.0007359981536865234
Fin; energy prediction...time: 5.134363412857056
Egy stat [-9.949063, -9.316058, -9.725535, 0.16538395]
Start for  13_3 [3/15]
Fin;generate all combinations 560 ...time: 0.002021312713623047
Fin; energy prediction...time: 6.406532287597656
Egy stat [-9.709585, -8.394549, -9.24149, 0.25610477]
Start for  12_4 [4/15]
Fin;generate all combinations 1820 ...time: 0.005865573883056641
Fin; energy prediction...time: 14.320770263671875
Egy stat [-9.812504, -7.2454634, -8.924558, 0.34176004]
Start for  11_5 [5/15]
Fin;generate all combinations 4368 ...time: 0.012633085250854492
Fin; energy prediction...time: 27.165254592895508
Egy stat [-9.699816, -6.805188, -8.801835, 0.4214699]
Start for  10_6 [6/15]
Fin;generate all combinations 8008 ...time: 0.022191762924194336
Fin; energy prediction...time: 46.31378412246704
Egy stat [-9.985553, -6.214809, -8.891625, 0.48739797]
Start for  9_7 [7/15]
Fin;generate all combinations 11440 ...time: 0.0310513973236084
Fin; energy prediction...time: 73.25352144241333
Egy stat [-10.550117, -5.5740714, -9.202638, 0.5315343]
Start for  8_8 [8/15]
Fin;generate all combinations 12870 ...time: 0.03520011901855469
Fin; energy prediction...time: 85.11862111091614
Egy stat [-11.4304495, -4.8031416, -9.73407, 0.5489154]
Start for  7_9 [9/15]
Fin;generate all combinations 11440 ...time: 0.030774831771850586
Fin; energy prediction...time: 70.42875385284424
Egy stat [-11.830075, -6.9180984, -10.4765625, 0.53845996]
Start for  6_10 [10/15]
Fin;generate all combinations 8008 ...time: 0.0675649642944336
Fin; energy prediction...time: 46.75031638145447
Egy stat [-12.473215, -8.766922, -11.413955, 0.5023849]
Start for  5_11 [11/15]
Fin;generate all combinations 4368 ...time: 0.011694908142089844
Fin; energy prediction...time: 25.796114921569824
Egy stat [-13.366212, -10.438464, -12.525727, 0.44484103]
Start for  4_12 [12/15]
Fin;generate all combinations 1820 ...time: 0.005632877349853516
Fin; energy prediction...time: 12.774057865142822
Egy stat [-14.51741, -11.890738, -13.789865, 0.37030354]
Start for  3_13 [13/15]
Fin;generate all combinations 560 ...time: 0.002434968948364258
Fin; energy prediction...time: 7.027800559997559
Egy stat [-15.582001, -14.19234, -15.185747, 0.2821451]
Start for  2_14 [14/15]
Fin;generate all combinations 120 ...time: 0.0007503032684326172
Fin; energy prediction...time: 4.745576620101929
Egy stat [-16.879904, -16.290304, -16.696577, 0.18135606]
Start for  1_15 [15/15]
Fin;generate all combinations 16 ...time: 0.0003857612609863281
Fin; energy prediction...time: 1.1119575500488281
Egy stat [-18.371485, -18.25049, -18.31097, 0.060455695]
Saving....
Saved to... K_HgPb_Br.pkl
Total elapsed time... 427.8523349761963
