Summary of calculations
Site name (A,B,C)... K Hg,Zn I
Base cif file name... ../0.cif
Save file name... K_HgZn_I.pkl
Fin; combination with repetition...time: 0.0014972686767578125
Start for  15_1 [1/15]
Fin;generate all combinations 16 ...time: 0.0001685619354248047
Fin; energy prediction...time: 1.169672966003418
Egy stat [34.101173, 34.18303, 34.14201, 0.040835585]
Start for  14_2 [2/15]
Fin;generate all combinations 120 ...time: 0.0006330013275146484
Fin; energy prediction...time: 4.43253493309021
Egy stat [38.164406, 38.59153, 38.380444, 0.113435894]
Start for  13_3 [3/15]
Fin;generate all combinations 560 ...time: 0.001833200454711914
Fin; energy prediction...time: 8.601593255996704
Egy stat [42.31229, 43.012215, 42.597553, 0.16749826]
Start for  12_4 [4/15]
Fin;generate all combinations 1820 ...time: 0.0061223506927490234
Fin; energy prediction...time: 16.42302179336548
Egy stat [46.333225, 47.526844, 46.797512, 0.207793]
Start for  11_5 [5/15]
Fin;generate all combinations 4368 ...time: 0.013016223907470703
Fin; energy prediction...time: 28.943748235702515
Egy stat [50.46523, 51.749283, 50.984936, 0.23556814]
Start for  10_6 [6/15]
Fin;generate all combinations 8008 ...time: 0.0223844051361084
Fin; energy prediction...time: 46.30075120925903
Egy stat [54.52713, 56.08674, 55.16507, 0.2517978]
Start for  9_7 [7/15]
Fin;generate all combinations 11440 ...time: 0.030730247497558594
Fin; energy prediction...time: 70.73947310447693
Egy stat [58.490654, 60.47886, 59.343815, 0.25744668]
Start for  8_8 [8/15]
Fin;generate all combinations 12870 ...time: 0.03126025199890137
Fin; energy prediction...time: 77.92125225067139
Egy stat [62.50199, 64.98, 63.527653, 0.25350133]
Start for  7_9 [9/15]
Fin;generate all combinations 11440 ...time: 0.03748154640197754
Fin; energy prediction...time: 70.22283101081848
Egy stat [66.89202, 68.811646, 67.72338, 0.24093615]
Start for  6_10 [10/15]
Fin;generate all combinations 8008 ...time: 0.09624099731445312
Fin; energy prediction...time: 50.049251317977905
Egy stat [71.30085, 72.788826, 71.93784, 0.22065917]
Start for  5_11 [11/15]
Fin;generate all combinations 4368 ...time: 0.011379480361938477
Fin; energy prediction...time: 29.078827381134033
Egy stat [75.69028, 76.847145, 76.17747, 0.19345175]
Start for  4_12 [12/15]
Fin;generate all combinations 1820 ...time: 0.005040407180786133
Fin; energy prediction...time: 14.38814663887024
Egy stat [80.04877, 81.05029, 80.44789, 0.1599076]
Start for  3_13 [13/15]
Fin;generate all combinations 560 ...time: 0.002507925033569336
Fin; energy prediction...time: 9.098395109176636
Egy stat [84.490845, 85.06482, 84.753494, 0.12034033]
Start for  2_14 [14/15]
Fin;generate all combinations 120 ...time: 0.0008132457733154297
Fin; energy prediction...time: 3.56036114692688
Egy stat [88.90671, 89.22236, 89.09707, 0.07439628]
Start for  1_15 [15/15]
Fin;generate all combinations 16 ...time: 0.00041294097900390625
Fin; energy prediction...time: 0.993887186050415
Egy stat [93.46622, 93.49282, 93.47943, 0.013142908]
Saving....
Saved to... K_HgZn_I.pkl
Total elapsed time... 432.6755783557892
