Summary of calculations
Site name (A,B,C)... K Hg,Pb I
Base cif file name... ../0.cif
Save file name... K_HgPb_I.pkl
Fin; combination with repetition...time: 0.001519918441772461
Start for  15_1 [1/15]
Fin;generate all combinations 16 ...time: 0.00016760826110839844
Fin; energy prediction...time: 1.1224803924560547
Egy stat [29.972858, 30.17878, 30.07587, 0.102816686]
Start for  14_2 [2/15]
Fin;generate all combinations 120 ...time: 0.0008165836334228516
Fin; energy prediction...time: 3.612224578857422
Egy stat [29.701786, 30.62476, 30.087767, 0.2738808]
Start for  13_3 [3/15]
Fin;generate all combinations 560 ...time: 0.001678466796875
Fin; energy prediction...time: 9.272763013839722
Egy stat [29.03917, 31.000076, 29.888592, 0.4262221]
Start for  12_4 [4/15]
Fin;generate all combinations 1820 ...time: 0.005809783935546875
Fin; energy prediction...time: 12.905333280563354
Egy stat [27.953434, 31.531918, 29.460808, 0.5600819]
Start for  11_5 [5/15]
Fin;generate all combinations 4368 ...time: 0.011260271072387695
Fin; energy prediction...time: 28.107704877853394
Egy stat [27.056503, 31.484219, 28.79451, 0.67021483]
Start for  10_6 [6/15]
Fin;generate all combinations 8008 ...time: 0.022009849548339844
Fin; energy prediction...time: 47.22719120979309
Egy stat [25.742802, 31.595325, 27.886675, 0.7519363]
Start for  9_7 [7/15]
Fin;generate all combinations 11440 ...time: 0.02806711196899414
Fin; energy prediction...time: 66.84675455093384
Egy stat [24.138592, 31.6217, 26.739983, 0.80231637]
Start for  8_8 [8/15]
Fin;generate all combinations 12870 ...time: 0.03329801559448242
Fin; energy prediction...time: 77.1975028514862
Egy stat [22.160244, 31.816212, 25.36125, 0.82039356]
Start for  7_9 [9/15]
Fin;generate all combinations 11440 ...time: 0.035617828369140625
Fin; energy prediction...time: 71.36231923103333
Egy stat [21.376434, 28.457474, 23.759499, 0.8068936]
Start for  6_10 [10/15]
Fin;generate all combinations 8008 ...time: 0.09296083450317383
Fin; energy prediction...time: 51.697649240493774
Egy stat [20.069098, 25.408737, 21.94381, 0.7636138]
Start for  5_11 [11/15]
Fin;generate all combinations 4368 ...time: 0.01039433479309082
Fin; energy prediction...time: 28.063038110733032
Egy stat [18.575504, 22.740776, 19.921106, 0.69254977]
Start for  4_12 [12/15]
Fin;generate all combinations 1820 ...time: 0.00487065315246582
Fin; energy prediction...time: 13.236474752426147
Egy stat [16.42773, 20.398605, 17.694069, 0.59482837]
Start for  3_13 [13/15]
Fin;generate all combinations 560 ...time: 0.0023393630981445312
Fin; energy prediction...time: 7.1854894161224365
Egy stat [14.496328, 16.72415, 15.259639, 0.46953338]
Start for  2_14 [14/15]
Fin;generate all combinations 120 ...time: 0.0006527900695800781
Fin; energy prediction...time: 6.206437826156616
Egy stat [12.097975, 13.274092, 12.608232, 0.31208163]
Start for  1_15 [15/15]
Fin;generate all combinations 16 ...time: 0.00037479400634765625
Fin; energy prediction...time: 1.1497976779937744
Egy stat [9.62257, 9.825167, 9.723965, 0.10110591]
Saving....
Saved to... K_HgPb_I.pkl
Total elapsed time... 425.8857796192169
