Summary of calculations
Site name (A,B,C)... K Pb,Zn Cl
Base cif file name... ../0.cif
Save file name... K_PbZn_Cl.pkl
Fin; combination with repetition...time: 0.0013935565948486328
Start for  15_1 [1/15]
Fin;generate all combinations 16 ...time: 0.0001735687255859375
Fin; energy prediction...time: 1.0215892791748047
Egy stat [-22.42323, -21.710987, -22.067188, 0.35587582]
Start for  14_2 [2/15]
Fin;generate all combinations 120 ...time: 0.0007357597351074219
Fin; energy prediction...time: 3.8760826587677
Egy stat [-16.737688, -14.053901, -15.639648, 0.7724436]
Start for  13_3 [3/15]
Fin;generate all combinations 560 ...time: 0.001958608627319336
Fin; energy prediction...time: 6.0168585777282715
Egy stat [-12.407445, -7.0544567, -9.852129, 1.1025302]
Start for  12_4 [4/15]
Fin;generate all combinations 1820 ...time: 0.008010149002075195
Fin; energy prediction...time: 13.109411478042603
Egy stat [-9.291628, 0.19161129, -4.639888, 1.3629757]
Start for  11_5 [5/15]
Fin;generate all combinations 4368 ...time: 0.010936260223388672
Fin; energy prediction...time: 31.203308582305908
Egy stat [-5.566476, 4.6914473, 0.041864254, 1.5588119]
Start for  10_6 [6/15]
Fin;generate all combinations 8008 ...time: 0.02019786834716797
Fin; energy prediction...time: 47.893295764923096
Egy stat [-3.0394983, 9.595591, 4.2264476, 1.6922591]
Start for  9_7 [7/15]
Fin;generate all combinations 11440 ...time: 0.028650522232055664
Fin; energy prediction...time: 63.53020215034485
Egy stat [-1.7371321, 14.206472, 7.942787, 1.766144]
Start for  8_8 [8/15]
Fin;generate all combinations 12870 ...time: 0.03304910659790039
Fin; energy prediction...time: 72.25503921508789
Egy stat [-1.2719383, 19.33858, 11.220207, 1.7851728]
Start for  7_9 [9/15]
Fin;generate all combinations 11440 ...time: 0.03084397315979004
Fin; energy prediction...time: 66.75231623649597
Egy stat [4.1203823, 20.014473, 14.090872, 1.7550486]
Start for  6_10 [10/15]
Fin;generate all combinations 8008 ...time: 0.06636857986450195
Fin; energy prediction...time: 46.29568934440613
Egy stat [8.694241, 22.481518, 16.590485, 1.6797576]
Start for  5_11 [11/15]
Fin;generate all combinations 4368 ...time: 0.01230931282043457
Fin; energy prediction...time: 27.44981575012207
Egy stat [12.8577385, 23.636436, 18.758017, 1.5580711]
Start for  4_12 [12/15]
Fin;generate all combinations 1820 ...time: 0.004942893981933594
Fin; energy prediction...time: 14.280138492584229
Egy stat [15.99411, 26.5453, 20.635265, 1.3806589]
Start for  3_13 [13/15]
Fin;generate all combinations 560 ...time: 0.0027878284454345703
Fin; energy prediction...time: 7.83834433555603
Egy stat [19.759556, 25.326736, 22.266602, 1.1284975]
Start for  2_14 [14/15]
Fin;generate all combinations 120 ...time: 0.0007152557373046875
Fin; energy prediction...time: 3.946256637573242
Egy stat [22.4973, 25.984375, 23.699293, 0.76999277]
Start for  1_15 [15/15]
Fin;generate all combinations 16 ...time: 0.0005955696105957031
Fin; energy prediction...time: 0.9884195327758789
Egy stat [24.785526, 25.184002, 24.984573, 0.19904274]
Saving....
Saved to... K_PbZn_Cl.pkl
Total elapsed time... 407.0374426841736
