Summary of calculations
Site name (A,B,C)... K Pb,Zn I
Base cif file name... ../0.cif
Save file name... K_PbZn_I.pkl
Fin; combination with repetition...time: 0.0014958381652832031
Start for  15_1 [1/15]
Fin;generate all combinations 16 ...time: 0.0001773834228515625
Fin; energy prediction...time: 1.1906187534332275
Egy stat [14.304337, 14.865919, 14.585383, 0.28031033]
Start for  14_2 [2/15]
Fin;generate all combinations 120 ...time: 0.0007443428039550781
Fin; energy prediction...time: 3.937657594680786
Egy stat [20.485321, 23.492413, 21.978682, 0.69239146]
Start for  13_3 [3/15]
Fin;generate all combinations 560 ...time: 0.0017406940460205078
Fin; energy prediction...time: 7.615000009536743
Egy stat [27.223053, 31.520569, 28.896515, 0.90582216]
Start for  12_4 [4/15]
Fin;generate all combinations 1820 ...time: 0.007564067840576172
Fin; energy prediction...time: 14.228092432022095
Egy stat [32.64165, 39.863514, 35.462273, 1.0065926]
Start for  11_5 [5/15]
Fin;generate all combinations 4368 ...time: 0.012618780136108398
Fin; energy prediction...time: 30.751010417938232
Egy stat [38.666317, 45.31666, 41.779217, 1.0409627]
Start for  10_6 [6/15]
Fin;generate all combinations 8008 ...time: 0.021307706832885742
Fin; energy prediction...time: 52.078067779541016
Egy stat [43.848274, 51.3496, 47.92236, 1.0366211]
Start for  9_7 [7/15]
Fin;generate all combinations 11440 ...time: 0.0274503231048584
Fin; energy prediction...time: 73.09866833686829
Egy stat [48.964382, 57.75905, 53.935448, 1.0083588]
Start for  8_8 [8/15]
Fin;generate all combinations 12870 ...time: 0.03197884559631348
Fin; energy prediction...time: 73.5333297252655
Egy stat [53.91565, 64.83299, 59.832096, 0.96413255]
Start for  7_9 [9/15]
Fin;generate all combinations 11440 ...time: 0.02971959114074707
Fin; energy prediction...time: 66.72055196762085
Egy stat [61.333717, 69.53553, 65.59953, 0.9084995]
Start for  6_10 [10/15]
Fin;generate all combinations 8008 ...time: 0.084136962890625
Fin; energy prediction...time: 51.46430158615112
Egy stat [68.00828, 74.56976, 71.203354, 0.8428007]
Start for  5_11 [11/15]
Fin;generate all combinations 4368 ...time: 0.011914491653442383
Fin; energy prediction...time: 28.779752492904663
Egy stat [74.266495, 79.43189, 76.592476, 0.7638964]
Start for  4_12 [12/15]
Fin;generate all combinations 1820 ...time: 0.005200624465942383
Fin; energy prediction...time: 15.142541646957397
Egy stat [79.59334, 84.46308, 81.70374, 0.66362375]
Start for  3_13 [13/15]
Fin;generate all combinations 560 ...time: 0.0023369789123535156
Fin; energy prediction...time: 8.747865676879883
Egy stat [85.38834, 87.90391, 86.465965, 0.5298632]
Start for  2_14 [14/15]
Fin;generate all combinations 120 ...time: 0.0006229877471923828
Fin; energy prediction...time: 3.171410083770752
Egy stat [90.26738, 91.61982, 90.803566, 0.34745526]
Start for  1_15 [15/15]
Fin;generate all combinations 16 ...time: 0.0004622936248779297
Fin; energy prediction...time: 1.2992026805877686
Egy stat [94.583626, 94.6956, 94.6397, 0.0558203]
Saving....
Saved to... K_PbZn_I.pkl
Total elapsed time... 432.4953074455261
