Summary of calculations
Site name (A,B,C)... K Pb,Sn Cl
Base cif file name... ../0.cif
Save file name... K_PbSn_Cl.pkl
Fin; combination with repetition...time: 0.0014884471893310547
Start for  15_1 [1/15]
Fin;generate all combinations 16 ...time: 0.0001800060272216797
Fin; energy prediction...time: 1.2180771827697754
Egy stat [-28.43939, -28.38639, -28.412941, 0.02643633]
Start for  14_2 [2/15]
Fin;generate all combinations 120 ...time: 0.0006084442138671875
Fin; energy prediction...time: 3.623616933822632
Egy stat [-27.689335, -27.467146, -27.6118, 0.045426257]
Start for  13_3 [3/15]
Fin;generate all combinations 560 ...time: 0.001999378204345703
Fin; energy prediction...time: 6.573841094970703
Egy stat [-26.921816, -26.629017, -26.82471, 0.061648425]
Start for  12_4 [4/15]
Fin;generate all combinations 1820 ...time: 0.005786418914794922
Fin; energy prediction...time: 15.138359546661377
Egy stat [-26.19067, -25.715084, -26.051872, 0.07526772]
Start for  11_5 [5/15]
Fin;generate all combinations 4368 ...time: 0.01285243034362793
Fin; energy prediction...time: 27.765069484710693
Egy stat [-25.463276, -24.933678, -25.293509, 0.086352594]
Start for  10_6 [6/15]
Fin;generate all combinations 8008 ...time: 0.01974034309387207
Fin; energy prediction...time: 47.605201959609985
Egy stat [-24.758808, -24.076992, -24.549885, 0.09494086]
Start for  9_7 [7/15]
Fin;generate all combinations 11440 ...time: 0.028303861618041992
Fin; energy prediction...time: 66.2421600818634
Egy stat [-24.057632, -23.295444, -23.821312, 0.10104959]
Start for  8_8 [8/15]
Fin;generate all combinations 12870 ...time: 0.03726315498352051
Fin; energy prediction...time: 81.97373700141907
Egy stat [-23.37854, -22.440704, -23.108124, 0.104677394]
Start for  7_9 [9/15]
Fin;generate all combinations 11440 ...time: 0.031341552734375
Fin; energy prediction...time: 74.46263098716736
Egy stat [-22.660501, -21.858967, -22.410688, 0.10579916]
Start for  6_10 [10/15]
Fin;generate all combinations 8008 ...time: 0.06608963012695312
Fin; energy prediction...time: 49.847405672073364
Egy stat [-21.972729, -21.227362, -21.72939, 0.104357675]
Start for  5_11 [11/15]
Fin;generate all combinations 4368 ...time: 0.011545419692993164
Fin; energy prediction...time: 29.511953115463257
Egy stat [-21.272774, -20.659822, -21.064621, 0.10024627]
Start for  4_12 [12/15]
Fin;generate all combinations 1820 ...time: 0.005086660385131836
Fin; energy prediction...time: 14.843299627304077
Egy stat [-20.601252, -20.044893, -20.416763, 0.09327563]
Start for  3_13 [13/15]
Fin;generate all combinations 560 ...time: 0.0018305778503417969
Fin; energy prediction...time: 6.404366970062256
Egy stat [-19.926933, -19.552206, -19.786175, 0.08309797]
Start for  2_14 [14/15]
Fin;generate all combinations 120 ...time: 0.0006375312805175781
Fin; energy prediction...time: 3.072108507156372
Egy stat [-19.274538, -19.011261, -19.173178, 0.068991706]
Start for  1_15 [15/15]
Fin;generate all combinations 16 ...time: 0.0003764629364013672
Fin; energy prediction...time: 1.1874699592590332
Egy stat [-18.627134, -18.52903, -18.578041, 0.048970424]
Saving....
Saved to... K_PbSn_Cl.pkl
Total elapsed time... 430.0898461341858
