Summary of calculations
Site name (A,B,C)... K Pb,Zn Br
Base cif file name... ../0.cif
Save file name... K_PbZn_Br.pkl
Fin; combination with repetition...time: 0.0014393329620361328
Start for  15_1 [1/15]
Fin;generate all combinations 16 ...time: 0.0001742839813232422
Fin; energy prediction...time: 1.2884228229522705
Egy stat [-14.343423, -13.732569, -14.037888, 0.30524576]
Start for  14_2 [2/15]
Fin;generate all combinations 120 ...time: 0.0007410049438476562
Fin; energy prediction...time: 4.0662620067596436
Egy stat [-9.603611, -7.298517, -8.590006, 0.6600481]
Start for  13_3 [3/15]
Fin;generate all combinations 560 ...time: 0.0018932819366455078
Fin; energy prediction...time: 7.0696868896484375
Egy stat [-5.842969, -1.4150352, -3.60528, 0.93738395]
Start for  12_4 [4/15]
Fin;generate all combinations 1820 ...time: 0.007579326629638672
Fin; energy prediction...time: 13.788283824920654
Egy stat [-3.0280056, 4.6909685, 0.9680211, 1.1510234]
Start for  11_5 [5/15]
Fin;generate all combinations 4368 ...time: 0.012441635131835938
Fin; energy prediction...time: 27.71129536628723
Egy stat [0.30759048, 8.678349, 5.1628165, 1.3063108]
Start for  10_6 [6/15]
Fin;generate all combinations 8008 ...time: 0.0218048095703125
Fin; energy prediction...time: 51.939526319503784
Egy stat [2.7235851, 13.267717, 8.999052, 1.4061801]
Start for  9_7 [7/15]
Fin;generate all combinations 11440 ...time: 0.027861356735229492
Fin; energy prediction...time: 73.30066108703613
Egy stat [4.305522, 17.323084, 12.490202, 1.452984]
Start for  8_8 [8/15]
Fin;generate all combinations 12870 ...time: 0.03370213508605957
Fin; energy prediction...time: 83.64009356498718
Egy stat [5.352375, 21.936321, 15.649213, 1.4499575]
Start for  7_9 [9/15]
Fin;generate all combinations 11440 ...time: 0.03155040740966797
Fin; energy prediction...time: 73.67273497581482
Egy stat [10.408478, 22.842659, 18.493053, 1.4022166]
Start for  6_10 [10/15]
Fin;generate all combinations 8008 ...time: 0.06873846054077148
Fin; energy prediction...time: 52.94191312789917
Egy stat [14.734289, 25.174839, 21.045553, 1.3162012]
Start for  5_11 [11/15]
Fin;generate all combinations 4368 ...time: 0.01200246810913086
Fin; energy prediction...time: 27.017730236053467
Egy stat [18.687119, 26.751465, 23.33872, 1.1968576]
Start for  4_12 [12/15]
Fin;generate all combinations 1820 ...time: 0.005530118942260742
Fin; energy prediction...time: 13.341202735900879
Egy stat [21.8437, 29.554989, 25.41281, 1.0430796]
Start for  3_13 [13/15]
Fin;generate all combinations 560 ...time: 0.0028574466705322266
Fin; energy prediction...time: 5.966781854629517
Egy stat [25.453056, 29.396332, 27.315603, 0.84302837]
Start for  2_14 [14/15]
Fin;generate all combinations 120 ...time: 0.0006742477416992188
Fin; energy prediction...time: 3.300607442855835
Egy stat [28.307167, 30.674591, 29.101261, 0.56912535]
Start for  1_15 [15/15]
Fin;generate all combinations 16 ...time: 0.000438690185546875
Fin; energy prediction...time: 1.1569275856018066
Egy stat [30.722393, 30.936272, 30.82919, 0.1067686]
Saving....
Saved to... K_PbZn_Br.pkl
Total elapsed time... 440.7774679660797
