Summary of calculations
Site name (A,B,C)... K Pb,Sn Br
Base cif file name... ../0.cif
Save file name... K_PbSn_Br.pkl
Fin; combination with repetition...time: 0.0015370845794677734
Start for  15_1 [1/15]
Fin;generate all combinations 16 ...time: 0.00017142295837402344
Fin; energy prediction...time: 1.2467703819274902
Egy stat [-20.588028, -20.557125, -20.572624, 0.015291395]
Start for  14_2 [2/15]
Fin;generate all combinations 120 ...time: 0.0007262229919433594
Fin; energy prediction...time: 4.334939002990723
Egy stat [-21.199575, -21.038244, -21.140871, 0.03087934]
Start for  13_3 [3/15]
Fin;generate all combinations 560 ...time: 0.0019559860229492188
Fin; energy prediction...time: 5.982598543167114
Egy stat [-21.792677, -21.587208, -21.727755, 0.044011172]
Start for  12_4 [4/15]
Fin;generate all combinations 1820 ...time: 0.005801200866699219
Fin; energy prediction...time: 12.717791557312012
Egy stat [-22.426647, -22.081842, -22.332739, 0.054744706]
Start for  11_5 [5/15]
Fin;generate all combinations 4368 ...time: 0.012768745422363281
Fin; energy prediction...time: 26.808196783065796
Egy stat [-23.079498, -22.692055, -22.955292, 0.063097954]
Start for  10_6 [6/15]
Fin;generate all combinations 8008 ...time: 0.02172684669494629
Fin; energy prediction...time: 46.26632118225098
Egy stat [-23.758148, -23.248055, -23.594898, 0.06909489]
Start for  9_7 [7/15]
Fin;generate all combinations 11440 ...time: 0.03250265121459961
Fin; energy prediction...time: 75.38026928901672
Egy stat [-24.439764, -23.866665, -24.251104, 0.07277507]
Start for  8_8 [8/15]
Fin;generate all combinations 12870 ...time: 0.033980369567871094
Fin; energy prediction...time: 80.03512573242188
Egy stat [-25.145294, -24.428726, -24.92352, 0.07419714]
Start for  7_9 [9/15]
Fin;generate all combinations 11440 ...time: 0.03184056282043457
Fin; energy prediction...time: 66.68656015396118
Egy stat [-25.799261, -25.21179, -25.611828, 0.07343629]
Start for  6_10 [10/15]
Fin;generate all combinations 8008 ...time: 0.06852436065673828
Fin; energy prediction...time: 47.957764625549316
Egy stat [-26.488155, -25.9514, -26.315804, 0.07057766]
Start for  5_11 [11/15]
Fin;generate all combinations 4368 ...time: 0.01105642318725586
Fin; energy prediction...time: 29.39997148513794
Egy stat [-27.162254, -26.744656, -27.035305, 0.06570496]
Start for  4_12 [12/15]
Fin;generate all combinations 1820 ...time: 0.008500099182128906
Fin; energy prediction...time: 15.172457218170166
Egy stat [-27.859013, -27.498709, -27.770279, 0.0588803]
Start for  3_13 [13/15]
Fin;generate all combinations 560 ...time: 0.001821756362915039
Fin; energy prediction...time: 6.038968324661255
Egy stat [-28.587269, -28.361286, -28.520739, 0.0501106]
Start for  2_14 [14/15]
Fin;generate all combinations 120 ...time: 0.0006134510040283203
Fin; energy prediction...time: 4.435812711715698
Egy stat [-29.340939, -29.176384, -29.28676, 0.03927261]
Start for  1_15 [15/15]
Fin;generate all combinations 16 ...time: 0.0004172325134277344
Fin; energy prediction...time: 1.028878927230835
Egy stat [-30.094433, -30.042557, -30.068455, 0.025787463]
Saving....
Saved to... K_PbSn_Br.pkl
Total elapsed time... 424.0185902118683
