Summary of calculations
Site name (A,B,C)... K Sn,Zn Cl
Base cif file name... ../0.cif
Save file name... K_SnZn_Cl.pkl
Fin; combination with repetition...time: 0.001407623291015625
Start for  15_1 [1/15]
Fin;generate all combinations 16 ...time: 0.0001709461212158203
Fin; energy prediction...time: 1.1222472190856934
Egy stat [-12.94704, -12.513771, -12.730587, 0.21638177]
Start for  14_2 [2/15]
Fin;generate all combinations 120 ...time: 0.000812530517578125
Fin; energy prediction...time: 3.019468307495117
Egy stat [-8.606063, -6.842861, -7.83787, 0.5596689]
Start for  13_3 [3/15]
Fin;generate all combinations 560 ...time: 0.0019233226776123047
Fin; energy prediction...time: 6.060882806777954
Egy stat [-5.2924585, -1.3143253, -3.3239563, 0.8414589]
Start for  12_4 [4/15]
Fin;generate all combinations 1820 ...time: 0.005947113037109375
Fin; energy prediction...time: 13.586183786392212
Egy stat [-2.9195843, 4.4383974, 0.8028571, 1.0723232]
Start for  11_5 [5/15]
Fin;generate all combinations 4368 ...time: 0.01106119155883789
Fin; energy prediction...time: 26.865046739578247
Egy stat [0.051714897, 8.052654, 4.533062, 1.2502643]
Start for  10_6 [6/15]
Fin;generate all combinations 8008 ...time: 0.022341012954711914
Fin; energy prediction...time: 48.87338209152222
Egy stat [2.1246243, 12.12373, 7.8618755, 1.3729856]
Start for  9_7 [7/15]
Fin;generate all combinations 11440 ...time: 0.034216880798339844
Fin; energy prediction...time: 70.97436785697937
Egy stat [3.1768494, 15.687794, 10.794209, 1.4418142]
Start for  8_8 [8/15]
Fin;generate all combinations 12870 ...time: 0.03219461441040039
Fin; energy prediction...time: 81.21694850921631
Egy stat [3.4384794, 19.92793, 13.347835, 1.4634976]
Start for  7_9 [9/15]
Fin;generate all combinations 11440 ...time: 0.03057098388671875
Fin; energy prediction...time: 66.15510654449463
Egy stat [7.4936123, 20.247711, 15.554403, 1.4486411]
Start for  6_10 [10/15]
Fin;generate all combinations 8008 ...time: 0.06439399719238281
Fin; energy prediction...time: 52.00440430641174
Egy stat [10.883917, 22.402943, 17.458605, 1.4062755]
Start for  5_11 [11/15]
Fin;generate all combinations 4368 ...time: 0.011157512664794922
Fin; energy prediction...time: 32.3621141910553
Egy stat [14.182058, 23.13797, 19.11609, 1.3363504]
Start for  4_12 [12/15]
Fin;generate all combinations 1820 ...time: 0.008917808532714844
Fin; energy prediction...time: 15.661116361618042
Egy stat [16.691198, 25.734234, 20.59108, 1.2240148]
Start for  3_13 [13/15]
Fin;generate all combinations 560 ...time: 0.002682924270629883
Fin; energy prediction...time: 9.366020202636719
Egy stat [19.837233, 24.588505, 21.954378, 1.0383116]
Start for  2_14 [14/15]
Fin;generate all combinations 120 ...time: 0.0007126331329345703
Fin; energy prediction...time: 3.2966725826263428
Egy stat [22.199398, 25.584644, 23.282698, 0.73119736]
Start for  1_15 [15/15]
Fin;generate all combinations 16 ...time: 0.0004284381866455078
Fin; energy prediction...time: 1.159989356994629
Egy stat [24.510075, 24.809956, 24.65979, 0.14968577]
Saving....
Saved to... K_SnZn_Cl.pkl
Total elapsed time... 432.2623710632324
