Summary of calculations
Site name (A,B,C)... K Sn,Zn Br
Base cif file name... ../0.cif
Save file name... K_SnZn_Br.pkl
Fin; combination with repetition...time: 0.0014224052429199219
Start for  15_1 [1/15]
Fin;generate all combinations 16 ...time: 0.00017404556274414062
Fin; energy prediction...time: 1.1432795524597168
Egy stat [-25.12059, -24.7421, -24.931435, 0.18904889]
Start for  14_2 [2/15]
Fin;generate all combinations 120 ...time: 0.0007326602935791016
Fin; energy prediction...time: 4.417023420333862
Egy stat [-19.998005, -18.519655, -19.359335, 0.4888768]
Start for  13_3 [3/15]
Fin;generate all combinations 560 ...time: 0.0020232200622558594
Fin; energy prediction...time: 10.235112428665161
Egy stat [-15.795555, -12.379092, -14.128147, 0.72363794]
Start for  12_4 [4/15]
Fin;generate all combinations 1820 ...time: 0.005873918533325195
Fin; energy prediction...time: 15.304088592529297
Egy stat [-12.310461, -6.089789, -9.225267, 0.9073579]
Start for  11_5 [5/15]
Fin;generate all combinations 4368 ...time: 0.012608766555786133
Fin; energy prediction...time: 29.822932243347168
Egy stat [-8.3542385, -1.6612835, -4.6429334, 1.0418428]
Start for  10_6 [6/15]
Fin;generate all combinations 8008 ...time: 0.021585464477539062
Fin; energy prediction...time: 48.31431746482849
Egy stat [-5.082638, 3.163042, -0.373284, 1.1277192]
Start for  9_7 [7/15]
Fin;generate all combinations 11440 ...time: 0.0332791805267334
Fin; energy prediction...time: 72.19971013069153
Egy stat [-2.5888357, 7.714241, 3.5963097, 1.1677067]
Start for  8_8 [8/15]
Fin;generate all combinations 12870 ...time: 0.03299713134765625
Fin; energy prediction...time: 86.34226155281067
Egy stat [-0.6105375, 12.635384, 7.286705, 1.168714]
Start for  7_9 [9/15]
Fin;generate all combinations 11440 ...time: 0.030391931533813477
Fin; energy prediction...time: 72.24451208114624
Egy stat [4.3379974, 14.3934, 10.728922, 1.1414608]
Start for  6_10 [10/15]
Fin;generate all combinations 8008 ...time: 0.06521391868591309
Fin; energy prediction...time: 52.63266372680664
Egy stat [8.79055, 17.837746, 13.964689, 1.0964524]
Start for  5_11 [11/15]
Fin;generate all combinations 4368 ...time: 0.012075662612915039
Fin; energy prediction...time: 29.76535940170288
Egy stat [13.207066, 20.062464, 17.04598, 1.0369247]
Start for  4_12 [12/15]
Fin;generate all combinations 1820 ...time: 0.0048635005950927734
Fin; energy prediction...time: 14.18617558479309
Egy stat [17.076588, 23.913952, 20.034033, 0.9521171]
Start for  3_13 [13/15]
Fin;generate all combinations 560 ...time: 0.002382040023803711
Fin; energy prediction...time: 5.19499397277832
Egy stat [21.413828, 24.960949, 22.998377, 0.81464237]
Start for  2_14 [14/15]
Fin;generate all combinations 120 ...time: 0.0006492137908935547
Fin; energy prediction...time: 3.1935365200042725
Egy stat [25.236973, 27.833065, 26.016272, 0.5795489]
Start for  1_15 [15/15]
Fin;generate all combinations 16 ...time: 0.00039196014404296875
Fin; energy prediction...time: 1.1412534713745117
Egy stat [29.07259, 29.273857, 29.17302, 0.10037832]
Saving....
Saved to... K_SnZn_Br.pkl
Total elapsed time... 446.6697578430176
