Summary of calculations
Site name (A,B,C)... K Sn,Zn I
Base cif file name... ../0.cif
Save file name... K_SnZn_I.pkl
Fin; combination with repetition...time: 0.0015027523040771484
Start for  15_1 [1/15]
Fin;generate all combinations 16 ...time: 0.00017547607421875
Fin; energy prediction...time: 1.110036849975586
Egy stat [0.34073448, 0.45340157, 0.39716488, 0.05612235]
Start for  14_2 [2/15]
Fin;generate all combinations 120 ...time: 0.0007789134979248047
Fin; energy prediction...time: 3.23392915725708
Egy stat [7.387697, 9.048637, 8.3293295, 0.4356652]
Start for  13_3 [3/15]
Fin;generate all combinations 560 ...time: 0.0018775463104248047
Fin; energy prediction...time: 7.211114406585693
Egy stat [14.9207535, 17.62417, 15.979625, 0.6386717]
Start for  12_4 [4/15]
Fin;generate all combinations 1820 ...time: 0.00579380989074707
Fin; energy prediction...time: 16.954753160476685
Egy stat [21.280333, 26.473434, 23.376547, 0.763466]
Start for  11_5 [5/15]
Fin;generate all combinations 4368 ...time: 0.01255345344543457
Fin; energy prediction...time: 28.067437887191772
Egy stat [28.177135, 33.270325, 30.548492, 0.83129007]
Start for  10_6 [6/15]
Fin;generate all combinations 8008 ...time: 0.02037525177001953
Fin; energy prediction...time: 47.13919639587402
Egy stat [34.555595, 40.421787, 37.521618, 0.8579707]
Start for  9_7 [7/15]
Fin;generate all combinations 11440 ...time: 0.032288551330566406
Fin; energy prediction...time: 75.66921281814575
Egy stat [40.385727, 47.959267, 44.317913, 0.85554755]
Start for  8_8 [8/15]
Fin;generate all combinations 12870 ...time: 0.033833980560302734
Fin; energy prediction...time: 78.83771586418152
Egy stat [45.902943, 55.702896, 50.953636, 0.83201754]
Start for  7_9 [9/15]
Fin;generate all combinations 11440 ...time: 0.02997279167175293
Fin; energy prediction...time: 69.56784462928772
Egy stat [53.507614, 61.024147, 57.438225, 0.7913722]
Start for  6_10 [10/15]
Fin;generate all combinations 8008 ...time: 0.06449317932128906
Fin; energy prediction...time: 50.67704248428345
Egy stat [60.65246, 66.75096, 63.773705, 0.7342387]
Start for  5_11 [11/15]
Fin;generate all combinations 4368 ...time: 0.010462760925292969
Fin; energy prediction...time: 28.717242002487183
Egy stat [67.61902, 72.590866, 69.95459, 0.65886086]
Start for  4_12 [12/15]
Fin;generate all combinations 1820 ...time: 0.0048389434814453125
Fin; energy prediction...time: 13.918372392654419
Egy stat [73.96526, 78.785904, 75.96827, 0.56197286]
Start for  3_13 [13/15]
Fin;generate all combinations 560 ...time: 0.002672910690307617
Fin; energy prediction...time: 6.1939496994018555
Egy stat [80.740776, 83.26887, 81.79569, 0.43913352]
Start for  2_14 [14/15]
Fin;generate all combinations 120 ...time: 0.0009262561798095703
Fin; energy prediction...time: 3.4651846885681152
Egy stat [86.883545, 87.98763, 87.41253, 0.28367066]
Start for  1_15 [15/15]
Fin;generate all combinations 16 ...time: 0.0004069805145263672
Fin; energy prediction...time: 1.333547830581665
Egy stat [92.729965, 92.851105, 92.790504, 0.060431164]
Saving....
Saved to... K_SnZn_I.pkl
Total elapsed time... 432.79845905303955
