Summary of calculations
Site name (A,B,C)... Rb Cd,Zn Br
Base cif file name... ../0.cif
Save file name... Rb_CdZn_Br.pkl
Fin; combination with repetition...time: 0.0015153884887695312
Start for  15_1 [1/15]
Fin;generate all combinations 16 ...time: 0.00017309188842773438
Fin; energy prediction...time: 1.1524198055267334
Egy stat [1.9939833, 2.0949984, 2.044536, 0.050421923]
Start for  14_2 [2/15]
Fin;generate all combinations 120 ...time: 0.0007557868957519531
Fin; energy prediction...time: 4.570978164672852
Egy stat [4.0072756, 4.362172, 4.1280656, 0.09820011]
Start for  13_3 [3/15]
Fin;generate all combinations 560 ...time: 0.001965045928955078
Fin; energy prediction...time: 8.865506649017334
Egy stat [5.785488, 6.4973774, 6.0544586, 0.13442555]
Start for  12_4 [4/15]
Fin;generate all combinations 1820 ...time: 0.0058176517486572266
Fin; energy prediction...time: 13.804596900939941
Egy stat [7.38496, 8.599958, 7.836239, 0.16315025]
Start for  11_5 [5/15]
Fin;generate all combinations 4368 ...time: 0.012803077697753906
Fin; energy prediction...time: 26.98952054977417
Egy stat [8.976213, 10.298853, 9.4855585, 0.18678537]
Start for  10_6 [6/15]
Fin;generate all combinations 8008 ...time: 0.019904136657714844
Fin; energy prediction...time: 46.54432702064514
Egy stat [10.343344, 11.974562, 11.0139885, 0.2063764]
Start for  9_7 [7/15]
Fin;generate all combinations 11440 ...time: 0.029897689819335938
Fin; energy prediction...time: 65.89994406700134
Egy stat [11.572023, 13.602753, 12.432383, 0.2218657]
Start for  8_8 [8/15]
Fin;generate all combinations 12870 ...time: 0.0315401554107666
Fin; energy prediction...time: 76.4654312133789
Egy stat [12.619991, 15.211908, 13.750787, 0.23242517]
Start for  7_9 [9/15]
Fin;generate all combinations 11440 ...time: 0.031271934509277344
Fin; energy prediction...time: 70.1934974193573
Egy stat [14.109531, 16.005434, 14.978415, 0.23675275]
Start for  6_10 [10/15]
Fin;generate all combinations 8008 ...time: 0.06604766845703125
Fin; energy prediction...time: 48.23439621925354
Egy stat [15.430143, 17.155262, 16.123634, 0.2332809]
Start for  5_11 [11/15]
Fin;generate all combinations 4368 ...time: 0.011343717575073242
Fin; energy prediction...time: 26.409326314926147
Egy stat [16.698162, 17.982977, 17.194, 0.22028936]
Start for  4_12 [12/15]
Fin;generate all combinations 1820 ...time: 0.005041599273681641
Fin; energy prediction...time: 14.656633853912354
Egy stat [17.800257, 19.13673, 18.196268, 0.19593164]
Start for  3_13 [13/15]
Fin;generate all combinations 560 ...time: 0.0024187564849853516
Fin; energy prediction...time: 8.324476957321167
Egy stat [18.928566, 19.608757, 19.136436, 0.1581346]
Start for  2_14 [14/15]
Fin;generate all combinations 120 ...time: 0.000637054443359375
Fin; energy prediction...time: 5.336849927902222
Egy stat [19.898779, 20.393501, 20.01978, 0.103950545]
Start for  1_15 [15/15]
Fin;generate all combinations 16 ...time: 0.000400543212890625
Fin; energy prediction...time: 1.240879774093628
Egy stat [20.838335, 20.863508, 20.850878, 0.012512848]
Saving....
Saved to... Rb_CdZn_Br.pkl
Total elapsed time... 419.33544850349426
