Summary of calculations
Site name (A,B,C)... Rb Cd,Ge Cl
Base cif file name... ../0.cif
Save file name... Rb_CdGe_Cl.pkl
Fin; combination with repetition...time: 0.0014219284057617188
Start for  15_1 [1/15]
Fin;generate all combinations 16 ...time: 0.0001747608184814453
Fin; energy prediction...time: 0.9857823848724365
Egy stat [-28.661905, -28.579828, -28.620916, 0.04094149]
Start for  14_2 [2/15]
Fin;generate all combinations 120 ...time: 0.0006854534149169922
Fin; energy prediction...time: 3.944537878036499
Egy stat [-31.245249, -29.901947, -30.889744, 0.280296]
Start for  13_3 [3/15]
Fin;generate all combinations 560 ...time: 0.0018849372863769531
Fin; energy prediction...time: 7.797709703445435
Egy stat [-33.64054, -32.20307, -32.928284, 0.3238812]
Start for  12_4 [4/15]
Fin;generate all combinations 1820 ...time: 0.005403280258178711
Fin; energy prediction...time: 15.791673421859741
Egy stat [-35.9842, -33.410545, -34.811554, 0.28913206]
Start for  11_5 [5/15]
Fin;generate all combinations 4368 ...time: 0.011678934097290039
Fin; energy prediction...time: 28.099567651748657
Egy stat [-37.316193, -35.663605, -36.606064, 0.23344195]
Start for  10_6 [6/15]
Fin;generate all combinations 8008 ...time: 0.019966602325439453
Fin; energy prediction...time: 48.79122972488403
Egy stat [-39.211174, -37.07251, -38.36937, 0.22012867]
Start for  9_7 [7/15]
Fin;generate all combinations 11440 ...time: 0.032488346099853516
Fin; energy prediction...time: 74.43364477157593
Egy stat [-40.94261, -39.174137, -40.14965, 0.26905957]
Start for  8_8 [8/15]
Fin;generate all combinations 12870 ...time: 0.030210018157958984
Fin; energy prediction...time: 74.50457048416138
Egy stat [-42.848576, -40.382896, -41.98532, 0.33611244]
Start for  7_9 [9/15]
Fin;generate all combinations 11440 ...time: 0.029886722564697266
Fin; energy prediction...time: 66.4063892364502
Egy stat [-44.83349, -42.579533, -43.904922, 0.38563618]
Start for  6_10 [10/15]
Fin;generate all combinations 8008 ...time: 0.07922220230102539
Fin; energy prediction...time: 46.39389777183533
Egy stat [-46.99267, -44.763634, -45.92727, 0.4029483]
Start for  5_11 [11/15]
Fin;generate all combinations 4368 ...time: 0.011410236358642578
Fin; energy prediction...time: 27.487531423568726
Egy stat [-49.03715, -47.00365, -48.062004, 0.38504824]
Start for  4_12 [12/15]
Fin;generate all combinations 1820 ...time: 0.005808115005493164
Fin; energy prediction...time: 13.870419025421143
Egy stat [-51.1497, -49.22557, -50.31056, 0.33597243]
Start for  3_13 [13/15]
Fin;generate all combinations 560 ...time: 0.002004861831665039
Fin; energy prediction...time: 8.238024711608887
Egy stat [-53.25187, -52.042835, -52.667507, 0.2643572]
Start for  2_14 [14/15]
Fin;generate all combinations 120 ...time: 0.0006608963012695312
Fin; energy prediction...time: 3.59090518951416
Egy stat [-55.686184, -54.805767, -55.122265, 0.18157119]
Start for  1_15 [15/15]
Fin;generate all combinations 16 ...time: 0.0004215240478515625
Fin; energy prediction...time: 1.1468918323516846
Egy stat [-57.760426, -57.561474, -57.66099, 0.09940175]
Saving....
Saved to... Rb_CdGe_Cl.pkl
Total elapsed time... 422.1699860095978
