Summary of calculations
Site name (A,B,C)... Rb Cd,Pb Br
Base cif file name... ../0.cif
Save file name... Rb_CdPb_Br.pkl
Fin; combination with repetition...time: 0.0014998912811279297
Start for  15_1 [1/15]
Fin;generate all combinations 16 ...time: 0.00017023086547851562
Fin; energy prediction...time: 1.277338981628418
Egy stat [-1.934308, -1.7107611, -1.8225123, 0.11172451]
Start for  14_2 [2/15]
Fin;generate all combinations 120 ...time: 0.0007491111755371094
Fin; energy prediction...time: 5.325963735580444
Egy stat [-4.0081854, -2.3536634, -3.3617234, 0.35476333]
Start for  13_3 [3/15]
Fin;generate all combinations 560 ...time: 0.0019989013671875
Fin; energy prediction...time: 7.974111318588257
Egy stat [-5.9199414, -3.6420465, -4.8767023, 0.4858704]
Start for  12_4 [4/15]
Fin;generate all combinations 1820 ...time: 0.005941152572631836
Fin; energy prediction...time: 12.87166142463684
Egy stat [-8.267797, -4.076359, -6.41124, 0.56638116]
Start for  11_5 [5/15]
Fin;generate all combinations 4368 ...time: 0.011814594268798828
Fin; energy prediction...time: 26.924041509628296
Egy stat [-10.312718, -6.145902, -8.002421, 0.62099844]
Start for  10_6 [6/15]
Fin;generate all combinations 8008 ...time: 0.021042346954345703
Fin; energy prediction...time: 47.483518838882446
Egy stat [-12.780227, -7.8443127, -9.680517, 0.6613485]
Start for  9_7 [7/15]
Fin;generate all combinations 11440 ...time: 0.029061079025268555
Fin; energy prediction...time: 68.38152027130127
Egy stat [-15.210175, -8.924686, -11.469075, 0.68929905]
Start for  8_8 [8/15]
Fin;generate all combinations 12870 ...time: 0.0330965518951416
Fin; energy prediction...time: 72.92813467979431
Egy stat [-17.980526, -9.844631, -13.385279, 0.70142347]
Start for  7_9 [9/15]
Fin;generate all combinations 11440 ...time: 0.03156709671020508
Fin; energy prediction...time: 64.13903546333313
Egy stat [-19.016834, -12.680956, -15.440611, 0.6931543]
Start for  6_10 [10/15]
Fin;generate all combinations 8008 ...time: 0.07045269012451172
Fin; energy prediction...time: 47.56492042541504
Egy stat [-20.333538, -15.365828, -17.641796, 0.6610939]
Start for  5_11 [11/15]
Fin;generate all combinations 4368 ...time: 0.011763811111450195
Fin; energy prediction...time: 29.081242084503174
Egy stat [-22.067299, -18.266666, -19.991877, 0.60353345]
Start for  4_12 [12/15]
Fin;generate all combinations 1820 ...time: 0.0057108402252197266
Fin; energy prediction...time: 14.095913410186768
Egy stat [-24.189594, -20.833057, -22.491365, 0.52000684]
Start for  3_13 [13/15]
Fin;generate all combinations 560 ...time: 0.0019063949584960938
Fin; energy prediction...time: 6.070833206176758
Egy stat [-26.052872, -24.211088, -25.13923, 0.41057676]
Start for  2_14 [14/15]
Fin;generate all combinations 120 ...time: 0.0005834102630615234
Fin; energy prediction...time: 3.4269487857818604
Egy stat [-28.300533, -27.423626, -27.933647, 0.27497083]
Start for  1_15 [15/15]
Fin;generate all combinations 16 ...time: 0.00037550926208496094
Fin; energy prediction...time: 1.2509374618530273
Egy stat [-30.980484, -30.764448, -30.872501, 0.10797788]
Saving....
Saved to... Rb_CdPb_Br.pkl
Total elapsed time... 409.35657238960266
