Summary of calculations
Site name (A,B,C)... Rb Cd,Sn Cl
Base cif file name... ../0.cif
Save file name... Rb_CdSn_Cl.pkl
Fin; combination with repetition...time: 0.0015153884887695312
Start for  15_1 [1/15]
Fin;generate all combinations 16 ...time: 0.00016999244689941406
Fin; energy prediction...time: 1.0856974124908447
Egy stat [-27.184483, -27.14651, -27.165546, 0.018723145]
Start for  14_2 [2/15]
Fin;generate all combinations 120 ...time: 0.0007276535034179688
Fin; energy prediction...time: 4.9755778312683105
Egy stat [-28.326305, -26.451088, -27.917116, 0.4262173]
Start for  13_3 [3/15]
Fin;generate all combinations 560 ...time: 0.0019233226776123047
Fin; energy prediction...time: 6.759194612503052
Egy stat [-29.194342, -27.298878, -28.394773, 0.5433647]
Start for  12_4 [4/15]
Fin;generate all combinations 1820 ...time: 0.005543708801269531
Fin; energy prediction...time: 13.791133642196655
Egy stat [-30.135765, -26.377792, -28.68929, 0.56039375]
Start for  11_5 [5/15]
Fin;generate all combinations 4368 ...time: 0.012685060501098633
Fin; energy prediction...time: 26.82494068145752
Egy stat [-30.57033, -27.117182, -28.88053, 0.53325665]
Start for  10_6 [6/15]
Fin;generate all combinations 8008 ...time: 0.02284097671508789
Fin; energy prediction...time: 48.75213003158569
Egy stat [-31.172415, -26.87114, -29.03704, 0.5024361]
Start for  9_7 [7/15]
Fin;generate all combinations 11440 ...time: 0.027890443801879883
Fin; energy prediction...time: 66.74447417259216
Egy stat [-31.46939, -27.55616, -29.21569, 0.48843]
Start for  8_8 [8/15]
Fin;generate all combinations 12870 ...time: 0.03350329399108887
Fin; energy prediction...time: 77.9328830242157
Egy stat [-31.934074, -26.808956, -29.461674, 0.48867127]
Start for  7_9 [9/15]
Fin;generate all combinations 11440 ...time: 0.029939651489257812
Fin; energy prediction...time: 67.03000211715698
Egy stat [-31.787813, -27.785118, -29.80898, 0.48797235]
Start for  6_10 [10/15]
Fin;generate all combinations 8008 ...time: 0.08246207237243652
Fin; energy prediction...time: 46.521549463272095
Egy stat [-31.825266, -28.644768, -30.281464, 0.47246882]
Start for  5_11 [11/15]
Fin;generate all combinations 4368 ...time: 0.010883808135986328
Fin; energy prediction...time: 28.351505041122437
Egy stat [-32.14894, -29.531042, -30.894316, 0.4351289]
Start for  4_12 [12/15]
Fin;generate all combinations 1820 ...time: 0.005057096481323242
Fin; energy prediction...time: 16.363882780075073
Egy stat [-32.75502, -30.302021, -31.655987, 0.37477934]
Start for  3_13 [13/15]
Fin;generate all combinations 560 ...time: 0.0024366378784179688
Fin; energy prediction...time: 6.466166734695435
Egy stat [-33.170677, -31.82551, -32.570133, 0.29341015]
Start for  2_14 [14/15]
Fin;generate all combinations 120 ...time: 0.0007479190826416016
Fin; energy prediction...time: 4.017904281616211
Egy stat [-33.94925, -33.265373, -33.637524, 0.19353852]
Start for  1_15 [15/15]
Fin;generate all combinations 16 ...time: 0.0003654956817626953
Fin; energy prediction...time: 1.2378695011138916
Egy stat [-34.930466, -34.784634, -34.857582, 0.072845735]
Saving....
Saved to... Rb_CdSn_Cl.pkl
Total elapsed time... 417.54512119293213
