Summary of calculations
Site name (A,B,C)... Rb Cd,Pb I
Base cif file name... ../0.cif
Save file name... Rb_CdPb_I.pkl
Fin; combination with repetition...time: 0.0015201568603515625
Start for  15_1 [1/15]
Fin;generate all combinations 16 ...time: 0.00017380714416503906
Fin; energy prediction...time: 1.1579639911651611
Egy stat [19.153183, 19.382187, 19.267714, 0.11430055]
Start for  14_2 [2/15]
Fin;generate all combinations 120 ...time: 0.0007121562957763672
Fin; energy prediction...time: 3.837226629257202
Egy stat [17.978174, 18.853193, 18.438574, 0.21518971]
Start for  13_3 [3/15]
Fin;generate all combinations 560 ...time: 0.0019080638885498047
Fin; energy prediction...time: 5.462402820587158
Egy stat [16.858315, 18.39823, 17.554491, 0.29534096]
Start for  12_4 [4/15]
Fin;generate all combinations 1820 ...time: 0.006154775619506836
Fin; energy prediction...time: 13.44914960861206
Egy stat [15.376085, 18.112518, 16.597307, 0.36540917]
Start for  11_5 [5/15]
Fin;generate all combinations 4368 ...time: 0.012955188751220703
Fin; energy prediction...time: 27.373587131500244
Egy stat [14.029949, 16.772474, 15.553707, 0.42798257]
Start for  10_6 [6/15]
Fin;generate all combinations 8008 ...time: 0.022042036056518555
Fin; energy prediction...time: 48.65601706504822
Egy stat [12.358324, 15.686611, 14.414324, 0.4816896]
Start for  9_7 [7/15]
Fin;generate all combinations 11440 ...time: 0.03219723701477051
Fin; energy prediction...time: 73.30848407745361
Egy stat [10.476112, 14.978382, 13.172761, 0.52387756]
Start for  8_8 [8/15]
Fin;generate all combinations 12870 ...time: 0.030757427215576172
Fin; energy prediction...time: 81.45586585998535
Egy stat [8.255688, 14.464796, 11.824528, 0.55187]
Start for  7_9 [9/15]
Fin;generate all combinations 11440 ...time: 0.03075408935546875
Fin; energy prediction...time: 68.07068538665771
Egy stat [7.4397774, 12.542828, 10.365971, 0.5632609]
Start for  6_10 [10/15]
Fin;generate all combinations 8008 ...time: 0.08212018013000488
Fin; energy prediction...time: 49.68870210647583
Egy stat [6.498554, 10.742567, 8.793211, 0.55573803]
Start for  5_11 [11/15]
Fin;generate all combinations 4368 ...time: 0.012001991271972656
Fin; energy prediction...time: 27.347747802734375
Egy stat [5.307831, 8.706694, 7.1011653, 0.5267705]
Start for  4_12 [12/15]
Fin;generate all combinations 1820 ...time: 0.005168914794921875
Fin; energy prediction...time: 16.33093547821045
Egy stat [3.7737389, 6.7637177, 5.2827115, 0.47332424]
Start for  3_13 [13/15]
Fin;generate all combinations 560 ...time: 0.002724885940551758
Fin; energy prediction...time: 5.7349677085876465
Egy stat [2.462451, 4.223626, 3.328044, 0.3916282]
Start for  2_14 [14/15]
Fin;generate all combinations 120 ...time: 0.0006620883941650391
Fin; energy prediction...time: 3.6339163780212402
Egy stat [0.79256344, 1.7567158, 1.224263, 0.2767531]
Start for  1_15 [15/15]
Fin;generate all combinations 16 ...time: 0.0004127025604248047
Fin; energy prediction...time: 1.244872808456421
Egy stat [-1.1639051, -0.925683, -1.0447967, 0.11888816]
Saving....
Saved to... Rb_CdPb_I.pkl
Total elapsed time... 427.3767502307892
