Summary of calculations
Site name (A,B,C)... Rb Cd,Hg Br
Base cif file name... ../0.cif
Save file name... Rb_CdHg_Br.pkl
Fin; combination with repetition...time: 0.0015172958374023438
Start for  15_1 [1/15]
Fin;generate all combinations 16 ...time: 0.00017118453979492188
Fin; energy prediction...time: 1.389580249786377
Egy stat [-1.3733692, -1.251112, -1.3123393, 0.0610193]
Start for  14_2 [2/15]
Fin;generate all combinations 120 ...time: 0.0007634162902832031
Fin; energy prediction...time: 3.9415435791015625
Egy stat [-3.2172403, -2.1822681, -2.5322711, 0.25792092]
Start for  13_3 [3/15]
Fin;generate all combinations 560 ...time: 0.0020079612731933594
Fin; energy prediction...time: 7.573843479156494
Egy stat [-4.6243143, -3.0797434, -3.8588858, 0.4023349]
Start for  12_4 [4/15]
Fin;generate all combinations 1820 ...time: 0.005760908126831055
Fin; energy prediction...time: 12.78683090209961
Egy stat [-6.6507797, -3.8615704, -5.281945, 0.51648647]
Start for  11_5 [5/15]
Fin;generate all combinations 4368 ...time: 0.01133871078491211
Fin; energy prediction...time: 26.815812826156616
Egy stat [-8.055541, -4.9097652, -6.790953, 0.6021542]
Start for  10_6 [6/15]
Fin;generate all combinations 8008 ...time: 0.020863056182861328
Fin; energy prediction...time: 49.65572905540466
Egy stat [-10.079498, -5.7869725, -8.375507, 0.6600802]
Start for  9_7 [7/15]
Fin;generate all combinations 11440 ...time: 0.029190540313720703
Fin; energy prediction...time: 65.53821086883545
Egy stat [-11.636019, -6.699142, -10.025637, 0.6910066]
Start for  8_8 [8/15]
Fin;generate all combinations 12870 ...time: 0.033441781997680664
Fin; energy prediction...time: 77.6029143333435
Egy stat [-13.759376, -7.443266, -11.732088, 0.69582725]
Start for  7_9 [9/15]
Fin;generate all combinations 11440 ...time: 0.029598236083984375
Fin; energy prediction...time: 67.14273166656494
Egy stat [-15.073475, -10.23076, -13.486544, 0.6755938]
Start for  6_10 [10/15]
Fin;generate all combinations 8008 ...time: 0.08572006225585938
Fin; energy prediction...time: 47.766656160354614
Egy stat [-16.919458, -12.803539, -15.281754, 0.63149077]
Start for  5_11 [11/15]
Fin;generate all combinations 4368 ...time: 0.011961698532104492
Fin; energy prediction...time: 29.218626737594604
Egy stat [-18.3, -15.309673, -17.111576, 0.5648045]
Start for  4_12 [12/15]
Fin;generate all combinations 1820 ...time: 0.004985809326171875
Fin; energy prediction...time: 13.911508083343506
Egy stat [-20.154633, -17.606943, -18.970978, 0.4768822]
Start for  3_13 [13/15]
Fin;generate all combinations 560 ...time: 0.0025310516357421875
Fin; energy prediction...time: 7.87372088432312
Egy stat [-21.514492, -20.09116, -20.85594, 0.36904696]
Start for  2_14 [14/15]
Fin;generate all combinations 120 ...time: 0.0007150173187255859
Fin; energy prediction...time: 3.499295711517334
Egy stat [-23.381931, -22.349058, -22.763386, 0.2422482]
Start for  1_15 [15/15]
Fin;generate all combinations 16 ...time: 0.000354766845703125
Fin; energy prediction...time: 1.1133804321289062
Egy stat [-24.784475, -24.597563, -24.691036, 0.09336941]
Saving....
Saved to... Rb_CdHg_Br.pkl
Total elapsed time... 416.46955943107605
