Summary of calculations
Site name (A,B,C)... Rb Ge,Hg Br
Base cif file name... ../0.cif
Save file name... Rb_GeHg_Br.pkl
Fin; combination with repetition...time: 0.0015180110931396484
Start for  15_1 [1/15]
Fin;generate all combinations 16 ...time: 0.00017023086547851562
Fin; energy prediction...time: 1.0992567539215088
Egy stat [-59.749058, -59.57803, -59.66355, 0.08549929]
Start for  14_2 [2/15]
Fin;generate all combinations 120 ...time: 0.0005965232849121094
Fin; energy prediction...time: 5.205498456954956
Egy stat [-56.992405, -56.333412, -56.61896, 0.15623385]
Start for  13_3 [3/15]
Fin;generate all combinations 560 ...time: 0.0020601749420166016
Fin; energy prediction...time: 6.420519113540649
Egy stat [-54.23606, -53.050182, -53.6563, 0.26541406]
Start for  12_4 [4/15]
Fin;generate all combinations 1820 ...time: 0.0066835880279541016
Fin; energy prediction...time: 15.56841254234314
Egy stat [-51.77315, -49.67658, -50.8122, 0.3954374]
Start for  11_5 [5/15]
Fin;generate all combinations 4368 ...time: 0.012716293334960938
Fin; energy prediction...time: 28.18249535560608
Egy stat [-49.22544, -46.69376, -48.12072, 0.52123743]
Start for  10_6 [6/15]
Fin;generate all combinations 8008 ...time: 0.019780397415161133
Fin; energy prediction...time: 51.644203901290894
Egy stat [-46.89426, -43.660748, -45.608784, 0.6182162]
Start for  9_7 [7/15]
Fin;generate all combinations 11440 ...time: 0.028003454208374023
Fin; energy prediction...time: 63.453710317611694
Egy stat [-44.759777, -40.64051, -43.29167, 0.66610605]
Start for  8_8 [8/15]
Fin;generate all combinations 12870 ...time: 0.03099656105041504
Fin; energy prediction...time: 72.46075510978699
Egy stat [-42.6666, -37.458096, -41.1696, 0.65337247]
Start for  7_9 [9/15]
Fin;generate all combinations 11440 ...time: 0.031147480010986328
Fin; energy prediction...time: 65.27264451980591
Egy stat [-40.34514, -36.779064, -39.226345, 0.58085215]
Start for  6_10 [10/15]
Fin;generate all combinations 8008 ...time: 0.06575441360473633
Fin; energy prediction...time: 47.56229114532471
Egy stat [-38.241333, -35.797413, -37.42985, 0.46369612]
Start for  5_11 [11/15]
Fin;generate all combinations 4368 ...time: 0.013572931289672852
Fin; energy prediction...time: 29.076159715652466
Egy stat [-36.36689, -34.70009, -35.73457, 0.33226272]
Start for  4_12 [12/15]
Fin;generate all combinations 1820 ...time: 0.004950284957885742
Fin; energy prediction...time: 16.757118701934814
Egy stat [-34.662785, -33.11801, -34.084682, 0.23198782]
Start for  3_13 [13/15]
Fin;generate all combinations 560 ...time: 0.002434968948364258
Fin; energy prediction...time: 6.554443359375
Egy stat [-32.791656, -31.916128, -32.417557, 0.19484179]
Start for  2_14 [14/15]
Fin;generate all combinations 120 ...time: 0.0005915164947509766
Fin; energy prediction...time: 2.731509208679199
Egy stat [-30.848978, -30.147781, -30.666632, 0.16768171]
Start for  1_15 [15/15]
Fin;generate all combinations 16 ...time: 0.00036716461181640625
Fin; energy prediction...time: 1.2072267532348633
Egy stat [-28.767841, -28.758606, -28.763271, 0.0044143572]
Saving....
Saved to... Rb_GeHg_Br.pkl
Total elapsed time... 414.03690910339355
