Summary of calculations
Site name (A,B,C)... Rb Ge,Sn Br
Base cif file name... ../0.cif
Save file name... Rb_GeSn_Br.pkl
Fin; combination with repetition...time: 0.0015010833740234375
Start for  15_1 [1/15]
Fin;generate all combinations 16 ...time: 0.00017762184143066406
Fin; energy prediction...time: 1.0509564876556396
Egy stat [-60.993336, -60.932407, -60.96287, 0.030445581]
Start for  14_2 [2/15]
Fin;generate all combinations 120 ...time: 0.0006203651428222656
Fin; energy prediction...time: 3.817155122756958
Egy stat [-59.433395, -59.112644, -59.272346, 0.11353751]
Start for  13_3 [3/15]
Fin;generate all combinations 560 ...time: 0.0016891956329345703
Fin; energy prediction...time: 7.8913514614105225
Egy stat [-58.109932, -57.314342, -57.686886, 0.17764886]
Start for  12_4 [4/15]
Fin;generate all combinations 1820 ...time: 0.005956411361694336
Fin; energy prediction...time: 14.662167072296143
Egy stat [-57.002563, -55.505722, -56.20988, 0.23088862]
Start for  11_5 [5/15]
Fin;generate all combinations 4368 ...time: 0.012220621109008789
Fin; energy prediction...time: 27.10546088218689
Egy stat [-55.901054, -54.116467, -54.84375, 0.27377945]
Start for  10_6 [6/15]
Fin;generate all combinations 8008 ...time: 0.02005600929260254
Fin; energy prediction...time: 46.59504985809326
Egy stat [-55.023804, -52.704975, -53.590073, 0.3061253]
Start for  9_7 [7/15]
Fin;generate all combinations 11440 ...time: 0.02838134765625
Fin; energy prediction...time: 67.09462594985962
Egy stat [-54.386036, -51.324913, -52.449753, 0.32754377]
Start for  8_8 [8/15]
Fin;generate all combinations 12870 ...time: 0.03277730941772461
Fin; energy prediction...time: 74.53862857818604
Egy stat [-53.96866, -49.859905, -51.423058, 0.3376135]
Start for  7_9 [9/15]
Fin;generate all combinations 11440 ...time: 0.02968430519104004
Fin; energy prediction...time: 67.02199029922485
Egy stat [-52.479034, -49.30514, -50.50977, 0.33592576]
Start for  6_10 [10/15]
Fin;generate all combinations 8008 ...time: 0.06650876998901367
Fin; energy prediction...time: 47.02316761016846
Egy stat [-51.203896, -48.7264, -49.709267, 0.3220943]
Start for  5_11 [11/15]
Fin;generate all combinations 4368 ...time: 0.012107133865356445
Fin; energy prediction...time: 30.26233696937561
Egy stat [-50.12743, -48.203995, -49.02056, 0.29573932]
Start for  4_12 [12/15]
Fin;generate all combinations 1820 ...time: 0.00565648078918457
Fin; energy prediction...time: 12.940671920776367
Egy stat [-49.310284, -47.653183, -48.44234, 0.25644565]
Start for  3_13 [13/15]
Fin;generate all combinations 560 ...time: 0.0019426345825195312
Fin; energy prediction...time: 6.565476655960083
Egy stat [-48.44519, -47.523937, -47.972965, 0.2036706]
Start for  2_14 [14/15]
Fin;generate all combinations 120 ...time: 0.0006647109985351562
Fin; energy prediction...time: 3.734808921813965
Egy stat [-47.79182, -47.374588, -47.610474, 0.13641147]
Start for  1_15 [15/15]
Fin;generate all combinations 16 ...time: 0.000392913818359375
Fin; energy prediction...time: 1.1240472793579102
Egy stat [-47.402287, -47.302742, -47.352493, 0.04969246]
Saving....
Saved to... Rb_GeSn_Br.pkl
Total elapsed time... 412.2042586803436
