Summary of calculations
Site name (A,B,C)... Rb Ge,Pb Br
Base cif file name... ../0.cif
Save file name... Rb_GePb_Br.pkl
Fin; combination with repetition...time: 0.0015225410461425781
Start for  15_1 [1/15]
Fin;generate all combinations 16 ...time: 0.00017309188842773438
Fin; energy prediction...time: 1.138031005859375
Egy stat [-59.198948, -59.07472, -59.13681, 0.062025134]
Start for  14_2 [2/15]
Fin;generate all combinations 120 ...time: 0.0007636547088623047
Fin; energy prediction...time: 4.744428873062134
Egy stat [-55.971077, -55.384483, -55.759922, 0.17495547]
Start for  13_3 [3/15]
Fin;generate all combinations 560 ...time: 0.0019032955169677734
Fin; energy prediction...time: 5.7332847118377686
Egy stat [-53.182487, -51.826912, -52.627098, 0.27159342]
Start for  12_4 [4/15]
Fin;generate all combinations 1820 ...time: 0.005971193313598633
Fin; energy prediction...time: 13.314263820648193
Egy stat [-50.757465, -48.273575, -49.740562, 0.35395184]
Start for  11_5 [5/15]
Fin;generate all combinations 4368 ...time: 0.012015819549560547
Fin; energy prediction...time: 28.429486513137817
Egy stat [-48.3291, -45.637215, -47.10117, 0.42050618]
Start for  10_6 [6/15]
Fin;generate all combinations 8008 ...time: 0.019904613494873047
Fin; energy prediction...time: 46.524256229400635
Egy stat [-46.317974, -42.986893, -44.708706, 0.46990788]
Start for  9_7 [7/15]
Fin;generate all combinations 11440 ...time: 0.029123544692993164
Fin; energy prediction...time: 68.71826529502869
Egy stat [-44.73838, -40.54738, -42.562138, 0.50122714]
Start for  8_8 [8/15]
Fin;generate all combinations 12870 ...time: 0.03480267524719238
Fin; energy prediction...time: 76.62360048294067
Egy stat [-43.578957, -38.103916, -40.659805, 0.51392]
Start for  7_9 [9/15]
Fin;generate all combinations 11440 ...time: 0.035768747329711914
Fin; energy prediction...time: 72.27979946136475
Egy stat [-41.374252, -37.17873, -38.999638, 0.507749]
Start for  6_10 [10/15]
Fin;generate all combinations 8008 ...time: 0.08819890022277832
Fin; energy prediction...time: 51.54130935668945
Egy stat [-39.40969, -36.10029, -37.5793, 0.4826792]
Start for  5_11 [11/15]
Fin;generate all combinations 4368 ...time: 0.010823726654052734
Fin; energy prediction...time: 31.608461141586304
Egy stat [-37.850677, -35.1765, -36.39632, 0.43876904]
Start for  4_12 [12/15]
Fin;generate all combinations 1820 ...time: 0.004985332489013672
Fin; energy prediction...time: 14.125994443893433
Egy stat [-36.67517, -34.198235, -35.44817, 0.37602738]
Start for  3_13 [13/15]
Fin;generate all combinations 560 ...time: 0.0017085075378417969
Fin; energy prediction...time: 5.839264869689941
Egy stat [-35.366356, -34.06008, -34.732353, 0.29417115]
Start for  2_14 [14/15]
Fin;generate all combinations 120 ...time: 0.000698089599609375
Fin; energy prediction...time: 5.41148567199707
Egy stat [-34.498367, -33.865158, -34.246357, 0.19187786]
Start for  1_15 [15/15]
Fin;generate all combinations 16 ...time: 0.0003407001495361328
Fin; energy prediction...time: 1.1032040119171143
Egy stat [-34.04566, -33.92986, -33.987675, 0.05765305]
Saving....
Saved to... Rb_GePb_Br.pkl
Total elapsed time... 427.91274547576904
