Summary of calculations
Site name (A,B,C)... Rb Ge,Sn I
Base cif file name... ../0.cif
Save file name... Rb_GeSn_I.pkl
Fin; combination with repetition...time: 0.0015299320220947266
Start for  15_1 [1/15]
Fin;generate all combinations 16 ...time: 0.00017499923706054688
Fin; energy prediction...time: 1.2398169040679932
Egy stat [0.9889078, 1.0907993, 1.0398114, 0.050893765]
Start for  14_2 [2/15]
Fin;generate all combinations 120 ...time: 0.0007600784301757812
Fin; energy prediction...time: 3.8005764484405518
Egy stat [0.13578415, 0.5939121, 0.3508021, 0.13060905]
Start for  13_3 [3/15]
Fin;generate all combinations 560 ...time: 0.0019474029541015625
Fin; energy prediction...time: 8.4815833568573
Egy stat [-0.9416084, -0.017043114, -0.4598174, 0.19705202]
Start for  12_4 [4/15]
Fin;generate all combinations 1820 ...time: 0.007336616516113281
Fin; energy prediction...time: 13.518507957458496
Egy stat [-2.2718763, -0.6120558, -1.3903091, 0.25202727]
Start for  11_5 [5/15]
Fin;generate all combinations 4368 ...time: 0.012658357620239258
Fin; energy prediction...time: 28.623476028442383
Egy stat [-3.5730176, -1.689539, -2.437839, 0.2953277]
Start for  10_6 [6/15]
Fin;generate all combinations 8008 ...time: 0.020603418350219727
Fin; energy prediction...time: 46.70378518104553
Egy stat [-5.127504, -2.6429577, -3.598605, 0.3267015]
Start for  9_7 [7/15]
Fin;generate all combinations 11440 ...time: 0.03139209747314453
Fin; energy prediction...time: 69.36138868331909
Egy stat [-6.91821, -3.6162872, -4.867966, 0.34599727]
Start for  8_8 [8/15]
Fin;generate all combinations 12870 ...time: 0.0343930721282959
Fin; energy prediction...time: 77.99746370315552
Egy stat [-8.9445095, -4.558237, -6.2405663, 0.3531537]
Start for  7_9 [9/15]
Fin;generate all combinations 11440 ...time: 0.032309770584106445
Fin; energy prediction...time: 66.42340445518494
Egy stat [-9.8099785, -6.392285, -7.710443, 0.34814712]
Start for  6_10 [10/15]
Fin;generate all combinations 8008 ...time: 0.06884765625
Fin; energy prediction...time: 50.103766679763794
Egy stat [-10.8408985, -8.186745, -9.271135, 0.33092487]
Start for  5_11 [11/15]
Fin;generate all combinations 4368 ...time: 0.011651277542114258
Fin; energy prediction...time: 28.186317205429077
Egy stat [-12.079814, -10.022387, -10.915754, 0.30132735]
Start for  4_12 [12/15]
Fin;generate all combinations 1820 ...time: 0.0059125423431396484
Fin; energy prediction...time: 13.258895635604858
Egy stat [-13.513547, -11.823366, -12.637064, 0.25899053]
Start for  3_13 [13/15]
Fin;generate all combinations 560 ...time: 0.004427909851074219
Fin; energy prediction...time: 5.441505670547485
Egy stat [-14.895853, -13.991109, -14.4275255, 0.20317532]
Start for  2_14 [14/15]
Fin;generate all combinations 120 ...time: 0.0006420612335205078
Fin; energy prediction...time: 3.2780582904815674
Egy stat [-16.469898, -16.113846, -16.279333, 0.13217957]
Start for  1_15 [15/15]
Fin;generate all combinations 16 ...time: 0.00038886070251464844
Fin; energy prediction...time: 1.1534504890441895
Egy stat [-18.218971, -18.149952, -18.184444, 0.03447654]
Saving....
Saved to... Rb_GeSn_I.pkl
Total elapsed time... 418.1321098804474
