Summary of calculations
Site name (A,B,C)... Rb Ge,Zn I
Base cif file name... ../0.cif
Save file name... Rb_GeZn_I.pkl
Fin; combination with repetition...time: 0.0015060901641845703
Start for  15_1 [1/15]
Fin;generate all combinations 16 ...time: 0.00017142295837402344
Fin; energy prediction...time: 1.1392889022827148
Egy stat [8.455605, 8.512318, 8.4839325, 0.028275853]
Start for  14_2 [2/15]
Fin;generate all combinations 120 ...time: 0.0007226467132568359
Fin; energy prediction...time: 3.396118402481079
Egy stat [14.391399, 15.4943695, 15.104266, 0.2574896]
Start for  13_3 [3/15]
Fin;generate all combinations 560 ...time: 0.0019576549530029297
Fin; energy prediction...time: 5.569592237472534
Egy stat [20.685888, 22.264904, 21.482985, 0.37376133]
Start for  12_4 [4/15]
Fin;generate all combinations 1820 ...time: 0.005483865737915039
Fin; energy prediction...time: 13.844844579696655
Egy stat [26.296768, 29.080242, 27.636358, 0.43971786]
Start for  11_5 [5/15]
Fin;generate all combinations 4368 ...time: 0.011166810989379883
Fin; energy prediction...time: 29.57892417907715
Egy stat [32.377346, 34.886658, 33.581657, 0.46673226]
Start for  10_6 [6/15]
Fin;generate all combinations 8008 ...time: 0.02005290985107422
Fin; energy prediction...time: 52.348862409591675
Egy stat [37.86536, 40.73739, 39.337273, 0.462824]
Start for  9_7 [7/15]
Fin;generate all combinations 11440 ...time: 0.028005599975585938
Fin; energy prediction...time: 70.24728322029114
Egy stat [43.454357, 46.498116, 44.922676, 0.43477175]
Start for  8_8 [8/15]
Fin;generate all combinations 12870 ...time: 0.03470969200134277
Fin; energy prediction...time: 80.8130259513855
Egy stat [48.73346, 52.291046, 50.35834, 0.3889141]
Start for  7_9 [9/15]
Fin;generate all combinations 11440 ...time: 0.032143354415893555
Fin; energy prediction...time: 67.7200014591217
Egy stat [54.63662, 56.99624, 55.665558, 0.3317394]
Start for  6_10 [10/15]
Fin;generate all combinations 8008 ...time: 0.08031392097473145
Fin; energy prediction...time: 49.44384717941284
Egy stat [60.173096, 61.8468, 60.866188, 0.27040616]
Start for  5_11 [11/15]
Fin;generate all combinations 4368 ...time: 0.016991376876831055
Fin; energy prediction...time: 33.647594690322876
Egy stat [65.459724, 66.74765, 65.98256, 0.2130087]
Start for  4_12 [12/15]
Fin;generate all combinations 1820 ...time: 0.005049943923950195
Fin; energy prediction...time: 14.161873579025269
Egy stat [70.581505, 71.80257, 71.03749, 0.16728504]
Start for  3_13 [13/15]
Fin;generate all combinations 560 ...time: 0.0019903182983398438
Fin; energy prediction...time: 6.0809104442596436
Egy stat [75.789734, 76.44524, 76.05451, 0.13460092]
Start for  2_14 [14/15]
Fin;generate all combinations 120 ...time: 0.0006127357482910156
Fin; energy prediction...time: 3.4761300086975098
Egy stat [80.93607, 81.34905, 81.05846, 0.10084372]
Start for  1_15 [15/15]
Fin;generate all combinations 16 ...time: 0.0005540847778320312
Fin; energy prediction...time: 1.1035749912261963
Egy stat [86.05375, 86.09865, 86.076225, 0.022409962]
Saving....
Saved to... Rb_GeZn_I.pkl
Total elapsed time... 433.34686040878296
