Summary of calculations
Site name (A,B,C)... Rb Ge,Hg I
Base cif file name... ../0.cif
Save file name... Rb_GeHg_I.pkl
Fin; combination with repetition...time: 0.0014002323150634766
Start for  15_1 [1/15]
Fin;generate all combinations 16 ...time: 0.00017499923706054688
Fin; energy prediction...time: 0.9321155548095703
Egy stat [3.9085493, 4.0004444, 3.9545064, 0.045896143]
Start for  14_2 [2/15]
Fin;generate all combinations 120 ...time: 0.000728607177734375
Fin; energy prediction...time: 3.336214303970337
Egy stat [5.760048, 6.39904, 6.0847073, 0.22728065]
Start for  13_3 [3/15]
Fin;generate all combinations 560 ...time: 0.0017826557159423828
Fin; energy prediction...time: 9.009703159332275
Egy stat [7.388405, 8.669146, 7.983913, 0.38467208]
Start for  12_4 [4/15]
Fin;generate all combinations 1820 ...time: 0.006849050521850586
Fin; energy prediction...time: 12.399116039276123
Egy stat [8.486153, 10.946444, 9.641354, 0.52750796]
Start for  11_5 [5/15]
Fin;generate all combinations 4368 ...time: 0.012747526168823242
Fin; energy prediction...time: 29.24898934364319
Egy stat [9.77042, 12.925192, 11.05017, 0.6467454]
Start for  10_6 [6/15]
Fin;generate all combinations 8008 ...time: 0.02204275131225586
Fin; energy prediction...time: 48.00144052505493
Egy stat [10.528233, 14.982862, 12.208818, 0.73304784]
Start for  9_7 [7/15]
Fin;generate all combinations 11440 ...time: 0.02766895294189453
Fin; energy prediction...time: 69.34203553199768
Egy stat [11.074661, 16.980589, 13.122379, 0.77905864]
Start for  8_8 [8/15]
Fin;generate all combinations 12870 ...time: 0.03452491760253906
Fin; energy prediction...time: 80.43532299995422
Egy stat [11.157997, 19.067694, 13.803675, 0.7808001]
Start for  7_9 [9/15]
Fin;generate all combinations 11440 ...time: 0.030463457107543945
Fin; energy prediction...time: 69.82835865020752
Egy stat [12.155151, 18.020216, 14.274266, 0.7386527]
Start for  6_10 [10/15]
Fin;generate all combinations 8008 ...time: 0.06676054000854492
Fin; energy prediction...time: 47.2501425743103
Egy stat [12.7475815, 17.100323, 14.565339, 0.65795726]
Start for  5_11 [11/15]
Fin;generate all combinations 4368 ...time: 0.010879755020141602
Fin; energy prediction...time: 28.870349168777466
Egy stat [13.3936825, 16.274927, 14.718441, 0.54912204]
Start for  4_12 [12/15]
Fin;generate all combinations 1820 ...time: 0.004944801330566406
Fin; energy prediction...time: 14.943720817565918
Egy stat [13.717424, 15.690357, 14.785908, 0.4265816]
Start for  3_13 [13/15]
Fin;generate all combinations 560 ...time: 0.002646207809448242
Fin; energy prediction...time: 6.25047755241394
Egy stat [14.254761, 15.371746, 14.830657, 0.30470985]
Start for  2_14 [14/15]
Fin;generate all combinations 120 ...time: 0.0005643367767333984
Fin; energy prediction...time: 3.396101474761963
Egy stat [14.623188, 15.205915, 14.925125, 0.18708408]
Start for  1_15 [15/15]
Fin;generate all combinations 16 ...time: 0.0003635883331298828
Fin; energy prediction...time: 1.153968095779419
Egy stat [15.1317005, 15.166716, 15.149183, 0.017360829]
Saving....
Saved to... Rb_GeHg_I.pkl
Total elapsed time... 424.9874234199524
