Summary of calculations
Site name (A,B,C)... Rb Ge,Pb Cl
Base cif file name... ../0.cif
Save file name... Rb_GePb_Cl.pkl
Fin; combination with repetition...time: 0.0015113353729248047
Start for  15_1 [1/15]
Fin;generate all combinations 16 ...time: 0.00017142295837402344
Fin; energy prediction...time: 1.0073933601379395
Egy stat [-57.195038, -57.18728, -57.191177, 0.0037726674]
Start for  14_2 [2/15]
Fin;generate all combinations 120 ...time: 0.0005757808685302734
Fin; energy prediction...time: 3.432621717453003
Egy stat [-54.631283, -54.1192, -54.41131, 0.1758359]
Start for  13_3 [3/15]
Fin;generate all combinations 560 ...time: 0.0019297599792480469
Fin; energy prediction...time: 8.274836778640747
Egy stat [-52.431274, -51.185383, -51.926006, 0.28419435]
Start for  12_4 [4/15]
Fin;generate all combinations 1820 ...time: 0.005335092544555664
Fin; energy prediction...time: 13.680348873138428
Egy stat [-50.74709, -48.26139, -49.731304, 0.3722233]
Start for  11_5 [5/15]
Fin;generate all combinations 4368 ...time: 0.011790275573730469
Fin; energy prediction...time: 27.496543407440186
Egy stat [-49.058746, -46.195232, -47.82278, 0.44138902]
Start for  10_6 [6/15]
Fin;generate all combinations 8008 ...time: 0.020364046096801758
Fin; energy prediction...time: 46.8215708732605
Egy stat [-47.7523, -43.98424, -46.196, 0.49199215]
Start for  9_7 [7/15]
Fin;generate all combinations 11440 ...time: 0.028167009353637695
Fin; energy prediction...time: 64.78374552726746
Egy stat [-46.917706, -41.99192, -44.846874, 0.5241696]
Start for  8_8 [8/15]
Fin;generate all combinations 12870 ...time: 0.034005165100097656
Fin; energy prediction...time: 72.91071367263794
Egy stat [-46.45762, -40.01171, -43.77192, 0.5380105]
Start for  7_9 [9/15]
Fin;generate all combinations 11440 ...time: 0.032062530517578125
Fin; energy prediction...time: 75.25999474525452
Egy stat [-45.147453, -40.12712, -42.968464, 0.53353506]
Start for  6_10 [10/15]
Fin;generate all combinations 8008 ...time: 0.10664844512939453
Fin; energy prediction...time: 52.380192279815674
Egy stat [-44.16107, -40.185173, -42.434845, 0.5106472]
Start for  5_11 [11/15]
Fin;generate all combinations 4368 ...time: 0.010549545288085938
Fin; energy prediction...time: 29.50195813179016
Egy stat [-43.537308, -40.390015, -42.170563, 0.46907985]
Start for  4_12 [12/15]
Fin;generate all combinations 1820 ...time: 0.005135536193847656
Fin; energy prediction...time: 14.465710639953613
Egy stat [-43.398613, -40.54667, -42.176437, 0.4083288]
Start for  3_13 [13/15]
Fin;generate all combinations 560 ...time: 0.0018830299377441406
Fin; energy prediction...time: 6.0033440589904785
Egy stat [-43.12495, -41.536793, -42.45475, 0.32754523]
Start for  2_14 [14/15]
Fin;generate all combinations 120 ...time: 0.000652313232421875
Fin; energy prediction...time: 4.966314077377319
Egy stat [-43.280025, -42.488235, -43.009396, 0.22524291]
Start for  1_15 [15/15]
Fin;generate all combinations 16 ...time: 0.0004146099090576172
Fin; energy prediction...time: 1.1158995628356934
Egy stat [-43.943142, -43.74899, -43.846004, 0.096989684]
Saving....
Saved to... Rb_GePb_Cl.pkl
Total elapsed time... 422.83803129196167
