Summary of calculations
Site name (A,B,C)... Rb Ge,Zn Cl
Base cif file name... ../0.cif
Save file name... Rb_GeZn_Cl.pkl
Fin; combination with repetition...time: 0.0015027523040771484
Start for  15_1 [1/15]
Fin;generate all combinations 16 ...time: 0.00017118453979492188
Fin; energy prediction...time: 1.0459938049316406
Egy stat [-55.144802, -55.05879, -55.101723, 0.04282709]
Start for  14_2 [2/15]
Fin;generate all combinations 120 ...time: 0.0006568431854248047
Fin; energy prediction...time: 4.715237379074097
Egy stat [-50.700558, -49.704987, -50.114616, 0.23201229]
Start for  13_3 [3/15]
Fin;generate all combinations 560 ...time: 0.002054929733276367
Fin; energy prediction...time: 8.472577571868896
Egy stat [-46.071236, -44.521004, -45.30681, 0.36735666]
Start for  12_4 [4/15]
Fin;generate all combinations 1820 ...time: 0.006664752960205078
Fin; energy prediction...time: 13.056378602981567
Egy stat [-42.10388, -39.16197, -40.678658, 0.46485668]
Start for  11_5 [5/15]
Fin;generate all combinations 4368 ...time: 0.012884140014648438
Fin; energy prediction...time: 27.445212841033936
Egy stat [-37.848236, -34.777145, -36.227985, 0.51851004]
Start for  10_6 [6/15]
Fin;generate all combinations 8008 ...time: 0.022166013717651367
Fin; energy prediction...time: 48.27028012275696
Egy stat [-33.895596, -30.265862, -31.946604, 0.5266866]
Start for  9_7 [7/15]
Fin;generate all combinations 11440 ...time: 0.02938103675842285
Fin; energy prediction...time: 70.45775771141052
Egy stat [-29.505865, -25.920362, -27.817366, 0.4976287]
Start for  8_8 [8/15]
Fin;generate all combinations 12870 ...time: 0.034644126892089844
Fin; energy prediction...time: 74.49412059783936
Egy stat [-25.57677, -21.458271, -23.812185, 0.45539165]
Start for  7_9 [9/15]
Fin;generate all combinations 11440 ...time: 0.03025341033935547
Fin; energy prediction...time: 69.52936124801636
Egy stat [-21.332872, -18.171417, -19.891123, 0.44092786]
Start for  6_10 [10/15]
Fin;generate all combinations 8008 ...time: 0.0801239013671875
Fin; energy prediction...time: 48.184101819992065
Egy stat [-17.615671, -13.678118, -16.002506, 0.48484775]
Start for  5_11 [11/15]
Fin;generate all combinations 4368 ...time: 0.011049747467041016
Fin; energy prediction...time: 28.546135902404785
Egy stat [-13.771078, -9.828796, -12.083833, 0.56760776]
Start for  4_12 [12/15]
Fin;generate all combinations 1820 ...time: 0.005701541900634766
Fin; energy prediction...time: 15.5251944065094
Egy stat [-10.165762, -5.279056, -8.063131, 0.63610595]
Start for  3_13 [13/15]
Fin;generate all combinations 560 ...time: 0.0019719600677490234
Fin; energy prediction...time: 5.613208770751953
Egy stat [-5.104182, -2.4548674, -3.8604274, 0.63353294]
Start for  2_14 [14/15]
Fin;generate all combinations 120 ...time: 0.0006875991821289062
Fin; energy prediction...time: 3.010181188583374
Egy stat [-0.054753304, 2.4417315, 0.61098087, 0.50086206]
Start for  1_15 [15/15]
Fin;generate all combinations 16 ...time: 0.00038814544677734375
Fin; energy prediction...time: 1.1802546977996826
Egy stat [5.3556395, 5.531582, 5.4435472, 0.08781223]
Saving....
Saved to... Rb_GeZn_Cl.pkl
Total elapsed time... 420.10678601264954
