Summary of calculations
Site name (A,B,C)... Rb Hg,Sn Br
Base cif file name... ../0.cif
Save file name... Rb_HgSn_Br.pkl
Fin; combination with repetition...time: 0.001535654067993164
Start for  15_1 [1/15]
Fin;generate all combinations 16 ...time: 0.00017118453979492188
Fin; energy prediction...time: 1.028398036956787
Egy stat [-28.057135, -28.05095, -28.054062, 0.0029596584]
Start for  14_2 [2/15]
Fin;generate all combinations 120 ...time: 0.0006144046783447266
Fin; energy prediction...time: 3.3899707794189453
Egy stat [-29.461685, -28.358097, -29.24283, 0.24104136]
Start for  13_3 [3/15]
Fin;generate all combinations 560 ...time: 0.002058744430541992
Fin; energy prediction...time: 5.168602228164673
Egy stat [-30.592955, -29.456795, -30.260073, 0.27873632]
Start for  12_4 [4/15]
Fin;generate all combinations 1820 ...time: 0.008256673812866211
Fin; energy prediction...time: 14.583630800247192
Egy stat [-31.611795, -29.635382, -31.166239, 0.2599064]
Start for  11_5 [5/15]
Fin;generate all combinations 4368 ...time: 0.01271677017211914
Fin; energy prediction...time: 27.611759901046753
Egy stat [-32.651062, -30.642633, -32.02294, 0.27210575]
Start for  10_6 [6/15]
Fin;generate all combinations 8008 ...time: 0.01968240737915039
Fin; energy prediction...time: 46.54536294937134
Egy stat [-33.92341, -30.62389, -32.888763, 0.35269424]
Start for  9_7 [7/15]
Fin;generate all combinations 11440 ...time: 0.02750682830810547
Fin; energy prediction...time: 65.03745174407959
Egy stat [-34.804592, -30.898434, -33.814735, 0.4515186]
Start for  8_8 [8/15]
Fin;generate all combinations 12870 ...time: 0.03223466873168945
Fin; energy prediction...time: 75.25301623344421
Egy stat [-36.314877, -30.458445, -34.84026, 0.5203508]
Start for  7_9 [9/15]
Fin;generate all combinations 11440 ...time: 0.0319981575012207
Fin; energy prediction...time: 66.71454215049744
Egy stat [-37.279152, -32.912964, -35.990356, 0.53805494]
Start for  6_10 [10/15]
Fin;generate all combinations 8008 ...time: 0.0803689956665039
Fin; energy prediction...time: 48.41219234466553
Egy stat [-38.346657, -35.03076, -37.274807, 0.50367147]
Start for  5_11 [11/15]
Fin;generate all combinations 4368 ...time: 0.017041921615600586
Fin; energy prediction...time: 27.37971782684326
Egy stat [-39.45098, -37.01689, -38.689636, 0.42943576]
Start for  4_12 [12/15]
Fin;generate all combinations 1820 ...time: 0.0050258636474609375
Fin; energy prediction...time: 13.763683557510376
Egy stat [-40.979073, -38.742645, -40.221077, 0.33349624]
Start for  3_13 [13/15]
Fin;generate all combinations 560 ...time: 0.0016522407531738281
Fin; energy prediction...time: 6.09633207321167
Egy stat [-42.290573, -41.072403, -41.85113, 0.23306054]
Start for  2_14 [14/15]
Fin;generate all combinations 120 ...time: 0.0006716251373291016
Fin; energy prediction...time: 3.108971357345581
Egy stat [-43.73626, -43.18489, -43.56327, 0.13972326]
Start for  1_15 [15/15]
Fin;generate all combinations 16 ...time: 0.0003743171691894531
Fin; energy prediction...time: 1.15816068649292
Egy stat [-45.4032, -45.28957, -45.34639, 0.05674795]
Saving....
Saved to... Rb_HgSn_Br.pkl
Total elapsed time... 406.06819701194763
