Summary of calculations
Site name (A,B,C)... Rb Hg,Zn Cl
Base cif file name... ../0.cif
Save file name... Rb_HgZn_Cl.pkl
Fin; combination with repetition...time: 0.0015130043029785156
Start for  15_1 [1/15]
Fin;generate all combinations 16 ...time: 0.00017404556274414062
Fin; energy prediction...time: 1.0756995677947998
Egy stat [-37.035995, -36.96288, -36.999283, 0.036294058]
Start for  14_2 [2/15]
Fin;generate all combinations 120 ...time: 0.0007295608520507812
Fin; energy prediction...time: 5.364433526992798
Egy stat [-33.66873, -32.482433, -33.27169, 0.2929185]
Start for  13_3 [3/15]
Fin;generate all combinations 560 ...time: 0.0016930103302001953
Fin; energy prediction...time: 9.171021699905396
Egy stat [-30.368492, -28.419878, -29.58669, 0.4726834]
Start for  12_4 [4/15]
Fin;generate all combinations 1820 ...time: 0.005799770355224609
Fin; energy prediction...time: 15.057334661483765
Egy stat [-27.448664, -23.656126, -25.959465, 0.62279075]
Start for  11_5 [5/15]
Fin;generate all combinations 4368 ...time: 0.010904550552368164
Fin; energy prediction...time: 27.438706398010254
Egy stat [-24.529055, -19.425182, -22.404758, 0.74493796]
Start for  10_6 [6/15]
Fin;generate all combinations 8008 ...time: 0.021277904510498047
Fin; energy prediction...time: 49.383254528045654
Egy stat [-21.984312, -14.57522, -18.935896, 0.8379113]
Start for  9_7 [7/15]
Fin;generate all combinations 11440 ...time: 0.029019832611083984
Fin; energy prediction...time: 65.38290977478027
Egy stat [-19.64278, -10.045826, -15.563771, 0.89965576]
Start for  8_8 [8/15]
Fin;generate all combinations 12870 ...time: 0.03380703926086426
Fin; energy prediction...time: 74.38294506072998
Egy stat [-17.688377, -4.9113784, -12.295931, 0.9280773]
Start for  7_9 [9/15]
Fin;generate all combinations 11440 ...time: 0.030357837677001953
Fin; energy prediction...time: 65.57906651496887
Egy stat [-13.292166, -3.5310044, -9.135735, 0.9215593]
Start for  6_10 [10/15]
Fin;generate all combinations 8008 ...time: 0.07638335227966309
Fin; energy prediction...time: 47.516770362854004
Egy stat [-9.324141, -1.4432898, -6.0817084, 0.8792414]
Start for  5_11 [11/15]
Fin;generate all combinations 4368 ...time: 0.012295246124267578
Fin; energy prediction...time: 28.193487882614136
Egy stat [-5.4581923, 0.12494564, -3.1271071, 0.8010009]
Start for  4_12 [12/15]
Fin;generate all combinations 1820 ...time: 0.005426168441772461
Fin; energy prediction...time: 13.826199293136597
Egy stat [-1.9676723, 2.4450712, -0.25981334, 0.6870907]
Start for  3_13 [13/15]
Fin;generate all combinations 560 ...time: 0.0028467178344726562
Fin; energy prediction...time: 6.243636608123779
Egy stat [1.6154242, 3.9668903, 2.5373573, 0.53732824]
Start for  2_14 [14/15]
Fin;generate all combinations 120 ...time: 0.0006525516510009766
Fin; energy prediction...time: 5.050157308578491
Egy stat [4.8217382, 6.3192997, 5.2858357, 0.34910718]
Start for  1_15 [15/15]
Fin;generate all combinations 16 ...time: 0.00039315223693847656
Fin; energy prediction...time: 1.3734042644500732
Egy stat [7.91337, 8.106752, 8.009899, 0.09642222]
Saving....
Saved to... Rb_HgZn_Cl.pkl
Total elapsed time... 415.62857031822205
