Summary of calculations
Site name (A,B,C)... Rb Hg,Pb Cl
Base cif file name... ../0.cif
Save file name... Rb_HgPb_Cl.pkl
Fin; combination with repetition...time: 0.0015172958374023438
Start for  15_1 [1/15]
Fin;generate all combinations 16 ...time: 0.00017523765563964844
Fin; energy prediction...time: 1.2963142395019531
Egy stat [-39.98101, -39.93034, -39.955696, 0.02530577]
Start for  14_2 [2/15]
Fin;generate all combinations 120 ...time: 0.0007262229919433594
Fin; energy prediction...time: 3.9760072231292725
Egy stat [-39.34489, -38.37651, -39.130386, 0.19940162]
Start for  13_3 [3/15]
Fin;generate all combinations 560 ...time: 0.0019207000732421875
Fin; energy prediction...time: 6.237311124801636
Egy stat [-38.67449, -37.396202, -38.334984, 0.2615186]
Start for  12_4 [4/15]
Fin;generate all combinations 1820 ...time: 0.0057566165924072266
Fin; energy prediction...time: 14.34351658821106
Egy stat [-38.235275, -35.686012, -37.624466, 0.3119314]
Start for  11_5 [5/15]
Fin;generate all combinations 4368 ...time: 0.01233816146850586
Fin; energy prediction...time: 27.14474391937256
Egy stat [-37.80813, -34.991375, -37.04977, 0.38515067]
Start for  10_6 [6/15]
Fin;generate all combinations 8008 ...time: 0.02032184600830078
Fin; energy prediction...time: 47.40269112586975
Egy stat [-37.719513, -33.80654, -36.65454, 0.47445166]
Start for  9_7 [7/15]
Fin;generate all combinations 11440 ...time: 0.03133416175842285
Fin; energy prediction...time: 72.26244449615479
Egy stat [-37.986084, -32.788742, -36.472137, 0.5546393]
Start for  8_8 [8/15]
Fin;generate all combinations 12870 ...time: 0.031378746032714844
Fin; energy prediction...time: 73.61626386642456
Egy stat [-38.640053, -31.342342, -36.523685, 0.6051566]
Start for  7_9 [9/15]
Fin;generate all combinations 11440 ...time: 0.02864861488342285
Fin; energy prediction...time: 76.17467975616455
Egy stat [-38.640224, -33.0506, -36.8176, 0.6166673]
Start for  6_10 [10/15]
Fin;generate all combinations 8008 ...time: 0.08031344413757324
Fin; energy prediction...time: 50.1153564453125
Egy stat [-38.851974, -34.607082, -37.350945, 0.5898945]
Start for  5_11 [11/15]
Fin;generate all combinations 4368 ...time: 0.011178731918334961
Fin; energy prediction...time: 28.791057586669922
Egy stat [-39.22335, -36.00289, -38.11263, 0.5315185]
Start for  4_12 [12/15]
Fin;generate all combinations 1820 ...time: 0.0050280094146728516
Fin; energy prediction...time: 13.149949312210083
Egy stat [-40.06987, -37.105156, -39.088036, 0.44922793]
Start for  3_13 [13/15]
Fin;generate all combinations 560 ...time: 0.002782583236694336
Fin; energy prediction...time: 7.3642144203186035
Egy stat [-40.954453, -39.22966, -40.264145, 0.34744143]
Start for  2_14 [14/15]
Fin;generate all combinations 120 ...time: 0.0006837844848632812
Fin; energy prediction...time: 2.492476224899292
Egy stat [-42.075836, -41.17755, -41.63399, 0.22378923]
Start for  1_15 [15/15]
Fin;generate all combinations 16 ...time: 0.00034928321838378906
Fin; energy prediction...time: 1.3663721084594727
Egy stat [-43.244854, -43.1541, -43.19944, 0.04532032]
Saving....
Saved to... Rb_HgPb_Cl.pkl
Total elapsed time... 426.60968589782715
