Summary of calculations
Site name (A,B,C)... Rb Hg,Sn I
Base cif file name... ../0.cif
Save file name... Rb_HgSn_I.pkl
Fin; combination with repetition...time: 0.0014913082122802734
Start for  15_1 [1/15]
Fin;generate all combinations 16 ...time: 0.00017499923706054688
Fin; energy prediction...time: 1.2486708164215088
Egy stat [13.921892, 14.025909, 13.973879, 0.051887177]
Start for  14_2 [2/15]
Fin;generate all combinations 120 ...time: 0.0007340908050537109
Fin; energy prediction...time: 3.338961124420166
Egy stat [12.225256, 12.856707, 12.486454, 0.18525441]
Start for  13_3 [3/15]
Fin;generate all combinations 560 ...time: 0.0017695426940917969
Fin; energy prediction...time: 5.801025390625
Egy stat [10.501581, 11.761396, 11.050122, 0.29057246]
Start for  12_4 [4/15]
Fin;generate all combinations 1820 ...time: 0.007572174072265625
Fin; energy prediction...time: 14.308643341064453
Egy stat [8.521843, 11.075443, 9.5976715, 0.40216422]
Start for  11_5 [5/15]
Fin;generate all combinations 4368 ...time: 0.012822389602661133
Fin; energy prediction...time: 26.869710445404053
Egy stat [6.7622185, 10.061045, 8.071767, 0.51523805]
Start for  10_6 [6/15]
Fin;generate all combinations 8008 ...time: 0.020258426666259766
Fin; energy prediction...time: 48.93512773513794
Egy stat [4.7531853, 9.235773, 6.426104, 0.6158407]
Start for  9_7 [7/15]
Fin;generate all combinations 11440 ...time: 0.028911590576171875
Fin; energy prediction...time: 73.63460969924927
Egy stat [2.6493254, 8.454403, 4.625561, 0.6911027]
Start for  8_8 [8/15]
Fin;generate all combinations 12870 ...time: 0.0350492000579834
Fin; energy prediction...time: 74.24239230155945
Egy stat [0.18302155, 7.8698463, 2.6455898, 0.73217815]
Start for  7_9 [9/15]
Fin;generate all combinations 11440 ...time: 0.030640840530395508
Fin; energy prediction...time: 65.58462452888489
Egy stat [-1.4392519, 4.282236, 0.47113806, 0.7345087]
Start for  6_10 [10/15]
Fin;generate all combinations 8008 ...time: 0.0688629150390625
Fin; energy prediction...time: 48.03158354759216
Egy stat [-3.5482955, 0.84317684, -1.9046898, 0.6973837]
Start for  5_11 [11/15]
Fin;generate all combinations 4368 ...time: 0.011008501052856445
Fin; energy prediction...time: 29.30010223388672
Egy stat [-5.8462706, -2.3882942, -4.482123, 0.6232975]
Start for  4_12 [12/15]
Fin;generate all combinations 1820 ...time: 0.00555729866027832
Fin; energy prediction...time: 15.88291072845459
Egy stat [-8.465384, -5.3653173, -7.256319, 0.51709926]
Start for  3_13 [13/15]
Fin;generate all combinations 560 ...time: 0.0026929378509521484
Fin; energy prediction...time: 6.3630530834198
Egy stat [-10.865638, -9.244637, -10.219011, 0.38485473]
Start for  2_14 [14/15]
Fin;generate all combinations 120 ...time: 0.0006587505340576172
Fin; energy prediction...time: 3.3093647956848145
Egy stat [-13.706376, -12.924803, -13.360075, 0.2318013]
Start for  1_15 [15/15]
Fin;generate all combinations 16 ...time: 0.00047469139099121094
Fin; energy prediction...time: 1.1690125465393066
Egy stat [-16.70486, -16.63266, -16.668795, 0.036019195]
Saving....
Saved to... Rb_HgSn_I.pkl
Total elapsed time... 418.5734739303589
