Summary of calculations
Site name (A,B,C)... Rb Hg,Pb Br
Base cif file name... ../0.cif
Save file name... Rb_HgPb_Br.pkl
Fin; combination with repetition...time: 0.0015330314636230469
Start for  15_1 [1/15]
Fin;generate all combinations 16 ...time: 0.00017380714416503906
Fin; energy prediction...time: 1.2223596572875977
Egy stat [-25.563585, -25.560055, -25.561777, 0.0016656519]
Start for  14_2 [2/15]
Fin;generate all combinations 120 ...time: 0.0006957054138183594
Fin; energy prediction...time: 5.10510516166687
Egy stat [-24.676264, -24.37517, -24.57726, 0.11356095]
Start for  13_3 [3/15]
Fin;generate all combinations 560 ...time: 0.0019996166229248047
Fin; energy prediction...time: 5.525525331497192
Egy stat [-24.04993, -23.152983, -23.730083, 0.21667093]
Start for  12_4 [4/15]
Fin;generate all combinations 1820 ...time: 0.00839543342590332
Fin; energy prediction...time: 12.865260601043701
Egy stat [-23.810888, -21.766785, -23.063614, 0.34180856]
Start for  11_5 [5/15]
Fin;generate all combinations 4368 ...time: 0.012540340423583984
Fin; energy prediction...time: 28.387365579605103
Egy stat [-23.717499, -20.917303, -22.61556, 0.47176513]
Start for  10_6 [6/15]
Fin;generate all combinations 8008 ...time: 0.020232439041137695
Fin; energy prediction...time: 53.34261608123779
Egy stat [-23.94543, -19.885265, -22.415245, 0.58609325]
Start for  9_7 [7/15]
Fin;generate all combinations 11440 ...time: 0.027796506881713867
Fin; energy prediction...time: 72.26728367805481
Egy stat [-24.56251, -18.91652, -22.48154, 0.6685151]
Start for  8_8 [8/15]
Fin;generate all combinations 12870 ...time: 0.03294634819030762
Fin; energy prediction...time: 79.87545800209045
Egy stat [-25.567863, -17.82811, -22.821877, 0.70976335]
Start for  7_9 [9/15]
Fin;generate all combinations 11440 ...time: 0.02756357192993164
Fin; energy prediction...time: 70.2789933681488
Egy stat [-25.611423, -19.746603, -23.432692, 0.7081822]
Start for  6_10 [10/15]
Fin;generate all combinations 8008 ...time: 0.06535744667053223
Fin; energy prediction...time: 47.938310861587524
Egy stat [-26.045273, -21.455849, -24.301344, 0.66831374]
Start for  5_11 [11/15]
Fin;generate all combinations 4368 ...time: 0.010762691497802734
Fin; energy prediction...time: 29.027644872665405
Egy stat [-26.837717, -23.038017, -25.409258, 0.5979159]
Start for  4_12 [12/15]
Fin;generate all combinations 1820 ...time: 0.005063295364379883
Fin; energy prediction...time: 12.692721366882324
Egy stat [-28.089216, -24.394447, -26.735928, 0.5044576]
Start for  3_13 [13/15]
Fin;generate all combinations 560 ...time: 0.002671480178833008
Fin; energy prediction...time: 7.378012418746948
Egy stat [-29.077385, -27.007273, -28.26294, 0.39213198]
Start for  2_14 [14/15]
Fin;generate all combinations 120 ...time: 0.0010399818420410156
Fin; energy prediction...time: 3.700371742248535
Egy stat [-30.606722, -29.427643, -29.977299, 0.25957716]
Start for  1_15 [15/15]
Fin;generate all combinations 16 ...time: 0.00041413307189941406
Fin; energy prediction...time: 1.180844783782959
Egy stat [-31.965147, -31.781673, -31.873413, 0.09163933]
Saving....
Saved to... Rb_HgPb_Br.pkl
Total elapsed time... 431.50331115722656
