Summary of calculations
Site name (A,B,C)... Rb Hg,Sn Cl
Base cif file name... ../0.cif
Save file name... Rb_HgSn_Cl.pkl
Fin; combination with repetition...time: 0.0014958381652832031
Start for  15_1 [1/15]
Fin;generate all combinations 16 ...time: 0.0001704692840576172
Fin; energy prediction...time: 1.09529709815979
Egy stat [-41.210083, -41.157516, -41.18383, 0.026186654]
Start for  14_2 [2/15]
Fin;generate all combinations 120 ...time: 0.0007090568542480469
Fin; energy prediction...time: 4.1264214515686035
Egy stat [-41.56851, -39.674717, -41.197975, 0.4191622]
Start for  13_3 [3/15]
Fin;generate all combinations 560 ...time: 0.001992464065551758
Fin; energy prediction...time: 9.062277793884277
Egy stat [-41.63909, -39.777576, -40.885193, 0.5192351]
Start for  12_4 [4/15]
Fin;generate all combinations 1820 ...time: 0.005078792572021484
Fin; energy prediction...time: 13.251670598983765
Egy stat [-41.497383, -38.085243, -40.33749, 0.50384396]
Start for  11_5 [5/15]
Fin;generate all combinations 4368 ...time: 0.011290550231933594
Fin; energy prediction...time: 31.888614892959595
Egy stat [-40.606773, -37.7651, -39.64655, 0.44469112]
Start for  10_6 [6/15]
Fin;generate all combinations 8008 ...time: 0.020195960998535156
Fin; energy prediction...time: 47.823118925094604
Egy stat [-40.02312, -36.065014, -38.89818, 0.40720877]
Start for  9_7 [7/15]
Fin;generate all combinations 11440 ...time: 0.028412818908691406
Fin; energy prediction...time: 69.37412691116333
Egy stat [-39.42033, -35.167606, -38.166603, 0.41416964]
Start for  8_8 [8/15]
Fin;generate all combinations 12870 ...time: 0.032178401947021484
Fin; energy prediction...time: 76.88034057617188
Egy stat [-39.12618, -33.045815, -37.509403, 0.43329623]
Start for  7_9 [9/15]
Fin;generate all combinations 11440 ...time: 0.03022623062133789
Fin; energy prediction...time: 69.37817764282227
Egy stat [-38.13646, -33.830147, -36.96433, 0.4286683]
Start for  6_10 [10/15]
Fin;generate all combinations 8008 ...time: 0.06786751747131348
Fin; energy prediction...time: 47.41897106170654
Egy stat [-37.474716, -34.317772, -36.548695, 0.38951135]
Start for  5_11 [11/15]
Fin;generate all combinations 4368 ...time: 0.01059412956237793
Fin; energy prediction...time: 27.75584578514099
Egy stat [-37.016228, -34.8593, -36.261833, 0.3247608]
Start for  4_12 [12/15]
Fin;generate all combinations 1820 ...time: 0.005922079086303711
Fin; energy prediction...time: 12.555153846740723
Egy stat [-36.681892, -35.08737, -36.090424, 0.2505949]
Start for  3_13 [13/15]
Fin;generate all combinations 560 ...time: 0.0027205944061279297
Fin; energy prediction...time: 5.423288106918335
Egy stat [-36.371376, -35.52903, -36.015648, 0.17908947]
Start for  2_14 [14/15]
Fin;generate all combinations 120 ...time: 0.0006809234619140625
Fin; energy prediction...time: 5.255786180496216
Egy stat [-36.159058, -35.81755, -36.020107, 0.11042185]
Start for  1_15 [15/15]
Fin;generate all combinations 16 ...time: 0.0003314018249511719
Fin; energy prediction...time: 1.2790708541870117
Egy stat [-36.109756, -36.07547, -36.09256, 0.017072411]
Saving....
Saved to... Rb_HgSn_Cl.pkl
Total elapsed time... 423.23674035072327
