Summary of calculations
Site name (A,B,C)... Rb Hg,Zn Br
Base cif file name... ../0.cif
Save file name... Rb_HgZn_Br.pkl
Fin; combination with repetition...time: 0.0015015602111816406
Start for  15_1 [1/15]
Fin;generate all combinations 16 ...time: 0.00017762184143066406
Fin; energy prediction...time: 1.0953679084777832
Egy stat [-23.409433, -23.237797, -23.323677, 0.085588545]
Start for  14_2 [2/15]
Fin;generate all combinations 120 ...time: 0.0007321834564208984
Fin; energy prediction...time: 4.346869707107544
Egy stat [-20.177746, -19.36515, -19.982887, 0.20760025]
Start for  13_3 [3/15]
Fin;generate all combinations 560 ...time: 0.0016696453094482422
Fin; energy prediction...time: 7.600183010101318
Egy stat [-17.132261, -15.686479, -16.63095, 0.30721396]
Start for  12_4 [4/15]
Fin;generate all combinations 1820 ...time: 0.0070040225982666016
Fin; energy prediction...time: 14.09255576133728
Egy stat [-14.128845, -11.556935, -13.284782, 0.38910004]
Start for  11_5 [5/15]
Fin;generate all combinations 4368 ...time: 0.012822866439819336
Fin; energy prediction...time: 26.292970895767212
Egy stat [-11.205543, -7.8795233, -9.961495, 0.4543932]
Start for  10_6 [6/15]
Fin;generate all combinations 8008 ...time: 0.02068948745727539
Fin; energy prediction...time: 47.85453534126282
Egy stat [-8.321135, -3.8226933, -6.67771, 0.5031059]
Start for  9_7 [7/15]
Fin;generate all combinations 11440 ...time: 0.028352737426757812
Fin; energy prediction...time: 74.11928153038025
Egy stat [-5.6753187, 0.13075352, -3.4489527, 0.5344785]
Start for  8_8 [8/15]
Fin;generate all combinations 12870 ...time: 0.03208780288696289
Fin; energy prediction...time: 72.10784983634949
Egy stat [-3.111556, 4.426175, -0.28914687, 0.5473167]
Start for  7_9 [9/15]
Fin;generate all combinations 11440 ...time: 0.03127861022949219
Fin; energy prediction...time: 67.91310667991638
Egy stat [0.5969343, 6.4126377, 2.7898328, 0.5403677]
Start for  6_10 [10/15]
Fin;generate all combinations 8008 ...time: 0.06833815574645996
Fin; energy prediction...time: 48.24410343170166
Egy stat [4.078889, 8.625263, 5.7785163, 0.5126756]
Start for  5_11 [11/15]
Fin;generate all combinations 4368 ...time: 0.01194453239440918
Fin; energy prediction...time: 27.763610363006592
Egy stat [7.407633, 10.751974, 8.670112, 0.46384135]
Start for  4_12 [12/15]
Fin;generate all combinations 1820 ...time: 0.0055389404296875
Fin; energy prediction...time: 13.918606758117676
Egy stat [10.486967, 13.11021, 11.460688, 0.39414698]
Start for  3_13 [13/15]
Fin;generate all combinations 560 ...time: 0.0028696060180664062
Fin; energy prediction...time: 5.68435001373291
Egy stat [13.60132, 15.026085, 14.14922, 0.30446914]
Start for  2_14 [14/15]
Fin;generate all combinations 120 ...time: 0.0006589889526367188
Fin; energy prediction...time: 3.493431806564331
Egy stat [16.472212, 17.192171, 16.737545, 0.19565059]
Start for  1_15 [15/15]
Fin;generate all combinations 16 ...time: 0.0003848075866699219
Fin; energy prediction...time: 1.218810796737671
Egy stat [19.169085, 19.291433, 19.23013, 0.060959615]
Saving....
Saved to... Rb_HgZn_Br.pkl
Total elapsed time... 416.31471133232117
