Summary of calculations
Site name (A,B,C)... Rb Pb,Zn I
Base cif file name... ../0.cif
Save file name... Rb_PbZn_I.pkl
Fin; combination with repetition...time: 0.0015208721160888672
Start for  15_1 [1/15]
Fin;generate all combinations 16 ...time: 0.00018596649169921875
Fin; energy prediction...time: 1.07680082321167
Egy stat [4.874406, 5.4991016, 5.186966, 0.31182152]
Start for  14_2 [2/15]
Fin;generate all combinations 120 ...time: 0.0006668567657470703
Fin; energy prediction...time: 4.445721864700317
Egy stat [11.433033, 14.864851, 13.088202, 0.76653314]
Start for  13_3 [3/15]
Fin;generate all combinations 560 ...time: 0.001897573471069336
Fin; energy prediction...time: 7.236194133758545
Egy stat [18.574087, 23.301064, 20.354576, 0.9849439]
Start for  12_4 [4/15]
Fin;generate all combinations 1820 ...time: 0.006306886672973633
Fin; energy prediction...time: 12.701295614242554
Egy stat [24.215832, 32.053253, 27.126202, 1.0708606]
Start for  11_5 [5/15]
Fin;generate all combinations 4368 ...time: 0.01276707649230957
Fin; energy prediction...time: 28.48297667503357
Egy stat [30.527554, 37.537823, 33.523273, 1.0810907]
Start for  10_6 [6/15]
Fin;generate all combinations 8008 ...time: 0.02014899253845215
Fin; energy prediction...time: 47.88109564781189
Egy stat [35.8751, 43.588238, 39.640755, 1.0510681]
Start for  9_7 [7/15]
Fin;generate all combinations 11440 ...time: 0.03036808967590332
Fin; energy prediction...time: 66.4523708820343
Egy stat [41.0502, 49.84465, 45.5477, 1.0006347]
Start for  8_8 [8/15]
Fin;generate all combinations 12870 ...time: 0.033730506896972656
Fin; energy prediction...time: 72.83419632911682
Egy stat [45.95058, 56.63585, 51.289272, 0.9397183]
Start for  7_9 [9/15]
Fin;generate all combinations 11440 ...time: 0.03008890151977539
Fin; energy prediction...time: 65.68168807029724
Egy stat [52.809307, 60.616776, 56.889854, 0.8724147]
Start for  6_10 [10/15]
Fin;generate all combinations 8008 ...time: 0.06737136840820312
Fin; energy prediction...time: 47.530070543289185
Egy stat [59.011322, 65.88465, 62.35619, 0.7990555]
Start for  5_11 [11/15]
Fin;generate all combinations 4368 ...time: 0.01142430305480957
Fin; energy prediction...time: 27.479730129241943
Egy stat [65.33523, 70.81861, 67.6802, 0.71676916]
Start for  4_12 [12/15]
Fin;generate all combinations 1820 ...time: 0.005804777145385742
Fin; energy prediction...time: 13.48232388496399
Egy stat [70.84471, 76.63503, 72.841415, 0.6192612]
Start for  3_13 [13/15]
Fin;generate all combinations 560 ...time: 0.0025022029876708984
Fin; energy prediction...time: 6.125681400299072
Egy stat [76.75946, 79.72001, 77.809204, 0.49609128]
Start for  2_14 [14/15]
Fin;generate all combinations 120 ...time: 0.0005970001220703125
Fin; energy prediction...time: 4.080749750137329
Egy stat [81.86608, 83.48094, 82.544876, 0.33030853]
Start for  1_15 [15/15]
Fin;generate all combinations 16 ...time: 0.0003910064697265625
Fin; energy prediction...time: 1.1936919689178467
Egy stat [86.95726, 87.05002, 87.00377, 0.046239268]
Saving....
Saved to... Rb_PbZn_I.pkl
Total elapsed time... 407.3082609176636
