Summary of calculations
Site name (A,B,C)... Rb Pb,Sn I
Base cif file name... ../0.cif
Save file name... Rb_PbSn_I.pkl
Fin; combination with repetition...time: 0.0015025138854980469
Start for  15_1 [1/15]
Fin;generate all combinations 16 ...time: 0.0001678466796875
Fin; energy prediction...time: 1.022355318069458
Egy stat [-4.3351555, -4.2805967, -4.3079214, 0.026991867]
Start for  14_2 [2/15]
Fin;generate all combinations 120 ...time: 0.0006806850433349609
Fin; energy prediction...time: 4.38990330696106
Egy stat [-5.2340183, -5.069677, -5.1581683, 0.041836444]
Start for  13_3 [3/15]
Fin;generate all combinations 560 ...time: 0.002017974853515625
Fin; energy prediction...time: 7.0782246589660645
Egy stat [-6.14509, -5.8927937, -6.047074, 0.05331603]
Start for  12_4 [4/15]
Fin;generate all combinations 1820 ...time: 0.00653386116027832
Fin; energy prediction...time: 13.989295959472656
Egy stat [-7.1137342, -6.721277, -6.9724493, 0.06200864]
Start for  11_5 [5/15]
Fin;generate all combinations 4368 ...time: 0.012774467468261719
Fin; energy prediction...time: 29.883439540863037
Egy stat [-8.09148, -7.632271, -7.932086, 0.06819563]
Start for  10_6 [6/15]
Fin;generate all combinations 8008 ...time: 0.022247791290283203
Fin; energy prediction...time: 52.345900535583496
Egy stat [-9.118902, -8.545139, -8.923778, 0.072082065]
Start for  9_7 [7/15]
Fin;generate all combinations 11440 ...time: 0.02779674530029297
Fin; energy prediction...time: 67.5287344455719
Egy stat [-10.139509, -9.481958, -9.945327, 0.073840275]
Start for  8_8 [8/15]
Fin;generate all combinations 12870 ...time: 0.03197813034057617
Fin; energy prediction...time: 73.48009538650513
Egy stat [-11.207029, -10.418508, -10.994563, 0.07362053]
Start for  7_9 [9/15]
Fin;generate all combinations 11440 ...time: 0.03154301643371582
Fin; energy prediction...time: 64.63252329826355
Egy stat [-12.248865, -11.613557, -12.06934, 0.0715566]
Start for  6_10 [10/15]
Fin;generate all combinations 8008 ...time: 0.06771540641784668
Fin; energy prediction...time: 47.50014877319336
Egy stat [-13.323458, -12.803097, -13.167551, 0.06776831]
Start for  5_11 [11/15]
Fin;generate all combinations 4368 ...time: 0.011250972747802734
Fin; energy prediction...time: 27.732526540756226
Egy stat [-14.411193, -14.012242, -14.28712, 0.062360946]
Start for  4_12 [12/15]
Fin;generate all combinations 1820 ...time: 0.005157470703125
Fin; energy prediction...time: 13.092018842697144
Egy stat [-15.52536, -15.214199, -15.426003, 0.05541646]
Start for  3_13 [13/15]
Fin;generate all combinations 560 ...time: 0.002766847610473633
Fin; energy prediction...time: 6.147758483886719
Egy stat [-16.65668, -16.452738, -16.582184, 0.046966497]
Start for  2_14 [14/15]
Fin;generate all combinations 120 ...time: 0.0006573200225830078
Fin; energy prediction...time: 4.052456855773926
Egy stat [-17.808777, -17.678509, -17.753666, 0.036903813]
Start for  1_15 [15/15]
Fin;generate all combinations 16 ...time: 0.00047588348388671875
Fin; energy prediction...time: 1.1063578128814697
Egy stat [-18.963308, -18.913685, -18.938461, 0.024609221]
Saving....
Saved to... Rb_PbSn_I.pkl
Total elapsed time... 414.5738844871521
