Summary of calculations
Site name (A,B,C)... Rb Pb,Sn Br
Base cif file name... ../0.cif
Save file name... Rb_PbSn_Br.pkl
Fin; combination with repetition...time: 0.001409292221069336
Start for  15_1 [1/15]
Fin;generate all combinations 16 ...time: 0.00017261505126953125
Fin; energy prediction...time: 1.1368346214294434
Egy stat [-34.536983, -34.486763, -34.51192, 0.02494677]
Start for  14_2 [2/15]
Fin;generate all combinations 120 ...time: 0.0006878376007080078
Fin; energy prediction...time: 5.152662038803101
Egy stat [-35.167854, -35.024487, -35.099068, 0.037293192]
Start for  13_3 [3/15]
Fin;generate all combinations 560 ...time: 0.0019054412841796875
Fin; energy prediction...time: 6.405550956726074
Egy stat [-35.80387, -35.59086, -35.71721, 0.04751062]
Start for  12_4 [4/15]
Fin;generate all combinations 1820 ...time: 0.0077555179595947266
Fin; energy prediction...time: 13.657984256744385
Egy stat [-36.489845, -36.161057, -36.368298, 0.056354757]
Start for  11_5 [5/15]
Fin;generate all combinations 4368 ...time: 0.01146245002746582
Fin; energy prediction...time: 27.188254833221436
Egy stat [-37.18901, -36.78821, -37.05414, 0.06397369]
Start for  10_6 [6/15]
Fin;generate all combinations 8008 ...time: 0.019640445709228516
Fin; energy prediction...time: 50.976717710494995
Egy stat [-37.938843, -37.426376, -37.776325, 0.070301235]
Start for  9_7 [7/15]
Fin;generate all combinations 11440 ...time: 0.02747201919555664
Fin; energy prediction...time: 65.7046799659729
Egy stat [-38.69574, -38.091568, -38.536312, 0.075171866]
Start for  8_8 [8/15]
Fin;generate all combinations 12870 ...time: 0.0313262939453125
Fin; energy prediction...time: 79.32821869850159
Egy stat [-39.504227, -38.766857, -39.33528, 0.07837576]
Start for  7_9 [9/15]
Fin;generate all combinations 11440 ...time: 0.030608654022216797
Fin; energy prediction...time: 72.90374875068665
Egy stat [-40.330963, -39.70582, -40.174236, 0.07969482]
Start for  6_10 [10/15]
Fin;generate all combinations 8008 ...time: 0.08832526206970215
Fin; energy prediction...time: 50.47365951538086
Egy stat [-41.211796, -40.660107, -41.053905, 0.0789238]
Start for  5_11 [11/15]
Fin;generate all combinations 4368 ...time: 0.013550043106079102
Fin; energy prediction...time: 31.2648344039917
Egy stat [-42.112328, -41.648335, -41.974808, 0.07588088]
Start for  4_12 [12/15]
Fin;generate all combinations 1820 ...time: 0.005205392837524414
Fin; energy prediction...time: 15.337871313095093
Egy stat [-43.066307, -42.650566, -42.937153, 0.07040035]
Start for  3_13 [13/15]
Fin;generate all combinations 560 ...time: 0.0018110275268554688
Fin; energy prediction...time: 6.409473896026611
Egy stat [-44.04078, -43.761845, -43.94092, 0.062288675]
Start for  2_14 [14/15]
Fin;generate all combinations 120 ...time: 0.0006554126739501953
Fin; energy prediction...time: 4.4235899448394775
Egy stat [-45.078503, -44.883537, -44.98579, 0.05117303]
Start for  1_15 [15/15]
Fin;generate all combinations 16 ...time: 0.00035119056701660156
Fin; energy prediction...time: 0.9518556594848633
Egy stat [-46.107216, -46.035206, -46.071167, 0.03585349]
Saving....
Saved to... Rb_PbSn_Br.pkl
Total elapsed time... 432.0757508277893
