Summary of calculations
Site name (A,B,C)... Rb Pb,Sn Cl
Base cif file name... ../0.cif
Save file name... Rb_PbSn_Cl.pkl
Fin; combination with repetition...time: 0.001493692398071289
Start for  15_1 [1/15]
Fin;generate all combinations 16 ...time: 0.00017118453979492188
Fin; energy prediction...time: 0.9507474899291992
Egy stat [-44.229855, -44.199818, -44.21486, 0.014982521]
Start for  14_2 [2/15]
Fin;generate all combinations 120 ...time: 0.0005927085876464844
Fin; energy prediction...time: 3.6216676235198975
Egy stat [-43.52536, -43.416176, -43.481174, 0.026942115]
Start for  13_3 [3/15]
Fin;generate all combinations 560 ...time: 0.002103567123413086
Fin; energy prediction...time: 6.2405500411987305
Egy stat [-42.825382, -42.647568, -42.77272, 0.037535574]
Start for  12_4 [4/15]
Fin;generate all combinations 1820 ...time: 0.006757020950317383
Fin; energy prediction...time: 18.26538586616516
Egy stat [-42.154877, -41.872578, -42.090984, 0.046809673]
Start for  11_5 [5/15]
Fin;generate all combinations 4368 ...time: 0.010943174362182617
Fin; energy prediction...time: 27.40746259689331
Egy stat [-41.5251, -41.17209, -41.43723, 0.054727077]
Start for  10_6 [6/15]
Fin;generate all combinations 8008 ...time: 0.021218061447143555
Fin; energy prediction...time: 51.76131057739258
Egy stat [-40.936913, -40.470707, -40.81248, 0.061215498]
Start for  9_7 [7/15]
Fin;generate all combinations 11440 ...time: 0.028538942337036133
Fin; energy prediction...time: 68.1284556388855
Egy stat [-40.352943, -39.77356, -40.21756, 0.066185944]
Start for  8_8 [8/15]
Fin;generate all combinations 12870 ...time: 0.03140878677368164
Fin; energy prediction...time: 74.71925950050354
Egy stat [-39.804054, -39.08001, -39.65306, 0.06954717]
Start for  7_9 [9/15]
Fin;generate all combinations 11440 ...time: 0.031169891357421875
Fin; energy prediction...time: 65.87153768539429
Egy stat [-39.26809, -38.65405, -39.119347, 0.07120872]
Start for  6_10 [10/15]
Fin;generate all combinations 8008 ...time: 0.08072733879089355
Fin; energy prediction...time: 46.328590869903564
Egy stat [-38.767693, -38.236404, -38.61657, 0.07107598]
Start for  5_11 [11/15]
Fin;generate all combinations 4368 ...time: 0.01119089126586914
Fin; energy prediction...time: 27.097693920135498
Egy stat [-38.264114, -37.82968, -38.144657, 0.06903242]
Start for  4_12 [12/15]
Fin;generate all combinations 1820 ...time: 0.005106687545776367
Fin; energy prediction...time: 13.362638711929321
Egy stat [-37.799385, -37.432556, -37.703297, 0.06490666]
Start for  3_13 [13/15]
Fin;generate all combinations 560 ...time: 0.002349376678466797
Fin; energy prediction...time: 5.934271335601807
Egy stat [-37.37314, -37.12311, -37.291977, 0.058404386]
Start for  2_14 [14/15]
Fin;generate all combinations 120 ...time: 0.0006079673767089844
Fin; energy prediction...time: 4.713404893875122
Egy stat [-36.98052, -36.816597, -36.909935, 0.048942383]
Start for  1_15 [15/15]
Fin;generate all combinations 16 ...time: 0.0005724430084228516
Fin; energy prediction...time: 1.2444539070129395
Egy stat [-36.591274, -36.52117, -36.55619, 0.03500323]
Saving....
Saved to... Rb_PbSn_Cl.pkl
Total elapsed time... 416.35582661628723
