Summary of calculations
Site name (A,B,C)... Rb Sn,Zn I
Base cif file name... ../0.cif
Save file name... Rb_SnZn_I.pkl
Fin; combination with repetition...time: 0.0015099048614501953
Start for  15_1 [1/15]
Fin;generate all combinations 16 ...time: 0.0001709461212158203
Fin; energy prediction...time: 1.1497313976287842
Egy stat [-11.335491, -11.128069, -11.231634, 0.10349545]
Start for  14_2 [2/15]
Fin;generate all combinations 120 ...time: 0.0007383823394775391
Fin; energy prediction...time: 3.9624006748199463
Egy stat [-3.8411102, -1.823329, -2.785961, 0.4775481]
Start for  13_3 [3/15]
Fin;generate all combinations 560 ...time: 0.0019142627716064453
Fin; energy prediction...time: 6.4646148681640625
Egy stat [4.0996094, 7.0324574, 5.24748, 0.67975533]
Start for  12_4 [4/15]
Fin;generate all combinations 1820 ...time: 0.005888938903808594
Fin; energy prediction...time: 12.958526134490967
Egy stat [10.848362, 16.146772, 12.918321, 0.79077685]
Start for  11_5 [5/15]
Fin;generate all combinations 4368 ...time: 0.011168718338012695
Fin; energy prediction...time: 27.380194664001465
Egy stat [18.134884, 23.132256, 20.277578, 0.834688]
Start for  10_6 [6/15]
Fin;generate all combinations 8008 ...time: 0.021955251693725586
Fin; energy prediction...time: 48.44982719421387
Egy stat [24.912758, 30.466, 27.375341, 0.83103424]
Start for  9_7 [7/15]
Fin;generate all combinations 11440 ...time: 0.032648563385009766
Fin; energy prediction...time: 77.21317982673645
Egy stat [31.148602, 37.794044, 34.258926, 0.7971676]
Start for  8_8 [8/15]
Fin;generate all combinations 12870 ...time: 0.03451704978942871
Fin; energy prediction...time: 75.01866579055786
Egy stat [37.11728, 45.45116, 40.971153, 0.74806976]
Start for  7_9 [9/15]
Fin;generate all combinations 11440 ...time: 0.030834197998046875
Fin; energy prediction...time: 66.14919376373291
Egy stat [44.417538, 50.728962, 47.548706, 0.69491255]
Start for  6_10 [10/15]
Fin;generate all combinations 8008 ...time: 0.06659793853759766
Fin; energy prediction...time: 47.49263143539429
Egy stat [51.300537, 57.083237, 54.020596, 0.64293516]
Start for  5_11 [11/15]
Fin;generate all combinations 4368 ...time: 0.01178288459777832
Fin; energy prediction...time: 27.22602677345276
Egy stat [58.4541, 62.96614, 60.40705, 0.5899016]
Start for  4_12 [12/15]
Fin;generate all combinations 1820 ...time: 0.006674289703369141
Fin; energy prediction...time: 15.403164148330688
Egy stat [65.09221, 69.89682, 66.71897, 0.52631104]
Start for  3_13 [13/15]
Fin;generate all combinations 560 ...time: 0.0017421245574951172
Fin; energy prediction...time: 7.003529787063599
Egy stat [72.087616, 74.57134, 72.95801, 0.43691573]
Start for  2_14 [14/15]
Fin;generate all combinations 120 ...time: 0.0006504058837890625
Fin; energy prediction...time: 3.7485291957855225
Egy stat [78.55236, 80.10983, 79.11738, 0.3006768]
Start for  1_15 [15/15]
Fin;generate all combinations 16 ...time: 0.00040268898010253906
Fin; energy prediction...time: 1.239762544631958
Egy stat [85.14336, 85.22347, 85.183395, 0.039930068]
Saving....
Saved to... Rb_SnZn_I.pkl
Total elapsed time... 421.5607147216797
